[2021-08-29 00:00:37,401] {taskinstance.py:903} INFO - Dependencies all met for <TaskInstance: workflow.templated 2021-08-28T21:56:39.253048+00:00 [queued]>
[2021-08-29 00:00:37,413] {taskinstance.py:903} INFO - Dependencies all met for <TaskInstance: workflow.templated 2021-08-28T21:56:39.253048+00:00 [queued]>
[2021-08-29 00:00:37,414] {taskinstance.py:1094} INFO - 
--------------------------------------------------------------------------------
[2021-08-29 00:00:37,414] {taskinstance.py:1095} INFO - Starting attempt 1 of 6
[2021-08-29 00:00:37,414] {taskinstance.py:1096} INFO - 
--------------------------------------------------------------------------------
[2021-08-29 00:00:37,428] {taskinstance.py:1114} INFO - Executing <Task(BashOperator): templated> on 2021-08-28T21:56:39.253048+00:00
[2021-08-29 00:00:37,432] {standard_task_runner.py:52} INFO - Started process 18737 to run task
[2021-08-29 00:00:37,440] {standard_task_runner.py:76} INFO - Running: ['airflow', 'tasks', 'run', 'workflow', 'templated', '2021-08-28T21:56:39.253048+00:00', '--job-id', '10', '--pool', 'default_pool', '--raw', '--subdir', '/home/paolo/Documents/Github/case-study-1-october2020-data-sweepers/DataProcessing/dags/workflow.py', '--cfg-path', '/tmp/tmpjshhsbxk', '--error-file', '/tmp/tmpp6fkmipv']
[2021-08-29 00:00:37,441] {standard_task_runner.py:77} INFO - Job 10: Subtask templated
[2021-08-29 00:00:37,480] {logging_mixin.py:109} INFO - Running <TaskInstance: workflow.templated 2021-08-28T21:56:39.253048+00:00 [running]> on host palolo
[2021-08-29 00:00:37,538] {taskinstance.py:1251} INFO - Exporting the following env vars:
AIRFLOW_CTX_DAG_EMAIL=airflow@example.com
AIRFLOW_CTX_DAG_OWNER=airflow
AIRFLOW_CTX_DAG_ID=workflow
AIRFLOW_CTX_TASK_ID=templated
AIRFLOW_CTX_EXECUTION_DATE=2021-08-28T21:56:39.253048+00:00
AIRFLOW_CTX_DAG_RUN_ID=manual__2021-08-28T21:56:39.253048+00:00
[2021-08-29 00:00:37,539] {subprocess.py:52} INFO - Tmp dir root location: 
 /tmp
[2021-08-29 00:00:37,540] {subprocess.py:63} INFO - Running command: ['bash', '-c', '\n\n    echo "2021-08-28"\n    echo "2021-09-04"\n    echo "Parameter I passed in"\n\n    echo "2021-08-28"\n    echo "2021-09-04"\n    echo "Parameter I passed in"\n\n    echo "2021-08-28"\n    echo "2021-09-04"\n    echo "Parameter I passed in"\n\n    echo "2021-08-28"\n    echo "2021-09-04"\n    echo "Parameter I passed in"\n\n    echo "2021-08-28"\n    echo "2021-09-04"\n    echo "Parameter I passed in"\n']
[2021-08-29 00:00:37,547] {subprocess.py:74} INFO - Output:
[2021-08-29 00:00:37,548] {subprocess.py:78} INFO - 2021-08-28
[2021-08-29 00:00:37,548] {subprocess.py:78} INFO - 2021-09-04
[2021-08-29 00:00:37,548] {subprocess.py:78} INFO - Parameter I passed in
[2021-08-29 00:00:37,548] {subprocess.py:78} INFO - 2021-08-28
[2021-08-29 00:00:37,548] {subprocess.py:78} INFO - 2021-09-04
[2021-08-29 00:00:37,548] {subprocess.py:78} INFO - Parameter I passed in
[2021-08-29 00:00:37,548] {subprocess.py:78} INFO - 2021-08-28
[2021-08-29 00:00:37,549] {subprocess.py:78} INFO - 2021-09-04
[2021-08-29 00:00:37,549] {subprocess.py:78} INFO - Parameter I passed in
[2021-08-29 00:00:37,549] {subprocess.py:78} INFO - 2021-08-28
[2021-08-29 00:00:37,549] {subprocess.py:78} INFO - 2021-09-04
[2021-08-29 00:00:37,549] {subprocess.py:78} INFO - Parameter I passed in
[2021-08-29 00:00:37,549] {subprocess.py:78} INFO - 2021-08-28
[2021-08-29 00:00:37,549] {subprocess.py:78} INFO - 2021-09-04
[2021-08-29 00:00:37,549] {subprocess.py:78} INFO - Parameter I passed in
[2021-08-29 00:00:37,549] {subprocess.py:82} INFO - Command exited with return code 0
[2021-08-29 00:00:37,569] {taskinstance.py:1211} INFO - Marking task as SUCCESS. dag_id=workflow, task_id=templated, execution_date=20210828T215639, start_date=20210828T220037, end_date=20210828T220037
[2021-08-29 00:00:37,611] {local_task_job.py:151} INFO - Task exited with return code 0
[2021-08-29 00:00:37,627] {local_task_job.py:261} INFO - 0 downstream tasks scheduled from follow-on schedule check
