[2021-08-29 00:00:46,454] {taskinstance.py:903} INFO - Dependencies all met for <TaskInstance: workflow.templated 2021-08-27T00:00:00+00:00 [queued]>
[2021-08-29 00:00:46,467] {taskinstance.py:903} INFO - Dependencies all met for <TaskInstance: workflow.templated 2021-08-27T00:00:00+00:00 [queued]>
[2021-08-29 00:00:46,467] {taskinstance.py:1094} INFO - 
--------------------------------------------------------------------------------
[2021-08-29 00:00:46,467] {taskinstance.py:1095} INFO - Starting attempt 1 of 6
[2021-08-29 00:00:46,467] {taskinstance.py:1096} INFO - 
--------------------------------------------------------------------------------
[2021-08-29 00:00:46,481] {taskinstance.py:1114} INFO - Executing <Task(BashOperator): templated> on 2021-08-27T00:00:00+00:00
[2021-08-29 00:00:46,485] {standard_task_runner.py:52} INFO - Started process 18870 to run task
[2021-08-29 00:00:46,498] {standard_task_runner.py:76} INFO - Running: ['airflow', 'tasks', 'run', 'workflow', 'templated', '2021-08-27T00:00:00+00:00', '--job-id', '12', '--pool', 'default_pool', '--raw', '--subdir', '/home/paolo/Documents/Github/case-study-1-october2020-data-sweepers/DataProcessing/dags/workflow.py', '--cfg-path', '/tmp/tmp13zcgfhr', '--error-file', '/tmp/tmpkqwkyq5q']
[2021-08-29 00:00:46,505] {standard_task_runner.py:77} INFO - Job 12: Subtask templated
[2021-08-29 00:00:46,588] {logging_mixin.py:109} INFO - Running <TaskInstance: workflow.templated 2021-08-27T00:00:00+00:00 [running]> on host palolo
[2021-08-29 00:00:46,659] {taskinstance.py:1251} INFO - Exporting the following env vars:
AIRFLOW_CTX_DAG_EMAIL=airflow@example.com
AIRFLOW_CTX_DAG_OWNER=airflow
AIRFLOW_CTX_DAG_ID=workflow
AIRFLOW_CTX_TASK_ID=templated
AIRFLOW_CTX_EXECUTION_DATE=2021-08-27T00:00:00+00:00
AIRFLOW_CTX_DAG_RUN_ID=scheduled__2021-08-27T00:00:00+00:00
[2021-08-29 00:00:46,670] {subprocess.py:52} INFO - Tmp dir root location: 
 /tmp
[2021-08-29 00:00:46,674] {subprocess.py:63} INFO - Running command: ['bash', '-c', '\n\n    echo "2021-08-27"\n    echo "2021-09-03"\n    echo "Parameter I passed in"\n\n    echo "2021-08-27"\n    echo "2021-09-03"\n    echo "Parameter I passed in"\n\n    echo "2021-08-27"\n    echo "2021-09-03"\n    echo "Parameter I passed in"\n\n    echo "2021-08-27"\n    echo "2021-09-03"\n    echo "Parameter I passed in"\n\n    echo "2021-08-27"\n    echo "2021-09-03"\n    echo "Parameter I passed in"\n']
[2021-08-29 00:00:46,705] {subprocess.py:74} INFO - Output:
[2021-08-29 00:00:46,706] {subprocess.py:78} INFO - 2021-08-27
[2021-08-29 00:00:46,707] {subprocess.py:78} INFO - 2021-09-03
[2021-08-29 00:00:46,707] {subprocess.py:78} INFO - Parameter I passed in
[2021-08-29 00:00:46,707] {subprocess.py:78} INFO - 2021-08-27
[2021-08-29 00:00:46,707] {subprocess.py:78} INFO - 2021-09-03
[2021-08-29 00:00:46,707] {subprocess.py:78} INFO - Parameter I passed in
[2021-08-29 00:00:46,707] {subprocess.py:78} INFO - 2021-08-27
[2021-08-29 00:00:46,707] {subprocess.py:78} INFO - 2021-09-03
[2021-08-29 00:00:46,707] {subprocess.py:78} INFO - Parameter I passed in
[2021-08-29 00:00:46,707] {subprocess.py:78} INFO - 2021-08-27
[2021-08-29 00:00:46,707] {subprocess.py:78} INFO - 2021-09-03
[2021-08-29 00:00:46,707] {subprocess.py:78} INFO - Parameter I passed in
[2021-08-29 00:00:46,707] {subprocess.py:78} INFO - 2021-08-27
[2021-08-29 00:00:46,707] {subprocess.py:78} INFO - 2021-09-03
[2021-08-29 00:00:46,707] {subprocess.py:78} INFO - Parameter I passed in
[2021-08-29 00:00:46,707] {subprocess.py:82} INFO - Command exited with return code 0
[2021-08-29 00:00:46,742] {taskinstance.py:1211} INFO - Marking task as SUCCESS. dag_id=workflow, task_id=templated, execution_date=20210827T000000, start_date=20210828T220046, end_date=20210828T220046
[2021-08-29 00:00:46,785] {local_task_job.py:151} INFO - Task exited with return code 0
[2021-08-29 00:00:46,800] {local_task_job.py:261} INFO - 0 downstream tasks scheduled from follow-on schedule check
