[2021-08-28 23:37:27,597] {processor.py:162} INFO - Started process (PID=13076) to work on /home/paolo/Documents/Github/case-study-1-october2020-data-sweepers/DataExtraction/ENV/lib/python3.8/site-packages/airflow/example_dags/example_latest_only_with_trigger.py
[2021-08-28 23:37:27,598] {processor.py:613} INFO - Processing file /home/paolo/Documents/Github/case-study-1-october2020-data-sweepers/DataExtraction/ENV/lib/python3.8/site-packages/airflow/example_dags/example_latest_only_with_trigger.py for tasks to queue
[2021-08-28 23:37:27,599] {logging_mixin.py:109} INFO - [2021-08-28 23:37:27,599] {dagbag.py:496} INFO - Filling up the DagBag from /home/paolo/Documents/Github/case-study-1-october2020-data-sweepers/DataExtraction/ENV/lib/python3.8/site-packages/airflow/example_dags/example_latest_only_with_trigger.py
[2021-08-28 23:37:27,629] {processor.py:623} INFO - DAG(s) dict_keys(['latest_only_with_trigger']) retrieved from /home/paolo/Documents/Github/case-study-1-october2020-data-sweepers/DataExtraction/ENV/lib/python3.8/site-packages/airflow/example_dags/example_latest_only_with_trigger.py
[2021-08-28 23:37:27,665] {logging_mixin.py:109} INFO - [2021-08-28 23:37:27,664] {dag.py:1833} INFO - Sync 1 DAGs
[2021-08-28 23:37:27,701] {logging_mixin.py:109} INFO - [2021-08-28 23:37:27,700] {dag.py:2306} INFO - Setting next_dagrun for latest_only_with_trigger to 2021-08-26 00:00:00+00:00
[2021-08-28 23:37:27,726] {processor.py:170} INFO - Processing /home/paolo/Documents/Github/case-study-1-october2020-data-sweepers/DataExtraction/ENV/lib/python3.8/site-packages/airflow/example_dags/example_latest_only_with_trigger.py took 0.140 seconds
[2021-08-28 23:38:05,602] {processor.py:162} INFO - Started process (PID=13236) to work on /home/paolo/Documents/Github/case-study-1-october2020-data-sweepers/DataExtraction/ENV/lib/python3.8/site-packages/airflow/example_dags/example_latest_only_with_trigger.py
[2021-08-28 23:38:05,604] {processor.py:613} INFO - Processing file /home/paolo/Documents/Github/case-study-1-october2020-data-sweepers/DataExtraction/ENV/lib/python3.8/site-packages/airflow/example_dags/example_latest_only_with_trigger.py for tasks to queue
[2021-08-28 23:38:05,609] {logging_mixin.py:109} INFO - [2021-08-28 23:38:05,607] {dagbag.py:496} INFO - Filling up the DagBag from /home/paolo/Documents/Github/case-study-1-october2020-data-sweepers/DataExtraction/ENV/lib/python3.8/site-packages/airflow/example_dags/example_latest_only_with_trigger.py
[2021-08-28 23:38:05,639] {processor.py:623} INFO - DAG(s) dict_keys(['latest_only_with_trigger']) retrieved from /home/paolo/Documents/Github/case-study-1-october2020-data-sweepers/DataExtraction/ENV/lib/python3.8/site-packages/airflow/example_dags/example_latest_only_with_trigger.py
[2021-08-28 23:38:05,678] {logging_mixin.py:109} INFO - [2021-08-28 23:38:05,678] {dag.py:1833} INFO - Sync 1 DAGs
[2021-08-28 23:38:05,741] {logging_mixin.py:109} INFO - [2021-08-28 23:38:05,741] {dag.py:2306} INFO - Setting next_dagrun for latest_only_with_trigger to 2021-08-26 00:00:00+00:00
[2021-08-28 23:38:05,768] {processor.py:170} INFO - Processing /home/paolo/Documents/Github/case-study-1-october2020-data-sweepers/DataExtraction/ENV/lib/python3.8/site-packages/airflow/example_dags/example_latest_only_with_trigger.py took 0.169 seconds
[2021-08-28 23:38:46,238] {processor.py:162} INFO - Started process (PID=13336) to work on /home/paolo/Documents/Github/case-study-1-october2020-data-sweepers/DataExtraction/ENV/lib/python3.8/site-packages/airflow/example_dags/example_latest_only_with_trigger.py
[2021-08-28 23:38:46,239] {processor.py:613} INFO - Processing file /home/paolo/Documents/Github/case-study-1-october2020-data-sweepers/DataExtraction/ENV/lib/python3.8/site-packages/airflow/example_dags/example_latest_only_with_trigger.py for tasks to queue
[2021-08-28 23:38:46,240] {logging_mixin.py:109} INFO - [2021-08-28 23:38:46,240] {dagbag.py:496} INFO - Filling up the DagBag from /home/paolo/Documents/Github/case-study-1-october2020-data-sweepers/DataExtraction/ENV/lib/python3.8/site-packages/airflow/example_dags/example_latest_only_with_trigger.py
[2021-08-28 23:38:46,252] {processor.py:623} INFO - DAG(s) dict_keys(['latest_only_with_trigger']) retrieved from /home/paolo/Documents/Github/case-study-1-october2020-data-sweepers/DataExtraction/ENV/lib/python3.8/site-packages/airflow/example_dags/example_latest_only_with_trigger.py
[2021-08-28 23:38:46,266] {logging_mixin.py:109} INFO - [2021-08-28 23:38:46,266] {dag.py:1833} INFO - Sync 1 DAGs
[2021-08-28 23:38:46,278] {logging_mixin.py:109} INFO - [2021-08-28 23:38:46,278] {dag.py:2306} INFO - Setting next_dagrun for latest_only_with_trigger to 2021-08-26 00:00:00+00:00
[2021-08-28 23:38:46,296] {processor.py:170} INFO - Processing /home/paolo/Documents/Github/case-study-1-october2020-data-sweepers/DataExtraction/ENV/lib/python3.8/site-packages/airflow/example_dags/example_latest_only_with_trigger.py took 0.061 seconds
[2021-08-28 23:39:20,750] {processor.py:162} INFO - Started process (PID=13453) to work on /home/paolo/Documents/Github/case-study-1-october2020-data-sweepers/DataExtraction/ENV/lib/python3.8/site-packages/airflow/example_dags/example_latest_only_with_trigger.py
[2021-08-28 23:39:20,753] {processor.py:613} INFO - Processing file /home/paolo/Documents/Github/case-study-1-october2020-data-sweepers/DataExtraction/ENV/lib/python3.8/site-packages/airflow/example_dags/example_latest_only_with_trigger.py for tasks to queue
[2021-08-28 23:39:20,754] {logging_mixin.py:109} INFO - [2021-08-28 23:39:20,754] {dagbag.py:496} INFO - Filling up the DagBag from /home/paolo/Documents/Github/case-study-1-october2020-data-sweepers/DataExtraction/ENV/lib/python3.8/site-packages/airflow/example_dags/example_latest_only_with_trigger.py
[2021-08-28 23:39:20,771] {processor.py:623} INFO - DAG(s) dict_keys(['latest_only_with_trigger']) retrieved from /home/paolo/Documents/Github/case-study-1-october2020-data-sweepers/DataExtraction/ENV/lib/python3.8/site-packages/airflow/example_dags/example_latest_only_with_trigger.py
[2021-08-28 23:39:20,782] {logging_mixin.py:109} INFO - [2021-08-28 23:39:20,782] {dag.py:1833} INFO - Sync 1 DAGs
[2021-08-28 23:39:20,791] {logging_mixin.py:109} INFO - [2021-08-28 23:39:20,791] {dag.py:2306} INFO - Setting next_dagrun for latest_only_with_trigger to 2021-08-26 00:00:00+00:00
[2021-08-28 23:39:20,811] {processor.py:170} INFO - Processing /home/paolo/Documents/Github/case-study-1-october2020-data-sweepers/DataExtraction/ENV/lib/python3.8/site-packages/airflow/example_dags/example_latest_only_with_trigger.py took 0.066 seconds
[2021-08-28 23:39:56,899] {processor.py:162} INFO - Started process (PID=13634) to work on /home/paolo/Documents/Github/case-study-1-october2020-data-sweepers/DataExtraction/ENV/lib/python3.8/site-packages/airflow/example_dags/example_latest_only_with_trigger.py
[2021-08-28 23:39:56,900] {processor.py:613} INFO - Processing file /home/paolo/Documents/Github/case-study-1-october2020-data-sweepers/DataExtraction/ENV/lib/python3.8/site-packages/airflow/example_dags/example_latest_only_with_trigger.py for tasks to queue
[2021-08-28 23:39:56,901] {logging_mixin.py:109} INFO - [2021-08-28 23:39:56,901] {dagbag.py:496} INFO - Filling up the DagBag from /home/paolo/Documents/Github/case-study-1-october2020-data-sweepers/DataExtraction/ENV/lib/python3.8/site-packages/airflow/example_dags/example_latest_only_with_trigger.py
[2021-08-28 23:39:56,917] {processor.py:623} INFO - DAG(s) dict_keys(['latest_only_with_trigger']) retrieved from /home/paolo/Documents/Github/case-study-1-october2020-data-sweepers/DataExtraction/ENV/lib/python3.8/site-packages/airflow/example_dags/example_latest_only_with_trigger.py
[2021-08-28 23:39:56,935] {logging_mixin.py:109} INFO - [2021-08-28 23:39:56,935] {dag.py:1833} INFO - Sync 1 DAGs
[2021-08-28 23:39:56,950] {logging_mixin.py:109} INFO - [2021-08-28 23:39:56,950] {dag.py:2306} INFO - Setting next_dagrun for latest_only_with_trigger to 2021-08-26 00:00:00+00:00
[2021-08-28 23:39:56,971] {processor.py:170} INFO - Processing /home/paolo/Documents/Github/case-study-1-october2020-data-sweepers/DataExtraction/ENV/lib/python3.8/site-packages/airflow/example_dags/example_latest_only_with_trigger.py took 0.074 seconds
[2021-08-28 23:40:35,825] {processor.py:162} INFO - Started process (PID=13880) to work on /home/paolo/Documents/Github/case-study-1-october2020-data-sweepers/DataExtraction/ENV/lib/python3.8/site-packages/airflow/example_dags/example_latest_only_with_trigger.py
[2021-08-28 23:40:35,826] {processor.py:613} INFO - Processing file /home/paolo/Documents/Github/case-study-1-october2020-data-sweepers/DataExtraction/ENV/lib/python3.8/site-packages/airflow/example_dags/example_latest_only_with_trigger.py for tasks to queue
[2021-08-28 23:40:35,827] {logging_mixin.py:109} INFO - [2021-08-28 23:40:35,827] {dagbag.py:496} INFO - Filling up the DagBag from /home/paolo/Documents/Github/case-study-1-october2020-data-sweepers/DataExtraction/ENV/lib/python3.8/site-packages/airflow/example_dags/example_latest_only_with_trigger.py
[2021-08-28 23:40:35,837] {processor.py:623} INFO - DAG(s) dict_keys(['latest_only_with_trigger']) retrieved from /home/paolo/Documents/Github/case-study-1-october2020-data-sweepers/DataExtraction/ENV/lib/python3.8/site-packages/airflow/example_dags/example_latest_only_with_trigger.py
[2021-08-28 23:40:35,851] {logging_mixin.py:109} INFO - [2021-08-28 23:40:35,851] {dag.py:1833} INFO - Sync 1 DAGs
[2021-08-28 23:40:35,860] {logging_mixin.py:109} INFO - [2021-08-28 23:40:35,860] {dag.py:2306} INFO - Setting next_dagrun for latest_only_with_trigger to 2021-08-26 00:00:00+00:00
[2021-08-28 23:40:35,876] {processor.py:170} INFO - Processing /home/paolo/Documents/Github/case-study-1-october2020-data-sweepers/DataExtraction/ENV/lib/python3.8/site-packages/airflow/example_dags/example_latest_only_with_trigger.py took 0.053 seconds
[2021-08-28 23:41:15,018] {processor.py:162} INFO - Started process (PID=14018) to work on /home/paolo/Documents/Github/case-study-1-october2020-data-sweepers/DataExtraction/ENV/lib/python3.8/site-packages/airflow/example_dags/example_latest_only_with_trigger.py
[2021-08-28 23:41:15,020] {processor.py:613} INFO - Processing file /home/paolo/Documents/Github/case-study-1-october2020-data-sweepers/DataExtraction/ENV/lib/python3.8/site-packages/airflow/example_dags/example_latest_only_with_trigger.py for tasks to queue
[2021-08-28 23:41:15,020] {logging_mixin.py:109} INFO - [2021-08-28 23:41:15,020] {dagbag.py:496} INFO - Filling up the DagBag from /home/paolo/Documents/Github/case-study-1-october2020-data-sweepers/DataExtraction/ENV/lib/python3.8/site-packages/airflow/example_dags/example_latest_only_with_trigger.py
[2021-08-28 23:41:15,031] {processor.py:623} INFO - DAG(s) dict_keys(['latest_only_with_trigger']) retrieved from /home/paolo/Documents/Github/case-study-1-october2020-data-sweepers/DataExtraction/ENV/lib/python3.8/site-packages/airflow/example_dags/example_latest_only_with_trigger.py
[2021-08-28 23:41:15,043] {logging_mixin.py:109} INFO - [2021-08-28 23:41:15,043] {dag.py:1833} INFO - Sync 1 DAGs
[2021-08-28 23:41:15,053] {logging_mixin.py:109} INFO - [2021-08-28 23:41:15,053] {dag.py:2306} INFO - Setting next_dagrun for latest_only_with_trigger to 2021-08-26 00:00:00+00:00
[2021-08-28 23:41:15,070] {processor.py:170} INFO - Processing /home/paolo/Documents/Github/case-study-1-october2020-data-sweepers/DataExtraction/ENV/lib/python3.8/site-packages/airflow/example_dags/example_latest_only_with_trigger.py took 0.053 seconds
[2021-08-28 23:41:51,348] {processor.py:162} INFO - Started process (PID=14128) to work on /home/paolo/Documents/Github/case-study-1-october2020-data-sweepers/DataExtraction/ENV/lib/python3.8/site-packages/airflow/example_dags/example_latest_only_with_trigger.py
[2021-08-28 23:41:51,351] {processor.py:613} INFO - Processing file /home/paolo/Documents/Github/case-study-1-october2020-data-sweepers/DataExtraction/ENV/lib/python3.8/site-packages/airflow/example_dags/example_latest_only_with_trigger.py for tasks to queue
[2021-08-28 23:41:51,352] {logging_mixin.py:109} INFO - [2021-08-28 23:41:51,352] {dagbag.py:496} INFO - Filling up the DagBag from /home/paolo/Documents/Github/case-study-1-october2020-data-sweepers/DataExtraction/ENV/lib/python3.8/site-packages/airflow/example_dags/example_latest_only_with_trigger.py
[2021-08-28 23:41:51,366] {processor.py:623} INFO - DAG(s) dict_keys(['latest_only_with_trigger']) retrieved from /home/paolo/Documents/Github/case-study-1-october2020-data-sweepers/DataExtraction/ENV/lib/python3.8/site-packages/airflow/example_dags/example_latest_only_with_trigger.py
[2021-08-28 23:41:51,377] {logging_mixin.py:109} INFO - [2021-08-28 23:41:51,377] {dag.py:1833} INFO - Sync 1 DAGs
[2021-08-28 23:41:51,386] {logging_mixin.py:109} INFO - [2021-08-28 23:41:51,386] {dag.py:2306} INFO - Setting next_dagrun for latest_only_with_trigger to 2021-08-26 00:00:00+00:00
[2021-08-28 23:41:51,402] {processor.py:170} INFO - Processing /home/paolo/Documents/Github/case-study-1-october2020-data-sweepers/DataExtraction/ENV/lib/python3.8/site-packages/airflow/example_dags/example_latest_only_with_trigger.py took 0.061 seconds
[2021-08-28 23:42:22,699] {processor.py:162} INFO - Started process (PID=14232) to work on /home/paolo/Documents/Github/case-study-1-october2020-data-sweepers/DataExtraction/ENV/lib/python3.8/site-packages/airflow/example_dags/example_latest_only_with_trigger.py
[2021-08-28 23:42:22,701] {processor.py:613} INFO - Processing file /home/paolo/Documents/Github/case-study-1-october2020-data-sweepers/DataExtraction/ENV/lib/python3.8/site-packages/airflow/example_dags/example_latest_only_with_trigger.py for tasks to queue
[2021-08-28 23:42:22,702] {logging_mixin.py:109} INFO - [2021-08-28 23:42:22,701] {dagbag.py:496} INFO - Filling up the DagBag from /home/paolo/Documents/Github/case-study-1-october2020-data-sweepers/DataExtraction/ENV/lib/python3.8/site-packages/airflow/example_dags/example_latest_only_with_trigger.py
[2021-08-28 23:42:22,714] {processor.py:623} INFO - DAG(s) dict_keys(['latest_only_with_trigger']) retrieved from /home/paolo/Documents/Github/case-study-1-october2020-data-sweepers/DataExtraction/ENV/lib/python3.8/site-packages/airflow/example_dags/example_latest_only_with_trigger.py
[2021-08-28 23:42:22,728] {logging_mixin.py:109} INFO - [2021-08-28 23:42:22,728] {dag.py:1833} INFO - Sync 1 DAGs
[2021-08-28 23:42:22,737] {logging_mixin.py:109} INFO - [2021-08-28 23:42:22,737] {dag.py:2306} INFO - Setting next_dagrun for latest_only_with_trigger to 2021-08-26 00:00:00+00:00
[2021-08-28 23:42:22,753] {processor.py:170} INFO - Processing /home/paolo/Documents/Github/case-study-1-october2020-data-sweepers/DataExtraction/ENV/lib/python3.8/site-packages/airflow/example_dags/example_latest_only_with_trigger.py took 0.056 seconds
[2021-08-28 23:42:54,487] {processor.py:162} INFO - Started process (PID=14296) to work on /home/paolo/Documents/Github/case-study-1-october2020-data-sweepers/DataExtraction/ENV/lib/python3.8/site-packages/airflow/example_dags/example_latest_only_with_trigger.py
[2021-08-28 23:42:54,489] {processor.py:613} INFO - Processing file /home/paolo/Documents/Github/case-study-1-october2020-data-sweepers/DataExtraction/ENV/lib/python3.8/site-packages/airflow/example_dags/example_latest_only_with_trigger.py for tasks to queue
[2021-08-28 23:42:54,490] {logging_mixin.py:109} INFO - [2021-08-28 23:42:54,490] {dagbag.py:496} INFO - Filling up the DagBag from /home/paolo/Documents/Github/case-study-1-october2020-data-sweepers/DataExtraction/ENV/lib/python3.8/site-packages/airflow/example_dags/example_latest_only_with_trigger.py
[2021-08-28 23:42:54,510] {processor.py:623} INFO - DAG(s) dict_keys(['latest_only_with_trigger']) retrieved from /home/paolo/Documents/Github/case-study-1-october2020-data-sweepers/DataExtraction/ENV/lib/python3.8/site-packages/airflow/example_dags/example_latest_only_with_trigger.py
[2021-08-28 23:42:54,523] {logging_mixin.py:109} INFO - [2021-08-28 23:42:54,523] {dag.py:1833} INFO - Sync 1 DAGs
[2021-08-28 23:42:54,532] {logging_mixin.py:109} INFO - [2021-08-28 23:42:54,532] {dag.py:2306} INFO - Setting next_dagrun for latest_only_with_trigger to 2021-08-26 00:00:00+00:00
[2021-08-28 23:42:54,547] {processor.py:170} INFO - Processing /home/paolo/Documents/Github/case-study-1-october2020-data-sweepers/DataExtraction/ENV/lib/python3.8/site-packages/airflow/example_dags/example_latest_only_with_trigger.py took 0.064 seconds
[2021-08-28 23:43:27,090] {processor.py:162} INFO - Started process (PID=14379) to work on /home/paolo/Documents/Github/case-study-1-october2020-data-sweepers/DataExtraction/ENV/lib/python3.8/site-packages/airflow/example_dags/example_latest_only_with_trigger.py
[2021-08-28 23:43:27,092] {processor.py:613} INFO - Processing file /home/paolo/Documents/Github/case-study-1-october2020-data-sweepers/DataExtraction/ENV/lib/python3.8/site-packages/airflow/example_dags/example_latest_only_with_trigger.py for tasks to queue
[2021-08-28 23:43:27,094] {logging_mixin.py:109} INFO - [2021-08-28 23:43:27,094] {dagbag.py:496} INFO - Filling up the DagBag from /home/paolo/Documents/Github/case-study-1-october2020-data-sweepers/DataExtraction/ENV/lib/python3.8/site-packages/airflow/example_dags/example_latest_only_with_trigger.py
[2021-08-28 23:43:27,112] {processor.py:623} INFO - DAG(s) dict_keys(['latest_only_with_trigger']) retrieved from /home/paolo/Documents/Github/case-study-1-october2020-data-sweepers/DataExtraction/ENV/lib/python3.8/site-packages/airflow/example_dags/example_latest_only_with_trigger.py
[2021-08-28 23:43:27,123] {logging_mixin.py:109} INFO - [2021-08-28 23:43:27,123] {dag.py:1833} INFO - Sync 1 DAGs
[2021-08-28 23:43:27,132] {logging_mixin.py:109} INFO - [2021-08-28 23:43:27,132] {dag.py:2306} INFO - Setting next_dagrun for latest_only_with_trigger to 2021-08-26 00:00:00+00:00
[2021-08-28 23:43:27,144] {processor.py:170} INFO - Processing /home/paolo/Documents/Github/case-study-1-october2020-data-sweepers/DataExtraction/ENV/lib/python3.8/site-packages/airflow/example_dags/example_latest_only_with_trigger.py took 0.062 seconds
[2021-08-28 23:43:58,426] {processor.py:162} INFO - Started process (PID=14441) to work on /home/paolo/Documents/Github/case-study-1-october2020-data-sweepers/DataExtraction/ENV/lib/python3.8/site-packages/airflow/example_dags/example_latest_only_with_trigger.py
[2021-08-28 23:43:58,433] {processor.py:613} INFO - Processing file /home/paolo/Documents/Github/case-study-1-october2020-data-sweepers/DataExtraction/ENV/lib/python3.8/site-packages/airflow/example_dags/example_latest_only_with_trigger.py for tasks to queue
[2021-08-28 23:43:58,436] {logging_mixin.py:109} INFO - [2021-08-28 23:43:58,435] {dagbag.py:496} INFO - Filling up the DagBag from /home/paolo/Documents/Github/case-study-1-october2020-data-sweepers/DataExtraction/ENV/lib/python3.8/site-packages/airflow/example_dags/example_latest_only_with_trigger.py
[2021-08-28 23:43:58,450] {processor.py:623} INFO - DAG(s) dict_keys(['latest_only_with_trigger']) retrieved from /home/paolo/Documents/Github/case-study-1-october2020-data-sweepers/DataExtraction/ENV/lib/python3.8/site-packages/airflow/example_dags/example_latest_only_with_trigger.py
[2021-08-28 23:43:58,461] {logging_mixin.py:109} INFO - [2021-08-28 23:43:58,461] {dag.py:1833} INFO - Sync 1 DAGs
[2021-08-28 23:43:58,470] {logging_mixin.py:109} INFO - [2021-08-28 23:43:58,470] {dag.py:2306} INFO - Setting next_dagrun for latest_only_with_trigger to 2021-08-26 00:00:00+00:00
[2021-08-28 23:43:58,486] {processor.py:170} INFO - Processing /home/paolo/Documents/Github/case-study-1-october2020-data-sweepers/DataExtraction/ENV/lib/python3.8/site-packages/airflow/example_dags/example_latest_only_with_trigger.py took 0.066 seconds
[2021-08-28 23:44:34,436] {processor.py:162} INFO - Started process (PID=14525) to work on /home/paolo/Documents/Github/case-study-1-october2020-data-sweepers/DataExtraction/ENV/lib/python3.8/site-packages/airflow/example_dags/example_latest_only_with_trigger.py
[2021-08-28 23:44:34,444] {processor.py:613} INFO - Processing file /home/paolo/Documents/Github/case-study-1-october2020-data-sweepers/DataExtraction/ENV/lib/python3.8/site-packages/airflow/example_dags/example_latest_only_with_trigger.py for tasks to queue
[2021-08-28 23:44:34,445] {logging_mixin.py:109} INFO - [2021-08-28 23:44:34,445] {dagbag.py:496} INFO - Filling up the DagBag from /home/paolo/Documents/Github/case-study-1-october2020-data-sweepers/DataExtraction/ENV/lib/python3.8/site-packages/airflow/example_dags/example_latest_only_with_trigger.py
[2021-08-28 23:44:34,479] {processor.py:623} INFO - DAG(s) dict_keys(['latest_only_with_trigger']) retrieved from /home/paolo/Documents/Github/case-study-1-october2020-data-sweepers/DataExtraction/ENV/lib/python3.8/site-packages/airflow/example_dags/example_latest_only_with_trigger.py
[2021-08-28 23:44:34,517] {logging_mixin.py:109} INFO - [2021-08-28 23:44:34,517] {dag.py:1833} INFO - Sync 1 DAGs
[2021-08-28 23:44:34,543] {logging_mixin.py:109} INFO - [2021-08-28 23:44:34,541] {dag.py:2306} INFO - Setting next_dagrun for latest_only_with_trigger to 2021-08-26 00:00:00+00:00
[2021-08-28 23:44:34,569] {processor.py:170} INFO - Processing /home/paolo/Documents/Github/case-study-1-october2020-data-sweepers/DataExtraction/ENV/lib/python3.8/site-packages/airflow/example_dags/example_latest_only_with_trigger.py took 0.136 seconds
[2021-08-28 23:45:15,438] {processor.py:162} INFO - Started process (PID=14592) to work on /home/paolo/Documents/Github/case-study-1-october2020-data-sweepers/DataExtraction/ENV/lib/python3.8/site-packages/airflow/example_dags/example_latest_only_with_trigger.py
[2021-08-28 23:45:15,439] {processor.py:613} INFO - Processing file /home/paolo/Documents/Github/case-study-1-october2020-data-sweepers/DataExtraction/ENV/lib/python3.8/site-packages/airflow/example_dags/example_latest_only_with_trigger.py for tasks to queue
[2021-08-28 23:45:15,440] {logging_mixin.py:109} INFO - [2021-08-28 23:45:15,440] {dagbag.py:496} INFO - Filling up the DagBag from /home/paolo/Documents/Github/case-study-1-october2020-data-sweepers/DataExtraction/ENV/lib/python3.8/site-packages/airflow/example_dags/example_latest_only_with_trigger.py
[2021-08-28 23:45:15,481] {processor.py:623} INFO - DAG(s) dict_keys(['latest_only_with_trigger']) retrieved from /home/paolo/Documents/Github/case-study-1-october2020-data-sweepers/DataExtraction/ENV/lib/python3.8/site-packages/airflow/example_dags/example_latest_only_with_trigger.py
[2021-08-28 23:45:15,515] {logging_mixin.py:109} INFO - [2021-08-28 23:45:15,515] {dag.py:1833} INFO - Sync 1 DAGs
[2021-08-28 23:45:15,540] {logging_mixin.py:109} INFO - [2021-08-28 23:45:15,540] {dag.py:2306} INFO - Setting next_dagrun for latest_only_with_trigger to 2021-08-26 00:00:00+00:00
[2021-08-28 23:45:15,566] {processor.py:170} INFO - Processing /home/paolo/Documents/Github/case-study-1-october2020-data-sweepers/DataExtraction/ENV/lib/python3.8/site-packages/airflow/example_dags/example_latest_only_with_trigger.py took 0.133 seconds
[2021-08-28 23:45:56,625] {processor.py:162} INFO - Started process (PID=14661) to work on /home/paolo/Documents/Github/case-study-1-october2020-data-sweepers/DataExtraction/ENV/lib/python3.8/site-packages/airflow/example_dags/example_latest_only_with_trigger.py
[2021-08-28 23:45:56,628] {processor.py:613} INFO - Processing file /home/paolo/Documents/Github/case-study-1-october2020-data-sweepers/DataExtraction/ENV/lib/python3.8/site-packages/airflow/example_dags/example_latest_only_with_trigger.py for tasks to queue
[2021-08-28 23:45:56,629] {logging_mixin.py:109} INFO - [2021-08-28 23:45:56,629] {dagbag.py:496} INFO - Filling up the DagBag from /home/paolo/Documents/Github/case-study-1-october2020-data-sweepers/DataExtraction/ENV/lib/python3.8/site-packages/airflow/example_dags/example_latest_only_with_trigger.py
[2021-08-28 23:45:56,652] {processor.py:623} INFO - DAG(s) dict_keys(['latest_only_with_trigger']) retrieved from /home/paolo/Documents/Github/case-study-1-october2020-data-sweepers/DataExtraction/ENV/lib/python3.8/site-packages/airflow/example_dags/example_latest_only_with_trigger.py
[2021-08-28 23:45:56,691] {logging_mixin.py:109} INFO - [2021-08-28 23:45:56,690] {dag.py:1833} INFO - Sync 1 DAGs
[2021-08-28 23:45:56,725] {logging_mixin.py:109} INFO - [2021-08-28 23:45:56,725] {dag.py:2306} INFO - Setting next_dagrun for latest_only_with_trigger to 2021-08-26 00:00:00+00:00
[2021-08-28 23:45:56,772] {processor.py:170} INFO - Processing /home/paolo/Documents/Github/case-study-1-october2020-data-sweepers/DataExtraction/ENV/lib/python3.8/site-packages/airflow/example_dags/example_latest_only_with_trigger.py took 0.151 seconds
[2021-08-28 23:46:37,686] {processor.py:162} INFO - Started process (PID=14730) to work on /home/paolo/Documents/Github/case-study-1-october2020-data-sweepers/DataExtraction/ENV/lib/python3.8/site-packages/airflow/example_dags/example_latest_only_with_trigger.py
[2021-08-28 23:46:37,688] {processor.py:613} INFO - Processing file /home/paolo/Documents/Github/case-study-1-october2020-data-sweepers/DataExtraction/ENV/lib/python3.8/site-packages/airflow/example_dags/example_latest_only_with_trigger.py for tasks to queue
[2021-08-28 23:46:37,688] {logging_mixin.py:109} INFO - [2021-08-28 23:46:37,688] {dagbag.py:496} INFO - Filling up the DagBag from /home/paolo/Documents/Github/case-study-1-october2020-data-sweepers/DataExtraction/ENV/lib/python3.8/site-packages/airflow/example_dags/example_latest_only_with_trigger.py
[2021-08-28 23:46:37,716] {processor.py:623} INFO - DAG(s) dict_keys(['latest_only_with_trigger']) retrieved from /home/paolo/Documents/Github/case-study-1-october2020-data-sweepers/DataExtraction/ENV/lib/python3.8/site-packages/airflow/example_dags/example_latest_only_with_trigger.py
[2021-08-28 23:46:37,773] {logging_mixin.py:109} INFO - [2021-08-28 23:46:37,772] {dag.py:1833} INFO - Sync 1 DAGs
[2021-08-28 23:46:37,789] {logging_mixin.py:109} INFO - [2021-08-28 23:46:37,789] {dag.py:2306} INFO - Setting next_dagrun for latest_only_with_trigger to 2021-08-26 00:00:00+00:00
[2021-08-28 23:46:37,826] {processor.py:170} INFO - Processing /home/paolo/Documents/Github/case-study-1-october2020-data-sweepers/DataExtraction/ENV/lib/python3.8/site-packages/airflow/example_dags/example_latest_only_with_trigger.py took 0.144 seconds
[2021-08-28 23:47:15,370] {processor.py:162} INFO - Started process (PID=14825) to work on /home/paolo/Documents/Github/case-study-1-october2020-data-sweepers/DataExtraction/ENV/lib/python3.8/site-packages/airflow/example_dags/example_latest_only_with_trigger.py
[2021-08-28 23:47:15,372] {processor.py:613} INFO - Processing file /home/paolo/Documents/Github/case-study-1-october2020-data-sweepers/DataExtraction/ENV/lib/python3.8/site-packages/airflow/example_dags/example_latest_only_with_trigger.py for tasks to queue
[2021-08-28 23:47:15,373] {logging_mixin.py:109} INFO - [2021-08-28 23:47:15,373] {dagbag.py:496} INFO - Filling up the DagBag from /home/paolo/Documents/Github/case-study-1-october2020-data-sweepers/DataExtraction/ENV/lib/python3.8/site-packages/airflow/example_dags/example_latest_only_with_trigger.py
[2021-08-28 23:47:15,395] {processor.py:623} INFO - DAG(s) dict_keys(['latest_only_with_trigger']) retrieved from /home/paolo/Documents/Github/case-study-1-october2020-data-sweepers/DataExtraction/ENV/lib/python3.8/site-packages/airflow/example_dags/example_latest_only_with_trigger.py
[2021-08-28 23:47:15,425] {logging_mixin.py:109} INFO - [2021-08-28 23:47:15,425] {dag.py:1833} INFO - Sync 1 DAGs
[2021-08-28 23:47:15,453] {logging_mixin.py:109} INFO - [2021-08-28 23:47:15,453] {dag.py:2306} INFO - Setting next_dagrun for latest_only_with_trigger to 2021-08-26 00:00:00+00:00
[2021-08-28 23:47:15,485] {processor.py:170} INFO - Processing /home/paolo/Documents/Github/case-study-1-october2020-data-sweepers/DataExtraction/ENV/lib/python3.8/site-packages/airflow/example_dags/example_latest_only_with_trigger.py took 0.119 seconds
[2021-08-28 23:47:53,142] {processor.py:162} INFO - Started process (PID=14891) to work on /home/paolo/Documents/Github/case-study-1-october2020-data-sweepers/DataExtraction/ENV/lib/python3.8/site-packages/airflow/example_dags/example_latest_only_with_trigger.py
[2021-08-28 23:47:53,144] {processor.py:613} INFO - Processing file /home/paolo/Documents/Github/case-study-1-october2020-data-sweepers/DataExtraction/ENV/lib/python3.8/site-packages/airflow/example_dags/example_latest_only_with_trigger.py for tasks to queue
[2021-08-28 23:47:53,145] {logging_mixin.py:109} INFO - [2021-08-28 23:47:53,145] {dagbag.py:496} INFO - Filling up the DagBag from /home/paolo/Documents/Github/case-study-1-october2020-data-sweepers/DataExtraction/ENV/lib/python3.8/site-packages/airflow/example_dags/example_latest_only_with_trigger.py
[2021-08-28 23:47:53,169] {processor.py:623} INFO - DAG(s) dict_keys(['latest_only_with_trigger']) retrieved from /home/paolo/Documents/Github/case-study-1-october2020-data-sweepers/DataExtraction/ENV/lib/python3.8/site-packages/airflow/example_dags/example_latest_only_with_trigger.py
[2021-08-28 23:47:53,203] {logging_mixin.py:109} INFO - [2021-08-28 23:47:53,203] {dag.py:1833} INFO - Sync 1 DAGs
[2021-08-28 23:47:53,237] {logging_mixin.py:109} INFO - [2021-08-28 23:47:53,236] {dag.py:2306} INFO - Setting next_dagrun for latest_only_with_trigger to 2021-08-26 00:00:00+00:00
[2021-08-28 23:47:53,296] {processor.py:170} INFO - Processing /home/paolo/Documents/Github/case-study-1-october2020-data-sweepers/DataExtraction/ENV/lib/python3.8/site-packages/airflow/example_dags/example_latest_only_with_trigger.py took 0.165 seconds
[2021-08-28 23:48:35,129] {processor.py:162} INFO - Started process (PID=14960) to work on /home/paolo/Documents/Github/case-study-1-october2020-data-sweepers/DataExtraction/ENV/lib/python3.8/site-packages/airflow/example_dags/example_latest_only_with_trigger.py
[2021-08-28 23:48:35,132] {processor.py:613} INFO - Processing file /home/paolo/Documents/Github/case-study-1-october2020-data-sweepers/DataExtraction/ENV/lib/python3.8/site-packages/airflow/example_dags/example_latest_only_with_trigger.py for tasks to queue
[2021-08-28 23:48:35,133] {logging_mixin.py:109} INFO - [2021-08-28 23:48:35,133] {dagbag.py:496} INFO - Filling up the DagBag from /home/paolo/Documents/Github/case-study-1-october2020-data-sweepers/DataExtraction/ENV/lib/python3.8/site-packages/airflow/example_dags/example_latest_only_with_trigger.py
[2021-08-28 23:48:35,165] {processor.py:623} INFO - DAG(s) dict_keys(['latest_only_with_trigger']) retrieved from /home/paolo/Documents/Github/case-study-1-october2020-data-sweepers/DataExtraction/ENV/lib/python3.8/site-packages/airflow/example_dags/example_latest_only_with_trigger.py
[2021-08-28 23:48:35,202] {logging_mixin.py:109} INFO - [2021-08-28 23:48:35,202] {dag.py:1833} INFO - Sync 1 DAGs
[2021-08-28 23:48:35,226] {logging_mixin.py:109} INFO - [2021-08-28 23:48:35,226] {dag.py:2306} INFO - Setting next_dagrun for latest_only_with_trigger to 2021-08-26 00:00:00+00:00
[2021-08-28 23:48:35,248] {processor.py:170} INFO - Processing /home/paolo/Documents/Github/case-study-1-october2020-data-sweepers/DataExtraction/ENV/lib/python3.8/site-packages/airflow/example_dags/example_latest_only_with_trigger.py took 0.127 seconds
[2021-08-28 23:49:14,195] {processor.py:162} INFO - Started process (PID=15074) to work on /home/paolo/Documents/Github/case-study-1-october2020-data-sweepers/DataExtraction/ENV/lib/python3.8/site-packages/airflow/example_dags/example_latest_only_with_trigger.py
[2021-08-28 23:49:14,196] {processor.py:613} INFO - Processing file /home/paolo/Documents/Github/case-study-1-october2020-data-sweepers/DataExtraction/ENV/lib/python3.8/site-packages/airflow/example_dags/example_latest_only_with_trigger.py for tasks to queue
[2021-08-28 23:49:14,197] {logging_mixin.py:109} INFO - [2021-08-28 23:49:14,196] {dagbag.py:496} INFO - Filling up the DagBag from /home/paolo/Documents/Github/case-study-1-october2020-data-sweepers/DataExtraction/ENV/lib/python3.8/site-packages/airflow/example_dags/example_latest_only_with_trigger.py
[2021-08-28 23:49:14,214] {processor.py:623} INFO - DAG(s) dict_keys(['latest_only_with_trigger']) retrieved from /home/paolo/Documents/Github/case-study-1-october2020-data-sweepers/DataExtraction/ENV/lib/python3.8/site-packages/airflow/example_dags/example_latest_only_with_trigger.py
[2021-08-28 23:49:14,230] {logging_mixin.py:109} INFO - [2021-08-28 23:49:14,230] {dag.py:1833} INFO - Sync 1 DAGs
[2021-08-28 23:49:14,245] {logging_mixin.py:109} INFO - [2021-08-28 23:49:14,245] {dag.py:2306} INFO - Setting next_dagrun for latest_only_with_trigger to 2021-08-26 00:00:00+00:00
[2021-08-28 23:49:14,265] {processor.py:170} INFO - Processing /home/paolo/Documents/Github/case-study-1-october2020-data-sweepers/DataExtraction/ENV/lib/python3.8/site-packages/airflow/example_dags/example_latest_only_with_trigger.py took 0.074 seconds
[2021-08-28 23:49:52,269] {processor.py:162} INFO - Started process (PID=15152) to work on /home/paolo/Documents/Github/case-study-1-october2020-data-sweepers/DataExtraction/ENV/lib/python3.8/site-packages/airflow/example_dags/example_latest_only_with_trigger.py
[2021-08-28 23:49:52,271] {processor.py:613} INFO - Processing file /home/paolo/Documents/Github/case-study-1-october2020-data-sweepers/DataExtraction/ENV/lib/python3.8/site-packages/airflow/example_dags/example_latest_only_with_trigger.py for tasks to queue
[2021-08-28 23:49:52,271] {logging_mixin.py:109} INFO - [2021-08-28 23:49:52,271] {dagbag.py:496} INFO - Filling up the DagBag from /home/paolo/Documents/Github/case-study-1-october2020-data-sweepers/DataExtraction/ENV/lib/python3.8/site-packages/airflow/example_dags/example_latest_only_with_trigger.py
[2021-08-28 23:49:52,287] {processor.py:623} INFO - DAG(s) dict_keys(['latest_only_with_trigger']) retrieved from /home/paolo/Documents/Github/case-study-1-october2020-data-sweepers/DataExtraction/ENV/lib/python3.8/site-packages/airflow/example_dags/example_latest_only_with_trigger.py
[2021-08-28 23:49:52,308] {logging_mixin.py:109} INFO - [2021-08-28 23:49:52,308] {dag.py:1833} INFO - Sync 1 DAGs
[2021-08-28 23:49:52,321] {logging_mixin.py:109} INFO - [2021-08-28 23:49:52,321] {dag.py:2306} INFO - Setting next_dagrun for latest_only_with_trigger to 2021-08-26 00:00:00+00:00
[2021-08-28 23:49:52,348] {processor.py:170} INFO - Processing /home/paolo/Documents/Github/case-study-1-october2020-data-sweepers/DataExtraction/ENV/lib/python3.8/site-packages/airflow/example_dags/example_latest_only_with_trigger.py took 0.081 seconds
[2021-08-28 23:50:26,146] {processor.py:162} INFO - Started process (PID=15230) to work on /home/paolo/Documents/Github/case-study-1-october2020-data-sweepers/DataExtraction/ENV/lib/python3.8/site-packages/airflow/example_dags/example_latest_only_with_trigger.py
[2021-08-28 23:50:26,147] {processor.py:613} INFO - Processing file /home/paolo/Documents/Github/case-study-1-october2020-data-sweepers/DataExtraction/ENV/lib/python3.8/site-packages/airflow/example_dags/example_latest_only_with_trigger.py for tasks to queue
[2021-08-28 23:50:26,148] {logging_mixin.py:109} INFO - [2021-08-28 23:50:26,148] {dagbag.py:496} INFO - Filling up the DagBag from /home/paolo/Documents/Github/case-study-1-october2020-data-sweepers/DataExtraction/ENV/lib/python3.8/site-packages/airflow/example_dags/example_latest_only_with_trigger.py
[2021-08-28 23:50:26,160] {processor.py:623} INFO - DAG(s) dict_keys(['latest_only_with_trigger']) retrieved from /home/paolo/Documents/Github/case-study-1-october2020-data-sweepers/DataExtraction/ENV/lib/python3.8/site-packages/airflow/example_dags/example_latest_only_with_trigger.py
[2021-08-28 23:50:26,182] {logging_mixin.py:109} INFO - [2021-08-28 23:50:26,182] {dag.py:1833} INFO - Sync 1 DAGs
[2021-08-28 23:50:26,194] {logging_mixin.py:109} INFO - [2021-08-28 23:50:26,194] {dag.py:2306} INFO - Setting next_dagrun for latest_only_with_trigger to 2021-08-26 00:00:00+00:00
[2021-08-28 23:50:26,215] {processor.py:170} INFO - Processing /home/paolo/Documents/Github/case-study-1-october2020-data-sweepers/DataExtraction/ENV/lib/python3.8/site-packages/airflow/example_dags/example_latest_only_with_trigger.py took 0.073 seconds
[2021-08-28 23:51:00,258] {processor.py:162} INFO - Started process (PID=15292) to work on /home/paolo/Documents/Github/case-study-1-october2020-data-sweepers/DataExtraction/ENV/lib/python3.8/site-packages/airflow/example_dags/example_latest_only_with_trigger.py
[2021-08-28 23:51:00,259] {processor.py:613} INFO - Processing file /home/paolo/Documents/Github/case-study-1-october2020-data-sweepers/DataExtraction/ENV/lib/python3.8/site-packages/airflow/example_dags/example_latest_only_with_trigger.py for tasks to queue
[2021-08-28 23:51:00,260] {logging_mixin.py:109} INFO - [2021-08-28 23:51:00,260] {dagbag.py:496} INFO - Filling up the DagBag from /home/paolo/Documents/Github/case-study-1-october2020-data-sweepers/DataExtraction/ENV/lib/python3.8/site-packages/airflow/example_dags/example_latest_only_with_trigger.py
[2021-08-28 23:51:00,274] {processor.py:623} INFO - DAG(s) dict_keys(['latest_only_with_trigger']) retrieved from /home/paolo/Documents/Github/case-study-1-october2020-data-sweepers/DataExtraction/ENV/lib/python3.8/site-packages/airflow/example_dags/example_latest_only_with_trigger.py
[2021-08-28 23:51:00,292] {logging_mixin.py:109} INFO - [2021-08-28 23:51:00,292] {dag.py:1833} INFO - Sync 1 DAGs
[2021-08-28 23:51:00,306] {logging_mixin.py:109} INFO - [2021-08-28 23:51:00,305] {dag.py:2306} INFO - Setting next_dagrun for latest_only_with_trigger to 2021-08-26 00:00:00+00:00
[2021-08-28 23:51:00,330] {processor.py:170} INFO - Processing /home/paolo/Documents/Github/case-study-1-october2020-data-sweepers/DataExtraction/ENV/lib/python3.8/site-packages/airflow/example_dags/example_latest_only_with_trigger.py took 0.076 seconds
[2021-08-28 23:51:34,517] {processor.py:162} INFO - Started process (PID=15367) to work on /home/paolo/Documents/Github/case-study-1-october2020-data-sweepers/DataExtraction/ENV/lib/python3.8/site-packages/airflow/example_dags/example_latest_only_with_trigger.py
[2021-08-28 23:51:34,519] {processor.py:613} INFO - Processing file /home/paolo/Documents/Github/case-study-1-october2020-data-sweepers/DataExtraction/ENV/lib/python3.8/site-packages/airflow/example_dags/example_latest_only_with_trigger.py for tasks to queue
[2021-08-28 23:51:34,519] {logging_mixin.py:109} INFO - [2021-08-28 23:51:34,519] {dagbag.py:496} INFO - Filling up the DagBag from /home/paolo/Documents/Github/case-study-1-october2020-data-sweepers/DataExtraction/ENV/lib/python3.8/site-packages/airflow/example_dags/example_latest_only_with_trigger.py
[2021-08-28 23:51:34,532] {processor.py:623} INFO - DAG(s) dict_keys(['latest_only_with_trigger']) retrieved from /home/paolo/Documents/Github/case-study-1-october2020-data-sweepers/DataExtraction/ENV/lib/python3.8/site-packages/airflow/example_dags/example_latest_only_with_trigger.py
[2021-08-28 23:51:34,547] {logging_mixin.py:109} INFO - [2021-08-28 23:51:34,547] {dag.py:1833} INFO - Sync 1 DAGs
[2021-08-28 23:51:34,562] {logging_mixin.py:109} INFO - [2021-08-28 23:51:34,561] {dag.py:2306} INFO - Setting next_dagrun for latest_only_with_trigger to 2021-08-26 00:00:00+00:00
[2021-08-28 23:51:34,575] {processor.py:170} INFO - Processing /home/paolo/Documents/Github/case-study-1-october2020-data-sweepers/DataExtraction/ENV/lib/python3.8/site-packages/airflow/example_dags/example_latest_only_with_trigger.py took 0.060 seconds
[2021-08-28 23:52:04,931] {processor.py:162} INFO - Started process (PID=15456) to work on /home/paolo/Documents/Github/case-study-1-october2020-data-sweepers/DataExtraction/ENV/lib/python3.8/site-packages/airflow/example_dags/example_latest_only_with_trigger.py
[2021-08-28 23:52:04,932] {processor.py:613} INFO - Processing file /home/paolo/Documents/Github/case-study-1-october2020-data-sweepers/DataExtraction/ENV/lib/python3.8/site-packages/airflow/example_dags/example_latest_only_with_trigger.py for tasks to queue
[2021-08-28 23:52:04,933] {logging_mixin.py:109} INFO - [2021-08-28 23:52:04,933] {dagbag.py:496} INFO - Filling up the DagBag from /home/paolo/Documents/Github/case-study-1-october2020-data-sweepers/DataExtraction/ENV/lib/python3.8/site-packages/airflow/example_dags/example_latest_only_with_trigger.py
[2021-08-28 23:52:04,945] {processor.py:623} INFO - DAG(s) dict_keys(['latest_only_with_trigger']) retrieved from /home/paolo/Documents/Github/case-study-1-october2020-data-sweepers/DataExtraction/ENV/lib/python3.8/site-packages/airflow/example_dags/example_latest_only_with_trigger.py
[2021-08-28 23:52:04,961] {logging_mixin.py:109} INFO - [2021-08-28 23:52:04,961] {dag.py:1833} INFO - Sync 1 DAGs
[2021-08-28 23:52:04,972] {logging_mixin.py:109} INFO - [2021-08-28 23:52:04,972] {dag.py:2306} INFO - Setting next_dagrun for latest_only_with_trigger to 2021-08-26 00:00:00+00:00
[2021-08-28 23:52:04,992] {processor.py:170} INFO - Processing /home/paolo/Documents/Github/case-study-1-october2020-data-sweepers/DataExtraction/ENV/lib/python3.8/site-packages/airflow/example_dags/example_latest_only_with_trigger.py took 0.063 seconds
[2021-08-28 23:52:36,270] {processor.py:162} INFO - Started process (PID=15566) to work on /home/paolo/Documents/Github/case-study-1-october2020-data-sweepers/DataExtraction/ENV/lib/python3.8/site-packages/airflow/example_dags/example_latest_only_with_trigger.py
[2021-08-28 23:52:36,271] {processor.py:613} INFO - Processing file /home/paolo/Documents/Github/case-study-1-october2020-data-sweepers/DataExtraction/ENV/lib/python3.8/site-packages/airflow/example_dags/example_latest_only_with_trigger.py for tasks to queue
[2021-08-28 23:52:36,272] {logging_mixin.py:109} INFO - [2021-08-28 23:52:36,272] {dagbag.py:496} INFO - Filling up the DagBag from /home/paolo/Documents/Github/case-study-1-october2020-data-sweepers/DataExtraction/ENV/lib/python3.8/site-packages/airflow/example_dags/example_latest_only_with_trigger.py
[2021-08-28 23:52:36,284] {processor.py:623} INFO - DAG(s) dict_keys(['latest_only_with_trigger']) retrieved from /home/paolo/Documents/Github/case-study-1-october2020-data-sweepers/DataExtraction/ENV/lib/python3.8/site-packages/airflow/example_dags/example_latest_only_with_trigger.py
[2021-08-28 23:52:36,299] {logging_mixin.py:109} INFO - [2021-08-28 23:52:36,299] {dag.py:1833} INFO - Sync 1 DAGs
[2021-08-28 23:52:36,311] {logging_mixin.py:109} INFO - [2021-08-28 23:52:36,311] {dag.py:2306} INFO - Setting next_dagrun for latest_only_with_trigger to 2021-08-26 00:00:00+00:00
[2021-08-28 23:52:36,331] {processor.py:170} INFO - Processing /home/paolo/Documents/Github/case-study-1-october2020-data-sweepers/DataExtraction/ENV/lib/python3.8/site-packages/airflow/example_dags/example_latest_only_with_trigger.py took 0.065 seconds
[2021-08-28 23:53:08,826] {processor.py:162} INFO - Started process (PID=15638) to work on /home/paolo/Documents/Github/case-study-1-october2020-data-sweepers/DataExtraction/ENV/lib/python3.8/site-packages/airflow/example_dags/example_latest_only_with_trigger.py
[2021-08-28 23:53:08,827] {processor.py:613} INFO - Processing file /home/paolo/Documents/Github/case-study-1-october2020-data-sweepers/DataExtraction/ENV/lib/python3.8/site-packages/airflow/example_dags/example_latest_only_with_trigger.py for tasks to queue
[2021-08-28 23:53:08,828] {logging_mixin.py:109} INFO - [2021-08-28 23:53:08,828] {dagbag.py:496} INFO - Filling up the DagBag from /home/paolo/Documents/Github/case-study-1-october2020-data-sweepers/DataExtraction/ENV/lib/python3.8/site-packages/airflow/example_dags/example_latest_only_with_trigger.py
[2021-08-28 23:53:08,838] {processor.py:623} INFO - DAG(s) dict_keys(['latest_only_with_trigger']) retrieved from /home/paolo/Documents/Github/case-study-1-october2020-data-sweepers/DataExtraction/ENV/lib/python3.8/site-packages/airflow/example_dags/example_latest_only_with_trigger.py
[2021-08-28 23:53:08,850] {logging_mixin.py:109} INFO - [2021-08-28 23:53:08,850] {dag.py:1833} INFO - Sync 1 DAGs
[2021-08-28 23:53:08,860] {logging_mixin.py:109} INFO - [2021-08-28 23:53:08,860] {dag.py:2306} INFO - Setting next_dagrun for latest_only_with_trigger to 2021-08-26 00:00:00+00:00
[2021-08-28 23:53:08,877] {processor.py:170} INFO - Processing /home/paolo/Documents/Github/case-study-1-october2020-data-sweepers/DataExtraction/ENV/lib/python3.8/site-packages/airflow/example_dags/example_latest_only_with_trigger.py took 0.054 seconds
[2021-08-28 23:53:40,076] {processor.py:162} INFO - Started process (PID=15717) to work on /home/paolo/Documents/Github/case-study-1-october2020-data-sweepers/DataExtraction/ENV/lib/python3.8/site-packages/airflow/example_dags/example_latest_only_with_trigger.py
[2021-08-28 23:53:40,079] {processor.py:613} INFO - Processing file /home/paolo/Documents/Github/case-study-1-october2020-data-sweepers/DataExtraction/ENV/lib/python3.8/site-packages/airflow/example_dags/example_latest_only_with_trigger.py for tasks to queue
[2021-08-28 23:53:40,080] {logging_mixin.py:109} INFO - [2021-08-28 23:53:40,080] {dagbag.py:496} INFO - Filling up the DagBag from /home/paolo/Documents/Github/case-study-1-october2020-data-sweepers/DataExtraction/ENV/lib/python3.8/site-packages/airflow/example_dags/example_latest_only_with_trigger.py
[2021-08-28 23:53:40,095] {processor.py:623} INFO - DAG(s) dict_keys(['latest_only_with_trigger']) retrieved from /home/paolo/Documents/Github/case-study-1-october2020-data-sweepers/DataExtraction/ENV/lib/python3.8/site-packages/airflow/example_dags/example_latest_only_with_trigger.py
[2021-08-28 23:53:40,109] {logging_mixin.py:109} INFO - [2021-08-28 23:53:40,109] {dag.py:1833} INFO - Sync 1 DAGs
[2021-08-28 23:53:40,120] {logging_mixin.py:109} INFO - [2021-08-28 23:53:40,120] {dag.py:2306} INFO - Setting next_dagrun for latest_only_with_trigger to 2021-08-26 00:00:00+00:00
[2021-08-28 23:53:40,138] {processor.py:170} INFO - Processing /home/paolo/Documents/Github/case-study-1-october2020-data-sweepers/DataExtraction/ENV/lib/python3.8/site-packages/airflow/example_dags/example_latest_only_with_trigger.py took 0.069 seconds
[2021-08-28 23:55:58,354] {processor.py:162} INFO - Started process (PID=16266) to work on /home/paolo/Documents/Github/case-study-1-october2020-data-sweepers/DataExtraction/ENV/lib/python3.8/site-packages/airflow/example_dags/example_latest_only_with_trigger.py
[2021-08-28 23:55:58,362] {processor.py:613} INFO - Processing file /home/paolo/Documents/Github/case-study-1-october2020-data-sweepers/DataExtraction/ENV/lib/python3.8/site-packages/airflow/example_dags/example_latest_only_with_trigger.py for tasks to queue
[2021-08-28 23:55:58,370] {logging_mixin.py:109} INFO - [2021-08-28 23:55:58,367] {dagbag.py:496} INFO - Filling up the DagBag from /home/paolo/Documents/Github/case-study-1-october2020-data-sweepers/DataExtraction/ENV/lib/python3.8/site-packages/airflow/example_dags/example_latest_only_with_trigger.py
[2021-08-28 23:55:58,401] {processor.py:623} INFO - DAG(s) dict_keys(['latest_only_with_trigger']) retrieved from /home/paolo/Documents/Github/case-study-1-october2020-data-sweepers/DataExtraction/ENV/lib/python3.8/site-packages/airflow/example_dags/example_latest_only_with_trigger.py
[2021-08-28 23:55:58,440] {logging_mixin.py:109} INFO - [2021-08-28 23:55:58,440] {dag.py:1833} INFO - Sync 1 DAGs
[2021-08-28 23:55:58,470] {logging_mixin.py:109} INFO - [2021-08-28 23:55:58,470] {dag.py:2306} INFO - Setting next_dagrun for latest_only_with_trigger to 2021-08-26 00:00:00+00:00
[2021-08-28 23:55:58,494] {processor.py:170} INFO - Processing /home/paolo/Documents/Github/case-study-1-october2020-data-sweepers/DataExtraction/ENV/lib/python3.8/site-packages/airflow/example_dags/example_latest_only_with_trigger.py took 0.143 seconds
[2021-08-28 23:56:38,492] {processor.py:162} INFO - Started process (PID=16552) to work on /home/paolo/Documents/Github/case-study-1-october2020-data-sweepers/DataExtraction/ENV/lib/python3.8/site-packages/airflow/example_dags/example_latest_only_with_trigger.py
[2021-08-28 23:56:38,496] {processor.py:613} INFO - Processing file /home/paolo/Documents/Github/case-study-1-october2020-data-sweepers/DataExtraction/ENV/lib/python3.8/site-packages/airflow/example_dags/example_latest_only_with_trigger.py for tasks to queue
[2021-08-28 23:56:38,498] {logging_mixin.py:109} INFO - [2021-08-28 23:56:38,497] {dagbag.py:496} INFO - Filling up the DagBag from /home/paolo/Documents/Github/case-study-1-october2020-data-sweepers/DataExtraction/ENV/lib/python3.8/site-packages/airflow/example_dags/example_latest_only_with_trigger.py
[2021-08-28 23:56:38,517] {processor.py:623} INFO - DAG(s) dict_keys(['latest_only_with_trigger']) retrieved from /home/paolo/Documents/Github/case-study-1-october2020-data-sweepers/DataExtraction/ENV/lib/python3.8/site-packages/airflow/example_dags/example_latest_only_with_trigger.py
[2021-08-28 23:56:38,530] {logging_mixin.py:109} INFO - [2021-08-28 23:56:38,529] {dag.py:1833} INFO - Sync 1 DAGs
[2021-08-28 23:56:38,538] {logging_mixin.py:109} INFO - [2021-08-28 23:56:38,538] {dag.py:2306} INFO - Setting next_dagrun for latest_only_with_trigger to 2021-08-26 00:00:00+00:00
[2021-08-28 23:56:38,555] {processor.py:170} INFO - Processing /home/paolo/Documents/Github/case-study-1-october2020-data-sweepers/DataExtraction/ENV/lib/python3.8/site-packages/airflow/example_dags/example_latest_only_with_trigger.py took 0.070 seconds
[2021-08-28 23:57:17,657] {processor.py:162} INFO - Started process (PID=16878) to work on /home/paolo/Documents/Github/case-study-1-october2020-data-sweepers/DataExtraction/ENV/lib/python3.8/site-packages/airflow/example_dags/example_latest_only_with_trigger.py
[2021-08-28 23:57:17,658] {processor.py:613} INFO - Processing file /home/paolo/Documents/Github/case-study-1-october2020-data-sweepers/DataExtraction/ENV/lib/python3.8/site-packages/airflow/example_dags/example_latest_only_with_trigger.py for tasks to queue
[2021-08-28 23:57:17,659] {logging_mixin.py:109} INFO - [2021-08-28 23:57:17,659] {dagbag.py:496} INFO - Filling up the DagBag from /home/paolo/Documents/Github/case-study-1-october2020-data-sweepers/DataExtraction/ENV/lib/python3.8/site-packages/airflow/example_dags/example_latest_only_with_trigger.py
[2021-08-28 23:57:17,670] {processor.py:623} INFO - DAG(s) dict_keys(['latest_only_with_trigger']) retrieved from /home/paolo/Documents/Github/case-study-1-october2020-data-sweepers/DataExtraction/ENV/lib/python3.8/site-packages/airflow/example_dags/example_latest_only_with_trigger.py
[2021-08-28 23:57:17,681] {logging_mixin.py:109} INFO - [2021-08-28 23:57:17,681] {dag.py:1833} INFO - Sync 1 DAGs
[2021-08-28 23:57:17,690] {logging_mixin.py:109} INFO - [2021-08-28 23:57:17,690] {dag.py:2306} INFO - Setting next_dagrun for latest_only_with_trigger to 2021-08-26 00:00:00+00:00
[2021-08-28 23:57:17,706] {processor.py:170} INFO - Processing /home/paolo/Documents/Github/case-study-1-october2020-data-sweepers/DataExtraction/ENV/lib/python3.8/site-packages/airflow/example_dags/example_latest_only_with_trigger.py took 0.050 seconds
[2021-08-28 23:57:56,552] {processor.py:162} INFO - Started process (PID=17215) to work on /home/paolo/Documents/Github/case-study-1-october2020-data-sweepers/DataExtraction/ENV/lib/python3.8/site-packages/airflow/example_dags/example_latest_only_with_trigger.py
[2021-08-28 23:57:56,554] {processor.py:613} INFO - Processing file /home/paolo/Documents/Github/case-study-1-october2020-data-sweepers/DataExtraction/ENV/lib/python3.8/site-packages/airflow/example_dags/example_latest_only_with_trigger.py for tasks to queue
[2021-08-28 23:57:56,555] {logging_mixin.py:109} INFO - [2021-08-28 23:57:56,555] {dagbag.py:496} INFO - Filling up the DagBag from /home/paolo/Documents/Github/case-study-1-october2020-data-sweepers/DataExtraction/ENV/lib/python3.8/site-packages/airflow/example_dags/example_latest_only_with_trigger.py
[2021-08-28 23:57:56,587] {processor.py:623} INFO - DAG(s) dict_keys(['latest_only_with_trigger']) retrieved from /home/paolo/Documents/Github/case-study-1-october2020-data-sweepers/DataExtraction/ENV/lib/python3.8/site-packages/airflow/example_dags/example_latest_only_with_trigger.py
[2021-08-28 23:57:56,619] {logging_mixin.py:109} INFO - [2021-08-28 23:57:56,619] {dag.py:1833} INFO - Sync 1 DAGs
[2021-08-28 23:57:56,641] {logging_mixin.py:109} INFO - [2021-08-28 23:57:56,641] {dag.py:2306} INFO - Setting next_dagrun for latest_only_with_trigger to 2021-08-26 00:00:00+00:00
[2021-08-28 23:57:56,665] {processor.py:170} INFO - Processing /home/paolo/Documents/Github/case-study-1-october2020-data-sweepers/DataExtraction/ENV/lib/python3.8/site-packages/airflow/example_dags/example_latest_only_with_trigger.py took 0.117 seconds
[2021-08-28 23:58:34,488] {processor.py:162} INFO - Started process (PID=17519) to work on /home/paolo/Documents/Github/case-study-1-october2020-data-sweepers/DataExtraction/ENV/lib/python3.8/site-packages/airflow/example_dags/example_latest_only_with_trigger.py
[2021-08-28 23:58:34,489] {processor.py:613} INFO - Processing file /home/paolo/Documents/Github/case-study-1-october2020-data-sweepers/DataExtraction/ENV/lib/python3.8/site-packages/airflow/example_dags/example_latest_only_with_trigger.py for tasks to queue
[2021-08-28 23:58:34,490] {logging_mixin.py:109} INFO - [2021-08-28 23:58:34,490] {dagbag.py:496} INFO - Filling up the DagBag from /home/paolo/Documents/Github/case-study-1-october2020-data-sweepers/DataExtraction/ENV/lib/python3.8/site-packages/airflow/example_dags/example_latest_only_with_trigger.py
[2021-08-28 23:58:34,501] {processor.py:623} INFO - DAG(s) dict_keys(['latest_only_with_trigger']) retrieved from /home/paolo/Documents/Github/case-study-1-october2020-data-sweepers/DataExtraction/ENV/lib/python3.8/site-packages/airflow/example_dags/example_latest_only_with_trigger.py
[2021-08-28 23:58:34,512] {logging_mixin.py:109} INFO - [2021-08-28 23:58:34,512] {dag.py:1833} INFO - Sync 1 DAGs
[2021-08-28 23:58:34,521] {logging_mixin.py:109} INFO - [2021-08-28 23:58:34,521] {dag.py:2306} INFO - Setting next_dagrun for latest_only_with_trigger to 2021-08-26 00:00:00+00:00
[2021-08-28 23:58:34,537] {processor.py:170} INFO - Processing /home/paolo/Documents/Github/case-study-1-october2020-data-sweepers/DataExtraction/ENV/lib/python3.8/site-packages/airflow/example_dags/example_latest_only_with_trigger.py took 0.051 seconds
