[2021-08-28 23:37:41,849] {processor.py:162} INFO - Started process (PID=13191) to work on /home/paolo/Documents/Github/case-study-1-october2020-data-sweepers/DataExtraction/ENV/lib/python3.8/site-packages/airflow/example_dags/example_branch_datetime_operator.py
[2021-08-28 23:37:41,850] {processor.py:613} INFO - Processing file /home/paolo/Documents/Github/case-study-1-october2020-data-sweepers/DataExtraction/ENV/lib/python3.8/site-packages/airflow/example_dags/example_branch_datetime_operator.py for tasks to queue
[2021-08-28 23:37:41,851] {logging_mixin.py:109} INFO - [2021-08-28 23:37:41,851] {dagbag.py:496} INFO - Filling up the DagBag from /home/paolo/Documents/Github/case-study-1-october2020-data-sweepers/DataExtraction/ENV/lib/python3.8/site-packages/airflow/example_dags/example_branch_datetime_operator.py
[2021-08-28 23:37:41,871] {processor.py:623} INFO - DAG(s) dict_keys(['example_branch_datetime_operator_2']) retrieved from /home/paolo/Documents/Github/case-study-1-october2020-data-sweepers/DataExtraction/ENV/lib/python3.8/site-packages/airflow/example_dags/example_branch_datetime_operator.py
[2021-08-28 23:37:41,893] {logging_mixin.py:109} INFO - [2021-08-28 23:37:41,893] {dag.py:1833} INFO - Sync 1 DAGs
[2021-08-28 23:37:41,919] {logging_mixin.py:109} INFO - [2021-08-28 23:37:41,919] {dag.py:2306} INFO - Setting next_dagrun for example_branch_datetime_operator_2 to 2021-08-26 00:00:00+00:00
[2021-08-28 23:37:41,947] {processor.py:170} INFO - Processing /home/paolo/Documents/Github/case-study-1-october2020-data-sweepers/DataExtraction/ENV/lib/python3.8/site-packages/airflow/example_dags/example_branch_datetime_operator.py took 0.107 seconds
[2021-08-28 23:38:21,481] {processor.py:162} INFO - Started process (PID=13286) to work on /home/paolo/Documents/Github/case-study-1-october2020-data-sweepers/DataExtraction/ENV/lib/python3.8/site-packages/airflow/example_dags/example_branch_datetime_operator.py
[2021-08-28 23:38:21,483] {processor.py:613} INFO - Processing file /home/paolo/Documents/Github/case-study-1-october2020-data-sweepers/DataExtraction/ENV/lib/python3.8/site-packages/airflow/example_dags/example_branch_datetime_operator.py for tasks to queue
[2021-08-28 23:38:21,484] {logging_mixin.py:109} INFO - [2021-08-28 23:38:21,484] {dagbag.py:496} INFO - Filling up the DagBag from /home/paolo/Documents/Github/case-study-1-october2020-data-sweepers/DataExtraction/ENV/lib/python3.8/site-packages/airflow/example_dags/example_branch_datetime_operator.py
[2021-08-28 23:38:21,509] {processor.py:623} INFO - DAG(s) dict_keys(['example_branch_datetime_operator_2']) retrieved from /home/paolo/Documents/Github/case-study-1-october2020-data-sweepers/DataExtraction/ENV/lib/python3.8/site-packages/airflow/example_dags/example_branch_datetime_operator.py
[2021-08-28 23:38:21,530] {logging_mixin.py:109} INFO - [2021-08-28 23:38:21,530] {dag.py:1833} INFO - Sync 1 DAGs
[2021-08-28 23:38:21,557] {logging_mixin.py:109} INFO - [2021-08-28 23:38:21,557] {dag.py:2306} INFO - Setting next_dagrun for example_branch_datetime_operator_2 to 2021-08-26 00:00:00+00:00
[2021-08-28 23:38:21,623] {processor.py:170} INFO - Processing /home/paolo/Documents/Github/case-study-1-october2020-data-sweepers/DataExtraction/ENV/lib/python3.8/site-packages/airflow/example_dags/example_branch_datetime_operator.py took 0.145 seconds
[2021-08-28 23:38:59,126] {processor.py:162} INFO - Started process (PID=13374) to work on /home/paolo/Documents/Github/case-study-1-october2020-data-sweepers/DataExtraction/ENV/lib/python3.8/site-packages/airflow/example_dags/example_branch_datetime_operator.py
[2021-08-28 23:38:59,133] {processor.py:613} INFO - Processing file /home/paolo/Documents/Github/case-study-1-october2020-data-sweepers/DataExtraction/ENV/lib/python3.8/site-packages/airflow/example_dags/example_branch_datetime_operator.py for tasks to queue
[2021-08-28 23:38:59,135] {logging_mixin.py:109} INFO - [2021-08-28 23:38:59,135] {dagbag.py:496} INFO - Filling up the DagBag from /home/paolo/Documents/Github/case-study-1-october2020-data-sweepers/DataExtraction/ENV/lib/python3.8/site-packages/airflow/example_dags/example_branch_datetime_operator.py
[2021-08-28 23:38:59,163] {processor.py:623} INFO - DAG(s) dict_keys(['example_branch_datetime_operator_2']) retrieved from /home/paolo/Documents/Github/case-study-1-october2020-data-sweepers/DataExtraction/ENV/lib/python3.8/site-packages/airflow/example_dags/example_branch_datetime_operator.py
[2021-08-28 23:38:59,185] {logging_mixin.py:109} INFO - [2021-08-28 23:38:59,185] {dag.py:1833} INFO - Sync 1 DAGs
[2021-08-28 23:38:59,206] {logging_mixin.py:109} INFO - [2021-08-28 23:38:59,206] {dag.py:2306} INFO - Setting next_dagrun for example_branch_datetime_operator_2 to 2021-08-26 00:00:00+00:00
[2021-08-28 23:38:59,221] {processor.py:170} INFO - Processing /home/paolo/Documents/Github/case-study-1-october2020-data-sweepers/DataExtraction/ENV/lib/python3.8/site-packages/airflow/example_dags/example_branch_datetime_operator.py took 0.107 seconds
[2021-08-28 23:39:35,663] {processor.py:162} INFO - Started process (PID=13543) to work on /home/paolo/Documents/Github/case-study-1-october2020-data-sweepers/DataExtraction/ENV/lib/python3.8/site-packages/airflow/example_dags/example_branch_datetime_operator.py
[2021-08-28 23:39:35,668] {processor.py:613} INFO - Processing file /home/paolo/Documents/Github/case-study-1-october2020-data-sweepers/DataExtraction/ENV/lib/python3.8/site-packages/airflow/example_dags/example_branch_datetime_operator.py for tasks to queue
[2021-08-28 23:39:35,673] {logging_mixin.py:109} INFO - [2021-08-28 23:39:35,672] {dagbag.py:496} INFO - Filling up the DagBag from /home/paolo/Documents/Github/case-study-1-october2020-data-sweepers/DataExtraction/ENV/lib/python3.8/site-packages/airflow/example_dags/example_branch_datetime_operator.py
[2021-08-28 23:39:35,700] {processor.py:623} INFO - DAG(s) dict_keys(['example_branch_datetime_operator_2']) retrieved from /home/paolo/Documents/Github/case-study-1-october2020-data-sweepers/DataExtraction/ENV/lib/python3.8/site-packages/airflow/example_dags/example_branch_datetime_operator.py
[2021-08-28 23:39:35,738] {logging_mixin.py:109} INFO - [2021-08-28 23:39:35,737] {dag.py:1833} INFO - Sync 1 DAGs
[2021-08-28 23:39:35,772] {logging_mixin.py:109} INFO - [2021-08-28 23:39:35,771] {dag.py:2306} INFO - Setting next_dagrun for example_branch_datetime_operator_2 to 2021-08-26 00:00:00+00:00
[2021-08-28 23:39:35,800] {processor.py:170} INFO - Processing /home/paolo/Documents/Github/case-study-1-october2020-data-sweepers/DataExtraction/ENV/lib/python3.8/site-packages/airflow/example_dags/example_branch_datetime_operator.py took 0.143 seconds
[2021-08-28 23:40:12,753] {processor.py:162} INFO - Started process (PID=13775) to work on /home/paolo/Documents/Github/case-study-1-october2020-data-sweepers/DataExtraction/ENV/lib/python3.8/site-packages/airflow/example_dags/example_branch_datetime_operator.py
[2021-08-28 23:40:12,756] {processor.py:613} INFO - Processing file /home/paolo/Documents/Github/case-study-1-october2020-data-sweepers/DataExtraction/ENV/lib/python3.8/site-packages/airflow/example_dags/example_branch_datetime_operator.py for tasks to queue
[2021-08-28 23:40:12,757] {logging_mixin.py:109} INFO - [2021-08-28 23:40:12,757] {dagbag.py:496} INFO - Filling up the DagBag from /home/paolo/Documents/Github/case-study-1-october2020-data-sweepers/DataExtraction/ENV/lib/python3.8/site-packages/airflow/example_dags/example_branch_datetime_operator.py
[2021-08-28 23:40:12,783] {processor.py:623} INFO - DAG(s) dict_keys(['example_branch_datetime_operator_2']) retrieved from /home/paolo/Documents/Github/case-study-1-october2020-data-sweepers/DataExtraction/ENV/lib/python3.8/site-packages/airflow/example_dags/example_branch_datetime_operator.py
[2021-08-28 23:40:12,804] {logging_mixin.py:109} INFO - [2021-08-28 23:40:12,803] {dag.py:1833} INFO - Sync 1 DAGs
[2021-08-28 23:40:12,833] {logging_mixin.py:109} INFO - [2021-08-28 23:40:12,832] {dag.py:2306} INFO - Setting next_dagrun for example_branch_datetime_operator_2 to 2021-08-26 00:00:00+00:00
[2021-08-28 23:40:12,861] {processor.py:170} INFO - Processing /home/paolo/Documents/Github/case-study-1-october2020-data-sweepers/DataExtraction/ENV/lib/python3.8/site-packages/airflow/example_dags/example_branch_datetime_operator.py took 0.111 seconds
[2021-08-28 23:40:54,283] {processor.py:162} INFO - Started process (PID=13972) to work on /home/paolo/Documents/Github/case-study-1-october2020-data-sweepers/DataExtraction/ENV/lib/python3.8/site-packages/airflow/example_dags/example_branch_datetime_operator.py
[2021-08-28 23:40:54,285] {processor.py:613} INFO - Processing file /home/paolo/Documents/Github/case-study-1-october2020-data-sweepers/DataExtraction/ENV/lib/python3.8/site-packages/airflow/example_dags/example_branch_datetime_operator.py for tasks to queue
[2021-08-28 23:40:54,290] {logging_mixin.py:109} INFO - [2021-08-28 23:40:54,288] {dagbag.py:496} INFO - Filling up the DagBag from /home/paolo/Documents/Github/case-study-1-october2020-data-sweepers/DataExtraction/ENV/lib/python3.8/site-packages/airflow/example_dags/example_branch_datetime_operator.py
[2021-08-28 23:40:54,328] {processor.py:623} INFO - DAG(s) dict_keys(['example_branch_datetime_operator_2']) retrieved from /home/paolo/Documents/Github/case-study-1-october2020-data-sweepers/DataExtraction/ENV/lib/python3.8/site-packages/airflow/example_dags/example_branch_datetime_operator.py
[2021-08-28 23:40:54,349] {logging_mixin.py:109} INFO - [2021-08-28 23:40:54,349] {dag.py:1833} INFO - Sync 1 DAGs
[2021-08-28 23:40:54,383] {logging_mixin.py:109} INFO - [2021-08-28 23:40:54,382] {dag.py:2306} INFO - Setting next_dagrun for example_branch_datetime_operator_2 to 2021-08-26 00:00:00+00:00
[2021-08-28 23:40:54,418] {processor.py:170} INFO - Processing /home/paolo/Documents/Github/case-study-1-october2020-data-sweepers/DataExtraction/ENV/lib/python3.8/site-packages/airflow/example_dags/example_branch_datetime_operator.py took 0.141 seconds
[2021-08-28 23:41:38,878] {processor.py:162} INFO - Started process (PID=14106) to work on /home/paolo/Documents/Github/case-study-1-october2020-data-sweepers/DataExtraction/ENV/lib/python3.8/site-packages/airflow/example_dags/example_branch_datetime_operator.py
[2021-08-28 23:41:38,879] {processor.py:613} INFO - Processing file /home/paolo/Documents/Github/case-study-1-october2020-data-sweepers/DataExtraction/ENV/lib/python3.8/site-packages/airflow/example_dags/example_branch_datetime_operator.py for tasks to queue
[2021-08-28 23:41:38,880] {logging_mixin.py:109} INFO - [2021-08-28 23:41:38,880] {dagbag.py:496} INFO - Filling up the DagBag from /home/paolo/Documents/Github/case-study-1-october2020-data-sweepers/DataExtraction/ENV/lib/python3.8/site-packages/airflow/example_dags/example_branch_datetime_operator.py
[2021-08-28 23:41:38,891] {processor.py:623} INFO - DAG(s) dict_keys(['example_branch_datetime_operator_2']) retrieved from /home/paolo/Documents/Github/case-study-1-october2020-data-sweepers/DataExtraction/ENV/lib/python3.8/site-packages/airflow/example_dags/example_branch_datetime_operator.py
[2021-08-28 23:41:38,902] {logging_mixin.py:109} INFO - [2021-08-28 23:41:38,902] {dag.py:1833} INFO - Sync 1 DAGs
[2021-08-28 23:41:38,913] {logging_mixin.py:109} INFO - [2021-08-28 23:41:38,913] {dag.py:2306} INFO - Setting next_dagrun for example_branch_datetime_operator_2 to 2021-08-26 00:00:00+00:00
[2021-08-28 23:41:38,929] {processor.py:170} INFO - Processing /home/paolo/Documents/Github/case-study-1-october2020-data-sweepers/DataExtraction/ENV/lib/python3.8/site-packages/airflow/example_dags/example_branch_datetime_operator.py took 0.054 seconds
[2021-08-28 23:42:11,583] {processor.py:162} INFO - Started process (PID=14172) to work on /home/paolo/Documents/Github/case-study-1-october2020-data-sweepers/DataExtraction/ENV/lib/python3.8/site-packages/airflow/example_dags/example_branch_datetime_operator.py
[2021-08-28 23:42:11,584] {processor.py:613} INFO - Processing file /home/paolo/Documents/Github/case-study-1-october2020-data-sweepers/DataExtraction/ENV/lib/python3.8/site-packages/airflow/example_dags/example_branch_datetime_operator.py for tasks to queue
[2021-08-28 23:42:11,584] {logging_mixin.py:109} INFO - [2021-08-28 23:42:11,584] {dagbag.py:496} INFO - Filling up the DagBag from /home/paolo/Documents/Github/case-study-1-october2020-data-sweepers/DataExtraction/ENV/lib/python3.8/site-packages/airflow/example_dags/example_branch_datetime_operator.py
[2021-08-28 23:42:11,597] {processor.py:623} INFO - DAG(s) dict_keys(['example_branch_datetime_operator_2']) retrieved from /home/paolo/Documents/Github/case-study-1-october2020-data-sweepers/DataExtraction/ENV/lib/python3.8/site-packages/airflow/example_dags/example_branch_datetime_operator.py
[2021-08-28 23:42:11,614] {logging_mixin.py:109} INFO - [2021-08-28 23:42:11,613] {dag.py:1833} INFO - Sync 1 DAGs
[2021-08-28 23:42:11,627] {logging_mixin.py:109} INFO - [2021-08-28 23:42:11,627] {dag.py:2306} INFO - Setting next_dagrun for example_branch_datetime_operator_2 to 2021-08-26 00:00:00+00:00
[2021-08-28 23:42:11,649] {processor.py:170} INFO - Processing /home/paolo/Documents/Github/case-study-1-october2020-data-sweepers/DataExtraction/ENV/lib/python3.8/site-packages/airflow/example_dags/example_branch_datetime_operator.py took 0.069 seconds
[2021-08-28 23:42:44,379] {processor.py:162} INFO - Started process (PID=14278) to work on /home/paolo/Documents/Github/case-study-1-october2020-data-sweepers/DataExtraction/ENV/lib/python3.8/site-packages/airflow/example_dags/example_branch_datetime_operator.py
[2021-08-28 23:42:44,380] {processor.py:613} INFO - Processing file /home/paolo/Documents/Github/case-study-1-october2020-data-sweepers/DataExtraction/ENV/lib/python3.8/site-packages/airflow/example_dags/example_branch_datetime_operator.py for tasks to queue
[2021-08-28 23:42:44,380] {logging_mixin.py:109} INFO - [2021-08-28 23:42:44,380] {dagbag.py:496} INFO - Filling up the DagBag from /home/paolo/Documents/Github/case-study-1-october2020-data-sweepers/DataExtraction/ENV/lib/python3.8/site-packages/airflow/example_dags/example_branch_datetime_operator.py
[2021-08-28 23:42:44,393] {processor.py:623} INFO - DAG(s) dict_keys(['example_branch_datetime_operator_2']) retrieved from /home/paolo/Documents/Github/case-study-1-october2020-data-sweepers/DataExtraction/ENV/lib/python3.8/site-packages/airflow/example_dags/example_branch_datetime_operator.py
[2021-08-28 23:42:44,405] {logging_mixin.py:109} INFO - [2021-08-28 23:42:44,405] {dag.py:1833} INFO - Sync 1 DAGs
[2021-08-28 23:42:44,420] {logging_mixin.py:109} INFO - [2021-08-28 23:42:44,420] {dag.py:2306} INFO - Setting next_dagrun for example_branch_datetime_operator_2 to 2021-08-26 00:00:00+00:00
[2021-08-28 23:42:44,439] {processor.py:170} INFO - Processing /home/paolo/Documents/Github/case-study-1-october2020-data-sweepers/DataExtraction/ENV/lib/python3.8/site-packages/airflow/example_dags/example_branch_datetime_operator.py took 0.063 seconds
[2021-08-28 23:43:17,914] {processor.py:162} INFO - Started process (PID=14356) to work on /home/paolo/Documents/Github/case-study-1-october2020-data-sweepers/DataExtraction/ENV/lib/python3.8/site-packages/airflow/example_dags/example_branch_datetime_operator.py
[2021-08-28 23:43:17,916] {processor.py:613} INFO - Processing file /home/paolo/Documents/Github/case-study-1-october2020-data-sweepers/DataExtraction/ENV/lib/python3.8/site-packages/airflow/example_dags/example_branch_datetime_operator.py for tasks to queue
[2021-08-28 23:43:17,916] {logging_mixin.py:109} INFO - [2021-08-28 23:43:17,916] {dagbag.py:496} INFO - Filling up the DagBag from /home/paolo/Documents/Github/case-study-1-october2020-data-sweepers/DataExtraction/ENV/lib/python3.8/site-packages/airflow/example_dags/example_branch_datetime_operator.py
[2021-08-28 23:43:17,929] {processor.py:623} INFO - DAG(s) dict_keys(['example_branch_datetime_operator_2']) retrieved from /home/paolo/Documents/Github/case-study-1-october2020-data-sweepers/DataExtraction/ENV/lib/python3.8/site-packages/airflow/example_dags/example_branch_datetime_operator.py
[2021-08-28 23:43:17,941] {logging_mixin.py:109} INFO - [2021-08-28 23:43:17,941] {dag.py:1833} INFO - Sync 1 DAGs
[2021-08-28 23:43:17,952] {logging_mixin.py:109} INFO - [2021-08-28 23:43:17,952] {dag.py:2306} INFO - Setting next_dagrun for example_branch_datetime_operator_2 to 2021-08-26 00:00:00+00:00
[2021-08-28 23:43:17,970] {processor.py:170} INFO - Processing /home/paolo/Documents/Github/case-study-1-october2020-data-sweepers/DataExtraction/ENV/lib/python3.8/site-packages/airflow/example_dags/example_branch_datetime_operator.py took 0.058 seconds
[2021-08-28 23:43:50,697] {processor.py:162} INFO - Started process (PID=14427) to work on /home/paolo/Documents/Github/case-study-1-october2020-data-sweepers/DataExtraction/ENV/lib/python3.8/site-packages/airflow/example_dags/example_branch_datetime_operator.py
[2021-08-28 23:43:50,700] {processor.py:613} INFO - Processing file /home/paolo/Documents/Github/case-study-1-october2020-data-sweepers/DataExtraction/ENV/lib/python3.8/site-packages/airflow/example_dags/example_branch_datetime_operator.py for tasks to queue
[2021-08-28 23:43:50,704] {logging_mixin.py:109} INFO - [2021-08-28 23:43:50,704] {dagbag.py:496} INFO - Filling up the DagBag from /home/paolo/Documents/Github/case-study-1-october2020-data-sweepers/DataExtraction/ENV/lib/python3.8/site-packages/airflow/example_dags/example_branch_datetime_operator.py
[2021-08-28 23:43:50,723] {processor.py:623} INFO - DAG(s) dict_keys(['example_branch_datetime_operator_2']) retrieved from /home/paolo/Documents/Github/case-study-1-october2020-data-sweepers/DataExtraction/ENV/lib/python3.8/site-packages/airflow/example_dags/example_branch_datetime_operator.py
[2021-08-28 23:43:50,734] {logging_mixin.py:109} INFO - [2021-08-28 23:43:50,734] {dag.py:1833} INFO - Sync 1 DAGs
[2021-08-28 23:43:50,745] {logging_mixin.py:109} INFO - [2021-08-28 23:43:50,745] {dag.py:2306} INFO - Setting next_dagrun for example_branch_datetime_operator_2 to 2021-08-26 00:00:00+00:00
[2021-08-28 23:43:50,762] {processor.py:170} INFO - Processing /home/paolo/Documents/Github/case-study-1-october2020-data-sweepers/DataExtraction/ENV/lib/python3.8/site-packages/airflow/example_dags/example_branch_datetime_operator.py took 0.071 seconds
[2021-08-28 23:44:23,433] {processor.py:162} INFO - Started process (PID=14508) to work on /home/paolo/Documents/Github/case-study-1-october2020-data-sweepers/DataExtraction/ENV/lib/python3.8/site-packages/airflow/example_dags/example_branch_datetime_operator.py
[2021-08-28 23:44:23,441] {processor.py:613} INFO - Processing file /home/paolo/Documents/Github/case-study-1-october2020-data-sweepers/DataExtraction/ENV/lib/python3.8/site-packages/airflow/example_dags/example_branch_datetime_operator.py for tasks to queue
[2021-08-28 23:44:23,442] {logging_mixin.py:109} INFO - [2021-08-28 23:44:23,442] {dagbag.py:496} INFO - Filling up the DagBag from /home/paolo/Documents/Github/case-study-1-october2020-data-sweepers/DataExtraction/ENV/lib/python3.8/site-packages/airflow/example_dags/example_branch_datetime_operator.py
[2021-08-28 23:44:23,541] {processor.py:623} INFO - DAG(s) dict_keys(['example_branch_datetime_operator_2']) retrieved from /home/paolo/Documents/Github/case-study-1-october2020-data-sweepers/DataExtraction/ENV/lib/python3.8/site-packages/airflow/example_dags/example_branch_datetime_operator.py
[2021-08-28 23:44:23,700] {logging_mixin.py:109} INFO - [2021-08-28 23:44:23,700] {dag.py:1833} INFO - Sync 1 DAGs
[2021-08-28 23:44:23,763] {logging_mixin.py:109} INFO - [2021-08-28 23:44:23,763] {dag.py:2306} INFO - Setting next_dagrun for example_branch_datetime_operator_2 to 2021-08-26 00:00:00+00:00
[2021-08-28 23:44:23,783] {processor.py:170} INFO - Processing /home/paolo/Documents/Github/case-study-1-october2020-data-sweepers/DataExtraction/ENV/lib/python3.8/site-packages/airflow/example_dags/example_branch_datetime_operator.py took 0.359 seconds
[2021-08-28 23:45:08,414] {processor.py:162} INFO - Started process (PID=14581) to work on /home/paolo/Documents/Github/case-study-1-october2020-data-sweepers/DataExtraction/ENV/lib/python3.8/site-packages/airflow/example_dags/example_branch_datetime_operator.py
[2021-08-28 23:45:08,418] {processor.py:613} INFO - Processing file /home/paolo/Documents/Github/case-study-1-october2020-data-sweepers/DataExtraction/ENV/lib/python3.8/site-packages/airflow/example_dags/example_branch_datetime_operator.py for tasks to queue
[2021-08-28 23:45:08,418] {logging_mixin.py:109} INFO - [2021-08-28 23:45:08,418] {dagbag.py:496} INFO - Filling up the DagBag from /home/paolo/Documents/Github/case-study-1-october2020-data-sweepers/DataExtraction/ENV/lib/python3.8/site-packages/airflow/example_dags/example_branch_datetime_operator.py
[2021-08-28 23:45:08,444] {processor.py:623} INFO - DAG(s) dict_keys(['example_branch_datetime_operator_2']) retrieved from /home/paolo/Documents/Github/case-study-1-october2020-data-sweepers/DataExtraction/ENV/lib/python3.8/site-packages/airflow/example_dags/example_branch_datetime_operator.py
[2021-08-28 23:45:08,465] {logging_mixin.py:109} INFO - [2021-08-28 23:45:08,465] {dag.py:1833} INFO - Sync 1 DAGs
[2021-08-28 23:45:08,493] {logging_mixin.py:109} INFO - [2021-08-28 23:45:08,493] {dag.py:2306} INFO - Setting next_dagrun for example_branch_datetime_operator_2 to 2021-08-26 00:00:00+00:00
[2021-08-28 23:45:08,527] {processor.py:170} INFO - Processing /home/paolo/Documents/Github/case-study-1-october2020-data-sweepers/DataExtraction/ENV/lib/python3.8/site-packages/airflow/example_dags/example_branch_datetime_operator.py took 0.118 seconds
[2021-08-28 23:45:50,030] {processor.py:162} INFO - Started process (PID=14651) to work on /home/paolo/Documents/Github/case-study-1-october2020-data-sweepers/DataExtraction/ENV/lib/python3.8/site-packages/airflow/example_dags/example_branch_datetime_operator.py
[2021-08-28 23:45:50,032] {processor.py:613} INFO - Processing file /home/paolo/Documents/Github/case-study-1-october2020-data-sweepers/DataExtraction/ENV/lib/python3.8/site-packages/airflow/example_dags/example_branch_datetime_operator.py for tasks to queue
[2021-08-28 23:45:50,033] {logging_mixin.py:109} INFO - [2021-08-28 23:45:50,033] {dagbag.py:496} INFO - Filling up the DagBag from /home/paolo/Documents/Github/case-study-1-october2020-data-sweepers/DataExtraction/ENV/lib/python3.8/site-packages/airflow/example_dags/example_branch_datetime_operator.py
[2021-08-28 23:45:50,058] {processor.py:623} INFO - DAG(s) dict_keys(['example_branch_datetime_operator_2']) retrieved from /home/paolo/Documents/Github/case-study-1-october2020-data-sweepers/DataExtraction/ENV/lib/python3.8/site-packages/airflow/example_dags/example_branch_datetime_operator.py
[2021-08-28 23:45:50,084] {logging_mixin.py:109} INFO - [2021-08-28 23:45:50,084] {dag.py:1833} INFO - Sync 1 DAGs
[2021-08-28 23:45:50,110] {logging_mixin.py:109} INFO - [2021-08-28 23:45:50,110] {dag.py:2306} INFO - Setting next_dagrun for example_branch_datetime_operator_2 to 2021-08-26 00:00:00+00:00
[2021-08-28 23:45:50,141] {processor.py:170} INFO - Processing /home/paolo/Documents/Github/case-study-1-october2020-data-sweepers/DataExtraction/ENV/lib/python3.8/site-packages/airflow/example_dags/example_branch_datetime_operator.py took 0.114 seconds
[2021-08-28 23:46:31,220] {processor.py:162} INFO - Started process (PID=14718) to work on /home/paolo/Documents/Github/case-study-1-october2020-data-sweepers/DataExtraction/ENV/lib/python3.8/site-packages/airflow/example_dags/example_branch_datetime_operator.py
[2021-08-28 23:46:31,227] {processor.py:613} INFO - Processing file /home/paolo/Documents/Github/case-study-1-october2020-data-sweepers/DataExtraction/ENV/lib/python3.8/site-packages/airflow/example_dags/example_branch_datetime_operator.py for tasks to queue
[2021-08-28 23:46:31,228] {logging_mixin.py:109} INFO - [2021-08-28 23:46:31,227] {dagbag.py:496} INFO - Filling up the DagBag from /home/paolo/Documents/Github/case-study-1-october2020-data-sweepers/DataExtraction/ENV/lib/python3.8/site-packages/airflow/example_dags/example_branch_datetime_operator.py
[2021-08-28 23:46:31,256] {processor.py:623} INFO - DAG(s) dict_keys(['example_branch_datetime_operator_2']) retrieved from /home/paolo/Documents/Github/case-study-1-october2020-data-sweepers/DataExtraction/ENV/lib/python3.8/site-packages/airflow/example_dags/example_branch_datetime_operator.py
[2021-08-28 23:46:31,307] {logging_mixin.py:109} INFO - [2021-08-28 23:46:31,306] {dag.py:1833} INFO - Sync 1 DAGs
[2021-08-28 23:46:31,345] {logging_mixin.py:109} INFO - [2021-08-28 23:46:31,345] {dag.py:2306} INFO - Setting next_dagrun for example_branch_datetime_operator_2 to 2021-08-26 00:00:00+00:00
[2021-08-28 23:46:31,386] {processor.py:170} INFO - Processing /home/paolo/Documents/Github/case-study-1-october2020-data-sweepers/DataExtraction/ENV/lib/python3.8/site-packages/airflow/example_dags/example_branch_datetime_operator.py took 0.169 seconds
[2021-08-28 23:47:10,403] {processor.py:162} INFO - Started process (PID=14796) to work on /home/paolo/Documents/Github/case-study-1-october2020-data-sweepers/DataExtraction/ENV/lib/python3.8/site-packages/airflow/example_dags/example_branch_datetime_operator.py
[2021-08-28 23:47:10,411] {processor.py:613} INFO - Processing file /home/paolo/Documents/Github/case-study-1-october2020-data-sweepers/DataExtraction/ENV/lib/python3.8/site-packages/airflow/example_dags/example_branch_datetime_operator.py for tasks to queue
[2021-08-28 23:47:10,412] {logging_mixin.py:109} INFO - [2021-08-28 23:47:10,411] {dagbag.py:496} INFO - Filling up the DagBag from /home/paolo/Documents/Github/case-study-1-october2020-data-sweepers/DataExtraction/ENV/lib/python3.8/site-packages/airflow/example_dags/example_branch_datetime_operator.py
[2021-08-28 23:47:10,455] {processor.py:623} INFO - DAG(s) dict_keys(['example_branch_datetime_operator_2']) retrieved from /home/paolo/Documents/Github/case-study-1-october2020-data-sweepers/DataExtraction/ENV/lib/python3.8/site-packages/airflow/example_dags/example_branch_datetime_operator.py
[2021-08-28 23:47:10,485] {logging_mixin.py:109} INFO - [2021-08-28 23:47:10,485] {dag.py:1833} INFO - Sync 1 DAGs
[2021-08-28 23:47:10,516] {logging_mixin.py:109} INFO - [2021-08-28 23:47:10,516] {dag.py:2306} INFO - Setting next_dagrun for example_branch_datetime_operator_2 to 2021-08-26 00:00:00+00:00
[2021-08-28 23:47:10,546] {processor.py:170} INFO - Processing /home/paolo/Documents/Github/case-study-1-october2020-data-sweepers/DataExtraction/ENV/lib/python3.8/site-packages/airflow/example_dags/example_branch_datetime_operator.py took 0.150 seconds
[2021-08-28 23:47:49,300] {processor.py:162} INFO - Started process (PID=14882) to work on /home/paolo/Documents/Github/case-study-1-october2020-data-sweepers/DataExtraction/ENV/lib/python3.8/site-packages/airflow/example_dags/example_branch_datetime_operator.py
[2021-08-28 23:47:49,302] {processor.py:613} INFO - Processing file /home/paolo/Documents/Github/case-study-1-october2020-data-sweepers/DataExtraction/ENV/lib/python3.8/site-packages/airflow/example_dags/example_branch_datetime_operator.py for tasks to queue
[2021-08-28 23:47:49,305] {logging_mixin.py:109} INFO - [2021-08-28 23:47:49,304] {dagbag.py:496} INFO - Filling up the DagBag from /home/paolo/Documents/Github/case-study-1-october2020-data-sweepers/DataExtraction/ENV/lib/python3.8/site-packages/airflow/example_dags/example_branch_datetime_operator.py
[2021-08-28 23:47:49,329] {processor.py:623} INFO - DAG(s) dict_keys(['example_branch_datetime_operator_2']) retrieved from /home/paolo/Documents/Github/case-study-1-october2020-data-sweepers/DataExtraction/ENV/lib/python3.8/site-packages/airflow/example_dags/example_branch_datetime_operator.py
[2021-08-28 23:47:49,361] {logging_mixin.py:109} INFO - [2021-08-28 23:47:49,361] {dag.py:1833} INFO - Sync 1 DAGs
[2021-08-28 23:47:49,389] {logging_mixin.py:109} INFO - [2021-08-28 23:47:49,389] {dag.py:2306} INFO - Setting next_dagrun for example_branch_datetime_operator_2 to 2021-08-26 00:00:00+00:00
[2021-08-28 23:47:49,427] {processor.py:170} INFO - Processing /home/paolo/Documents/Github/case-study-1-october2020-data-sweepers/DataExtraction/ENV/lib/python3.8/site-packages/airflow/example_dags/example_branch_datetime_operator.py took 0.129 seconds
[2021-08-28 23:48:31,125] {processor.py:162} INFO - Started process (PID=14954) to work on /home/paolo/Documents/Github/case-study-1-october2020-data-sweepers/DataExtraction/ENV/lib/python3.8/site-packages/airflow/example_dags/example_branch_datetime_operator.py
[2021-08-28 23:48:31,127] {processor.py:613} INFO - Processing file /home/paolo/Documents/Github/case-study-1-october2020-data-sweepers/DataExtraction/ENV/lib/python3.8/site-packages/airflow/example_dags/example_branch_datetime_operator.py for tasks to queue
[2021-08-28 23:48:31,128] {logging_mixin.py:109} INFO - [2021-08-28 23:48:31,127] {dagbag.py:496} INFO - Filling up the DagBag from /home/paolo/Documents/Github/case-study-1-october2020-data-sweepers/DataExtraction/ENV/lib/python3.8/site-packages/airflow/example_dags/example_branch_datetime_operator.py
[2021-08-28 23:48:31,148] {processor.py:623} INFO - DAG(s) dict_keys(['example_branch_datetime_operator_2']) retrieved from /home/paolo/Documents/Github/case-study-1-october2020-data-sweepers/DataExtraction/ENV/lib/python3.8/site-packages/airflow/example_dags/example_branch_datetime_operator.py
[2021-08-28 23:48:31,172] {logging_mixin.py:109} INFO - [2021-08-28 23:48:31,172] {dag.py:1833} INFO - Sync 1 DAGs
[2021-08-28 23:48:31,204] {logging_mixin.py:109} INFO - [2021-08-28 23:48:31,204] {dag.py:2306} INFO - Setting next_dagrun for example_branch_datetime_operator_2 to 2021-08-26 00:00:00+00:00
[2021-08-28 23:48:31,235] {processor.py:170} INFO - Processing /home/paolo/Documents/Github/case-study-1-october2020-data-sweepers/DataExtraction/ENV/lib/python3.8/site-packages/airflow/example_dags/example_branch_datetime_operator.py took 0.118 seconds
[2021-08-28 23:49:09,964] {processor.py:162} INFO - Started process (PID=15068) to work on /home/paolo/Documents/Github/case-study-1-october2020-data-sweepers/DataExtraction/ENV/lib/python3.8/site-packages/airflow/example_dags/example_branch_datetime_operator.py
[2021-08-28 23:49:09,965] {processor.py:613} INFO - Processing file /home/paolo/Documents/Github/case-study-1-october2020-data-sweepers/DataExtraction/ENV/lib/python3.8/site-packages/airflow/example_dags/example_branch_datetime_operator.py for tasks to queue
[2021-08-28 23:49:09,966] {logging_mixin.py:109} INFO - [2021-08-28 23:49:09,966] {dagbag.py:496} INFO - Filling up the DagBag from /home/paolo/Documents/Github/case-study-1-october2020-data-sweepers/DataExtraction/ENV/lib/python3.8/site-packages/airflow/example_dags/example_branch_datetime_operator.py
[2021-08-28 23:49:09,994] {processor.py:623} INFO - DAG(s) dict_keys(['example_branch_datetime_operator_2']) retrieved from /home/paolo/Documents/Github/case-study-1-october2020-data-sweepers/DataExtraction/ENV/lib/python3.8/site-packages/airflow/example_dags/example_branch_datetime_operator.py
[2021-08-28 23:49:10,011] {logging_mixin.py:109} INFO - [2021-08-28 23:49:10,011] {dag.py:1833} INFO - Sync 1 DAGs
[2021-08-28 23:49:10,033] {logging_mixin.py:109} INFO - [2021-08-28 23:49:10,032] {dag.py:2306} INFO - Setting next_dagrun for example_branch_datetime_operator_2 to 2021-08-26 00:00:00+00:00
[2021-08-28 23:49:10,057] {processor.py:170} INFO - Processing /home/paolo/Documents/Github/case-study-1-october2020-data-sweepers/DataExtraction/ENV/lib/python3.8/site-packages/airflow/example_dags/example_branch_datetime_operator.py took 0.095 seconds
[2021-08-28 23:49:49,467] {processor.py:162} INFO - Started process (PID=15146) to work on /home/paolo/Documents/Github/case-study-1-october2020-data-sweepers/DataExtraction/ENV/lib/python3.8/site-packages/airflow/example_dags/example_branch_datetime_operator.py
[2021-08-28 23:49:49,468] {processor.py:613} INFO - Processing file /home/paolo/Documents/Github/case-study-1-october2020-data-sweepers/DataExtraction/ENV/lib/python3.8/site-packages/airflow/example_dags/example_branch_datetime_operator.py for tasks to queue
[2021-08-28 23:49:49,469] {logging_mixin.py:109} INFO - [2021-08-28 23:49:49,469] {dagbag.py:496} INFO - Filling up the DagBag from /home/paolo/Documents/Github/case-study-1-october2020-data-sweepers/DataExtraction/ENV/lib/python3.8/site-packages/airflow/example_dags/example_branch_datetime_operator.py
[2021-08-28 23:49:49,487] {processor.py:623} INFO - DAG(s) dict_keys(['example_branch_datetime_operator_2']) retrieved from /home/paolo/Documents/Github/case-study-1-october2020-data-sweepers/DataExtraction/ENV/lib/python3.8/site-packages/airflow/example_dags/example_branch_datetime_operator.py
[2021-08-28 23:49:49,510] {logging_mixin.py:109} INFO - [2021-08-28 23:49:49,509] {dag.py:1833} INFO - Sync 1 DAGs
[2021-08-28 23:49:49,541] {logging_mixin.py:109} INFO - [2021-08-28 23:49:49,541] {dag.py:2306} INFO - Setting next_dagrun for example_branch_datetime_operator_2 to 2021-08-26 00:00:00+00:00
[2021-08-28 23:49:49,563] {processor.py:170} INFO - Processing /home/paolo/Documents/Github/case-study-1-october2020-data-sweepers/DataExtraction/ENV/lib/python3.8/site-packages/airflow/example_dags/example_branch_datetime_operator.py took 0.099 seconds
[2021-08-28 23:50:25,972] {processor.py:162} INFO - Started process (PID=15229) to work on /home/paolo/Documents/Github/case-study-1-october2020-data-sweepers/DataExtraction/ENV/lib/python3.8/site-packages/airflow/example_dags/example_branch_datetime_operator.py
[2021-08-28 23:50:25,973] {processor.py:613} INFO - Processing file /home/paolo/Documents/Github/case-study-1-october2020-data-sweepers/DataExtraction/ENV/lib/python3.8/site-packages/airflow/example_dags/example_branch_datetime_operator.py for tasks to queue
[2021-08-28 23:50:25,974] {logging_mixin.py:109} INFO - [2021-08-28 23:50:25,974] {dagbag.py:496} INFO - Filling up the DagBag from /home/paolo/Documents/Github/case-study-1-october2020-data-sweepers/DataExtraction/ENV/lib/python3.8/site-packages/airflow/example_dags/example_branch_datetime_operator.py
[2021-08-28 23:50:25,992] {processor.py:623} INFO - DAG(s) dict_keys(['example_branch_datetime_operator_2']) retrieved from /home/paolo/Documents/Github/case-study-1-october2020-data-sweepers/DataExtraction/ENV/lib/python3.8/site-packages/airflow/example_dags/example_branch_datetime_operator.py
[2021-08-28 23:50:26,011] {logging_mixin.py:109} INFO - [2021-08-28 23:50:26,010] {dag.py:1833} INFO - Sync 1 DAGs
[2021-08-28 23:50:26,032] {logging_mixin.py:109} INFO - [2021-08-28 23:50:26,031] {dag.py:2306} INFO - Setting next_dagrun for example_branch_datetime_operator_2 to 2021-08-26 00:00:00+00:00
[2021-08-28 23:50:26,050] {processor.py:170} INFO - Processing /home/paolo/Documents/Github/case-study-1-october2020-data-sweepers/DataExtraction/ENV/lib/python3.8/site-packages/airflow/example_dags/example_branch_datetime_operator.py took 0.081 seconds
[2021-08-28 23:51:04,177] {processor.py:162} INFO - Started process (PID=15300) to work on /home/paolo/Documents/Github/case-study-1-october2020-data-sweepers/DataExtraction/ENV/lib/python3.8/site-packages/airflow/example_dags/example_branch_datetime_operator.py
[2021-08-28 23:51:04,178] {processor.py:613} INFO - Processing file /home/paolo/Documents/Github/case-study-1-october2020-data-sweepers/DataExtraction/ENV/lib/python3.8/site-packages/airflow/example_dags/example_branch_datetime_operator.py for tasks to queue
[2021-08-28 23:51:04,179] {logging_mixin.py:109} INFO - [2021-08-28 23:51:04,179] {dagbag.py:496} INFO - Filling up the DagBag from /home/paolo/Documents/Github/case-study-1-october2020-data-sweepers/DataExtraction/ENV/lib/python3.8/site-packages/airflow/example_dags/example_branch_datetime_operator.py
[2021-08-28 23:51:04,196] {processor.py:623} INFO - DAG(s) dict_keys(['example_branch_datetime_operator_2']) retrieved from /home/paolo/Documents/Github/case-study-1-october2020-data-sweepers/DataExtraction/ENV/lib/python3.8/site-packages/airflow/example_dags/example_branch_datetime_operator.py
[2021-08-28 23:51:04,212] {logging_mixin.py:109} INFO - [2021-08-28 23:51:04,211] {dag.py:1833} INFO - Sync 1 DAGs
[2021-08-28 23:51:04,234] {logging_mixin.py:109} INFO - [2021-08-28 23:51:04,233] {dag.py:2306} INFO - Setting next_dagrun for example_branch_datetime_operator_2 to 2021-08-26 00:00:00+00:00
[2021-08-28 23:51:04,253] {processor.py:170} INFO - Processing /home/paolo/Documents/Github/case-study-1-october2020-data-sweepers/DataExtraction/ENV/lib/python3.8/site-packages/airflow/example_dags/example_branch_datetime_operator.py took 0.079 seconds
[2021-08-28 23:51:39,066] {processor.py:162} INFO - Started process (PID=15396) to work on /home/paolo/Documents/Github/case-study-1-october2020-data-sweepers/DataExtraction/ENV/lib/python3.8/site-packages/airflow/example_dags/example_branch_datetime_operator.py
[2021-08-28 23:51:39,067] {processor.py:613} INFO - Processing file /home/paolo/Documents/Github/case-study-1-october2020-data-sweepers/DataExtraction/ENV/lib/python3.8/site-packages/airflow/example_dags/example_branch_datetime_operator.py for tasks to queue
[2021-08-28 23:51:39,067] {logging_mixin.py:109} INFO - [2021-08-28 23:51:39,067] {dagbag.py:496} INFO - Filling up the DagBag from /home/paolo/Documents/Github/case-study-1-october2020-data-sweepers/DataExtraction/ENV/lib/python3.8/site-packages/airflow/example_dags/example_branch_datetime_operator.py
[2021-08-28 23:51:39,077] {processor.py:623} INFO - DAG(s) dict_keys(['example_branch_datetime_operator_2']) retrieved from /home/paolo/Documents/Github/case-study-1-october2020-data-sweepers/DataExtraction/ENV/lib/python3.8/site-packages/airflow/example_dags/example_branch_datetime_operator.py
[2021-08-28 23:51:39,087] {logging_mixin.py:109} INFO - [2021-08-28 23:51:39,087] {dag.py:1833} INFO - Sync 1 DAGs
[2021-08-28 23:51:39,098] {logging_mixin.py:109} INFO - [2021-08-28 23:51:39,098] {dag.py:2306} INFO - Setting next_dagrun for example_branch_datetime_operator_2 to 2021-08-26 00:00:00+00:00
[2021-08-28 23:51:39,118] {processor.py:170} INFO - Processing /home/paolo/Documents/Github/case-study-1-october2020-data-sweepers/DataExtraction/ENV/lib/python3.8/site-packages/airflow/example_dags/example_branch_datetime_operator.py took 0.054 seconds
[2021-08-28 23:52:14,223] {processor.py:162} INFO - Started process (PID=15493) to work on /home/paolo/Documents/Github/case-study-1-october2020-data-sweepers/DataExtraction/ENV/lib/python3.8/site-packages/airflow/example_dags/example_branch_datetime_operator.py
[2021-08-28 23:52:14,226] {processor.py:613} INFO - Processing file /home/paolo/Documents/Github/case-study-1-october2020-data-sweepers/DataExtraction/ENV/lib/python3.8/site-packages/airflow/example_dags/example_branch_datetime_operator.py for tasks to queue
[2021-08-28 23:52:14,226] {logging_mixin.py:109} INFO - [2021-08-28 23:52:14,226] {dagbag.py:496} INFO - Filling up the DagBag from /home/paolo/Documents/Github/case-study-1-october2020-data-sweepers/DataExtraction/ENV/lib/python3.8/site-packages/airflow/example_dags/example_branch_datetime_operator.py
[2021-08-28 23:52:14,240] {processor.py:623} INFO - DAG(s) dict_keys(['example_branch_datetime_operator_2']) retrieved from /home/paolo/Documents/Github/case-study-1-october2020-data-sweepers/DataExtraction/ENV/lib/python3.8/site-packages/airflow/example_dags/example_branch_datetime_operator.py
[2021-08-28 23:52:14,255] {logging_mixin.py:109} INFO - [2021-08-28 23:52:14,255] {dag.py:1833} INFO - Sync 1 DAGs
[2021-08-28 23:52:14,268] {logging_mixin.py:109} INFO - [2021-08-28 23:52:14,268] {dag.py:2306} INFO - Setting next_dagrun for example_branch_datetime_operator_2 to 2021-08-26 00:00:00+00:00
[2021-08-28 23:52:14,287] {processor.py:170} INFO - Processing /home/paolo/Documents/Github/case-study-1-october2020-data-sweepers/DataExtraction/ENV/lib/python3.8/site-packages/airflow/example_dags/example_branch_datetime_operator.py took 0.069 seconds
[2021-08-28 23:52:47,112] {processor.py:162} INFO - Started process (PID=15592) to work on /home/paolo/Documents/Github/case-study-1-october2020-data-sweepers/DataExtraction/ENV/lib/python3.8/site-packages/airflow/example_dags/example_branch_datetime_operator.py
[2021-08-28 23:52:47,115] {processor.py:613} INFO - Processing file /home/paolo/Documents/Github/case-study-1-october2020-data-sweepers/DataExtraction/ENV/lib/python3.8/site-packages/airflow/example_dags/example_branch_datetime_operator.py for tasks to queue
[2021-08-28 23:52:47,117] {logging_mixin.py:109} INFO - [2021-08-28 23:52:47,116] {dagbag.py:496} INFO - Filling up the DagBag from /home/paolo/Documents/Github/case-study-1-october2020-data-sweepers/DataExtraction/ENV/lib/python3.8/site-packages/airflow/example_dags/example_branch_datetime_operator.py
[2021-08-28 23:52:47,135] {processor.py:623} INFO - DAG(s) dict_keys(['example_branch_datetime_operator_2']) retrieved from /home/paolo/Documents/Github/case-study-1-october2020-data-sweepers/DataExtraction/ENV/lib/python3.8/site-packages/airflow/example_dags/example_branch_datetime_operator.py
[2021-08-28 23:52:47,148] {logging_mixin.py:109} INFO - [2021-08-28 23:52:47,147] {dag.py:1833} INFO - Sync 1 DAGs
[2021-08-28 23:52:47,163] {logging_mixin.py:109} INFO - [2021-08-28 23:52:47,163] {dag.py:2306} INFO - Setting next_dagrun for example_branch_datetime_operator_2 to 2021-08-26 00:00:00+00:00
[2021-08-28 23:52:47,180] {processor.py:170} INFO - Processing /home/paolo/Documents/Github/case-study-1-october2020-data-sweepers/DataExtraction/ENV/lib/python3.8/site-packages/airflow/example_dags/example_branch_datetime_operator.py took 0.074 seconds
[2021-08-28 23:53:19,140] {processor.py:162} INFO - Started process (PID=15662) to work on /home/paolo/Documents/Github/case-study-1-october2020-data-sweepers/DataExtraction/ENV/lib/python3.8/site-packages/airflow/example_dags/example_branch_datetime_operator.py
[2021-08-28 23:53:19,141] {processor.py:613} INFO - Processing file /home/paolo/Documents/Github/case-study-1-october2020-data-sweepers/DataExtraction/ENV/lib/python3.8/site-packages/airflow/example_dags/example_branch_datetime_operator.py for tasks to queue
[2021-08-28 23:53:19,142] {logging_mixin.py:109} INFO - [2021-08-28 23:53:19,142] {dagbag.py:496} INFO - Filling up the DagBag from /home/paolo/Documents/Github/case-study-1-october2020-data-sweepers/DataExtraction/ENV/lib/python3.8/site-packages/airflow/example_dags/example_branch_datetime_operator.py
[2021-08-28 23:53:19,153] {processor.py:623} INFO - DAG(s) dict_keys(['example_branch_datetime_operator_2']) retrieved from /home/paolo/Documents/Github/case-study-1-october2020-data-sweepers/DataExtraction/ENV/lib/python3.8/site-packages/airflow/example_dags/example_branch_datetime_operator.py
[2021-08-28 23:53:19,165] {logging_mixin.py:109} INFO - [2021-08-28 23:53:19,165] {dag.py:1833} INFO - Sync 1 DAGs
[2021-08-28 23:53:19,177] {logging_mixin.py:109} INFO - [2021-08-28 23:53:19,176] {dag.py:2306} INFO - Setting next_dagrun for example_branch_datetime_operator_2 to 2021-08-26 00:00:00+00:00
[2021-08-28 23:53:19,193] {processor.py:170} INFO - Processing /home/paolo/Documents/Github/case-study-1-october2020-data-sweepers/DataExtraction/ENV/lib/python3.8/site-packages/airflow/example_dags/example_branch_datetime_operator.py took 0.056 seconds
[2021-08-28 23:53:51,566] {processor.py:162} INFO - Started process (PID=15848) to work on /home/paolo/Documents/Github/case-study-1-october2020-data-sweepers/DataExtraction/ENV/lib/python3.8/site-packages/airflow/example_dags/example_branch_datetime_operator.py
[2021-08-28 23:53:51,567] {processor.py:613} INFO - Processing file /home/paolo/Documents/Github/case-study-1-october2020-data-sweepers/DataExtraction/ENV/lib/python3.8/site-packages/airflow/example_dags/example_branch_datetime_operator.py for tasks to queue
[2021-08-28 23:53:51,568] {logging_mixin.py:109} INFO - [2021-08-28 23:53:51,568] {dagbag.py:496} INFO - Filling up the DagBag from /home/paolo/Documents/Github/case-study-1-october2020-data-sweepers/DataExtraction/ENV/lib/python3.8/site-packages/airflow/example_dags/example_branch_datetime_operator.py
[2021-08-28 23:53:51,579] {processor.py:623} INFO - DAG(s) dict_keys(['example_branch_datetime_operator_2']) retrieved from /home/paolo/Documents/Github/case-study-1-october2020-data-sweepers/DataExtraction/ENV/lib/python3.8/site-packages/airflow/example_dags/example_branch_datetime_operator.py
[2021-08-28 23:53:51,591] {logging_mixin.py:109} INFO - [2021-08-28 23:53:51,591] {dag.py:1833} INFO - Sync 1 DAGs
[2021-08-28 23:53:51,608] {logging_mixin.py:109} INFO - [2021-08-28 23:53:51,607] {dag.py:2306} INFO - Setting next_dagrun for example_branch_datetime_operator_2 to 2021-08-26 00:00:00+00:00
[2021-08-28 23:53:51,625] {processor.py:170} INFO - Processing /home/paolo/Documents/Github/case-study-1-october2020-data-sweepers/DataExtraction/ENV/lib/python3.8/site-packages/airflow/example_dags/example_branch_datetime_operator.py took 0.061 seconds
[2021-08-28 23:56:13,957] {processor.py:162} INFO - Started process (PID=16375) to work on /home/paolo/Documents/Github/case-study-1-october2020-data-sweepers/DataExtraction/ENV/lib/python3.8/site-packages/airflow/example_dags/example_branch_datetime_operator.py
[2021-08-28 23:56:13,964] {processor.py:613} INFO - Processing file /home/paolo/Documents/Github/case-study-1-october2020-data-sweepers/DataExtraction/ENV/lib/python3.8/site-packages/airflow/example_dags/example_branch_datetime_operator.py for tasks to queue
[2021-08-28 23:56:13,971] {logging_mixin.py:109} INFO - [2021-08-28 23:56:13,971] {dagbag.py:496} INFO - Filling up the DagBag from /home/paolo/Documents/Github/case-study-1-october2020-data-sweepers/DataExtraction/ENV/lib/python3.8/site-packages/airflow/example_dags/example_branch_datetime_operator.py
[2021-08-28 23:56:13,997] {processor.py:623} INFO - DAG(s) dict_keys(['example_branch_datetime_operator_2']) retrieved from /home/paolo/Documents/Github/case-study-1-october2020-data-sweepers/DataExtraction/ENV/lib/python3.8/site-packages/airflow/example_dags/example_branch_datetime_operator.py
[2021-08-28 23:56:14,025] {logging_mixin.py:109} INFO - [2021-08-28 23:56:14,025] {dag.py:1833} INFO - Sync 1 DAGs
[2021-08-28 23:56:14,054] {logging_mixin.py:109} INFO - [2021-08-28 23:56:14,054] {dag.py:2306} INFO - Setting next_dagrun for example_branch_datetime_operator_2 to 2021-08-26 00:00:00+00:00
[2021-08-28 23:56:14,087] {processor.py:170} INFO - Processing /home/paolo/Documents/Github/case-study-1-october2020-data-sweepers/DataExtraction/ENV/lib/python3.8/site-packages/airflow/example_dags/example_branch_datetime_operator.py took 0.133 seconds
[2021-08-28 23:56:55,540] {processor.py:162} INFO - Started process (PID=16698) to work on /home/paolo/Documents/Github/case-study-1-october2020-data-sweepers/DataExtraction/ENV/lib/python3.8/site-packages/airflow/example_dags/example_branch_datetime_operator.py
[2021-08-28 23:56:55,541] {processor.py:613} INFO - Processing file /home/paolo/Documents/Github/case-study-1-october2020-data-sweepers/DataExtraction/ENV/lib/python3.8/site-packages/airflow/example_dags/example_branch_datetime_operator.py for tasks to queue
[2021-08-28 23:56:55,542] {logging_mixin.py:109} INFO - [2021-08-28 23:56:55,542] {dagbag.py:496} INFO - Filling up the DagBag from /home/paolo/Documents/Github/case-study-1-october2020-data-sweepers/DataExtraction/ENV/lib/python3.8/site-packages/airflow/example_dags/example_branch_datetime_operator.py
[2021-08-28 23:56:55,555] {processor.py:623} INFO - DAG(s) dict_keys(['example_branch_datetime_operator_2']) retrieved from /home/paolo/Documents/Github/case-study-1-october2020-data-sweepers/DataExtraction/ENV/lib/python3.8/site-packages/airflow/example_dags/example_branch_datetime_operator.py
[2021-08-28 23:56:55,569] {logging_mixin.py:109} INFO - [2021-08-28 23:56:55,569] {dag.py:1833} INFO - Sync 1 DAGs
[2021-08-28 23:56:55,582] {logging_mixin.py:109} INFO - [2021-08-28 23:56:55,582] {dag.py:2306} INFO - Setting next_dagrun for example_branch_datetime_operator_2 to 2021-08-26 00:00:00+00:00
[2021-08-28 23:56:55,599] {processor.py:170} INFO - Processing /home/paolo/Documents/Github/case-study-1-october2020-data-sweepers/DataExtraction/ENV/lib/python3.8/site-packages/airflow/example_dags/example_branch_datetime_operator.py took 0.062 seconds
[2021-08-28 23:57:32,123] {processor.py:162} INFO - Started process (PID=17004) to work on /home/paolo/Documents/Github/case-study-1-october2020-data-sweepers/DataExtraction/ENV/lib/python3.8/site-packages/airflow/example_dags/example_branch_datetime_operator.py
[2021-08-28 23:57:32,125] {processor.py:613} INFO - Processing file /home/paolo/Documents/Github/case-study-1-october2020-data-sweepers/DataExtraction/ENV/lib/python3.8/site-packages/airflow/example_dags/example_branch_datetime_operator.py for tasks to queue
[2021-08-28 23:57:32,125] {logging_mixin.py:109} INFO - [2021-08-28 23:57:32,125] {dagbag.py:496} INFO - Filling up the DagBag from /home/paolo/Documents/Github/case-study-1-october2020-data-sweepers/DataExtraction/ENV/lib/python3.8/site-packages/airflow/example_dags/example_branch_datetime_operator.py
[2021-08-28 23:57:32,137] {processor.py:623} INFO - DAG(s) dict_keys(['example_branch_datetime_operator_2']) retrieved from /home/paolo/Documents/Github/case-study-1-october2020-data-sweepers/DataExtraction/ENV/lib/python3.8/site-packages/airflow/example_dags/example_branch_datetime_operator.py
[2021-08-28 23:57:32,149] {logging_mixin.py:109} INFO - [2021-08-28 23:57:32,148] {dag.py:1833} INFO - Sync 1 DAGs
[2021-08-28 23:57:32,161] {logging_mixin.py:109} INFO - [2021-08-28 23:57:32,161] {dag.py:2306} INFO - Setting next_dagrun for example_branch_datetime_operator_2 to 2021-08-26 00:00:00+00:00
[2021-08-28 23:57:32,179] {processor.py:170} INFO - Processing /home/paolo/Documents/Github/case-study-1-october2020-data-sweepers/DataExtraction/ENV/lib/python3.8/site-packages/airflow/example_dags/example_branch_datetime_operator.py took 0.058 seconds
[2021-08-28 23:58:15,460] {processor.py:162} INFO - Started process (PID=17370) to work on /home/paolo/Documents/Github/case-study-1-october2020-data-sweepers/DataExtraction/ENV/lib/python3.8/site-packages/airflow/example_dags/example_branch_datetime_operator.py
[2021-08-28 23:58:15,463] {processor.py:613} INFO - Processing file /home/paolo/Documents/Github/case-study-1-october2020-data-sweepers/DataExtraction/ENV/lib/python3.8/site-packages/airflow/example_dags/example_branch_datetime_operator.py for tasks to queue
[2021-08-28 23:58:15,465] {logging_mixin.py:109} INFO - [2021-08-28 23:58:15,464] {dagbag.py:496} INFO - Filling up the DagBag from /home/paolo/Documents/Github/case-study-1-october2020-data-sweepers/DataExtraction/ENV/lib/python3.8/site-packages/airflow/example_dags/example_branch_datetime_operator.py
[2021-08-28 23:58:15,486] {processor.py:623} INFO - DAG(s) dict_keys(['example_branch_datetime_operator_2']) retrieved from /home/paolo/Documents/Github/case-study-1-october2020-data-sweepers/DataExtraction/ENV/lib/python3.8/site-packages/airflow/example_dags/example_branch_datetime_operator.py
[2021-08-28 23:58:15,497] {logging_mixin.py:109} INFO - [2021-08-28 23:58:15,497] {dag.py:1833} INFO - Sync 1 DAGs
[2021-08-28 23:58:15,508] {logging_mixin.py:109} INFO - [2021-08-28 23:58:15,508] {dag.py:2306} INFO - Setting next_dagrun for example_branch_datetime_operator_2 to 2021-08-26 00:00:00+00:00
[2021-08-28 23:58:15,524] {processor.py:170} INFO - Processing /home/paolo/Documents/Github/case-study-1-october2020-data-sweepers/DataExtraction/ENV/lib/python3.8/site-packages/airflow/example_dags/example_branch_datetime_operator.py took 0.071 seconds
