[2021-08-28 23:37:35,231] {processor.py:162} INFO - Started process (PID=13140) to work on /home/paolo/Documents/Github/case-study-1-october2020-data-sweepers/DataExtraction/ENV/lib/python3.8/site-packages/airflow/example_dags/example_complex.py
[2021-08-28 23:37:35,232] {processor.py:613} INFO - Processing file /home/paolo/Documents/Github/case-study-1-october2020-data-sweepers/DataExtraction/ENV/lib/python3.8/site-packages/airflow/example_dags/example_complex.py for tasks to queue
[2021-08-28 23:37:35,235] {logging_mixin.py:109} INFO - [2021-08-28 23:37:35,234] {dagbag.py:496} INFO - Filling up the DagBag from /home/paolo/Documents/Github/case-study-1-october2020-data-sweepers/DataExtraction/ENV/lib/python3.8/site-packages/airflow/example_dags/example_complex.py
[2021-08-28 23:37:35,304] {processor.py:623} INFO - DAG(s) dict_keys(['example_complex']) retrieved from /home/paolo/Documents/Github/case-study-1-october2020-data-sweepers/DataExtraction/ENV/lib/python3.8/site-packages/airflow/example_dags/example_complex.py
[2021-08-28 23:37:35,346] {logging_mixin.py:109} INFO - [2021-08-28 23:37:35,346] {dag.py:1833} INFO - Sync 1 DAGs
[2021-08-28 23:37:35,368] {logging_mixin.py:109} INFO - [2021-08-28 23:37:35,368] {dag.py:2306} INFO - Setting next_dagrun for example_complex to None
[2021-08-28 23:37:35,401] {processor.py:170} INFO - Processing /home/paolo/Documents/Github/case-study-1-october2020-data-sweepers/DataExtraction/ENV/lib/python3.8/site-packages/airflow/example_dags/example_complex.py took 0.175 seconds
[2021-08-28 23:38:14,601] {processor.py:162} INFO - Started process (PID=13273) to work on /home/paolo/Documents/Github/case-study-1-october2020-data-sweepers/DataExtraction/ENV/lib/python3.8/site-packages/airflow/example_dags/example_complex.py
[2021-08-28 23:38:14,606] {processor.py:613} INFO - Processing file /home/paolo/Documents/Github/case-study-1-october2020-data-sweepers/DataExtraction/ENV/lib/python3.8/site-packages/airflow/example_dags/example_complex.py for tasks to queue
[2021-08-28 23:38:14,607] {logging_mixin.py:109} INFO - [2021-08-28 23:38:14,607] {dagbag.py:496} INFO - Filling up the DagBag from /home/paolo/Documents/Github/case-study-1-october2020-data-sweepers/DataExtraction/ENV/lib/python3.8/site-packages/airflow/example_dags/example_complex.py
[2021-08-28 23:38:14,646] {processor.py:623} INFO - DAG(s) dict_keys(['example_complex']) retrieved from /home/paolo/Documents/Github/case-study-1-october2020-data-sweepers/DataExtraction/ENV/lib/python3.8/site-packages/airflow/example_dags/example_complex.py
[2021-08-28 23:38:14,685] {logging_mixin.py:109} INFO - [2021-08-28 23:38:14,685] {dag.py:1833} INFO - Sync 1 DAGs
[2021-08-28 23:38:14,708] {logging_mixin.py:109} INFO - [2021-08-28 23:38:14,708] {dag.py:2306} INFO - Setting next_dagrun for example_complex to None
[2021-08-28 23:38:14,734] {processor.py:170} INFO - Processing /home/paolo/Documents/Github/case-study-1-october2020-data-sweepers/DataExtraction/ENV/lib/python3.8/site-packages/airflow/example_dags/example_complex.py took 0.137 seconds
[2021-08-28 23:38:53,321] {processor.py:162} INFO - Started process (PID=13355) to work on /home/paolo/Documents/Github/case-study-1-october2020-data-sweepers/DataExtraction/ENV/lib/python3.8/site-packages/airflow/example_dags/example_complex.py
[2021-08-28 23:38:53,323] {processor.py:613} INFO - Processing file /home/paolo/Documents/Github/case-study-1-october2020-data-sweepers/DataExtraction/ENV/lib/python3.8/site-packages/airflow/example_dags/example_complex.py for tasks to queue
[2021-08-28 23:38:53,324] {logging_mixin.py:109} INFO - [2021-08-28 23:38:53,324] {dagbag.py:496} INFO - Filling up the DagBag from /home/paolo/Documents/Github/case-study-1-october2020-data-sweepers/DataExtraction/ENV/lib/python3.8/site-packages/airflow/example_dags/example_complex.py
[2021-08-28 23:38:53,351] {processor.py:623} INFO - DAG(s) dict_keys(['example_complex']) retrieved from /home/paolo/Documents/Github/case-study-1-october2020-data-sweepers/DataExtraction/ENV/lib/python3.8/site-packages/airflow/example_dags/example_complex.py
[2021-08-28 23:38:53,377] {logging_mixin.py:109} INFO - [2021-08-28 23:38:53,377] {dag.py:1833} INFO - Sync 1 DAGs
[2021-08-28 23:38:53,398] {logging_mixin.py:109} INFO - [2021-08-28 23:38:53,398] {dag.py:2306} INFO - Setting next_dagrun for example_complex to None
[2021-08-28 23:38:53,428] {processor.py:170} INFO - Processing /home/paolo/Documents/Github/case-study-1-october2020-data-sweepers/DataExtraction/ENV/lib/python3.8/site-packages/airflow/example_dags/example_complex.py took 0.110 seconds
[2021-08-28 23:39:29,439] {processor.py:162} INFO - Started process (PID=13502) to work on /home/paolo/Documents/Github/case-study-1-october2020-data-sweepers/DataExtraction/ENV/lib/python3.8/site-packages/airflow/example_dags/example_complex.py
[2021-08-28 23:39:29,440] {processor.py:613} INFO - Processing file /home/paolo/Documents/Github/case-study-1-october2020-data-sweepers/DataExtraction/ENV/lib/python3.8/site-packages/airflow/example_dags/example_complex.py for tasks to queue
[2021-08-28 23:39:29,441] {logging_mixin.py:109} INFO - [2021-08-28 23:39:29,441] {dagbag.py:496} INFO - Filling up the DagBag from /home/paolo/Documents/Github/case-study-1-october2020-data-sweepers/DataExtraction/ENV/lib/python3.8/site-packages/airflow/example_dags/example_complex.py
[2021-08-28 23:39:29,457] {processor.py:623} INFO - DAG(s) dict_keys(['example_complex']) retrieved from /home/paolo/Documents/Github/case-study-1-october2020-data-sweepers/DataExtraction/ENV/lib/python3.8/site-packages/airflow/example_dags/example_complex.py
[2021-08-28 23:39:29,474] {logging_mixin.py:109} INFO - [2021-08-28 23:39:29,474] {dag.py:1833} INFO - Sync 1 DAGs
[2021-08-28 23:39:29,485] {logging_mixin.py:109} INFO - [2021-08-28 23:39:29,485] {dag.py:2306} INFO - Setting next_dagrun for example_complex to None
[2021-08-28 23:39:29,503] {processor.py:170} INFO - Processing /home/paolo/Documents/Github/case-study-1-october2020-data-sweepers/DataExtraction/ENV/lib/python3.8/site-packages/airflow/example_dags/example_complex.py took 0.066 seconds
[2021-08-28 23:40:04,657] {processor.py:162} INFO - Started process (PID=13716) to work on /home/paolo/Documents/Github/case-study-1-october2020-data-sweepers/DataExtraction/ENV/lib/python3.8/site-packages/airflow/example_dags/example_complex.py
[2021-08-28 23:40:04,664] {processor.py:613} INFO - Processing file /home/paolo/Documents/Github/case-study-1-october2020-data-sweepers/DataExtraction/ENV/lib/python3.8/site-packages/airflow/example_dags/example_complex.py for tasks to queue
[2021-08-28 23:40:04,671] {logging_mixin.py:109} INFO - [2021-08-28 23:40:04,665] {dagbag.py:496} INFO - Filling up the DagBag from /home/paolo/Documents/Github/case-study-1-october2020-data-sweepers/DataExtraction/ENV/lib/python3.8/site-packages/airflow/example_dags/example_complex.py
[2021-08-28 23:40:04,732] {processor.py:623} INFO - DAG(s) dict_keys(['example_complex']) retrieved from /home/paolo/Documents/Github/case-study-1-october2020-data-sweepers/DataExtraction/ENV/lib/python3.8/site-packages/airflow/example_dags/example_complex.py
[2021-08-28 23:40:04,765] {logging_mixin.py:109} INFO - [2021-08-28 23:40:04,765] {dag.py:1833} INFO - Sync 1 DAGs
[2021-08-28 23:40:04,792] {logging_mixin.py:109} INFO - [2021-08-28 23:40:04,792] {dag.py:2306} INFO - Setting next_dagrun for example_complex to None
[2021-08-28 23:40:04,829] {processor.py:170} INFO - Processing /home/paolo/Documents/Github/case-study-1-october2020-data-sweepers/DataExtraction/ENV/lib/python3.8/site-packages/airflow/example_dags/example_complex.py took 0.182 seconds
[2021-08-28 23:40:43,494] {processor.py:162} INFO - Started process (PID=13927) to work on /home/paolo/Documents/Github/case-study-1-october2020-data-sweepers/DataExtraction/ENV/lib/python3.8/site-packages/airflow/example_dags/example_complex.py
[2021-08-28 23:40:43,496] {processor.py:613} INFO - Processing file /home/paolo/Documents/Github/case-study-1-october2020-data-sweepers/DataExtraction/ENV/lib/python3.8/site-packages/airflow/example_dags/example_complex.py for tasks to queue
[2021-08-28 23:40:43,496] {logging_mixin.py:109} INFO - [2021-08-28 23:40:43,496] {dagbag.py:496} INFO - Filling up the DagBag from /home/paolo/Documents/Github/case-study-1-october2020-data-sweepers/DataExtraction/ENV/lib/python3.8/site-packages/airflow/example_dags/example_complex.py
[2021-08-28 23:40:43,540] {processor.py:623} INFO - DAG(s) dict_keys(['example_complex']) retrieved from /home/paolo/Documents/Github/case-study-1-october2020-data-sweepers/DataExtraction/ENV/lib/python3.8/site-packages/airflow/example_dags/example_complex.py
[2021-08-28 23:40:43,598] {logging_mixin.py:109} INFO - [2021-08-28 23:40:43,598] {dag.py:1833} INFO - Sync 1 DAGs
[2021-08-28 23:40:43,660] {logging_mixin.py:109} INFO - [2021-08-28 23:40:43,659] {dag.py:2306} INFO - Setting next_dagrun for example_complex to None
[2021-08-28 23:40:43,694] {processor.py:170} INFO - Processing /home/paolo/Documents/Github/case-study-1-october2020-data-sweepers/DataExtraction/ENV/lib/python3.8/site-packages/airflow/example_dags/example_complex.py took 0.205 seconds
[2021-08-28 23:41:26,911] {processor.py:162} INFO - Started process (PID=14081) to work on /home/paolo/Documents/Github/case-study-1-october2020-data-sweepers/DataExtraction/ENV/lib/python3.8/site-packages/airflow/example_dags/example_complex.py
[2021-08-28 23:41:26,913] {processor.py:613} INFO - Processing file /home/paolo/Documents/Github/case-study-1-october2020-data-sweepers/DataExtraction/ENV/lib/python3.8/site-packages/airflow/example_dags/example_complex.py for tasks to queue
[2021-08-28 23:41:26,914] {logging_mixin.py:109} INFO - [2021-08-28 23:41:26,913] {dagbag.py:496} INFO - Filling up the DagBag from /home/paolo/Documents/Github/case-study-1-october2020-data-sweepers/DataExtraction/ENV/lib/python3.8/site-packages/airflow/example_dags/example_complex.py
[2021-08-28 23:41:26,969] {processor.py:623} INFO - DAG(s) dict_keys(['example_complex']) retrieved from /home/paolo/Documents/Github/case-study-1-october2020-data-sweepers/DataExtraction/ENV/lib/python3.8/site-packages/airflow/example_dags/example_complex.py
[2021-08-28 23:41:27,044] {logging_mixin.py:109} INFO - [2021-08-28 23:41:27,043] {dag.py:1833} INFO - Sync 1 DAGs
[2021-08-28 23:41:27,069] {logging_mixin.py:109} INFO - [2021-08-28 23:41:27,069] {dag.py:2306} INFO - Setting next_dagrun for example_complex to None
[2021-08-28 23:41:27,114] {processor.py:170} INFO - Processing /home/paolo/Documents/Github/case-study-1-october2020-data-sweepers/DataExtraction/ENV/lib/python3.8/site-packages/airflow/example_dags/example_complex.py took 0.207 seconds
[2021-08-28 23:42:02,272] {processor.py:162} INFO - Started process (PID=14154) to work on /home/paolo/Documents/Github/case-study-1-october2020-data-sweepers/DataExtraction/ENV/lib/python3.8/site-packages/airflow/example_dags/example_complex.py
[2021-08-28 23:42:02,274] {processor.py:613} INFO - Processing file /home/paolo/Documents/Github/case-study-1-october2020-data-sweepers/DataExtraction/ENV/lib/python3.8/site-packages/airflow/example_dags/example_complex.py for tasks to queue
[2021-08-28 23:42:02,275] {logging_mixin.py:109} INFO - [2021-08-28 23:42:02,274] {dagbag.py:496} INFO - Filling up the DagBag from /home/paolo/Documents/Github/case-study-1-october2020-data-sweepers/DataExtraction/ENV/lib/python3.8/site-packages/airflow/example_dags/example_complex.py
[2021-08-28 23:42:02,289] {processor.py:623} INFO - DAG(s) dict_keys(['example_complex']) retrieved from /home/paolo/Documents/Github/case-study-1-october2020-data-sweepers/DataExtraction/ENV/lib/python3.8/site-packages/airflow/example_dags/example_complex.py
[2021-08-28 23:42:02,303] {logging_mixin.py:109} INFO - [2021-08-28 23:42:02,303] {dag.py:1833} INFO - Sync 1 DAGs
[2021-08-28 23:42:02,312] {logging_mixin.py:109} INFO - [2021-08-28 23:42:02,312] {dag.py:2306} INFO - Setting next_dagrun for example_complex to None
[2021-08-28 23:42:02,329] {processor.py:170} INFO - Processing /home/paolo/Documents/Github/case-study-1-october2020-data-sweepers/DataExtraction/ENV/lib/python3.8/site-packages/airflow/example_dags/example_complex.py took 0.059 seconds
[2021-08-28 23:42:34,087] {processor.py:162} INFO - Started process (PID=14255) to work on /home/paolo/Documents/Github/case-study-1-october2020-data-sweepers/DataExtraction/ENV/lib/python3.8/site-packages/airflow/example_dags/example_complex.py
[2021-08-28 23:42:34,089] {processor.py:613} INFO - Processing file /home/paolo/Documents/Github/case-study-1-october2020-data-sweepers/DataExtraction/ENV/lib/python3.8/site-packages/airflow/example_dags/example_complex.py for tasks to queue
[2021-08-28 23:42:34,090] {logging_mixin.py:109} INFO - [2021-08-28 23:42:34,090] {dagbag.py:496} INFO - Filling up the DagBag from /home/paolo/Documents/Github/case-study-1-october2020-data-sweepers/DataExtraction/ENV/lib/python3.8/site-packages/airflow/example_dags/example_complex.py
[2021-08-28 23:42:34,109] {processor.py:623} INFO - DAG(s) dict_keys(['example_complex']) retrieved from /home/paolo/Documents/Github/case-study-1-october2020-data-sweepers/DataExtraction/ENV/lib/python3.8/site-packages/airflow/example_dags/example_complex.py
[2021-08-28 23:42:34,123] {logging_mixin.py:109} INFO - [2021-08-28 23:42:34,123] {dag.py:1833} INFO - Sync 1 DAGs
[2021-08-28 23:42:34,132] {logging_mixin.py:109} INFO - [2021-08-28 23:42:34,132] {dag.py:2306} INFO - Setting next_dagrun for example_complex to None
[2021-08-28 23:42:34,148] {processor.py:170} INFO - Processing /home/paolo/Documents/Github/case-study-1-october2020-data-sweepers/DataExtraction/ENV/lib/python3.8/site-packages/airflow/example_dags/example_complex.py took 0.068 seconds
[2021-08-28 23:43:06,486] {processor.py:162} INFO - Started process (PID=14322) to work on /home/paolo/Documents/Github/case-study-1-october2020-data-sweepers/DataExtraction/ENV/lib/python3.8/site-packages/airflow/example_dags/example_complex.py
[2021-08-28 23:43:06,488] {processor.py:613} INFO - Processing file /home/paolo/Documents/Github/case-study-1-october2020-data-sweepers/DataExtraction/ENV/lib/python3.8/site-packages/airflow/example_dags/example_complex.py for tasks to queue
[2021-08-28 23:43:06,488] {logging_mixin.py:109} INFO - [2021-08-28 23:43:06,488] {dagbag.py:496} INFO - Filling up the DagBag from /home/paolo/Documents/Github/case-study-1-october2020-data-sweepers/DataExtraction/ENV/lib/python3.8/site-packages/airflow/example_dags/example_complex.py
[2021-08-28 23:43:06,504] {processor.py:623} INFO - DAG(s) dict_keys(['example_complex']) retrieved from /home/paolo/Documents/Github/case-study-1-october2020-data-sweepers/DataExtraction/ENV/lib/python3.8/site-packages/airflow/example_dags/example_complex.py
[2021-08-28 23:43:06,518] {logging_mixin.py:109} INFO - [2021-08-28 23:43:06,518] {dag.py:1833} INFO - Sync 1 DAGs
[2021-08-28 23:43:06,527] {logging_mixin.py:109} INFO - [2021-08-28 23:43:06,527] {dag.py:2306} INFO - Setting next_dagrun for example_complex to None
[2021-08-28 23:43:06,543] {processor.py:170} INFO - Processing /home/paolo/Documents/Github/case-study-1-october2020-data-sweepers/DataExtraction/ENV/lib/python3.8/site-packages/airflow/example_dags/example_complex.py took 0.060 seconds
[2021-08-28 23:43:39,698] {processor.py:162} INFO - Started process (PID=14403) to work on /home/paolo/Documents/Github/case-study-1-october2020-data-sweepers/DataExtraction/ENV/lib/python3.8/site-packages/airflow/example_dags/example_complex.py
[2021-08-28 23:43:39,701] {processor.py:613} INFO - Processing file /home/paolo/Documents/Github/case-study-1-october2020-data-sweepers/DataExtraction/ENV/lib/python3.8/site-packages/airflow/example_dags/example_complex.py for tasks to queue
[2021-08-28 23:43:39,703] {logging_mixin.py:109} INFO - [2021-08-28 23:43:39,702] {dagbag.py:496} INFO - Filling up the DagBag from /home/paolo/Documents/Github/case-study-1-october2020-data-sweepers/DataExtraction/ENV/lib/python3.8/site-packages/airflow/example_dags/example_complex.py
[2021-08-28 23:43:39,725] {processor.py:623} INFO - DAG(s) dict_keys(['example_complex']) retrieved from /home/paolo/Documents/Github/case-study-1-october2020-data-sweepers/DataExtraction/ENV/lib/python3.8/site-packages/airflow/example_dags/example_complex.py
[2021-08-28 23:43:39,739] {logging_mixin.py:109} INFO - [2021-08-28 23:43:39,739] {dag.py:1833} INFO - Sync 1 DAGs
[2021-08-28 23:43:39,749] {logging_mixin.py:109} INFO - [2021-08-28 23:43:39,749] {dag.py:2306} INFO - Setting next_dagrun for example_complex to None
[2021-08-28 23:43:39,767] {processor.py:170} INFO - Processing /home/paolo/Documents/Github/case-study-1-october2020-data-sweepers/DataExtraction/ENV/lib/python3.8/site-packages/airflow/example_dags/example_complex.py took 0.078 seconds
[2021-08-28 23:44:11,219] {processor.py:162} INFO - Started process (PID=14466) to work on /home/paolo/Documents/Github/case-study-1-october2020-data-sweepers/DataExtraction/ENV/lib/python3.8/site-packages/airflow/example_dags/example_complex.py
[2021-08-28 23:44:11,220] {processor.py:613} INFO - Processing file /home/paolo/Documents/Github/case-study-1-october2020-data-sweepers/DataExtraction/ENV/lib/python3.8/site-packages/airflow/example_dags/example_complex.py for tasks to queue
[2021-08-28 23:44:11,221] {logging_mixin.py:109} INFO - [2021-08-28 23:44:11,221] {dagbag.py:496} INFO - Filling up the DagBag from /home/paolo/Documents/Github/case-study-1-october2020-data-sweepers/DataExtraction/ENV/lib/python3.8/site-packages/airflow/example_dags/example_complex.py
[2021-08-28 23:44:11,237] {processor.py:623} INFO - DAG(s) dict_keys(['example_complex']) retrieved from /home/paolo/Documents/Github/case-study-1-october2020-data-sweepers/DataExtraction/ENV/lib/python3.8/site-packages/airflow/example_dags/example_complex.py
[2021-08-28 23:44:11,254] {logging_mixin.py:109} INFO - [2021-08-28 23:44:11,254] {dag.py:1833} INFO - Sync 1 DAGs
[2021-08-28 23:44:11,265] {logging_mixin.py:109} INFO - [2021-08-28 23:44:11,265] {dag.py:2306} INFO - Setting next_dagrun for example_complex to None
[2021-08-28 23:44:11,283] {processor.py:170} INFO - Processing /home/paolo/Documents/Github/case-study-1-october2020-data-sweepers/DataExtraction/ENV/lib/python3.8/site-packages/airflow/example_dags/example_complex.py took 0.066 seconds
[2021-08-28 23:44:49,590] {processor.py:162} INFO - Started process (PID=14553) to work on /home/paolo/Documents/Github/case-study-1-october2020-data-sweepers/DataExtraction/ENV/lib/python3.8/site-packages/airflow/example_dags/example_complex.py
[2021-08-28 23:44:49,592] {processor.py:613} INFO - Processing file /home/paolo/Documents/Github/case-study-1-october2020-data-sweepers/DataExtraction/ENV/lib/python3.8/site-packages/airflow/example_dags/example_complex.py for tasks to queue
[2021-08-28 23:44:49,594] {logging_mixin.py:109} INFO - [2021-08-28 23:44:49,594] {dagbag.py:496} INFO - Filling up the DagBag from /home/paolo/Documents/Github/case-study-1-october2020-data-sweepers/DataExtraction/ENV/lib/python3.8/site-packages/airflow/example_dags/example_complex.py
[2021-08-28 23:44:49,632] {processor.py:623} INFO - DAG(s) dict_keys(['example_complex']) retrieved from /home/paolo/Documents/Github/case-study-1-october2020-data-sweepers/DataExtraction/ENV/lib/python3.8/site-packages/airflow/example_dags/example_complex.py
[2021-08-28 23:44:49,666] {logging_mixin.py:109} INFO - [2021-08-28 23:44:49,665] {dag.py:1833} INFO - Sync 1 DAGs
[2021-08-28 23:44:49,681] {logging_mixin.py:109} INFO - [2021-08-28 23:44:49,680] {dag.py:2306} INFO - Setting next_dagrun for example_complex to None
[2021-08-28 23:44:49,704] {processor.py:170} INFO - Processing /home/paolo/Documents/Github/case-study-1-october2020-data-sweepers/DataExtraction/ENV/lib/python3.8/site-packages/airflow/example_dags/example_complex.py took 0.119 seconds
[2021-08-28 23:45:28,438] {processor.py:162} INFO - Started process (PID=14618) to work on /home/paolo/Documents/Github/case-study-1-october2020-data-sweepers/DataExtraction/ENV/lib/python3.8/site-packages/airflow/example_dags/example_complex.py
[2021-08-28 23:45:28,441] {processor.py:613} INFO - Processing file /home/paolo/Documents/Github/case-study-1-october2020-data-sweepers/DataExtraction/ENV/lib/python3.8/site-packages/airflow/example_dags/example_complex.py for tasks to queue
[2021-08-28 23:45:28,442] {logging_mixin.py:109} INFO - [2021-08-28 23:45:28,442] {dagbag.py:496} INFO - Filling up the DagBag from /home/paolo/Documents/Github/case-study-1-october2020-data-sweepers/DataExtraction/ENV/lib/python3.8/site-packages/airflow/example_dags/example_complex.py
[2021-08-28 23:45:28,481] {processor.py:623} INFO - DAG(s) dict_keys(['example_complex']) retrieved from /home/paolo/Documents/Github/case-study-1-october2020-data-sweepers/DataExtraction/ENV/lib/python3.8/site-packages/airflow/example_dags/example_complex.py
[2021-08-28 23:45:28,527] {logging_mixin.py:109} INFO - [2021-08-28 23:45:28,526] {dag.py:1833} INFO - Sync 1 DAGs
[2021-08-28 23:45:28,544] {logging_mixin.py:109} INFO - [2021-08-28 23:45:28,544] {dag.py:2306} INFO - Setting next_dagrun for example_complex to None
[2021-08-28 23:45:28,580] {processor.py:170} INFO - Processing /home/paolo/Documents/Github/case-study-1-october2020-data-sweepers/DataExtraction/ENV/lib/python3.8/site-packages/airflow/example_dags/example_complex.py took 0.148 seconds
[2021-08-28 23:46:09,627] {processor.py:162} INFO - Started process (PID=14681) to work on /home/paolo/Documents/Github/case-study-1-october2020-data-sweepers/DataExtraction/ENV/lib/python3.8/site-packages/airflow/example_dags/example_complex.py
[2021-08-28 23:46:09,629] {processor.py:613} INFO - Processing file /home/paolo/Documents/Github/case-study-1-october2020-data-sweepers/DataExtraction/ENV/lib/python3.8/site-packages/airflow/example_dags/example_complex.py for tasks to queue
[2021-08-28 23:46:09,630] {logging_mixin.py:109} INFO - [2021-08-28 23:46:09,630] {dagbag.py:496} INFO - Filling up the DagBag from /home/paolo/Documents/Github/case-study-1-october2020-data-sweepers/DataExtraction/ENV/lib/python3.8/site-packages/airflow/example_dags/example_complex.py
[2021-08-28 23:46:09,669] {processor.py:623} INFO - DAG(s) dict_keys(['example_complex']) retrieved from /home/paolo/Documents/Github/case-study-1-october2020-data-sweepers/DataExtraction/ENV/lib/python3.8/site-packages/airflow/example_dags/example_complex.py
[2021-08-28 23:46:09,713] {logging_mixin.py:109} INFO - [2021-08-28 23:46:09,713] {dag.py:1833} INFO - Sync 1 DAGs
[2021-08-28 23:46:09,742] {logging_mixin.py:109} INFO - [2021-08-28 23:46:09,742] {dag.py:2306} INFO - Setting next_dagrun for example_complex to None
[2021-08-28 23:46:09,780] {processor.py:170} INFO - Processing /home/paolo/Documents/Github/case-study-1-october2020-data-sweepers/DataExtraction/ENV/lib/python3.8/site-packages/airflow/example_dags/example_complex.py took 0.161 seconds
[2021-08-28 23:46:48,351] {processor.py:162} INFO - Started process (PID=14761) to work on /home/paolo/Documents/Github/case-study-1-october2020-data-sweepers/DataExtraction/ENV/lib/python3.8/site-packages/airflow/example_dags/example_complex.py
[2021-08-28 23:46:48,353] {processor.py:613} INFO - Processing file /home/paolo/Documents/Github/case-study-1-october2020-data-sweepers/DataExtraction/ENV/lib/python3.8/site-packages/airflow/example_dags/example_complex.py for tasks to queue
[2021-08-28 23:46:48,357] {logging_mixin.py:109} INFO - [2021-08-28 23:46:48,355] {dagbag.py:496} INFO - Filling up the DagBag from /home/paolo/Documents/Github/case-study-1-october2020-data-sweepers/DataExtraction/ENV/lib/python3.8/site-packages/airflow/example_dags/example_complex.py
[2021-08-28 23:46:48,401] {processor.py:623} INFO - DAG(s) dict_keys(['example_complex']) retrieved from /home/paolo/Documents/Github/case-study-1-october2020-data-sweepers/DataExtraction/ENV/lib/python3.8/site-packages/airflow/example_dags/example_complex.py
[2021-08-28 23:46:48,434] {logging_mixin.py:109} INFO - [2021-08-28 23:46:48,434] {dag.py:1833} INFO - Sync 1 DAGs
[2021-08-28 23:46:48,461] {logging_mixin.py:109} INFO - [2021-08-28 23:46:48,461] {dag.py:2306} INFO - Setting next_dagrun for example_complex to None
[2021-08-28 23:46:48,500] {processor.py:170} INFO - Processing /home/paolo/Documents/Github/case-study-1-october2020-data-sweepers/DataExtraction/ENV/lib/python3.8/site-packages/airflow/example_dags/example_complex.py took 0.153 seconds
[2021-08-28 23:47:26,251] {processor.py:162} INFO - Started process (PID=14847) to work on /home/paolo/Documents/Github/case-study-1-october2020-data-sweepers/DataExtraction/ENV/lib/python3.8/site-packages/airflow/example_dags/example_complex.py
[2021-08-28 23:47:26,254] {processor.py:613} INFO - Processing file /home/paolo/Documents/Github/case-study-1-october2020-data-sweepers/DataExtraction/ENV/lib/python3.8/site-packages/airflow/example_dags/example_complex.py for tasks to queue
[2021-08-28 23:47:26,254] {logging_mixin.py:109} INFO - [2021-08-28 23:47:26,254] {dagbag.py:496} INFO - Filling up the DagBag from /home/paolo/Documents/Github/case-study-1-october2020-data-sweepers/DataExtraction/ENV/lib/python3.8/site-packages/airflow/example_dags/example_complex.py
[2021-08-28 23:47:26,324] {processor.py:623} INFO - DAG(s) dict_keys(['example_complex']) retrieved from /home/paolo/Documents/Github/case-study-1-october2020-data-sweepers/DataExtraction/ENV/lib/python3.8/site-packages/airflow/example_dags/example_complex.py
[2021-08-28 23:47:26,364] {logging_mixin.py:109} INFO - [2021-08-28 23:47:26,363] {dag.py:1833} INFO - Sync 1 DAGs
[2021-08-28 23:47:26,394] {logging_mixin.py:109} INFO - [2021-08-28 23:47:26,394] {dag.py:2306} INFO - Setting next_dagrun for example_complex to None
[2021-08-28 23:47:26,426] {processor.py:170} INFO - Processing /home/paolo/Documents/Github/case-study-1-october2020-data-sweepers/DataExtraction/ENV/lib/python3.8/site-packages/airflow/example_dags/example_complex.py took 0.182 seconds
[2021-08-28 23:48:04,877] {processor.py:162} INFO - Started process (PID=14909) to work on /home/paolo/Documents/Github/case-study-1-october2020-data-sweepers/DataExtraction/ENV/lib/python3.8/site-packages/airflow/example_dags/example_complex.py
[2021-08-28 23:48:04,879] {processor.py:613} INFO - Processing file /home/paolo/Documents/Github/case-study-1-october2020-data-sweepers/DataExtraction/ENV/lib/python3.8/site-packages/airflow/example_dags/example_complex.py for tasks to queue
[2021-08-28 23:48:04,880] {logging_mixin.py:109} INFO - [2021-08-28 23:48:04,880] {dagbag.py:496} INFO - Filling up the DagBag from /home/paolo/Documents/Github/case-study-1-october2020-data-sweepers/DataExtraction/ENV/lib/python3.8/site-packages/airflow/example_dags/example_complex.py
[2021-08-28 23:48:04,928] {processor.py:623} INFO - DAG(s) dict_keys(['example_complex']) retrieved from /home/paolo/Documents/Github/case-study-1-october2020-data-sweepers/DataExtraction/ENV/lib/python3.8/site-packages/airflow/example_dags/example_complex.py
[2021-08-28 23:48:04,970] {logging_mixin.py:109} INFO - [2021-08-28 23:48:04,970] {dag.py:1833} INFO - Sync 1 DAGs
[2021-08-28 23:48:04,994] {logging_mixin.py:109} INFO - [2021-08-28 23:48:04,994] {dag.py:2306} INFO - Setting next_dagrun for example_complex to None
[2021-08-28 23:48:05,023] {processor.py:170} INFO - Processing /home/paolo/Documents/Github/case-study-1-october2020-data-sweepers/DataExtraction/ENV/lib/python3.8/site-packages/airflow/example_dags/example_complex.py took 0.150 seconds
[2021-08-28 23:48:45,583] {processor.py:162} INFO - Started process (PID=14976) to work on /home/paolo/Documents/Github/case-study-1-october2020-data-sweepers/DataExtraction/ENV/lib/python3.8/site-packages/airflow/example_dags/example_complex.py
[2021-08-28 23:48:45,585] {processor.py:613} INFO - Processing file /home/paolo/Documents/Github/case-study-1-october2020-data-sweepers/DataExtraction/ENV/lib/python3.8/site-packages/airflow/example_dags/example_complex.py for tasks to queue
[2021-08-28 23:48:45,585] {logging_mixin.py:109} INFO - [2021-08-28 23:48:45,585] {dagbag.py:496} INFO - Filling up the DagBag from /home/paolo/Documents/Github/case-study-1-october2020-data-sweepers/DataExtraction/ENV/lib/python3.8/site-packages/airflow/example_dags/example_complex.py
[2021-08-28 23:48:45,644] {processor.py:623} INFO - DAG(s) dict_keys(['example_complex']) retrieved from /home/paolo/Documents/Github/case-study-1-october2020-data-sweepers/DataExtraction/ENV/lib/python3.8/site-packages/airflow/example_dags/example_complex.py
[2021-08-28 23:48:45,754] {logging_mixin.py:109} INFO - [2021-08-28 23:48:45,754] {dag.py:1833} INFO - Sync 1 DAGs
[2021-08-28 23:48:45,781] {logging_mixin.py:109} INFO - [2021-08-28 23:48:45,781] {dag.py:2306} INFO - Setting next_dagrun for example_complex to None
[2021-08-28 23:48:45,845] {processor.py:170} INFO - Processing /home/paolo/Documents/Github/case-study-1-october2020-data-sweepers/DataExtraction/ENV/lib/python3.8/site-packages/airflow/example_dags/example_complex.py took 0.269 seconds
[2021-08-28 23:49:23,639] {processor.py:162} INFO - Started process (PID=15092) to work on /home/paolo/Documents/Github/case-study-1-october2020-data-sweepers/DataExtraction/ENV/lib/python3.8/site-packages/airflow/example_dags/example_complex.py
[2021-08-28 23:49:23,640] {processor.py:613} INFO - Processing file /home/paolo/Documents/Github/case-study-1-october2020-data-sweepers/DataExtraction/ENV/lib/python3.8/site-packages/airflow/example_dags/example_complex.py for tasks to queue
[2021-08-28 23:49:23,641] {logging_mixin.py:109} INFO - [2021-08-28 23:49:23,640] {dagbag.py:496} INFO - Filling up the DagBag from /home/paolo/Documents/Github/case-study-1-october2020-data-sweepers/DataExtraction/ENV/lib/python3.8/site-packages/airflow/example_dags/example_complex.py
[2021-08-28 23:49:23,671] {processor.py:623} INFO - DAG(s) dict_keys(['example_complex']) retrieved from /home/paolo/Documents/Github/case-study-1-october2020-data-sweepers/DataExtraction/ENV/lib/python3.8/site-packages/airflow/example_dags/example_complex.py
[2021-08-28 23:49:23,694] {logging_mixin.py:109} INFO - [2021-08-28 23:49:23,694] {dag.py:1833} INFO - Sync 1 DAGs
[2021-08-28 23:49:23,707] {logging_mixin.py:109} INFO - [2021-08-28 23:49:23,707] {dag.py:2306} INFO - Setting next_dagrun for example_complex to None
[2021-08-28 23:49:23,730] {processor.py:170} INFO - Processing /home/paolo/Documents/Github/case-study-1-october2020-data-sweepers/DataExtraction/ENV/lib/python3.8/site-packages/airflow/example_dags/example_complex.py took 0.094 seconds
[2021-08-28 23:49:59,844] {processor.py:162} INFO - Started process (PID=15165) to work on /home/paolo/Documents/Github/case-study-1-october2020-data-sweepers/DataExtraction/ENV/lib/python3.8/site-packages/airflow/example_dags/example_complex.py
[2021-08-28 23:49:59,848] {processor.py:613} INFO - Processing file /home/paolo/Documents/Github/case-study-1-october2020-data-sweepers/DataExtraction/ENV/lib/python3.8/site-packages/airflow/example_dags/example_complex.py for tasks to queue
[2021-08-28 23:49:59,850] {logging_mixin.py:109} INFO - [2021-08-28 23:49:59,849] {dagbag.py:496} INFO - Filling up the DagBag from /home/paolo/Documents/Github/case-study-1-october2020-data-sweepers/DataExtraction/ENV/lib/python3.8/site-packages/airflow/example_dags/example_complex.py
[2021-08-28 23:49:59,898] {processor.py:623} INFO - DAG(s) dict_keys(['example_complex']) retrieved from /home/paolo/Documents/Github/case-study-1-october2020-data-sweepers/DataExtraction/ENV/lib/python3.8/site-packages/airflow/example_dags/example_complex.py
[2021-08-28 23:49:59,936] {logging_mixin.py:109} INFO - [2021-08-28 23:49:59,936] {dag.py:1833} INFO - Sync 1 DAGs
[2021-08-28 23:49:59,959] {logging_mixin.py:109} INFO - [2021-08-28 23:49:59,959] {dag.py:2306} INFO - Setting next_dagrun for example_complex to None
[2021-08-28 23:49:59,990] {processor.py:170} INFO - Processing /home/paolo/Documents/Github/case-study-1-october2020-data-sweepers/DataExtraction/ENV/lib/python3.8/site-packages/airflow/example_dags/example_complex.py took 0.158 seconds
[2021-08-28 23:50:33,627] {processor.py:162} INFO - Started process (PID=15244) to work on /home/paolo/Documents/Github/case-study-1-october2020-data-sweepers/DataExtraction/ENV/lib/python3.8/site-packages/airflow/example_dags/example_complex.py
[2021-08-28 23:50:33,628] {processor.py:613} INFO - Processing file /home/paolo/Documents/Github/case-study-1-october2020-data-sweepers/DataExtraction/ENV/lib/python3.8/site-packages/airflow/example_dags/example_complex.py for tasks to queue
[2021-08-28 23:50:33,629] {logging_mixin.py:109} INFO - [2021-08-28 23:50:33,629] {dagbag.py:496} INFO - Filling up the DagBag from /home/paolo/Documents/Github/case-study-1-october2020-data-sweepers/DataExtraction/ENV/lib/python3.8/site-packages/airflow/example_dags/example_complex.py
[2021-08-28 23:50:33,651] {processor.py:623} INFO - DAG(s) dict_keys(['example_complex']) retrieved from /home/paolo/Documents/Github/case-study-1-october2020-data-sweepers/DataExtraction/ENV/lib/python3.8/site-packages/airflow/example_dags/example_complex.py
[2021-08-28 23:50:33,673] {logging_mixin.py:109} INFO - [2021-08-28 23:50:33,672] {dag.py:1833} INFO - Sync 1 DAGs
[2021-08-28 23:50:33,695] {logging_mixin.py:109} INFO - [2021-08-28 23:50:33,695] {dag.py:2306} INFO - Setting next_dagrun for example_complex to None
[2021-08-28 23:50:33,720] {processor.py:170} INFO - Processing /home/paolo/Documents/Github/case-study-1-october2020-data-sweepers/DataExtraction/ENV/lib/python3.8/site-packages/airflow/example_dags/example_complex.py took 0.096 seconds
[2021-08-28 23:51:08,192] {processor.py:162} INFO - Started process (PID=15307) to work on /home/paolo/Documents/Github/case-study-1-october2020-data-sweepers/DataExtraction/ENV/lib/python3.8/site-packages/airflow/example_dags/example_complex.py
[2021-08-28 23:51:08,193] {processor.py:613} INFO - Processing file /home/paolo/Documents/Github/case-study-1-october2020-data-sweepers/DataExtraction/ENV/lib/python3.8/site-packages/airflow/example_dags/example_complex.py for tasks to queue
[2021-08-28 23:51:08,194] {logging_mixin.py:109} INFO - [2021-08-28 23:51:08,194] {dagbag.py:496} INFO - Filling up the DagBag from /home/paolo/Documents/Github/case-study-1-october2020-data-sweepers/DataExtraction/ENV/lib/python3.8/site-packages/airflow/example_dags/example_complex.py
[2021-08-28 23:51:08,231] {processor.py:623} INFO - DAG(s) dict_keys(['example_complex']) retrieved from /home/paolo/Documents/Github/case-study-1-october2020-data-sweepers/DataExtraction/ENV/lib/python3.8/site-packages/airflow/example_dags/example_complex.py
[2021-08-28 23:51:08,264] {logging_mixin.py:109} INFO - [2021-08-28 23:51:08,264] {dag.py:1833} INFO - Sync 1 DAGs
[2021-08-28 23:51:08,283] {logging_mixin.py:109} INFO - [2021-08-28 23:51:08,283] {dag.py:2306} INFO - Setting next_dagrun for example_complex to None
[2021-08-28 23:51:08,308] {processor.py:170} INFO - Processing /home/paolo/Documents/Github/case-study-1-october2020-data-sweepers/DataExtraction/ENV/lib/python3.8/site-packages/airflow/example_dags/example_complex.py took 0.130 seconds
[2021-08-28 23:51:44,262] {processor.py:162} INFO - Started process (PID=15409) to work on /home/paolo/Documents/Github/case-study-1-october2020-data-sweepers/DataExtraction/ENV/lib/python3.8/site-packages/airflow/example_dags/example_complex.py
[2021-08-28 23:51:44,263] {processor.py:613} INFO - Processing file /home/paolo/Documents/Github/case-study-1-october2020-data-sweepers/DataExtraction/ENV/lib/python3.8/site-packages/airflow/example_dags/example_complex.py for tasks to queue
[2021-08-28 23:51:44,264] {logging_mixin.py:109} INFO - [2021-08-28 23:51:44,264] {dagbag.py:496} INFO - Filling up the DagBag from /home/paolo/Documents/Github/case-study-1-october2020-data-sweepers/DataExtraction/ENV/lib/python3.8/site-packages/airflow/example_dags/example_complex.py
[2021-08-28 23:51:44,283] {processor.py:623} INFO - DAG(s) dict_keys(['example_complex']) retrieved from /home/paolo/Documents/Github/case-study-1-october2020-data-sweepers/DataExtraction/ENV/lib/python3.8/site-packages/airflow/example_dags/example_complex.py
[2021-08-28 23:51:44,304] {logging_mixin.py:109} INFO - [2021-08-28 23:51:44,304] {dag.py:1833} INFO - Sync 1 DAGs
[2021-08-28 23:51:44,314] {logging_mixin.py:109} INFO - [2021-08-28 23:51:44,314] {dag.py:2306} INFO - Setting next_dagrun for example_complex to None
[2021-08-28 23:51:44,326] {processor.py:170} INFO - Processing /home/paolo/Documents/Github/case-study-1-october2020-data-sweepers/DataExtraction/ENV/lib/python3.8/site-packages/airflow/example_dags/example_complex.py took 0.068 seconds
[2021-08-28 23:52:16,978] {processor.py:162} INFO - Started process (PID=15508) to work on /home/paolo/Documents/Github/case-study-1-october2020-data-sweepers/DataExtraction/ENV/lib/python3.8/site-packages/airflow/example_dags/example_complex.py
[2021-08-28 23:52:16,980] {processor.py:613} INFO - Processing file /home/paolo/Documents/Github/case-study-1-october2020-data-sweepers/DataExtraction/ENV/lib/python3.8/site-packages/airflow/example_dags/example_complex.py for tasks to queue
[2021-08-28 23:52:16,982] {logging_mixin.py:109} INFO - [2021-08-28 23:52:16,981] {dagbag.py:496} INFO - Filling up the DagBag from /home/paolo/Documents/Github/case-study-1-october2020-data-sweepers/DataExtraction/ENV/lib/python3.8/site-packages/airflow/example_dags/example_complex.py
[2021-08-28 23:52:17,012] {processor.py:623} INFO - DAG(s) dict_keys(['example_complex']) retrieved from /home/paolo/Documents/Github/case-study-1-october2020-data-sweepers/DataExtraction/ENV/lib/python3.8/site-packages/airflow/example_dags/example_complex.py
[2021-08-28 23:52:17,027] {logging_mixin.py:109} INFO - [2021-08-28 23:52:17,027] {dag.py:1833} INFO - Sync 1 DAGs
[2021-08-28 23:52:17,039] {logging_mixin.py:109} INFO - [2021-08-28 23:52:17,039] {dag.py:2306} INFO - Setting next_dagrun for example_complex to None
[2021-08-28 23:52:17,056] {processor.py:170} INFO - Processing /home/paolo/Documents/Github/case-study-1-october2020-data-sweepers/DataExtraction/ENV/lib/python3.8/site-packages/airflow/example_dags/example_complex.py took 0.086 seconds
[2021-08-28 23:52:50,572] {processor.py:162} INFO - Started process (PID=15600) to work on /home/paolo/Documents/Github/case-study-1-october2020-data-sweepers/DataExtraction/ENV/lib/python3.8/site-packages/airflow/example_dags/example_complex.py
[2021-08-28 23:52:50,573] {processor.py:613} INFO - Processing file /home/paolo/Documents/Github/case-study-1-october2020-data-sweepers/DataExtraction/ENV/lib/python3.8/site-packages/airflow/example_dags/example_complex.py for tasks to queue
[2021-08-28 23:52:50,573] {logging_mixin.py:109} INFO - [2021-08-28 23:52:50,573] {dagbag.py:496} INFO - Filling up the DagBag from /home/paolo/Documents/Github/case-study-1-october2020-data-sweepers/DataExtraction/ENV/lib/python3.8/site-packages/airflow/example_dags/example_complex.py
[2021-08-28 23:52:50,598] {processor.py:623} INFO - DAG(s) dict_keys(['example_complex']) retrieved from /home/paolo/Documents/Github/case-study-1-october2020-data-sweepers/DataExtraction/ENV/lib/python3.8/site-packages/airflow/example_dags/example_complex.py
[2021-08-28 23:52:50,621] {logging_mixin.py:109} INFO - [2021-08-28 23:52:50,621] {dag.py:1833} INFO - Sync 1 DAGs
[2021-08-28 23:52:50,635] {logging_mixin.py:109} INFO - [2021-08-28 23:52:50,635] {dag.py:2306} INFO - Setting next_dagrun for example_complex to None
[2021-08-28 23:52:50,654] {processor.py:170} INFO - Processing /home/paolo/Documents/Github/case-study-1-october2020-data-sweepers/DataExtraction/ENV/lib/python3.8/site-packages/airflow/example_dags/example_complex.py took 0.084 seconds
[2021-08-28 23:53:23,990] {processor.py:162} INFO - Started process (PID=15673) to work on /home/paolo/Documents/Github/case-study-1-october2020-data-sweepers/DataExtraction/ENV/lib/python3.8/site-packages/airflow/example_dags/example_complex.py
[2021-08-28 23:53:23,991] {processor.py:613} INFO - Processing file /home/paolo/Documents/Github/case-study-1-october2020-data-sweepers/DataExtraction/ENV/lib/python3.8/site-packages/airflow/example_dags/example_complex.py for tasks to queue
[2021-08-28 23:53:23,992] {logging_mixin.py:109} INFO - [2021-08-28 23:53:23,992] {dagbag.py:496} INFO - Filling up the DagBag from /home/paolo/Documents/Github/case-study-1-october2020-data-sweepers/DataExtraction/ENV/lib/python3.8/site-packages/airflow/example_dags/example_complex.py
[2021-08-28 23:53:24,009] {processor.py:623} INFO - DAG(s) dict_keys(['example_complex']) retrieved from /home/paolo/Documents/Github/case-study-1-october2020-data-sweepers/DataExtraction/ENV/lib/python3.8/site-packages/airflow/example_dags/example_complex.py
[2021-08-28 23:53:24,023] {logging_mixin.py:109} INFO - [2021-08-28 23:53:24,023] {dag.py:1833} INFO - Sync 1 DAGs
[2021-08-28 23:53:24,032] {logging_mixin.py:109} INFO - [2021-08-28 23:53:24,032] {dag.py:2306} INFO - Setting next_dagrun for example_complex to None
[2021-08-28 23:53:24,048] {processor.py:170} INFO - Processing /home/paolo/Documents/Github/case-study-1-october2020-data-sweepers/DataExtraction/ENV/lib/python3.8/site-packages/airflow/example_dags/example_complex.py took 0.060 seconds
[2021-08-28 23:56:07,346] {processor.py:162} INFO - Started process (PID=16314) to work on /home/paolo/Documents/Github/case-study-1-october2020-data-sweepers/DataExtraction/ENV/lib/python3.8/site-packages/airflow/example_dags/example_complex.py
[2021-08-28 23:56:07,349] {processor.py:613} INFO - Processing file /home/paolo/Documents/Github/case-study-1-october2020-data-sweepers/DataExtraction/ENV/lib/python3.8/site-packages/airflow/example_dags/example_complex.py for tasks to queue
[2021-08-28 23:56:07,350] {logging_mixin.py:109} INFO - [2021-08-28 23:56:07,350] {dagbag.py:496} INFO - Filling up the DagBag from /home/paolo/Documents/Github/case-study-1-october2020-data-sweepers/DataExtraction/ENV/lib/python3.8/site-packages/airflow/example_dags/example_complex.py
[2021-08-28 23:56:07,372] {processor.py:623} INFO - DAG(s) dict_keys(['example_complex']) retrieved from /home/paolo/Documents/Github/case-study-1-october2020-data-sweepers/DataExtraction/ENV/lib/python3.8/site-packages/airflow/example_dags/example_complex.py
[2021-08-28 23:56:07,403] {logging_mixin.py:109} INFO - [2021-08-28 23:56:07,403] {dag.py:1833} INFO - Sync 1 DAGs
[2021-08-28 23:56:07,420] {logging_mixin.py:109} INFO - [2021-08-28 23:56:07,420] {dag.py:2306} INFO - Setting next_dagrun for example_complex to None
[2021-08-28 23:56:07,443] {processor.py:170} INFO - Processing /home/paolo/Documents/Github/case-study-1-october2020-data-sweepers/DataExtraction/ENV/lib/python3.8/site-packages/airflow/example_dags/example_complex.py took 0.102 seconds
[2021-08-28 23:56:47,510] {processor.py:162} INFO - Started process (PID=16635) to work on /home/paolo/Documents/Github/case-study-1-october2020-data-sweepers/DataExtraction/ENV/lib/python3.8/site-packages/airflow/example_dags/example_complex.py
[2021-08-28 23:56:47,511] {processor.py:613} INFO - Processing file /home/paolo/Documents/Github/case-study-1-october2020-data-sweepers/DataExtraction/ENV/lib/python3.8/site-packages/airflow/example_dags/example_complex.py for tasks to queue
[2021-08-28 23:56:47,512] {logging_mixin.py:109} INFO - [2021-08-28 23:56:47,511] {dagbag.py:496} INFO - Filling up the DagBag from /home/paolo/Documents/Github/case-study-1-october2020-data-sweepers/DataExtraction/ENV/lib/python3.8/site-packages/airflow/example_dags/example_complex.py
[2021-08-28 23:56:47,526] {processor.py:623} INFO - DAG(s) dict_keys(['example_complex']) retrieved from /home/paolo/Documents/Github/case-study-1-october2020-data-sweepers/DataExtraction/ENV/lib/python3.8/site-packages/airflow/example_dags/example_complex.py
[2021-08-28 23:56:47,541] {logging_mixin.py:109} INFO - [2021-08-28 23:56:47,540] {dag.py:1833} INFO - Sync 1 DAGs
[2021-08-28 23:56:47,550] {logging_mixin.py:109} INFO - [2021-08-28 23:56:47,550] {dag.py:2306} INFO - Setting next_dagrun for example_complex to None
[2021-08-28 23:56:47,566] {processor.py:170} INFO - Processing /home/paolo/Documents/Github/case-study-1-october2020-data-sweepers/DataExtraction/ENV/lib/python3.8/site-packages/airflow/example_dags/example_complex.py took 0.058 seconds
[2021-08-28 23:57:25,687] {processor.py:162} INFO - Started process (PID=16943) to work on /home/paolo/Documents/Github/case-study-1-october2020-data-sweepers/DataExtraction/ENV/lib/python3.8/site-packages/airflow/example_dags/example_complex.py
[2021-08-28 23:57:25,689] {processor.py:613} INFO - Processing file /home/paolo/Documents/Github/case-study-1-october2020-data-sweepers/DataExtraction/ENV/lib/python3.8/site-packages/airflow/example_dags/example_complex.py for tasks to queue
[2021-08-28 23:57:25,690] {logging_mixin.py:109} INFO - [2021-08-28 23:57:25,689] {dagbag.py:496} INFO - Filling up the DagBag from /home/paolo/Documents/Github/case-study-1-october2020-data-sweepers/DataExtraction/ENV/lib/python3.8/site-packages/airflow/example_dags/example_complex.py
[2021-08-28 23:57:25,706] {processor.py:623} INFO - DAG(s) dict_keys(['example_complex']) retrieved from /home/paolo/Documents/Github/case-study-1-october2020-data-sweepers/DataExtraction/ENV/lib/python3.8/site-packages/airflow/example_dags/example_complex.py
[2021-08-28 23:57:25,720] {logging_mixin.py:109} INFO - [2021-08-28 23:57:25,720] {dag.py:1833} INFO - Sync 1 DAGs
[2021-08-28 23:57:25,731] {logging_mixin.py:109} INFO - [2021-08-28 23:57:25,731] {dag.py:2306} INFO - Setting next_dagrun for example_complex to None
[2021-08-28 23:57:25,749] {processor.py:170} INFO - Processing /home/paolo/Documents/Github/case-study-1-october2020-data-sweepers/DataExtraction/ENV/lib/python3.8/site-packages/airflow/example_dags/example_complex.py took 0.064 seconds
[2021-08-28 23:58:05,611] {processor.py:162} INFO - Started process (PID=17285) to work on /home/paolo/Documents/Github/case-study-1-october2020-data-sweepers/DataExtraction/ENV/lib/python3.8/site-packages/airflow/example_dags/example_complex.py
[2021-08-28 23:58:05,612] {processor.py:613} INFO - Processing file /home/paolo/Documents/Github/case-study-1-october2020-data-sweepers/DataExtraction/ENV/lib/python3.8/site-packages/airflow/example_dags/example_complex.py for tasks to queue
[2021-08-28 23:58:05,613] {logging_mixin.py:109} INFO - [2021-08-28 23:58:05,613] {dagbag.py:496} INFO - Filling up the DagBag from /home/paolo/Documents/Github/case-study-1-october2020-data-sweepers/DataExtraction/ENV/lib/python3.8/site-packages/airflow/example_dags/example_complex.py
[2021-08-28 23:58:05,626] {processor.py:623} INFO - DAG(s) dict_keys(['example_complex']) retrieved from /home/paolo/Documents/Github/case-study-1-october2020-data-sweepers/DataExtraction/ENV/lib/python3.8/site-packages/airflow/example_dags/example_complex.py
[2021-08-28 23:58:05,640] {logging_mixin.py:109} INFO - [2021-08-28 23:58:05,640] {dag.py:1833} INFO - Sync 1 DAGs
[2021-08-28 23:58:05,649] {logging_mixin.py:109} INFO - [2021-08-28 23:58:05,649] {dag.py:2306} INFO - Setting next_dagrun for example_complex to None
[2021-08-28 23:58:05,664] {processor.py:170} INFO - Processing /home/paolo/Documents/Github/case-study-1-october2020-data-sweepers/DataExtraction/ENV/lib/python3.8/site-packages/airflow/example_dags/example_complex.py took 0.056 seconds
[2021-08-28 23:58:43,175] {processor.py:162} INFO - Started process (PID=17567) to work on /home/paolo/Documents/Github/case-study-1-october2020-data-sweepers/DataExtraction/ENV/lib/python3.8/site-packages/airflow/example_dags/example_complex.py
[2021-08-28 23:58:43,176] {processor.py:613} INFO - Processing file /home/paolo/Documents/Github/case-study-1-october2020-data-sweepers/DataExtraction/ENV/lib/python3.8/site-packages/airflow/example_dags/example_complex.py for tasks to queue
[2021-08-28 23:58:43,177] {logging_mixin.py:109} INFO - [2021-08-28 23:58:43,177] {dagbag.py:496} INFO - Filling up the DagBag from /home/paolo/Documents/Github/case-study-1-october2020-data-sweepers/DataExtraction/ENV/lib/python3.8/site-packages/airflow/example_dags/example_complex.py
[2021-08-28 23:58:43,194] {processor.py:623} INFO - DAG(s) dict_keys(['example_complex']) retrieved from /home/paolo/Documents/Github/case-study-1-october2020-data-sweepers/DataExtraction/ENV/lib/python3.8/site-packages/airflow/example_dags/example_complex.py
[2021-08-28 23:58:43,212] {logging_mixin.py:109} INFO - [2021-08-28 23:58:43,212] {dag.py:1833} INFO - Sync 1 DAGs
[2021-08-28 23:58:43,224] {logging_mixin.py:109} INFO - [2021-08-28 23:58:43,224] {dag.py:2306} INFO - Setting next_dagrun for example_complex to None
[2021-08-28 23:58:43,248] {processor.py:170} INFO - Processing /home/paolo/Documents/Github/case-study-1-october2020-data-sweepers/DataExtraction/ENV/lib/python3.8/site-packages/airflow/example_dags/example_complex.py took 0.076 seconds
