[2021-08-28 23:37:32,019] {processor.py:162} INFO - Started process (PID=13114) to work on /home/paolo/Documents/Github/case-study-1-october2020-data-sweepers/DataExtraction/ENV/lib/python3.8/site-packages/airflow/example_dags/example_trigger_controller_dag.py
[2021-08-28 23:37:32,020] {processor.py:613} INFO - Processing file /home/paolo/Documents/Github/case-study-1-october2020-data-sweepers/DataExtraction/ENV/lib/python3.8/site-packages/airflow/example_dags/example_trigger_controller_dag.py for tasks to queue
[2021-08-28 23:37:32,021] {logging_mixin.py:109} INFO - [2021-08-28 23:37:32,021] {dagbag.py:496} INFO - Filling up the DagBag from /home/paolo/Documents/Github/case-study-1-october2020-data-sweepers/DataExtraction/ENV/lib/python3.8/site-packages/airflow/example_dags/example_trigger_controller_dag.py
[2021-08-28 23:37:32,031] {processor.py:623} INFO - DAG(s) dict_keys(['example_trigger_controller_dag']) retrieved from /home/paolo/Documents/Github/case-study-1-october2020-data-sweepers/DataExtraction/ENV/lib/python3.8/site-packages/airflow/example_dags/example_trigger_controller_dag.py
[2021-08-28 23:37:32,044] {logging_mixin.py:109} INFO - [2021-08-28 23:37:32,044] {dag.py:1833} INFO - Sync 1 DAGs
[2021-08-28 23:37:32,054] {logging_mixin.py:109} INFO - [2021-08-28 23:37:32,054] {dag.py:2306} INFO - Setting next_dagrun for example_trigger_controller_dag to 2021-08-26 00:00:00+00:00
[2021-08-28 23:37:32,073] {processor.py:170} INFO - Processing /home/paolo/Documents/Github/case-study-1-october2020-data-sweepers/DataExtraction/ENV/lib/python3.8/site-packages/airflow/example_dags/example_trigger_controller_dag.py took 0.058 seconds
[2021-08-28 23:38:10,930] {processor.py:162} INFO - Started process (PID=13265) to work on /home/paolo/Documents/Github/case-study-1-october2020-data-sweepers/DataExtraction/ENV/lib/python3.8/site-packages/airflow/example_dags/example_trigger_controller_dag.py
[2021-08-28 23:38:10,936] {processor.py:613} INFO - Processing file /home/paolo/Documents/Github/case-study-1-october2020-data-sweepers/DataExtraction/ENV/lib/python3.8/site-packages/airflow/example_dags/example_trigger_controller_dag.py for tasks to queue
[2021-08-28 23:38:10,940] {logging_mixin.py:109} INFO - [2021-08-28 23:38:10,940] {dagbag.py:496} INFO - Filling up the DagBag from /home/paolo/Documents/Github/case-study-1-october2020-data-sweepers/DataExtraction/ENV/lib/python3.8/site-packages/airflow/example_dags/example_trigger_controller_dag.py
[2021-08-28 23:38:10,980] {processor.py:623} INFO - DAG(s) dict_keys(['example_trigger_controller_dag']) retrieved from /home/paolo/Documents/Github/case-study-1-october2020-data-sweepers/DataExtraction/ENV/lib/python3.8/site-packages/airflow/example_dags/example_trigger_controller_dag.py
[2021-08-28 23:38:11,012] {logging_mixin.py:109} INFO - [2021-08-28 23:38:11,012] {dag.py:1833} INFO - Sync 1 DAGs
[2021-08-28 23:38:11,059] {logging_mixin.py:109} INFO - [2021-08-28 23:38:11,059] {dag.py:2306} INFO - Setting next_dagrun for example_trigger_controller_dag to 2021-08-26 00:00:00+00:00
[2021-08-28 23:38:11,118] {processor.py:170} INFO - Processing /home/paolo/Documents/Github/case-study-1-october2020-data-sweepers/DataExtraction/ENV/lib/python3.8/site-packages/airflow/example_dags/example_trigger_controller_dag.py took 0.197 seconds
[2021-08-28 23:38:50,490] {processor.py:162} INFO - Started process (PID=13346) to work on /home/paolo/Documents/Github/case-study-1-october2020-data-sweepers/DataExtraction/ENV/lib/python3.8/site-packages/airflow/example_dags/example_trigger_controller_dag.py
[2021-08-28 23:38:50,491] {processor.py:613} INFO - Processing file /home/paolo/Documents/Github/case-study-1-october2020-data-sweepers/DataExtraction/ENV/lib/python3.8/site-packages/airflow/example_dags/example_trigger_controller_dag.py for tasks to queue
[2021-08-28 23:38:50,492] {logging_mixin.py:109} INFO - [2021-08-28 23:38:50,492] {dagbag.py:496} INFO - Filling up the DagBag from /home/paolo/Documents/Github/case-study-1-october2020-data-sweepers/DataExtraction/ENV/lib/python3.8/site-packages/airflow/example_dags/example_trigger_controller_dag.py
[2021-08-28 23:38:50,503] {processor.py:623} INFO - DAG(s) dict_keys(['example_trigger_controller_dag']) retrieved from /home/paolo/Documents/Github/case-study-1-october2020-data-sweepers/DataExtraction/ENV/lib/python3.8/site-packages/airflow/example_dags/example_trigger_controller_dag.py
[2021-08-28 23:38:50,518] {logging_mixin.py:109} INFO - [2021-08-28 23:38:50,518] {dag.py:1833} INFO - Sync 1 DAGs
[2021-08-28 23:38:50,530] {logging_mixin.py:109} INFO - [2021-08-28 23:38:50,530] {dag.py:2306} INFO - Setting next_dagrun for example_trigger_controller_dag to 2021-08-26 00:00:00+00:00
[2021-08-28 23:38:50,553] {processor.py:170} INFO - Processing /home/paolo/Documents/Github/case-study-1-october2020-data-sweepers/DataExtraction/ENV/lib/python3.8/site-packages/airflow/example_dags/example_trigger_controller_dag.py took 0.065 seconds
[2021-08-28 23:39:24,759] {processor.py:162} INFO - Started process (PID=13493) to work on /home/paolo/Documents/Github/case-study-1-october2020-data-sweepers/DataExtraction/ENV/lib/python3.8/site-packages/airflow/example_dags/example_trigger_controller_dag.py
[2021-08-28 23:39:24,768] {processor.py:613} INFO - Processing file /home/paolo/Documents/Github/case-study-1-october2020-data-sweepers/DataExtraction/ENV/lib/python3.8/site-packages/airflow/example_dags/example_trigger_controller_dag.py for tasks to queue
[2021-08-28 23:39:24,769] {logging_mixin.py:109} INFO - [2021-08-28 23:39:24,769] {dagbag.py:496} INFO - Filling up the DagBag from /home/paolo/Documents/Github/case-study-1-october2020-data-sweepers/DataExtraction/ENV/lib/python3.8/site-packages/airflow/example_dags/example_trigger_controller_dag.py
[2021-08-28 23:39:24,787] {processor.py:623} INFO - DAG(s) dict_keys(['example_trigger_controller_dag']) retrieved from /home/paolo/Documents/Github/case-study-1-october2020-data-sweepers/DataExtraction/ENV/lib/python3.8/site-packages/airflow/example_dags/example_trigger_controller_dag.py
[2021-08-28 23:39:24,807] {logging_mixin.py:109} INFO - [2021-08-28 23:39:24,807] {dag.py:1833} INFO - Sync 1 DAGs
[2021-08-28 23:39:24,830] {logging_mixin.py:109} INFO - [2021-08-28 23:39:24,830] {dag.py:2306} INFO - Setting next_dagrun for example_trigger_controller_dag to 2021-08-26 00:00:00+00:00
[2021-08-28 23:39:24,866] {processor.py:170} INFO - Processing /home/paolo/Documents/Github/case-study-1-october2020-data-sweepers/DataExtraction/ENV/lib/python3.8/site-packages/airflow/example_dags/example_trigger_controller_dag.py took 0.116 seconds
[2021-08-28 23:40:01,124] {processor.py:162} INFO - Started process (PID=13658) to work on /home/paolo/Documents/Github/case-study-1-october2020-data-sweepers/DataExtraction/ENV/lib/python3.8/site-packages/airflow/example_dags/example_trigger_controller_dag.py
[2021-08-28 23:40:01,125] {processor.py:613} INFO - Processing file /home/paolo/Documents/Github/case-study-1-october2020-data-sweepers/DataExtraction/ENV/lib/python3.8/site-packages/airflow/example_dags/example_trigger_controller_dag.py for tasks to queue
[2021-08-28 23:40:01,126] {logging_mixin.py:109} INFO - [2021-08-28 23:40:01,125] {dagbag.py:496} INFO - Filling up the DagBag from /home/paolo/Documents/Github/case-study-1-october2020-data-sweepers/DataExtraction/ENV/lib/python3.8/site-packages/airflow/example_dags/example_trigger_controller_dag.py
[2021-08-28 23:40:01,136] {processor.py:623} INFO - DAG(s) dict_keys(['example_trigger_controller_dag']) retrieved from /home/paolo/Documents/Github/case-study-1-october2020-data-sweepers/DataExtraction/ENV/lib/python3.8/site-packages/airflow/example_dags/example_trigger_controller_dag.py
[2021-08-28 23:40:01,153] {logging_mixin.py:109} INFO - [2021-08-28 23:40:01,152] {dag.py:1833} INFO - Sync 1 DAGs
[2021-08-28 23:40:01,167] {logging_mixin.py:109} INFO - [2021-08-28 23:40:01,167] {dag.py:2306} INFO - Setting next_dagrun for example_trigger_controller_dag to 2021-08-26 00:00:00+00:00
[2021-08-28 23:40:01,192] {processor.py:170} INFO - Processing /home/paolo/Documents/Github/case-study-1-october2020-data-sweepers/DataExtraction/ENV/lib/python3.8/site-packages/airflow/example_dags/example_trigger_controller_dag.py took 0.074 seconds
[2021-08-28 23:40:39,873] {processor.py:162} INFO - Started process (PID=13888) to work on /home/paolo/Documents/Github/case-study-1-october2020-data-sweepers/DataExtraction/ENV/lib/python3.8/site-packages/airflow/example_dags/example_trigger_controller_dag.py
[2021-08-28 23:40:39,874] {processor.py:613} INFO - Processing file /home/paolo/Documents/Github/case-study-1-october2020-data-sweepers/DataExtraction/ENV/lib/python3.8/site-packages/airflow/example_dags/example_trigger_controller_dag.py for tasks to queue
[2021-08-28 23:40:39,875] {logging_mixin.py:109} INFO - [2021-08-28 23:40:39,875] {dagbag.py:496} INFO - Filling up the DagBag from /home/paolo/Documents/Github/case-study-1-october2020-data-sweepers/DataExtraction/ENV/lib/python3.8/site-packages/airflow/example_dags/example_trigger_controller_dag.py
[2021-08-28 23:40:39,889] {processor.py:623} INFO - DAG(s) dict_keys(['example_trigger_controller_dag']) retrieved from /home/paolo/Documents/Github/case-study-1-october2020-data-sweepers/DataExtraction/ENV/lib/python3.8/site-packages/airflow/example_dags/example_trigger_controller_dag.py
[2021-08-28 23:40:39,906] {logging_mixin.py:109} INFO - [2021-08-28 23:40:39,906] {dag.py:1833} INFO - Sync 1 DAGs
[2021-08-28 23:40:39,925] {logging_mixin.py:109} INFO - [2021-08-28 23:40:39,925] {dag.py:2306} INFO - Setting next_dagrun for example_trigger_controller_dag to 2021-08-26 00:00:00+00:00
[2021-08-28 23:40:39,963] {processor.py:170} INFO - Processing /home/paolo/Documents/Github/case-study-1-october2020-data-sweepers/DataExtraction/ENV/lib/python3.8/site-packages/airflow/example_dags/example_trigger_controller_dag.py took 0.093 seconds
[2021-08-28 23:41:19,187] {processor.py:162} INFO - Started process (PID=14037) to work on /home/paolo/Documents/Github/case-study-1-october2020-data-sweepers/DataExtraction/ENV/lib/python3.8/site-packages/airflow/example_dags/example_trigger_controller_dag.py
[2021-08-28 23:41:19,193] {processor.py:613} INFO - Processing file /home/paolo/Documents/Github/case-study-1-october2020-data-sweepers/DataExtraction/ENV/lib/python3.8/site-packages/airflow/example_dags/example_trigger_controller_dag.py for tasks to queue
[2021-08-28 23:41:19,194] {logging_mixin.py:109} INFO - [2021-08-28 23:41:19,194] {dagbag.py:496} INFO - Filling up the DagBag from /home/paolo/Documents/Github/case-study-1-october2020-data-sweepers/DataExtraction/ENV/lib/python3.8/site-packages/airflow/example_dags/example_trigger_controller_dag.py
[2021-08-28 23:41:19,230] {processor.py:623} INFO - DAG(s) dict_keys(['example_trigger_controller_dag']) retrieved from /home/paolo/Documents/Github/case-study-1-october2020-data-sweepers/DataExtraction/ENV/lib/python3.8/site-packages/airflow/example_dags/example_trigger_controller_dag.py
[2021-08-28 23:41:19,287] {logging_mixin.py:109} INFO - [2021-08-28 23:41:19,286] {dag.py:1833} INFO - Sync 1 DAGs
[2021-08-28 23:41:19,321] {logging_mixin.py:109} INFO - [2021-08-28 23:41:19,321] {dag.py:2306} INFO - Setting next_dagrun for example_trigger_controller_dag to 2021-08-26 00:00:00+00:00
[2021-08-28 23:41:19,346] {processor.py:170} INFO - Processing /home/paolo/Documents/Github/case-study-1-october2020-data-sweepers/DataExtraction/ENV/lib/python3.8/site-packages/airflow/example_dags/example_trigger_controller_dag.py took 0.169 seconds
[2021-08-28 23:41:55,488] {processor.py:162} INFO - Started process (PID=14137) to work on /home/paolo/Documents/Github/case-study-1-october2020-data-sweepers/DataExtraction/ENV/lib/python3.8/site-packages/airflow/example_dags/example_trigger_controller_dag.py
[2021-08-28 23:41:55,490] {processor.py:613} INFO - Processing file /home/paolo/Documents/Github/case-study-1-october2020-data-sweepers/DataExtraction/ENV/lib/python3.8/site-packages/airflow/example_dags/example_trigger_controller_dag.py for tasks to queue
[2021-08-28 23:41:55,491] {logging_mixin.py:109} INFO - [2021-08-28 23:41:55,491] {dagbag.py:496} INFO - Filling up the DagBag from /home/paolo/Documents/Github/case-study-1-october2020-data-sweepers/DataExtraction/ENV/lib/python3.8/site-packages/airflow/example_dags/example_trigger_controller_dag.py
[2021-08-28 23:41:55,508] {processor.py:623} INFO - DAG(s) dict_keys(['example_trigger_controller_dag']) retrieved from /home/paolo/Documents/Github/case-study-1-october2020-data-sweepers/DataExtraction/ENV/lib/python3.8/site-packages/airflow/example_dags/example_trigger_controller_dag.py
[2021-08-28 23:41:55,519] {logging_mixin.py:109} INFO - [2021-08-28 23:41:55,519] {dag.py:1833} INFO - Sync 1 DAGs
[2021-08-28 23:41:55,529] {logging_mixin.py:109} INFO - [2021-08-28 23:41:55,528] {dag.py:2306} INFO - Setting next_dagrun for example_trigger_controller_dag to 2021-08-26 00:00:00+00:00
[2021-08-28 23:41:55,545] {processor.py:170} INFO - Processing /home/paolo/Documents/Github/case-study-1-october2020-data-sweepers/DataExtraction/ENV/lib/python3.8/site-packages/airflow/example_dags/example_trigger_controller_dag.py took 0.061 seconds
[2021-08-28 23:42:28,910] {processor.py:162} INFO - Started process (PID=14246) to work on /home/paolo/Documents/Github/case-study-1-october2020-data-sweepers/DataExtraction/ENV/lib/python3.8/site-packages/airflow/example_dags/example_trigger_controller_dag.py
[2021-08-28 23:42:28,912] {processor.py:613} INFO - Processing file /home/paolo/Documents/Github/case-study-1-october2020-data-sweepers/DataExtraction/ENV/lib/python3.8/site-packages/airflow/example_dags/example_trigger_controller_dag.py for tasks to queue
[2021-08-28 23:42:28,913] {logging_mixin.py:109} INFO - [2021-08-28 23:42:28,913] {dagbag.py:496} INFO - Filling up the DagBag from /home/paolo/Documents/Github/case-study-1-october2020-data-sweepers/DataExtraction/ENV/lib/python3.8/site-packages/airflow/example_dags/example_trigger_controller_dag.py
[2021-08-28 23:42:28,925] {processor.py:623} INFO - DAG(s) dict_keys(['example_trigger_controller_dag']) retrieved from /home/paolo/Documents/Github/case-study-1-october2020-data-sweepers/DataExtraction/ENV/lib/python3.8/site-packages/airflow/example_dags/example_trigger_controller_dag.py
[2021-08-28 23:42:28,939] {logging_mixin.py:109} INFO - [2021-08-28 23:42:28,938] {dag.py:1833} INFO - Sync 1 DAGs
[2021-08-28 23:42:28,949] {logging_mixin.py:109} INFO - [2021-08-28 23:42:28,948] {dag.py:2306} INFO - Setting next_dagrun for example_trigger_controller_dag to 2021-08-26 00:00:00+00:00
[2021-08-28 23:42:28,965] {processor.py:170} INFO - Processing /home/paolo/Documents/Github/case-study-1-october2020-data-sweepers/DataExtraction/ENV/lib/python3.8/site-packages/airflow/example_dags/example_trigger_controller_dag.py took 0.061 seconds
[2021-08-28 23:43:01,333] {processor.py:162} INFO - Started process (PID=14310) to work on /home/paolo/Documents/Github/case-study-1-october2020-data-sweepers/DataExtraction/ENV/lib/python3.8/site-packages/airflow/example_dags/example_trigger_controller_dag.py
[2021-08-28 23:43:01,335] {processor.py:613} INFO - Processing file /home/paolo/Documents/Github/case-study-1-october2020-data-sweepers/DataExtraction/ENV/lib/python3.8/site-packages/airflow/example_dags/example_trigger_controller_dag.py for tasks to queue
[2021-08-28 23:43:01,336] {logging_mixin.py:109} INFO - [2021-08-28 23:43:01,336] {dagbag.py:496} INFO - Filling up the DagBag from /home/paolo/Documents/Github/case-study-1-october2020-data-sweepers/DataExtraction/ENV/lib/python3.8/site-packages/airflow/example_dags/example_trigger_controller_dag.py
[2021-08-28 23:43:01,355] {processor.py:623} INFO - DAG(s) dict_keys(['example_trigger_controller_dag']) retrieved from /home/paolo/Documents/Github/case-study-1-october2020-data-sweepers/DataExtraction/ENV/lib/python3.8/site-packages/airflow/example_dags/example_trigger_controller_dag.py
[2021-08-28 23:43:01,367] {logging_mixin.py:109} INFO - [2021-08-28 23:43:01,367] {dag.py:1833} INFO - Sync 1 DAGs
[2021-08-28 23:43:01,376] {logging_mixin.py:109} INFO - [2021-08-28 23:43:01,376] {dag.py:2306} INFO - Setting next_dagrun for example_trigger_controller_dag to 2021-08-26 00:00:00+00:00
[2021-08-28 23:43:01,396] {processor.py:170} INFO - Processing /home/paolo/Documents/Github/case-study-1-october2020-data-sweepers/DataExtraction/ENV/lib/python3.8/site-packages/airflow/example_dags/example_trigger_controller_dag.py took 0.070 seconds
[2021-08-28 23:43:34,841] {processor.py:162} INFO - Started process (PID=14393) to work on /home/paolo/Documents/Github/case-study-1-october2020-data-sweepers/DataExtraction/ENV/lib/python3.8/site-packages/airflow/example_dags/example_trigger_controller_dag.py
[2021-08-28 23:43:34,842] {processor.py:613} INFO - Processing file /home/paolo/Documents/Github/case-study-1-october2020-data-sweepers/DataExtraction/ENV/lib/python3.8/site-packages/airflow/example_dags/example_trigger_controller_dag.py for tasks to queue
[2021-08-28 23:43:34,843] {logging_mixin.py:109} INFO - [2021-08-28 23:43:34,843] {dagbag.py:496} INFO - Filling up the DagBag from /home/paolo/Documents/Github/case-study-1-october2020-data-sweepers/DataExtraction/ENV/lib/python3.8/site-packages/airflow/example_dags/example_trigger_controller_dag.py
[2021-08-28 23:43:34,851] {processor.py:623} INFO - DAG(s) dict_keys(['example_trigger_controller_dag']) retrieved from /home/paolo/Documents/Github/case-study-1-october2020-data-sweepers/DataExtraction/ENV/lib/python3.8/site-packages/airflow/example_dags/example_trigger_controller_dag.py
[2021-08-28 23:43:34,863] {logging_mixin.py:109} INFO - [2021-08-28 23:43:34,863] {dag.py:1833} INFO - Sync 1 DAGs
[2021-08-28 23:43:34,872] {logging_mixin.py:109} INFO - [2021-08-28 23:43:34,872] {dag.py:2306} INFO - Setting next_dagrun for example_trigger_controller_dag to 2021-08-26 00:00:00+00:00
[2021-08-28 23:43:34,888] {processor.py:170} INFO - Processing /home/paolo/Documents/Github/case-study-1-october2020-data-sweepers/DataExtraction/ENV/lib/python3.8/site-packages/airflow/example_dags/example_trigger_controller_dag.py took 0.049 seconds
[2021-08-28 23:44:05,846] {processor.py:162} INFO - Started process (PID=14455) to work on /home/paolo/Documents/Github/case-study-1-october2020-data-sweepers/DataExtraction/ENV/lib/python3.8/site-packages/airflow/example_dags/example_trigger_controller_dag.py
[2021-08-28 23:44:05,851] {processor.py:613} INFO - Processing file /home/paolo/Documents/Github/case-study-1-october2020-data-sweepers/DataExtraction/ENV/lib/python3.8/site-packages/airflow/example_dags/example_trigger_controller_dag.py for tasks to queue
[2021-08-28 23:44:05,860] {logging_mixin.py:109} INFO - [2021-08-28 23:44:05,859] {dagbag.py:496} INFO - Filling up the DagBag from /home/paolo/Documents/Github/case-study-1-october2020-data-sweepers/DataExtraction/ENV/lib/python3.8/site-packages/airflow/example_dags/example_trigger_controller_dag.py
[2021-08-28 23:44:05,879] {processor.py:623} INFO - DAG(s) dict_keys(['example_trigger_controller_dag']) retrieved from /home/paolo/Documents/Github/case-study-1-october2020-data-sweepers/DataExtraction/ENV/lib/python3.8/site-packages/airflow/example_dags/example_trigger_controller_dag.py
[2021-08-28 23:44:05,935] {logging_mixin.py:109} INFO - [2021-08-28 23:44:05,934] {dag.py:1833} INFO - Sync 1 DAGs
[2021-08-28 23:44:05,960] {logging_mixin.py:109} INFO - [2021-08-28 23:44:05,960] {dag.py:2306} INFO - Setting next_dagrun for example_trigger_controller_dag to 2021-08-26 00:00:00+00:00
[2021-08-28 23:44:06,010] {processor.py:170} INFO - Processing /home/paolo/Documents/Github/case-study-1-october2020-data-sweepers/DataExtraction/ENV/lib/python3.8/site-packages/airflow/example_dags/example_trigger_controller_dag.py took 0.168 seconds
[2021-08-28 23:44:41,044] {processor.py:162} INFO - Started process (PID=14536) to work on /home/paolo/Documents/Github/case-study-1-october2020-data-sweepers/DataExtraction/ENV/lib/python3.8/site-packages/airflow/example_dags/example_trigger_controller_dag.py
[2021-08-28 23:44:41,046] {processor.py:613} INFO - Processing file /home/paolo/Documents/Github/case-study-1-october2020-data-sweepers/DataExtraction/ENV/lib/python3.8/site-packages/airflow/example_dags/example_trigger_controller_dag.py for tasks to queue
[2021-08-28 23:44:41,048] {logging_mixin.py:109} INFO - [2021-08-28 23:44:41,048] {dagbag.py:496} INFO - Filling up the DagBag from /home/paolo/Documents/Github/case-study-1-october2020-data-sweepers/DataExtraction/ENV/lib/python3.8/site-packages/airflow/example_dags/example_trigger_controller_dag.py
[2021-08-28 23:44:41,072] {processor.py:623} INFO - DAG(s) dict_keys(['example_trigger_controller_dag']) retrieved from /home/paolo/Documents/Github/case-study-1-october2020-data-sweepers/DataExtraction/ENV/lib/python3.8/site-packages/airflow/example_dags/example_trigger_controller_dag.py
[2021-08-28 23:44:41,102] {logging_mixin.py:109} INFO - [2021-08-28 23:44:41,102] {dag.py:1833} INFO - Sync 1 DAGs
[2021-08-28 23:44:41,125] {logging_mixin.py:109} INFO - [2021-08-28 23:44:41,124] {dag.py:2306} INFO - Setting next_dagrun for example_trigger_controller_dag to 2021-08-26 00:00:00+00:00
[2021-08-28 23:44:41,171] {processor.py:170} INFO - Processing /home/paolo/Documents/Github/case-study-1-october2020-data-sweepers/DataExtraction/ENV/lib/python3.8/site-packages/airflow/example_dags/example_trigger_controller_dag.py took 0.131 seconds
[2021-08-28 23:45:20,569] {processor.py:162} INFO - Started process (PID=14601) to work on /home/paolo/Documents/Github/case-study-1-october2020-data-sweepers/DataExtraction/ENV/lib/python3.8/site-packages/airflow/example_dags/example_trigger_controller_dag.py
[2021-08-28 23:45:20,571] {processor.py:613} INFO - Processing file /home/paolo/Documents/Github/case-study-1-october2020-data-sweepers/DataExtraction/ENV/lib/python3.8/site-packages/airflow/example_dags/example_trigger_controller_dag.py for tasks to queue
[2021-08-28 23:45:20,572] {logging_mixin.py:109} INFO - [2021-08-28 23:45:20,571] {dagbag.py:496} INFO - Filling up the DagBag from /home/paolo/Documents/Github/case-study-1-october2020-data-sweepers/DataExtraction/ENV/lib/python3.8/site-packages/airflow/example_dags/example_trigger_controller_dag.py
[2021-08-28 23:45:20,597] {processor.py:623} INFO - DAG(s) dict_keys(['example_trigger_controller_dag']) retrieved from /home/paolo/Documents/Github/case-study-1-october2020-data-sweepers/DataExtraction/ENV/lib/python3.8/site-packages/airflow/example_dags/example_trigger_controller_dag.py
[2021-08-28 23:45:20,636] {logging_mixin.py:109} INFO - [2021-08-28 23:45:20,636] {dag.py:1833} INFO - Sync 1 DAGs
[2021-08-28 23:45:20,674] {logging_mixin.py:109} INFO - [2021-08-28 23:45:20,674] {dag.py:2306} INFO - Setting next_dagrun for example_trigger_controller_dag to 2021-08-26 00:00:00+00:00
[2021-08-28 23:45:20,706] {processor.py:170} INFO - Processing /home/paolo/Documents/Github/case-study-1-october2020-data-sweepers/DataExtraction/ENV/lib/python3.8/site-packages/airflow/example_dags/example_trigger_controller_dag.py took 0.142 seconds
[2021-08-28 23:46:01,787] {processor.py:162} INFO - Started process (PID=14669) to work on /home/paolo/Documents/Github/case-study-1-october2020-data-sweepers/DataExtraction/ENV/lib/python3.8/site-packages/airflow/example_dags/example_trigger_controller_dag.py
[2021-08-28 23:46:01,790] {processor.py:613} INFO - Processing file /home/paolo/Documents/Github/case-study-1-october2020-data-sweepers/DataExtraction/ENV/lib/python3.8/site-packages/airflow/example_dags/example_trigger_controller_dag.py for tasks to queue
[2021-08-28 23:46:01,792] {logging_mixin.py:109} INFO - [2021-08-28 23:46:01,792] {dagbag.py:496} INFO - Filling up the DagBag from /home/paolo/Documents/Github/case-study-1-october2020-data-sweepers/DataExtraction/ENV/lib/python3.8/site-packages/airflow/example_dags/example_trigger_controller_dag.py
[2021-08-28 23:46:01,816] {processor.py:623} INFO - DAG(s) dict_keys(['example_trigger_controller_dag']) retrieved from /home/paolo/Documents/Github/case-study-1-october2020-data-sweepers/DataExtraction/ENV/lib/python3.8/site-packages/airflow/example_dags/example_trigger_controller_dag.py
[2021-08-28 23:46:01,837] {logging_mixin.py:109} INFO - [2021-08-28 23:46:01,837] {dag.py:1833} INFO - Sync 1 DAGs
[2021-08-28 23:46:01,865] {logging_mixin.py:109} INFO - [2021-08-28 23:46:01,865] {dag.py:2306} INFO - Setting next_dagrun for example_trigger_controller_dag to 2021-08-26 00:00:00+00:00
[2021-08-28 23:46:01,898] {processor.py:170} INFO - Processing /home/paolo/Documents/Github/case-study-1-october2020-data-sweepers/DataExtraction/ENV/lib/python3.8/site-packages/airflow/example_dags/example_trigger_controller_dag.py took 0.114 seconds
[2021-08-28 23:46:42,210] {processor.py:162} INFO - Started process (PID=14744) to work on /home/paolo/Documents/Github/case-study-1-october2020-data-sweepers/DataExtraction/ENV/lib/python3.8/site-packages/airflow/example_dags/example_trigger_controller_dag.py
[2021-08-28 23:46:42,216] {processor.py:613} INFO - Processing file /home/paolo/Documents/Github/case-study-1-october2020-data-sweepers/DataExtraction/ENV/lib/python3.8/site-packages/airflow/example_dags/example_trigger_controller_dag.py for tasks to queue
[2021-08-28 23:46:42,219] {logging_mixin.py:109} INFO - [2021-08-28 23:46:42,219] {dagbag.py:496} INFO - Filling up the DagBag from /home/paolo/Documents/Github/case-study-1-october2020-data-sweepers/DataExtraction/ENV/lib/python3.8/site-packages/airflow/example_dags/example_trigger_controller_dag.py
[2021-08-28 23:46:42,237] {processor.py:623} INFO - DAG(s) dict_keys(['example_trigger_controller_dag']) retrieved from /home/paolo/Documents/Github/case-study-1-october2020-data-sweepers/DataExtraction/ENV/lib/python3.8/site-packages/airflow/example_dags/example_trigger_controller_dag.py
[2021-08-28 23:46:42,266] {logging_mixin.py:109} INFO - [2021-08-28 23:46:42,266] {dag.py:1833} INFO - Sync 1 DAGs
[2021-08-28 23:46:42,291] {logging_mixin.py:109} INFO - [2021-08-28 23:46:42,290] {dag.py:2306} INFO - Setting next_dagrun for example_trigger_controller_dag to 2021-08-26 00:00:00+00:00
[2021-08-28 23:46:42,323] {processor.py:170} INFO - Processing /home/paolo/Documents/Github/case-study-1-october2020-data-sweepers/DataExtraction/ENV/lib/python3.8/site-packages/airflow/example_dags/example_trigger_controller_dag.py took 0.116 seconds
[2021-08-28 23:47:19,589] {processor.py:162} INFO - Started process (PID=14832) to work on /home/paolo/Documents/Github/case-study-1-october2020-data-sweepers/DataExtraction/ENV/lib/python3.8/site-packages/airflow/example_dags/example_trigger_controller_dag.py
[2021-08-28 23:47:19,591] {processor.py:613} INFO - Processing file /home/paolo/Documents/Github/case-study-1-october2020-data-sweepers/DataExtraction/ENV/lib/python3.8/site-packages/airflow/example_dags/example_trigger_controller_dag.py for tasks to queue
[2021-08-28 23:47:19,592] {logging_mixin.py:109} INFO - [2021-08-28 23:47:19,591] {dagbag.py:496} INFO - Filling up the DagBag from /home/paolo/Documents/Github/case-study-1-october2020-data-sweepers/DataExtraction/ENV/lib/python3.8/site-packages/airflow/example_dags/example_trigger_controller_dag.py
[2021-08-28 23:47:19,616] {processor.py:623} INFO - DAG(s) dict_keys(['example_trigger_controller_dag']) retrieved from /home/paolo/Documents/Github/case-study-1-october2020-data-sweepers/DataExtraction/ENV/lib/python3.8/site-packages/airflow/example_dags/example_trigger_controller_dag.py
[2021-08-28 23:47:19,653] {logging_mixin.py:109} INFO - [2021-08-28 23:47:19,653] {dag.py:1833} INFO - Sync 1 DAGs
[2021-08-28 23:47:19,688] {logging_mixin.py:109} INFO - [2021-08-28 23:47:19,688] {dag.py:2306} INFO - Setting next_dagrun for example_trigger_controller_dag to 2021-08-26 00:00:00+00:00
[2021-08-28 23:47:19,727] {processor.py:170} INFO - Processing /home/paolo/Documents/Github/case-study-1-october2020-data-sweepers/DataExtraction/ENV/lib/python3.8/site-packages/airflow/example_dags/example_trigger_controller_dag.py took 0.141 seconds
[2021-08-28 23:47:58,200] {processor.py:162} INFO - Started process (PID=14899) to work on /home/paolo/Documents/Github/case-study-1-october2020-data-sweepers/DataExtraction/ENV/lib/python3.8/site-packages/airflow/example_dags/example_trigger_controller_dag.py
[2021-08-28 23:47:58,202] {processor.py:613} INFO - Processing file /home/paolo/Documents/Github/case-study-1-october2020-data-sweepers/DataExtraction/ENV/lib/python3.8/site-packages/airflow/example_dags/example_trigger_controller_dag.py for tasks to queue
[2021-08-28 23:47:58,203] {logging_mixin.py:109} INFO - [2021-08-28 23:47:58,203] {dagbag.py:496} INFO - Filling up the DagBag from /home/paolo/Documents/Github/case-study-1-october2020-data-sweepers/DataExtraction/ENV/lib/python3.8/site-packages/airflow/example_dags/example_trigger_controller_dag.py
[2021-08-28 23:47:58,218] {processor.py:623} INFO - DAG(s) dict_keys(['example_trigger_controller_dag']) retrieved from /home/paolo/Documents/Github/case-study-1-october2020-data-sweepers/DataExtraction/ENV/lib/python3.8/site-packages/airflow/example_dags/example_trigger_controller_dag.py
[2021-08-28 23:47:58,250] {logging_mixin.py:109} INFO - [2021-08-28 23:47:58,250] {dag.py:1833} INFO - Sync 1 DAGs
[2021-08-28 23:47:58,280] {logging_mixin.py:109} INFO - [2021-08-28 23:47:58,280] {dag.py:2306} INFO - Setting next_dagrun for example_trigger_controller_dag to 2021-08-26 00:00:00+00:00
[2021-08-28 23:47:58,302] {processor.py:170} INFO - Processing /home/paolo/Documents/Github/case-study-1-october2020-data-sweepers/DataExtraction/ENV/lib/python3.8/site-packages/airflow/example_dags/example_trigger_controller_dag.py took 0.105 seconds
[2021-08-28 23:48:40,279] {processor.py:162} INFO - Started process (PID=14968) to work on /home/paolo/Documents/Github/case-study-1-october2020-data-sweepers/DataExtraction/ENV/lib/python3.8/site-packages/airflow/example_dags/example_trigger_controller_dag.py
[2021-08-28 23:48:40,280] {processor.py:613} INFO - Processing file /home/paolo/Documents/Github/case-study-1-october2020-data-sweepers/DataExtraction/ENV/lib/python3.8/site-packages/airflow/example_dags/example_trigger_controller_dag.py for tasks to queue
[2021-08-28 23:48:40,281] {logging_mixin.py:109} INFO - [2021-08-28 23:48:40,280] {dagbag.py:496} INFO - Filling up the DagBag from /home/paolo/Documents/Github/case-study-1-october2020-data-sweepers/DataExtraction/ENV/lib/python3.8/site-packages/airflow/example_dags/example_trigger_controller_dag.py
[2021-08-28 23:48:40,313] {processor.py:623} INFO - DAG(s) dict_keys(['example_trigger_controller_dag']) retrieved from /home/paolo/Documents/Github/case-study-1-october2020-data-sweepers/DataExtraction/ENV/lib/python3.8/site-packages/airflow/example_dags/example_trigger_controller_dag.py
[2021-08-28 23:48:40,345] {logging_mixin.py:109} INFO - [2021-08-28 23:48:40,345] {dag.py:1833} INFO - Sync 1 DAGs
[2021-08-28 23:48:40,381] {logging_mixin.py:109} INFO - [2021-08-28 23:48:40,380] {dag.py:2306} INFO - Setting next_dagrun for example_trigger_controller_dag to 2021-08-26 00:00:00+00:00
[2021-08-28 23:48:40,412] {processor.py:170} INFO - Processing /home/paolo/Documents/Github/case-study-1-october2020-data-sweepers/DataExtraction/ENV/lib/python3.8/site-packages/airflow/example_dags/example_trigger_controller_dag.py took 0.140 seconds
[2021-08-28 23:49:18,225] {processor.py:162} INFO - Started process (PID=15081) to work on /home/paolo/Documents/Github/case-study-1-october2020-data-sweepers/DataExtraction/ENV/lib/python3.8/site-packages/airflow/example_dags/example_trigger_controller_dag.py
[2021-08-28 23:49:18,233] {processor.py:613} INFO - Processing file /home/paolo/Documents/Github/case-study-1-october2020-data-sweepers/DataExtraction/ENV/lib/python3.8/site-packages/airflow/example_dags/example_trigger_controller_dag.py for tasks to queue
[2021-08-28 23:49:18,236] {logging_mixin.py:109} INFO - [2021-08-28 23:49:18,236] {dagbag.py:496} INFO - Filling up the DagBag from /home/paolo/Documents/Github/case-study-1-october2020-data-sweepers/DataExtraction/ENV/lib/python3.8/site-packages/airflow/example_dags/example_trigger_controller_dag.py
[2021-08-28 23:49:18,263] {processor.py:623} INFO - DAG(s) dict_keys(['example_trigger_controller_dag']) retrieved from /home/paolo/Documents/Github/case-study-1-october2020-data-sweepers/DataExtraction/ENV/lib/python3.8/site-packages/airflow/example_dags/example_trigger_controller_dag.py
[2021-08-28 23:49:18,296] {logging_mixin.py:109} INFO - [2021-08-28 23:49:18,296] {dag.py:1833} INFO - Sync 1 DAGs
[2021-08-28 23:49:18,321] {logging_mixin.py:109} INFO - [2021-08-28 23:49:18,321] {dag.py:2306} INFO - Setting next_dagrun for example_trigger_controller_dag to 2021-08-26 00:00:00+00:00
[2021-08-28 23:49:18,358] {processor.py:170} INFO - Processing /home/paolo/Documents/Github/case-study-1-october2020-data-sweepers/DataExtraction/ENV/lib/python3.8/site-packages/airflow/example_dags/example_trigger_controller_dag.py took 0.149 seconds
[2021-08-28 23:49:56,966] {processor.py:162} INFO - Started process (PID=15160) to work on /home/paolo/Documents/Github/case-study-1-october2020-data-sweepers/DataExtraction/ENV/lib/python3.8/site-packages/airflow/example_dags/example_trigger_controller_dag.py
[2021-08-28 23:49:56,967] {processor.py:613} INFO - Processing file /home/paolo/Documents/Github/case-study-1-october2020-data-sweepers/DataExtraction/ENV/lib/python3.8/site-packages/airflow/example_dags/example_trigger_controller_dag.py for tasks to queue
[2021-08-28 23:49:56,968] {logging_mixin.py:109} INFO - [2021-08-28 23:49:56,968] {dagbag.py:496} INFO - Filling up the DagBag from /home/paolo/Documents/Github/case-study-1-october2020-data-sweepers/DataExtraction/ENV/lib/python3.8/site-packages/airflow/example_dags/example_trigger_controller_dag.py
[2021-08-28 23:49:56,979] {processor.py:623} INFO - DAG(s) dict_keys(['example_trigger_controller_dag']) retrieved from /home/paolo/Documents/Github/case-study-1-october2020-data-sweepers/DataExtraction/ENV/lib/python3.8/site-packages/airflow/example_dags/example_trigger_controller_dag.py
[2021-08-28 23:49:56,998] {logging_mixin.py:109} INFO - [2021-08-28 23:49:56,998] {dag.py:1833} INFO - Sync 1 DAGs
[2021-08-28 23:49:57,010] {logging_mixin.py:109} INFO - [2021-08-28 23:49:57,010] {dag.py:2306} INFO - Setting next_dagrun for example_trigger_controller_dag to 2021-08-26 00:00:00+00:00
[2021-08-28 23:49:57,034] {processor.py:170} INFO - Processing /home/paolo/Documents/Github/case-study-1-october2020-data-sweepers/DataExtraction/ENV/lib/python3.8/site-packages/airflow/example_dags/example_trigger_controller_dag.py took 0.070 seconds
[2021-08-28 23:50:30,371] {processor.py:162} INFO - Started process (PID=15238) to work on /home/paolo/Documents/Github/case-study-1-october2020-data-sweepers/DataExtraction/ENV/lib/python3.8/site-packages/airflow/example_dags/example_trigger_controller_dag.py
[2021-08-28 23:50:30,372] {processor.py:613} INFO - Processing file /home/paolo/Documents/Github/case-study-1-october2020-data-sweepers/DataExtraction/ENV/lib/python3.8/site-packages/airflow/example_dags/example_trigger_controller_dag.py for tasks to queue
[2021-08-28 23:50:30,373] {logging_mixin.py:109} INFO - [2021-08-28 23:50:30,372] {dagbag.py:496} INFO - Filling up the DagBag from /home/paolo/Documents/Github/case-study-1-october2020-data-sweepers/DataExtraction/ENV/lib/python3.8/site-packages/airflow/example_dags/example_trigger_controller_dag.py
[2021-08-28 23:50:30,385] {processor.py:623} INFO - DAG(s) dict_keys(['example_trigger_controller_dag']) retrieved from /home/paolo/Documents/Github/case-study-1-october2020-data-sweepers/DataExtraction/ENV/lib/python3.8/site-packages/airflow/example_dags/example_trigger_controller_dag.py
[2021-08-28 23:50:30,408] {logging_mixin.py:109} INFO - [2021-08-28 23:50:30,408] {dag.py:1833} INFO - Sync 1 DAGs
[2021-08-28 23:50:30,425] {logging_mixin.py:109} INFO - [2021-08-28 23:50:30,425] {dag.py:2306} INFO - Setting next_dagrun for example_trigger_controller_dag to 2021-08-26 00:00:00+00:00
[2021-08-28 23:50:30,453] {processor.py:170} INFO - Processing /home/paolo/Documents/Github/case-study-1-october2020-data-sweepers/DataExtraction/ENV/lib/python3.8/site-packages/airflow/example_dags/example_trigger_controller_dag.py took 0.085 seconds
[2021-08-28 23:51:05,326] {processor.py:162} INFO - Started process (PID=15302) to work on /home/paolo/Documents/Github/case-study-1-october2020-data-sweepers/DataExtraction/ENV/lib/python3.8/site-packages/airflow/example_dags/example_trigger_controller_dag.py
[2021-08-28 23:51:05,327] {processor.py:613} INFO - Processing file /home/paolo/Documents/Github/case-study-1-october2020-data-sweepers/DataExtraction/ENV/lib/python3.8/site-packages/airflow/example_dags/example_trigger_controller_dag.py for tasks to queue
[2021-08-28 23:51:05,328] {logging_mixin.py:109} INFO - [2021-08-28 23:51:05,328] {dagbag.py:496} INFO - Filling up the DagBag from /home/paolo/Documents/Github/case-study-1-october2020-data-sweepers/DataExtraction/ENV/lib/python3.8/site-packages/airflow/example_dags/example_trigger_controller_dag.py
[2021-08-28 23:51:05,338] {processor.py:623} INFO - DAG(s) dict_keys(['example_trigger_controller_dag']) retrieved from /home/paolo/Documents/Github/case-study-1-october2020-data-sweepers/DataExtraction/ENV/lib/python3.8/site-packages/airflow/example_dags/example_trigger_controller_dag.py
[2021-08-28 23:51:05,360] {logging_mixin.py:109} INFO - [2021-08-28 23:51:05,360] {dag.py:1833} INFO - Sync 1 DAGs
[2021-08-28 23:51:05,372] {logging_mixin.py:109} INFO - [2021-08-28 23:51:05,372] {dag.py:2306} INFO - Setting next_dagrun for example_trigger_controller_dag to 2021-08-26 00:00:00+00:00
[2021-08-28 23:51:05,395] {processor.py:170} INFO - Processing /home/paolo/Documents/Github/case-study-1-october2020-data-sweepers/DataExtraction/ENV/lib/python3.8/site-packages/airflow/example_dags/example_trigger_controller_dag.py took 0.073 seconds
[2021-08-28 23:51:40,838] {processor.py:162} INFO - Started process (PID=15403) to work on /home/paolo/Documents/Github/case-study-1-october2020-data-sweepers/DataExtraction/ENV/lib/python3.8/site-packages/airflow/example_dags/example_trigger_controller_dag.py
[2021-08-28 23:51:40,841] {processor.py:613} INFO - Processing file /home/paolo/Documents/Github/case-study-1-october2020-data-sweepers/DataExtraction/ENV/lib/python3.8/site-packages/airflow/example_dags/example_trigger_controller_dag.py for tasks to queue
[2021-08-28 23:51:40,842] {logging_mixin.py:109} INFO - [2021-08-28 23:51:40,842] {dagbag.py:496} INFO - Filling up the DagBag from /home/paolo/Documents/Github/case-study-1-october2020-data-sweepers/DataExtraction/ENV/lib/python3.8/site-packages/airflow/example_dags/example_trigger_controller_dag.py
[2021-08-28 23:51:40,858] {processor.py:623} INFO - DAG(s) dict_keys(['example_trigger_controller_dag']) retrieved from /home/paolo/Documents/Github/case-study-1-october2020-data-sweepers/DataExtraction/ENV/lib/python3.8/site-packages/airflow/example_dags/example_trigger_controller_dag.py
[2021-08-28 23:51:40,869] {logging_mixin.py:109} INFO - [2021-08-28 23:51:40,869] {dag.py:1833} INFO - Sync 1 DAGs
[2021-08-28 23:51:40,878] {logging_mixin.py:109} INFO - [2021-08-28 23:51:40,878] {dag.py:2306} INFO - Setting next_dagrun for example_trigger_controller_dag to 2021-08-26 00:00:00+00:00
[2021-08-28 23:51:40,893] {processor.py:170} INFO - Processing /home/paolo/Documents/Github/case-study-1-october2020-data-sweepers/DataExtraction/ENV/lib/python3.8/site-packages/airflow/example_dags/example_trigger_controller_dag.py took 0.064 seconds
[2021-08-28 23:52:12,965] {processor.py:162} INFO - Started process (PID=15479) to work on /home/paolo/Documents/Github/case-study-1-october2020-data-sweepers/DataExtraction/ENV/lib/python3.8/site-packages/airflow/example_dags/example_trigger_controller_dag.py
[2021-08-28 23:52:12,966] {processor.py:613} INFO - Processing file /home/paolo/Documents/Github/case-study-1-october2020-data-sweepers/DataExtraction/ENV/lib/python3.8/site-packages/airflow/example_dags/example_trigger_controller_dag.py for tasks to queue
[2021-08-28 23:52:12,966] {logging_mixin.py:109} INFO - [2021-08-28 23:52:12,966] {dagbag.py:496} INFO - Filling up the DagBag from /home/paolo/Documents/Github/case-study-1-october2020-data-sweepers/DataExtraction/ENV/lib/python3.8/site-packages/airflow/example_dags/example_trigger_controller_dag.py
[2021-08-28 23:52:12,976] {processor.py:623} INFO - DAG(s) dict_keys(['example_trigger_controller_dag']) retrieved from /home/paolo/Documents/Github/case-study-1-october2020-data-sweepers/DataExtraction/ENV/lib/python3.8/site-packages/airflow/example_dags/example_trigger_controller_dag.py
[2021-08-28 23:52:12,988] {logging_mixin.py:109} INFO - [2021-08-28 23:52:12,987] {dag.py:1833} INFO - Sync 1 DAGs
[2021-08-28 23:52:12,999] {logging_mixin.py:109} INFO - [2021-08-28 23:52:12,999] {dag.py:2306} INFO - Setting next_dagrun for example_trigger_controller_dag to 2021-08-26 00:00:00+00:00
[2021-08-28 23:52:13,029] {processor.py:170} INFO - Processing /home/paolo/Documents/Github/case-study-1-october2020-data-sweepers/DataExtraction/ENV/lib/python3.8/site-packages/airflow/example_dags/example_trigger_controller_dag.py took 0.067 seconds
[2021-08-28 23:52:46,677] {processor.py:162} INFO - Started process (PID=15591) to work on /home/paolo/Documents/Github/case-study-1-october2020-data-sweepers/DataExtraction/ENV/lib/python3.8/site-packages/airflow/example_dags/example_trigger_controller_dag.py
[2021-08-28 23:52:46,678] {processor.py:613} INFO - Processing file /home/paolo/Documents/Github/case-study-1-october2020-data-sweepers/DataExtraction/ENV/lib/python3.8/site-packages/airflow/example_dags/example_trigger_controller_dag.py for tasks to queue
[2021-08-28 23:52:46,678] {logging_mixin.py:109} INFO - [2021-08-28 23:52:46,678] {dagbag.py:496} INFO - Filling up the DagBag from /home/paolo/Documents/Github/case-study-1-october2020-data-sweepers/DataExtraction/ENV/lib/python3.8/site-packages/airflow/example_dags/example_trigger_controller_dag.py
[2021-08-28 23:52:46,686] {processor.py:623} INFO - DAG(s) dict_keys(['example_trigger_controller_dag']) retrieved from /home/paolo/Documents/Github/case-study-1-october2020-data-sweepers/DataExtraction/ENV/lib/python3.8/site-packages/airflow/example_dags/example_trigger_controller_dag.py
[2021-08-28 23:52:46,696] {logging_mixin.py:109} INFO - [2021-08-28 23:52:46,696] {dag.py:1833} INFO - Sync 1 DAGs
[2021-08-28 23:52:46,705] {logging_mixin.py:109} INFO - [2021-08-28 23:52:46,705] {dag.py:2306} INFO - Setting next_dagrun for example_trigger_controller_dag to 2021-08-26 00:00:00+00:00
[2021-08-28 23:52:46,719] {processor.py:170} INFO - Processing /home/paolo/Documents/Github/case-study-1-october2020-data-sweepers/DataExtraction/ENV/lib/python3.8/site-packages/airflow/example_dags/example_trigger_controller_dag.py took 0.045 seconds
[2021-08-28 23:53:18,969] {processor.py:162} INFO - Started process (PID=15661) to work on /home/paolo/Documents/Github/case-study-1-october2020-data-sweepers/DataExtraction/ENV/lib/python3.8/site-packages/airflow/example_dags/example_trigger_controller_dag.py
[2021-08-28 23:53:18,970] {processor.py:613} INFO - Processing file /home/paolo/Documents/Github/case-study-1-october2020-data-sweepers/DataExtraction/ENV/lib/python3.8/site-packages/airflow/example_dags/example_trigger_controller_dag.py for tasks to queue
[2021-08-28 23:53:18,970] {logging_mixin.py:109} INFO - [2021-08-28 23:53:18,970] {dagbag.py:496} INFO - Filling up the DagBag from /home/paolo/Documents/Github/case-study-1-october2020-data-sweepers/DataExtraction/ENV/lib/python3.8/site-packages/airflow/example_dags/example_trigger_controller_dag.py
[2021-08-28 23:53:18,981] {processor.py:623} INFO - DAG(s) dict_keys(['example_trigger_controller_dag']) retrieved from /home/paolo/Documents/Github/case-study-1-october2020-data-sweepers/DataExtraction/ENV/lib/python3.8/site-packages/airflow/example_dags/example_trigger_controller_dag.py
[2021-08-28 23:53:18,995] {logging_mixin.py:109} INFO - [2021-08-28 23:53:18,995] {dag.py:1833} INFO - Sync 1 DAGs
[2021-08-28 23:53:19,007] {logging_mixin.py:109} INFO - [2021-08-28 23:53:19,007] {dag.py:2306} INFO - Setting next_dagrun for example_trigger_controller_dag to 2021-08-26 00:00:00+00:00
[2021-08-28 23:53:19,025] {processor.py:170} INFO - Processing /home/paolo/Documents/Github/case-study-1-october2020-data-sweepers/DataExtraction/ENV/lib/python3.8/site-packages/airflow/example_dags/example_trigger_controller_dag.py took 0.058 seconds
[2021-08-28 23:53:50,388] {processor.py:162} INFO - Started process (PID=15846) to work on /home/paolo/Documents/Github/case-study-1-october2020-data-sweepers/DataExtraction/ENV/lib/python3.8/site-packages/airflow/example_dags/example_trigger_controller_dag.py
[2021-08-28 23:53:50,389] {processor.py:613} INFO - Processing file /home/paolo/Documents/Github/case-study-1-october2020-data-sweepers/DataExtraction/ENV/lib/python3.8/site-packages/airflow/example_dags/example_trigger_controller_dag.py for tasks to queue
[2021-08-28 23:53:50,390] {logging_mixin.py:109} INFO - [2021-08-28 23:53:50,390] {dagbag.py:496} INFO - Filling up the DagBag from /home/paolo/Documents/Github/case-study-1-october2020-data-sweepers/DataExtraction/ENV/lib/python3.8/site-packages/airflow/example_dags/example_trigger_controller_dag.py
[2021-08-28 23:53:50,403] {processor.py:623} INFO - DAG(s) dict_keys(['example_trigger_controller_dag']) retrieved from /home/paolo/Documents/Github/case-study-1-october2020-data-sweepers/DataExtraction/ENV/lib/python3.8/site-packages/airflow/example_dags/example_trigger_controller_dag.py
[2021-08-28 23:53:50,416] {logging_mixin.py:109} INFO - [2021-08-28 23:53:50,416] {dag.py:1833} INFO - Sync 1 DAGs
[2021-08-28 23:53:50,428] {logging_mixin.py:109} INFO - [2021-08-28 23:53:50,428] {dag.py:2306} INFO - Setting next_dagrun for example_trigger_controller_dag to 2021-08-26 00:00:00+00:00
[2021-08-28 23:53:50,446] {processor.py:170} INFO - Processing /home/paolo/Documents/Github/case-study-1-october2020-data-sweepers/DataExtraction/ENV/lib/python3.8/site-packages/airflow/example_dags/example_trigger_controller_dag.py took 0.060 seconds
[2021-08-28 23:56:03,553] {processor.py:162} INFO - Started process (PID=16304) to work on /home/paolo/Documents/Github/case-study-1-october2020-data-sweepers/DataExtraction/ENV/lib/python3.8/site-packages/airflow/example_dags/example_trigger_controller_dag.py
[2021-08-28 23:56:03,554] {processor.py:613} INFO - Processing file /home/paolo/Documents/Github/case-study-1-october2020-data-sweepers/DataExtraction/ENV/lib/python3.8/site-packages/airflow/example_dags/example_trigger_controller_dag.py for tasks to queue
[2021-08-28 23:56:03,554] {logging_mixin.py:109} INFO - [2021-08-28 23:56:03,554] {dagbag.py:496} INFO - Filling up the DagBag from /home/paolo/Documents/Github/case-study-1-october2020-data-sweepers/DataExtraction/ENV/lib/python3.8/site-packages/airflow/example_dags/example_trigger_controller_dag.py
[2021-08-28 23:56:03,581] {processor.py:623} INFO - DAG(s) dict_keys(['example_trigger_controller_dag']) retrieved from /home/paolo/Documents/Github/case-study-1-october2020-data-sweepers/DataExtraction/ENV/lib/python3.8/site-packages/airflow/example_dags/example_trigger_controller_dag.py
[2021-08-28 23:56:03,599] {logging_mixin.py:109} INFO - [2021-08-28 23:56:03,599] {dag.py:1833} INFO - Sync 1 DAGs
[2021-08-28 23:56:03,616] {logging_mixin.py:109} INFO - [2021-08-28 23:56:03,616] {dag.py:2306} INFO - Setting next_dagrun for example_trigger_controller_dag to 2021-08-26 00:00:00+00:00
[2021-08-28 23:56:03,638] {processor.py:170} INFO - Processing /home/paolo/Documents/Github/case-study-1-october2020-data-sweepers/DataExtraction/ENV/lib/python3.8/site-packages/airflow/example_dags/example_trigger_controller_dag.py took 0.099 seconds
[2021-08-28 23:56:43,687] {processor.py:162} INFO - Started process (PID=16593) to work on /home/paolo/Documents/Github/case-study-1-october2020-data-sweepers/DataExtraction/ENV/lib/python3.8/site-packages/airflow/example_dags/example_trigger_controller_dag.py
[2021-08-28 23:56:43,688] {processor.py:613} INFO - Processing file /home/paolo/Documents/Github/case-study-1-october2020-data-sweepers/DataExtraction/ENV/lib/python3.8/site-packages/airflow/example_dags/example_trigger_controller_dag.py for tasks to queue
[2021-08-28 23:56:43,697] {logging_mixin.py:109} INFO - [2021-08-28 23:56:43,696] {dagbag.py:496} INFO - Filling up the DagBag from /home/paolo/Documents/Github/case-study-1-october2020-data-sweepers/DataExtraction/ENV/lib/python3.8/site-packages/airflow/example_dags/example_trigger_controller_dag.py
[2021-08-28 23:56:43,752] {processor.py:623} INFO - DAG(s) dict_keys(['example_trigger_controller_dag']) retrieved from /home/paolo/Documents/Github/case-study-1-october2020-data-sweepers/DataExtraction/ENV/lib/python3.8/site-packages/airflow/example_dags/example_trigger_controller_dag.py
[2021-08-28 23:56:43,777] {logging_mixin.py:109} INFO - [2021-08-28 23:56:43,776] {dag.py:1833} INFO - Sync 1 DAGs
[2021-08-28 23:56:43,799] {logging_mixin.py:109} INFO - [2021-08-28 23:56:43,798] {dag.py:2306} INFO - Setting next_dagrun for example_trigger_controller_dag to 2021-08-26 00:00:00+00:00
[2021-08-28 23:56:43,826] {processor.py:170} INFO - Processing /home/paolo/Documents/Github/case-study-1-october2020-data-sweepers/DataExtraction/ENV/lib/python3.8/site-packages/airflow/example_dags/example_trigger_controller_dag.py took 0.154 seconds
[2021-08-28 23:57:22,976] {processor.py:162} INFO - Started process (PID=16921) to work on /home/paolo/Documents/Github/case-study-1-october2020-data-sweepers/DataExtraction/ENV/lib/python3.8/site-packages/airflow/example_dags/example_trigger_controller_dag.py
[2021-08-28 23:57:22,977] {processor.py:613} INFO - Processing file /home/paolo/Documents/Github/case-study-1-october2020-data-sweepers/DataExtraction/ENV/lib/python3.8/site-packages/airflow/example_dags/example_trigger_controller_dag.py for tasks to queue
[2021-08-28 23:57:22,978] {logging_mixin.py:109} INFO - [2021-08-28 23:57:22,978] {dagbag.py:496} INFO - Filling up the DagBag from /home/paolo/Documents/Github/case-study-1-october2020-data-sweepers/DataExtraction/ENV/lib/python3.8/site-packages/airflow/example_dags/example_trigger_controller_dag.py
[2021-08-28 23:57:22,989] {processor.py:623} INFO - DAG(s) dict_keys(['example_trigger_controller_dag']) retrieved from /home/paolo/Documents/Github/case-study-1-october2020-data-sweepers/DataExtraction/ENV/lib/python3.8/site-packages/airflow/example_dags/example_trigger_controller_dag.py
[2021-08-28 23:57:23,002] {logging_mixin.py:109} INFO - [2021-08-28 23:57:23,002] {dag.py:1833} INFO - Sync 1 DAGs
[2021-08-28 23:57:23,017] {logging_mixin.py:109} INFO - [2021-08-28 23:57:23,017] {dag.py:2306} INFO - Setting next_dagrun for example_trigger_controller_dag to 2021-08-26 00:00:00+00:00
[2021-08-28 23:57:23,037] {processor.py:170} INFO - Processing /home/paolo/Documents/Github/case-study-1-october2020-data-sweepers/DataExtraction/ENV/lib/python3.8/site-packages/airflow/example_dags/example_trigger_controller_dag.py took 0.064 seconds
[2021-08-28 23:58:01,947] {processor.py:162} INFO - Started process (PID=17262) to work on /home/paolo/Documents/Github/case-study-1-october2020-data-sweepers/DataExtraction/ENV/lib/python3.8/site-packages/airflow/example_dags/example_trigger_controller_dag.py
[2021-08-28 23:58:01,950] {processor.py:613} INFO - Processing file /home/paolo/Documents/Github/case-study-1-october2020-data-sweepers/DataExtraction/ENV/lib/python3.8/site-packages/airflow/example_dags/example_trigger_controller_dag.py for tasks to queue
[2021-08-28 23:58:01,952] {logging_mixin.py:109} INFO - [2021-08-28 23:58:01,952] {dagbag.py:496} INFO - Filling up the DagBag from /home/paolo/Documents/Github/case-study-1-october2020-data-sweepers/DataExtraction/ENV/lib/python3.8/site-packages/airflow/example_dags/example_trigger_controller_dag.py
[2021-08-28 23:58:01,983] {processor.py:623} INFO - DAG(s) dict_keys(['example_trigger_controller_dag']) retrieved from /home/paolo/Documents/Github/case-study-1-october2020-data-sweepers/DataExtraction/ENV/lib/python3.8/site-packages/airflow/example_dags/example_trigger_controller_dag.py
[2021-08-28 23:58:02,019] {logging_mixin.py:109} INFO - [2021-08-28 23:58:02,018] {dag.py:1833} INFO - Sync 1 DAGs
[2021-08-28 23:58:02,045] {logging_mixin.py:109} INFO - [2021-08-28 23:58:02,045] {dag.py:2306} INFO - Setting next_dagrun for example_trigger_controller_dag to 2021-08-26 00:00:00+00:00
[2021-08-28 23:58:02,068] {processor.py:170} INFO - Processing /home/paolo/Documents/Github/case-study-1-october2020-data-sweepers/DataExtraction/ENV/lib/python3.8/site-packages/airflow/example_dags/example_trigger_controller_dag.py took 0.127 seconds
[2021-08-28 23:58:39,765] {processor.py:162} INFO - Started process (PID=17532) to work on /home/paolo/Documents/Github/case-study-1-october2020-data-sweepers/DataExtraction/ENV/lib/python3.8/site-packages/airflow/example_dags/example_trigger_controller_dag.py
[2021-08-28 23:58:39,766] {processor.py:613} INFO - Processing file /home/paolo/Documents/Github/case-study-1-october2020-data-sweepers/DataExtraction/ENV/lib/python3.8/site-packages/airflow/example_dags/example_trigger_controller_dag.py for tasks to queue
[2021-08-28 23:58:39,766] {logging_mixin.py:109} INFO - [2021-08-28 23:58:39,766] {dagbag.py:496} INFO - Filling up the DagBag from /home/paolo/Documents/Github/case-study-1-october2020-data-sweepers/DataExtraction/ENV/lib/python3.8/site-packages/airflow/example_dags/example_trigger_controller_dag.py
[2021-08-28 23:58:39,778] {processor.py:623} INFO - DAG(s) dict_keys(['example_trigger_controller_dag']) retrieved from /home/paolo/Documents/Github/case-study-1-october2020-data-sweepers/DataExtraction/ENV/lib/python3.8/site-packages/airflow/example_dags/example_trigger_controller_dag.py
[2021-08-28 23:58:39,793] {logging_mixin.py:109} INFO - [2021-08-28 23:58:39,793] {dag.py:1833} INFO - Sync 1 DAGs
[2021-08-28 23:58:39,804] {logging_mixin.py:109} INFO - [2021-08-28 23:58:39,804] {dag.py:2306} INFO - Setting next_dagrun for example_trigger_controller_dag to 2021-08-26 00:00:00+00:00
[2021-08-28 23:58:39,825] {processor.py:170} INFO - Processing /home/paolo/Documents/Github/case-study-1-october2020-data-sweepers/DataExtraction/ENV/lib/python3.8/site-packages/airflow/example_dags/example_trigger_controller_dag.py took 0.063 seconds
