[2021-08-28 23:37:45,884] {processor.py:162} INFO - Started process (PID=13199) to work on /home/paolo/Documents/Github/case-study-1-october2020-data-sweepers/DataExtraction/ENV/lib/python3.8/site-packages/airflow/example_dags/example_branch_labels.py
[2021-08-28 23:37:45,885] {processor.py:613} INFO - Processing file /home/paolo/Documents/Github/case-study-1-october2020-data-sweepers/DataExtraction/ENV/lib/python3.8/site-packages/airflow/example_dags/example_branch_labels.py for tasks to queue
[2021-08-28 23:37:45,886] {logging_mixin.py:109} INFO - [2021-08-28 23:37:45,886] {dagbag.py:496} INFO - Filling up the DagBag from /home/paolo/Documents/Github/case-study-1-october2020-data-sweepers/DataExtraction/ENV/lib/python3.8/site-packages/airflow/example_dags/example_branch_labels.py
[2021-08-28 23:37:45,908] {processor.py:623} INFO - DAG(s) dict_keys(['example_branch_labels']) retrieved from /home/paolo/Documents/Github/case-study-1-october2020-data-sweepers/DataExtraction/ENV/lib/python3.8/site-packages/airflow/example_dags/example_branch_labels.py
[2021-08-28 23:37:45,927] {logging_mixin.py:109} INFO - [2021-08-28 23:37:45,927] {dag.py:1833} INFO - Sync 1 DAGs
[2021-08-28 23:37:45,951] {logging_mixin.py:109} INFO - [2021-08-28 23:37:45,951] {dag.py:2306} INFO - Setting next_dagrun for example_branch_labels to 2021-08-26 00:00:00+00:00
[2021-08-28 23:37:45,970] {processor.py:170} INFO - Processing /home/paolo/Documents/Github/case-study-1-october2020-data-sweepers/DataExtraction/ENV/lib/python3.8/site-packages/airflow/example_dags/example_branch_labels.py took 0.089 seconds
[2021-08-28 23:38:31,396] {processor.py:162} INFO - Started process (PID=13302) to work on /home/paolo/Documents/Github/case-study-1-october2020-data-sweepers/DataExtraction/ENV/lib/python3.8/site-packages/airflow/example_dags/example_branch_labels.py
[2021-08-28 23:38:31,398] {processor.py:613} INFO - Processing file /home/paolo/Documents/Github/case-study-1-october2020-data-sweepers/DataExtraction/ENV/lib/python3.8/site-packages/airflow/example_dags/example_branch_labels.py for tasks to queue
[2021-08-28 23:38:31,399] {logging_mixin.py:109} INFO - [2021-08-28 23:38:31,398] {dagbag.py:496} INFO - Filling up the DagBag from /home/paolo/Documents/Github/case-study-1-october2020-data-sweepers/DataExtraction/ENV/lib/python3.8/site-packages/airflow/example_dags/example_branch_labels.py
[2021-08-28 23:38:31,443] {processor.py:623} INFO - DAG(s) dict_keys(['example_branch_labels']) retrieved from /home/paolo/Documents/Github/case-study-1-october2020-data-sweepers/DataExtraction/ENV/lib/python3.8/site-packages/airflow/example_dags/example_branch_labels.py
[2021-08-28 23:38:31,485] {logging_mixin.py:109} INFO - [2021-08-28 23:38:31,485] {dag.py:1833} INFO - Sync 1 DAGs
[2021-08-28 23:38:31,521] {logging_mixin.py:109} INFO - [2021-08-28 23:38:31,521] {dag.py:2306} INFO - Setting next_dagrun for example_branch_labels to 2021-08-26 00:00:00+00:00
[2021-08-28 23:38:31,553] {processor.py:170} INFO - Processing /home/paolo/Documents/Github/case-study-1-october2020-data-sweepers/DataExtraction/ENV/lib/python3.8/site-packages/airflow/example_dags/example_branch_labels.py took 0.166 seconds
[2021-08-28 23:39:09,232] {processor.py:162} INFO - Started process (PID=13402) to work on /home/paolo/Documents/Github/case-study-1-october2020-data-sweepers/DataExtraction/ENV/lib/python3.8/site-packages/airflow/example_dags/example_branch_labels.py
[2021-08-28 23:39:09,234] {processor.py:613} INFO - Processing file /home/paolo/Documents/Github/case-study-1-october2020-data-sweepers/DataExtraction/ENV/lib/python3.8/site-packages/airflow/example_dags/example_branch_labels.py for tasks to queue
[2021-08-28 23:39:09,235] {logging_mixin.py:109} INFO - [2021-08-28 23:39:09,234] {dagbag.py:496} INFO - Filling up the DagBag from /home/paolo/Documents/Github/case-study-1-october2020-data-sweepers/DataExtraction/ENV/lib/python3.8/site-packages/airflow/example_dags/example_branch_labels.py
[2021-08-28 23:39:09,253] {processor.py:623} INFO - DAG(s) dict_keys(['example_branch_labels']) retrieved from /home/paolo/Documents/Github/case-study-1-october2020-data-sweepers/DataExtraction/ENV/lib/python3.8/site-packages/airflow/example_dags/example_branch_labels.py
[2021-08-28 23:39:09,276] {logging_mixin.py:109} INFO - [2021-08-28 23:39:09,276] {dag.py:1833} INFO - Sync 1 DAGs
[2021-08-28 23:39:09,297] {logging_mixin.py:109} INFO - [2021-08-28 23:39:09,297] {dag.py:2306} INFO - Setting next_dagrun for example_branch_labels to 2021-08-26 00:00:00+00:00
[2021-08-28 23:39:09,318] {processor.py:170} INFO - Processing /home/paolo/Documents/Github/case-study-1-october2020-data-sweepers/DataExtraction/ENV/lib/python3.8/site-packages/airflow/example_dags/example_branch_labels.py took 0.090 seconds
[2021-08-28 23:39:47,450] {processor.py:162} INFO - Started process (PID=13597) to work on /home/paolo/Documents/Github/case-study-1-october2020-data-sweepers/DataExtraction/ENV/lib/python3.8/site-packages/airflow/example_dags/example_branch_labels.py
[2021-08-28 23:39:47,452] {processor.py:613} INFO - Processing file /home/paolo/Documents/Github/case-study-1-october2020-data-sweepers/DataExtraction/ENV/lib/python3.8/site-packages/airflow/example_dags/example_branch_labels.py for tasks to queue
[2021-08-28 23:39:47,455] {logging_mixin.py:109} INFO - [2021-08-28 23:39:47,454] {dagbag.py:496} INFO - Filling up the DagBag from /home/paolo/Documents/Github/case-study-1-october2020-data-sweepers/DataExtraction/ENV/lib/python3.8/site-packages/airflow/example_dags/example_branch_labels.py
[2021-08-28 23:39:47,481] {processor.py:623} INFO - DAG(s) dict_keys(['example_branch_labels']) retrieved from /home/paolo/Documents/Github/case-study-1-october2020-data-sweepers/DataExtraction/ENV/lib/python3.8/site-packages/airflow/example_dags/example_branch_labels.py
[2021-08-28 23:39:47,506] {logging_mixin.py:109} INFO - [2021-08-28 23:39:47,506] {dag.py:1833} INFO - Sync 1 DAGs
[2021-08-28 23:39:47,536] {logging_mixin.py:109} INFO - [2021-08-28 23:39:47,536] {dag.py:2306} INFO - Setting next_dagrun for example_branch_labels to 2021-08-26 00:00:00+00:00
[2021-08-28 23:39:47,567] {processor.py:170} INFO - Processing /home/paolo/Documents/Github/case-study-1-october2020-data-sweepers/DataExtraction/ENV/lib/python3.8/site-packages/airflow/example_dags/example_branch_labels.py took 0.120 seconds
[2021-08-28 23:40:24,304] {processor.py:162} INFO - Started process (PID=13798) to work on /home/paolo/Documents/Github/case-study-1-october2020-data-sweepers/DataExtraction/ENV/lib/python3.8/site-packages/airflow/example_dags/example_branch_labels.py
[2021-08-28 23:40:24,313] {processor.py:613} INFO - Processing file /home/paolo/Documents/Github/case-study-1-october2020-data-sweepers/DataExtraction/ENV/lib/python3.8/site-packages/airflow/example_dags/example_branch_labels.py for tasks to queue
[2021-08-28 23:40:24,314] {logging_mixin.py:109} INFO - [2021-08-28 23:40:24,313] {dagbag.py:496} INFO - Filling up the DagBag from /home/paolo/Documents/Github/case-study-1-october2020-data-sweepers/DataExtraction/ENV/lib/python3.8/site-packages/airflow/example_dags/example_branch_labels.py
[2021-08-28 23:40:24,330] {processor.py:623} INFO - DAG(s) dict_keys(['example_branch_labels']) retrieved from /home/paolo/Documents/Github/case-study-1-october2020-data-sweepers/DataExtraction/ENV/lib/python3.8/site-packages/airflow/example_dags/example_branch_labels.py
[2021-08-28 23:40:24,356] {logging_mixin.py:109} INFO - [2021-08-28 23:40:24,356] {dag.py:1833} INFO - Sync 1 DAGs
[2021-08-28 23:40:24,382] {logging_mixin.py:109} INFO - [2021-08-28 23:40:24,382] {dag.py:2306} INFO - Setting next_dagrun for example_branch_labels to 2021-08-26 00:00:00+00:00
[2021-08-28 23:40:24,402] {processor.py:170} INFO - Processing /home/paolo/Documents/Github/case-study-1-october2020-data-sweepers/DataExtraction/ENV/lib/python3.8/site-packages/airflow/example_dags/example_branch_labels.py took 0.102 seconds
[2021-08-28 23:41:04,012] {processor.py:162} INFO - Started process (PID=13991) to work on /home/paolo/Documents/Github/case-study-1-october2020-data-sweepers/DataExtraction/ENV/lib/python3.8/site-packages/airflow/example_dags/example_branch_labels.py
[2021-08-28 23:41:04,015] {processor.py:613} INFO - Processing file /home/paolo/Documents/Github/case-study-1-october2020-data-sweepers/DataExtraction/ENV/lib/python3.8/site-packages/airflow/example_dags/example_branch_labels.py for tasks to queue
[2021-08-28 23:41:04,016] {logging_mixin.py:109} INFO - [2021-08-28 23:41:04,016] {dagbag.py:496} INFO - Filling up the DagBag from /home/paolo/Documents/Github/case-study-1-october2020-data-sweepers/DataExtraction/ENV/lib/python3.8/site-packages/airflow/example_dags/example_branch_labels.py
[2021-08-28 23:41:04,035] {processor.py:623} INFO - DAG(s) dict_keys(['example_branch_labels']) retrieved from /home/paolo/Documents/Github/case-study-1-october2020-data-sweepers/DataExtraction/ENV/lib/python3.8/site-packages/airflow/example_dags/example_branch_labels.py
[2021-08-28 23:41:04,058] {logging_mixin.py:109} INFO - [2021-08-28 23:41:04,058] {dag.py:1833} INFO - Sync 1 DAGs
[2021-08-28 23:41:04,085] {logging_mixin.py:109} INFO - [2021-08-28 23:41:04,085] {dag.py:2306} INFO - Setting next_dagrun for example_branch_labels to 2021-08-26 00:00:00+00:00
[2021-08-28 23:41:04,104] {processor.py:170} INFO - Processing /home/paolo/Documents/Github/case-study-1-october2020-data-sweepers/DataExtraction/ENV/lib/python3.8/site-packages/airflow/example_dags/example_branch_labels.py took 0.095 seconds
[2021-08-28 23:41:49,032] {processor.py:162} INFO - Started process (PID=14124) to work on /home/paolo/Documents/Github/case-study-1-october2020-data-sweepers/DataExtraction/ENV/lib/python3.8/site-packages/airflow/example_dags/example_branch_labels.py
[2021-08-28 23:41:49,033] {processor.py:613} INFO - Processing file /home/paolo/Documents/Github/case-study-1-october2020-data-sweepers/DataExtraction/ENV/lib/python3.8/site-packages/airflow/example_dags/example_branch_labels.py for tasks to queue
[2021-08-28 23:41:49,034] {logging_mixin.py:109} INFO - [2021-08-28 23:41:49,034] {dagbag.py:496} INFO - Filling up the DagBag from /home/paolo/Documents/Github/case-study-1-october2020-data-sweepers/DataExtraction/ENV/lib/python3.8/site-packages/airflow/example_dags/example_branch_labels.py
[2021-08-28 23:41:49,048] {processor.py:623} INFO - DAG(s) dict_keys(['example_branch_labels']) retrieved from /home/paolo/Documents/Github/case-study-1-october2020-data-sweepers/DataExtraction/ENV/lib/python3.8/site-packages/airflow/example_dags/example_branch_labels.py
[2021-08-28 23:41:49,061] {logging_mixin.py:109} INFO - [2021-08-28 23:41:49,061] {dag.py:1833} INFO - Sync 1 DAGs
[2021-08-28 23:41:49,077] {logging_mixin.py:109} INFO - [2021-08-28 23:41:49,077] {dag.py:2306} INFO - Setting next_dagrun for example_branch_labels to 2021-08-26 00:00:00+00:00
[2021-08-28 23:41:49,095] {processor.py:170} INFO - Processing /home/paolo/Documents/Github/case-study-1-october2020-data-sweepers/DataExtraction/ENV/lib/python3.8/site-packages/airflow/example_dags/example_branch_labels.py took 0.065 seconds
[2021-08-28 23:42:23,750] {processor.py:162} INFO - Started process (PID=14235) to work on /home/paolo/Documents/Github/case-study-1-october2020-data-sweepers/DataExtraction/ENV/lib/python3.8/site-packages/airflow/example_dags/example_branch_labels.py
[2021-08-28 23:42:23,751] {processor.py:613} INFO - Processing file /home/paolo/Documents/Github/case-study-1-october2020-data-sweepers/DataExtraction/ENV/lib/python3.8/site-packages/airflow/example_dags/example_branch_labels.py for tasks to queue
[2021-08-28 23:42:23,752] {logging_mixin.py:109} INFO - [2021-08-28 23:42:23,751] {dagbag.py:496} INFO - Filling up the DagBag from /home/paolo/Documents/Github/case-study-1-october2020-data-sweepers/DataExtraction/ENV/lib/python3.8/site-packages/airflow/example_dags/example_branch_labels.py
[2021-08-28 23:42:23,762] {processor.py:623} INFO - DAG(s) dict_keys(['example_branch_labels']) retrieved from /home/paolo/Documents/Github/case-study-1-october2020-data-sweepers/DataExtraction/ENV/lib/python3.8/site-packages/airflow/example_dags/example_branch_labels.py
[2021-08-28 23:42:23,775] {logging_mixin.py:109} INFO - [2021-08-28 23:42:23,775] {dag.py:1833} INFO - Sync 1 DAGs
[2021-08-28 23:42:23,789] {logging_mixin.py:109} INFO - [2021-08-28 23:42:23,789] {dag.py:2306} INFO - Setting next_dagrun for example_branch_labels to 2021-08-26 00:00:00+00:00
[2021-08-28 23:42:23,805] {processor.py:170} INFO - Processing /home/paolo/Documents/Github/case-study-1-october2020-data-sweepers/DataExtraction/ENV/lib/python3.8/site-packages/airflow/example_dags/example_branch_labels.py took 0.057 seconds
[2021-08-28 23:42:58,464] {processor.py:162} INFO - Started process (PID=14304) to work on /home/paolo/Documents/Github/case-study-1-october2020-data-sweepers/DataExtraction/ENV/lib/python3.8/site-packages/airflow/example_dags/example_branch_labels.py
[2021-08-28 23:42:58,466] {processor.py:613} INFO - Processing file /home/paolo/Documents/Github/case-study-1-october2020-data-sweepers/DataExtraction/ENV/lib/python3.8/site-packages/airflow/example_dags/example_branch_labels.py for tasks to queue
[2021-08-28 23:42:58,467] {logging_mixin.py:109} INFO - [2021-08-28 23:42:58,467] {dagbag.py:496} INFO - Filling up the DagBag from /home/paolo/Documents/Github/case-study-1-october2020-data-sweepers/DataExtraction/ENV/lib/python3.8/site-packages/airflow/example_dags/example_branch_labels.py
[2021-08-28 23:42:58,486] {processor.py:623} INFO - DAG(s) dict_keys(['example_branch_labels']) retrieved from /home/paolo/Documents/Github/case-study-1-october2020-data-sweepers/DataExtraction/ENV/lib/python3.8/site-packages/airflow/example_dags/example_branch_labels.py
[2021-08-28 23:42:58,498] {logging_mixin.py:109} INFO - [2021-08-28 23:42:58,498] {dag.py:1833} INFO - Sync 1 DAGs
[2021-08-28 23:42:58,509] {logging_mixin.py:109} INFO - [2021-08-28 23:42:58,509] {dag.py:2306} INFO - Setting next_dagrun for example_branch_labels to 2021-08-26 00:00:00+00:00
[2021-08-28 23:42:58,524] {processor.py:170} INFO - Processing /home/paolo/Documents/Github/case-study-1-october2020-data-sweepers/DataExtraction/ENV/lib/python3.8/site-packages/airflow/example_dags/example_branch_labels.py took 0.066 seconds
[2021-08-28 23:43:31,077] {processor.py:162} INFO - Started process (PID=14387) to work on /home/paolo/Documents/Github/case-study-1-october2020-data-sweepers/DataExtraction/ENV/lib/python3.8/site-packages/airflow/example_dags/example_branch_labels.py
[2021-08-28 23:43:31,079] {processor.py:613} INFO - Processing file /home/paolo/Documents/Github/case-study-1-october2020-data-sweepers/DataExtraction/ENV/lib/python3.8/site-packages/airflow/example_dags/example_branch_labels.py for tasks to queue
[2021-08-28 23:43:31,080] {logging_mixin.py:109} INFO - [2021-08-28 23:43:31,080] {dagbag.py:496} INFO - Filling up the DagBag from /home/paolo/Documents/Github/case-study-1-october2020-data-sweepers/DataExtraction/ENV/lib/python3.8/site-packages/airflow/example_dags/example_branch_labels.py
[2021-08-28 23:43:31,097] {processor.py:623} INFO - DAG(s) dict_keys(['example_branch_labels']) retrieved from /home/paolo/Documents/Github/case-study-1-october2020-data-sweepers/DataExtraction/ENV/lib/python3.8/site-packages/airflow/example_dags/example_branch_labels.py
[2021-08-28 23:43:31,109] {logging_mixin.py:109} INFO - [2021-08-28 23:43:31,109] {dag.py:1833} INFO - Sync 1 DAGs
[2021-08-28 23:43:31,124] {logging_mixin.py:109} INFO - [2021-08-28 23:43:31,124] {dag.py:2306} INFO - Setting next_dagrun for example_branch_labels to 2021-08-26 00:00:00+00:00
[2021-08-28 23:43:31,140] {processor.py:170} INFO - Processing /home/paolo/Documents/Github/case-study-1-october2020-data-sweepers/DataExtraction/ENV/lib/python3.8/site-packages/airflow/example_dags/example_branch_labels.py took 0.066 seconds
[2021-08-28 23:44:02,458] {processor.py:162} INFO - Started process (PID=14448) to work on /home/paolo/Documents/Github/case-study-1-october2020-data-sweepers/DataExtraction/ENV/lib/python3.8/site-packages/airflow/example_dags/example_branch_labels.py
[2021-08-28 23:44:02,465] {processor.py:613} INFO - Processing file /home/paolo/Documents/Github/case-study-1-october2020-data-sweepers/DataExtraction/ENV/lib/python3.8/site-packages/airflow/example_dags/example_branch_labels.py for tasks to queue
[2021-08-28 23:44:02,466] {logging_mixin.py:109} INFO - [2021-08-28 23:44:02,466] {dagbag.py:496} INFO - Filling up the DagBag from /home/paolo/Documents/Github/case-study-1-october2020-data-sweepers/DataExtraction/ENV/lib/python3.8/site-packages/airflow/example_dags/example_branch_labels.py
[2021-08-28 23:44:02,490] {processor.py:623} INFO - DAG(s) dict_keys(['example_branch_labels']) retrieved from /home/paolo/Documents/Github/case-study-1-october2020-data-sweepers/DataExtraction/ENV/lib/python3.8/site-packages/airflow/example_dags/example_branch_labels.py
[2021-08-28 23:44:02,509] {logging_mixin.py:109} INFO - [2021-08-28 23:44:02,509] {dag.py:1833} INFO - Sync 1 DAGs
[2021-08-28 23:44:02,531] {logging_mixin.py:109} INFO - [2021-08-28 23:44:02,530] {dag.py:2306} INFO - Setting next_dagrun for example_branch_labels to 2021-08-26 00:00:00+00:00
[2021-08-28 23:44:02,554] {processor.py:170} INFO - Processing /home/paolo/Documents/Github/case-study-1-october2020-data-sweepers/DataExtraction/ENV/lib/python3.8/site-packages/airflow/example_dags/example_branch_labels.py took 0.113 seconds
[2021-08-28 23:44:42,314] {processor.py:162} INFO - Started process (PID=14538) to work on /home/paolo/Documents/Github/case-study-1-october2020-data-sweepers/DataExtraction/ENV/lib/python3.8/site-packages/airflow/example_dags/example_branch_labels.py
[2021-08-28 23:44:42,321] {processor.py:613} INFO - Processing file /home/paolo/Documents/Github/case-study-1-october2020-data-sweepers/DataExtraction/ENV/lib/python3.8/site-packages/airflow/example_dags/example_branch_labels.py for tasks to queue
[2021-08-28 23:44:42,326] {logging_mixin.py:109} INFO - [2021-08-28 23:44:42,326] {dagbag.py:496} INFO - Filling up the DagBag from /home/paolo/Documents/Github/case-study-1-october2020-data-sweepers/DataExtraction/ENV/lib/python3.8/site-packages/airflow/example_dags/example_branch_labels.py
[2021-08-28 23:44:42,366] {processor.py:623} INFO - DAG(s) dict_keys(['example_branch_labels']) retrieved from /home/paolo/Documents/Github/case-study-1-october2020-data-sweepers/DataExtraction/ENV/lib/python3.8/site-packages/airflow/example_dags/example_branch_labels.py
[2021-08-28 23:44:42,398] {logging_mixin.py:109} INFO - [2021-08-28 23:44:42,398] {dag.py:1833} INFO - Sync 1 DAGs
[2021-08-28 23:44:42,418] {logging_mixin.py:109} INFO - [2021-08-28 23:44:42,418] {dag.py:2306} INFO - Setting next_dagrun for example_branch_labels to 2021-08-26 00:00:00+00:00
[2021-08-28 23:44:42,450] {processor.py:170} INFO - Processing /home/paolo/Documents/Github/case-study-1-october2020-data-sweepers/DataExtraction/ENV/lib/python3.8/site-packages/airflow/example_dags/example_branch_labels.py took 0.143 seconds
[2021-08-28 23:45:31,726] {processor.py:162} INFO - Started process (PID=14622) to work on /home/paolo/Documents/Github/case-study-1-october2020-data-sweepers/DataExtraction/ENV/lib/python3.8/site-packages/airflow/example_dags/example_branch_labels.py
[2021-08-28 23:45:31,728] {processor.py:613} INFO - Processing file /home/paolo/Documents/Github/case-study-1-october2020-data-sweepers/DataExtraction/ENV/lib/python3.8/site-packages/airflow/example_dags/example_branch_labels.py for tasks to queue
[2021-08-28 23:45:31,730] {logging_mixin.py:109} INFO - [2021-08-28 23:45:31,729] {dagbag.py:496} INFO - Filling up the DagBag from /home/paolo/Documents/Github/case-study-1-october2020-data-sweepers/DataExtraction/ENV/lib/python3.8/site-packages/airflow/example_dags/example_branch_labels.py
[2021-08-28 23:45:31,763] {processor.py:623} INFO - DAG(s) dict_keys(['example_branch_labels']) retrieved from /home/paolo/Documents/Github/case-study-1-october2020-data-sweepers/DataExtraction/ENV/lib/python3.8/site-packages/airflow/example_dags/example_branch_labels.py
[2021-08-28 23:45:31,793] {logging_mixin.py:109} INFO - [2021-08-28 23:45:31,792] {dag.py:1833} INFO - Sync 1 DAGs
[2021-08-28 23:45:31,830] {logging_mixin.py:109} INFO - [2021-08-28 23:45:31,830] {dag.py:2306} INFO - Setting next_dagrun for example_branch_labels to 2021-08-26 00:00:00+00:00
[2021-08-28 23:45:31,863] {processor.py:170} INFO - Processing /home/paolo/Documents/Github/case-study-1-october2020-data-sweepers/DataExtraction/ENV/lib/python3.8/site-packages/airflow/example_dags/example_branch_labels.py took 0.149 seconds
[2021-08-28 23:46:12,784] {processor.py:162} INFO - Started process (PID=14685) to work on /home/paolo/Documents/Github/case-study-1-october2020-data-sweepers/DataExtraction/ENV/lib/python3.8/site-packages/airflow/example_dags/example_branch_labels.py
[2021-08-28 23:46:12,785] {processor.py:613} INFO - Processing file /home/paolo/Documents/Github/case-study-1-october2020-data-sweepers/DataExtraction/ENV/lib/python3.8/site-packages/airflow/example_dags/example_branch_labels.py for tasks to queue
[2021-08-28 23:46:12,786] {logging_mixin.py:109} INFO - [2021-08-28 23:46:12,786] {dagbag.py:496} INFO - Filling up the DagBag from /home/paolo/Documents/Github/case-study-1-october2020-data-sweepers/DataExtraction/ENV/lib/python3.8/site-packages/airflow/example_dags/example_branch_labels.py
[2021-08-28 23:46:12,813] {processor.py:623} INFO - DAG(s) dict_keys(['example_branch_labels']) retrieved from /home/paolo/Documents/Github/case-study-1-october2020-data-sweepers/DataExtraction/ENV/lib/python3.8/site-packages/airflow/example_dags/example_branch_labels.py
[2021-08-28 23:46:12,841] {logging_mixin.py:109} INFO - [2021-08-28 23:46:12,840] {dag.py:1833} INFO - Sync 1 DAGs
[2021-08-28 23:46:12,872] {logging_mixin.py:109} INFO - [2021-08-28 23:46:12,872] {dag.py:2306} INFO - Setting next_dagrun for example_branch_labels to 2021-08-26 00:00:00+00:00
[2021-08-28 23:46:12,907] {processor.py:170} INFO - Processing /home/paolo/Documents/Github/case-study-1-october2020-data-sweepers/DataExtraction/ENV/lib/python3.8/site-packages/airflow/example_dags/example_branch_labels.py took 0.126 seconds
[2021-08-28 23:46:51,495] {processor.py:162} INFO - Started process (PID=14765) to work on /home/paolo/Documents/Github/case-study-1-october2020-data-sweepers/DataExtraction/ENV/lib/python3.8/site-packages/airflow/example_dags/example_branch_labels.py
[2021-08-28 23:46:51,496] {processor.py:613} INFO - Processing file /home/paolo/Documents/Github/case-study-1-october2020-data-sweepers/DataExtraction/ENV/lib/python3.8/site-packages/airflow/example_dags/example_branch_labels.py for tasks to queue
[2021-08-28 23:46:51,498] {logging_mixin.py:109} INFO - [2021-08-28 23:46:51,498] {dagbag.py:496} INFO - Filling up the DagBag from /home/paolo/Documents/Github/case-study-1-october2020-data-sweepers/DataExtraction/ENV/lib/python3.8/site-packages/airflow/example_dags/example_branch_labels.py
[2021-08-28 23:46:51,524] {processor.py:623} INFO - DAG(s) dict_keys(['example_branch_labels']) retrieved from /home/paolo/Documents/Github/case-study-1-october2020-data-sweepers/DataExtraction/ENV/lib/python3.8/site-packages/airflow/example_dags/example_branch_labels.py
[2021-08-28 23:46:51,568] {logging_mixin.py:109} INFO - [2021-08-28 23:46:51,568] {dag.py:1833} INFO - Sync 1 DAGs
[2021-08-28 23:46:51,601] {logging_mixin.py:109} INFO - [2021-08-28 23:46:51,601] {dag.py:2306} INFO - Setting next_dagrun for example_branch_labels to 2021-08-26 00:00:00+00:00
[2021-08-28 23:46:51,631] {processor.py:170} INFO - Processing /home/paolo/Documents/Github/case-study-1-october2020-data-sweepers/DataExtraction/ENV/lib/python3.8/site-packages/airflow/example_dags/example_branch_labels.py took 0.141 seconds
[2021-08-28 23:47:30,029] {processor.py:162} INFO - Started process (PID=14853) to work on /home/paolo/Documents/Github/case-study-1-october2020-data-sweepers/DataExtraction/ENV/lib/python3.8/site-packages/airflow/example_dags/example_branch_labels.py
[2021-08-28 23:47:30,030] {processor.py:613} INFO - Processing file /home/paolo/Documents/Github/case-study-1-october2020-data-sweepers/DataExtraction/ENV/lib/python3.8/site-packages/airflow/example_dags/example_branch_labels.py for tasks to queue
[2021-08-28 23:47:30,031] {logging_mixin.py:109} INFO - [2021-08-28 23:47:30,031] {dagbag.py:496} INFO - Filling up the DagBag from /home/paolo/Documents/Github/case-study-1-october2020-data-sweepers/DataExtraction/ENV/lib/python3.8/site-packages/airflow/example_dags/example_branch_labels.py
[2021-08-28 23:47:30,067] {processor.py:623} INFO - DAG(s) dict_keys(['example_branch_labels']) retrieved from /home/paolo/Documents/Github/case-study-1-october2020-data-sweepers/DataExtraction/ENV/lib/python3.8/site-packages/airflow/example_dags/example_branch_labels.py
[2021-08-28 23:47:30,095] {logging_mixin.py:109} INFO - [2021-08-28 23:47:30,095] {dag.py:1833} INFO - Sync 1 DAGs
[2021-08-28 23:47:30,122] {logging_mixin.py:109} INFO - [2021-08-28 23:47:30,122] {dag.py:2306} INFO - Setting next_dagrun for example_branch_labels to 2021-08-26 00:00:00+00:00
[2021-08-28 23:47:30,154] {processor.py:170} INFO - Processing /home/paolo/Documents/Github/case-study-1-october2020-data-sweepers/DataExtraction/ENV/lib/python3.8/site-packages/airflow/example_dags/example_branch_labels.py took 0.129 seconds
[2021-08-28 23:48:10,196] {processor.py:162} INFO - Started process (PID=14919) to work on /home/paolo/Documents/Github/case-study-1-october2020-data-sweepers/DataExtraction/ENV/lib/python3.8/site-packages/airflow/example_dags/example_branch_labels.py
[2021-08-28 23:48:10,197] {processor.py:613} INFO - Processing file /home/paolo/Documents/Github/case-study-1-october2020-data-sweepers/DataExtraction/ENV/lib/python3.8/site-packages/airflow/example_dags/example_branch_labels.py for tasks to queue
[2021-08-28 23:48:10,198] {logging_mixin.py:109} INFO - [2021-08-28 23:48:10,198] {dagbag.py:496} INFO - Filling up the DagBag from /home/paolo/Documents/Github/case-study-1-october2020-data-sweepers/DataExtraction/ENV/lib/python3.8/site-packages/airflow/example_dags/example_branch_labels.py
[2021-08-28 23:48:10,229] {processor.py:623} INFO - DAG(s) dict_keys(['example_branch_labels']) retrieved from /home/paolo/Documents/Github/case-study-1-october2020-data-sweepers/DataExtraction/ENV/lib/python3.8/site-packages/airflow/example_dags/example_branch_labels.py
[2021-08-28 23:48:10,277] {logging_mixin.py:109} INFO - [2021-08-28 23:48:10,277] {dag.py:1833} INFO - Sync 1 DAGs
[2021-08-28 23:48:10,301] {logging_mixin.py:109} INFO - [2021-08-28 23:48:10,301] {dag.py:2306} INFO - Setting next_dagrun for example_branch_labels to 2021-08-26 00:00:00+00:00
[2021-08-28 23:48:10,326] {processor.py:170} INFO - Processing /home/paolo/Documents/Github/case-study-1-october2020-data-sweepers/DataExtraction/ENV/lib/python3.8/site-packages/airflow/example_dags/example_branch_labels.py took 0.136 seconds
[2021-08-28 23:48:50,999] {processor.py:162} INFO - Started process (PID=14984) to work on /home/paolo/Documents/Github/case-study-1-october2020-data-sweepers/DataExtraction/ENV/lib/python3.8/site-packages/airflow/example_dags/example_branch_labels.py
[2021-08-28 23:48:51,004] {processor.py:613} INFO - Processing file /home/paolo/Documents/Github/case-study-1-october2020-data-sweepers/DataExtraction/ENV/lib/python3.8/site-packages/airflow/example_dags/example_branch_labels.py for tasks to queue
[2021-08-28 23:48:51,005] {logging_mixin.py:109} INFO - [2021-08-28 23:48:51,005] {dagbag.py:496} INFO - Filling up the DagBag from /home/paolo/Documents/Github/case-study-1-october2020-data-sweepers/DataExtraction/ENV/lib/python3.8/site-packages/airflow/example_dags/example_branch_labels.py
[2021-08-28 23:48:51,054] {processor.py:623} INFO - DAG(s) dict_keys(['example_branch_labels']) retrieved from /home/paolo/Documents/Github/case-study-1-october2020-data-sweepers/DataExtraction/ENV/lib/python3.8/site-packages/airflow/example_dags/example_branch_labels.py
[2021-08-28 23:48:51,118] {logging_mixin.py:109} INFO - [2021-08-28 23:48:51,118] {dag.py:1833} INFO - Sync 1 DAGs
[2021-08-28 23:48:51,153] {logging_mixin.py:109} INFO - [2021-08-28 23:48:51,152] {dag.py:2306} INFO - Setting next_dagrun for example_branch_labels to 2021-08-26 00:00:00+00:00
[2021-08-28 23:48:51,181] {processor.py:170} INFO - Processing /home/paolo/Documents/Github/case-study-1-october2020-data-sweepers/DataExtraction/ENV/lib/python3.8/site-packages/airflow/example_dags/example_branch_labels.py took 0.186 seconds
[2021-08-28 23:49:35,112] {processor.py:162} INFO - Started process (PID=15115) to work on /home/paolo/Documents/Github/case-study-1-october2020-data-sweepers/DataExtraction/ENV/lib/python3.8/site-packages/airflow/example_dags/example_branch_labels.py
[2021-08-28 23:49:35,118] {processor.py:613} INFO - Processing file /home/paolo/Documents/Github/case-study-1-october2020-data-sweepers/DataExtraction/ENV/lib/python3.8/site-packages/airflow/example_dags/example_branch_labels.py for tasks to queue
[2021-08-28 23:49:35,121] {logging_mixin.py:109} INFO - [2021-08-28 23:49:35,120] {dagbag.py:496} INFO - Filling up the DagBag from /home/paolo/Documents/Github/case-study-1-october2020-data-sweepers/DataExtraction/ENV/lib/python3.8/site-packages/airflow/example_dags/example_branch_labels.py
[2021-08-28 23:49:35,133] {processor.py:623} INFO - DAG(s) dict_keys(['example_branch_labels']) retrieved from /home/paolo/Documents/Github/case-study-1-october2020-data-sweepers/DataExtraction/ENV/lib/python3.8/site-packages/airflow/example_dags/example_branch_labels.py
[2021-08-28 23:49:35,150] {logging_mixin.py:109} INFO - [2021-08-28 23:49:35,149] {dag.py:1833} INFO - Sync 1 DAGs
[2021-08-28 23:49:35,166] {logging_mixin.py:109} INFO - [2021-08-28 23:49:35,166] {dag.py:2306} INFO - Setting next_dagrun for example_branch_labels to 2021-08-26 00:00:00+00:00
[2021-08-28 23:49:35,181] {processor.py:170} INFO - Processing /home/paolo/Documents/Github/case-study-1-october2020-data-sweepers/DataExtraction/ENV/lib/python3.8/site-packages/airflow/example_dags/example_branch_labels.py took 0.073 seconds
[2021-08-28 23:50:15,670] {processor.py:162} INFO - Started process (PID=15206) to work on /home/paolo/Documents/Github/case-study-1-october2020-data-sweepers/DataExtraction/ENV/lib/python3.8/site-packages/airflow/example_dags/example_branch_labels.py
[2021-08-28 23:50:15,675] {processor.py:613} INFO - Processing file /home/paolo/Documents/Github/case-study-1-october2020-data-sweepers/DataExtraction/ENV/lib/python3.8/site-packages/airflow/example_dags/example_branch_labels.py for tasks to queue
[2021-08-28 23:50:15,681] {logging_mixin.py:109} INFO - [2021-08-28 23:50:15,681] {dagbag.py:496} INFO - Filling up the DagBag from /home/paolo/Documents/Github/case-study-1-october2020-data-sweepers/DataExtraction/ENV/lib/python3.8/site-packages/airflow/example_dags/example_branch_labels.py
[2021-08-28 23:50:15,698] {processor.py:623} INFO - DAG(s) dict_keys(['example_branch_labels']) retrieved from /home/paolo/Documents/Github/case-study-1-october2020-data-sweepers/DataExtraction/ENV/lib/python3.8/site-packages/airflow/example_dags/example_branch_labels.py
[2021-08-28 23:50:15,718] {logging_mixin.py:109} INFO - [2021-08-28 23:50:15,718] {dag.py:1833} INFO - Sync 1 DAGs
[2021-08-28 23:50:15,738] {logging_mixin.py:109} INFO - [2021-08-28 23:50:15,738] {dag.py:2306} INFO - Setting next_dagrun for example_branch_labels to 2021-08-26 00:00:00+00:00
[2021-08-28 23:50:15,759] {processor.py:170} INFO - Processing /home/paolo/Documents/Github/case-study-1-october2020-data-sweepers/DataExtraction/ENV/lib/python3.8/site-packages/airflow/example_dags/example_branch_labels.py took 0.094 seconds
[2021-08-28 23:50:49,791] {processor.py:162} INFO - Started process (PID=15274) to work on /home/paolo/Documents/Github/case-study-1-october2020-data-sweepers/DataExtraction/ENV/lib/python3.8/site-packages/airflow/example_dags/example_branch_labels.py
[2021-08-28 23:50:49,792] {processor.py:613} INFO - Processing file /home/paolo/Documents/Github/case-study-1-october2020-data-sweepers/DataExtraction/ENV/lib/python3.8/site-packages/airflow/example_dags/example_branch_labels.py for tasks to queue
[2021-08-28 23:50:49,793] {logging_mixin.py:109} INFO - [2021-08-28 23:50:49,793] {dagbag.py:496} INFO - Filling up the DagBag from /home/paolo/Documents/Github/case-study-1-october2020-data-sweepers/DataExtraction/ENV/lib/python3.8/site-packages/airflow/example_dags/example_branch_labels.py
[2021-08-28 23:50:49,811] {processor.py:623} INFO - DAG(s) dict_keys(['example_branch_labels']) retrieved from /home/paolo/Documents/Github/case-study-1-october2020-data-sweepers/DataExtraction/ENV/lib/python3.8/site-packages/airflow/example_dags/example_branch_labels.py
[2021-08-28 23:50:49,829] {logging_mixin.py:109} INFO - [2021-08-28 23:50:49,829] {dag.py:1833} INFO - Sync 1 DAGs
[2021-08-28 23:50:49,849] {logging_mixin.py:109} INFO - [2021-08-28 23:50:49,849] {dag.py:2306} INFO - Setting next_dagrun for example_branch_labels to 2021-08-26 00:00:00+00:00
[2021-08-28 23:50:49,868] {processor.py:170} INFO - Processing /home/paolo/Documents/Github/case-study-1-october2020-data-sweepers/DataExtraction/ENV/lib/python3.8/site-packages/airflow/example_dags/example_branch_labels.py took 0.080 seconds
[2021-08-28 23:51:28,874] {processor.py:162} INFO - Started process (PID=15355) to work on /home/paolo/Documents/Github/case-study-1-october2020-data-sweepers/DataExtraction/ENV/lib/python3.8/site-packages/airflow/example_dags/example_branch_labels.py
[2021-08-28 23:51:28,875] {processor.py:613} INFO - Processing file /home/paolo/Documents/Github/case-study-1-october2020-data-sweepers/DataExtraction/ENV/lib/python3.8/site-packages/airflow/example_dags/example_branch_labels.py for tasks to queue
[2021-08-28 23:51:28,875] {logging_mixin.py:109} INFO - [2021-08-28 23:51:28,875] {dagbag.py:496} INFO - Filling up the DagBag from /home/paolo/Documents/Github/case-study-1-october2020-data-sweepers/DataExtraction/ENV/lib/python3.8/site-packages/airflow/example_dags/example_branch_labels.py
[2021-08-28 23:51:28,885] {processor.py:623} INFO - DAG(s) dict_keys(['example_branch_labels']) retrieved from /home/paolo/Documents/Github/case-study-1-october2020-data-sweepers/DataExtraction/ENV/lib/python3.8/site-packages/airflow/example_dags/example_branch_labels.py
[2021-08-28 23:51:28,896] {logging_mixin.py:109} INFO - [2021-08-28 23:51:28,896] {dag.py:1833} INFO - Sync 1 DAGs
[2021-08-28 23:51:28,910] {logging_mixin.py:109} INFO - [2021-08-28 23:51:28,910] {dag.py:2306} INFO - Setting next_dagrun for example_branch_labels to 2021-08-26 00:00:00+00:00
[2021-08-28 23:51:28,922] {processor.py:170} INFO - Processing /home/paolo/Documents/Github/case-study-1-october2020-data-sweepers/DataExtraction/ENV/lib/python3.8/site-packages/airflow/example_dags/example_branch_labels.py took 0.051 seconds
[2021-08-28 23:52:03,789] {processor.py:162} INFO - Started process (PID=15452) to work on /home/paolo/Documents/Github/case-study-1-october2020-data-sweepers/DataExtraction/ENV/lib/python3.8/site-packages/airflow/example_dags/example_branch_labels.py
[2021-08-28 23:52:03,791] {processor.py:613} INFO - Processing file /home/paolo/Documents/Github/case-study-1-october2020-data-sweepers/DataExtraction/ENV/lib/python3.8/site-packages/airflow/example_dags/example_branch_labels.py for tasks to queue
[2021-08-28 23:52:03,792] {logging_mixin.py:109} INFO - [2021-08-28 23:52:03,792] {dagbag.py:496} INFO - Filling up the DagBag from /home/paolo/Documents/Github/case-study-1-october2020-data-sweepers/DataExtraction/ENV/lib/python3.8/site-packages/airflow/example_dags/example_branch_labels.py
[2021-08-28 23:52:03,809] {processor.py:623} INFO - DAG(s) dict_keys(['example_branch_labels']) retrieved from /home/paolo/Documents/Github/case-study-1-october2020-data-sweepers/DataExtraction/ENV/lib/python3.8/site-packages/airflow/example_dags/example_branch_labels.py
[2021-08-28 23:52:03,828] {logging_mixin.py:109} INFO - [2021-08-28 23:52:03,828] {dag.py:1833} INFO - Sync 1 DAGs
[2021-08-28 23:52:03,855] {logging_mixin.py:109} INFO - [2021-08-28 23:52:03,855] {dag.py:2306} INFO - Setting next_dagrun for example_branch_labels to 2021-08-26 00:00:00+00:00
[2021-08-28 23:52:03,876] {processor.py:170} INFO - Processing /home/paolo/Documents/Github/case-study-1-october2020-data-sweepers/DataExtraction/ENV/lib/python3.8/site-packages/airflow/example_dags/example_branch_labels.py took 0.090 seconds
[2021-08-28 23:52:39,256] {processor.py:162} INFO - Started process (PID=15572) to work on /home/paolo/Documents/Github/case-study-1-october2020-data-sweepers/DataExtraction/ENV/lib/python3.8/site-packages/airflow/example_dags/example_branch_labels.py
[2021-08-28 23:52:39,259] {processor.py:613} INFO - Processing file /home/paolo/Documents/Github/case-study-1-october2020-data-sweepers/DataExtraction/ENV/lib/python3.8/site-packages/airflow/example_dags/example_branch_labels.py for tasks to queue
[2021-08-28 23:52:39,260] {logging_mixin.py:109} INFO - [2021-08-28 23:52:39,260] {dagbag.py:496} INFO - Filling up the DagBag from /home/paolo/Documents/Github/case-study-1-october2020-data-sweepers/DataExtraction/ENV/lib/python3.8/site-packages/airflow/example_dags/example_branch_labels.py
[2021-08-28 23:52:39,280] {processor.py:623} INFO - DAG(s) dict_keys(['example_branch_labels']) retrieved from /home/paolo/Documents/Github/case-study-1-october2020-data-sweepers/DataExtraction/ENV/lib/python3.8/site-packages/airflow/example_dags/example_branch_labels.py
[2021-08-28 23:52:39,302] {logging_mixin.py:109} INFO - [2021-08-28 23:52:39,301] {dag.py:1833} INFO - Sync 1 DAGs
[2021-08-28 23:52:39,321] {logging_mixin.py:109} INFO - [2021-08-28 23:52:39,321] {dag.py:2306} INFO - Setting next_dagrun for example_branch_labels to 2021-08-26 00:00:00+00:00
[2021-08-28 23:52:39,344] {processor.py:170} INFO - Processing /home/paolo/Documents/Github/case-study-1-october2020-data-sweepers/DataExtraction/ENV/lib/python3.8/site-packages/airflow/example_dags/example_branch_labels.py took 0.093 seconds
[2021-08-28 23:53:13,980] {processor.py:162} INFO - Started process (PID=15648) to work on /home/paolo/Documents/Github/case-study-1-october2020-data-sweepers/DataExtraction/ENV/lib/python3.8/site-packages/airflow/example_dags/example_branch_labels.py
[2021-08-28 23:53:13,982] {processor.py:613} INFO - Processing file /home/paolo/Documents/Github/case-study-1-october2020-data-sweepers/DataExtraction/ENV/lib/python3.8/site-packages/airflow/example_dags/example_branch_labels.py for tasks to queue
[2021-08-28 23:53:13,983] {logging_mixin.py:109} INFO - [2021-08-28 23:53:13,983] {dagbag.py:496} INFO - Filling up the DagBag from /home/paolo/Documents/Github/case-study-1-october2020-data-sweepers/DataExtraction/ENV/lib/python3.8/site-packages/airflow/example_dags/example_branch_labels.py
[2021-08-28 23:53:13,999] {processor.py:623} INFO - DAG(s) dict_keys(['example_branch_labels']) retrieved from /home/paolo/Documents/Github/case-study-1-october2020-data-sweepers/DataExtraction/ENV/lib/python3.8/site-packages/airflow/example_dags/example_branch_labels.py
[2021-08-28 23:53:14,013] {logging_mixin.py:109} INFO - [2021-08-28 23:53:14,013] {dag.py:1833} INFO - Sync 1 DAGs
[2021-08-28 23:53:14,035] {logging_mixin.py:109} INFO - [2021-08-28 23:53:14,034] {dag.py:2306} INFO - Setting next_dagrun for example_branch_labels to 2021-08-26 00:00:00+00:00
[2021-08-28 23:53:14,054] {processor.py:170} INFO - Processing /home/paolo/Documents/Github/case-study-1-october2020-data-sweepers/DataExtraction/ENV/lib/python3.8/site-packages/airflow/example_dags/example_branch_labels.py took 0.078 seconds
[2021-08-28 23:53:45,231] {processor.py:162} INFO - Started process (PID=15780) to work on /home/paolo/Documents/Github/case-study-1-october2020-data-sweepers/DataExtraction/ENV/lib/python3.8/site-packages/airflow/example_dags/example_branch_labels.py
[2021-08-28 23:53:45,234] {processor.py:613} INFO - Processing file /home/paolo/Documents/Github/case-study-1-october2020-data-sweepers/DataExtraction/ENV/lib/python3.8/site-packages/airflow/example_dags/example_branch_labels.py for tasks to queue
[2021-08-28 23:53:45,236] {logging_mixin.py:109} INFO - [2021-08-28 23:53:45,235] {dagbag.py:496} INFO - Filling up the DagBag from /home/paolo/Documents/Github/case-study-1-october2020-data-sweepers/DataExtraction/ENV/lib/python3.8/site-packages/airflow/example_dags/example_branch_labels.py
[2021-08-28 23:53:45,256] {processor.py:623} INFO - DAG(s) dict_keys(['example_branch_labels']) retrieved from /home/paolo/Documents/Github/case-study-1-october2020-data-sweepers/DataExtraction/ENV/lib/python3.8/site-packages/airflow/example_dags/example_branch_labels.py
[2021-08-28 23:53:45,269] {logging_mixin.py:109} INFO - [2021-08-28 23:53:45,269] {dag.py:1833} INFO - Sync 1 DAGs
[2021-08-28 23:53:45,282] {logging_mixin.py:109} INFO - [2021-08-28 23:53:45,281] {dag.py:2306} INFO - Setting next_dagrun for example_branch_labels to 2021-08-26 00:00:00+00:00
[2021-08-28 23:53:45,298] {processor.py:170} INFO - Processing /home/paolo/Documents/Github/case-study-1-october2020-data-sweepers/DataExtraction/ENV/lib/python3.8/site-packages/airflow/example_dags/example_branch_labels.py took 0.073 seconds
[2021-08-28 23:56:19,007] {processor.py:162} INFO - Started process (PID=16417) to work on /home/paolo/Documents/Github/case-study-1-october2020-data-sweepers/DataExtraction/ENV/lib/python3.8/site-packages/airflow/example_dags/example_branch_labels.py
[2021-08-28 23:56:19,020] {processor.py:613} INFO - Processing file /home/paolo/Documents/Github/case-study-1-october2020-data-sweepers/DataExtraction/ENV/lib/python3.8/site-packages/airflow/example_dags/example_branch_labels.py for tasks to queue
[2021-08-28 23:56:19,021] {logging_mixin.py:109} INFO - [2021-08-28 23:56:19,021] {dagbag.py:496} INFO - Filling up the DagBag from /home/paolo/Documents/Github/case-study-1-october2020-data-sweepers/DataExtraction/ENV/lib/python3.8/site-packages/airflow/example_dags/example_branch_labels.py
[2021-08-28 23:56:19,051] {processor.py:623} INFO - DAG(s) dict_keys(['example_branch_labels']) retrieved from /home/paolo/Documents/Github/case-study-1-october2020-data-sweepers/DataExtraction/ENV/lib/python3.8/site-packages/airflow/example_dags/example_branch_labels.py
[2021-08-28 23:56:19,090] {logging_mixin.py:109} INFO - [2021-08-28 23:56:19,090] {dag.py:1833} INFO - Sync 1 DAGs
[2021-08-28 23:56:19,116] {logging_mixin.py:109} INFO - [2021-08-28 23:56:19,115] {dag.py:2306} INFO - Setting next_dagrun for example_branch_labels to 2021-08-26 00:00:00+00:00
[2021-08-28 23:56:19,132] {processor.py:170} INFO - Processing /home/paolo/Documents/Github/case-study-1-october2020-data-sweepers/DataExtraction/ENV/lib/python3.8/site-packages/airflow/example_dags/example_branch_labels.py took 0.128 seconds
[2021-08-28 23:56:59,539] {processor.py:162} INFO - Started process (PID=16721) to work on /home/paolo/Documents/Github/case-study-1-october2020-data-sweepers/DataExtraction/ENV/lib/python3.8/site-packages/airflow/example_dags/example_branch_labels.py
[2021-08-28 23:56:59,541] {processor.py:613} INFO - Processing file /home/paolo/Documents/Github/case-study-1-october2020-data-sweepers/DataExtraction/ENV/lib/python3.8/site-packages/airflow/example_dags/example_branch_labels.py for tasks to queue
[2021-08-28 23:56:59,541] {logging_mixin.py:109} INFO - [2021-08-28 23:56:59,541] {dagbag.py:496} INFO - Filling up the DagBag from /home/paolo/Documents/Github/case-study-1-october2020-data-sweepers/DataExtraction/ENV/lib/python3.8/site-packages/airflow/example_dags/example_branch_labels.py
[2021-08-28 23:56:59,553] {processor.py:623} INFO - DAG(s) dict_keys(['example_branch_labels']) retrieved from /home/paolo/Documents/Github/case-study-1-october2020-data-sweepers/DataExtraction/ENV/lib/python3.8/site-packages/airflow/example_dags/example_branch_labels.py
[2021-08-28 23:56:59,565] {logging_mixin.py:109} INFO - [2021-08-28 23:56:59,564] {dag.py:1833} INFO - Sync 1 DAGs
[2021-08-28 23:56:59,577] {logging_mixin.py:109} INFO - [2021-08-28 23:56:59,577] {dag.py:2306} INFO - Setting next_dagrun for example_branch_labels to 2021-08-26 00:00:00+00:00
[2021-08-28 23:56:59,591] {processor.py:170} INFO - Processing /home/paolo/Documents/Github/case-study-1-october2020-data-sweepers/DataExtraction/ENV/lib/python3.8/site-packages/airflow/example_dags/example_branch_labels.py took 0.055 seconds
[2021-08-28 23:57:41,299] {processor.py:162} INFO - Started process (PID=17069) to work on /home/paolo/Documents/Github/case-study-1-october2020-data-sweepers/DataExtraction/ENV/lib/python3.8/site-packages/airflow/example_dags/example_branch_labels.py
[2021-08-28 23:57:41,302] {processor.py:613} INFO - Processing file /home/paolo/Documents/Github/case-study-1-october2020-data-sweepers/DataExtraction/ENV/lib/python3.8/site-packages/airflow/example_dags/example_branch_labels.py for tasks to queue
[2021-08-28 23:57:41,302] {logging_mixin.py:109} INFO - [2021-08-28 23:57:41,302] {dagbag.py:496} INFO - Filling up the DagBag from /home/paolo/Documents/Github/case-study-1-october2020-data-sweepers/DataExtraction/ENV/lib/python3.8/site-packages/airflow/example_dags/example_branch_labels.py
[2021-08-28 23:57:41,317] {processor.py:623} INFO - DAG(s) dict_keys(['example_branch_labels']) retrieved from /home/paolo/Documents/Github/case-study-1-october2020-data-sweepers/DataExtraction/ENV/lib/python3.8/site-packages/airflow/example_dags/example_branch_labels.py
[2021-08-28 23:57:41,332] {logging_mixin.py:109} INFO - [2021-08-28 23:57:41,332] {dag.py:1833} INFO - Sync 1 DAGs
[2021-08-28 23:57:41,347] {logging_mixin.py:109} INFO - [2021-08-28 23:57:41,347] {dag.py:2306} INFO - Setting next_dagrun for example_branch_labels to 2021-08-26 00:00:00+00:00
[2021-08-28 23:57:41,364] {processor.py:170} INFO - Processing /home/paolo/Documents/Github/case-study-1-october2020-data-sweepers/DataExtraction/ENV/lib/python3.8/site-packages/airflow/example_dags/example_branch_labels.py took 0.070 seconds
[2021-08-28 23:58:26,329] {processor.py:162} INFO - Started process (PID=17456) to work on /home/paolo/Documents/Github/case-study-1-october2020-data-sweepers/DataExtraction/ENV/lib/python3.8/site-packages/airflow/example_dags/example_branch_labels.py
[2021-08-28 23:58:26,330] {processor.py:613} INFO - Processing file /home/paolo/Documents/Github/case-study-1-october2020-data-sweepers/DataExtraction/ENV/lib/python3.8/site-packages/airflow/example_dags/example_branch_labels.py for tasks to queue
[2021-08-28 23:58:26,331] {logging_mixin.py:109} INFO - [2021-08-28 23:58:26,330] {dagbag.py:496} INFO - Filling up the DagBag from /home/paolo/Documents/Github/case-study-1-october2020-data-sweepers/DataExtraction/ENV/lib/python3.8/site-packages/airflow/example_dags/example_branch_labels.py
[2021-08-28 23:58:26,340] {processor.py:623} INFO - DAG(s) dict_keys(['example_branch_labels']) retrieved from /home/paolo/Documents/Github/case-study-1-october2020-data-sweepers/DataExtraction/ENV/lib/python3.8/site-packages/airflow/example_dags/example_branch_labels.py
[2021-08-28 23:58:26,354] {logging_mixin.py:109} INFO - [2021-08-28 23:58:26,354] {dag.py:1833} INFO - Sync 1 DAGs
[2021-08-28 23:58:26,366] {logging_mixin.py:109} INFO - [2021-08-28 23:58:26,366] {dag.py:2306} INFO - Setting next_dagrun for example_branch_labels to 2021-08-26 00:00:00+00:00
[2021-08-28 23:58:26,382] {processor.py:170} INFO - Processing /home/paolo/Documents/Github/case-study-1-october2020-data-sweepers/DataExtraction/ENV/lib/python3.8/site-packages/airflow/example_dags/example_branch_labels.py took 0.055 seconds
