[2021-08-28 23:37:47,043] {processor.py:162} INFO - Started process (PID=13203) to work on /home/paolo/Documents/Github/case-study-1-october2020-data-sweepers/DataExtraction/ENV/lib/python3.8/site-packages/airflow/example_dags/example_bash_operator.py
[2021-08-28 23:37:47,044] {processor.py:613} INFO - Processing file /home/paolo/Documents/Github/case-study-1-october2020-data-sweepers/DataExtraction/ENV/lib/python3.8/site-packages/airflow/example_dags/example_bash_operator.py for tasks to queue
[2021-08-28 23:37:47,045] {logging_mixin.py:109} INFO - [2021-08-28 23:37:47,045] {dagbag.py:496} INFO - Filling up the DagBag from /home/paolo/Documents/Github/case-study-1-october2020-data-sweepers/DataExtraction/ENV/lib/python3.8/site-packages/airflow/example_dags/example_bash_operator.py
[2021-08-28 23:37:47,070] {processor.py:623} INFO - DAG(s) dict_keys(['example_bash_operator']) retrieved from /home/paolo/Documents/Github/case-study-1-october2020-data-sweepers/DataExtraction/ENV/lib/python3.8/site-packages/airflow/example_dags/example_bash_operator.py
[2021-08-28 23:37:47,098] {logging_mixin.py:109} INFO - [2021-08-28 23:37:47,098] {dag.py:1833} INFO - Sync 1 DAGs
[2021-08-28 23:37:47,118] {logging_mixin.py:109} INFO - [2021-08-28 23:37:47,118] {dag.py:2306} INFO - Setting next_dagrun for example_bash_operator to 2021-08-26 00:00:00+00:00
[2021-08-28 23:37:47,147] {processor.py:170} INFO - Processing /home/paolo/Documents/Github/case-study-1-october2020-data-sweepers/DataExtraction/ENV/lib/python3.8/site-packages/airflow/example_dags/example_bash_operator.py took 0.111 seconds
[2021-08-28 23:38:31,985] {processor.py:162} INFO - Started process (PID=13303) to work on /home/paolo/Documents/Github/case-study-1-october2020-data-sweepers/DataExtraction/ENV/lib/python3.8/site-packages/airflow/example_dags/example_bash_operator.py
[2021-08-28 23:38:31,987] {processor.py:613} INFO - Processing file /home/paolo/Documents/Github/case-study-1-october2020-data-sweepers/DataExtraction/ENV/lib/python3.8/site-packages/airflow/example_dags/example_bash_operator.py for tasks to queue
[2021-08-28 23:38:31,989] {logging_mixin.py:109} INFO - [2021-08-28 23:38:31,988] {dagbag.py:496} INFO - Filling up the DagBag from /home/paolo/Documents/Github/case-study-1-october2020-data-sweepers/DataExtraction/ENV/lib/python3.8/site-packages/airflow/example_dags/example_bash_operator.py
[2021-08-28 23:38:32,030] {processor.py:623} INFO - DAG(s) dict_keys(['example_bash_operator']) retrieved from /home/paolo/Documents/Github/case-study-1-october2020-data-sweepers/DataExtraction/ENV/lib/python3.8/site-packages/airflow/example_dags/example_bash_operator.py
[2021-08-28 23:38:32,061] {logging_mixin.py:109} INFO - [2021-08-28 23:38:32,061] {dag.py:1833} INFO - Sync 1 DAGs
[2021-08-28 23:38:32,130] {logging_mixin.py:109} INFO - [2021-08-28 23:38:32,130] {dag.py:2306} INFO - Setting next_dagrun for example_bash_operator to 2021-08-26 00:00:00+00:00
[2021-08-28 23:38:32,218] {processor.py:170} INFO - Processing /home/paolo/Documents/Github/case-study-1-october2020-data-sweepers/DataExtraction/ENV/lib/python3.8/site-packages/airflow/example_dags/example_bash_operator.py took 0.237 seconds
[2021-08-28 23:39:10,411] {processor.py:162} INFO - Started process (PID=13404) to work on /home/paolo/Documents/Github/case-study-1-october2020-data-sweepers/DataExtraction/ENV/lib/python3.8/site-packages/airflow/example_dags/example_bash_operator.py
[2021-08-28 23:39:10,415] {processor.py:613} INFO - Processing file /home/paolo/Documents/Github/case-study-1-october2020-data-sweepers/DataExtraction/ENV/lib/python3.8/site-packages/airflow/example_dags/example_bash_operator.py for tasks to queue
[2021-08-28 23:39:10,416] {logging_mixin.py:109} INFO - [2021-08-28 23:39:10,416] {dagbag.py:496} INFO - Filling up the DagBag from /home/paolo/Documents/Github/case-study-1-october2020-data-sweepers/DataExtraction/ENV/lib/python3.8/site-packages/airflow/example_dags/example_bash_operator.py
[2021-08-28 23:39:10,438] {processor.py:623} INFO - DAG(s) dict_keys(['example_bash_operator']) retrieved from /home/paolo/Documents/Github/case-study-1-october2020-data-sweepers/DataExtraction/ENV/lib/python3.8/site-packages/airflow/example_dags/example_bash_operator.py
[2021-08-28 23:39:10,458] {logging_mixin.py:109} INFO - [2021-08-28 23:39:10,458] {dag.py:1833} INFO - Sync 1 DAGs
[2021-08-28 23:39:10,479] {logging_mixin.py:109} INFO - [2021-08-28 23:39:10,479] {dag.py:2306} INFO - Setting next_dagrun for example_bash_operator to 2021-08-26 00:00:00+00:00
[2021-08-28 23:39:10,502] {processor.py:170} INFO - Processing /home/paolo/Documents/Github/case-study-1-october2020-data-sweepers/DataExtraction/ENV/lib/python3.8/site-packages/airflow/example_dags/example_bash_operator.py took 0.095 seconds
[2021-08-28 23:39:48,716] {processor.py:162} INFO - Started process (PID=13599) to work on /home/paolo/Documents/Github/case-study-1-october2020-data-sweepers/DataExtraction/ENV/lib/python3.8/site-packages/airflow/example_dags/example_bash_operator.py
[2021-08-28 23:39:48,717] {processor.py:613} INFO - Processing file /home/paolo/Documents/Github/case-study-1-october2020-data-sweepers/DataExtraction/ENV/lib/python3.8/site-packages/airflow/example_dags/example_bash_operator.py for tasks to queue
[2021-08-28 23:39:48,718] {logging_mixin.py:109} INFO - [2021-08-28 23:39:48,718] {dagbag.py:496} INFO - Filling up the DagBag from /home/paolo/Documents/Github/case-study-1-october2020-data-sweepers/DataExtraction/ENV/lib/python3.8/site-packages/airflow/example_dags/example_bash_operator.py
[2021-08-28 23:39:48,737] {processor.py:623} INFO - DAG(s) dict_keys(['example_bash_operator']) retrieved from /home/paolo/Documents/Github/case-study-1-october2020-data-sweepers/DataExtraction/ENV/lib/python3.8/site-packages/airflow/example_dags/example_bash_operator.py
[2021-08-28 23:39:48,794] {logging_mixin.py:109} INFO - [2021-08-28 23:39:48,794] {dag.py:1833} INFO - Sync 1 DAGs
[2021-08-28 23:39:48,835] {logging_mixin.py:109} INFO - [2021-08-28 23:39:48,835] {dag.py:2306} INFO - Setting next_dagrun for example_bash_operator to 2021-08-26 00:00:00+00:00
[2021-08-28 23:39:48,869] {processor.py:170} INFO - Processing /home/paolo/Documents/Github/case-study-1-october2020-data-sweepers/DataExtraction/ENV/lib/python3.8/site-packages/airflow/example_dags/example_bash_operator.py took 0.157 seconds
[2021-08-28 23:40:25,564] {processor.py:162} INFO - Started process (PID=13800) to work on /home/paolo/Documents/Github/case-study-1-october2020-data-sweepers/DataExtraction/ENV/lib/python3.8/site-packages/airflow/example_dags/example_bash_operator.py
[2021-08-28 23:40:25,565] {processor.py:613} INFO - Processing file /home/paolo/Documents/Github/case-study-1-october2020-data-sweepers/DataExtraction/ENV/lib/python3.8/site-packages/airflow/example_dags/example_bash_operator.py for tasks to queue
[2021-08-28 23:40:25,566] {logging_mixin.py:109} INFO - [2021-08-28 23:40:25,566] {dagbag.py:496} INFO - Filling up the DagBag from /home/paolo/Documents/Github/case-study-1-october2020-data-sweepers/DataExtraction/ENV/lib/python3.8/site-packages/airflow/example_dags/example_bash_operator.py
[2021-08-28 23:40:25,592] {processor.py:623} INFO - DAG(s) dict_keys(['example_bash_operator']) retrieved from /home/paolo/Documents/Github/case-study-1-october2020-data-sweepers/DataExtraction/ENV/lib/python3.8/site-packages/airflow/example_dags/example_bash_operator.py
[2021-08-28 23:40:25,616] {logging_mixin.py:109} INFO - [2021-08-28 23:40:25,616] {dag.py:1833} INFO - Sync 1 DAGs
[2021-08-28 23:40:25,642] {logging_mixin.py:109} INFO - [2021-08-28 23:40:25,642] {dag.py:2306} INFO - Setting next_dagrun for example_bash_operator to 2021-08-26 00:00:00+00:00
[2021-08-28 23:40:25,673] {processor.py:170} INFO - Processing /home/paolo/Documents/Github/case-study-1-october2020-data-sweepers/DataExtraction/ENV/lib/python3.8/site-packages/airflow/example_dags/example_bash_operator.py took 0.115 seconds
[2021-08-28 23:41:12,602] {processor.py:162} INFO - Started process (PID=14014) to work on /home/paolo/Documents/Github/case-study-1-october2020-data-sweepers/DataExtraction/ENV/lib/python3.8/site-packages/airflow/example_dags/example_bash_operator.py
[2021-08-28 23:41:12,603] {processor.py:613} INFO - Processing file /home/paolo/Documents/Github/case-study-1-october2020-data-sweepers/DataExtraction/ENV/lib/python3.8/site-packages/airflow/example_dags/example_bash_operator.py for tasks to queue
[2021-08-28 23:41:12,604] {logging_mixin.py:109} INFO - [2021-08-28 23:41:12,604] {dagbag.py:496} INFO - Filling up the DagBag from /home/paolo/Documents/Github/case-study-1-october2020-data-sweepers/DataExtraction/ENV/lib/python3.8/site-packages/airflow/example_dags/example_bash_operator.py
[2021-08-28 23:41:12,618] {processor.py:623} INFO - DAG(s) dict_keys(['example_bash_operator']) retrieved from /home/paolo/Documents/Github/case-study-1-october2020-data-sweepers/DataExtraction/ENV/lib/python3.8/site-packages/airflow/example_dags/example_bash_operator.py
[2021-08-28 23:41:12,630] {logging_mixin.py:109} INFO - [2021-08-28 23:41:12,630] {dag.py:1833} INFO - Sync 1 DAGs
[2021-08-28 23:41:12,646] {logging_mixin.py:109} INFO - [2021-08-28 23:41:12,645] {dag.py:2306} INFO - Setting next_dagrun for example_bash_operator to 2021-08-26 00:00:00+00:00
[2021-08-28 23:41:12,671] {processor.py:170} INFO - Processing /home/paolo/Documents/Github/case-study-1-october2020-data-sweepers/DataExtraction/ENV/lib/python3.8/site-packages/airflow/example_dags/example_bash_operator.py took 0.071 seconds
[2021-08-28 23:41:56,616] {processor.py:162} INFO - Started process (PID=14139) to work on /home/paolo/Documents/Github/case-study-1-october2020-data-sweepers/DataExtraction/ENV/lib/python3.8/site-packages/airflow/example_dags/example_bash_operator.py
[2021-08-28 23:41:56,617] {processor.py:613} INFO - Processing file /home/paolo/Documents/Github/case-study-1-october2020-data-sweepers/DataExtraction/ENV/lib/python3.8/site-packages/airflow/example_dags/example_bash_operator.py for tasks to queue
[2021-08-28 23:41:56,617] {logging_mixin.py:109} INFO - [2021-08-28 23:41:56,617] {dagbag.py:496} INFO - Filling up the DagBag from /home/paolo/Documents/Github/case-study-1-october2020-data-sweepers/DataExtraction/ENV/lib/python3.8/site-packages/airflow/example_dags/example_bash_operator.py
[2021-08-28 23:41:56,630] {processor.py:623} INFO - DAG(s) dict_keys(['example_bash_operator']) retrieved from /home/paolo/Documents/Github/case-study-1-october2020-data-sweepers/DataExtraction/ENV/lib/python3.8/site-packages/airflow/example_dags/example_bash_operator.py
[2021-08-28 23:41:56,642] {logging_mixin.py:109} INFO - [2021-08-28 23:41:56,642] {dag.py:1833} INFO - Sync 1 DAGs
[2021-08-28 23:41:56,655] {logging_mixin.py:109} INFO - [2021-08-28 23:41:56,655] {dag.py:2306} INFO - Setting next_dagrun for example_bash_operator to 2021-08-26 00:00:00+00:00
[2021-08-28 23:41:56,667] {processor.py:170} INFO - Processing /home/paolo/Documents/Github/case-study-1-october2020-data-sweepers/DataExtraction/ENV/lib/python3.8/site-packages/airflow/example_dags/example_bash_operator.py took 0.054 seconds
[2021-08-28 23:42:30,066] {processor.py:162} INFO - Started process (PID=14248) to work on /home/paolo/Documents/Github/case-study-1-october2020-data-sweepers/DataExtraction/ENV/lib/python3.8/site-packages/airflow/example_dags/example_bash_operator.py
[2021-08-28 23:42:30,068] {processor.py:613} INFO - Processing file /home/paolo/Documents/Github/case-study-1-october2020-data-sweepers/DataExtraction/ENV/lib/python3.8/site-packages/airflow/example_dags/example_bash_operator.py for tasks to queue
[2021-08-28 23:42:30,068] {logging_mixin.py:109} INFO - [2021-08-28 23:42:30,068] {dagbag.py:496} INFO - Filling up the DagBag from /home/paolo/Documents/Github/case-study-1-october2020-data-sweepers/DataExtraction/ENV/lib/python3.8/site-packages/airflow/example_dags/example_bash_operator.py
[2021-08-28 23:42:30,080] {processor.py:623} INFO - DAG(s) dict_keys(['example_bash_operator']) retrieved from /home/paolo/Documents/Github/case-study-1-october2020-data-sweepers/DataExtraction/ENV/lib/python3.8/site-packages/airflow/example_dags/example_bash_operator.py
[2021-08-28 23:42:30,091] {logging_mixin.py:109} INFO - [2021-08-28 23:42:30,091] {dag.py:1833} INFO - Sync 1 DAGs
[2021-08-28 23:42:30,103] {logging_mixin.py:109} INFO - [2021-08-28 23:42:30,103] {dag.py:2306} INFO - Setting next_dagrun for example_bash_operator to 2021-08-26 00:00:00+00:00
[2021-08-28 23:42:30,119] {processor.py:170} INFO - Processing /home/paolo/Documents/Github/case-study-1-october2020-data-sweepers/DataExtraction/ENV/lib/python3.8/site-packages/airflow/example_dags/example_bash_operator.py took 0.055 seconds
[2021-08-28 23:43:03,813] {processor.py:162} INFO - Started process (PID=14314) to work on /home/paolo/Documents/Github/case-study-1-october2020-data-sweepers/DataExtraction/ENV/lib/python3.8/site-packages/airflow/example_dags/example_bash_operator.py
[2021-08-28 23:43:03,816] {processor.py:613} INFO - Processing file /home/paolo/Documents/Github/case-study-1-october2020-data-sweepers/DataExtraction/ENV/lib/python3.8/site-packages/airflow/example_dags/example_bash_operator.py for tasks to queue
[2021-08-28 23:43:03,817] {logging_mixin.py:109} INFO - [2021-08-28 23:43:03,817] {dagbag.py:496} INFO - Filling up the DagBag from /home/paolo/Documents/Github/case-study-1-october2020-data-sweepers/DataExtraction/ENV/lib/python3.8/site-packages/airflow/example_dags/example_bash_operator.py
[2021-08-28 23:43:03,834] {processor.py:623} INFO - DAG(s) dict_keys(['example_bash_operator']) retrieved from /home/paolo/Documents/Github/case-study-1-october2020-data-sweepers/DataExtraction/ENV/lib/python3.8/site-packages/airflow/example_dags/example_bash_operator.py
[2021-08-28 23:43:03,846] {logging_mixin.py:109} INFO - [2021-08-28 23:43:03,846] {dag.py:1833} INFO - Sync 1 DAGs
[2021-08-28 23:43:03,858] {logging_mixin.py:109} INFO - [2021-08-28 23:43:03,858] {dag.py:2306} INFO - Setting next_dagrun for example_bash_operator to 2021-08-26 00:00:00+00:00
[2021-08-28 23:43:03,873] {processor.py:170} INFO - Processing /home/paolo/Documents/Github/case-study-1-october2020-data-sweepers/DataExtraction/ENV/lib/python3.8/site-packages/airflow/example_dags/example_bash_operator.py took 0.066 seconds
[2021-08-28 23:43:37,410] {processor.py:162} INFO - Started process (PID=14399) to work on /home/paolo/Documents/Github/case-study-1-october2020-data-sweepers/DataExtraction/ENV/lib/python3.8/site-packages/airflow/example_dags/example_bash_operator.py
[2021-08-28 23:43:37,413] {processor.py:613} INFO - Processing file /home/paolo/Documents/Github/case-study-1-october2020-data-sweepers/DataExtraction/ENV/lib/python3.8/site-packages/airflow/example_dags/example_bash_operator.py for tasks to queue
[2021-08-28 23:43:37,414] {logging_mixin.py:109} INFO - [2021-08-28 23:43:37,414] {dagbag.py:496} INFO - Filling up the DagBag from /home/paolo/Documents/Github/case-study-1-october2020-data-sweepers/DataExtraction/ENV/lib/python3.8/site-packages/airflow/example_dags/example_bash_operator.py
[2021-08-28 23:43:37,435] {processor.py:623} INFO - DAG(s) dict_keys(['example_bash_operator']) retrieved from /home/paolo/Documents/Github/case-study-1-october2020-data-sweepers/DataExtraction/ENV/lib/python3.8/site-packages/airflow/example_dags/example_bash_operator.py
[2021-08-28 23:43:37,446] {logging_mixin.py:109} INFO - [2021-08-28 23:43:37,446] {dag.py:1833} INFO - Sync 1 DAGs
[2021-08-28 23:43:37,457] {logging_mixin.py:109} INFO - [2021-08-28 23:43:37,457] {dag.py:2306} INFO - Setting next_dagrun for example_bash_operator to 2021-08-26 00:00:00+00:00
[2021-08-28 23:43:37,473] {processor.py:170} INFO - Processing /home/paolo/Documents/Github/case-study-1-october2020-data-sweepers/DataExtraction/ENV/lib/python3.8/site-packages/airflow/example_dags/example_bash_operator.py took 0.070 seconds
[2021-08-28 23:44:10,088] {processor.py:162} INFO - Started process (PID=14464) to work on /home/paolo/Documents/Github/case-study-1-october2020-data-sweepers/DataExtraction/ENV/lib/python3.8/site-packages/airflow/example_dags/example_bash_operator.py
[2021-08-28 23:44:10,089] {processor.py:613} INFO - Processing file /home/paolo/Documents/Github/case-study-1-october2020-data-sweepers/DataExtraction/ENV/lib/python3.8/site-packages/airflow/example_dags/example_bash_operator.py for tasks to queue
[2021-08-28 23:44:10,090] {logging_mixin.py:109} INFO - [2021-08-28 23:44:10,090] {dagbag.py:496} INFO - Filling up the DagBag from /home/paolo/Documents/Github/case-study-1-october2020-data-sweepers/DataExtraction/ENV/lib/python3.8/site-packages/airflow/example_dags/example_bash_operator.py
[2021-08-28 23:44:10,105] {processor.py:623} INFO - DAG(s) dict_keys(['example_bash_operator']) retrieved from /home/paolo/Documents/Github/case-study-1-october2020-data-sweepers/DataExtraction/ENV/lib/python3.8/site-packages/airflow/example_dags/example_bash_operator.py
[2021-08-28 23:44:10,118] {logging_mixin.py:109} INFO - [2021-08-28 23:44:10,118] {dag.py:1833} INFO - Sync 1 DAGs
[2021-08-28 23:44:10,131] {logging_mixin.py:109} INFO - [2021-08-28 23:44:10,131] {dag.py:2306} INFO - Setting next_dagrun for example_bash_operator to 2021-08-26 00:00:00+00:00
[2021-08-28 23:44:10,147] {processor.py:170} INFO - Processing /home/paolo/Documents/Github/case-study-1-october2020-data-sweepers/DataExtraction/ENV/lib/python3.8/site-packages/airflow/example_dags/example_bash_operator.py took 0.062 seconds
[2021-08-28 23:44:51,835] {processor.py:162} INFO - Started process (PID=14556) to work on /home/paolo/Documents/Github/case-study-1-october2020-data-sweepers/DataExtraction/ENV/lib/python3.8/site-packages/airflow/example_dags/example_bash_operator.py
[2021-08-28 23:44:51,836] {processor.py:613} INFO - Processing file /home/paolo/Documents/Github/case-study-1-october2020-data-sweepers/DataExtraction/ENV/lib/python3.8/site-packages/airflow/example_dags/example_bash_operator.py for tasks to queue
[2021-08-28 23:44:51,837] {logging_mixin.py:109} INFO - [2021-08-28 23:44:51,837] {dagbag.py:496} INFO - Filling up the DagBag from /home/paolo/Documents/Github/case-study-1-october2020-data-sweepers/DataExtraction/ENV/lib/python3.8/site-packages/airflow/example_dags/example_bash_operator.py
[2021-08-28 23:44:51,864] {processor.py:623} INFO - DAG(s) dict_keys(['example_bash_operator']) retrieved from /home/paolo/Documents/Github/case-study-1-october2020-data-sweepers/DataExtraction/ENV/lib/python3.8/site-packages/airflow/example_dags/example_bash_operator.py
[2021-08-28 23:44:51,889] {logging_mixin.py:109} INFO - [2021-08-28 23:44:51,889] {dag.py:1833} INFO - Sync 1 DAGs
[2021-08-28 23:44:51,909] {logging_mixin.py:109} INFO - [2021-08-28 23:44:51,909] {dag.py:2306} INFO - Setting next_dagrun for example_bash_operator to 2021-08-26 00:00:00+00:00
[2021-08-28 23:44:51,935] {processor.py:170} INFO - Processing /home/paolo/Documents/Github/case-study-1-october2020-data-sweepers/DataExtraction/ENV/lib/python3.8/site-packages/airflow/example_dags/example_bash_operator.py took 0.104 seconds
[2021-08-28 23:45:32,994] {processor.py:162} INFO - Started process (PID=14624) to work on /home/paolo/Documents/Github/case-study-1-october2020-data-sweepers/DataExtraction/ENV/lib/python3.8/site-packages/airflow/example_dags/example_bash_operator.py
[2021-08-28 23:45:33,000] {processor.py:613} INFO - Processing file /home/paolo/Documents/Github/case-study-1-october2020-data-sweepers/DataExtraction/ENV/lib/python3.8/site-packages/airflow/example_dags/example_bash_operator.py for tasks to queue
[2021-08-28 23:45:33,010] {logging_mixin.py:109} INFO - [2021-08-28 23:45:33,010] {dagbag.py:496} INFO - Filling up the DagBag from /home/paolo/Documents/Github/case-study-1-october2020-data-sweepers/DataExtraction/ENV/lib/python3.8/site-packages/airflow/example_dags/example_bash_operator.py
[2021-08-28 23:45:33,052] {processor.py:623} INFO - DAG(s) dict_keys(['example_bash_operator']) retrieved from /home/paolo/Documents/Github/case-study-1-october2020-data-sweepers/DataExtraction/ENV/lib/python3.8/site-packages/airflow/example_dags/example_bash_operator.py
[2021-08-28 23:45:33,091] {logging_mixin.py:109} INFO - [2021-08-28 23:45:33,091] {dag.py:1833} INFO - Sync 1 DAGs
[2021-08-28 23:45:33,144] {logging_mixin.py:109} INFO - [2021-08-28 23:45:33,143] {dag.py:2306} INFO - Setting next_dagrun for example_bash_operator to 2021-08-26 00:00:00+00:00
[2021-08-28 23:45:33,188] {processor.py:170} INFO - Processing /home/paolo/Documents/Github/case-study-1-october2020-data-sweepers/DataExtraction/ENV/lib/python3.8/site-packages/airflow/example_dags/example_bash_operator.py took 0.206 seconds
[2021-08-28 23:46:14,059] {processor.py:162} INFO - Started process (PID=14687) to work on /home/paolo/Documents/Github/case-study-1-october2020-data-sweepers/DataExtraction/ENV/lib/python3.8/site-packages/airflow/example_dags/example_bash_operator.py
[2021-08-28 23:46:14,061] {processor.py:613} INFO - Processing file /home/paolo/Documents/Github/case-study-1-october2020-data-sweepers/DataExtraction/ENV/lib/python3.8/site-packages/airflow/example_dags/example_bash_operator.py for tasks to queue
[2021-08-28 23:46:14,066] {logging_mixin.py:109} INFO - [2021-08-28 23:46:14,066] {dagbag.py:496} INFO - Filling up the DagBag from /home/paolo/Documents/Github/case-study-1-october2020-data-sweepers/DataExtraction/ENV/lib/python3.8/site-packages/airflow/example_dags/example_bash_operator.py
[2021-08-28 23:46:14,099] {processor.py:623} INFO - DAG(s) dict_keys(['example_bash_operator']) retrieved from /home/paolo/Documents/Github/case-study-1-october2020-data-sweepers/DataExtraction/ENV/lib/python3.8/site-packages/airflow/example_dags/example_bash_operator.py
[2021-08-28 23:46:14,127] {logging_mixin.py:109} INFO - [2021-08-28 23:46:14,127] {dag.py:1833} INFO - Sync 1 DAGs
[2021-08-28 23:46:14,156] {logging_mixin.py:109} INFO - [2021-08-28 23:46:14,156] {dag.py:2306} INFO - Setting next_dagrun for example_bash_operator to 2021-08-26 00:00:00+00:00
[2021-08-28 23:46:14,183] {processor.py:170} INFO - Processing /home/paolo/Documents/Github/case-study-1-october2020-data-sweepers/DataExtraction/ENV/lib/python3.8/site-packages/airflow/example_dags/example_bash_operator.py took 0.130 seconds
[2021-08-28 23:46:52,758] {processor.py:162} INFO - Started process (PID=14767) to work on /home/paolo/Documents/Github/case-study-1-october2020-data-sweepers/DataExtraction/ENV/lib/python3.8/site-packages/airflow/example_dags/example_bash_operator.py
[2021-08-28 23:46:52,762] {processor.py:613} INFO - Processing file /home/paolo/Documents/Github/case-study-1-october2020-data-sweepers/DataExtraction/ENV/lib/python3.8/site-packages/airflow/example_dags/example_bash_operator.py for tasks to queue
[2021-08-28 23:46:52,762] {logging_mixin.py:109} INFO - [2021-08-28 23:46:52,762] {dagbag.py:496} INFO - Filling up the DagBag from /home/paolo/Documents/Github/case-study-1-october2020-data-sweepers/DataExtraction/ENV/lib/python3.8/site-packages/airflow/example_dags/example_bash_operator.py
[2021-08-28 23:46:52,814] {processor.py:623} INFO - DAG(s) dict_keys(['example_bash_operator']) retrieved from /home/paolo/Documents/Github/case-study-1-october2020-data-sweepers/DataExtraction/ENV/lib/python3.8/site-packages/airflow/example_dags/example_bash_operator.py
[2021-08-28 23:46:52,848] {logging_mixin.py:109} INFO - [2021-08-28 23:46:52,848] {dag.py:1833} INFO - Sync 1 DAGs
[2021-08-28 23:46:52,877] {logging_mixin.py:109} INFO - [2021-08-28 23:46:52,876] {dag.py:2306} INFO - Setting next_dagrun for example_bash_operator to 2021-08-26 00:00:00+00:00
[2021-08-28 23:46:52,903] {processor.py:170} INFO - Processing /home/paolo/Documents/Github/case-study-1-october2020-data-sweepers/DataExtraction/ENV/lib/python3.8/site-packages/airflow/example_dags/example_bash_operator.py took 0.148 seconds
[2021-08-28 23:47:39,541] {processor.py:162} INFO - Started process (PID=14867) to work on /home/paolo/Documents/Github/case-study-1-october2020-data-sweepers/DataExtraction/ENV/lib/python3.8/site-packages/airflow/example_dags/example_bash_operator.py
[2021-08-28 23:47:39,546] {processor.py:613} INFO - Processing file /home/paolo/Documents/Github/case-study-1-october2020-data-sweepers/DataExtraction/ENV/lib/python3.8/site-packages/airflow/example_dags/example_bash_operator.py for tasks to queue
[2021-08-28 23:47:39,548] {logging_mixin.py:109} INFO - [2021-08-28 23:47:39,548] {dagbag.py:496} INFO - Filling up the DagBag from /home/paolo/Documents/Github/case-study-1-october2020-data-sweepers/DataExtraction/ENV/lib/python3.8/site-packages/airflow/example_dags/example_bash_operator.py
[2021-08-28 23:47:39,602] {processor.py:623} INFO - DAG(s) dict_keys(['example_bash_operator']) retrieved from /home/paolo/Documents/Github/case-study-1-october2020-data-sweepers/DataExtraction/ENV/lib/python3.8/site-packages/airflow/example_dags/example_bash_operator.py
[2021-08-28 23:47:39,637] {logging_mixin.py:109} INFO - [2021-08-28 23:47:39,637] {dag.py:1833} INFO - Sync 1 DAGs
[2021-08-28 23:47:39,676] {logging_mixin.py:109} INFO - [2021-08-28 23:47:39,676] {dag.py:2306} INFO - Setting next_dagrun for example_bash_operator to 2021-08-26 00:00:00+00:00
[2021-08-28 23:47:39,703] {processor.py:170} INFO - Processing /home/paolo/Documents/Github/case-study-1-october2020-data-sweepers/DataExtraction/ENV/lib/python3.8/site-packages/airflow/example_dags/example_bash_operator.py took 0.169 seconds
[2021-08-28 23:48:19,541] {processor.py:162} INFO - Started process (PID=14934) to work on /home/paolo/Documents/Github/case-study-1-october2020-data-sweepers/DataExtraction/ENV/lib/python3.8/site-packages/airflow/example_dags/example_bash_operator.py
[2021-08-28 23:48:19,543] {processor.py:613} INFO - Processing file /home/paolo/Documents/Github/case-study-1-october2020-data-sweepers/DataExtraction/ENV/lib/python3.8/site-packages/airflow/example_dags/example_bash_operator.py for tasks to queue
[2021-08-28 23:48:19,545] {logging_mixin.py:109} INFO - [2021-08-28 23:48:19,544] {dagbag.py:496} INFO - Filling up the DagBag from /home/paolo/Documents/Github/case-study-1-october2020-data-sweepers/DataExtraction/ENV/lib/python3.8/site-packages/airflow/example_dags/example_bash_operator.py
[2021-08-28 23:48:19,571] {processor.py:623} INFO - DAG(s) dict_keys(['example_bash_operator']) retrieved from /home/paolo/Documents/Github/case-study-1-october2020-data-sweepers/DataExtraction/ENV/lib/python3.8/site-packages/airflow/example_dags/example_bash_operator.py
[2021-08-28 23:48:19,595] {logging_mixin.py:109} INFO - [2021-08-28 23:48:19,594] {dag.py:1833} INFO - Sync 1 DAGs
[2021-08-28 23:48:19,620] {logging_mixin.py:109} INFO - [2021-08-28 23:48:19,620] {dag.py:2306} INFO - Setting next_dagrun for example_bash_operator to 2021-08-26 00:00:00+00:00
[2021-08-28 23:48:19,647] {processor.py:170} INFO - Processing /home/paolo/Documents/Github/case-study-1-october2020-data-sweepers/DataExtraction/ENV/lib/python3.8/site-packages/airflow/example_dags/example_bash_operator.py took 0.114 seconds
[2021-08-28 23:49:00,493] {processor.py:162} INFO - Started process (PID=15049) to work on /home/paolo/Documents/Github/case-study-1-october2020-data-sweepers/DataExtraction/ENV/lib/python3.8/site-packages/airflow/example_dags/example_bash_operator.py
[2021-08-28 23:49:00,496] {processor.py:613} INFO - Processing file /home/paolo/Documents/Github/case-study-1-october2020-data-sweepers/DataExtraction/ENV/lib/python3.8/site-packages/airflow/example_dags/example_bash_operator.py for tasks to queue
[2021-08-28 23:49:00,497] {logging_mixin.py:109} INFO - [2021-08-28 23:49:00,497] {dagbag.py:496} INFO - Filling up the DagBag from /home/paolo/Documents/Github/case-study-1-october2020-data-sweepers/DataExtraction/ENV/lib/python3.8/site-packages/airflow/example_dags/example_bash_operator.py
[2021-08-28 23:49:00,521] {processor.py:623} INFO - DAG(s) dict_keys(['example_bash_operator']) retrieved from /home/paolo/Documents/Github/case-study-1-october2020-data-sweepers/DataExtraction/ENV/lib/python3.8/site-packages/airflow/example_dags/example_bash_operator.py
[2021-08-28 23:49:00,544] {logging_mixin.py:109} INFO - [2021-08-28 23:49:00,543] {dag.py:1833} INFO - Sync 1 DAGs
[2021-08-28 23:49:00,569] {logging_mixin.py:109} INFO - [2021-08-28 23:49:00,569] {dag.py:2306} INFO - Setting next_dagrun for example_bash_operator to 2021-08-26 00:00:00+00:00
[2021-08-28 23:49:00,638] {processor.py:170} INFO - Processing /home/paolo/Documents/Github/case-study-1-october2020-data-sweepers/DataExtraction/ENV/lib/python3.8/site-packages/airflow/example_dags/example_bash_operator.py took 0.158 seconds
[2021-08-28 23:49:42,788] {processor.py:162} INFO - Started process (PID=15126) to work on /home/paolo/Documents/Github/case-study-1-october2020-data-sweepers/DataExtraction/ENV/lib/python3.8/site-packages/airflow/example_dags/example_bash_operator.py
[2021-08-28 23:49:42,790] {processor.py:613} INFO - Processing file /home/paolo/Documents/Github/case-study-1-october2020-data-sweepers/DataExtraction/ENV/lib/python3.8/site-packages/airflow/example_dags/example_bash_operator.py for tasks to queue
[2021-08-28 23:49:42,790] {logging_mixin.py:109} INFO - [2021-08-28 23:49:42,790] {dagbag.py:496} INFO - Filling up the DagBag from /home/paolo/Documents/Github/case-study-1-october2020-data-sweepers/DataExtraction/ENV/lib/python3.8/site-packages/airflow/example_dags/example_bash_operator.py
[2021-08-28 23:49:42,817] {processor.py:623} INFO - DAG(s) dict_keys(['example_bash_operator']) retrieved from /home/paolo/Documents/Github/case-study-1-october2020-data-sweepers/DataExtraction/ENV/lib/python3.8/site-packages/airflow/example_dags/example_bash_operator.py
[2021-08-28 23:49:42,841] {logging_mixin.py:109} INFO - [2021-08-28 23:49:42,840] {dag.py:1833} INFO - Sync 1 DAGs
[2021-08-28 23:49:42,859] {logging_mixin.py:109} INFO - [2021-08-28 23:49:42,859] {dag.py:2306} INFO - Setting next_dagrun for example_bash_operator to 2021-08-26 00:00:00+00:00
[2021-08-28 23:49:42,883] {processor.py:170} INFO - Processing /home/paolo/Documents/Github/case-study-1-october2020-data-sweepers/DataExtraction/ENV/lib/python3.8/site-packages/airflow/example_dags/example_bash_operator.py took 0.097 seconds
[2021-08-28 23:50:20,860] {processor.py:162} INFO - Started process (PID=15215) to work on /home/paolo/Documents/Github/case-study-1-october2020-data-sweepers/DataExtraction/ENV/lib/python3.8/site-packages/airflow/example_dags/example_bash_operator.py
[2021-08-28 23:50:20,861] {processor.py:613} INFO - Processing file /home/paolo/Documents/Github/case-study-1-october2020-data-sweepers/DataExtraction/ENV/lib/python3.8/site-packages/airflow/example_dags/example_bash_operator.py for tasks to queue
[2021-08-28 23:50:20,862] {logging_mixin.py:109} INFO - [2021-08-28 23:50:20,862] {dagbag.py:496} INFO - Filling up the DagBag from /home/paolo/Documents/Github/case-study-1-october2020-data-sweepers/DataExtraction/ENV/lib/python3.8/site-packages/airflow/example_dags/example_bash_operator.py
[2021-08-28 23:50:20,891] {processor.py:623} INFO - DAG(s) dict_keys(['example_bash_operator']) retrieved from /home/paolo/Documents/Github/case-study-1-october2020-data-sweepers/DataExtraction/ENV/lib/python3.8/site-packages/airflow/example_dags/example_bash_operator.py
[2021-08-28 23:50:20,919] {logging_mixin.py:109} INFO - [2021-08-28 23:50:20,919] {dag.py:1833} INFO - Sync 1 DAGs
[2021-08-28 23:50:20,944] {logging_mixin.py:109} INFO - [2021-08-28 23:50:20,943] {dag.py:2306} INFO - Setting next_dagrun for example_bash_operator to 2021-08-26 00:00:00+00:00
[2021-08-28 23:50:20,968] {processor.py:170} INFO - Processing /home/paolo/Documents/Github/case-study-1-october2020-data-sweepers/DataExtraction/ENV/lib/python3.8/site-packages/airflow/example_dags/example_bash_operator.py took 0.110 seconds
[2021-08-28 23:50:59,010] {processor.py:162} INFO - Started process (PID=15290) to work on /home/paolo/Documents/Github/case-study-1-october2020-data-sweepers/DataExtraction/ENV/lib/python3.8/site-packages/airflow/example_dags/example_bash_operator.py
[2021-08-28 23:50:59,012] {processor.py:613} INFO - Processing file /home/paolo/Documents/Github/case-study-1-october2020-data-sweepers/DataExtraction/ENV/lib/python3.8/site-packages/airflow/example_dags/example_bash_operator.py for tasks to queue
[2021-08-28 23:50:59,013] {logging_mixin.py:109} INFO - [2021-08-28 23:50:59,013] {dagbag.py:496} INFO - Filling up the DagBag from /home/paolo/Documents/Github/case-study-1-october2020-data-sweepers/DataExtraction/ENV/lib/python3.8/site-packages/airflow/example_dags/example_bash_operator.py
[2021-08-28 23:50:59,039] {processor.py:623} INFO - DAG(s) dict_keys(['example_bash_operator']) retrieved from /home/paolo/Documents/Github/case-study-1-october2020-data-sweepers/DataExtraction/ENV/lib/python3.8/site-packages/airflow/example_dags/example_bash_operator.py
[2021-08-28 23:50:59,068] {logging_mixin.py:109} INFO - [2021-08-28 23:50:59,068] {dag.py:1833} INFO - Sync 1 DAGs
[2021-08-28 23:50:59,097] {logging_mixin.py:109} INFO - [2021-08-28 23:50:59,096] {dag.py:2306} INFO - Setting next_dagrun for example_bash_operator to 2021-08-26 00:00:00+00:00
[2021-08-28 23:50:59,119] {processor.py:170} INFO - Processing /home/paolo/Documents/Github/case-study-1-october2020-data-sweepers/DataExtraction/ENV/lib/python3.8/site-packages/airflow/example_dags/example_bash_operator.py took 0.114 seconds
[2021-08-28 23:51:33,504] {processor.py:162} INFO - Started process (PID=15365) to work on /home/paolo/Documents/Github/case-study-1-october2020-data-sweepers/DataExtraction/ENV/lib/python3.8/site-packages/airflow/example_dags/example_bash_operator.py
[2021-08-28 23:51:33,505] {processor.py:613} INFO - Processing file /home/paolo/Documents/Github/case-study-1-october2020-data-sweepers/DataExtraction/ENV/lib/python3.8/site-packages/airflow/example_dags/example_bash_operator.py for tasks to queue
[2021-08-28 23:51:33,506] {logging_mixin.py:109} INFO - [2021-08-28 23:51:33,506] {dagbag.py:496} INFO - Filling up the DagBag from /home/paolo/Documents/Github/case-study-1-october2020-data-sweepers/DataExtraction/ENV/lib/python3.8/site-packages/airflow/example_dags/example_bash_operator.py
[2021-08-28 23:51:33,517] {processor.py:623} INFO - DAG(s) dict_keys(['example_bash_operator']) retrieved from /home/paolo/Documents/Github/case-study-1-october2020-data-sweepers/DataExtraction/ENV/lib/python3.8/site-packages/airflow/example_dags/example_bash_operator.py
[2021-08-28 23:51:33,530] {logging_mixin.py:109} INFO - [2021-08-28 23:51:33,530] {dag.py:1833} INFO - Sync 1 DAGs
[2021-08-28 23:51:33,546] {logging_mixin.py:109} INFO - [2021-08-28 23:51:33,546] {dag.py:2306} INFO - Setting next_dagrun for example_bash_operator to 2021-08-26 00:00:00+00:00
[2021-08-28 23:51:33,558] {processor.py:170} INFO - Processing /home/paolo/Documents/Github/case-study-1-october2020-data-sweepers/DataExtraction/ENV/lib/python3.8/site-packages/airflow/example_dags/example_bash_operator.py took 0.056 seconds
[2021-08-28 23:52:07,779] {processor.py:162} INFO - Started process (PID=15466) to work on /home/paolo/Documents/Github/case-study-1-october2020-data-sweepers/DataExtraction/ENV/lib/python3.8/site-packages/airflow/example_dags/example_bash_operator.py
[2021-08-28 23:52:07,781] {processor.py:613} INFO - Processing file /home/paolo/Documents/Github/case-study-1-october2020-data-sweepers/DataExtraction/ENV/lib/python3.8/site-packages/airflow/example_dags/example_bash_operator.py for tasks to queue
[2021-08-28 23:52:07,782] {logging_mixin.py:109} INFO - [2021-08-28 23:52:07,781] {dagbag.py:496} INFO - Filling up the DagBag from /home/paolo/Documents/Github/case-study-1-october2020-data-sweepers/DataExtraction/ENV/lib/python3.8/site-packages/airflow/example_dags/example_bash_operator.py
[2021-08-28 23:52:07,800] {processor.py:623} INFO - DAG(s) dict_keys(['example_bash_operator']) retrieved from /home/paolo/Documents/Github/case-study-1-october2020-data-sweepers/DataExtraction/ENV/lib/python3.8/site-packages/airflow/example_dags/example_bash_operator.py
[2021-08-28 23:52:07,817] {logging_mixin.py:109} INFO - [2021-08-28 23:52:07,817] {dag.py:1833} INFO - Sync 1 DAGs
[2021-08-28 23:52:07,832] {logging_mixin.py:109} INFO - [2021-08-28 23:52:07,832] {dag.py:2306} INFO - Setting next_dagrun for example_bash_operator to 2021-08-26 00:00:00+00:00
[2021-08-28 23:52:07,850] {processor.py:170} INFO - Processing /home/paolo/Documents/Github/case-study-1-october2020-data-sweepers/DataExtraction/ENV/lib/python3.8/site-packages/airflow/example_dags/example_bash_operator.py took 0.074 seconds
[2021-08-28 23:52:43,265] {processor.py:162} INFO - Started process (PID=15579) to work on /home/paolo/Documents/Github/case-study-1-october2020-data-sweepers/DataExtraction/ENV/lib/python3.8/site-packages/airflow/example_dags/example_bash_operator.py
[2021-08-28 23:52:43,269] {processor.py:613} INFO - Processing file /home/paolo/Documents/Github/case-study-1-october2020-data-sweepers/DataExtraction/ENV/lib/python3.8/site-packages/airflow/example_dags/example_bash_operator.py for tasks to queue
[2021-08-28 23:52:43,271] {logging_mixin.py:109} INFO - [2021-08-28 23:52:43,270] {dagbag.py:496} INFO - Filling up the DagBag from /home/paolo/Documents/Github/case-study-1-october2020-data-sweepers/DataExtraction/ENV/lib/python3.8/site-packages/airflow/example_dags/example_bash_operator.py
[2021-08-28 23:52:43,290] {processor.py:623} INFO - DAG(s) dict_keys(['example_bash_operator']) retrieved from /home/paolo/Documents/Github/case-study-1-october2020-data-sweepers/DataExtraction/ENV/lib/python3.8/site-packages/airflow/example_dags/example_bash_operator.py
[2021-08-28 23:52:43,301] {logging_mixin.py:109} INFO - [2021-08-28 23:52:43,301] {dag.py:1833} INFO - Sync 1 DAGs
[2021-08-28 23:52:43,312] {logging_mixin.py:109} INFO - [2021-08-28 23:52:43,312] {dag.py:2306} INFO - Setting next_dagrun for example_bash_operator to 2021-08-26 00:00:00+00:00
[2021-08-28 23:52:43,329] {processor.py:170} INFO - Processing /home/paolo/Documents/Github/case-study-1-october2020-data-sweepers/DataExtraction/ENV/lib/python3.8/site-packages/airflow/example_dags/example_bash_operator.py took 0.072 seconds
[2021-08-28 23:53:17,414] {processor.py:162} INFO - Started process (PID=15657) to work on /home/paolo/Documents/Github/case-study-1-october2020-data-sweepers/DataExtraction/ENV/lib/python3.8/site-packages/airflow/example_dags/example_bash_operator.py
[2021-08-28 23:53:17,415] {processor.py:613} INFO - Processing file /home/paolo/Documents/Github/case-study-1-october2020-data-sweepers/DataExtraction/ENV/lib/python3.8/site-packages/airflow/example_dags/example_bash_operator.py for tasks to queue
[2021-08-28 23:53:17,416] {logging_mixin.py:109} INFO - [2021-08-28 23:53:17,416] {dagbag.py:496} INFO - Filling up the DagBag from /home/paolo/Documents/Github/case-study-1-october2020-data-sweepers/DataExtraction/ENV/lib/python3.8/site-packages/airflow/example_dags/example_bash_operator.py
[2021-08-28 23:53:17,427] {processor.py:623} INFO - DAG(s) dict_keys(['example_bash_operator']) retrieved from /home/paolo/Documents/Github/case-study-1-october2020-data-sweepers/DataExtraction/ENV/lib/python3.8/site-packages/airflow/example_dags/example_bash_operator.py
[2021-08-28 23:53:17,438] {logging_mixin.py:109} INFO - [2021-08-28 23:53:17,438] {dag.py:1833} INFO - Sync 1 DAGs
[2021-08-28 23:53:17,451] {logging_mixin.py:109} INFO - [2021-08-28 23:53:17,451] {dag.py:2306} INFO - Setting next_dagrun for example_bash_operator to 2021-08-26 00:00:00+00:00
[2021-08-28 23:53:17,468] {processor.py:170} INFO - Processing /home/paolo/Documents/Github/case-study-1-october2020-data-sweepers/DataExtraction/ENV/lib/python3.8/site-packages/airflow/example_dags/example_bash_operator.py took 0.057 seconds
[2021-08-28 23:53:49,252] {processor.py:162} INFO - Started process (PID=15844) to work on /home/paolo/Documents/Github/case-study-1-october2020-data-sweepers/DataExtraction/ENV/lib/python3.8/site-packages/airflow/example_dags/example_bash_operator.py
[2021-08-28 23:53:49,253] {processor.py:613} INFO - Processing file /home/paolo/Documents/Github/case-study-1-october2020-data-sweepers/DataExtraction/ENV/lib/python3.8/site-packages/airflow/example_dags/example_bash_operator.py for tasks to queue
[2021-08-28 23:53:49,254] {logging_mixin.py:109} INFO - [2021-08-28 23:53:49,254] {dagbag.py:496} INFO - Filling up the DagBag from /home/paolo/Documents/Github/case-study-1-october2020-data-sweepers/DataExtraction/ENV/lib/python3.8/site-packages/airflow/example_dags/example_bash_operator.py
[2021-08-28 23:53:49,268] {processor.py:623} INFO - DAG(s) dict_keys(['example_bash_operator']) retrieved from /home/paolo/Documents/Github/case-study-1-october2020-data-sweepers/DataExtraction/ENV/lib/python3.8/site-packages/airflow/example_dags/example_bash_operator.py
[2021-08-28 23:53:49,282] {logging_mixin.py:109} INFO - [2021-08-28 23:53:49,282] {dag.py:1833} INFO - Sync 1 DAGs
[2021-08-28 23:53:49,297] {logging_mixin.py:109} INFO - [2021-08-28 23:53:49,297] {dag.py:2306} INFO - Setting next_dagrun for example_bash_operator to 2021-08-26 00:00:00+00:00
[2021-08-28 23:53:49,313] {processor.py:170} INFO - Processing /home/paolo/Documents/Github/case-study-1-october2020-data-sweepers/DataExtraction/ENV/lib/python3.8/site-packages/airflow/example_dags/example_bash_operator.py took 0.063 seconds
[2021-08-28 23:56:20,271] {processor.py:162} INFO - Started process (PID=16437) to work on /home/paolo/Documents/Github/case-study-1-october2020-data-sweepers/DataExtraction/ENV/lib/python3.8/site-packages/airflow/example_dags/example_bash_operator.py
[2021-08-28 23:56:20,274] {processor.py:613} INFO - Processing file /home/paolo/Documents/Github/case-study-1-october2020-data-sweepers/DataExtraction/ENV/lib/python3.8/site-packages/airflow/example_dags/example_bash_operator.py for tasks to queue
[2021-08-28 23:56:20,280] {logging_mixin.py:109} INFO - [2021-08-28 23:56:20,279] {dagbag.py:496} INFO - Filling up the DagBag from /home/paolo/Documents/Github/case-study-1-october2020-data-sweepers/DataExtraction/ENV/lib/python3.8/site-packages/airflow/example_dags/example_bash_operator.py
[2021-08-28 23:56:20,304] {processor.py:623} INFO - DAG(s) dict_keys(['example_bash_operator']) retrieved from /home/paolo/Documents/Github/case-study-1-october2020-data-sweepers/DataExtraction/ENV/lib/python3.8/site-packages/airflow/example_dags/example_bash_operator.py
[2021-08-28 23:56:20,367] {logging_mixin.py:109} INFO - [2021-08-28 23:56:20,366] {dag.py:1833} INFO - Sync 1 DAGs
[2021-08-28 23:56:20,417] {logging_mixin.py:109} INFO - [2021-08-28 23:56:20,417] {dag.py:2306} INFO - Setting next_dagrun for example_bash_operator to 2021-08-26 00:00:00+00:00
[2021-08-28 23:56:20,511] {processor.py:170} INFO - Processing /home/paolo/Documents/Github/case-study-1-october2020-data-sweepers/DataExtraction/ENV/lib/python3.8/site-packages/airflow/example_dags/example_bash_operator.py took 0.243 seconds
[2021-08-28 23:57:00,695] {processor.py:162} INFO - Started process (PID=16738) to work on /home/paolo/Documents/Github/case-study-1-october2020-data-sweepers/DataExtraction/ENV/lib/python3.8/site-packages/airflow/example_dags/example_bash_operator.py
[2021-08-28 23:57:00,696] {processor.py:613} INFO - Processing file /home/paolo/Documents/Github/case-study-1-october2020-data-sweepers/DataExtraction/ENV/lib/python3.8/site-packages/airflow/example_dags/example_bash_operator.py for tasks to queue
[2021-08-28 23:57:00,697] {logging_mixin.py:109} INFO - [2021-08-28 23:57:00,697] {dagbag.py:496} INFO - Filling up the DagBag from /home/paolo/Documents/Github/case-study-1-october2020-data-sweepers/DataExtraction/ENV/lib/python3.8/site-packages/airflow/example_dags/example_bash_operator.py
[2021-08-28 23:57:00,712] {processor.py:623} INFO - DAG(s) dict_keys(['example_bash_operator']) retrieved from /home/paolo/Documents/Github/case-study-1-october2020-data-sweepers/DataExtraction/ENV/lib/python3.8/site-packages/airflow/example_dags/example_bash_operator.py
[2021-08-28 23:57:00,725] {logging_mixin.py:109} INFO - [2021-08-28 23:57:00,724] {dag.py:1833} INFO - Sync 1 DAGs
[2021-08-28 23:57:00,738] {logging_mixin.py:109} INFO - [2021-08-28 23:57:00,738] {dag.py:2306} INFO - Setting next_dagrun for example_bash_operator to 2021-08-26 00:00:00+00:00
[2021-08-28 23:57:00,756] {processor.py:170} INFO - Processing /home/paolo/Documents/Github/case-study-1-october2020-data-sweepers/DataExtraction/ENV/lib/python3.8/site-packages/airflow/example_dags/example_bash_operator.py took 0.063 seconds
[2021-08-28 23:57:42,445] {processor.py:162} INFO - Started process (PID=17089) to work on /home/paolo/Documents/Github/case-study-1-october2020-data-sweepers/DataExtraction/ENV/lib/python3.8/site-packages/airflow/example_dags/example_bash_operator.py
[2021-08-28 23:57:42,446] {processor.py:613} INFO - Processing file /home/paolo/Documents/Github/case-study-1-october2020-data-sweepers/DataExtraction/ENV/lib/python3.8/site-packages/airflow/example_dags/example_bash_operator.py for tasks to queue
[2021-08-28 23:57:42,447] {logging_mixin.py:109} INFO - [2021-08-28 23:57:42,447] {dagbag.py:496} INFO - Filling up the DagBag from /home/paolo/Documents/Github/case-study-1-october2020-data-sweepers/DataExtraction/ENV/lib/python3.8/site-packages/airflow/example_dags/example_bash_operator.py
[2021-08-28 23:57:42,462] {processor.py:623} INFO - DAG(s) dict_keys(['example_bash_operator']) retrieved from /home/paolo/Documents/Github/case-study-1-october2020-data-sweepers/DataExtraction/ENV/lib/python3.8/site-packages/airflow/example_dags/example_bash_operator.py
[2021-08-28 23:57:42,479] {logging_mixin.py:109} INFO - [2021-08-28 23:57:42,479] {dag.py:1833} INFO - Sync 1 DAGs
[2021-08-28 23:57:42,496] {logging_mixin.py:109} INFO - [2021-08-28 23:57:42,496] {dag.py:2306} INFO - Setting next_dagrun for example_bash_operator to 2021-08-26 00:00:00+00:00
[2021-08-28 23:57:42,514] {processor.py:170} INFO - Processing /home/paolo/Documents/Github/case-study-1-october2020-data-sweepers/DataExtraction/ENV/lib/python3.8/site-packages/airflow/example_dags/example_bash_operator.py took 0.072 seconds
[2021-08-28 23:58:27,473] {processor.py:162} INFO - Started process (PID=17474) to work on /home/paolo/Documents/Github/case-study-1-october2020-data-sweepers/DataExtraction/ENV/lib/python3.8/site-packages/airflow/example_dags/example_bash_operator.py
[2021-08-28 23:58:27,474] {processor.py:613} INFO - Processing file /home/paolo/Documents/Github/case-study-1-october2020-data-sweepers/DataExtraction/ENV/lib/python3.8/site-packages/airflow/example_dags/example_bash_operator.py for tasks to queue
[2021-08-28 23:58:27,475] {logging_mixin.py:109} INFO - [2021-08-28 23:58:27,475] {dagbag.py:496} INFO - Filling up the DagBag from /home/paolo/Documents/Github/case-study-1-october2020-data-sweepers/DataExtraction/ENV/lib/python3.8/site-packages/airflow/example_dags/example_bash_operator.py
[2021-08-28 23:58:27,494] {processor.py:623} INFO - DAG(s) dict_keys(['example_bash_operator']) retrieved from /home/paolo/Documents/Github/case-study-1-october2020-data-sweepers/DataExtraction/ENV/lib/python3.8/site-packages/airflow/example_dags/example_bash_operator.py
[2021-08-28 23:58:27,513] {logging_mixin.py:109} INFO - [2021-08-28 23:58:27,513] {dag.py:1833} INFO - Sync 1 DAGs
[2021-08-28 23:58:27,532] {logging_mixin.py:109} INFO - [2021-08-28 23:58:27,532] {dag.py:2306} INFO - Setting next_dagrun for example_bash_operator to 2021-08-26 00:00:00+00:00
[2021-08-28 23:58:27,549] {processor.py:170} INFO - Processing /home/paolo/Documents/Github/case-study-1-october2020-data-sweepers/DataExtraction/ENV/lib/python3.8/site-packages/airflow/example_dags/example_bash_operator.py took 0.080 seconds
