[2021-08-28 23:37:36,519] {processor.py:162} INFO - Started process (PID=13152) to work on /home/paolo/Documents/Github/case-study-1-october2020-data-sweepers/DataExtraction/ENV/lib/python3.8/site-packages/airflow/example_dags/example_task_group_decorator.py
[2021-08-28 23:37:36,529] {processor.py:613} INFO - Processing file /home/paolo/Documents/Github/case-study-1-october2020-data-sweepers/DataExtraction/ENV/lib/python3.8/site-packages/airflow/example_dags/example_task_group_decorator.py for tasks to queue
[2021-08-28 23:37:36,530] {logging_mixin.py:109} INFO - [2021-08-28 23:37:36,529] {dagbag.py:496} INFO - Filling up the DagBag from /home/paolo/Documents/Github/case-study-1-october2020-data-sweepers/DataExtraction/ENV/lib/python3.8/site-packages/airflow/example_dags/example_task_group_decorator.py
[2021-08-28 23:37:36,646] {processor.py:623} INFO - DAG(s) dict_keys(['example_task_group_decorator']) retrieved from /home/paolo/Documents/Github/case-study-1-october2020-data-sweepers/DataExtraction/ENV/lib/python3.8/site-packages/airflow/example_dags/example_task_group_decorator.py
[2021-08-28 23:37:37,391] {logging_mixin.py:109} INFO - [2021-08-28 23:37:37,391] {dag.py:1833} INFO - Sync 1 DAGs
[2021-08-28 23:37:37,417] {logging_mixin.py:109} INFO - [2021-08-28 23:37:37,417] {dag.py:2306} INFO - Setting next_dagrun for example_task_group_decorator to 2021-08-26 00:00:00+00:00
[2021-08-28 23:37:37,443] {processor.py:170} INFO - Processing /home/paolo/Documents/Github/case-study-1-october2020-data-sweepers/DataExtraction/ENV/lib/python3.8/site-packages/airflow/example_dags/example_task_group_decorator.py took 0.945 seconds
[2021-08-28 23:38:15,874] {processor.py:162} INFO - Started process (PID=13274) to work on /home/paolo/Documents/Github/case-study-1-october2020-data-sweepers/DataExtraction/ENV/lib/python3.8/site-packages/airflow/example_dags/example_task_group_decorator.py
[2021-08-28 23:38:15,875] {processor.py:613} INFO - Processing file /home/paolo/Documents/Github/case-study-1-october2020-data-sweepers/DataExtraction/ENV/lib/python3.8/site-packages/airflow/example_dags/example_task_group_decorator.py for tasks to queue
[2021-08-28 23:38:15,876] {logging_mixin.py:109} INFO - [2021-08-28 23:38:15,876] {dagbag.py:496} INFO - Filling up the DagBag from /home/paolo/Documents/Github/case-study-1-october2020-data-sweepers/DataExtraction/ENV/lib/python3.8/site-packages/airflow/example_dags/example_task_group_decorator.py
[2021-08-28 23:38:15,924] {processor.py:623} INFO - DAG(s) dict_keys(['example_task_group_decorator']) retrieved from /home/paolo/Documents/Github/case-study-1-october2020-data-sweepers/DataExtraction/ENV/lib/python3.8/site-packages/airflow/example_dags/example_task_group_decorator.py
[2021-08-28 23:38:16,416] {logging_mixin.py:109} INFO - [2021-08-28 23:38:16,416] {dag.py:1833} INFO - Sync 1 DAGs
[2021-08-28 23:38:16,428] {logging_mixin.py:109} INFO - [2021-08-28 23:38:16,428] {dag.py:2306} INFO - Setting next_dagrun for example_task_group_decorator to 2021-08-26 00:00:00+00:00
[2021-08-28 23:38:16,452] {processor.py:170} INFO - Processing /home/paolo/Documents/Github/case-study-1-october2020-data-sweepers/DataExtraction/ENV/lib/python3.8/site-packages/airflow/example_dags/example_task_group_decorator.py took 0.582 seconds
[2021-08-28 23:38:55,754] {processor.py:162} INFO - Started process (PID=13368) to work on /home/paolo/Documents/Github/case-study-1-october2020-data-sweepers/DataExtraction/ENV/lib/python3.8/site-packages/airflow/example_dags/example_task_group_decorator.py
[2021-08-28 23:38:55,757] {processor.py:613} INFO - Processing file /home/paolo/Documents/Github/case-study-1-october2020-data-sweepers/DataExtraction/ENV/lib/python3.8/site-packages/airflow/example_dags/example_task_group_decorator.py for tasks to queue
[2021-08-28 23:38:55,761] {logging_mixin.py:109} INFO - [2021-08-28 23:38:55,760] {dagbag.py:496} INFO - Filling up the DagBag from /home/paolo/Documents/Github/case-study-1-october2020-data-sweepers/DataExtraction/ENV/lib/python3.8/site-packages/airflow/example_dags/example_task_group_decorator.py
[2021-08-28 23:38:55,794] {processor.py:623} INFO - DAG(s) dict_keys(['example_task_group_decorator']) retrieved from /home/paolo/Documents/Github/case-study-1-october2020-data-sweepers/DataExtraction/ENV/lib/python3.8/site-packages/airflow/example_dags/example_task_group_decorator.py
[2021-08-28 23:38:56,213] {logging_mixin.py:109} INFO - [2021-08-28 23:38:56,213] {dag.py:1833} INFO - Sync 1 DAGs
[2021-08-28 23:38:56,225] {logging_mixin.py:109} INFO - [2021-08-28 23:38:56,225] {dag.py:2306} INFO - Setting next_dagrun for example_task_group_decorator to 2021-08-26 00:00:00+00:00
[2021-08-28 23:38:56,247] {processor.py:170} INFO - Processing /home/paolo/Documents/Github/case-study-1-october2020-data-sweepers/DataExtraction/ENV/lib/python3.8/site-packages/airflow/example_dags/example_task_group_decorator.py took 0.496 seconds
[2021-08-28 23:39:30,044] {processor.py:162} INFO - Started process (PID=13503) to work on /home/paolo/Documents/Github/case-study-1-october2020-data-sweepers/DataExtraction/ENV/lib/python3.8/site-packages/airflow/example_dags/example_task_group_decorator.py
[2021-08-28 23:39:30,046] {processor.py:613} INFO - Processing file /home/paolo/Documents/Github/case-study-1-october2020-data-sweepers/DataExtraction/ENV/lib/python3.8/site-packages/airflow/example_dags/example_task_group_decorator.py for tasks to queue
[2021-08-28 23:39:30,047] {logging_mixin.py:109} INFO - [2021-08-28 23:39:30,047] {dagbag.py:496} INFO - Filling up the DagBag from /home/paolo/Documents/Github/case-study-1-october2020-data-sweepers/DataExtraction/ENV/lib/python3.8/site-packages/airflow/example_dags/example_task_group_decorator.py
[2021-08-28 23:39:30,091] {processor.py:623} INFO - DAG(s) dict_keys(['example_task_group_decorator']) retrieved from /home/paolo/Documents/Github/case-study-1-october2020-data-sweepers/DataExtraction/ENV/lib/python3.8/site-packages/airflow/example_dags/example_task_group_decorator.py
[2021-08-28 23:39:30,395] {logging_mixin.py:109} INFO - [2021-08-28 23:39:30,395] {dag.py:1833} INFO - Sync 1 DAGs
[2021-08-28 23:39:30,404] {logging_mixin.py:109} INFO - [2021-08-28 23:39:30,404] {dag.py:2306} INFO - Setting next_dagrun for example_task_group_decorator to 2021-08-26 00:00:00+00:00
[2021-08-28 23:39:30,425] {processor.py:170} INFO - Processing /home/paolo/Documents/Github/case-study-1-october2020-data-sweepers/DataExtraction/ENV/lib/python3.8/site-packages/airflow/example_dags/example_task_group_decorator.py took 0.389 seconds
[2021-08-28 23:40:05,936] {processor.py:162} INFO - Started process (PID=13721) to work on /home/paolo/Documents/Github/case-study-1-october2020-data-sweepers/DataExtraction/ENV/lib/python3.8/site-packages/airflow/example_dags/example_task_group_decorator.py
[2021-08-28 23:40:05,937] {processor.py:613} INFO - Processing file /home/paolo/Documents/Github/case-study-1-october2020-data-sweepers/DataExtraction/ENV/lib/python3.8/site-packages/airflow/example_dags/example_task_group_decorator.py for tasks to queue
[2021-08-28 23:40:05,938] {logging_mixin.py:109} INFO - [2021-08-28 23:40:05,938] {dagbag.py:496} INFO - Filling up the DagBag from /home/paolo/Documents/Github/case-study-1-october2020-data-sweepers/DataExtraction/ENV/lib/python3.8/site-packages/airflow/example_dags/example_task_group_decorator.py
[2021-08-28 23:40:06,019] {processor.py:623} INFO - DAG(s) dict_keys(['example_task_group_decorator']) retrieved from /home/paolo/Documents/Github/case-study-1-october2020-data-sweepers/DataExtraction/ENV/lib/python3.8/site-packages/airflow/example_dags/example_task_group_decorator.py
[2021-08-28 23:40:06,592] {logging_mixin.py:109} INFO - [2021-08-28 23:40:06,592] {dag.py:1833} INFO - Sync 1 DAGs
[2021-08-28 23:40:06,600] {logging_mixin.py:109} INFO - [2021-08-28 23:40:06,600] {dag.py:2306} INFO - Setting next_dagrun for example_task_group_decorator to 2021-08-26 00:00:00+00:00
[2021-08-28 23:40:06,627] {processor.py:170} INFO - Processing /home/paolo/Documents/Github/case-study-1-october2020-data-sweepers/DataExtraction/ENV/lib/python3.8/site-packages/airflow/example_dags/example_task_group_decorator.py took 0.697 seconds
[2021-08-28 23:40:48,736] {processor.py:162} INFO - Started process (PID=13964) to work on /home/paolo/Documents/Github/case-study-1-october2020-data-sweepers/DataExtraction/ENV/lib/python3.8/site-packages/airflow/example_dags/example_task_group_decorator.py
[2021-08-28 23:40:48,737] {processor.py:613} INFO - Processing file /home/paolo/Documents/Github/case-study-1-october2020-data-sweepers/DataExtraction/ENV/lib/python3.8/site-packages/airflow/example_dags/example_task_group_decorator.py for tasks to queue
[2021-08-28 23:40:48,739] {logging_mixin.py:109} INFO - [2021-08-28 23:40:48,739] {dagbag.py:496} INFO - Filling up the DagBag from /home/paolo/Documents/Github/case-study-1-october2020-data-sweepers/DataExtraction/ENV/lib/python3.8/site-packages/airflow/example_dags/example_task_group_decorator.py
[2021-08-28 23:40:48,793] {processor.py:623} INFO - DAG(s) dict_keys(['example_task_group_decorator']) retrieved from /home/paolo/Documents/Github/case-study-1-october2020-data-sweepers/DataExtraction/ENV/lib/python3.8/site-packages/airflow/example_dags/example_task_group_decorator.py
[2021-08-28 23:40:49,238] {logging_mixin.py:109} INFO - [2021-08-28 23:40:49,238] {dag.py:1833} INFO - Sync 1 DAGs
[2021-08-28 23:40:49,250] {logging_mixin.py:109} INFO - [2021-08-28 23:40:49,250] {dag.py:2306} INFO - Setting next_dagrun for example_task_group_decorator to 2021-08-26 00:00:00+00:00
[2021-08-28 23:40:49,270] {processor.py:170} INFO - Processing /home/paolo/Documents/Github/case-study-1-october2020-data-sweepers/DataExtraction/ENV/lib/python3.8/site-packages/airflow/example_dags/example_task_group_decorator.py took 0.537 seconds
[2021-08-28 23:41:28,269] {processor.py:162} INFO - Started process (PID=14083) to work on /home/paolo/Documents/Github/case-study-1-october2020-data-sweepers/DataExtraction/ENV/lib/python3.8/site-packages/airflow/example_dags/example_task_group_decorator.py
[2021-08-28 23:41:28,271] {processor.py:613} INFO - Processing file /home/paolo/Documents/Github/case-study-1-october2020-data-sweepers/DataExtraction/ENV/lib/python3.8/site-packages/airflow/example_dags/example_task_group_decorator.py for tasks to queue
[2021-08-28 23:41:28,271] {logging_mixin.py:109} INFO - [2021-08-28 23:41:28,271] {dagbag.py:496} INFO - Filling up the DagBag from /home/paolo/Documents/Github/case-study-1-october2020-data-sweepers/DataExtraction/ENV/lib/python3.8/site-packages/airflow/example_dags/example_task_group_decorator.py
[2021-08-28 23:41:28,303] {processor.py:623} INFO - DAG(s) dict_keys(['example_task_group_decorator']) retrieved from /home/paolo/Documents/Github/case-study-1-october2020-data-sweepers/DataExtraction/ENV/lib/python3.8/site-packages/airflow/example_dags/example_task_group_decorator.py
[2021-08-28 23:41:28,805] {logging_mixin.py:109} INFO - [2021-08-28 23:41:28,805] {dag.py:1833} INFO - Sync 1 DAGs
[2021-08-28 23:41:28,815] {logging_mixin.py:109} INFO - [2021-08-28 23:41:28,815] {dag.py:2306} INFO - Setting next_dagrun for example_task_group_decorator to 2021-08-26 00:00:00+00:00
[2021-08-28 23:41:28,835] {processor.py:170} INFO - Processing /home/paolo/Documents/Github/case-study-1-october2020-data-sweepers/DataExtraction/ENV/lib/python3.8/site-packages/airflow/example_dags/example_task_group_decorator.py took 0.572 seconds
[2021-08-28 23:42:02,686] {processor.py:162} INFO - Started process (PID=14155) to work on /home/paolo/Documents/Github/case-study-1-october2020-data-sweepers/DataExtraction/ENV/lib/python3.8/site-packages/airflow/example_dags/example_task_group_decorator.py
[2021-08-28 23:42:02,689] {processor.py:613} INFO - Processing file /home/paolo/Documents/Github/case-study-1-october2020-data-sweepers/DataExtraction/ENV/lib/python3.8/site-packages/airflow/example_dags/example_task_group_decorator.py for tasks to queue
[2021-08-28 23:42:02,690] {logging_mixin.py:109} INFO - [2021-08-28 23:42:02,689] {dagbag.py:496} INFO - Filling up the DagBag from /home/paolo/Documents/Github/case-study-1-october2020-data-sweepers/DataExtraction/ENV/lib/python3.8/site-packages/airflow/example_dags/example_task_group_decorator.py
[2021-08-28 23:42:02,713] {processor.py:623} INFO - DAG(s) dict_keys(['example_task_group_decorator']) retrieved from /home/paolo/Documents/Github/case-study-1-october2020-data-sweepers/DataExtraction/ENV/lib/python3.8/site-packages/airflow/example_dags/example_task_group_decorator.py
[2021-08-28 23:42:03,008] {logging_mixin.py:109} INFO - [2021-08-28 23:42:03,008] {dag.py:1833} INFO - Sync 1 DAGs
[2021-08-28 23:42:03,017] {logging_mixin.py:109} INFO - [2021-08-28 23:42:03,017] {dag.py:2306} INFO - Setting next_dagrun for example_task_group_decorator to 2021-08-26 00:00:00+00:00
[2021-08-28 23:42:03,036] {processor.py:170} INFO - Processing /home/paolo/Documents/Github/case-study-1-october2020-data-sweepers/DataExtraction/ENV/lib/python3.8/site-packages/airflow/example_dags/example_task_group_decorator.py took 0.358 seconds
[2021-08-28 23:42:34,418] {processor.py:162} INFO - Started process (PID=14257) to work on /home/paolo/Documents/Github/case-study-1-october2020-data-sweepers/DataExtraction/ENV/lib/python3.8/site-packages/airflow/example_dags/example_task_group_decorator.py
[2021-08-28 23:42:34,419] {processor.py:613} INFO - Processing file /home/paolo/Documents/Github/case-study-1-october2020-data-sweepers/DataExtraction/ENV/lib/python3.8/site-packages/airflow/example_dags/example_task_group_decorator.py for tasks to queue
[2021-08-28 23:42:34,420] {logging_mixin.py:109} INFO - [2021-08-28 23:42:34,420] {dagbag.py:496} INFO - Filling up the DagBag from /home/paolo/Documents/Github/case-study-1-october2020-data-sweepers/DataExtraction/ENV/lib/python3.8/site-packages/airflow/example_dags/example_task_group_decorator.py
[2021-08-28 23:42:34,451] {processor.py:623} INFO - DAG(s) dict_keys(['example_task_group_decorator']) retrieved from /home/paolo/Documents/Github/case-study-1-october2020-data-sweepers/DataExtraction/ENV/lib/python3.8/site-packages/airflow/example_dags/example_task_group_decorator.py
[2021-08-28 23:42:34,748] {logging_mixin.py:109} INFO - [2021-08-28 23:42:34,748] {dag.py:1833} INFO - Sync 1 DAGs
[2021-08-28 23:42:34,756] {logging_mixin.py:109} INFO - [2021-08-28 23:42:34,756] {dag.py:2306} INFO - Setting next_dagrun for example_task_group_decorator to 2021-08-26 00:00:00+00:00
[2021-08-28 23:42:34,774] {processor.py:170} INFO - Processing /home/paolo/Documents/Github/case-study-1-october2020-data-sweepers/DataExtraction/ENV/lib/python3.8/site-packages/airflow/example_dags/example_task_group_decorator.py took 0.359 seconds
[2021-08-28 23:43:07,614] {processor.py:162} INFO - Started process (PID=14324) to work on /home/paolo/Documents/Github/case-study-1-october2020-data-sweepers/DataExtraction/ENV/lib/python3.8/site-packages/airflow/example_dags/example_task_group_decorator.py
[2021-08-28 23:43:07,615] {processor.py:613} INFO - Processing file /home/paolo/Documents/Github/case-study-1-october2020-data-sweepers/DataExtraction/ENV/lib/python3.8/site-packages/airflow/example_dags/example_task_group_decorator.py for tasks to queue
[2021-08-28 23:43:07,615] {logging_mixin.py:109} INFO - [2021-08-28 23:43:07,615] {dagbag.py:496} INFO - Filling up the DagBag from /home/paolo/Documents/Github/case-study-1-october2020-data-sweepers/DataExtraction/ENV/lib/python3.8/site-packages/airflow/example_dags/example_task_group_decorator.py
[2021-08-28 23:43:07,635] {processor.py:623} INFO - DAG(s) dict_keys(['example_task_group_decorator']) retrieved from /home/paolo/Documents/Github/case-study-1-october2020-data-sweepers/DataExtraction/ENV/lib/python3.8/site-packages/airflow/example_dags/example_task_group_decorator.py
[2021-08-28 23:43:07,894] {logging_mixin.py:109} INFO - [2021-08-28 23:43:07,893] {dag.py:1833} INFO - Sync 1 DAGs
[2021-08-28 23:43:07,903] {logging_mixin.py:109} INFO - [2021-08-28 23:43:07,903] {dag.py:2306} INFO - Setting next_dagrun for example_task_group_decorator to 2021-08-26 00:00:00+00:00
[2021-08-28 23:43:07,915] {processor.py:170} INFO - Processing /home/paolo/Documents/Github/case-study-1-october2020-data-sweepers/DataExtraction/ENV/lib/python3.8/site-packages/airflow/example_dags/example_task_group_decorator.py took 0.304 seconds
[2021-08-28 23:43:40,817] {processor.py:162} INFO - Started process (PID=14405) to work on /home/paolo/Documents/Github/case-study-1-october2020-data-sweepers/DataExtraction/ENV/lib/python3.8/site-packages/airflow/example_dags/example_task_group_decorator.py
[2021-08-28 23:43:40,818] {processor.py:613} INFO - Processing file /home/paolo/Documents/Github/case-study-1-october2020-data-sweepers/DataExtraction/ENV/lib/python3.8/site-packages/airflow/example_dags/example_task_group_decorator.py for tasks to queue
[2021-08-28 23:43:40,818] {logging_mixin.py:109} INFO - [2021-08-28 23:43:40,818] {dagbag.py:496} INFO - Filling up the DagBag from /home/paolo/Documents/Github/case-study-1-october2020-data-sweepers/DataExtraction/ENV/lib/python3.8/site-packages/airflow/example_dags/example_task_group_decorator.py
[2021-08-28 23:43:40,837] {processor.py:623} INFO - DAG(s) dict_keys(['example_task_group_decorator']) retrieved from /home/paolo/Documents/Github/case-study-1-october2020-data-sweepers/DataExtraction/ENV/lib/python3.8/site-packages/airflow/example_dags/example_task_group_decorator.py
[2021-08-28 23:43:41,079] {logging_mixin.py:109} INFO - [2021-08-28 23:43:41,079] {dag.py:1833} INFO - Sync 1 DAGs
[2021-08-28 23:43:41,087] {logging_mixin.py:109} INFO - [2021-08-28 23:43:41,087] {dag.py:2306} INFO - Setting next_dagrun for example_task_group_decorator to 2021-08-26 00:00:00+00:00
[2021-08-28 23:43:41,105] {processor.py:170} INFO - Processing /home/paolo/Documents/Github/case-study-1-october2020-data-sweepers/DataExtraction/ENV/lib/python3.8/site-packages/airflow/example_dags/example_task_group_decorator.py took 0.290 seconds
[2021-08-28 23:44:12,352] {processor.py:162} INFO - Started process (PID=14468) to work on /home/paolo/Documents/Github/case-study-1-october2020-data-sweepers/DataExtraction/ENV/lib/python3.8/site-packages/airflow/example_dags/example_task_group_decorator.py
[2021-08-28 23:44:12,353] {processor.py:613} INFO - Processing file /home/paolo/Documents/Github/case-study-1-october2020-data-sweepers/DataExtraction/ENV/lib/python3.8/site-packages/airflow/example_dags/example_task_group_decorator.py for tasks to queue
[2021-08-28 23:44:12,354] {logging_mixin.py:109} INFO - [2021-08-28 23:44:12,354] {dagbag.py:496} INFO - Filling up the DagBag from /home/paolo/Documents/Github/case-study-1-october2020-data-sweepers/DataExtraction/ENV/lib/python3.8/site-packages/airflow/example_dags/example_task_group_decorator.py
[2021-08-28 23:44:12,379] {processor.py:623} INFO - DAG(s) dict_keys(['example_task_group_decorator']) retrieved from /home/paolo/Documents/Github/case-study-1-october2020-data-sweepers/DataExtraction/ENV/lib/python3.8/site-packages/airflow/example_dags/example_task_group_decorator.py
[2021-08-28 23:44:12,656] {logging_mixin.py:109} INFO - [2021-08-28 23:44:12,655] {dag.py:1833} INFO - Sync 1 DAGs
[2021-08-28 23:44:12,663] {logging_mixin.py:109} INFO - [2021-08-28 23:44:12,663] {dag.py:2306} INFO - Setting next_dagrun for example_task_group_decorator to 2021-08-26 00:00:00+00:00
[2021-08-28 23:44:12,679] {processor.py:170} INFO - Processing /home/paolo/Documents/Github/case-study-1-october2020-data-sweepers/DataExtraction/ENV/lib/python3.8/site-packages/airflow/example_dags/example_task_group_decorator.py took 0.330 seconds
[2021-08-28 23:44:50,877] {processor.py:162} INFO - Started process (PID=14555) to work on /home/paolo/Documents/Github/case-study-1-october2020-data-sweepers/DataExtraction/ENV/lib/python3.8/site-packages/airflow/example_dags/example_task_group_decorator.py
[2021-08-28 23:44:50,879] {processor.py:613} INFO - Processing file /home/paolo/Documents/Github/case-study-1-october2020-data-sweepers/DataExtraction/ENV/lib/python3.8/site-packages/airflow/example_dags/example_task_group_decorator.py for tasks to queue
[2021-08-28 23:44:50,879] {logging_mixin.py:109} INFO - [2021-08-28 23:44:50,879] {dagbag.py:496} INFO - Filling up the DagBag from /home/paolo/Documents/Github/case-study-1-october2020-data-sweepers/DataExtraction/ENV/lib/python3.8/site-packages/airflow/example_dags/example_task_group_decorator.py
[2021-08-28 23:44:50,928] {processor.py:623} INFO - DAG(s) dict_keys(['example_task_group_decorator']) retrieved from /home/paolo/Documents/Github/case-study-1-october2020-data-sweepers/DataExtraction/ENV/lib/python3.8/site-packages/airflow/example_dags/example_task_group_decorator.py
[2021-08-28 23:44:51,609] {logging_mixin.py:109} INFO - [2021-08-28 23:44:51,609] {dag.py:1833} INFO - Sync 1 DAGs
[2021-08-28 23:44:51,632] {logging_mixin.py:109} INFO - [2021-08-28 23:44:51,631] {dag.py:2306} INFO - Setting next_dagrun for example_task_group_decorator to 2021-08-26 00:00:00+00:00
[2021-08-28 23:44:51,662] {processor.py:170} INFO - Processing /home/paolo/Documents/Github/case-study-1-october2020-data-sweepers/DataExtraction/ENV/lib/python3.8/site-packages/airflow/example_dags/example_task_group_decorator.py took 0.788 seconds
[2021-08-28 23:45:29,737] {processor.py:162} INFO - Started process (PID=14620) to work on /home/paolo/Documents/Github/case-study-1-october2020-data-sweepers/DataExtraction/ENV/lib/python3.8/site-packages/airflow/example_dags/example_task_group_decorator.py
[2021-08-28 23:45:29,741] {processor.py:613} INFO - Processing file /home/paolo/Documents/Github/case-study-1-october2020-data-sweepers/DataExtraction/ENV/lib/python3.8/site-packages/airflow/example_dags/example_task_group_decorator.py for tasks to queue
[2021-08-28 23:45:29,742] {logging_mixin.py:109} INFO - [2021-08-28 23:45:29,742] {dagbag.py:496} INFO - Filling up the DagBag from /home/paolo/Documents/Github/case-study-1-october2020-data-sweepers/DataExtraction/ENV/lib/python3.8/site-packages/airflow/example_dags/example_task_group_decorator.py
[2021-08-28 23:45:29,791] {processor.py:623} INFO - DAG(s) dict_keys(['example_task_group_decorator']) retrieved from /home/paolo/Documents/Github/case-study-1-october2020-data-sweepers/DataExtraction/ENV/lib/python3.8/site-packages/airflow/example_dags/example_task_group_decorator.py
[2021-08-28 23:45:30,473] {logging_mixin.py:109} INFO - [2021-08-28 23:45:30,473] {dag.py:1833} INFO - Sync 1 DAGs
[2021-08-28 23:45:30,495] {logging_mixin.py:109} INFO - [2021-08-28 23:45:30,495] {dag.py:2306} INFO - Setting next_dagrun for example_task_group_decorator to 2021-08-26 00:00:00+00:00
[2021-08-28 23:45:30,535] {processor.py:170} INFO - Processing /home/paolo/Documents/Github/case-study-1-october2020-data-sweepers/DataExtraction/ENV/lib/python3.8/site-packages/airflow/example_dags/example_task_group_decorator.py took 0.804 seconds
[2021-08-28 23:46:10,901] {processor.py:162} INFO - Started process (PID=14683) to work on /home/paolo/Documents/Github/case-study-1-october2020-data-sweepers/DataExtraction/ENV/lib/python3.8/site-packages/airflow/example_dags/example_task_group_decorator.py
[2021-08-28 23:46:10,905] {processor.py:613} INFO - Processing file /home/paolo/Documents/Github/case-study-1-october2020-data-sweepers/DataExtraction/ENV/lib/python3.8/site-packages/airflow/example_dags/example_task_group_decorator.py for tasks to queue
[2021-08-28 23:46:10,906] {logging_mixin.py:109} INFO - [2021-08-28 23:46:10,905] {dagbag.py:496} INFO - Filling up the DagBag from /home/paolo/Documents/Github/case-study-1-october2020-data-sweepers/DataExtraction/ENV/lib/python3.8/site-packages/airflow/example_dags/example_task_group_decorator.py
[2021-08-28 23:46:11,013] {processor.py:623} INFO - DAG(s) dict_keys(['example_task_group_decorator']) retrieved from /home/paolo/Documents/Github/case-study-1-october2020-data-sweepers/DataExtraction/ENV/lib/python3.8/site-packages/airflow/example_dags/example_task_group_decorator.py
[2021-08-28 23:46:11,637] {logging_mixin.py:109} INFO - [2021-08-28 23:46:11,636] {dag.py:1833} INFO - Sync 1 DAGs
[2021-08-28 23:46:11,655] {logging_mixin.py:109} INFO - [2021-08-28 23:46:11,654] {dag.py:2306} INFO - Setting next_dagrun for example_task_group_decorator to 2021-08-26 00:00:00+00:00
[2021-08-28 23:46:11,679] {processor.py:170} INFO - Processing /home/paolo/Documents/Github/case-study-1-october2020-data-sweepers/DataExtraction/ENV/lib/python3.8/site-packages/airflow/example_dags/example_task_group_decorator.py took 0.782 seconds
[2021-08-28 23:46:49,641] {processor.py:162} INFO - Started process (PID=14763) to work on /home/paolo/Documents/Github/case-study-1-october2020-data-sweepers/DataExtraction/ENV/lib/python3.8/site-packages/airflow/example_dags/example_task_group_decorator.py
[2021-08-28 23:46:49,644] {processor.py:613} INFO - Processing file /home/paolo/Documents/Github/case-study-1-october2020-data-sweepers/DataExtraction/ENV/lib/python3.8/site-packages/airflow/example_dags/example_task_group_decorator.py for tasks to queue
[2021-08-28 23:46:49,645] {logging_mixin.py:109} INFO - [2021-08-28 23:46:49,644] {dagbag.py:496} INFO - Filling up the DagBag from /home/paolo/Documents/Github/case-study-1-october2020-data-sweepers/DataExtraction/ENV/lib/python3.8/site-packages/airflow/example_dags/example_task_group_decorator.py
[2021-08-28 23:46:49,700] {processor.py:623} INFO - DAG(s) dict_keys(['example_task_group_decorator']) retrieved from /home/paolo/Documents/Github/case-study-1-october2020-data-sweepers/DataExtraction/ENV/lib/python3.8/site-packages/airflow/example_dags/example_task_group_decorator.py
[2021-08-28 23:46:50,301] {logging_mixin.py:109} INFO - [2021-08-28 23:46:50,301] {dag.py:1833} INFO - Sync 1 DAGs
[2021-08-28 23:46:50,316] {logging_mixin.py:109} INFO - [2021-08-28 23:46:50,315] {dag.py:2306} INFO - Setting next_dagrun for example_task_group_decorator to 2021-08-26 00:00:00+00:00
[2021-08-28 23:46:50,344] {processor.py:170} INFO - Processing /home/paolo/Documents/Github/case-study-1-october2020-data-sweepers/DataExtraction/ENV/lib/python3.8/site-packages/airflow/example_dags/example_task_group_decorator.py took 0.708 seconds
[2021-08-28 23:47:26,767] {processor.py:162} INFO - Started process (PID=14848) to work on /home/paolo/Documents/Github/case-study-1-october2020-data-sweepers/DataExtraction/ENV/lib/python3.8/site-packages/airflow/example_dags/example_task_group_decorator.py
[2021-08-28 23:47:26,769] {processor.py:613} INFO - Processing file /home/paolo/Documents/Github/case-study-1-october2020-data-sweepers/DataExtraction/ENV/lib/python3.8/site-packages/airflow/example_dags/example_task_group_decorator.py for tasks to queue
[2021-08-28 23:47:26,770] {logging_mixin.py:109} INFO - [2021-08-28 23:47:26,770] {dagbag.py:496} INFO - Filling up the DagBag from /home/paolo/Documents/Github/case-study-1-october2020-data-sweepers/DataExtraction/ENV/lib/python3.8/site-packages/airflow/example_dags/example_task_group_decorator.py
[2021-08-28 23:47:26,822] {processor.py:623} INFO - DAG(s) dict_keys(['example_task_group_decorator']) retrieved from /home/paolo/Documents/Github/case-study-1-october2020-data-sweepers/DataExtraction/ENV/lib/python3.8/site-packages/airflow/example_dags/example_task_group_decorator.py
[2021-08-28 23:47:27,546] {logging_mixin.py:109} INFO - [2021-08-28 23:47:27,546] {dag.py:1833} INFO - Sync 1 DAGs
[2021-08-28 23:47:27,569] {logging_mixin.py:109} INFO - [2021-08-28 23:47:27,568] {dag.py:2306} INFO - Setting next_dagrun for example_task_group_decorator to 2021-08-26 00:00:00+00:00
[2021-08-28 23:47:27,606] {processor.py:170} INFO - Processing /home/paolo/Documents/Github/case-study-1-october2020-data-sweepers/DataExtraction/ENV/lib/python3.8/site-packages/airflow/example_dags/example_task_group_decorator.py took 0.848 seconds
[2021-08-28 23:48:06,153] {processor.py:162} INFO - Started process (PID=14911) to work on /home/paolo/Documents/Github/case-study-1-october2020-data-sweepers/DataExtraction/ENV/lib/python3.8/site-packages/airflow/example_dags/example_task_group_decorator.py
[2021-08-28 23:48:06,158] {processor.py:613} INFO - Processing file /home/paolo/Documents/Github/case-study-1-october2020-data-sweepers/DataExtraction/ENV/lib/python3.8/site-packages/airflow/example_dags/example_task_group_decorator.py for tasks to queue
[2021-08-28 23:48:06,160] {logging_mixin.py:109} INFO - [2021-08-28 23:48:06,160] {dagbag.py:496} INFO - Filling up the DagBag from /home/paolo/Documents/Github/case-study-1-october2020-data-sweepers/DataExtraction/ENV/lib/python3.8/site-packages/airflow/example_dags/example_task_group_decorator.py
[2021-08-28 23:48:06,214] {processor.py:623} INFO - DAG(s) dict_keys(['example_task_group_decorator']) retrieved from /home/paolo/Documents/Github/case-study-1-october2020-data-sweepers/DataExtraction/ENV/lib/python3.8/site-packages/airflow/example_dags/example_task_group_decorator.py
[2021-08-28 23:48:06,912] {logging_mixin.py:109} INFO - [2021-08-28 23:48:06,911] {dag.py:1833} INFO - Sync 1 DAGs
[2021-08-28 23:48:06,929] {logging_mixin.py:109} INFO - [2021-08-28 23:48:06,929] {dag.py:2306} INFO - Setting next_dagrun for example_task_group_decorator to 2021-08-26 00:00:00+00:00
[2021-08-28 23:48:06,963] {processor.py:170} INFO - Processing /home/paolo/Documents/Github/case-study-1-october2020-data-sweepers/DataExtraction/ENV/lib/python3.8/site-packages/airflow/example_dags/example_task_group_decorator.py took 0.816 seconds
[2021-08-28 23:48:46,993] {processor.py:162} INFO - Started process (PID=14979) to work on /home/paolo/Documents/Github/case-study-1-october2020-data-sweepers/DataExtraction/ENV/lib/python3.8/site-packages/airflow/example_dags/example_task_group_decorator.py
[2021-08-28 23:48:46,995] {processor.py:613} INFO - Processing file /home/paolo/Documents/Github/case-study-1-october2020-data-sweepers/DataExtraction/ENV/lib/python3.8/site-packages/airflow/example_dags/example_task_group_decorator.py for tasks to queue
[2021-08-28 23:48:46,996] {logging_mixin.py:109} INFO - [2021-08-28 23:48:46,996] {dagbag.py:496} INFO - Filling up the DagBag from /home/paolo/Documents/Github/case-study-1-october2020-data-sweepers/DataExtraction/ENV/lib/python3.8/site-packages/airflow/example_dags/example_task_group_decorator.py
[2021-08-28 23:48:47,046] {processor.py:623} INFO - DAG(s) dict_keys(['example_task_group_decorator']) retrieved from /home/paolo/Documents/Github/case-study-1-october2020-data-sweepers/DataExtraction/ENV/lib/python3.8/site-packages/airflow/example_dags/example_task_group_decorator.py
[2021-08-28 23:48:47,790] {logging_mixin.py:109} INFO - [2021-08-28 23:48:47,789] {dag.py:1833} INFO - Sync 1 DAGs
[2021-08-28 23:48:47,815] {logging_mixin.py:109} INFO - [2021-08-28 23:48:47,814] {dag.py:2306} INFO - Setting next_dagrun for example_task_group_decorator to 2021-08-26 00:00:00+00:00
[2021-08-28 23:48:47,853] {processor.py:170} INFO - Processing /home/paolo/Documents/Github/case-study-1-october2020-data-sweepers/DataExtraction/ENV/lib/python3.8/site-packages/airflow/example_dags/example_task_group_decorator.py took 0.866 seconds
[2021-08-28 23:49:24,808] {processor.py:162} INFO - Started process (PID=15094) to work on /home/paolo/Documents/Github/case-study-1-october2020-data-sweepers/DataExtraction/ENV/lib/python3.8/site-packages/airflow/example_dags/example_task_group_decorator.py
[2021-08-28 23:49:24,811] {processor.py:613} INFO - Processing file /home/paolo/Documents/Github/case-study-1-october2020-data-sweepers/DataExtraction/ENV/lib/python3.8/site-packages/airflow/example_dags/example_task_group_decorator.py for tasks to queue
[2021-08-28 23:49:24,812] {logging_mixin.py:109} INFO - [2021-08-28 23:49:24,811] {dagbag.py:496} INFO - Filling up the DagBag from /home/paolo/Documents/Github/case-study-1-october2020-data-sweepers/DataExtraction/ENV/lib/python3.8/site-packages/airflow/example_dags/example_task_group_decorator.py
[2021-08-28 23:49:24,852] {processor.py:623} INFO - DAG(s) dict_keys(['example_task_group_decorator']) retrieved from /home/paolo/Documents/Github/case-study-1-october2020-data-sweepers/DataExtraction/ENV/lib/python3.8/site-packages/airflow/example_dags/example_task_group_decorator.py
[2021-08-28 23:49:25,200] {logging_mixin.py:109} INFO - [2021-08-28 23:49:25,200] {dag.py:1833} INFO - Sync 1 DAGs
[2021-08-28 23:49:25,208] {logging_mixin.py:109} INFO - [2021-08-28 23:49:25,208] {dag.py:2306} INFO - Setting next_dagrun for example_task_group_decorator to 2021-08-26 00:00:00+00:00
[2021-08-28 23:49:25,230] {processor.py:170} INFO - Processing /home/paolo/Documents/Github/case-study-1-october2020-data-sweepers/DataExtraction/ENV/lib/python3.8/site-packages/airflow/example_dags/example_task_group_decorator.py took 0.424 seconds
[2021-08-28 23:50:01,114] {processor.py:162} INFO - Started process (PID=15168) to work on /home/paolo/Documents/Github/case-study-1-october2020-data-sweepers/DataExtraction/ENV/lib/python3.8/site-packages/airflow/example_dags/example_task_group_decorator.py
[2021-08-28 23:50:01,115] {processor.py:613} INFO - Processing file /home/paolo/Documents/Github/case-study-1-october2020-data-sweepers/DataExtraction/ENV/lib/python3.8/site-packages/airflow/example_dags/example_task_group_decorator.py for tasks to queue
[2021-08-28 23:50:01,116] {logging_mixin.py:109} INFO - [2021-08-28 23:50:01,116] {dagbag.py:496} INFO - Filling up the DagBag from /home/paolo/Documents/Github/case-study-1-october2020-data-sweepers/DataExtraction/ENV/lib/python3.8/site-packages/airflow/example_dags/example_task_group_decorator.py
[2021-08-28 23:50:01,149] {processor.py:623} INFO - DAG(s) dict_keys(['example_task_group_decorator']) retrieved from /home/paolo/Documents/Github/case-study-1-october2020-data-sweepers/DataExtraction/ENV/lib/python3.8/site-packages/airflow/example_dags/example_task_group_decorator.py
[2021-08-28 23:50:01,532] {logging_mixin.py:109} INFO - [2021-08-28 23:50:01,532] {dag.py:1833} INFO - Sync 1 DAGs
[2021-08-28 23:50:01,540] {logging_mixin.py:109} INFO - [2021-08-28 23:50:01,540] {dag.py:2306} INFO - Setting next_dagrun for example_task_group_decorator to 2021-08-26 00:00:00+00:00
[2021-08-28 23:50:01,558] {processor.py:170} INFO - Processing /home/paolo/Documents/Github/case-study-1-october2020-data-sweepers/DataExtraction/ENV/lib/python3.8/site-packages/airflow/example_dags/example_task_group_decorator.py took 0.447 seconds
[2021-08-28 23:50:34,863] {processor.py:162} INFO - Started process (PID=15246) to work on /home/paolo/Documents/Github/case-study-1-october2020-data-sweepers/DataExtraction/ENV/lib/python3.8/site-packages/airflow/example_dags/example_task_group_decorator.py
[2021-08-28 23:50:34,864] {processor.py:613} INFO - Processing file /home/paolo/Documents/Github/case-study-1-october2020-data-sweepers/DataExtraction/ENV/lib/python3.8/site-packages/airflow/example_dags/example_task_group_decorator.py for tasks to queue
[2021-08-28 23:50:34,865] {logging_mixin.py:109} INFO - [2021-08-28 23:50:34,865] {dagbag.py:496} INFO - Filling up the DagBag from /home/paolo/Documents/Github/case-study-1-october2020-data-sweepers/DataExtraction/ENV/lib/python3.8/site-packages/airflow/example_dags/example_task_group_decorator.py
[2021-08-28 23:50:34,899] {processor.py:623} INFO - DAG(s) dict_keys(['example_task_group_decorator']) retrieved from /home/paolo/Documents/Github/case-study-1-october2020-data-sweepers/DataExtraction/ENV/lib/python3.8/site-packages/airflow/example_dags/example_task_group_decorator.py
[2021-08-28 23:50:35,415] {logging_mixin.py:109} INFO - [2021-08-28 23:50:35,415] {dag.py:1833} INFO - Sync 1 DAGs
[2021-08-28 23:50:35,430] {logging_mixin.py:109} INFO - [2021-08-28 23:50:35,430] {dag.py:2306} INFO - Setting next_dagrun for example_task_group_decorator to 2021-08-26 00:00:00+00:00
[2021-08-28 23:50:35,464] {processor.py:170} INFO - Processing /home/paolo/Documents/Github/case-study-1-october2020-data-sweepers/DataExtraction/ENV/lib/python3.8/site-packages/airflow/example_dags/example_task_group_decorator.py took 0.604 seconds
[2021-08-28 23:51:10,610] {processor.py:162} INFO - Started process (PID=15312) to work on /home/paolo/Documents/Github/case-study-1-october2020-data-sweepers/DataExtraction/ENV/lib/python3.8/site-packages/airflow/example_dags/example_task_group_decorator.py
[2021-08-28 23:51:10,612] {processor.py:613} INFO - Processing file /home/paolo/Documents/Github/case-study-1-october2020-data-sweepers/DataExtraction/ENV/lib/python3.8/site-packages/airflow/example_dags/example_task_group_decorator.py for tasks to queue
[2021-08-28 23:51:10,614] {logging_mixin.py:109} INFO - [2021-08-28 23:51:10,613] {dagbag.py:496} INFO - Filling up the DagBag from /home/paolo/Documents/Github/case-study-1-october2020-data-sweepers/DataExtraction/ENV/lib/python3.8/site-packages/airflow/example_dags/example_task_group_decorator.py
[2021-08-28 23:51:10,643] {processor.py:623} INFO - DAG(s) dict_keys(['example_task_group_decorator']) retrieved from /home/paolo/Documents/Github/case-study-1-october2020-data-sweepers/DataExtraction/ENV/lib/python3.8/site-packages/airflow/example_dags/example_task_group_decorator.py
[2021-08-28 23:51:10,985] {logging_mixin.py:109} INFO - [2021-08-28 23:51:10,985] {dag.py:1833} INFO - Sync 1 DAGs
[2021-08-28 23:51:10,996] {logging_mixin.py:109} INFO - [2021-08-28 23:51:10,996] {dag.py:2306} INFO - Setting next_dagrun for example_task_group_decorator to 2021-08-26 00:00:00+00:00
[2021-08-28 23:51:11,016] {processor.py:170} INFO - Processing /home/paolo/Documents/Github/case-study-1-october2020-data-sweepers/DataExtraction/ENV/lib/python3.8/site-packages/airflow/example_dags/example_task_group_decorator.py took 0.408 seconds
[2021-08-28 23:51:44,834] {processor.py:162} INFO - Started process (PID=15411) to work on /home/paolo/Documents/Github/case-study-1-october2020-data-sweepers/DataExtraction/ENV/lib/python3.8/site-packages/airflow/example_dags/example_task_group_decorator.py
[2021-08-28 23:51:44,837] {processor.py:613} INFO - Processing file /home/paolo/Documents/Github/case-study-1-october2020-data-sweepers/DataExtraction/ENV/lib/python3.8/site-packages/airflow/example_dags/example_task_group_decorator.py for tasks to queue
[2021-08-28 23:51:44,837] {logging_mixin.py:109} INFO - [2021-08-28 23:51:44,837] {dagbag.py:496} INFO - Filling up the DagBag from /home/paolo/Documents/Github/case-study-1-october2020-data-sweepers/DataExtraction/ENV/lib/python3.8/site-packages/airflow/example_dags/example_task_group_decorator.py
[2021-08-28 23:51:44,880] {processor.py:623} INFO - DAG(s) dict_keys(['example_task_group_decorator']) retrieved from /home/paolo/Documents/Github/case-study-1-october2020-data-sweepers/DataExtraction/ENV/lib/python3.8/site-packages/airflow/example_dags/example_task_group_decorator.py
[2021-08-28 23:51:45,280] {logging_mixin.py:109} INFO - [2021-08-28 23:51:45,279] {dag.py:1833} INFO - Sync 1 DAGs
[2021-08-28 23:51:45,288] {logging_mixin.py:109} INFO - [2021-08-28 23:51:45,288] {dag.py:2306} INFO - Setting next_dagrun for example_task_group_decorator to 2021-08-26 00:00:00+00:00
[2021-08-28 23:51:45,306] {processor.py:170} INFO - Processing /home/paolo/Documents/Github/case-study-1-october2020-data-sweepers/DataExtraction/ENV/lib/python3.8/site-packages/airflow/example_dags/example_task_group_decorator.py took 0.476 seconds
[2021-08-28 23:52:18,145] {processor.py:162} INFO - Started process (PID=15511) to work on /home/paolo/Documents/Github/case-study-1-october2020-data-sweepers/DataExtraction/ENV/lib/python3.8/site-packages/airflow/example_dags/example_task_group_decorator.py
[2021-08-28 23:52:18,147] {processor.py:613} INFO - Processing file /home/paolo/Documents/Github/case-study-1-october2020-data-sweepers/DataExtraction/ENV/lib/python3.8/site-packages/airflow/example_dags/example_task_group_decorator.py for tasks to queue
[2021-08-28 23:52:18,148] {logging_mixin.py:109} INFO - [2021-08-28 23:52:18,148] {dagbag.py:496} INFO - Filling up the DagBag from /home/paolo/Documents/Github/case-study-1-october2020-data-sweepers/DataExtraction/ENV/lib/python3.8/site-packages/airflow/example_dags/example_task_group_decorator.py
[2021-08-28 23:52:18,187] {processor.py:623} INFO - DAG(s) dict_keys(['example_task_group_decorator']) retrieved from /home/paolo/Documents/Github/case-study-1-october2020-data-sweepers/DataExtraction/ENV/lib/python3.8/site-packages/airflow/example_dags/example_task_group_decorator.py
[2021-08-28 23:52:18,428] {logging_mixin.py:109} INFO - [2021-08-28 23:52:18,427] {dag.py:1833} INFO - Sync 1 DAGs
[2021-08-28 23:52:18,435] {logging_mixin.py:109} INFO - [2021-08-28 23:52:18,435] {dag.py:2306} INFO - Setting next_dagrun for example_task_group_decorator to 2021-08-26 00:00:00+00:00
[2021-08-28 23:52:18,459] {processor.py:170} INFO - Processing /home/paolo/Documents/Github/case-study-1-october2020-data-sweepers/DataExtraction/ENV/lib/python3.8/site-packages/airflow/example_dags/example_task_group_decorator.py took 0.320 seconds
[2021-08-28 23:52:53,176] {processor.py:162} INFO - Started process (PID=15604) to work on /home/paolo/Documents/Github/case-study-1-october2020-data-sweepers/DataExtraction/ENV/lib/python3.8/site-packages/airflow/example_dags/example_task_group_decorator.py
[2021-08-28 23:52:53,177] {processor.py:613} INFO - Processing file /home/paolo/Documents/Github/case-study-1-october2020-data-sweepers/DataExtraction/ENV/lib/python3.8/site-packages/airflow/example_dags/example_task_group_decorator.py for tasks to queue
[2021-08-28 23:52:53,178] {logging_mixin.py:109} INFO - [2021-08-28 23:52:53,178] {dagbag.py:496} INFO - Filling up the DagBag from /home/paolo/Documents/Github/case-study-1-october2020-data-sweepers/DataExtraction/ENV/lib/python3.8/site-packages/airflow/example_dags/example_task_group_decorator.py
[2021-08-28 23:52:53,198] {processor.py:623} INFO - DAG(s) dict_keys(['example_task_group_decorator']) retrieved from /home/paolo/Documents/Github/case-study-1-october2020-data-sweepers/DataExtraction/ENV/lib/python3.8/site-packages/airflow/example_dags/example_task_group_decorator.py
[2021-08-28 23:52:53,431] {logging_mixin.py:109} INFO - [2021-08-28 23:52:53,431] {dag.py:1833} INFO - Sync 1 DAGs
[2021-08-28 23:52:53,438] {logging_mixin.py:109} INFO - [2021-08-28 23:52:53,438] {dag.py:2306} INFO - Setting next_dagrun for example_task_group_decorator to 2021-08-26 00:00:00+00:00
[2021-08-28 23:52:53,455] {processor.py:170} INFO - Processing /home/paolo/Documents/Github/case-study-1-october2020-data-sweepers/DataExtraction/ENV/lib/python3.8/site-packages/airflow/example_dags/example_task_group_decorator.py took 0.280 seconds
[2021-08-28 23:53:24,309] {processor.py:162} INFO - Started process (PID=15674) to work on /home/paolo/Documents/Github/case-study-1-october2020-data-sweepers/DataExtraction/ENV/lib/python3.8/site-packages/airflow/example_dags/example_task_group_decorator.py
[2021-08-28 23:53:24,312] {processor.py:613} INFO - Processing file /home/paolo/Documents/Github/case-study-1-october2020-data-sweepers/DataExtraction/ENV/lib/python3.8/site-packages/airflow/example_dags/example_task_group_decorator.py for tasks to queue
[2021-08-28 23:53:24,314] {logging_mixin.py:109} INFO - [2021-08-28 23:53:24,313] {dagbag.py:496} INFO - Filling up the DagBag from /home/paolo/Documents/Github/case-study-1-october2020-data-sweepers/DataExtraction/ENV/lib/python3.8/site-packages/airflow/example_dags/example_task_group_decorator.py
[2021-08-28 23:53:24,342] {processor.py:623} INFO - DAG(s) dict_keys(['example_task_group_decorator']) retrieved from /home/paolo/Documents/Github/case-study-1-october2020-data-sweepers/DataExtraction/ENV/lib/python3.8/site-packages/airflow/example_dags/example_task_group_decorator.py
[2021-08-28 23:53:24,572] {logging_mixin.py:109} INFO - [2021-08-28 23:53:24,572] {dag.py:1833} INFO - Sync 1 DAGs
[2021-08-28 23:53:24,581] {logging_mixin.py:109} INFO - [2021-08-28 23:53:24,580] {dag.py:2306} INFO - Setting next_dagrun for example_task_group_decorator to 2021-08-26 00:00:00+00:00
[2021-08-28 23:53:24,596] {processor.py:170} INFO - Processing /home/paolo/Documents/Github/case-study-1-october2020-data-sweepers/DataExtraction/ENV/lib/python3.8/site-packages/airflow/example_dags/example_task_group_decorator.py took 0.297 seconds
[2021-08-28 23:56:08,630] {processor.py:162} INFO - Started process (PID=16333) to work on /home/paolo/Documents/Github/case-study-1-october2020-data-sweepers/DataExtraction/ENV/lib/python3.8/site-packages/airflow/example_dags/example_task_group_decorator.py
[2021-08-28 23:56:08,638] {processor.py:613} INFO - Processing file /home/paolo/Documents/Github/case-study-1-october2020-data-sweepers/DataExtraction/ENV/lib/python3.8/site-packages/airflow/example_dags/example_task_group_decorator.py for tasks to queue
[2021-08-28 23:56:08,639] {logging_mixin.py:109} INFO - [2021-08-28 23:56:08,639] {dagbag.py:496} INFO - Filling up the DagBag from /home/paolo/Documents/Github/case-study-1-october2020-data-sweepers/DataExtraction/ENV/lib/python3.8/site-packages/airflow/example_dags/example_task_group_decorator.py
[2021-08-28 23:56:08,708] {processor.py:623} INFO - DAG(s) dict_keys(['example_task_group_decorator']) retrieved from /home/paolo/Documents/Github/case-study-1-october2020-data-sweepers/DataExtraction/ENV/lib/python3.8/site-packages/airflow/example_dags/example_task_group_decorator.py
[2021-08-28 23:56:09,532] {logging_mixin.py:109} INFO - [2021-08-28 23:56:09,532] {dag.py:1833} INFO - Sync 1 DAGs
[2021-08-28 23:56:09,556] {logging_mixin.py:109} INFO - [2021-08-28 23:56:09,555] {dag.py:2306} INFO - Setting next_dagrun for example_task_group_decorator to 2021-08-26 00:00:00+00:00
[2021-08-28 23:56:09,600] {processor.py:170} INFO - Processing /home/paolo/Documents/Github/case-study-1-october2020-data-sweepers/DataExtraction/ENV/lib/python3.8/site-packages/airflow/example_dags/example_task_group_decorator.py took 0.977 seconds
[2021-08-28 23:56:48,646] {processor.py:162} INFO - Started process (PID=16637) to work on /home/paolo/Documents/Github/case-study-1-october2020-data-sweepers/DataExtraction/ENV/lib/python3.8/site-packages/airflow/example_dags/example_task_group_decorator.py
[2021-08-28 23:56:48,648] {processor.py:613} INFO - Processing file /home/paolo/Documents/Github/case-study-1-october2020-data-sweepers/DataExtraction/ENV/lib/python3.8/site-packages/airflow/example_dags/example_task_group_decorator.py for tasks to queue
[2021-08-28 23:56:48,648] {logging_mixin.py:109} INFO - [2021-08-28 23:56:48,648] {dagbag.py:496} INFO - Filling up the DagBag from /home/paolo/Documents/Github/case-study-1-october2020-data-sweepers/DataExtraction/ENV/lib/python3.8/site-packages/airflow/example_dags/example_task_group_decorator.py
[2021-08-28 23:56:48,680] {processor.py:623} INFO - DAG(s) dict_keys(['example_task_group_decorator']) retrieved from /home/paolo/Documents/Github/case-study-1-october2020-data-sweepers/DataExtraction/ENV/lib/python3.8/site-packages/airflow/example_dags/example_task_group_decorator.py
[2021-08-28 23:56:49,289] {logging_mixin.py:109} INFO - [2021-08-28 23:56:49,289] {dag.py:1833} INFO - Sync 1 DAGs
[2021-08-28 23:56:49,300] {logging_mixin.py:109} INFO - [2021-08-28 23:56:49,300] {dag.py:2306} INFO - Setting next_dagrun for example_task_group_decorator to 2021-08-26 00:00:00+00:00
[2021-08-28 23:56:49,331] {processor.py:170} INFO - Processing /home/paolo/Documents/Github/case-study-1-october2020-data-sweepers/DataExtraction/ENV/lib/python3.8/site-packages/airflow/example_dags/example_task_group_decorator.py took 0.689 seconds
[2021-08-28 23:57:26,848] {processor.py:162} INFO - Started process (PID=16960) to work on /home/paolo/Documents/Github/case-study-1-october2020-data-sweepers/DataExtraction/ENV/lib/python3.8/site-packages/airflow/example_dags/example_task_group_decorator.py
[2021-08-28 23:57:26,850] {processor.py:613} INFO - Processing file /home/paolo/Documents/Github/case-study-1-october2020-data-sweepers/DataExtraction/ENV/lib/python3.8/site-packages/airflow/example_dags/example_task_group_decorator.py for tasks to queue
[2021-08-28 23:57:26,851] {logging_mixin.py:109} INFO - [2021-08-28 23:57:26,851] {dagbag.py:496} INFO - Filling up the DagBag from /home/paolo/Documents/Github/case-study-1-october2020-data-sweepers/DataExtraction/ENV/lib/python3.8/site-packages/airflow/example_dags/example_task_group_decorator.py
[2021-08-28 23:57:26,876] {processor.py:623} INFO - DAG(s) dict_keys(['example_task_group_decorator']) retrieved from /home/paolo/Documents/Github/case-study-1-october2020-data-sweepers/DataExtraction/ENV/lib/python3.8/site-packages/airflow/example_dags/example_task_group_decorator.py
[2021-08-28 23:57:27,150] {logging_mixin.py:109} INFO - [2021-08-28 23:57:27,150] {dag.py:1833} INFO - Sync 1 DAGs
[2021-08-28 23:57:27,158] {logging_mixin.py:109} INFO - [2021-08-28 23:57:27,158] {dag.py:2306} INFO - Setting next_dagrun for example_task_group_decorator to 2021-08-26 00:00:00+00:00
[2021-08-28 23:57:27,175] {processor.py:170} INFO - Processing /home/paolo/Documents/Github/case-study-1-october2020-data-sweepers/DataExtraction/ENV/lib/python3.8/site-packages/airflow/example_dags/example_task_group_decorator.py took 0.329 seconds
[2021-08-28 23:58:06,770] {processor.py:162} INFO - Started process (PID=17305) to work on /home/paolo/Documents/Github/case-study-1-october2020-data-sweepers/DataExtraction/ENV/lib/python3.8/site-packages/airflow/example_dags/example_task_group_decorator.py
[2021-08-28 23:58:06,772] {processor.py:613} INFO - Processing file /home/paolo/Documents/Github/case-study-1-october2020-data-sweepers/DataExtraction/ENV/lib/python3.8/site-packages/airflow/example_dags/example_task_group_decorator.py for tasks to queue
[2021-08-28 23:58:06,773] {logging_mixin.py:109} INFO - [2021-08-28 23:58:06,773] {dagbag.py:496} INFO - Filling up the DagBag from /home/paolo/Documents/Github/case-study-1-october2020-data-sweepers/DataExtraction/ENV/lib/python3.8/site-packages/airflow/example_dags/example_task_group_decorator.py
[2021-08-28 23:58:06,797] {processor.py:623} INFO - DAG(s) dict_keys(['example_task_group_decorator']) retrieved from /home/paolo/Documents/Github/case-study-1-october2020-data-sweepers/DataExtraction/ENV/lib/python3.8/site-packages/airflow/example_dags/example_task_group_decorator.py
[2021-08-28 23:58:07,067] {logging_mixin.py:109} INFO - [2021-08-28 23:58:07,067] {dag.py:1833} INFO - Sync 1 DAGs
[2021-08-28 23:58:07,076] {logging_mixin.py:109} INFO - [2021-08-28 23:58:07,076] {dag.py:2306} INFO - Setting next_dagrun for example_task_group_decorator to 2021-08-26 00:00:00+00:00
[2021-08-28 23:58:07,098] {processor.py:170} INFO - Processing /home/paolo/Documents/Github/case-study-1-october2020-data-sweepers/DataExtraction/ENV/lib/python3.8/site-packages/airflow/example_dags/example_task_group_decorator.py took 0.329 seconds
