[2021-08-28 23:37:40,603] {processor.py:162} INFO - Started process (PID=13189) to work on /home/paolo/Documents/Github/case-study-1-october2020-data-sweepers/DataExtraction/ENV/lib/python3.8/site-packages/airflow/example_dags/example_latest_only.py
[2021-08-28 23:37:40,604] {processor.py:613} INFO - Processing file /home/paolo/Documents/Github/case-study-1-october2020-data-sweepers/DataExtraction/ENV/lib/python3.8/site-packages/airflow/example_dags/example_latest_only.py for tasks to queue
[2021-08-28 23:37:40,605] {logging_mixin.py:109} INFO - [2021-08-28 23:37:40,605] {dagbag.py:496} INFO - Filling up the DagBag from /home/paolo/Documents/Github/case-study-1-october2020-data-sweepers/DataExtraction/ENV/lib/python3.8/site-packages/airflow/example_dags/example_latest_only.py
[2021-08-28 23:37:40,627] {processor.py:623} INFO - DAG(s) dict_keys(['latest_only']) retrieved from /home/paolo/Documents/Github/case-study-1-october2020-data-sweepers/DataExtraction/ENV/lib/python3.8/site-packages/airflow/example_dags/example_latest_only.py
[2021-08-28 23:37:40,649] {logging_mixin.py:109} INFO - [2021-08-28 23:37:40,649] {dag.py:1833} INFO - Sync 1 DAGs
[2021-08-28 23:37:40,669] {logging_mixin.py:109} INFO - [2021-08-28 23:37:40,669] {dag.py:2306} INFO - Setting next_dagrun for latest_only to 2021-08-26 00:00:00+00:00
[2021-08-28 23:37:40,708] {processor.py:170} INFO - Processing /home/paolo/Documents/Github/case-study-1-october2020-data-sweepers/DataExtraction/ENV/lib/python3.8/site-packages/airflow/example_dags/example_latest_only.py took 0.110 seconds
[2021-08-28 23:38:20,211] {processor.py:162} INFO - Started process (PID=13284) to work on /home/paolo/Documents/Github/case-study-1-october2020-data-sweepers/DataExtraction/ENV/lib/python3.8/site-packages/airflow/example_dags/example_latest_only.py
[2021-08-28 23:38:20,212] {processor.py:613} INFO - Processing file /home/paolo/Documents/Github/case-study-1-october2020-data-sweepers/DataExtraction/ENV/lib/python3.8/site-packages/airflow/example_dags/example_latest_only.py for tasks to queue
[2021-08-28 23:38:20,213] {logging_mixin.py:109} INFO - [2021-08-28 23:38:20,213] {dagbag.py:496} INFO - Filling up the DagBag from /home/paolo/Documents/Github/case-study-1-october2020-data-sweepers/DataExtraction/ENV/lib/python3.8/site-packages/airflow/example_dags/example_latest_only.py
[2021-08-28 23:38:20,243] {processor.py:623} INFO - DAG(s) dict_keys(['latest_only']) retrieved from /home/paolo/Documents/Github/case-study-1-october2020-data-sweepers/DataExtraction/ENV/lib/python3.8/site-packages/airflow/example_dags/example_latest_only.py
[2021-08-28 23:38:20,278] {logging_mixin.py:109} INFO - [2021-08-28 23:38:20,277] {dag.py:1833} INFO - Sync 1 DAGs
[2021-08-28 23:38:20,299] {logging_mixin.py:109} INFO - [2021-08-28 23:38:20,299] {dag.py:2306} INFO - Setting next_dagrun for latest_only to 2021-08-26 00:00:00+00:00
[2021-08-28 23:38:20,349] {processor.py:170} INFO - Processing /home/paolo/Documents/Github/case-study-1-october2020-data-sweepers/DataExtraction/ENV/lib/python3.8/site-packages/airflow/example_dags/example_latest_only.py took 0.149 seconds
[2021-08-28 23:38:58,591] {processor.py:162} INFO - Started process (PID=13373) to work on /home/paolo/Documents/Github/case-study-1-october2020-data-sweepers/DataExtraction/ENV/lib/python3.8/site-packages/airflow/example_dags/example_latest_only.py
[2021-08-28 23:38:58,592] {processor.py:613} INFO - Processing file /home/paolo/Documents/Github/case-study-1-october2020-data-sweepers/DataExtraction/ENV/lib/python3.8/site-packages/airflow/example_dags/example_latest_only.py for tasks to queue
[2021-08-28 23:38:58,593] {logging_mixin.py:109} INFO - [2021-08-28 23:38:58,593] {dagbag.py:496} INFO - Filling up the DagBag from /home/paolo/Documents/Github/case-study-1-october2020-data-sweepers/DataExtraction/ENV/lib/python3.8/site-packages/airflow/example_dags/example_latest_only.py
[2021-08-28 23:38:58,602] {processor.py:623} INFO - DAG(s) dict_keys(['latest_only']) retrieved from /home/paolo/Documents/Github/case-study-1-october2020-data-sweepers/DataExtraction/ENV/lib/python3.8/site-packages/airflow/example_dags/example_latest_only.py
[2021-08-28 23:38:58,613] {logging_mixin.py:109} INFO - [2021-08-28 23:38:58,613] {dag.py:1833} INFO - Sync 1 DAGs
[2021-08-28 23:38:58,624] {logging_mixin.py:109} INFO - [2021-08-28 23:38:58,624] {dag.py:2306} INFO - Setting next_dagrun for latest_only to 2021-08-26 00:00:00+00:00
[2021-08-28 23:38:58,640] {processor.py:170} INFO - Processing /home/paolo/Documents/Github/case-study-1-october2020-data-sweepers/DataExtraction/ENV/lib/python3.8/site-packages/airflow/example_dags/example_latest_only.py took 0.051 seconds
[2021-08-28 23:39:34,417] {processor.py:162} INFO - Started process (PID=13541) to work on /home/paolo/Documents/Github/case-study-1-october2020-data-sweepers/DataExtraction/ENV/lib/python3.8/site-packages/airflow/example_dags/example_latest_only.py
[2021-08-28 23:39:34,421] {processor.py:613} INFO - Processing file /home/paolo/Documents/Github/case-study-1-october2020-data-sweepers/DataExtraction/ENV/lib/python3.8/site-packages/airflow/example_dags/example_latest_only.py for tasks to queue
[2021-08-28 23:39:34,423] {logging_mixin.py:109} INFO - [2021-08-28 23:39:34,423] {dagbag.py:496} INFO - Filling up the DagBag from /home/paolo/Documents/Github/case-study-1-october2020-data-sweepers/DataExtraction/ENV/lib/python3.8/site-packages/airflow/example_dags/example_latest_only.py
[2021-08-28 23:39:34,444] {processor.py:623} INFO - DAG(s) dict_keys(['latest_only']) retrieved from /home/paolo/Documents/Github/case-study-1-october2020-data-sweepers/DataExtraction/ENV/lib/python3.8/site-packages/airflow/example_dags/example_latest_only.py
[2021-08-28 23:39:34,479] {logging_mixin.py:109} INFO - [2021-08-28 23:39:34,479] {dag.py:1833} INFO - Sync 1 DAGs
[2021-08-28 23:39:34,506] {logging_mixin.py:109} INFO - [2021-08-28 23:39:34,505] {dag.py:2306} INFO - Setting next_dagrun for latest_only to 2021-08-26 00:00:00+00:00
[2021-08-28 23:39:34,569] {processor.py:170} INFO - Processing /home/paolo/Documents/Github/case-study-1-october2020-data-sweepers/DataExtraction/ENV/lib/python3.8/site-packages/airflow/example_dags/example_latest_only.py took 0.157 seconds
[2021-08-28 23:40:11,800] {processor.py:162} INFO - Started process (PID=13773) to work on /home/paolo/Documents/Github/case-study-1-october2020-data-sweepers/DataExtraction/ENV/lib/python3.8/site-packages/airflow/example_dags/example_latest_only.py
[2021-08-28 23:40:11,802] {processor.py:613} INFO - Processing file /home/paolo/Documents/Github/case-study-1-october2020-data-sweepers/DataExtraction/ENV/lib/python3.8/site-packages/airflow/example_dags/example_latest_only.py for tasks to queue
[2021-08-28 23:40:11,803] {logging_mixin.py:109} INFO - [2021-08-28 23:40:11,803] {dagbag.py:496} INFO - Filling up the DagBag from /home/paolo/Documents/Github/case-study-1-october2020-data-sweepers/DataExtraction/ENV/lib/python3.8/site-packages/airflow/example_dags/example_latest_only.py
[2021-08-28 23:40:11,829] {processor.py:623} INFO - DAG(s) dict_keys(['latest_only']) retrieved from /home/paolo/Documents/Github/case-study-1-october2020-data-sweepers/DataExtraction/ENV/lib/python3.8/site-packages/airflow/example_dags/example_latest_only.py
[2021-08-28 23:40:11,853] {logging_mixin.py:109} INFO - [2021-08-28 23:40:11,853] {dag.py:1833} INFO - Sync 1 DAGs
[2021-08-28 23:40:11,885] {logging_mixin.py:109} INFO - [2021-08-28 23:40:11,884] {dag.py:2306} INFO - Setting next_dagrun for latest_only to 2021-08-26 00:00:00+00:00
[2021-08-28 23:40:11,918] {processor.py:170} INFO - Processing /home/paolo/Documents/Github/case-study-1-october2020-data-sweepers/DataExtraction/ENV/lib/python3.8/site-packages/airflow/example_dags/example_latest_only.py took 0.121 seconds
[2021-08-28 23:40:52,976] {processor.py:162} INFO - Started process (PID=13970) to work on /home/paolo/Documents/Github/case-study-1-october2020-data-sweepers/DataExtraction/ENV/lib/python3.8/site-packages/airflow/example_dags/example_latest_only.py
[2021-08-28 23:40:52,981] {processor.py:613} INFO - Processing file /home/paolo/Documents/Github/case-study-1-october2020-data-sweepers/DataExtraction/ENV/lib/python3.8/site-packages/airflow/example_dags/example_latest_only.py for tasks to queue
[2021-08-28 23:40:52,982] {logging_mixin.py:109} INFO - [2021-08-28 23:40:52,982] {dagbag.py:496} INFO - Filling up the DagBag from /home/paolo/Documents/Github/case-study-1-october2020-data-sweepers/DataExtraction/ENV/lib/python3.8/site-packages/airflow/example_dags/example_latest_only.py
[2021-08-28 23:40:53,004] {processor.py:623} INFO - DAG(s) dict_keys(['latest_only']) retrieved from /home/paolo/Documents/Github/case-study-1-october2020-data-sweepers/DataExtraction/ENV/lib/python3.8/site-packages/airflow/example_dags/example_latest_only.py
[2021-08-28 23:40:53,077] {logging_mixin.py:109} INFO - [2021-08-28 23:40:53,077] {dag.py:1833} INFO - Sync 1 DAGs
[2021-08-28 23:40:53,107] {logging_mixin.py:109} INFO - [2021-08-28 23:40:53,107] {dag.py:2306} INFO - Setting next_dagrun for latest_only to 2021-08-26 00:00:00+00:00
[2021-08-28 23:40:53,143] {processor.py:170} INFO - Processing /home/paolo/Documents/Github/case-study-1-october2020-data-sweepers/DataExtraction/ENV/lib/python3.8/site-packages/airflow/example_dags/example_latest_only.py took 0.173 seconds
[2021-08-28 23:41:37,744] {processor.py:162} INFO - Started process (PID=14104) to work on /home/paolo/Documents/Github/case-study-1-october2020-data-sweepers/DataExtraction/ENV/lib/python3.8/site-packages/airflow/example_dags/example_latest_only.py
[2021-08-28 23:41:37,745] {processor.py:613} INFO - Processing file /home/paolo/Documents/Github/case-study-1-october2020-data-sweepers/DataExtraction/ENV/lib/python3.8/site-packages/airflow/example_dags/example_latest_only.py for tasks to queue
[2021-08-28 23:41:37,746] {logging_mixin.py:109} INFO - [2021-08-28 23:41:37,746] {dagbag.py:496} INFO - Filling up the DagBag from /home/paolo/Documents/Github/case-study-1-october2020-data-sweepers/DataExtraction/ENV/lib/python3.8/site-packages/airflow/example_dags/example_latest_only.py
[2021-08-28 23:41:37,757] {processor.py:623} INFO - DAG(s) dict_keys(['latest_only']) retrieved from /home/paolo/Documents/Github/case-study-1-october2020-data-sweepers/DataExtraction/ENV/lib/python3.8/site-packages/airflow/example_dags/example_latest_only.py
[2021-08-28 23:41:37,770] {logging_mixin.py:109} INFO - [2021-08-28 23:41:37,769] {dag.py:1833} INFO - Sync 1 DAGs
[2021-08-28 23:41:37,780] {logging_mixin.py:109} INFO - [2021-08-28 23:41:37,780] {dag.py:2306} INFO - Setting next_dagrun for latest_only to 2021-08-26 00:00:00+00:00
[2021-08-28 23:41:37,796] {processor.py:170} INFO - Processing /home/paolo/Documents/Github/case-study-1-october2020-data-sweepers/DataExtraction/ENV/lib/python3.8/site-packages/airflow/example_dags/example_latest_only.py took 0.054 seconds
[2021-08-28 23:42:10,460] {processor.py:162} INFO - Started process (PID=14169) to work on /home/paolo/Documents/Github/case-study-1-october2020-data-sweepers/DataExtraction/ENV/lib/python3.8/site-packages/airflow/example_dags/example_latest_only.py
[2021-08-28 23:42:10,463] {processor.py:613} INFO - Processing file /home/paolo/Documents/Github/case-study-1-october2020-data-sweepers/DataExtraction/ENV/lib/python3.8/site-packages/airflow/example_dags/example_latest_only.py for tasks to queue
[2021-08-28 23:42:10,464] {logging_mixin.py:109} INFO - [2021-08-28 23:42:10,464] {dagbag.py:496} INFO - Filling up the DagBag from /home/paolo/Documents/Github/case-study-1-october2020-data-sweepers/DataExtraction/ENV/lib/python3.8/site-packages/airflow/example_dags/example_latest_only.py
[2021-08-28 23:42:10,479] {processor.py:623} INFO - DAG(s) dict_keys(['latest_only']) retrieved from /home/paolo/Documents/Github/case-study-1-october2020-data-sweepers/DataExtraction/ENV/lib/python3.8/site-packages/airflow/example_dags/example_latest_only.py
[2021-08-28 23:42:10,491] {logging_mixin.py:109} INFO - [2021-08-28 23:42:10,491] {dag.py:1833} INFO - Sync 1 DAGs
[2021-08-28 23:42:10,501] {logging_mixin.py:109} INFO - [2021-08-28 23:42:10,501] {dag.py:2306} INFO - Setting next_dagrun for latest_only to 2021-08-26 00:00:00+00:00
[2021-08-28 23:42:10,516] {processor.py:170} INFO - Processing /home/paolo/Documents/Github/case-study-1-october2020-data-sweepers/DataExtraction/ENV/lib/python3.8/site-packages/airflow/example_dags/example_latest_only.py took 0.063 seconds
[2021-08-28 23:42:43,818] {processor.py:162} INFO - Started process (PID=14276) to work on /home/paolo/Documents/Github/case-study-1-october2020-data-sweepers/DataExtraction/ENV/lib/python3.8/site-packages/airflow/example_dags/example_latest_only.py
[2021-08-28 23:42:43,819] {processor.py:613} INFO - Processing file /home/paolo/Documents/Github/case-study-1-october2020-data-sweepers/DataExtraction/ENV/lib/python3.8/site-packages/airflow/example_dags/example_latest_only.py for tasks to queue
[2021-08-28 23:42:43,820] {logging_mixin.py:109} INFO - [2021-08-28 23:42:43,820] {dagbag.py:496} INFO - Filling up the DagBag from /home/paolo/Documents/Github/case-study-1-october2020-data-sweepers/DataExtraction/ENV/lib/python3.8/site-packages/airflow/example_dags/example_latest_only.py
[2021-08-28 23:42:43,829] {processor.py:623} INFO - DAG(s) dict_keys(['latest_only']) retrieved from /home/paolo/Documents/Github/case-study-1-october2020-data-sweepers/DataExtraction/ENV/lib/python3.8/site-packages/airflow/example_dags/example_latest_only.py
[2021-08-28 23:42:43,841] {logging_mixin.py:109} INFO - [2021-08-28 23:42:43,841] {dag.py:1833} INFO - Sync 1 DAGs
[2021-08-28 23:42:43,850] {logging_mixin.py:109} INFO - [2021-08-28 23:42:43,850] {dag.py:2306} INFO - Setting next_dagrun for latest_only to 2021-08-26 00:00:00+00:00
[2021-08-28 23:42:43,867] {processor.py:170} INFO - Processing /home/paolo/Documents/Github/case-study-1-october2020-data-sweepers/DataExtraction/ENV/lib/python3.8/site-packages/airflow/example_dags/example_latest_only.py took 0.052 seconds
[2021-08-28 23:43:16,790] {processor.py:162} INFO - Started process (PID=14353) to work on /home/paolo/Documents/Github/case-study-1-october2020-data-sweepers/DataExtraction/ENV/lib/python3.8/site-packages/airflow/example_dags/example_latest_only.py
[2021-08-28 23:43:16,794] {processor.py:613} INFO - Processing file /home/paolo/Documents/Github/case-study-1-october2020-data-sweepers/DataExtraction/ENV/lib/python3.8/site-packages/airflow/example_dags/example_latest_only.py for tasks to queue
[2021-08-28 23:43:16,796] {logging_mixin.py:109} INFO - [2021-08-28 23:43:16,796] {dagbag.py:496} INFO - Filling up the DagBag from /home/paolo/Documents/Github/case-study-1-october2020-data-sweepers/DataExtraction/ENV/lib/python3.8/site-packages/airflow/example_dags/example_latest_only.py
[2021-08-28 23:43:16,812] {processor.py:623} INFO - DAG(s) dict_keys(['latest_only']) retrieved from /home/paolo/Documents/Github/case-study-1-october2020-data-sweepers/DataExtraction/ENV/lib/python3.8/site-packages/airflow/example_dags/example_latest_only.py
[2021-08-28 23:43:16,823] {logging_mixin.py:109} INFO - [2021-08-28 23:43:16,823] {dag.py:1833} INFO - Sync 1 DAGs
[2021-08-28 23:43:16,832] {logging_mixin.py:109} INFO - [2021-08-28 23:43:16,832] {dag.py:2306} INFO - Setting next_dagrun for latest_only to 2021-08-26 00:00:00+00:00
[2021-08-28 23:43:16,848] {processor.py:170} INFO - Processing /home/paolo/Documents/Github/case-study-1-october2020-data-sweepers/DataExtraction/ENV/lib/python3.8/site-packages/airflow/example_dags/example_latest_only.py took 0.064 seconds
[2021-08-28 23:43:50,311] {processor.py:162} INFO - Started process (PID=14426) to work on /home/paolo/Documents/Github/case-study-1-october2020-data-sweepers/DataExtraction/ENV/lib/python3.8/site-packages/airflow/example_dags/example_latest_only.py
[2021-08-28 23:43:50,314] {processor.py:613} INFO - Processing file /home/paolo/Documents/Github/case-study-1-october2020-data-sweepers/DataExtraction/ENV/lib/python3.8/site-packages/airflow/example_dags/example_latest_only.py for tasks to queue
[2021-08-28 23:43:50,318] {logging_mixin.py:109} INFO - [2021-08-28 23:43:50,318] {dagbag.py:496} INFO - Filling up the DagBag from /home/paolo/Documents/Github/case-study-1-october2020-data-sweepers/DataExtraction/ENV/lib/python3.8/site-packages/airflow/example_dags/example_latest_only.py
[2021-08-28 23:43:50,338] {processor.py:623} INFO - DAG(s) dict_keys(['latest_only']) retrieved from /home/paolo/Documents/Github/case-study-1-october2020-data-sweepers/DataExtraction/ENV/lib/python3.8/site-packages/airflow/example_dags/example_latest_only.py
[2021-08-28 23:43:50,355] {logging_mixin.py:109} INFO - [2021-08-28 23:43:50,355] {dag.py:1833} INFO - Sync 1 DAGs
[2021-08-28 23:43:50,366] {logging_mixin.py:109} INFO - [2021-08-28 23:43:50,365] {dag.py:2306} INFO - Setting next_dagrun for latest_only to 2021-08-26 00:00:00+00:00
[2021-08-28 23:43:50,383] {processor.py:170} INFO - Processing /home/paolo/Documents/Github/case-study-1-october2020-data-sweepers/DataExtraction/ENV/lib/python3.8/site-packages/airflow/example_dags/example_latest_only.py took 0.079 seconds
[2021-08-28 23:44:22,165] {processor.py:162} INFO - Started process (PID=14503) to work on /home/paolo/Documents/Github/case-study-1-october2020-data-sweepers/DataExtraction/ENV/lib/python3.8/site-packages/airflow/example_dags/example_latest_only.py
[2021-08-28 23:44:22,167] {processor.py:613} INFO - Processing file /home/paolo/Documents/Github/case-study-1-october2020-data-sweepers/DataExtraction/ENV/lib/python3.8/site-packages/airflow/example_dags/example_latest_only.py for tasks to queue
[2021-08-28 23:44:22,174] {logging_mixin.py:109} INFO - [2021-08-28 23:44:22,168] {dagbag.py:496} INFO - Filling up the DagBag from /home/paolo/Documents/Github/case-study-1-october2020-data-sweepers/DataExtraction/ENV/lib/python3.8/site-packages/airflow/example_dags/example_latest_only.py
[2021-08-28 23:44:22,195] {processor.py:623} INFO - DAG(s) dict_keys(['latest_only']) retrieved from /home/paolo/Documents/Github/case-study-1-october2020-data-sweepers/DataExtraction/ENV/lib/python3.8/site-packages/airflow/example_dags/example_latest_only.py
[2021-08-28 23:44:22,224] {logging_mixin.py:109} INFO - [2021-08-28 23:44:22,224] {dag.py:1833} INFO - Sync 1 DAGs
[2021-08-28 23:44:22,247] {logging_mixin.py:109} INFO - [2021-08-28 23:44:22,247] {dag.py:2306} INFO - Setting next_dagrun for latest_only to 2021-08-26 00:00:00+00:00
[2021-08-28 23:44:22,283] {processor.py:170} INFO - Processing /home/paolo/Documents/Github/case-study-1-october2020-data-sweepers/DataExtraction/ENV/lib/python3.8/site-packages/airflow/example_dags/example_latest_only.py took 0.124 seconds
[2021-08-28 23:45:01,851] {processor.py:162} INFO - Started process (PID=14572) to work on /home/paolo/Documents/Github/case-study-1-october2020-data-sweepers/DataExtraction/ENV/lib/python3.8/site-packages/airflow/example_dags/example_latest_only.py
[2021-08-28 23:45:01,853] {processor.py:613} INFO - Processing file /home/paolo/Documents/Github/case-study-1-october2020-data-sweepers/DataExtraction/ENV/lib/python3.8/site-packages/airflow/example_dags/example_latest_only.py for tasks to queue
[2021-08-28 23:45:01,860] {logging_mixin.py:109} INFO - [2021-08-28 23:45:01,858] {dagbag.py:496} INFO - Filling up the DagBag from /home/paolo/Documents/Github/case-study-1-october2020-data-sweepers/DataExtraction/ENV/lib/python3.8/site-packages/airflow/example_dags/example_latest_only.py
[2021-08-28 23:45:01,893] {processor.py:623} INFO - DAG(s) dict_keys(['latest_only']) retrieved from /home/paolo/Documents/Github/case-study-1-october2020-data-sweepers/DataExtraction/ENV/lib/python3.8/site-packages/airflow/example_dags/example_latest_only.py
[2021-08-28 23:45:01,916] {logging_mixin.py:109} INFO - [2021-08-28 23:45:01,916] {dag.py:1833} INFO - Sync 1 DAGs
[2021-08-28 23:45:01,946] {logging_mixin.py:109} INFO - [2021-08-28 23:45:01,946] {dag.py:2306} INFO - Setting next_dagrun for latest_only to 2021-08-26 00:00:00+00:00
[2021-08-28 23:45:01,976] {processor.py:170} INFO - Processing /home/paolo/Documents/Github/case-study-1-october2020-data-sweepers/DataExtraction/ENV/lib/python3.8/site-packages/airflow/example_dags/example_latest_only.py took 0.134 seconds
[2021-08-28 23:45:42,884] {processor.py:162} INFO - Started process (PID=14641) to work on /home/paolo/Documents/Github/case-study-1-october2020-data-sweepers/DataExtraction/ENV/lib/python3.8/site-packages/airflow/example_dags/example_latest_only.py
[2021-08-28 23:45:42,885] {processor.py:613} INFO - Processing file /home/paolo/Documents/Github/case-study-1-october2020-data-sweepers/DataExtraction/ENV/lib/python3.8/site-packages/airflow/example_dags/example_latest_only.py for tasks to queue
[2021-08-28 23:45:42,886] {logging_mixin.py:109} INFO - [2021-08-28 23:45:42,886] {dagbag.py:496} INFO - Filling up the DagBag from /home/paolo/Documents/Github/case-study-1-october2020-data-sweepers/DataExtraction/ENV/lib/python3.8/site-packages/airflow/example_dags/example_latest_only.py
[2021-08-28 23:45:42,913] {processor.py:623} INFO - DAG(s) dict_keys(['latest_only']) retrieved from /home/paolo/Documents/Github/case-study-1-october2020-data-sweepers/DataExtraction/ENV/lib/python3.8/site-packages/airflow/example_dags/example_latest_only.py
[2021-08-28 23:45:42,950] {logging_mixin.py:109} INFO - [2021-08-28 23:45:42,949] {dag.py:1833} INFO - Sync 1 DAGs
[2021-08-28 23:45:43,017] {logging_mixin.py:109} INFO - [2021-08-28 23:45:43,017] {dag.py:2306} INFO - Setting next_dagrun for latest_only to 2021-08-26 00:00:00+00:00
[2021-08-28 23:45:43,056] {processor.py:170} INFO - Processing /home/paolo/Documents/Github/case-study-1-october2020-data-sweepers/DataExtraction/ENV/lib/python3.8/site-packages/airflow/example_dags/example_latest_only.py took 0.177 seconds
[2021-08-28 23:46:24,543] {processor.py:162} INFO - Started process (PID=14708) to work on /home/paolo/Documents/Github/case-study-1-october2020-data-sweepers/DataExtraction/ENV/lib/python3.8/site-packages/airflow/example_dags/example_latest_only.py
[2021-08-28 23:46:24,546] {processor.py:613} INFO - Processing file /home/paolo/Documents/Github/case-study-1-october2020-data-sweepers/DataExtraction/ENV/lib/python3.8/site-packages/airflow/example_dags/example_latest_only.py for tasks to queue
[2021-08-28 23:46:24,547] {logging_mixin.py:109} INFO - [2021-08-28 23:46:24,547] {dagbag.py:496} INFO - Filling up the DagBag from /home/paolo/Documents/Github/case-study-1-october2020-data-sweepers/DataExtraction/ENV/lib/python3.8/site-packages/airflow/example_dags/example_latest_only.py
[2021-08-28 23:46:24,567] {processor.py:623} INFO - DAG(s) dict_keys(['latest_only']) retrieved from /home/paolo/Documents/Github/case-study-1-october2020-data-sweepers/DataExtraction/ENV/lib/python3.8/site-packages/airflow/example_dags/example_latest_only.py
[2021-08-28 23:46:24,631] {logging_mixin.py:109} INFO - [2021-08-28 23:46:24,631] {dag.py:1833} INFO - Sync 1 DAGs
[2021-08-28 23:46:24,667] {logging_mixin.py:109} INFO - [2021-08-28 23:46:24,667] {dag.py:2306} INFO - Setting next_dagrun for latest_only to 2021-08-26 00:00:00+00:00
[2021-08-28 23:46:24,715] {processor.py:170} INFO - Processing /home/paolo/Documents/Github/case-study-1-october2020-data-sweepers/DataExtraction/ENV/lib/python3.8/site-packages/airflow/example_dags/example_latest_only.py took 0.180 seconds
[2021-08-28 23:47:09,139] {processor.py:162} INFO - Started process (PID=14794) to work on /home/paolo/Documents/Github/case-study-1-october2020-data-sweepers/DataExtraction/ENV/lib/python3.8/site-packages/airflow/example_dags/example_latest_only.py
[2021-08-28 23:47:09,143] {processor.py:613} INFO - Processing file /home/paolo/Documents/Github/case-study-1-october2020-data-sweepers/DataExtraction/ENV/lib/python3.8/site-packages/airflow/example_dags/example_latest_only.py for tasks to queue
[2021-08-28 23:47:09,144] {logging_mixin.py:109} INFO - [2021-08-28 23:47:09,143] {dagbag.py:496} INFO - Filling up the DagBag from /home/paolo/Documents/Github/case-study-1-october2020-data-sweepers/DataExtraction/ENV/lib/python3.8/site-packages/airflow/example_dags/example_latest_only.py
[2021-08-28 23:47:09,163] {processor.py:623} INFO - DAG(s) dict_keys(['latest_only']) retrieved from /home/paolo/Documents/Github/case-study-1-october2020-data-sweepers/DataExtraction/ENV/lib/python3.8/site-packages/airflow/example_dags/example_latest_only.py
[2021-08-28 23:47:09,197] {logging_mixin.py:109} INFO - [2021-08-28 23:47:09,196] {dag.py:1833} INFO - Sync 1 DAGs
[2021-08-28 23:47:09,221] {logging_mixin.py:109} INFO - [2021-08-28 23:47:09,221] {dag.py:2306} INFO - Setting next_dagrun for latest_only to 2021-08-26 00:00:00+00:00
[2021-08-28 23:47:09,251] {processor.py:170} INFO - Processing /home/paolo/Documents/Github/case-study-1-october2020-data-sweepers/DataExtraction/ENV/lib/python3.8/site-packages/airflow/example_dags/example_latest_only.py took 0.116 seconds
[2021-08-28 23:47:48,005] {processor.py:162} INFO - Started process (PID=14880) to work on /home/paolo/Documents/Github/case-study-1-october2020-data-sweepers/DataExtraction/ENV/lib/python3.8/site-packages/airflow/example_dags/example_latest_only.py
[2021-08-28 23:47:48,009] {processor.py:613} INFO - Processing file /home/paolo/Documents/Github/case-study-1-october2020-data-sweepers/DataExtraction/ENV/lib/python3.8/site-packages/airflow/example_dags/example_latest_only.py for tasks to queue
[2021-08-28 23:47:48,010] {logging_mixin.py:109} INFO - [2021-08-28 23:47:48,010] {dagbag.py:496} INFO - Filling up the DagBag from /home/paolo/Documents/Github/case-study-1-october2020-data-sweepers/DataExtraction/ENV/lib/python3.8/site-packages/airflow/example_dags/example_latest_only.py
[2021-08-28 23:47:48,032] {processor.py:623} INFO - DAG(s) dict_keys(['latest_only']) retrieved from /home/paolo/Documents/Github/case-study-1-october2020-data-sweepers/DataExtraction/ENV/lib/python3.8/site-packages/airflow/example_dags/example_latest_only.py
[2021-08-28 23:47:48,067] {logging_mixin.py:109} INFO - [2021-08-28 23:47:48,066] {dag.py:1833} INFO - Sync 1 DAGs
[2021-08-28 23:47:48,099] {logging_mixin.py:109} INFO - [2021-08-28 23:47:48,099] {dag.py:2306} INFO - Setting next_dagrun for latest_only to 2021-08-26 00:00:00+00:00
[2021-08-28 23:47:48,142] {processor.py:170} INFO - Processing /home/paolo/Documents/Github/case-study-1-october2020-data-sweepers/DataExtraction/ENV/lib/python3.8/site-packages/airflow/example_dags/example_latest_only.py took 0.145 seconds
[2021-08-28 23:48:29,822] {processor.py:162} INFO - Started process (PID=14952) to work on /home/paolo/Documents/Github/case-study-1-october2020-data-sweepers/DataExtraction/ENV/lib/python3.8/site-packages/airflow/example_dags/example_latest_only.py
[2021-08-28 23:48:29,825] {processor.py:613} INFO - Processing file /home/paolo/Documents/Github/case-study-1-october2020-data-sweepers/DataExtraction/ENV/lib/python3.8/site-packages/airflow/example_dags/example_latest_only.py for tasks to queue
[2021-08-28 23:48:29,826] {logging_mixin.py:109} INFO - [2021-08-28 23:48:29,825] {dagbag.py:496} INFO - Filling up the DagBag from /home/paolo/Documents/Github/case-study-1-october2020-data-sweepers/DataExtraction/ENV/lib/python3.8/site-packages/airflow/example_dags/example_latest_only.py
[2021-08-28 23:48:29,844] {processor.py:623} INFO - DAG(s) dict_keys(['latest_only']) retrieved from /home/paolo/Documents/Github/case-study-1-october2020-data-sweepers/DataExtraction/ENV/lib/python3.8/site-packages/airflow/example_dags/example_latest_only.py
[2021-08-28 23:48:29,873] {logging_mixin.py:109} INFO - [2021-08-28 23:48:29,873] {dag.py:1833} INFO - Sync 1 DAGs
[2021-08-28 23:48:29,900] {logging_mixin.py:109} INFO - [2021-08-28 23:48:29,900] {dag.py:2306} INFO - Setting next_dagrun for latest_only to 2021-08-26 00:00:00+00:00
[2021-08-28 23:48:29,934] {processor.py:170} INFO - Processing /home/paolo/Documents/Github/case-study-1-october2020-data-sweepers/DataExtraction/ENV/lib/python3.8/site-packages/airflow/example_dags/example_latest_only.py took 0.118 seconds
[2021-08-28 23:49:08,814] {processor.py:162} INFO - Started process (PID=15066) to work on /home/paolo/Documents/Github/case-study-1-october2020-data-sweepers/DataExtraction/ENV/lib/python3.8/site-packages/airflow/example_dags/example_latest_only.py
[2021-08-28 23:49:08,815] {processor.py:613} INFO - Processing file /home/paolo/Documents/Github/case-study-1-october2020-data-sweepers/DataExtraction/ENV/lib/python3.8/site-packages/airflow/example_dags/example_latest_only.py for tasks to queue
[2021-08-28 23:49:08,817] {logging_mixin.py:109} INFO - [2021-08-28 23:49:08,816] {dagbag.py:496} INFO - Filling up the DagBag from /home/paolo/Documents/Github/case-study-1-october2020-data-sweepers/DataExtraction/ENV/lib/python3.8/site-packages/airflow/example_dags/example_latest_only.py
[2021-08-28 23:49:08,833] {processor.py:623} INFO - DAG(s) dict_keys(['latest_only']) retrieved from /home/paolo/Documents/Github/case-study-1-october2020-data-sweepers/DataExtraction/ENV/lib/python3.8/site-packages/airflow/example_dags/example_latest_only.py
[2021-08-28 23:49:08,851] {logging_mixin.py:109} INFO - [2021-08-28 23:49:08,851] {dag.py:1833} INFO - Sync 1 DAGs
[2021-08-28 23:49:08,863] {logging_mixin.py:109} INFO - [2021-08-28 23:49:08,863] {dag.py:2306} INFO - Setting next_dagrun for latest_only to 2021-08-26 00:00:00+00:00
[2021-08-28 23:49:08,892] {processor.py:170} INFO - Processing /home/paolo/Documents/Github/case-study-1-october2020-data-sweepers/DataExtraction/ENV/lib/python3.8/site-packages/airflow/example_dags/example_latest_only.py took 0.081 seconds
[2021-08-28 23:49:48,319] {processor.py:162} INFO - Started process (PID=15141) to work on /home/paolo/Documents/Github/case-study-1-october2020-data-sweepers/DataExtraction/ENV/lib/python3.8/site-packages/airflow/example_dags/example_latest_only.py
[2021-08-28 23:49:48,320] {processor.py:613} INFO - Processing file /home/paolo/Documents/Github/case-study-1-october2020-data-sweepers/DataExtraction/ENV/lib/python3.8/site-packages/airflow/example_dags/example_latest_only.py for tasks to queue
[2021-08-28 23:49:48,321] {logging_mixin.py:109} INFO - [2021-08-28 23:49:48,320] {dagbag.py:496} INFO - Filling up the DagBag from /home/paolo/Documents/Github/case-study-1-october2020-data-sweepers/DataExtraction/ENV/lib/python3.8/site-packages/airflow/example_dags/example_latest_only.py
[2021-08-28 23:49:48,338] {processor.py:623} INFO - DAG(s) dict_keys(['latest_only']) retrieved from /home/paolo/Documents/Github/case-study-1-october2020-data-sweepers/DataExtraction/ENV/lib/python3.8/site-packages/airflow/example_dags/example_latest_only.py
[2021-08-28 23:49:48,352] {logging_mixin.py:109} INFO - [2021-08-28 23:49:48,352] {dag.py:1833} INFO - Sync 1 DAGs
[2021-08-28 23:49:48,367] {logging_mixin.py:109} INFO - [2021-08-28 23:49:48,366] {dag.py:2306} INFO - Setting next_dagrun for latest_only to 2021-08-26 00:00:00+00:00
[2021-08-28 23:49:48,390] {processor.py:170} INFO - Processing /home/paolo/Documents/Github/case-study-1-october2020-data-sweepers/DataExtraction/ENV/lib/python3.8/site-packages/airflow/example_dags/example_latest_only.py took 0.075 seconds
[2021-08-28 23:50:24,826] {processor.py:162} INFO - Started process (PID=15227) to work on /home/paolo/Documents/Github/case-study-1-october2020-data-sweepers/DataExtraction/ENV/lib/python3.8/site-packages/airflow/example_dags/example_latest_only.py
[2021-08-28 23:50:24,827] {processor.py:613} INFO - Processing file /home/paolo/Documents/Github/case-study-1-october2020-data-sweepers/DataExtraction/ENV/lib/python3.8/site-packages/airflow/example_dags/example_latest_only.py for tasks to queue
[2021-08-28 23:50:24,828] {logging_mixin.py:109} INFO - [2021-08-28 23:50:24,828] {dagbag.py:496} INFO - Filling up the DagBag from /home/paolo/Documents/Github/case-study-1-october2020-data-sweepers/DataExtraction/ENV/lib/python3.8/site-packages/airflow/example_dags/example_latest_only.py
[2021-08-28 23:50:24,845] {processor.py:623} INFO - DAG(s) dict_keys(['latest_only']) retrieved from /home/paolo/Documents/Github/case-study-1-october2020-data-sweepers/DataExtraction/ENV/lib/python3.8/site-packages/airflow/example_dags/example_latest_only.py
[2021-08-28 23:50:24,861] {logging_mixin.py:109} INFO - [2021-08-28 23:50:24,861] {dag.py:1833} INFO - Sync 1 DAGs
[2021-08-28 23:50:24,879] {logging_mixin.py:109} INFO - [2021-08-28 23:50:24,879] {dag.py:2306} INFO - Setting next_dagrun for latest_only to 2021-08-26 00:00:00+00:00
[2021-08-28 23:50:24,903] {processor.py:170} INFO - Processing /home/paolo/Documents/Github/case-study-1-october2020-data-sweepers/DataExtraction/ENV/lib/python3.8/site-packages/airflow/example_dags/example_latest_only.py took 0.080 seconds
[2021-08-28 23:50:57,713] {processor.py:162} INFO - Started process (PID=15288) to work on /home/paolo/Documents/Github/case-study-1-october2020-data-sweepers/DataExtraction/ENV/lib/python3.8/site-packages/airflow/example_dags/example_latest_only.py
[2021-08-28 23:50:57,715] {processor.py:613} INFO - Processing file /home/paolo/Documents/Github/case-study-1-october2020-data-sweepers/DataExtraction/ENV/lib/python3.8/site-packages/airflow/example_dags/example_latest_only.py for tasks to queue
[2021-08-28 23:50:57,716] {logging_mixin.py:109} INFO - [2021-08-28 23:50:57,716] {dagbag.py:496} INFO - Filling up the DagBag from /home/paolo/Documents/Github/case-study-1-october2020-data-sweepers/DataExtraction/ENV/lib/python3.8/site-packages/airflow/example_dags/example_latest_only.py
[2021-08-28 23:50:57,736] {processor.py:623} INFO - DAG(s) dict_keys(['latest_only']) retrieved from /home/paolo/Documents/Github/case-study-1-october2020-data-sweepers/DataExtraction/ENV/lib/python3.8/site-packages/airflow/example_dags/example_latest_only.py
[2021-08-28 23:50:57,764] {logging_mixin.py:109} INFO - [2021-08-28 23:50:57,764] {dag.py:1833} INFO - Sync 1 DAGs
[2021-08-28 23:50:57,782] {logging_mixin.py:109} INFO - [2021-08-28 23:50:57,782] {dag.py:2306} INFO - Setting next_dagrun for latest_only to 2021-08-26 00:00:00+00:00
[2021-08-28 23:50:57,812] {processor.py:170} INFO - Processing /home/paolo/Documents/Github/case-study-1-october2020-data-sweepers/DataExtraction/ENV/lib/python3.8/site-packages/airflow/example_dags/example_latest_only.py took 0.103 seconds
[2021-08-28 23:51:32,256] {processor.py:162} INFO - Started process (PID=15362) to work on /home/paolo/Documents/Github/case-study-1-october2020-data-sweepers/DataExtraction/ENV/lib/python3.8/site-packages/airflow/example_dags/example_latest_only.py
[2021-08-28 23:51:32,258] {processor.py:613} INFO - Processing file /home/paolo/Documents/Github/case-study-1-october2020-data-sweepers/DataExtraction/ENV/lib/python3.8/site-packages/airflow/example_dags/example_latest_only.py for tasks to queue
[2021-08-28 23:51:32,260] {logging_mixin.py:109} INFO - [2021-08-28 23:51:32,259] {dagbag.py:496} INFO - Filling up the DagBag from /home/paolo/Documents/Github/case-study-1-october2020-data-sweepers/DataExtraction/ENV/lib/python3.8/site-packages/airflow/example_dags/example_latest_only.py
[2021-08-28 23:51:32,279] {processor.py:623} INFO - DAG(s) dict_keys(['latest_only']) retrieved from /home/paolo/Documents/Github/case-study-1-october2020-data-sweepers/DataExtraction/ENV/lib/python3.8/site-packages/airflow/example_dags/example_latest_only.py
[2021-08-28 23:51:32,332] {logging_mixin.py:109} INFO - [2021-08-28 23:51:32,332] {dag.py:1833} INFO - Sync 1 DAGs
[2021-08-28 23:51:32,342] {logging_mixin.py:109} INFO - [2021-08-28 23:51:32,342] {dag.py:2306} INFO - Setting next_dagrun for latest_only to 2021-08-26 00:00:00+00:00
[2021-08-28 23:51:32,375] {processor.py:170} INFO - Processing /home/paolo/Documents/Github/case-study-1-october2020-data-sweepers/DataExtraction/ENV/lib/python3.8/site-packages/airflow/example_dags/example_latest_only.py took 0.123 seconds
[2021-08-28 23:52:06,590] {processor.py:162} INFO - Started process (PID=15462) to work on /home/paolo/Documents/Github/case-study-1-october2020-data-sweepers/DataExtraction/ENV/lib/python3.8/site-packages/airflow/example_dags/example_latest_only.py
[2021-08-28 23:52:06,592] {processor.py:613} INFO - Processing file /home/paolo/Documents/Github/case-study-1-october2020-data-sweepers/DataExtraction/ENV/lib/python3.8/site-packages/airflow/example_dags/example_latest_only.py for tasks to queue
[2021-08-28 23:52:06,593] {logging_mixin.py:109} INFO - [2021-08-28 23:52:06,592] {dagbag.py:496} INFO - Filling up the DagBag from /home/paolo/Documents/Github/case-study-1-october2020-data-sweepers/DataExtraction/ENV/lib/python3.8/site-packages/airflow/example_dags/example_latest_only.py
[2021-08-28 23:52:06,606] {processor.py:623} INFO - DAG(s) dict_keys(['latest_only']) retrieved from /home/paolo/Documents/Github/case-study-1-october2020-data-sweepers/DataExtraction/ENV/lib/python3.8/site-packages/airflow/example_dags/example_latest_only.py
[2021-08-28 23:52:06,621] {logging_mixin.py:109} INFO - [2021-08-28 23:52:06,621] {dag.py:1833} INFO - Sync 1 DAGs
[2021-08-28 23:52:06,634] {logging_mixin.py:109} INFO - [2021-08-28 23:52:06,634] {dag.py:2306} INFO - Setting next_dagrun for latest_only to 2021-08-26 00:00:00+00:00
[2021-08-28 23:52:06,660] {processor.py:170} INFO - Processing /home/paolo/Documents/Github/case-study-1-october2020-data-sweepers/DataExtraction/ENV/lib/python3.8/site-packages/airflow/example_dags/example_latest_only.py took 0.072 seconds
[2021-08-28 23:52:42,920] {processor.py:162} INFO - Started process (PID=15578) to work on /home/paolo/Documents/Github/case-study-1-october2020-data-sweepers/DataExtraction/ENV/lib/python3.8/site-packages/airflow/example_dags/example_latest_only.py
[2021-08-28 23:52:42,921] {processor.py:613} INFO - Processing file /home/paolo/Documents/Github/case-study-1-october2020-data-sweepers/DataExtraction/ENV/lib/python3.8/site-packages/airflow/example_dags/example_latest_only.py for tasks to queue
[2021-08-28 23:52:42,922] {logging_mixin.py:109} INFO - [2021-08-28 23:52:42,922] {dagbag.py:496} INFO - Filling up the DagBag from /home/paolo/Documents/Github/case-study-1-october2020-data-sweepers/DataExtraction/ENV/lib/python3.8/site-packages/airflow/example_dags/example_latest_only.py
[2021-08-28 23:52:42,932] {processor.py:623} INFO - DAG(s) dict_keys(['latest_only']) retrieved from /home/paolo/Documents/Github/case-study-1-october2020-data-sweepers/DataExtraction/ENV/lib/python3.8/site-packages/airflow/example_dags/example_latest_only.py
[2021-08-28 23:52:42,944] {logging_mixin.py:109} INFO - [2021-08-28 23:52:42,944] {dag.py:1833} INFO - Sync 1 DAGs
[2021-08-28 23:52:42,956] {logging_mixin.py:109} INFO - [2021-08-28 23:52:42,955] {dag.py:2306} INFO - Setting next_dagrun for latest_only to 2021-08-26 00:00:00+00:00
[2021-08-28 23:52:42,972] {processor.py:170} INFO - Processing /home/paolo/Documents/Github/case-study-1-october2020-data-sweepers/DataExtraction/ENV/lib/python3.8/site-packages/airflow/example_dags/example_latest_only.py took 0.054 seconds
[2021-08-28 23:53:16,275] {processor.py:162} INFO - Started process (PID=15654) to work on /home/paolo/Documents/Github/case-study-1-october2020-data-sweepers/DataExtraction/ENV/lib/python3.8/site-packages/airflow/example_dags/example_latest_only.py
[2021-08-28 23:53:16,277] {processor.py:613} INFO - Processing file /home/paolo/Documents/Github/case-study-1-october2020-data-sweepers/DataExtraction/ENV/lib/python3.8/site-packages/airflow/example_dags/example_latest_only.py for tasks to queue
[2021-08-28 23:53:16,277] {logging_mixin.py:109} INFO - [2021-08-28 23:53:16,277] {dagbag.py:496} INFO - Filling up the DagBag from /home/paolo/Documents/Github/case-study-1-october2020-data-sweepers/DataExtraction/ENV/lib/python3.8/site-packages/airflow/example_dags/example_latest_only.py
[2021-08-28 23:53:16,289] {processor.py:623} INFO - DAG(s) dict_keys(['latest_only']) retrieved from /home/paolo/Documents/Github/case-study-1-october2020-data-sweepers/DataExtraction/ENV/lib/python3.8/site-packages/airflow/example_dags/example_latest_only.py
[2021-08-28 23:53:16,304] {logging_mixin.py:109} INFO - [2021-08-28 23:53:16,303] {dag.py:1833} INFO - Sync 1 DAGs
[2021-08-28 23:53:16,317] {logging_mixin.py:109} INFO - [2021-08-28 23:53:16,317] {dag.py:2306} INFO - Setting next_dagrun for latest_only to 2021-08-26 00:00:00+00:00
[2021-08-28 23:53:16,337] {processor.py:170} INFO - Processing /home/paolo/Documents/Github/case-study-1-october2020-data-sweepers/DataExtraction/ENV/lib/python3.8/site-packages/airflow/example_dags/example_latest_only.py took 0.064 seconds
[2021-08-28 23:53:47,519] {processor.py:162} INFO - Started process (PID=15819) to work on /home/paolo/Documents/Github/case-study-1-october2020-data-sweepers/DataExtraction/ENV/lib/python3.8/site-packages/airflow/example_dags/example_latest_only.py
[2021-08-28 23:53:47,520] {processor.py:613} INFO - Processing file /home/paolo/Documents/Github/case-study-1-october2020-data-sweepers/DataExtraction/ENV/lib/python3.8/site-packages/airflow/example_dags/example_latest_only.py for tasks to queue
[2021-08-28 23:53:47,521] {logging_mixin.py:109} INFO - [2021-08-28 23:53:47,520] {dagbag.py:496} INFO - Filling up the DagBag from /home/paolo/Documents/Github/case-study-1-october2020-data-sweepers/DataExtraction/ENV/lib/python3.8/site-packages/airflow/example_dags/example_latest_only.py
[2021-08-28 23:53:47,531] {processor.py:623} INFO - DAG(s) dict_keys(['latest_only']) retrieved from /home/paolo/Documents/Github/case-study-1-october2020-data-sweepers/DataExtraction/ENV/lib/python3.8/site-packages/airflow/example_dags/example_latest_only.py
[2021-08-28 23:53:47,544] {logging_mixin.py:109} INFO - [2021-08-28 23:53:47,544] {dag.py:1833} INFO - Sync 1 DAGs
[2021-08-28 23:53:47,554] {logging_mixin.py:109} INFO - [2021-08-28 23:53:47,554] {dag.py:2306} INFO - Setting next_dagrun for latest_only to 2021-08-26 00:00:00+00:00
[2021-08-28 23:53:47,572] {processor.py:170} INFO - Processing /home/paolo/Documents/Github/case-study-1-october2020-data-sweepers/DataExtraction/ENV/lib/python3.8/site-packages/airflow/example_dags/example_latest_only.py took 0.056 seconds
[2021-08-28 23:56:12,638] {processor.py:162} INFO - Started process (PID=16371) to work on /home/paolo/Documents/Github/case-study-1-october2020-data-sweepers/DataExtraction/ENV/lib/python3.8/site-packages/airflow/example_dags/example_latest_only.py
[2021-08-28 23:56:12,639] {processor.py:613} INFO - Processing file /home/paolo/Documents/Github/case-study-1-october2020-data-sweepers/DataExtraction/ENV/lib/python3.8/site-packages/airflow/example_dags/example_latest_only.py for tasks to queue
[2021-08-28 23:56:12,640] {logging_mixin.py:109} INFO - [2021-08-28 23:56:12,640] {dagbag.py:496} INFO - Filling up the DagBag from /home/paolo/Documents/Github/case-study-1-october2020-data-sweepers/DataExtraction/ENV/lib/python3.8/site-packages/airflow/example_dags/example_latest_only.py
[2021-08-28 23:56:12,663] {processor.py:623} INFO - DAG(s) dict_keys(['latest_only']) retrieved from /home/paolo/Documents/Github/case-study-1-october2020-data-sweepers/DataExtraction/ENV/lib/python3.8/site-packages/airflow/example_dags/example_latest_only.py
[2021-08-28 23:56:12,686] {logging_mixin.py:109} INFO - [2021-08-28 23:56:12,686] {dag.py:1833} INFO - Sync 1 DAGs
[2021-08-28 23:56:12,717] {logging_mixin.py:109} INFO - [2021-08-28 23:56:12,716] {dag.py:2306} INFO - Setting next_dagrun for latest_only to 2021-08-26 00:00:00+00:00
[2021-08-28 23:56:12,745] {processor.py:170} INFO - Processing /home/paolo/Documents/Github/case-study-1-october2020-data-sweepers/DataExtraction/ENV/lib/python3.8/site-packages/airflow/example_dags/example_latest_only.py took 0.109 seconds
[2021-08-28 23:56:54,278] {processor.py:162} INFO - Started process (PID=16680) to work on /home/paolo/Documents/Github/case-study-1-october2020-data-sweepers/DataExtraction/ENV/lib/python3.8/site-packages/airflow/example_dags/example_latest_only.py
[2021-08-28 23:56:54,280] {processor.py:613} INFO - Processing file /home/paolo/Documents/Github/case-study-1-october2020-data-sweepers/DataExtraction/ENV/lib/python3.8/site-packages/airflow/example_dags/example_latest_only.py for tasks to queue
[2021-08-28 23:56:54,281] {logging_mixin.py:109} INFO - [2021-08-28 23:56:54,281] {dagbag.py:496} INFO - Filling up the DagBag from /home/paolo/Documents/Github/case-study-1-october2020-data-sweepers/DataExtraction/ENV/lib/python3.8/site-packages/airflow/example_dags/example_latest_only.py
[2021-08-28 23:56:54,307] {processor.py:623} INFO - DAG(s) dict_keys(['latest_only']) retrieved from /home/paolo/Documents/Github/case-study-1-october2020-data-sweepers/DataExtraction/ENV/lib/python3.8/site-packages/airflow/example_dags/example_latest_only.py
[2021-08-28 23:56:54,325] {logging_mixin.py:109} INFO - [2021-08-28 23:56:54,325] {dag.py:1833} INFO - Sync 1 DAGs
[2021-08-28 23:56:54,344] {logging_mixin.py:109} INFO - [2021-08-28 23:56:54,344] {dag.py:2306} INFO - Setting next_dagrun for latest_only to 2021-08-26 00:00:00+00:00
[2021-08-28 23:56:54,369] {processor.py:170} INFO - Processing /home/paolo/Documents/Github/case-study-1-october2020-data-sweepers/DataExtraction/ENV/lib/python3.8/site-packages/airflow/example_dags/example_latest_only.py took 0.096 seconds
[2021-08-28 23:57:30,849] {processor.py:162} INFO - Started process (PID=16987) to work on /home/paolo/Documents/Github/case-study-1-october2020-data-sweepers/DataExtraction/ENV/lib/python3.8/site-packages/airflow/example_dags/example_latest_only.py
[2021-08-28 23:57:30,851] {processor.py:613} INFO - Processing file /home/paolo/Documents/Github/case-study-1-october2020-data-sweepers/DataExtraction/ENV/lib/python3.8/site-packages/airflow/example_dags/example_latest_only.py for tasks to queue
[2021-08-28 23:57:30,852] {logging_mixin.py:109} INFO - [2021-08-28 23:57:30,852] {dagbag.py:496} INFO - Filling up the DagBag from /home/paolo/Documents/Github/case-study-1-october2020-data-sweepers/DataExtraction/ENV/lib/python3.8/site-packages/airflow/example_dags/example_latest_only.py
[2021-08-28 23:57:30,867] {processor.py:623} INFO - DAG(s) dict_keys(['latest_only']) retrieved from /home/paolo/Documents/Github/case-study-1-october2020-data-sweepers/DataExtraction/ENV/lib/python3.8/site-packages/airflow/example_dags/example_latest_only.py
[2021-08-28 23:57:30,891] {logging_mixin.py:109} INFO - [2021-08-28 23:57:30,891] {dag.py:1833} INFO - Sync 1 DAGs
[2021-08-28 23:57:30,924] {logging_mixin.py:109} INFO - [2021-08-28 23:57:30,923] {dag.py:2306} INFO - Setting next_dagrun for latest_only to 2021-08-26 00:00:00+00:00
[2021-08-28 23:57:30,952] {processor.py:170} INFO - Processing /home/paolo/Documents/Github/case-study-1-october2020-data-sweepers/DataExtraction/ENV/lib/python3.8/site-packages/airflow/example_dags/example_latest_only.py took 0.106 seconds
[2021-08-28 23:58:14,299] {processor.py:162} INFO - Started process (PID=17353) to work on /home/paolo/Documents/Github/case-study-1-october2020-data-sweepers/DataExtraction/ENV/lib/python3.8/site-packages/airflow/example_dags/example_latest_only.py
[2021-08-28 23:58:14,301] {processor.py:613} INFO - Processing file /home/paolo/Documents/Github/case-study-1-october2020-data-sweepers/DataExtraction/ENV/lib/python3.8/site-packages/airflow/example_dags/example_latest_only.py for tasks to queue
[2021-08-28 23:58:14,301] {logging_mixin.py:109} INFO - [2021-08-28 23:58:14,301] {dagbag.py:496} INFO - Filling up the DagBag from /home/paolo/Documents/Github/case-study-1-october2020-data-sweepers/DataExtraction/ENV/lib/python3.8/site-packages/airflow/example_dags/example_latest_only.py
[2021-08-28 23:58:14,311] {processor.py:623} INFO - DAG(s) dict_keys(['latest_only']) retrieved from /home/paolo/Documents/Github/case-study-1-october2020-data-sweepers/DataExtraction/ENV/lib/python3.8/site-packages/airflow/example_dags/example_latest_only.py
[2021-08-28 23:58:14,326] {logging_mixin.py:109} INFO - [2021-08-28 23:58:14,326] {dag.py:1833} INFO - Sync 1 DAGs
[2021-08-28 23:58:14,341] {logging_mixin.py:109} INFO - [2021-08-28 23:58:14,341] {dag.py:2306} INFO - Setting next_dagrun for latest_only to 2021-08-26 00:00:00+00:00
[2021-08-28 23:58:14,363] {processor.py:170} INFO - Processing /home/paolo/Documents/Github/case-study-1-october2020-data-sweepers/DataExtraction/ENV/lib/python3.8/site-packages/airflow/example_dags/example_latest_only.py took 0.065 seconds
