[2021-08-28 23:37:18,802] {processor.py:162} INFO - Started process (PID=13057) to work on /home/paolo/Documents/Github/case-study-1-october2020-data-sweepers/DataExtraction/ENV/lib/python3.8/site-packages/airflow/example_dags/tutorial.py
[2021-08-28 23:37:18,803] {processor.py:613} INFO - Processing file /home/paolo/Documents/Github/case-study-1-october2020-data-sweepers/DataExtraction/ENV/lib/python3.8/site-packages/airflow/example_dags/tutorial.py for tasks to queue
[2021-08-28 23:37:18,804] {logging_mixin.py:109} INFO - [2021-08-28 23:37:18,804] {dagbag.py:496} INFO - Filling up the DagBag from /home/paolo/Documents/Github/case-study-1-october2020-data-sweepers/DataExtraction/ENV/lib/python3.8/site-packages/airflow/example_dags/tutorial.py
[2021-08-28 23:37:18,815] {processor.py:623} INFO - DAG(s) dict_keys(['tutorial']) retrieved from /home/paolo/Documents/Github/case-study-1-october2020-data-sweepers/DataExtraction/ENV/lib/python3.8/site-packages/airflow/example_dags/tutorial.py
[2021-08-28 23:37:18,828] {logging_mixin.py:109} INFO - [2021-08-28 23:37:18,828] {dag.py:1833} INFO - Sync 1 DAGs
[2021-08-28 23:37:18,839] {logging_mixin.py:109} INFO - [2021-08-28 23:37:18,839] {dag.py:2306} INFO - Setting next_dagrun for tutorial to 2021-08-26 00:00:00+00:00
[2021-08-28 23:37:18,858] {processor.py:170} INFO - Processing /home/paolo/Documents/Github/case-study-1-october2020-data-sweepers/DataExtraction/ENV/lib/python3.8/site-packages/airflow/example_dags/tutorial.py took 0.058 seconds
[2021-08-28 23:37:55,155] {processor.py:162} INFO - Started process (PID=13217) to work on /home/paolo/Documents/Github/case-study-1-october2020-data-sweepers/DataExtraction/ENV/lib/python3.8/site-packages/airflow/example_dags/tutorial.py
[2021-08-28 23:37:55,156] {processor.py:613} INFO - Processing file /home/paolo/Documents/Github/case-study-1-october2020-data-sweepers/DataExtraction/ENV/lib/python3.8/site-packages/airflow/example_dags/tutorial.py for tasks to queue
[2021-08-28 23:37:55,157] {logging_mixin.py:109} INFO - [2021-08-28 23:37:55,157] {dagbag.py:496} INFO - Filling up the DagBag from /home/paolo/Documents/Github/case-study-1-october2020-data-sweepers/DataExtraction/ENV/lib/python3.8/site-packages/airflow/example_dags/tutorial.py
[2021-08-28 23:37:55,169] {processor.py:623} INFO - DAG(s) dict_keys(['tutorial']) retrieved from /home/paolo/Documents/Github/case-study-1-october2020-data-sweepers/DataExtraction/ENV/lib/python3.8/site-packages/airflow/example_dags/tutorial.py
[2021-08-28 23:37:55,182] {logging_mixin.py:109} INFO - [2021-08-28 23:37:55,182] {dag.py:1833} INFO - Sync 1 DAGs
[2021-08-28 23:37:55,193] {logging_mixin.py:109} INFO - [2021-08-28 23:37:55,193] {dag.py:2306} INFO - Setting next_dagrun for tutorial to 2021-08-26 00:00:00+00:00
[2021-08-28 23:37:55,211] {processor.py:170} INFO - Processing /home/paolo/Documents/Github/case-study-1-october2020-data-sweepers/DataExtraction/ENV/lib/python3.8/site-packages/airflow/example_dags/tutorial.py took 0.058 seconds
[2021-08-28 23:38:36,986] {processor.py:162} INFO - Started process (PID=13311) to work on /home/paolo/Documents/Github/case-study-1-october2020-data-sweepers/DataExtraction/ENV/lib/python3.8/site-packages/airflow/example_dags/tutorial.py
[2021-08-28 23:38:36,989] {processor.py:613} INFO - Processing file /home/paolo/Documents/Github/case-study-1-october2020-data-sweepers/DataExtraction/ENV/lib/python3.8/site-packages/airflow/example_dags/tutorial.py for tasks to queue
[2021-08-28 23:38:36,993] {logging_mixin.py:109} INFO - [2021-08-28 23:38:36,993] {dagbag.py:496} INFO - Filling up the DagBag from /home/paolo/Documents/Github/case-study-1-october2020-data-sweepers/DataExtraction/ENV/lib/python3.8/site-packages/airflow/example_dags/tutorial.py
[2021-08-28 23:38:37,018] {processor.py:623} INFO - DAG(s) dict_keys(['tutorial']) retrieved from /home/paolo/Documents/Github/case-study-1-october2020-data-sweepers/DataExtraction/ENV/lib/python3.8/site-packages/airflow/example_dags/tutorial.py
[2021-08-28 23:38:37,048] {logging_mixin.py:109} INFO - [2021-08-28 23:38:37,047] {dag.py:1833} INFO - Sync 1 DAGs
[2021-08-28 23:38:37,087] {logging_mixin.py:109} INFO - [2021-08-28 23:38:37,087] {dag.py:2306} INFO - Setting next_dagrun for tutorial to 2021-08-26 00:00:00+00:00
[2021-08-28 23:38:37,131] {processor.py:170} INFO - Processing /home/paolo/Documents/Github/case-study-1-october2020-data-sweepers/DataExtraction/ENV/lib/python3.8/site-packages/airflow/example_dags/tutorial.py took 0.149 seconds
[2021-08-28 23:39:11,565] {processor.py:162} INFO - Started process (PID=13407) to work on /home/paolo/Documents/Github/case-study-1-october2020-data-sweepers/DataExtraction/ENV/lib/python3.8/site-packages/airflow/example_dags/tutorial.py
[2021-08-28 23:39:11,567] {processor.py:613} INFO - Processing file /home/paolo/Documents/Github/case-study-1-october2020-data-sweepers/DataExtraction/ENV/lib/python3.8/site-packages/airflow/example_dags/tutorial.py for tasks to queue
[2021-08-28 23:39:11,568] {logging_mixin.py:109} INFO - [2021-08-28 23:39:11,568] {dagbag.py:496} INFO - Filling up the DagBag from /home/paolo/Documents/Github/case-study-1-october2020-data-sweepers/DataExtraction/ENV/lib/python3.8/site-packages/airflow/example_dags/tutorial.py
[2021-08-28 23:39:11,585] {processor.py:623} INFO - DAG(s) dict_keys(['tutorial']) retrieved from /home/paolo/Documents/Github/case-study-1-october2020-data-sweepers/DataExtraction/ENV/lib/python3.8/site-packages/airflow/example_dags/tutorial.py
[2021-08-28 23:39:11,609] {logging_mixin.py:109} INFO - [2021-08-28 23:39:11,609] {dag.py:1833} INFO - Sync 1 DAGs
[2021-08-28 23:39:11,628] {logging_mixin.py:109} INFO - [2021-08-28 23:39:11,628] {dag.py:2306} INFO - Setting next_dagrun for tutorial to 2021-08-26 00:00:00+00:00
[2021-08-28 23:39:11,648] {processor.py:170} INFO - Processing /home/paolo/Documents/Github/case-study-1-october2020-data-sweepers/DataExtraction/ENV/lib/python3.8/site-packages/airflow/example_dags/tutorial.py took 0.085 seconds
[2021-08-28 23:39:45,878] {processor.py:162} INFO - Started process (PID=13591) to work on /home/paolo/Documents/Github/case-study-1-october2020-data-sweepers/DataExtraction/ENV/lib/python3.8/site-packages/airflow/example_dags/tutorial.py
[2021-08-28 23:39:45,880] {processor.py:613} INFO - Processing file /home/paolo/Documents/Github/case-study-1-october2020-data-sweepers/DataExtraction/ENV/lib/python3.8/site-packages/airflow/example_dags/tutorial.py for tasks to queue
[2021-08-28 23:39:45,881] {logging_mixin.py:109} INFO - [2021-08-28 23:39:45,881] {dagbag.py:496} INFO - Filling up the DagBag from /home/paolo/Documents/Github/case-study-1-october2020-data-sweepers/DataExtraction/ENV/lib/python3.8/site-packages/airflow/example_dags/tutorial.py
[2021-08-28 23:39:45,910] {processor.py:623} INFO - DAG(s) dict_keys(['tutorial']) retrieved from /home/paolo/Documents/Github/case-study-1-october2020-data-sweepers/DataExtraction/ENV/lib/python3.8/site-packages/airflow/example_dags/tutorial.py
[2021-08-28 23:39:45,930] {logging_mixin.py:109} INFO - [2021-08-28 23:39:45,930] {dag.py:1833} INFO - Sync 1 DAGs
[2021-08-28 23:39:45,946] {logging_mixin.py:109} INFO - [2021-08-28 23:39:45,946] {dag.py:2306} INFO - Setting next_dagrun for tutorial to 2021-08-26 00:00:00+00:00
[2021-08-28 23:39:45,965] {processor.py:170} INFO - Processing /home/paolo/Documents/Github/case-study-1-october2020-data-sweepers/DataExtraction/ENV/lib/python3.8/site-packages/airflow/example_dags/tutorial.py took 0.092 seconds
[2021-08-28 23:40:21,881] {processor.py:162} INFO - Started process (PID=13791) to work on /home/paolo/Documents/Github/case-study-1-october2020-data-sweepers/DataExtraction/ENV/lib/python3.8/site-packages/airflow/example_dags/tutorial.py
[2021-08-28 23:40:21,882] {processor.py:613} INFO - Processing file /home/paolo/Documents/Github/case-study-1-october2020-data-sweepers/DataExtraction/ENV/lib/python3.8/site-packages/airflow/example_dags/tutorial.py for tasks to queue
[2021-08-28 23:40:21,883] {logging_mixin.py:109} INFO - [2021-08-28 23:40:21,883] {dagbag.py:496} INFO - Filling up the DagBag from /home/paolo/Documents/Github/case-study-1-october2020-data-sweepers/DataExtraction/ENV/lib/python3.8/site-packages/airflow/example_dags/tutorial.py
[2021-08-28 23:40:21,920] {processor.py:623} INFO - DAG(s) dict_keys(['tutorial']) retrieved from /home/paolo/Documents/Github/case-study-1-october2020-data-sweepers/DataExtraction/ENV/lib/python3.8/site-packages/airflow/example_dags/tutorial.py
[2021-08-28 23:40:21,953] {logging_mixin.py:109} INFO - [2021-08-28 23:40:21,952] {dag.py:1833} INFO - Sync 1 DAGs
[2021-08-28 23:40:21,976] {logging_mixin.py:109} INFO - [2021-08-28 23:40:21,976] {dag.py:2306} INFO - Setting next_dagrun for tutorial to 2021-08-26 00:00:00+00:00
[2021-08-28 23:40:21,998] {processor.py:170} INFO - Processing /home/paolo/Documents/Github/case-study-1-october2020-data-sweepers/DataExtraction/ENV/lib/python3.8/site-packages/airflow/example_dags/tutorial.py took 0.122 seconds
[2021-08-28 23:40:58,378] {processor.py:162} INFO - Started process (PID=13978) to work on /home/paolo/Documents/Github/case-study-1-october2020-data-sweepers/DataExtraction/ENV/lib/python3.8/site-packages/airflow/example_dags/tutorial.py
[2021-08-28 23:40:58,380] {processor.py:613} INFO - Processing file /home/paolo/Documents/Github/case-study-1-october2020-data-sweepers/DataExtraction/ENV/lib/python3.8/site-packages/airflow/example_dags/tutorial.py for tasks to queue
[2021-08-28 23:40:58,381] {logging_mixin.py:109} INFO - [2021-08-28 23:40:58,380] {dagbag.py:496} INFO - Filling up the DagBag from /home/paolo/Documents/Github/case-study-1-october2020-data-sweepers/DataExtraction/ENV/lib/python3.8/site-packages/airflow/example_dags/tutorial.py
[2021-08-28 23:40:58,403] {processor.py:623} INFO - DAG(s) dict_keys(['tutorial']) retrieved from /home/paolo/Documents/Github/case-study-1-october2020-data-sweepers/DataExtraction/ENV/lib/python3.8/site-packages/airflow/example_dags/tutorial.py
[2021-08-28 23:40:58,433] {logging_mixin.py:109} INFO - [2021-08-28 23:40:58,433] {dag.py:1833} INFO - Sync 1 DAGs
[2021-08-28 23:40:58,458] {logging_mixin.py:109} INFO - [2021-08-28 23:40:58,458] {dag.py:2306} INFO - Setting next_dagrun for tutorial to 2021-08-26 00:00:00+00:00
[2021-08-28 23:40:58,493] {processor.py:170} INFO - Processing /home/paolo/Documents/Github/case-study-1-october2020-data-sweepers/DataExtraction/ENV/lib/python3.8/site-packages/airflow/example_dags/tutorial.py took 0.118 seconds
[2021-08-28 23:41:36,298] {processor.py:162} INFO - Started process (PID=14101) to work on /home/paolo/Documents/Github/case-study-1-october2020-data-sweepers/DataExtraction/ENV/lib/python3.8/site-packages/airflow/example_dags/tutorial.py
[2021-08-28 23:41:36,299] {processor.py:613} INFO - Processing file /home/paolo/Documents/Github/case-study-1-october2020-data-sweepers/DataExtraction/ENV/lib/python3.8/site-packages/airflow/example_dags/tutorial.py for tasks to queue
[2021-08-28 23:41:36,300] {logging_mixin.py:109} INFO - [2021-08-28 23:41:36,300] {dagbag.py:496} INFO - Filling up the DagBag from /home/paolo/Documents/Github/case-study-1-october2020-data-sweepers/DataExtraction/ENV/lib/python3.8/site-packages/airflow/example_dags/tutorial.py
[2021-08-28 23:41:36,311] {processor.py:623} INFO - DAG(s) dict_keys(['tutorial']) retrieved from /home/paolo/Documents/Github/case-study-1-october2020-data-sweepers/DataExtraction/ENV/lib/python3.8/site-packages/airflow/example_dags/tutorial.py
[2021-08-28 23:41:36,324] {logging_mixin.py:109} INFO - [2021-08-28 23:41:36,324] {dag.py:1833} INFO - Sync 1 DAGs
[2021-08-28 23:41:36,333] {logging_mixin.py:109} INFO - [2021-08-28 23:41:36,333] {dag.py:2306} INFO - Setting next_dagrun for tutorial to 2021-08-26 00:00:00+00:00
[2021-08-28 23:41:36,348] {processor.py:170} INFO - Processing /home/paolo/Documents/Github/case-study-1-october2020-data-sweepers/DataExtraction/ENV/lib/python3.8/site-packages/airflow/example_dags/tutorial.py took 0.052 seconds
[2021-08-28 23:42:08,125] {processor.py:162} INFO - Started process (PID=14165) to work on /home/paolo/Documents/Github/case-study-1-october2020-data-sweepers/DataExtraction/ENV/lib/python3.8/site-packages/airflow/example_dags/tutorial.py
[2021-08-28 23:42:08,126] {processor.py:613} INFO - Processing file /home/paolo/Documents/Github/case-study-1-october2020-data-sweepers/DataExtraction/ENV/lib/python3.8/site-packages/airflow/example_dags/tutorial.py for tasks to queue
[2021-08-28 23:42:08,127] {logging_mixin.py:109} INFO - [2021-08-28 23:42:08,127] {dagbag.py:496} INFO - Filling up the DagBag from /home/paolo/Documents/Github/case-study-1-october2020-data-sweepers/DataExtraction/ENV/lib/python3.8/site-packages/airflow/example_dags/tutorial.py
[2021-08-28 23:42:08,135] {processor.py:623} INFO - DAG(s) dict_keys(['tutorial']) retrieved from /home/paolo/Documents/Github/case-study-1-october2020-data-sweepers/DataExtraction/ENV/lib/python3.8/site-packages/airflow/example_dags/tutorial.py
[2021-08-28 23:42:08,146] {logging_mixin.py:109} INFO - [2021-08-28 23:42:08,146] {dag.py:1833} INFO - Sync 1 DAGs
[2021-08-28 23:42:08,156] {logging_mixin.py:109} INFO - [2021-08-28 23:42:08,156] {dag.py:2306} INFO - Setting next_dagrun for tutorial to 2021-08-26 00:00:00+00:00
[2021-08-28 23:42:08,166] {processor.py:170} INFO - Processing /home/paolo/Documents/Github/case-study-1-october2020-data-sweepers/DataExtraction/ENV/lib/python3.8/site-packages/airflow/example_dags/tutorial.py took 0.044 seconds
[2021-08-28 23:42:40,385] {processor.py:162} INFO - Started process (PID=14271) to work on /home/paolo/Documents/Github/case-study-1-october2020-data-sweepers/DataExtraction/ENV/lib/python3.8/site-packages/airflow/example_dags/tutorial.py
[2021-08-28 23:42:40,387] {processor.py:613} INFO - Processing file /home/paolo/Documents/Github/case-study-1-october2020-data-sweepers/DataExtraction/ENV/lib/python3.8/site-packages/airflow/example_dags/tutorial.py for tasks to queue
[2021-08-28 23:42:40,388] {logging_mixin.py:109} INFO - [2021-08-28 23:42:40,388] {dagbag.py:496} INFO - Filling up the DagBag from /home/paolo/Documents/Github/case-study-1-october2020-data-sweepers/DataExtraction/ENV/lib/python3.8/site-packages/airflow/example_dags/tutorial.py
[2021-08-28 23:42:40,408] {processor.py:623} INFO - DAG(s) dict_keys(['tutorial']) retrieved from /home/paolo/Documents/Github/case-study-1-october2020-data-sweepers/DataExtraction/ENV/lib/python3.8/site-packages/airflow/example_dags/tutorial.py
[2021-08-28 23:42:40,420] {logging_mixin.py:109} INFO - [2021-08-28 23:42:40,420] {dag.py:1833} INFO - Sync 1 DAGs
[2021-08-28 23:42:40,429] {logging_mixin.py:109} INFO - [2021-08-28 23:42:40,429] {dag.py:2306} INFO - Setting next_dagrun for tutorial to 2021-08-26 00:00:00+00:00
[2021-08-28 23:42:40,444] {processor.py:170} INFO - Processing /home/paolo/Documents/Github/case-study-1-october2020-data-sweepers/DataExtraction/ENV/lib/python3.8/site-packages/airflow/example_dags/tutorial.py took 0.063 seconds
[2021-08-28 23:43:13,900] {processor.py:162} INFO - Started process (PID=14348) to work on /home/paolo/Documents/Github/case-study-1-october2020-data-sweepers/DataExtraction/ENV/lib/python3.8/site-packages/airflow/example_dags/tutorial.py
[2021-08-28 23:43:13,902] {processor.py:613} INFO - Processing file /home/paolo/Documents/Github/case-study-1-october2020-data-sweepers/DataExtraction/ENV/lib/python3.8/site-packages/airflow/example_dags/tutorial.py for tasks to queue
[2021-08-28 23:43:13,902] {logging_mixin.py:109} INFO - [2021-08-28 23:43:13,902] {dagbag.py:496} INFO - Filling up the DagBag from /home/paolo/Documents/Github/case-study-1-october2020-data-sweepers/DataExtraction/ENV/lib/python3.8/site-packages/airflow/example_dags/tutorial.py
[2021-08-28 23:43:13,913] {processor.py:623} INFO - DAG(s) dict_keys(['tutorial']) retrieved from /home/paolo/Documents/Github/case-study-1-october2020-data-sweepers/DataExtraction/ENV/lib/python3.8/site-packages/airflow/example_dags/tutorial.py
[2021-08-28 23:43:13,924] {logging_mixin.py:109} INFO - [2021-08-28 23:43:13,924] {dag.py:1833} INFO - Sync 1 DAGs
[2021-08-28 23:43:13,934] {logging_mixin.py:109} INFO - [2021-08-28 23:43:13,934] {dag.py:2306} INFO - Setting next_dagrun for tutorial to 2021-08-26 00:00:00+00:00
[2021-08-28 23:43:13,951] {processor.py:170} INFO - Processing /home/paolo/Documents/Github/case-study-1-october2020-data-sweepers/DataExtraction/ENV/lib/python3.8/site-packages/airflow/example_dags/tutorial.py took 0.053 seconds
[2021-08-28 23:43:45,142] {processor.py:162} INFO - Started process (PID=14417) to work on /home/paolo/Documents/Github/case-study-1-october2020-data-sweepers/DataExtraction/ENV/lib/python3.8/site-packages/airflow/example_dags/tutorial.py
[2021-08-28 23:43:45,144] {processor.py:613} INFO - Processing file /home/paolo/Documents/Github/case-study-1-october2020-data-sweepers/DataExtraction/ENV/lib/python3.8/site-packages/airflow/example_dags/tutorial.py for tasks to queue
[2021-08-28 23:43:45,145] {logging_mixin.py:109} INFO - [2021-08-28 23:43:45,145] {dagbag.py:496} INFO - Filling up the DagBag from /home/paolo/Documents/Github/case-study-1-october2020-data-sweepers/DataExtraction/ENV/lib/python3.8/site-packages/airflow/example_dags/tutorial.py
[2021-08-28 23:43:45,155] {processor.py:623} INFO - DAG(s) dict_keys(['tutorial']) retrieved from /home/paolo/Documents/Github/case-study-1-october2020-data-sweepers/DataExtraction/ENV/lib/python3.8/site-packages/airflow/example_dags/tutorial.py
[2021-08-28 23:43:45,166] {logging_mixin.py:109} INFO - [2021-08-28 23:43:45,166] {dag.py:1833} INFO - Sync 1 DAGs
[2021-08-28 23:43:45,176] {logging_mixin.py:109} INFO - [2021-08-28 23:43:45,175] {dag.py:2306} INFO - Setting next_dagrun for tutorial to 2021-08-26 00:00:00+00:00
[2021-08-28 23:43:45,192] {processor.py:170} INFO - Processing /home/paolo/Documents/Github/case-study-1-october2020-data-sweepers/DataExtraction/ENV/lib/python3.8/site-packages/airflow/example_dags/tutorial.py took 0.052 seconds
[2021-08-28 23:44:16,869] {processor.py:162} INFO - Started process (PID=14476) to work on /home/paolo/Documents/Github/case-study-1-october2020-data-sweepers/DataExtraction/ENV/lib/python3.8/site-packages/airflow/example_dags/tutorial.py
[2021-08-28 23:44:16,870] {processor.py:613} INFO - Processing file /home/paolo/Documents/Github/case-study-1-october2020-data-sweepers/DataExtraction/ENV/lib/python3.8/site-packages/airflow/example_dags/tutorial.py for tasks to queue
[2021-08-28 23:44:16,870] {logging_mixin.py:109} INFO - [2021-08-28 23:44:16,870] {dagbag.py:496} INFO - Filling up the DagBag from /home/paolo/Documents/Github/case-study-1-october2020-data-sweepers/DataExtraction/ENV/lib/python3.8/site-packages/airflow/example_dags/tutorial.py
[2021-08-28 23:44:16,885] {processor.py:623} INFO - DAG(s) dict_keys(['tutorial']) retrieved from /home/paolo/Documents/Github/case-study-1-october2020-data-sweepers/DataExtraction/ENV/lib/python3.8/site-packages/airflow/example_dags/tutorial.py
[2021-08-28 23:44:16,897] {logging_mixin.py:109} INFO - [2021-08-28 23:44:16,897] {dag.py:1833} INFO - Sync 1 DAGs
[2021-08-28 23:44:16,906] {logging_mixin.py:109} INFO - [2021-08-28 23:44:16,906] {dag.py:2306} INFO - Setting next_dagrun for tutorial to 2021-08-26 00:00:00+00:00
[2021-08-28 23:44:16,922] {processor.py:170} INFO - Processing /home/paolo/Documents/Github/case-study-1-october2020-data-sweepers/DataExtraction/ENV/lib/python3.8/site-packages/airflow/example_dags/tutorial.py took 0.055 seconds
[2021-08-28 23:44:55,642] {processor.py:162} INFO - Started process (PID=14562) to work on /home/paolo/Documents/Github/case-study-1-october2020-data-sweepers/DataExtraction/ENV/lib/python3.8/site-packages/airflow/example_dags/tutorial.py
[2021-08-28 23:44:55,648] {processor.py:613} INFO - Processing file /home/paolo/Documents/Github/case-study-1-october2020-data-sweepers/DataExtraction/ENV/lib/python3.8/site-packages/airflow/example_dags/tutorial.py for tasks to queue
[2021-08-28 23:44:55,649] {logging_mixin.py:109} INFO - [2021-08-28 23:44:55,649] {dagbag.py:496} INFO - Filling up the DagBag from /home/paolo/Documents/Github/case-study-1-october2020-data-sweepers/DataExtraction/ENV/lib/python3.8/site-packages/airflow/example_dags/tutorial.py
[2021-08-28 23:44:55,682] {processor.py:623} INFO - DAG(s) dict_keys(['tutorial']) retrieved from /home/paolo/Documents/Github/case-study-1-october2020-data-sweepers/DataExtraction/ENV/lib/python3.8/site-packages/airflow/example_dags/tutorial.py
[2021-08-28 23:44:55,716] {logging_mixin.py:109} INFO - [2021-08-28 23:44:55,716] {dag.py:1833} INFO - Sync 1 DAGs
[2021-08-28 23:44:55,734] {logging_mixin.py:109} INFO - [2021-08-28 23:44:55,734] {dag.py:2306} INFO - Setting next_dagrun for tutorial to 2021-08-26 00:00:00+00:00
[2021-08-28 23:44:55,770] {processor.py:170} INFO - Processing /home/paolo/Documents/Github/case-study-1-october2020-data-sweepers/DataExtraction/ENV/lib/python3.8/site-packages/airflow/example_dags/tutorial.py took 0.134 seconds
[2021-08-28 23:45:36,424] {processor.py:162} INFO - Started process (PID=14630) to work on /home/paolo/Documents/Github/case-study-1-october2020-data-sweepers/DataExtraction/ENV/lib/python3.8/site-packages/airflow/example_dags/tutorial.py
[2021-08-28 23:45:36,426] {processor.py:613} INFO - Processing file /home/paolo/Documents/Github/case-study-1-october2020-data-sweepers/DataExtraction/ENV/lib/python3.8/site-packages/airflow/example_dags/tutorial.py for tasks to queue
[2021-08-28 23:45:36,427] {logging_mixin.py:109} INFO - [2021-08-28 23:45:36,427] {dagbag.py:496} INFO - Filling up the DagBag from /home/paolo/Documents/Github/case-study-1-october2020-data-sweepers/DataExtraction/ENV/lib/python3.8/site-packages/airflow/example_dags/tutorial.py
[2021-08-28 23:45:36,453] {processor.py:623} INFO - DAG(s) dict_keys(['tutorial']) retrieved from /home/paolo/Documents/Github/case-study-1-october2020-data-sweepers/DataExtraction/ENV/lib/python3.8/site-packages/airflow/example_dags/tutorial.py
[2021-08-28 23:45:36,482] {logging_mixin.py:109} INFO - [2021-08-28 23:45:36,482] {dag.py:1833} INFO - Sync 1 DAGs
[2021-08-28 23:45:36,503] {logging_mixin.py:109} INFO - [2021-08-28 23:45:36,503] {dag.py:2306} INFO - Setting next_dagrun for tutorial to 2021-08-26 00:00:00+00:00
[2021-08-28 23:45:36,541] {processor.py:170} INFO - Processing /home/paolo/Documents/Github/case-study-1-october2020-data-sweepers/DataExtraction/ENV/lib/python3.8/site-packages/airflow/example_dags/tutorial.py took 0.125 seconds
[2021-08-28 23:46:18,087] {processor.py:162} INFO - Started process (PID=14693) to work on /home/paolo/Documents/Github/case-study-1-october2020-data-sweepers/DataExtraction/ENV/lib/python3.8/site-packages/airflow/example_dags/tutorial.py
[2021-08-28 23:46:18,091] {processor.py:613} INFO - Processing file /home/paolo/Documents/Github/case-study-1-october2020-data-sweepers/DataExtraction/ENV/lib/python3.8/site-packages/airflow/example_dags/tutorial.py for tasks to queue
[2021-08-28 23:46:18,092] {logging_mixin.py:109} INFO - [2021-08-28 23:46:18,092] {dagbag.py:496} INFO - Filling up the DagBag from /home/paolo/Documents/Github/case-study-1-october2020-data-sweepers/DataExtraction/ENV/lib/python3.8/site-packages/airflow/example_dags/tutorial.py
[2021-08-28 23:46:18,121] {processor.py:623} INFO - DAG(s) dict_keys(['tutorial']) retrieved from /home/paolo/Documents/Github/case-study-1-october2020-data-sweepers/DataExtraction/ENV/lib/python3.8/site-packages/airflow/example_dags/tutorial.py
[2021-08-28 23:46:18,151] {logging_mixin.py:109} INFO - [2021-08-28 23:46:18,151] {dag.py:1833} INFO - Sync 1 DAGs
[2021-08-28 23:46:18,180] {logging_mixin.py:109} INFO - [2021-08-28 23:46:18,180] {dag.py:2306} INFO - Setting next_dagrun for tutorial to 2021-08-26 00:00:00+00:00
[2021-08-28 23:46:18,214] {processor.py:170} INFO - Processing /home/paolo/Documents/Github/case-study-1-october2020-data-sweepers/DataExtraction/ENV/lib/python3.8/site-packages/airflow/example_dags/tutorial.py took 0.131 seconds
[2021-08-28 23:46:56,211] {processor.py:162} INFO - Started process (PID=14773) to work on /home/paolo/Documents/Github/case-study-1-october2020-data-sweepers/DataExtraction/ENV/lib/python3.8/site-packages/airflow/example_dags/tutorial.py
[2021-08-28 23:46:56,213] {processor.py:613} INFO - Processing file /home/paolo/Documents/Github/case-study-1-october2020-data-sweepers/DataExtraction/ENV/lib/python3.8/site-packages/airflow/example_dags/tutorial.py for tasks to queue
[2021-08-28 23:46:56,220] {logging_mixin.py:109} INFO - [2021-08-28 23:46:56,220] {dagbag.py:496} INFO - Filling up the DagBag from /home/paolo/Documents/Github/case-study-1-october2020-data-sweepers/DataExtraction/ENV/lib/python3.8/site-packages/airflow/example_dags/tutorial.py
[2021-08-28 23:46:56,254] {processor.py:623} INFO - DAG(s) dict_keys(['tutorial']) retrieved from /home/paolo/Documents/Github/case-study-1-october2020-data-sweepers/DataExtraction/ENV/lib/python3.8/site-packages/airflow/example_dags/tutorial.py
[2021-08-28 23:46:56,283] {logging_mixin.py:109} INFO - [2021-08-28 23:46:56,283] {dag.py:1833} INFO - Sync 1 DAGs
[2021-08-28 23:46:56,309] {logging_mixin.py:109} INFO - [2021-08-28 23:46:56,308] {dag.py:2306} INFO - Setting next_dagrun for tutorial to 2021-08-26 00:00:00+00:00
[2021-08-28 23:46:56,334] {processor.py:170} INFO - Processing /home/paolo/Documents/Github/case-study-1-october2020-data-sweepers/DataExtraction/ENV/lib/python3.8/site-packages/airflow/example_dags/tutorial.py took 0.127 seconds
[2021-08-28 23:47:34,344] {processor.py:162} INFO - Started process (PID=14859) to work on /home/paolo/Documents/Github/case-study-1-october2020-data-sweepers/DataExtraction/ENV/lib/python3.8/site-packages/airflow/example_dags/tutorial.py
[2021-08-28 23:47:34,347] {processor.py:613} INFO - Processing file /home/paolo/Documents/Github/case-study-1-october2020-data-sweepers/DataExtraction/ENV/lib/python3.8/site-packages/airflow/example_dags/tutorial.py for tasks to queue
[2021-08-28 23:47:34,348] {logging_mixin.py:109} INFO - [2021-08-28 23:47:34,348] {dagbag.py:496} INFO - Filling up the DagBag from /home/paolo/Documents/Github/case-study-1-october2020-data-sweepers/DataExtraction/ENV/lib/python3.8/site-packages/airflow/example_dags/tutorial.py
[2021-08-28 23:47:34,382] {processor.py:623} INFO - DAG(s) dict_keys(['tutorial']) retrieved from /home/paolo/Documents/Github/case-study-1-october2020-data-sweepers/DataExtraction/ENV/lib/python3.8/site-packages/airflow/example_dags/tutorial.py
[2021-08-28 23:47:34,417] {logging_mixin.py:109} INFO - [2021-08-28 23:47:34,417] {dag.py:1833} INFO - Sync 1 DAGs
[2021-08-28 23:47:34,454] {logging_mixin.py:109} INFO - [2021-08-28 23:47:34,453] {dag.py:2306} INFO - Setting next_dagrun for tutorial to 2021-08-26 00:00:00+00:00
[2021-08-28 23:47:34,497] {processor.py:170} INFO - Processing /home/paolo/Documents/Github/case-study-1-october2020-data-sweepers/DataExtraction/ENV/lib/python3.8/site-packages/airflow/example_dags/tutorial.py took 0.158 seconds
[2021-08-28 23:48:14,197] {processor.py:162} INFO - Started process (PID=14925) to work on /home/paolo/Documents/Github/case-study-1-october2020-data-sweepers/DataExtraction/ENV/lib/python3.8/site-packages/airflow/example_dags/tutorial.py
[2021-08-28 23:48:14,199] {processor.py:613} INFO - Processing file /home/paolo/Documents/Github/case-study-1-october2020-data-sweepers/DataExtraction/ENV/lib/python3.8/site-packages/airflow/example_dags/tutorial.py for tasks to queue
[2021-08-28 23:48:14,203] {logging_mixin.py:109} INFO - [2021-08-28 23:48:14,202] {dagbag.py:496} INFO - Filling up the DagBag from /home/paolo/Documents/Github/case-study-1-october2020-data-sweepers/DataExtraction/ENV/lib/python3.8/site-packages/airflow/example_dags/tutorial.py
[2021-08-28 23:48:14,237] {processor.py:623} INFO - DAG(s) dict_keys(['tutorial']) retrieved from /home/paolo/Documents/Github/case-study-1-october2020-data-sweepers/DataExtraction/ENV/lib/python3.8/site-packages/airflow/example_dags/tutorial.py
[2021-08-28 23:48:14,261] {logging_mixin.py:109} INFO - [2021-08-28 23:48:14,260] {dag.py:1833} INFO - Sync 1 DAGs
[2021-08-28 23:48:14,286] {logging_mixin.py:109} INFO - [2021-08-28 23:48:14,285] {dag.py:2306} INFO - Setting next_dagrun for tutorial to 2021-08-26 00:00:00+00:00
[2021-08-28 23:48:14,325] {processor.py:170} INFO - Processing /home/paolo/Documents/Github/case-study-1-october2020-data-sweepers/DataExtraction/ENV/lib/python3.8/site-packages/airflow/example_dags/tutorial.py took 0.131 seconds
[2021-08-28 23:48:55,201] {processor.py:162} INFO - Started process (PID=15014) to work on /home/paolo/Documents/Github/case-study-1-october2020-data-sweepers/DataExtraction/ENV/lib/python3.8/site-packages/airflow/example_dags/tutorial.py
[2021-08-28 23:48:55,206] {processor.py:613} INFO - Processing file /home/paolo/Documents/Github/case-study-1-october2020-data-sweepers/DataExtraction/ENV/lib/python3.8/site-packages/airflow/example_dags/tutorial.py for tasks to queue
[2021-08-28 23:48:55,208] {logging_mixin.py:109} INFO - [2021-08-28 23:48:55,207] {dagbag.py:496} INFO - Filling up the DagBag from /home/paolo/Documents/Github/case-study-1-october2020-data-sweepers/DataExtraction/ENV/lib/python3.8/site-packages/airflow/example_dags/tutorial.py
[2021-08-28 23:48:55,233] {processor.py:623} INFO - DAG(s) dict_keys(['tutorial']) retrieved from /home/paolo/Documents/Github/case-study-1-october2020-data-sweepers/DataExtraction/ENV/lib/python3.8/site-packages/airflow/example_dags/tutorial.py
[2021-08-28 23:48:55,258] {logging_mixin.py:109} INFO - [2021-08-28 23:48:55,258] {dag.py:1833} INFO - Sync 1 DAGs
[2021-08-28 23:48:55,278] {logging_mixin.py:109} INFO - [2021-08-28 23:48:55,278] {dag.py:2306} INFO - Setting next_dagrun for tutorial to 2021-08-26 00:00:00+00:00
[2021-08-28 23:48:55,323] {processor.py:170} INFO - Processing /home/paolo/Documents/Github/case-study-1-october2020-data-sweepers/DataExtraction/ENV/lib/python3.8/site-packages/airflow/example_dags/tutorial.py took 0.126 seconds
[2021-08-28 23:49:30,862] {processor.py:162} INFO - Started process (PID=15108) to work on /home/paolo/Documents/Github/case-study-1-october2020-data-sweepers/DataExtraction/ENV/lib/python3.8/site-packages/airflow/example_dags/tutorial.py
[2021-08-28 23:49:30,865] {processor.py:613} INFO - Processing file /home/paolo/Documents/Github/case-study-1-october2020-data-sweepers/DataExtraction/ENV/lib/python3.8/site-packages/airflow/example_dags/tutorial.py for tasks to queue
[2021-08-28 23:49:30,866] {logging_mixin.py:109} INFO - [2021-08-28 23:49:30,866] {dagbag.py:496} INFO - Filling up the DagBag from /home/paolo/Documents/Github/case-study-1-october2020-data-sweepers/DataExtraction/ENV/lib/python3.8/site-packages/airflow/example_dags/tutorial.py
[2021-08-28 23:49:30,880] {processor.py:623} INFO - DAG(s) dict_keys(['tutorial']) retrieved from /home/paolo/Documents/Github/case-study-1-october2020-data-sweepers/DataExtraction/ENV/lib/python3.8/site-packages/airflow/example_dags/tutorial.py
[2021-08-28 23:49:30,899] {logging_mixin.py:109} INFO - [2021-08-28 23:49:30,899] {dag.py:1833} INFO - Sync 1 DAGs
[2021-08-28 23:49:30,912] {logging_mixin.py:109} INFO - [2021-08-28 23:49:30,912] {dag.py:2306} INFO - Setting next_dagrun for tutorial to 2021-08-26 00:00:00+00:00
[2021-08-28 23:49:30,936] {processor.py:170} INFO - Processing /home/paolo/Documents/Github/case-study-1-october2020-data-sweepers/DataExtraction/ENV/lib/python3.8/site-packages/airflow/example_dags/tutorial.py took 0.077 seconds
[2021-08-28 23:50:07,655] {processor.py:162} INFO - Started process (PID=15190) to work on /home/paolo/Documents/Github/case-study-1-october2020-data-sweepers/DataExtraction/ENV/lib/python3.8/site-packages/airflow/example_dags/tutorial.py
[2021-08-28 23:50:07,656] {processor.py:613} INFO - Processing file /home/paolo/Documents/Github/case-study-1-october2020-data-sweepers/DataExtraction/ENV/lib/python3.8/site-packages/airflow/example_dags/tutorial.py for tasks to queue
[2021-08-28 23:50:07,657] {logging_mixin.py:109} INFO - [2021-08-28 23:50:07,657] {dagbag.py:496} INFO - Filling up the DagBag from /home/paolo/Documents/Github/case-study-1-october2020-data-sweepers/DataExtraction/ENV/lib/python3.8/site-packages/airflow/example_dags/tutorial.py
[2021-08-28 23:50:07,674] {processor.py:623} INFO - DAG(s) dict_keys(['tutorial']) retrieved from /home/paolo/Documents/Github/case-study-1-october2020-data-sweepers/DataExtraction/ENV/lib/python3.8/site-packages/airflow/example_dags/tutorial.py
[2021-08-28 23:50:07,693] {logging_mixin.py:109} INFO - [2021-08-28 23:50:07,693] {dag.py:1833} INFO - Sync 1 DAGs
[2021-08-28 23:50:07,729] {logging_mixin.py:109} INFO - [2021-08-28 23:50:07,729] {dag.py:2306} INFO - Setting next_dagrun for tutorial to 2021-08-26 00:00:00+00:00
[2021-08-28 23:50:07,762] {processor.py:170} INFO - Processing /home/paolo/Documents/Github/case-study-1-october2020-data-sweepers/DataExtraction/ENV/lib/python3.8/site-packages/airflow/example_dags/tutorial.py took 0.111 seconds
[2021-08-28 23:50:41,473] {processor.py:162} INFO - Started process (PID=15258) to work on /home/paolo/Documents/Github/case-study-1-october2020-data-sweepers/DataExtraction/ENV/lib/python3.8/site-packages/airflow/example_dags/tutorial.py
[2021-08-28 23:50:41,476] {processor.py:613} INFO - Processing file /home/paolo/Documents/Github/case-study-1-october2020-data-sweepers/DataExtraction/ENV/lib/python3.8/site-packages/airflow/example_dags/tutorial.py for tasks to queue
[2021-08-28 23:50:41,477] {logging_mixin.py:109} INFO - [2021-08-28 23:50:41,477] {dagbag.py:496} INFO - Filling up the DagBag from /home/paolo/Documents/Github/case-study-1-october2020-data-sweepers/DataExtraction/ENV/lib/python3.8/site-packages/airflow/example_dags/tutorial.py
[2021-08-28 23:50:41,494] {processor.py:623} INFO - DAG(s) dict_keys(['tutorial']) retrieved from /home/paolo/Documents/Github/case-study-1-october2020-data-sweepers/DataExtraction/ENV/lib/python3.8/site-packages/airflow/example_dags/tutorial.py
[2021-08-28 23:50:41,514] {logging_mixin.py:109} INFO - [2021-08-28 23:50:41,514] {dag.py:1833} INFO - Sync 1 DAGs
[2021-08-28 23:50:41,531] {logging_mixin.py:109} INFO - [2021-08-28 23:50:41,531] {dag.py:2306} INFO - Setting next_dagrun for tutorial to 2021-08-26 00:00:00+00:00
[2021-08-28 23:50:41,551] {processor.py:170} INFO - Processing /home/paolo/Documents/Github/case-study-1-october2020-data-sweepers/DataExtraction/ENV/lib/python3.8/site-packages/airflow/example_dags/tutorial.py took 0.082 seconds
[2021-08-28 23:51:17,116] {processor.py:162} INFO - Started process (PID=15322) to work on /home/paolo/Documents/Github/case-study-1-october2020-data-sweepers/DataExtraction/ENV/lib/python3.8/site-packages/airflow/example_dags/tutorial.py
[2021-08-28 23:51:17,117] {processor.py:613} INFO - Processing file /home/paolo/Documents/Github/case-study-1-october2020-data-sweepers/DataExtraction/ENV/lib/python3.8/site-packages/airflow/example_dags/tutorial.py for tasks to queue
[2021-08-28 23:51:17,118] {logging_mixin.py:109} INFO - [2021-08-28 23:51:17,118] {dagbag.py:496} INFO - Filling up the DagBag from /home/paolo/Documents/Github/case-study-1-october2020-data-sweepers/DataExtraction/ENV/lib/python3.8/site-packages/airflow/example_dags/tutorial.py
[2021-08-28 23:51:17,136] {processor.py:623} INFO - DAG(s) dict_keys(['tutorial']) retrieved from /home/paolo/Documents/Github/case-study-1-october2020-data-sweepers/DataExtraction/ENV/lib/python3.8/site-packages/airflow/example_dags/tutorial.py
[2021-08-28 23:51:17,152] {logging_mixin.py:109} INFO - [2021-08-28 23:51:17,152] {dag.py:1833} INFO - Sync 1 DAGs
[2021-08-28 23:51:17,168] {logging_mixin.py:109} INFO - [2021-08-28 23:51:17,167] {dag.py:2306} INFO - Setting next_dagrun for tutorial to 2021-08-26 00:00:00+00:00
[2021-08-28 23:51:17,188] {processor.py:170} INFO - Processing /home/paolo/Documents/Github/case-study-1-october2020-data-sweepers/DataExtraction/ENV/lib/python3.8/site-packages/airflow/example_dags/tutorial.py took 0.075 seconds
[2021-08-28 23:51:50,393] {processor.py:162} INFO - Started process (PID=15423) to work on /home/paolo/Documents/Github/case-study-1-october2020-data-sweepers/DataExtraction/ENV/lib/python3.8/site-packages/airflow/example_dags/tutorial.py
[2021-08-28 23:51:50,395] {processor.py:613} INFO - Processing file /home/paolo/Documents/Github/case-study-1-october2020-data-sweepers/DataExtraction/ENV/lib/python3.8/site-packages/airflow/example_dags/tutorial.py for tasks to queue
[2021-08-28 23:51:50,395] {logging_mixin.py:109} INFO - [2021-08-28 23:51:50,395] {dagbag.py:496} INFO - Filling up the DagBag from /home/paolo/Documents/Github/case-study-1-october2020-data-sweepers/DataExtraction/ENV/lib/python3.8/site-packages/airflow/example_dags/tutorial.py
[2021-08-28 23:51:50,407] {processor.py:623} INFO - DAG(s) dict_keys(['tutorial']) retrieved from /home/paolo/Documents/Github/case-study-1-october2020-data-sweepers/DataExtraction/ENV/lib/python3.8/site-packages/airflow/example_dags/tutorial.py
[2021-08-28 23:51:50,420] {logging_mixin.py:109} INFO - [2021-08-28 23:51:50,420] {dag.py:1833} INFO - Sync 1 DAGs
[2021-08-28 23:51:50,430] {logging_mixin.py:109} INFO - [2021-08-28 23:51:50,430] {dag.py:2306} INFO - Setting next_dagrun for tutorial to 2021-08-26 00:00:00+00:00
[2021-08-28 23:51:50,445] {processor.py:170} INFO - Processing /home/paolo/Documents/Github/case-study-1-october2020-data-sweepers/DataExtraction/ENV/lib/python3.8/site-packages/airflow/example_dags/tutorial.py took 0.055 seconds
[2021-08-28 23:52:24,529] {processor.py:162} INFO - Started process (PID=15546) to work on /home/paolo/Documents/Github/case-study-1-october2020-data-sweepers/DataExtraction/ENV/lib/python3.8/site-packages/airflow/example_dags/tutorial.py
[2021-08-28 23:52:24,531] {processor.py:613} INFO - Processing file /home/paolo/Documents/Github/case-study-1-october2020-data-sweepers/DataExtraction/ENV/lib/python3.8/site-packages/airflow/example_dags/tutorial.py for tasks to queue
[2021-08-28 23:52:24,531] {logging_mixin.py:109} INFO - [2021-08-28 23:52:24,531] {dagbag.py:496} INFO - Filling up the DagBag from /home/paolo/Documents/Github/case-study-1-october2020-data-sweepers/DataExtraction/ENV/lib/python3.8/site-packages/airflow/example_dags/tutorial.py
[2021-08-28 23:52:24,543] {processor.py:623} INFO - DAG(s) dict_keys(['tutorial']) retrieved from /home/paolo/Documents/Github/case-study-1-october2020-data-sweepers/DataExtraction/ENV/lib/python3.8/site-packages/airflow/example_dags/tutorial.py
[2021-08-28 23:52:24,554] {logging_mixin.py:109} INFO - [2021-08-28 23:52:24,554] {dag.py:1833} INFO - Sync 1 DAGs
[2021-08-28 23:52:24,563] {logging_mixin.py:109} INFO - [2021-08-28 23:52:24,563] {dag.py:2306} INFO - Setting next_dagrun for tutorial to 2021-08-26 00:00:00+00:00
[2021-08-28 23:52:24,580] {processor.py:170} INFO - Processing /home/paolo/Documents/Github/case-study-1-october2020-data-sweepers/DataExtraction/ENV/lib/python3.8/site-packages/airflow/example_dags/tutorial.py took 0.053 seconds
[2021-08-28 23:52:56,790] {processor.py:162} INFO - Started process (PID=15610) to work on /home/paolo/Documents/Github/case-study-1-october2020-data-sweepers/DataExtraction/ENV/lib/python3.8/site-packages/airflow/example_dags/tutorial.py
[2021-08-28 23:52:56,791] {processor.py:613} INFO - Processing file /home/paolo/Documents/Github/case-study-1-october2020-data-sweepers/DataExtraction/ENV/lib/python3.8/site-packages/airflow/example_dags/tutorial.py for tasks to queue
[2021-08-28 23:52:56,793] {logging_mixin.py:109} INFO - [2021-08-28 23:52:56,792] {dagbag.py:496} INFO - Filling up the DagBag from /home/paolo/Documents/Github/case-study-1-october2020-data-sweepers/DataExtraction/ENV/lib/python3.8/site-packages/airflow/example_dags/tutorial.py
[2021-08-28 23:52:56,806] {processor.py:623} INFO - DAG(s) dict_keys(['tutorial']) retrieved from /home/paolo/Documents/Github/case-study-1-october2020-data-sweepers/DataExtraction/ENV/lib/python3.8/site-packages/airflow/example_dags/tutorial.py
[2021-08-28 23:52:56,821] {logging_mixin.py:109} INFO - [2021-08-28 23:52:56,821] {dag.py:1833} INFO - Sync 1 DAGs
[2021-08-28 23:52:56,840] {logging_mixin.py:109} INFO - [2021-08-28 23:52:56,840] {dag.py:2306} INFO - Setting next_dagrun for tutorial to 2021-08-26 00:00:00+00:00
[2021-08-28 23:52:56,858] {processor.py:170} INFO - Processing /home/paolo/Documents/Github/case-study-1-october2020-data-sweepers/DataExtraction/ENV/lib/python3.8/site-packages/airflow/example_dags/tutorial.py took 0.071 seconds
[2021-08-28 23:53:28,036] {processor.py:162} INFO - Started process (PID=15685) to work on /home/paolo/Documents/Github/case-study-1-october2020-data-sweepers/DataExtraction/ENV/lib/python3.8/site-packages/airflow/example_dags/tutorial.py
[2021-08-28 23:53:28,037] {processor.py:613} INFO - Processing file /home/paolo/Documents/Github/case-study-1-october2020-data-sweepers/DataExtraction/ENV/lib/python3.8/site-packages/airflow/example_dags/tutorial.py for tasks to queue
[2021-08-28 23:53:28,038] {logging_mixin.py:109} INFO - [2021-08-28 23:53:28,037] {dagbag.py:496} INFO - Filling up the DagBag from /home/paolo/Documents/Github/case-study-1-october2020-data-sweepers/DataExtraction/ENV/lib/python3.8/site-packages/airflow/example_dags/tutorial.py
[2021-08-28 23:53:28,049] {processor.py:623} INFO - DAG(s) dict_keys(['tutorial']) retrieved from /home/paolo/Documents/Github/case-study-1-october2020-data-sweepers/DataExtraction/ENV/lib/python3.8/site-packages/airflow/example_dags/tutorial.py
[2021-08-28 23:53:28,061] {logging_mixin.py:109} INFO - [2021-08-28 23:53:28,061] {dag.py:1833} INFO - Sync 1 DAGs
[2021-08-28 23:53:28,070] {logging_mixin.py:109} INFO - [2021-08-28 23:53:28,070] {dag.py:2306} INFO - Setting next_dagrun for tutorial to 2021-08-26 00:00:00+00:00
[2021-08-28 23:53:28,089] {processor.py:170} INFO - Processing /home/paolo/Documents/Github/case-study-1-october2020-data-sweepers/DataExtraction/ENV/lib/python3.8/site-packages/airflow/example_dags/tutorial.py took 0.055 seconds
[2021-08-28 23:55:50,478] {processor.py:162} INFO - Started process (PID=16201) to work on /home/paolo/Documents/Github/case-study-1-october2020-data-sweepers/DataExtraction/ENV/lib/python3.8/site-packages/airflow/example_dags/tutorial.py
[2021-08-28 23:55:50,480] {processor.py:613} INFO - Processing file /home/paolo/Documents/Github/case-study-1-october2020-data-sweepers/DataExtraction/ENV/lib/python3.8/site-packages/airflow/example_dags/tutorial.py for tasks to queue
[2021-08-28 23:55:50,480] {logging_mixin.py:109} INFO - [2021-08-28 23:55:50,480] {dagbag.py:496} INFO - Filling up the DagBag from /home/paolo/Documents/Github/case-study-1-october2020-data-sweepers/DataExtraction/ENV/lib/python3.8/site-packages/airflow/example_dags/tutorial.py
[2021-08-28 23:55:50,491] {processor.py:623} INFO - DAG(s) dict_keys(['tutorial']) retrieved from /home/paolo/Documents/Github/case-study-1-october2020-data-sweepers/DataExtraction/ENV/lib/python3.8/site-packages/airflow/example_dags/tutorial.py
[2021-08-28 23:55:50,503] {logging_mixin.py:109} INFO - [2021-08-28 23:55:50,503] {dag.py:1833} INFO - Sync 1 DAGs
[2021-08-28 23:55:50,513] {logging_mixin.py:109} INFO - [2021-08-28 23:55:50,513] {dag.py:2306} INFO - Setting next_dagrun for tutorial to 2021-08-26 00:00:00+00:00
[2021-08-28 23:55:50,541] {processor.py:170} INFO - Processing /home/paolo/Documents/Github/case-study-1-october2020-data-sweepers/DataExtraction/ENV/lib/python3.8/site-packages/airflow/example_dags/tutorial.py took 0.065 seconds
[2021-08-28 23:56:29,295] {processor.py:162} INFO - Started process (PID=16505) to work on /home/paolo/Documents/Github/case-study-1-october2020-data-sweepers/DataExtraction/ENV/lib/python3.8/site-packages/airflow/example_dags/tutorial.py
[2021-08-28 23:56:29,296] {processor.py:613} INFO - Processing file /home/paolo/Documents/Github/case-study-1-october2020-data-sweepers/DataExtraction/ENV/lib/python3.8/site-packages/airflow/example_dags/tutorial.py for tasks to queue
[2021-08-28 23:56:29,297] {logging_mixin.py:109} INFO - [2021-08-28 23:56:29,297] {dagbag.py:496} INFO - Filling up the DagBag from /home/paolo/Documents/Github/case-study-1-october2020-data-sweepers/DataExtraction/ENV/lib/python3.8/site-packages/airflow/example_dags/tutorial.py
[2021-08-28 23:56:29,307] {processor.py:623} INFO - DAG(s) dict_keys(['tutorial']) retrieved from /home/paolo/Documents/Github/case-study-1-october2020-data-sweepers/DataExtraction/ENV/lib/python3.8/site-packages/airflow/example_dags/tutorial.py
[2021-08-28 23:56:29,318] {logging_mixin.py:109} INFO - [2021-08-28 23:56:29,318] {dag.py:1833} INFO - Sync 1 DAGs
[2021-08-28 23:56:29,327] {logging_mixin.py:109} INFO - [2021-08-28 23:56:29,327] {dag.py:2306} INFO - Setting next_dagrun for tutorial to 2021-08-26 00:00:00+00:00
[2021-08-28 23:56:29,343] {processor.py:170} INFO - Processing /home/paolo/Documents/Github/case-study-1-october2020-data-sweepers/DataExtraction/ENV/lib/python3.8/site-packages/airflow/example_dags/tutorial.py took 0.050 seconds
[2021-08-28 23:57:08,763] {processor.py:162} INFO - Started process (PID=16799) to work on /home/paolo/Documents/Github/case-study-1-october2020-data-sweepers/DataExtraction/ENV/lib/python3.8/site-packages/airflow/example_dags/tutorial.py
[2021-08-28 23:57:08,764] {processor.py:613} INFO - Processing file /home/paolo/Documents/Github/case-study-1-october2020-data-sweepers/DataExtraction/ENV/lib/python3.8/site-packages/airflow/example_dags/tutorial.py for tasks to queue
[2021-08-28 23:57:08,765] {logging_mixin.py:109} INFO - [2021-08-28 23:57:08,765] {dagbag.py:496} INFO - Filling up the DagBag from /home/paolo/Documents/Github/case-study-1-october2020-data-sweepers/DataExtraction/ENV/lib/python3.8/site-packages/airflow/example_dags/tutorial.py
[2021-08-28 23:57:08,783] {processor.py:623} INFO - DAG(s) dict_keys(['tutorial']) retrieved from /home/paolo/Documents/Github/case-study-1-october2020-data-sweepers/DataExtraction/ENV/lib/python3.8/site-packages/airflow/example_dags/tutorial.py
[2021-08-28 23:57:08,796] {logging_mixin.py:109} INFO - [2021-08-28 23:57:08,796] {dag.py:1833} INFO - Sync 1 DAGs
[2021-08-28 23:57:08,805] {logging_mixin.py:109} INFO - [2021-08-28 23:57:08,805] {dag.py:2306} INFO - Setting next_dagrun for tutorial to 2021-08-26 00:00:00+00:00
[2021-08-28 23:57:08,821] {processor.py:170} INFO - Processing /home/paolo/Documents/Github/case-study-1-october2020-data-sweepers/DataExtraction/ENV/lib/python3.8/site-packages/airflow/example_dags/tutorial.py took 0.061 seconds
[2021-08-28 23:57:46,448] {processor.py:162} INFO - Started process (PID=17128) to work on /home/paolo/Documents/Github/case-study-1-october2020-data-sweepers/DataExtraction/ENV/lib/python3.8/site-packages/airflow/example_dags/tutorial.py
[2021-08-28 23:57:46,449] {processor.py:613} INFO - Processing file /home/paolo/Documents/Github/case-study-1-october2020-data-sweepers/DataExtraction/ENV/lib/python3.8/site-packages/airflow/example_dags/tutorial.py for tasks to queue
[2021-08-28 23:57:46,450] {logging_mixin.py:109} INFO - [2021-08-28 23:57:46,450] {dagbag.py:496} INFO - Filling up the DagBag from /home/paolo/Documents/Github/case-study-1-october2020-data-sweepers/DataExtraction/ENV/lib/python3.8/site-packages/airflow/example_dags/tutorial.py
[2021-08-28 23:57:46,466] {processor.py:623} INFO - DAG(s) dict_keys(['tutorial']) retrieved from /home/paolo/Documents/Github/case-study-1-october2020-data-sweepers/DataExtraction/ENV/lib/python3.8/site-packages/airflow/example_dags/tutorial.py
[2021-08-28 23:57:46,484] {logging_mixin.py:109} INFO - [2021-08-28 23:57:46,483] {dag.py:1833} INFO - Sync 1 DAGs
[2021-08-28 23:57:46,499] {logging_mixin.py:109} INFO - [2021-08-28 23:57:46,499] {dag.py:2306} INFO - Setting next_dagrun for tutorial to 2021-08-26 00:00:00+00:00
[2021-08-28 23:57:46,520] {processor.py:170} INFO - Processing /home/paolo/Documents/Github/case-study-1-october2020-data-sweepers/DataExtraction/ENV/lib/python3.8/site-packages/airflow/example_dags/tutorial.py took 0.075 seconds
[2021-08-28 23:58:22,604] {processor.py:162} INFO - Started process (PID=17437) to work on /home/paolo/Documents/Github/case-study-1-october2020-data-sweepers/DataExtraction/ENV/lib/python3.8/site-packages/airflow/example_dags/tutorial.py
[2021-08-28 23:58:22,605] {processor.py:613} INFO - Processing file /home/paolo/Documents/Github/case-study-1-october2020-data-sweepers/DataExtraction/ENV/lib/python3.8/site-packages/airflow/example_dags/tutorial.py for tasks to queue
[2021-08-28 23:58:22,605] {logging_mixin.py:109} INFO - [2021-08-28 23:58:22,605] {dagbag.py:496} INFO - Filling up the DagBag from /home/paolo/Documents/Github/case-study-1-october2020-data-sweepers/DataExtraction/ENV/lib/python3.8/site-packages/airflow/example_dags/tutorial.py
[2021-08-28 23:58:22,623] {processor.py:623} INFO - DAG(s) dict_keys(['tutorial']) retrieved from /home/paolo/Documents/Github/case-study-1-october2020-data-sweepers/DataExtraction/ENV/lib/python3.8/site-packages/airflow/example_dags/tutorial.py
[2021-08-28 23:58:22,640] {logging_mixin.py:109} INFO - [2021-08-28 23:58:22,639] {dag.py:1833} INFO - Sync 1 DAGs
[2021-08-28 23:58:22,654] {logging_mixin.py:109} INFO - [2021-08-28 23:58:22,654] {dag.py:2306} INFO - Setting next_dagrun for tutorial to 2021-08-26 00:00:00+00:00
[2021-08-28 23:58:22,672] {processor.py:170} INFO - Processing /home/paolo/Documents/Github/case-study-1-october2020-data-sweepers/DataExtraction/ENV/lib/python3.8/site-packages/airflow/example_dags/tutorial.py took 0.071 seconds
