[2021-08-28 23:37:13,743] {processor.py:162} INFO - Started process (PID=13028) to work on /home/paolo/Documents/Github/case-study-1-october2020-data-sweepers/DataExtraction/ENV/lib/python3.8/site-packages/airflow/example_dags/tutorial_taskflow_api_etl.py
[2021-08-28 23:37:13,744] {processor.py:613} INFO - Processing file /home/paolo/Documents/Github/case-study-1-october2020-data-sweepers/DataExtraction/ENV/lib/python3.8/site-packages/airflow/example_dags/tutorial_taskflow_api_etl.py for tasks to queue
[2021-08-28 23:37:13,745] {logging_mixin.py:109} INFO - [2021-08-28 23:37:13,745] {dagbag.py:496} INFO - Filling up the DagBag from /home/paolo/Documents/Github/case-study-1-october2020-data-sweepers/DataExtraction/ENV/lib/python3.8/site-packages/airflow/example_dags/tutorial_taskflow_api_etl.py
[2021-08-28 23:37:13,763] {processor.py:623} INFO - DAG(s) dict_keys(['tutorial_taskflow_api_etl']) retrieved from /home/paolo/Documents/Github/case-study-1-october2020-data-sweepers/DataExtraction/ENV/lib/python3.8/site-packages/airflow/example_dags/tutorial_taskflow_api_etl.py
[2021-08-28 23:37:14,140] {logging_mixin.py:109} INFO - [2021-08-28 23:37:14,140] {dag.py:1833} INFO - Sync 1 DAGs
[2021-08-28 23:37:14,155] {logging_mixin.py:109} INFO - [2021-08-28 23:37:14,155] {dag.py:2306} INFO - Setting next_dagrun for tutorial_taskflow_api_etl to None
[2021-08-28 23:37:14,168] {processor.py:170} INFO - Processing /home/paolo/Documents/Github/case-study-1-october2020-data-sweepers/DataExtraction/ENV/lib/python3.8/site-packages/airflow/example_dags/tutorial_taskflow_api_etl.py took 0.428 seconds
[2021-08-28 23:37:49,597] {processor.py:162} INFO - Started process (PID=13210) to work on /home/paolo/Documents/Github/case-study-1-october2020-data-sweepers/DataExtraction/ENV/lib/python3.8/site-packages/airflow/example_dags/tutorial_taskflow_api_etl.py
[2021-08-28 23:37:49,598] {processor.py:613} INFO - Processing file /home/paolo/Documents/Github/case-study-1-october2020-data-sweepers/DataExtraction/ENV/lib/python3.8/site-packages/airflow/example_dags/tutorial_taskflow_api_etl.py for tasks to queue
[2021-08-28 23:37:49,602] {logging_mixin.py:109} INFO - [2021-08-28 23:37:49,602] {dagbag.py:496} INFO - Filling up the DagBag from /home/paolo/Documents/Github/case-study-1-october2020-data-sweepers/DataExtraction/ENV/lib/python3.8/site-packages/airflow/example_dags/tutorial_taskflow_api_etl.py
[2021-08-28 23:37:49,632] {processor.py:623} INFO - DAG(s) dict_keys(['tutorial_taskflow_api_etl']) retrieved from /home/paolo/Documents/Github/case-study-1-october2020-data-sweepers/DataExtraction/ENV/lib/python3.8/site-packages/airflow/example_dags/tutorial_taskflow_api_etl.py
[2021-08-28 23:37:50,026] {logging_mixin.py:109} INFO - [2021-08-28 23:37:50,026] {dag.py:1833} INFO - Sync 1 DAGs
[2021-08-28 23:37:50,034] {logging_mixin.py:109} INFO - [2021-08-28 23:37:50,034] {dag.py:2306} INFO - Setting next_dagrun for tutorial_taskflow_api_etl to None
[2021-08-28 23:37:50,054] {processor.py:170} INFO - Processing /home/paolo/Documents/Github/case-study-1-october2020-data-sweepers/DataExtraction/ENV/lib/python3.8/site-packages/airflow/example_dags/tutorial_taskflow_api_etl.py took 0.459 seconds
[2021-08-28 23:38:24,153] {processor.py:162} INFO - Started process (PID=13292) to work on /home/paolo/Documents/Github/case-study-1-october2020-data-sweepers/DataExtraction/ENV/lib/python3.8/site-packages/airflow/example_dags/tutorial_taskflow_api_etl.py
[2021-08-28 23:38:24,155] {processor.py:613} INFO - Processing file /home/paolo/Documents/Github/case-study-1-october2020-data-sweepers/DataExtraction/ENV/lib/python3.8/site-packages/airflow/example_dags/tutorial_taskflow_api_etl.py for tasks to queue
[2021-08-28 23:38:24,156] {logging_mixin.py:109} INFO - [2021-08-28 23:38:24,156] {dagbag.py:496} INFO - Filling up the DagBag from /home/paolo/Documents/Github/case-study-1-october2020-data-sweepers/DataExtraction/ENV/lib/python3.8/site-packages/airflow/example_dags/tutorial_taskflow_api_etl.py
[2021-08-28 23:38:24,190] {processor.py:623} INFO - DAG(s) dict_keys(['tutorial_taskflow_api_etl']) retrieved from /home/paolo/Documents/Github/case-study-1-october2020-data-sweepers/DataExtraction/ENV/lib/python3.8/site-packages/airflow/example_dags/tutorial_taskflow_api_etl.py
[2021-08-28 23:38:24,718] {logging_mixin.py:109} INFO - [2021-08-28 23:38:24,718] {dag.py:1833} INFO - Sync 1 DAGs
[2021-08-28 23:38:24,733] {logging_mixin.py:109} INFO - [2021-08-28 23:38:24,733] {dag.py:2306} INFO - Setting next_dagrun for tutorial_taskflow_api_etl to None
[2021-08-28 23:38:24,763] {processor.py:170} INFO - Processing /home/paolo/Documents/Github/case-study-1-october2020-data-sweepers/DataExtraction/ENV/lib/python3.8/site-packages/airflow/example_dags/tutorial_taskflow_api_etl.py took 0.617 seconds
[2021-08-28 23:39:00,364] {processor.py:162} INFO - Started process (PID=13377) to work on /home/paolo/Documents/Github/case-study-1-october2020-data-sweepers/DataExtraction/ENV/lib/python3.8/site-packages/airflow/example_dags/tutorial_taskflow_api_etl.py
[2021-08-28 23:39:00,366] {processor.py:613} INFO - Processing file /home/paolo/Documents/Github/case-study-1-october2020-data-sweepers/DataExtraction/ENV/lib/python3.8/site-packages/airflow/example_dags/tutorial_taskflow_api_etl.py for tasks to queue
[2021-08-28 23:39:00,366] {logging_mixin.py:109} INFO - [2021-08-28 23:39:00,366] {dagbag.py:496} INFO - Filling up the DagBag from /home/paolo/Documents/Github/case-study-1-october2020-data-sweepers/DataExtraction/ENV/lib/python3.8/site-packages/airflow/example_dags/tutorial_taskflow_api_etl.py
[2021-08-28 23:39:00,380] {processor.py:623} INFO - DAG(s) dict_keys(['tutorial_taskflow_api_etl']) retrieved from /home/paolo/Documents/Github/case-study-1-october2020-data-sweepers/DataExtraction/ENV/lib/python3.8/site-packages/airflow/example_dags/tutorial_taskflow_api_etl.py
[2021-08-28 23:39:00,647] {logging_mixin.py:109} INFO - [2021-08-28 23:39:00,647] {dag.py:1833} INFO - Sync 1 DAGs
[2021-08-28 23:39:00,654] {logging_mixin.py:109} INFO - [2021-08-28 23:39:00,654] {dag.py:2306} INFO - Setting next_dagrun for tutorial_taskflow_api_etl to None
[2021-08-28 23:39:00,674] {processor.py:170} INFO - Processing /home/paolo/Documents/Github/case-study-1-october2020-data-sweepers/DataExtraction/ENV/lib/python3.8/site-packages/airflow/example_dags/tutorial_taskflow_api_etl.py took 0.312 seconds
[2021-08-28 23:39:36,928] {processor.py:162} INFO - Started process (PID=13559) to work on /home/paolo/Documents/Github/case-study-1-october2020-data-sweepers/DataExtraction/ENV/lib/python3.8/site-packages/airflow/example_dags/tutorial_taskflow_api_etl.py
[2021-08-28 23:39:36,930] {processor.py:613} INFO - Processing file /home/paolo/Documents/Github/case-study-1-october2020-data-sweepers/DataExtraction/ENV/lib/python3.8/site-packages/airflow/example_dags/tutorial_taskflow_api_etl.py for tasks to queue
[2021-08-28 23:39:36,930] {logging_mixin.py:109} INFO - [2021-08-28 23:39:36,930] {dagbag.py:496} INFO - Filling up the DagBag from /home/paolo/Documents/Github/case-study-1-october2020-data-sweepers/DataExtraction/ENV/lib/python3.8/site-packages/airflow/example_dags/tutorial_taskflow_api_etl.py
[2021-08-28 23:39:36,957] {processor.py:623} INFO - DAG(s) dict_keys(['tutorial_taskflow_api_etl']) retrieved from /home/paolo/Documents/Github/case-study-1-october2020-data-sweepers/DataExtraction/ENV/lib/python3.8/site-packages/airflow/example_dags/tutorial_taskflow_api_etl.py
[2021-08-28 23:39:37,381] {logging_mixin.py:109} INFO - [2021-08-28 23:39:37,381] {dag.py:1833} INFO - Sync 1 DAGs
[2021-08-28 23:39:37,392] {logging_mixin.py:109} INFO - [2021-08-28 23:39:37,392] {dag.py:2306} INFO - Setting next_dagrun for tutorial_taskflow_api_etl to None
[2021-08-28 23:39:37,411] {processor.py:170} INFO - Processing /home/paolo/Documents/Github/case-study-1-october2020-data-sweepers/DataExtraction/ENV/lib/python3.8/site-packages/airflow/example_dags/tutorial_taskflow_api_etl.py took 0.488 seconds
[2021-08-28 23:40:08,749] {processor.py:162} INFO - Started process (PID=13756) to work on /home/paolo/Documents/Github/case-study-1-october2020-data-sweepers/DataExtraction/ENV/lib/python3.8/site-packages/airflow/example_dags/tutorial_taskflow_api_etl.py
[2021-08-28 23:40:08,751] {processor.py:613} INFO - Processing file /home/paolo/Documents/Github/case-study-1-october2020-data-sweepers/DataExtraction/ENV/lib/python3.8/site-packages/airflow/example_dags/tutorial_taskflow_api_etl.py for tasks to queue
[2021-08-28 23:40:08,752] {logging_mixin.py:109} INFO - [2021-08-28 23:40:08,752] {dagbag.py:496} INFO - Filling up the DagBag from /home/paolo/Documents/Github/case-study-1-october2020-data-sweepers/DataExtraction/ENV/lib/python3.8/site-packages/airflow/example_dags/tutorial_taskflow_api_etl.py
[2021-08-28 23:40:08,791] {processor.py:623} INFO - DAG(s) dict_keys(['tutorial_taskflow_api_etl']) retrieved from /home/paolo/Documents/Github/case-study-1-october2020-data-sweepers/DataExtraction/ENV/lib/python3.8/site-packages/airflow/example_dags/tutorial_taskflow_api_etl.py
[2021-08-28 23:40:09,398] {logging_mixin.py:109} INFO - [2021-08-28 23:40:09,398] {dag.py:1833} INFO - Sync 1 DAGs
[2021-08-28 23:40:09,415] {logging_mixin.py:109} INFO - [2021-08-28 23:40:09,414] {dag.py:2306} INFO - Setting next_dagrun for tutorial_taskflow_api_etl to None
[2021-08-28 23:40:09,451] {processor.py:170} INFO - Processing /home/paolo/Documents/Github/case-study-1-october2020-data-sweepers/DataExtraction/ENV/lib/python3.8/site-packages/airflow/example_dags/tutorial_taskflow_api_etl.py took 0.706 seconds
[2021-08-28 23:40:45,080] {processor.py:162} INFO - Started process (PID=13929) to work on /home/paolo/Documents/Github/case-study-1-october2020-data-sweepers/DataExtraction/ENV/lib/python3.8/site-packages/airflow/example_dags/tutorial_taskflow_api_etl.py
[2021-08-28 23:40:45,082] {processor.py:613} INFO - Processing file /home/paolo/Documents/Github/case-study-1-october2020-data-sweepers/DataExtraction/ENV/lib/python3.8/site-packages/airflow/example_dags/tutorial_taskflow_api_etl.py for tasks to queue
[2021-08-28 23:40:45,089] {logging_mixin.py:109} INFO - [2021-08-28 23:40:45,089] {dagbag.py:496} INFO - Filling up the DagBag from /home/paolo/Documents/Github/case-study-1-october2020-data-sweepers/DataExtraction/ENV/lib/python3.8/site-packages/airflow/example_dags/tutorial_taskflow_api_etl.py
[2021-08-28 23:40:45,135] {processor.py:623} INFO - DAG(s) dict_keys(['tutorial_taskflow_api_etl']) retrieved from /home/paolo/Documents/Github/case-study-1-october2020-data-sweepers/DataExtraction/ENV/lib/python3.8/site-packages/airflow/example_dags/tutorial_taskflow_api_etl.py
[2021-08-28 23:40:45,846] {logging_mixin.py:109} INFO - [2021-08-28 23:40:45,846] {dag.py:1833} INFO - Sync 1 DAGs
[2021-08-28 23:40:45,869] {logging_mixin.py:109} INFO - [2021-08-28 23:40:45,868] {dag.py:2306} INFO - Setting next_dagrun for tutorial_taskflow_api_etl to None
[2021-08-28 23:40:45,915] {processor.py:170} INFO - Processing /home/paolo/Documents/Github/case-study-1-october2020-data-sweepers/DataExtraction/ENV/lib/python3.8/site-packages/airflow/example_dags/tutorial_taskflow_api_etl.py took 0.855 seconds
[2021-08-28 23:41:23,037] {processor.py:162} INFO - Started process (PID=14075) to work on /home/paolo/Documents/Github/case-study-1-october2020-data-sweepers/DataExtraction/ENV/lib/python3.8/site-packages/airflow/example_dags/tutorial_taskflow_api_etl.py
[2021-08-28 23:41:23,041] {processor.py:613} INFO - Processing file /home/paolo/Documents/Github/case-study-1-october2020-data-sweepers/DataExtraction/ENV/lib/python3.8/site-packages/airflow/example_dags/tutorial_taskflow_api_etl.py for tasks to queue
[2021-08-28 23:41:23,042] {logging_mixin.py:109} INFO - [2021-08-28 23:41:23,042] {dagbag.py:496} INFO - Filling up the DagBag from /home/paolo/Documents/Github/case-study-1-october2020-data-sweepers/DataExtraction/ENV/lib/python3.8/site-packages/airflow/example_dags/tutorial_taskflow_api_etl.py
[2021-08-28 23:41:23,084] {processor.py:623} INFO - DAG(s) dict_keys(['tutorial_taskflow_api_etl']) retrieved from /home/paolo/Documents/Github/case-study-1-october2020-data-sweepers/DataExtraction/ENV/lib/python3.8/site-packages/airflow/example_dags/tutorial_taskflow_api_etl.py
[2021-08-28 23:41:23,701] {logging_mixin.py:109} INFO - [2021-08-28 23:41:23,699] {dag.py:1833} INFO - Sync 1 DAGs
[2021-08-28 23:41:23,723] {logging_mixin.py:109} INFO - [2021-08-28 23:41:23,723] {dag.py:2306} INFO - Setting next_dagrun for tutorial_taskflow_api_etl to None
[2021-08-28 23:41:23,756] {processor.py:170} INFO - Processing /home/paolo/Documents/Github/case-study-1-october2020-data-sweepers/DataExtraction/ENV/lib/python3.8/site-packages/airflow/example_dags/tutorial_taskflow_api_etl.py took 0.725 seconds
[2021-08-28 23:41:57,203] {processor.py:162} INFO - Started process (PID=14141) to work on /home/paolo/Documents/Github/case-study-1-october2020-data-sweepers/DataExtraction/ENV/lib/python3.8/site-packages/airflow/example_dags/tutorial_taskflow_api_etl.py
[2021-08-28 23:41:57,205] {processor.py:613} INFO - Processing file /home/paolo/Documents/Github/case-study-1-october2020-data-sweepers/DataExtraction/ENV/lib/python3.8/site-packages/airflow/example_dags/tutorial_taskflow_api_etl.py for tasks to queue
[2021-08-28 23:41:57,205] {logging_mixin.py:109} INFO - [2021-08-28 23:41:57,205] {dagbag.py:496} INFO - Filling up the DagBag from /home/paolo/Documents/Github/case-study-1-october2020-data-sweepers/DataExtraction/ENV/lib/python3.8/site-packages/airflow/example_dags/tutorial_taskflow_api_etl.py
[2021-08-28 23:41:57,222] {processor.py:623} INFO - DAG(s) dict_keys(['tutorial_taskflow_api_etl']) retrieved from /home/paolo/Documents/Github/case-study-1-october2020-data-sweepers/DataExtraction/ENV/lib/python3.8/site-packages/airflow/example_dags/tutorial_taskflow_api_etl.py
[2021-08-28 23:41:57,530] {logging_mixin.py:109} INFO - [2021-08-28 23:41:57,530] {dag.py:1833} INFO - Sync 1 DAGs
[2021-08-28 23:41:57,542] {logging_mixin.py:109} INFO - [2021-08-28 23:41:57,542] {dag.py:2306} INFO - Setting next_dagrun for tutorial_taskflow_api_etl to None
[2021-08-28 23:41:57,563] {processor.py:170} INFO - Processing /home/paolo/Documents/Github/case-study-1-october2020-data-sweepers/DataExtraction/ENV/lib/python3.8/site-packages/airflow/example_dags/tutorial_taskflow_api_etl.py took 0.362 seconds
[2021-08-28 23:42:28,423] {processor.py:162} INFO - Started process (PID=14245) to work on /home/paolo/Documents/Github/case-study-1-october2020-data-sweepers/DataExtraction/ENV/lib/python3.8/site-packages/airflow/example_dags/tutorial_taskflow_api_etl.py
[2021-08-28 23:42:28,424] {processor.py:613} INFO - Processing file /home/paolo/Documents/Github/case-study-1-october2020-data-sweepers/DataExtraction/ENV/lib/python3.8/site-packages/airflow/example_dags/tutorial_taskflow_api_etl.py for tasks to queue
[2021-08-28 23:42:28,425] {logging_mixin.py:109} INFO - [2021-08-28 23:42:28,424] {dagbag.py:496} INFO - Filling up the DagBag from /home/paolo/Documents/Github/case-study-1-october2020-data-sweepers/DataExtraction/ENV/lib/python3.8/site-packages/airflow/example_dags/tutorial_taskflow_api_etl.py
[2021-08-28 23:42:28,437] {processor.py:623} INFO - DAG(s) dict_keys(['tutorial_taskflow_api_etl']) retrieved from /home/paolo/Documents/Github/case-study-1-october2020-data-sweepers/DataExtraction/ENV/lib/python3.8/site-packages/airflow/example_dags/tutorial_taskflow_api_etl.py
[2021-08-28 23:42:28,687] {logging_mixin.py:109} INFO - [2021-08-28 23:42:28,687] {dag.py:1833} INFO - Sync 1 DAGs
[2021-08-28 23:42:28,695] {logging_mixin.py:109} INFO - [2021-08-28 23:42:28,695] {dag.py:2306} INFO - Setting next_dagrun for tutorial_taskflow_api_etl to None
[2021-08-28 23:42:28,712] {processor.py:170} INFO - Processing /home/paolo/Documents/Github/case-study-1-october2020-data-sweepers/DataExtraction/ENV/lib/python3.8/site-packages/airflow/example_dags/tutorial_taskflow_api_etl.py took 0.292 seconds
[2021-08-28 23:42:59,587] {processor.py:162} INFO - Started process (PID=14306) to work on /home/paolo/Documents/Github/case-study-1-october2020-data-sweepers/DataExtraction/ENV/lib/python3.8/site-packages/airflow/example_dags/tutorial_taskflow_api_etl.py
[2021-08-28 23:42:59,588] {processor.py:613} INFO - Processing file /home/paolo/Documents/Github/case-study-1-october2020-data-sweepers/DataExtraction/ENV/lib/python3.8/site-packages/airflow/example_dags/tutorial_taskflow_api_etl.py for tasks to queue
[2021-08-28 23:42:59,588] {logging_mixin.py:109} INFO - [2021-08-28 23:42:59,588] {dagbag.py:496} INFO - Filling up the DagBag from /home/paolo/Documents/Github/case-study-1-october2020-data-sweepers/DataExtraction/ENV/lib/python3.8/site-packages/airflow/example_dags/tutorial_taskflow_api_etl.py
[2021-08-28 23:42:59,600] {processor.py:623} INFO - DAG(s) dict_keys(['tutorial_taskflow_api_etl']) retrieved from /home/paolo/Documents/Github/case-study-1-october2020-data-sweepers/DataExtraction/ENV/lib/python3.8/site-packages/airflow/example_dags/tutorial_taskflow_api_etl.py
[2021-08-28 23:42:59,838] {logging_mixin.py:109} INFO - [2021-08-28 23:42:59,838] {dag.py:1833} INFO - Sync 1 DAGs
[2021-08-28 23:42:59,847] {logging_mixin.py:109} INFO - [2021-08-28 23:42:59,847] {dag.py:2306} INFO - Setting next_dagrun for tutorial_taskflow_api_etl to None
[2021-08-28 23:42:59,863] {processor.py:170} INFO - Processing /home/paolo/Documents/Github/case-study-1-october2020-data-sweepers/DataExtraction/ENV/lib/python3.8/site-packages/airflow/example_dags/tutorial_taskflow_api_etl.py took 0.278 seconds
[2021-08-28 23:43:32,254] {processor.py:162} INFO - Started process (PID=14389) to work on /home/paolo/Documents/Github/case-study-1-october2020-data-sweepers/DataExtraction/ENV/lib/python3.8/site-packages/airflow/example_dags/tutorial_taskflow_api_etl.py
[2021-08-28 23:43:32,256] {processor.py:613} INFO - Processing file /home/paolo/Documents/Github/case-study-1-october2020-data-sweepers/DataExtraction/ENV/lib/python3.8/site-packages/airflow/example_dags/tutorial_taskflow_api_etl.py for tasks to queue
[2021-08-28 23:43:32,257] {logging_mixin.py:109} INFO - [2021-08-28 23:43:32,257] {dagbag.py:496} INFO - Filling up the DagBag from /home/paolo/Documents/Github/case-study-1-october2020-data-sweepers/DataExtraction/ENV/lib/python3.8/site-packages/airflow/example_dags/tutorial_taskflow_api_etl.py
[2021-08-28 23:43:32,278] {processor.py:623} INFO - DAG(s) dict_keys(['tutorial_taskflow_api_etl']) retrieved from /home/paolo/Documents/Github/case-study-1-october2020-data-sweepers/DataExtraction/ENV/lib/python3.8/site-packages/airflow/example_dags/tutorial_taskflow_api_etl.py
[2021-08-28 23:43:32,517] {logging_mixin.py:109} INFO - [2021-08-28 23:43:32,517] {dag.py:1833} INFO - Sync 1 DAGs
[2021-08-28 23:43:32,524] {logging_mixin.py:109} INFO - [2021-08-28 23:43:32,524] {dag.py:2306} INFO - Setting next_dagrun for tutorial_taskflow_api_etl to None
[2021-08-28 23:43:32,542] {processor.py:170} INFO - Processing /home/paolo/Documents/Github/case-study-1-october2020-data-sweepers/DataExtraction/ENV/lib/python3.8/site-packages/airflow/example_dags/tutorial_taskflow_api_etl.py took 0.297 seconds
[2021-08-28 23:44:03,675] {processor.py:162} INFO - Started process (PID=14451) to work on /home/paolo/Documents/Github/case-study-1-october2020-data-sweepers/DataExtraction/ENV/lib/python3.8/site-packages/airflow/example_dags/tutorial_taskflow_api_etl.py
[2021-08-28 23:44:03,677] {processor.py:613} INFO - Processing file /home/paolo/Documents/Github/case-study-1-october2020-data-sweepers/DataExtraction/ENV/lib/python3.8/site-packages/airflow/example_dags/tutorial_taskflow_api_etl.py for tasks to queue
[2021-08-28 23:44:03,677] {logging_mixin.py:109} INFO - [2021-08-28 23:44:03,677] {dagbag.py:496} INFO - Filling up the DagBag from /home/paolo/Documents/Github/case-study-1-october2020-data-sweepers/DataExtraction/ENV/lib/python3.8/site-packages/airflow/example_dags/tutorial_taskflow_api_etl.py
[2021-08-28 23:44:03,690] {processor.py:623} INFO - DAG(s) dict_keys(['tutorial_taskflow_api_etl']) retrieved from /home/paolo/Documents/Github/case-study-1-october2020-data-sweepers/DataExtraction/ENV/lib/python3.8/site-packages/airflow/example_dags/tutorial_taskflow_api_etl.py
[2021-08-28 23:44:03,929] {logging_mixin.py:109} INFO - [2021-08-28 23:44:03,929] {dag.py:1833} INFO - Sync 1 DAGs
[2021-08-28 23:44:03,938] {logging_mixin.py:109} INFO - [2021-08-28 23:44:03,937] {dag.py:2306} INFO - Setting next_dagrun for tutorial_taskflow_api_etl to None
[2021-08-28 23:44:03,954] {processor.py:170} INFO - Processing /home/paolo/Documents/Github/case-study-1-october2020-data-sweepers/DataExtraction/ENV/lib/python3.8/site-packages/airflow/example_dags/tutorial_taskflow_api_etl.py took 0.281 seconds
[2021-08-28 23:44:36,162] {processor.py:162} INFO - Started process (PID=14528) to work on /home/paolo/Documents/Github/case-study-1-october2020-data-sweepers/DataExtraction/ENV/lib/python3.8/site-packages/airflow/example_dags/tutorial_taskflow_api_etl.py
[2021-08-28 23:44:36,163] {processor.py:613} INFO - Processing file /home/paolo/Documents/Github/case-study-1-october2020-data-sweepers/DataExtraction/ENV/lib/python3.8/site-packages/airflow/example_dags/tutorial_taskflow_api_etl.py for tasks to queue
[2021-08-28 23:44:36,164] {logging_mixin.py:109} INFO - [2021-08-28 23:44:36,164] {dagbag.py:496} INFO - Filling up the DagBag from /home/paolo/Documents/Github/case-study-1-october2020-data-sweepers/DataExtraction/ENV/lib/python3.8/site-packages/airflow/example_dags/tutorial_taskflow_api_etl.py
[2021-08-28 23:44:36,200] {processor.py:623} INFO - DAG(s) dict_keys(['tutorial_taskflow_api_etl']) retrieved from /home/paolo/Documents/Github/case-study-1-october2020-data-sweepers/DataExtraction/ENV/lib/python3.8/site-packages/airflow/example_dags/tutorial_taskflow_api_etl.py
[2021-08-28 23:44:36,703] {logging_mixin.py:109} INFO - [2021-08-28 23:44:36,703] {dag.py:1833} INFO - Sync 1 DAGs
[2021-08-28 23:44:36,720] {logging_mixin.py:109} INFO - [2021-08-28 23:44:36,720] {dag.py:2306} INFO - Setting next_dagrun for tutorial_taskflow_api_etl to None
[2021-08-28 23:44:36,749] {processor.py:170} INFO - Processing /home/paolo/Documents/Github/case-study-1-october2020-data-sweepers/DataExtraction/ENV/lib/python3.8/site-packages/airflow/example_dags/tutorial_taskflow_api_etl.py took 0.596 seconds
[2021-08-28 23:45:12,239] {processor.py:162} INFO - Started process (PID=14588) to work on /home/paolo/Documents/Github/case-study-1-october2020-data-sweepers/DataExtraction/ENV/lib/python3.8/site-packages/airflow/example_dags/tutorial_taskflow_api_etl.py
[2021-08-28 23:45:12,240] {processor.py:613} INFO - Processing file /home/paolo/Documents/Github/case-study-1-october2020-data-sweepers/DataExtraction/ENV/lib/python3.8/site-packages/airflow/example_dags/tutorial_taskflow_api_etl.py for tasks to queue
[2021-08-28 23:45:12,241] {logging_mixin.py:109} INFO - [2021-08-28 23:45:12,241] {dagbag.py:496} INFO - Filling up the DagBag from /home/paolo/Documents/Github/case-study-1-october2020-data-sweepers/DataExtraction/ENV/lib/python3.8/site-packages/airflow/example_dags/tutorial_taskflow_api_etl.py
[2021-08-28 23:45:12,278] {processor.py:623} INFO - DAG(s) dict_keys(['tutorial_taskflow_api_etl']) retrieved from /home/paolo/Documents/Github/case-study-1-october2020-data-sweepers/DataExtraction/ENV/lib/python3.8/site-packages/airflow/example_dags/tutorial_taskflow_api_etl.py
[2021-08-28 23:45:12,888] {logging_mixin.py:109} INFO - [2021-08-28 23:45:12,888] {dag.py:1833} INFO - Sync 1 DAGs
[2021-08-28 23:45:12,908] {logging_mixin.py:109} INFO - [2021-08-28 23:45:12,908] {dag.py:2306} INFO - Setting next_dagrun for tutorial_taskflow_api_etl to None
[2021-08-28 23:45:12,946] {processor.py:170} INFO - Processing /home/paolo/Documents/Github/case-study-1-october2020-data-sweepers/DataExtraction/ENV/lib/python3.8/site-packages/airflow/example_dags/tutorial_taskflow_api_etl.py took 0.710 seconds
[2021-08-28 23:45:44,148] {processor.py:162} INFO - Started process (PID=14643) to work on /home/paolo/Documents/Github/case-study-1-october2020-data-sweepers/DataExtraction/ENV/lib/python3.8/site-packages/airflow/example_dags/tutorial_taskflow_api_etl.py
[2021-08-28 23:45:44,150] {processor.py:613} INFO - Processing file /home/paolo/Documents/Github/case-study-1-october2020-data-sweepers/DataExtraction/ENV/lib/python3.8/site-packages/airflow/example_dags/tutorial_taskflow_api_etl.py for tasks to queue
[2021-08-28 23:45:44,150] {logging_mixin.py:109} INFO - [2021-08-28 23:45:44,150] {dagbag.py:496} INFO - Filling up the DagBag from /home/paolo/Documents/Github/case-study-1-october2020-data-sweepers/DataExtraction/ENV/lib/python3.8/site-packages/airflow/example_dags/tutorial_taskflow_api_etl.py
[2021-08-28 23:45:44,181] {processor.py:623} INFO - DAG(s) dict_keys(['tutorial_taskflow_api_etl']) retrieved from /home/paolo/Documents/Github/case-study-1-october2020-data-sweepers/DataExtraction/ENV/lib/python3.8/site-packages/airflow/example_dags/tutorial_taskflow_api_etl.py
[2021-08-28 23:45:44,820] {logging_mixin.py:109} INFO - [2021-08-28 23:45:44,820] {dag.py:1833} INFO - Sync 1 DAGs
[2021-08-28 23:45:44,834] {logging_mixin.py:109} INFO - [2021-08-28 23:45:44,834] {dag.py:2306} INFO - Setting next_dagrun for tutorial_taskflow_api_etl to None
[2021-08-28 23:45:44,853] {processor.py:170} INFO - Processing /home/paolo/Documents/Github/case-study-1-october2020-data-sweepers/DataExtraction/ENV/lib/python3.8/site-packages/airflow/example_dags/tutorial_taskflow_api_etl.py took 0.708 seconds
[2021-08-28 23:46:15,337] {processor.py:162} INFO - Started process (PID=14689) to work on /home/paolo/Documents/Github/case-study-1-october2020-data-sweepers/DataExtraction/ENV/lib/python3.8/site-packages/airflow/example_dags/tutorial_taskflow_api_etl.py
[2021-08-28 23:46:15,338] {processor.py:613} INFO - Processing file /home/paolo/Documents/Github/case-study-1-october2020-data-sweepers/DataExtraction/ENV/lib/python3.8/site-packages/airflow/example_dags/tutorial_taskflow_api_etl.py for tasks to queue
[2021-08-28 23:46:15,339] {logging_mixin.py:109} INFO - [2021-08-28 23:46:15,339] {dagbag.py:496} INFO - Filling up the DagBag from /home/paolo/Documents/Github/case-study-1-october2020-data-sweepers/DataExtraction/ENV/lib/python3.8/site-packages/airflow/example_dags/tutorial_taskflow_api_etl.py
[2021-08-28 23:46:15,373] {processor.py:623} INFO - DAG(s) dict_keys(['tutorial_taskflow_api_etl']) retrieved from /home/paolo/Documents/Github/case-study-1-october2020-data-sweepers/DataExtraction/ENV/lib/python3.8/site-packages/airflow/example_dags/tutorial_taskflow_api_etl.py
[2021-08-28 23:46:16,025] {logging_mixin.py:109} INFO - [2021-08-28 23:46:16,025] {dag.py:1833} INFO - Sync 1 DAGs
[2021-08-28 23:46:16,050] {logging_mixin.py:109} INFO - [2021-08-28 23:46:16,050] {dag.py:2306} INFO - Setting next_dagrun for tutorial_taskflow_api_etl to None
[2021-08-28 23:46:16,091] {processor.py:170} INFO - Processing /home/paolo/Documents/Github/case-study-1-october2020-data-sweepers/DataExtraction/ENV/lib/python3.8/site-packages/airflow/example_dags/tutorial_taskflow_api_etl.py took 0.759 seconds
[2021-08-28 23:46:53,642] {processor.py:162} INFO - Started process (PID=14769) to work on /home/paolo/Documents/Github/case-study-1-october2020-data-sweepers/DataExtraction/ENV/lib/python3.8/site-packages/airflow/example_dags/tutorial_taskflow_api_etl.py
[2021-08-28 23:46:53,648] {processor.py:613} INFO - Processing file /home/paolo/Documents/Github/case-study-1-october2020-data-sweepers/DataExtraction/ENV/lib/python3.8/site-packages/airflow/example_dags/tutorial_taskflow_api_etl.py for tasks to queue
[2021-08-28 23:46:53,649] {logging_mixin.py:109} INFO - [2021-08-28 23:46:53,649] {dagbag.py:496} INFO - Filling up the DagBag from /home/paolo/Documents/Github/case-study-1-october2020-data-sweepers/DataExtraction/ENV/lib/python3.8/site-packages/airflow/example_dags/tutorial_taskflow_api_etl.py
[2021-08-28 23:46:53,685] {processor.py:623} INFO - DAG(s) dict_keys(['tutorial_taskflow_api_etl']) retrieved from /home/paolo/Documents/Github/case-study-1-october2020-data-sweepers/DataExtraction/ENV/lib/python3.8/site-packages/airflow/example_dags/tutorial_taskflow_api_etl.py
[2021-08-28 23:46:54,275] {logging_mixin.py:109} INFO - [2021-08-28 23:46:54,274] {dag.py:1833} INFO - Sync 1 DAGs
[2021-08-28 23:46:54,290] {logging_mixin.py:109} INFO - [2021-08-28 23:46:54,290] {dag.py:2306} INFO - Setting next_dagrun for tutorial_taskflow_api_etl to None
[2021-08-28 23:46:54,328] {processor.py:170} INFO - Processing /home/paolo/Documents/Github/case-study-1-october2020-data-sweepers/DataExtraction/ENV/lib/python3.8/site-packages/airflow/example_dags/tutorial_taskflow_api_etl.py took 0.691 seconds
[2021-08-28 23:47:31,312] {processor.py:162} INFO - Started process (PID=14855) to work on /home/paolo/Documents/Github/case-study-1-october2020-data-sweepers/DataExtraction/ENV/lib/python3.8/site-packages/airflow/example_dags/tutorial_taskflow_api_etl.py
[2021-08-28 23:47:31,316] {processor.py:613} INFO - Processing file /home/paolo/Documents/Github/case-study-1-october2020-data-sweepers/DataExtraction/ENV/lib/python3.8/site-packages/airflow/example_dags/tutorial_taskflow_api_etl.py for tasks to queue
[2021-08-28 23:47:31,318] {logging_mixin.py:109} INFO - [2021-08-28 23:47:31,317] {dagbag.py:496} INFO - Filling up the DagBag from /home/paolo/Documents/Github/case-study-1-october2020-data-sweepers/DataExtraction/ENV/lib/python3.8/site-packages/airflow/example_dags/tutorial_taskflow_api_etl.py
[2021-08-28 23:47:31,358] {processor.py:623} INFO - DAG(s) dict_keys(['tutorial_taskflow_api_etl']) retrieved from /home/paolo/Documents/Github/case-study-1-october2020-data-sweepers/DataExtraction/ENV/lib/python3.8/site-packages/airflow/example_dags/tutorial_taskflow_api_etl.py
[2021-08-28 23:47:31,943] {logging_mixin.py:109} INFO - [2021-08-28 23:47:31,942] {dag.py:1833} INFO - Sync 1 DAGs
[2021-08-28 23:47:31,959] {logging_mixin.py:109} INFO - [2021-08-28 23:47:31,959] {dag.py:2306} INFO - Setting next_dagrun for tutorial_taskflow_api_etl to None
[2021-08-28 23:47:31,984] {processor.py:170} INFO - Processing /home/paolo/Documents/Github/case-study-1-october2020-data-sweepers/DataExtraction/ENV/lib/python3.8/site-packages/airflow/example_dags/tutorial_taskflow_api_etl.py took 0.675 seconds
[2021-08-28 23:48:11,517] {processor.py:162} INFO - Started process (PID=14921) to work on /home/paolo/Documents/Github/case-study-1-october2020-data-sweepers/DataExtraction/ENV/lib/python3.8/site-packages/airflow/example_dags/tutorial_taskflow_api_etl.py
[2021-08-28 23:48:11,518] {processor.py:613} INFO - Processing file /home/paolo/Documents/Github/case-study-1-october2020-data-sweepers/DataExtraction/ENV/lib/python3.8/site-packages/airflow/example_dags/tutorial_taskflow_api_etl.py for tasks to queue
[2021-08-28 23:48:11,520] {logging_mixin.py:109} INFO - [2021-08-28 23:48:11,519] {dagbag.py:496} INFO - Filling up the DagBag from /home/paolo/Documents/Github/case-study-1-october2020-data-sweepers/DataExtraction/ENV/lib/python3.8/site-packages/airflow/example_dags/tutorial_taskflow_api_etl.py
[2021-08-28 23:48:11,571] {processor.py:623} INFO - DAG(s) dict_keys(['tutorial_taskflow_api_etl']) retrieved from /home/paolo/Documents/Github/case-study-1-october2020-data-sweepers/DataExtraction/ENV/lib/python3.8/site-packages/airflow/example_dags/tutorial_taskflow_api_etl.py
[2021-08-28 23:48:12,243] {logging_mixin.py:109} INFO - [2021-08-28 23:48:12,243] {dag.py:1833} INFO - Sync 1 DAGs
[2021-08-28 23:48:12,258] {logging_mixin.py:109} INFO - [2021-08-28 23:48:12,258] {dag.py:2306} INFO - Setting next_dagrun for tutorial_taskflow_api_etl to None
[2021-08-28 23:48:12,286] {processor.py:170} INFO - Processing /home/paolo/Documents/Github/case-study-1-october2020-data-sweepers/DataExtraction/ENV/lib/python3.8/site-packages/airflow/example_dags/tutorial_taskflow_api_etl.py took 0.773 seconds
[2021-08-28 23:48:42,847] {processor.py:162} INFO - Started process (PID=14972) to work on /home/paolo/Documents/Github/case-study-1-october2020-data-sweepers/DataExtraction/ENV/lib/python3.8/site-packages/airflow/example_dags/tutorial_taskflow_api_etl.py
[2021-08-28 23:48:42,848] {processor.py:613} INFO - Processing file /home/paolo/Documents/Github/case-study-1-october2020-data-sweepers/DataExtraction/ENV/lib/python3.8/site-packages/airflow/example_dags/tutorial_taskflow_api_etl.py for tasks to queue
[2021-08-28 23:48:42,849] {logging_mixin.py:109} INFO - [2021-08-28 23:48:42,849] {dagbag.py:496} INFO - Filling up the DagBag from /home/paolo/Documents/Github/case-study-1-october2020-data-sweepers/DataExtraction/ENV/lib/python3.8/site-packages/airflow/example_dags/tutorial_taskflow_api_etl.py
[2021-08-28 23:48:42,897] {processor.py:623} INFO - DAG(s) dict_keys(['tutorial_taskflow_api_etl']) retrieved from /home/paolo/Documents/Github/case-study-1-october2020-data-sweepers/DataExtraction/ENV/lib/python3.8/site-packages/airflow/example_dags/tutorial_taskflow_api_etl.py
[2021-08-28 23:48:43,566] {logging_mixin.py:109} INFO - [2021-08-28 23:48:43,566] {dag.py:1833} INFO - Sync 1 DAGs
[2021-08-28 23:48:43,586] {logging_mixin.py:109} INFO - [2021-08-28 23:48:43,585] {dag.py:2306} INFO - Setting next_dagrun for tutorial_taskflow_api_etl to None
[2021-08-28 23:48:43,628] {processor.py:170} INFO - Processing /home/paolo/Documents/Github/case-study-1-october2020-data-sweepers/DataExtraction/ENV/lib/python3.8/site-packages/airflow/example_dags/tutorial_taskflow_api_etl.py took 0.791 seconds
[2021-08-28 23:49:19,646] {processor.py:162} INFO - Started process (PID=15083) to work on /home/paolo/Documents/Github/case-study-1-october2020-data-sweepers/DataExtraction/ENV/lib/python3.8/site-packages/airflow/example_dags/tutorial_taskflow_api_etl.py
[2021-08-28 23:49:19,652] {processor.py:613} INFO - Processing file /home/paolo/Documents/Github/case-study-1-october2020-data-sweepers/DataExtraction/ENV/lib/python3.8/site-packages/airflow/example_dags/tutorial_taskflow_api_etl.py for tasks to queue
[2021-08-28 23:49:19,653] {logging_mixin.py:109} INFO - [2021-08-28 23:49:19,652] {dagbag.py:496} INFO - Filling up the DagBag from /home/paolo/Documents/Github/case-study-1-october2020-data-sweepers/DataExtraction/ENV/lib/python3.8/site-packages/airflow/example_dags/tutorial_taskflow_api_etl.py
[2021-08-28 23:49:19,679] {processor.py:623} INFO - DAG(s) dict_keys(['tutorial_taskflow_api_etl']) retrieved from /home/paolo/Documents/Github/case-study-1-october2020-data-sweepers/DataExtraction/ENV/lib/python3.8/site-packages/airflow/example_dags/tutorial_taskflow_api_etl.py
[2021-08-28 23:49:20,202] {logging_mixin.py:109} INFO - [2021-08-28 23:49:20,202] {dag.py:1833} INFO - Sync 1 DAGs
[2021-08-28 23:49:20,213] {logging_mixin.py:109} INFO - [2021-08-28 23:49:20,213] {dag.py:2306} INFO - Setting next_dagrun for tutorial_taskflow_api_etl to None
[2021-08-28 23:49:20,243] {processor.py:170} INFO - Processing /home/paolo/Documents/Github/case-study-1-october2020-data-sweepers/DataExtraction/ENV/lib/python3.8/site-packages/airflow/example_dags/tutorial_taskflow_api_etl.py took 0.601 seconds
[2021-08-28 23:49:50,731] {processor.py:162} INFO - Started process (PID=15148) to work on /home/paolo/Documents/Github/case-study-1-october2020-data-sweepers/DataExtraction/ENV/lib/python3.8/site-packages/airflow/example_dags/tutorial_taskflow_api_etl.py
[2021-08-28 23:49:50,732] {processor.py:613} INFO - Processing file /home/paolo/Documents/Github/case-study-1-october2020-data-sweepers/DataExtraction/ENV/lib/python3.8/site-packages/airflow/example_dags/tutorial_taskflow_api_etl.py for tasks to queue
[2021-08-28 23:49:50,733] {logging_mixin.py:109} INFO - [2021-08-28 23:49:50,733] {dagbag.py:496} INFO - Filling up the DagBag from /home/paolo/Documents/Github/case-study-1-october2020-data-sweepers/DataExtraction/ENV/lib/python3.8/site-packages/airflow/example_dags/tutorial_taskflow_api_etl.py
[2021-08-28 23:49:50,755] {processor.py:623} INFO - DAG(s) dict_keys(['tutorial_taskflow_api_etl']) retrieved from /home/paolo/Documents/Github/case-study-1-october2020-data-sweepers/DataExtraction/ENV/lib/python3.8/site-packages/airflow/example_dags/tutorial_taskflow_api_etl.py
[2021-08-28 23:49:51,135] {logging_mixin.py:109} INFO - [2021-08-28 23:49:51,135] {dag.py:1833} INFO - Sync 1 DAGs
[2021-08-28 23:49:51,144] {logging_mixin.py:109} INFO - [2021-08-28 23:49:51,144] {dag.py:2306} INFO - Setting next_dagrun for tutorial_taskflow_api_etl to None
[2021-08-28 23:49:51,165] {processor.py:170} INFO - Processing /home/paolo/Documents/Github/case-study-1-october2020-data-sweepers/DataExtraction/ENV/lib/python3.8/site-packages/airflow/example_dags/tutorial_taskflow_api_etl.py took 0.438 seconds
[2021-08-28 23:50:22,152] {processor.py:162} INFO - Started process (PID=15219) to work on /home/paolo/Documents/Github/case-study-1-october2020-data-sweepers/DataExtraction/ENV/lib/python3.8/site-packages/airflow/example_dags/tutorial_taskflow_api_etl.py
[2021-08-28 23:50:22,154] {processor.py:613} INFO - Processing file /home/paolo/Documents/Github/case-study-1-october2020-data-sweepers/DataExtraction/ENV/lib/python3.8/site-packages/airflow/example_dags/tutorial_taskflow_api_etl.py for tasks to queue
[2021-08-28 23:50:22,154] {logging_mixin.py:109} INFO - [2021-08-28 23:50:22,154] {dagbag.py:496} INFO - Filling up the DagBag from /home/paolo/Documents/Github/case-study-1-october2020-data-sweepers/DataExtraction/ENV/lib/python3.8/site-packages/airflow/example_dags/tutorial_taskflow_api_etl.py
[2021-08-28 23:50:22,184] {processor.py:623} INFO - DAG(s) dict_keys(['tutorial_taskflow_api_etl']) retrieved from /home/paolo/Documents/Github/case-study-1-october2020-data-sweepers/DataExtraction/ENV/lib/python3.8/site-packages/airflow/example_dags/tutorial_taskflow_api_etl.py
[2021-08-28 23:50:22,574] {logging_mixin.py:109} INFO - [2021-08-28 23:50:22,573] {dag.py:1833} INFO - Sync 1 DAGs
[2021-08-28 23:50:22,586] {logging_mixin.py:109} INFO - [2021-08-28 23:50:22,585] {dag.py:2306} INFO - Setting next_dagrun for tutorial_taskflow_api_etl to None
[2021-08-28 23:50:22,602] {processor.py:170} INFO - Processing /home/paolo/Documents/Github/case-study-1-october2020-data-sweepers/DataExtraction/ENV/lib/python3.8/site-packages/airflow/example_dags/tutorial_taskflow_api_etl.py took 0.453 seconds
[2021-08-28 23:50:54,971] {processor.py:162} INFO - Started process (PID=15284) to work on /home/paolo/Documents/Github/case-study-1-october2020-data-sweepers/DataExtraction/ENV/lib/python3.8/site-packages/airflow/example_dags/tutorial_taskflow_api_etl.py
[2021-08-28 23:50:54,977] {processor.py:613} INFO - Processing file /home/paolo/Documents/Github/case-study-1-october2020-data-sweepers/DataExtraction/ENV/lib/python3.8/site-packages/airflow/example_dags/tutorial_taskflow_api_etl.py for tasks to queue
[2021-08-28 23:50:54,978] {logging_mixin.py:109} INFO - [2021-08-28 23:50:54,977] {dagbag.py:496} INFO - Filling up the DagBag from /home/paolo/Documents/Github/case-study-1-october2020-data-sweepers/DataExtraction/ENV/lib/python3.8/site-packages/airflow/example_dags/tutorial_taskflow_api_etl.py
[2021-08-28 23:50:55,001] {processor.py:623} INFO - DAG(s) dict_keys(['tutorial_taskflow_api_etl']) retrieved from /home/paolo/Documents/Github/case-study-1-october2020-data-sweepers/DataExtraction/ENV/lib/python3.8/site-packages/airflow/example_dags/tutorial_taskflow_api_etl.py
[2021-08-28 23:50:55,510] {logging_mixin.py:109} INFO - [2021-08-28 23:50:55,510] {dag.py:1833} INFO - Sync 1 DAGs
[2021-08-28 23:50:55,526] {logging_mixin.py:109} INFO - [2021-08-28 23:50:55,525] {dag.py:2306} INFO - Setting next_dagrun for tutorial_taskflow_api_etl to None
[2021-08-28 23:50:55,548] {processor.py:170} INFO - Processing /home/paolo/Documents/Github/case-study-1-october2020-data-sweepers/DataExtraction/ENV/lib/python3.8/site-packages/airflow/example_dags/tutorial_taskflow_api_etl.py took 0.581 seconds
[2021-08-28 23:51:29,382] {processor.py:162} INFO - Started process (PID=15356) to work on /home/paolo/Documents/Github/case-study-1-october2020-data-sweepers/DataExtraction/ENV/lib/python3.8/site-packages/airflow/example_dags/tutorial_taskflow_api_etl.py
[2021-08-28 23:51:29,385] {processor.py:613} INFO - Processing file /home/paolo/Documents/Github/case-study-1-october2020-data-sweepers/DataExtraction/ENV/lib/python3.8/site-packages/airflow/example_dags/tutorial_taskflow_api_etl.py for tasks to queue
[2021-08-28 23:51:29,386] {logging_mixin.py:109} INFO - [2021-08-28 23:51:29,386] {dagbag.py:496} INFO - Filling up the DagBag from /home/paolo/Documents/Github/case-study-1-october2020-data-sweepers/DataExtraction/ENV/lib/python3.8/site-packages/airflow/example_dags/tutorial_taskflow_api_etl.py
[2021-08-28 23:51:29,405] {processor.py:623} INFO - DAG(s) dict_keys(['tutorial_taskflow_api_etl']) retrieved from /home/paolo/Documents/Github/case-study-1-october2020-data-sweepers/DataExtraction/ENV/lib/python3.8/site-packages/airflow/example_dags/tutorial_taskflow_api_etl.py
[2021-08-28 23:51:29,416] {logging_mixin.py:109} INFO - [2021-08-28 23:51:29,416] {dag.py:1833} INFO - Sync 1 DAGs
[2021-08-28 23:51:29,425] {logging_mixin.py:109} INFO - [2021-08-28 23:51:29,425] {dag.py:2306} INFO - Setting next_dagrun for tutorial_taskflow_api_etl to None
[2021-08-28 23:51:29,441] {processor.py:170} INFO - Processing /home/paolo/Documents/Github/case-study-1-october2020-data-sweepers/DataExtraction/ENV/lib/python3.8/site-packages/airflow/example_dags/tutorial_taskflow_api_etl.py took 0.068 seconds
[2021-08-28 23:52:01,037] {processor.py:162} INFO - Started process (PID=15446) to work on /home/paolo/Documents/Github/case-study-1-october2020-data-sweepers/DataExtraction/ENV/lib/python3.8/site-packages/airflow/example_dags/tutorial_taskflow_api_etl.py
[2021-08-28 23:52:01,041] {processor.py:613} INFO - Processing file /home/paolo/Documents/Github/case-study-1-october2020-data-sweepers/DataExtraction/ENV/lib/python3.8/site-packages/airflow/example_dags/tutorial_taskflow_api_etl.py for tasks to queue
[2021-08-28 23:52:01,043] {logging_mixin.py:109} INFO - [2021-08-28 23:52:01,043] {dagbag.py:496} INFO - Filling up the DagBag from /home/paolo/Documents/Github/case-study-1-october2020-data-sweepers/DataExtraction/ENV/lib/python3.8/site-packages/airflow/example_dags/tutorial_taskflow_api_etl.py
[2021-08-28 23:52:01,099] {processor.py:623} INFO - DAG(s) dict_keys(['tutorial_taskflow_api_etl']) retrieved from /home/paolo/Documents/Github/case-study-1-october2020-data-sweepers/DataExtraction/ENV/lib/python3.8/site-packages/airflow/example_dags/tutorial_taskflow_api_etl.py
[2021-08-28 23:52:01,455] {logging_mixin.py:109} INFO - [2021-08-28 23:52:01,455] {dag.py:1833} INFO - Sync 1 DAGs
[2021-08-28 23:52:01,465] {logging_mixin.py:109} INFO - [2021-08-28 23:52:01,465] {dag.py:2306} INFO - Setting next_dagrun for tutorial_taskflow_api_etl to None
[2021-08-28 23:52:01,485] {processor.py:170} INFO - Processing /home/paolo/Documents/Github/case-study-1-october2020-data-sweepers/DataExtraction/ENV/lib/python3.8/site-packages/airflow/example_dags/tutorial_taskflow_api_etl.py took 0.457 seconds
[2021-08-28 23:52:31,662] {processor.py:162} INFO - Started process (PID=15557) to work on /home/paolo/Documents/Github/case-study-1-october2020-data-sweepers/DataExtraction/ENV/lib/python3.8/site-packages/airflow/example_dags/tutorial_taskflow_api_etl.py
[2021-08-28 23:52:31,665] {processor.py:613} INFO - Processing file /home/paolo/Documents/Github/case-study-1-october2020-data-sweepers/DataExtraction/ENV/lib/python3.8/site-packages/airflow/example_dags/tutorial_taskflow_api_etl.py for tasks to queue
[2021-08-28 23:52:31,667] {logging_mixin.py:109} INFO - [2021-08-28 23:52:31,667] {dagbag.py:496} INFO - Filling up the DagBag from /home/paolo/Documents/Github/case-study-1-october2020-data-sweepers/DataExtraction/ENV/lib/python3.8/site-packages/airflow/example_dags/tutorial_taskflow_api_etl.py
[2021-08-28 23:52:31,688] {processor.py:623} INFO - DAG(s) dict_keys(['tutorial_taskflow_api_etl']) retrieved from /home/paolo/Documents/Github/case-study-1-october2020-data-sweepers/DataExtraction/ENV/lib/python3.8/site-packages/airflow/example_dags/tutorial_taskflow_api_etl.py
[2021-08-28 23:52:31,924] {logging_mixin.py:109} INFO - [2021-08-28 23:52:31,924] {dag.py:1833} INFO - Sync 1 DAGs
[2021-08-28 23:52:31,935] {logging_mixin.py:109} INFO - [2021-08-28 23:52:31,935] {dag.py:2306} INFO - Setting next_dagrun for tutorial_taskflow_api_etl to None
[2021-08-28 23:52:31,955] {processor.py:170} INFO - Processing /home/paolo/Documents/Github/case-study-1-october2020-data-sweepers/DataExtraction/ENV/lib/python3.8/site-packages/airflow/example_dags/tutorial_taskflow_api_etl.py took 0.302 seconds
[2021-08-28 23:53:04,838] {processor.py:162} INFO - Started process (PID=15627) to work on /home/paolo/Documents/Github/case-study-1-october2020-data-sweepers/DataExtraction/ENV/lib/python3.8/site-packages/airflow/example_dags/tutorial_taskflow_api_etl.py
[2021-08-28 23:53:04,841] {processor.py:613} INFO - Processing file /home/paolo/Documents/Github/case-study-1-october2020-data-sweepers/DataExtraction/ENV/lib/python3.8/site-packages/airflow/example_dags/tutorial_taskflow_api_etl.py for tasks to queue
[2021-08-28 23:53:04,842] {logging_mixin.py:109} INFO - [2021-08-28 23:53:04,841] {dagbag.py:496} INFO - Filling up the DagBag from /home/paolo/Documents/Github/case-study-1-october2020-data-sweepers/DataExtraction/ENV/lib/python3.8/site-packages/airflow/example_dags/tutorial_taskflow_api_etl.py
[2021-08-28 23:53:04,859] {processor.py:623} INFO - DAG(s) dict_keys(['tutorial_taskflow_api_etl']) retrieved from /home/paolo/Documents/Github/case-study-1-october2020-data-sweepers/DataExtraction/ENV/lib/python3.8/site-packages/airflow/example_dags/tutorial_taskflow_api_etl.py
[2021-08-28 23:53:05,129] {logging_mixin.py:109} INFO - [2021-08-28 23:53:05,129] {dag.py:1833} INFO - Sync 1 DAGs
[2021-08-28 23:53:05,136] {logging_mixin.py:109} INFO - [2021-08-28 23:53:05,136] {dag.py:2306} INFO - Setting next_dagrun for tutorial_taskflow_api_etl to None
[2021-08-28 23:53:05,155] {processor.py:170} INFO - Processing /home/paolo/Documents/Github/case-study-1-october2020-data-sweepers/DataExtraction/ENV/lib/python3.8/site-packages/airflow/example_dags/tutorial_taskflow_api_etl.py took 0.323 seconds
[2021-08-28 23:53:36,076] {processor.py:162} INFO - Started process (PID=15706) to work on /home/paolo/Documents/Github/case-study-1-october2020-data-sweepers/DataExtraction/ENV/lib/python3.8/site-packages/airflow/example_dags/tutorial_taskflow_api_etl.py
[2021-08-28 23:53:36,078] {processor.py:613} INFO - Processing file /home/paolo/Documents/Github/case-study-1-october2020-data-sweepers/DataExtraction/ENV/lib/python3.8/site-packages/airflow/example_dags/tutorial_taskflow_api_etl.py for tasks to queue
[2021-08-28 23:53:36,080] {logging_mixin.py:109} INFO - [2021-08-28 23:53:36,079] {dagbag.py:496} INFO - Filling up the DagBag from /home/paolo/Documents/Github/case-study-1-october2020-data-sweepers/DataExtraction/ENV/lib/python3.8/site-packages/airflow/example_dags/tutorial_taskflow_api_etl.py
[2021-08-28 23:53:36,097] {processor.py:623} INFO - DAG(s) dict_keys(['tutorial_taskflow_api_etl']) retrieved from /home/paolo/Documents/Github/case-study-1-october2020-data-sweepers/DataExtraction/ENV/lib/python3.8/site-packages/airflow/example_dags/tutorial_taskflow_api_etl.py
[2021-08-28 23:53:36,329] {logging_mixin.py:109} INFO - [2021-08-28 23:53:36,329] {dag.py:1833} INFO - Sync 1 DAGs
[2021-08-28 23:53:36,336] {logging_mixin.py:109} INFO - [2021-08-28 23:53:36,336] {dag.py:2306} INFO - Setting next_dagrun for tutorial_taskflow_api_etl to None
[2021-08-28 23:53:36,352] {processor.py:170} INFO - Processing /home/paolo/Documents/Github/case-study-1-october2020-data-sweepers/DataExtraction/ENV/lib/python3.8/site-packages/airflow/example_dags/tutorial_taskflow_api_etl.py took 0.283 seconds
[2021-08-28 23:55:44,793] {processor.py:162} INFO - Started process (PID=16161) to work on /home/paolo/Documents/Github/case-study-1-october2020-data-sweepers/DataExtraction/ENV/lib/python3.8/site-packages/airflow/example_dags/tutorial_taskflow_api_etl.py
[2021-08-28 23:55:44,794] {processor.py:613} INFO - Processing file /home/paolo/Documents/Github/case-study-1-october2020-data-sweepers/DataExtraction/ENV/lib/python3.8/site-packages/airflow/example_dags/tutorial_taskflow_api_etl.py for tasks to queue
[2021-08-28 23:55:44,795] {logging_mixin.py:109} INFO - [2021-08-28 23:55:44,795] {dagbag.py:496} INFO - Filling up the DagBag from /home/paolo/Documents/Github/case-study-1-october2020-data-sweepers/DataExtraction/ENV/lib/python3.8/site-packages/airflow/example_dags/tutorial_taskflow_api_etl.py
[2021-08-28 23:55:44,812] {processor.py:623} INFO - DAG(s) dict_keys(['tutorial_taskflow_api_etl']) retrieved from /home/paolo/Documents/Github/case-study-1-october2020-data-sweepers/DataExtraction/ENV/lib/python3.8/site-packages/airflow/example_dags/tutorial_taskflow_api_etl.py
[2021-08-28 23:55:45,175] {logging_mixin.py:109} INFO - [2021-08-28 23:55:45,174] {dag.py:1833} INFO - Sync 1 DAGs
[2021-08-28 23:55:45,187] {logging_mixin.py:109} INFO - [2021-08-28 23:55:45,186] {dag.py:2306} INFO - Setting next_dagrun for tutorial_taskflow_api_etl to None
[2021-08-28 23:55:45,208] {processor.py:170} INFO - Processing /home/paolo/Documents/Github/case-study-1-october2020-data-sweepers/DataExtraction/ENV/lib/python3.8/site-packages/airflow/example_dags/tutorial_taskflow_api_etl.py took 0.417 seconds
[2021-08-28 23:56:24,169] {processor.py:162} INFO - Started process (PID=16466) to work on /home/paolo/Documents/Github/case-study-1-october2020-data-sweepers/DataExtraction/ENV/lib/python3.8/site-packages/airflow/example_dags/tutorial_taskflow_api_etl.py
[2021-08-28 23:56:24,172] {processor.py:613} INFO - Processing file /home/paolo/Documents/Github/case-study-1-october2020-data-sweepers/DataExtraction/ENV/lib/python3.8/site-packages/airflow/example_dags/tutorial_taskflow_api_etl.py for tasks to queue
[2021-08-28 23:56:24,179] {logging_mixin.py:109} INFO - [2021-08-28 23:56:24,178] {dagbag.py:496} INFO - Filling up the DagBag from /home/paolo/Documents/Github/case-study-1-october2020-data-sweepers/DataExtraction/ENV/lib/python3.8/site-packages/airflow/example_dags/tutorial_taskflow_api_etl.py
[2021-08-28 23:56:24,224] {processor.py:623} INFO - DAG(s) dict_keys(['tutorial_taskflow_api_etl']) retrieved from /home/paolo/Documents/Github/case-study-1-october2020-data-sweepers/DataExtraction/ENV/lib/python3.8/site-packages/airflow/example_dags/tutorial_taskflow_api_etl.py
[2021-08-28 23:56:25,202] {logging_mixin.py:109} INFO - [2021-08-28 23:56:25,202] {dag.py:1833} INFO - Sync 1 DAGs
[2021-08-28 23:56:25,214] {logging_mixin.py:109} INFO - [2021-08-28 23:56:25,214] {dag.py:2306} INFO - Setting next_dagrun for tutorial_taskflow_api_etl to None
[2021-08-28 23:56:25,233] {processor.py:170} INFO - Processing /home/paolo/Documents/Github/case-study-1-october2020-data-sweepers/DataExtraction/ENV/lib/python3.8/site-packages/airflow/example_dags/tutorial_taskflow_api_etl.py took 1.068 seconds
[2021-08-28 23:57:04,120] {processor.py:162} INFO - Started process (PID=16759) to work on /home/paolo/Documents/Github/case-study-1-october2020-data-sweepers/DataExtraction/ENV/lib/python3.8/site-packages/airflow/example_dags/tutorial_taskflow_api_etl.py
[2021-08-28 23:57:04,123] {processor.py:613} INFO - Processing file /home/paolo/Documents/Github/case-study-1-october2020-data-sweepers/DataExtraction/ENV/lib/python3.8/site-packages/airflow/example_dags/tutorial_taskflow_api_etl.py for tasks to queue
[2021-08-28 23:57:04,124] {logging_mixin.py:109} INFO - [2021-08-28 23:57:04,123] {dagbag.py:496} INFO - Filling up the DagBag from /home/paolo/Documents/Github/case-study-1-october2020-data-sweepers/DataExtraction/ENV/lib/python3.8/site-packages/airflow/example_dags/tutorial_taskflow_api_etl.py
[2021-08-28 23:57:04,149] {processor.py:623} INFO - DAG(s) dict_keys(['tutorial_taskflow_api_etl']) retrieved from /home/paolo/Documents/Github/case-study-1-october2020-data-sweepers/DataExtraction/ENV/lib/python3.8/site-packages/airflow/example_dags/tutorial_taskflow_api_etl.py
[2021-08-28 23:57:04,559] {logging_mixin.py:109} INFO - [2021-08-28 23:57:04,559] {dag.py:1833} INFO - Sync 1 DAGs
[2021-08-28 23:57:04,568] {logging_mixin.py:109} INFO - [2021-08-28 23:57:04,568] {dag.py:2306} INFO - Setting next_dagrun for tutorial_taskflow_api_etl to None
[2021-08-28 23:57:04,587] {processor.py:170} INFO - Processing /home/paolo/Documents/Github/case-study-1-october2020-data-sweepers/DataExtraction/ENV/lib/python3.8/site-packages/airflow/example_dags/tutorial_taskflow_api_etl.py took 0.470 seconds
[2021-08-28 23:57:37,299] {processor.py:162} INFO - Started process (PID=17046) to work on /home/paolo/Documents/Github/case-study-1-october2020-data-sweepers/DataExtraction/ENV/lib/python3.8/site-packages/airflow/example_dags/tutorial_taskflow_api_etl.py
[2021-08-28 23:57:37,301] {processor.py:613} INFO - Processing file /home/paolo/Documents/Github/case-study-1-october2020-data-sweepers/DataExtraction/ENV/lib/python3.8/site-packages/airflow/example_dags/tutorial_taskflow_api_etl.py for tasks to queue
[2021-08-28 23:57:37,302] {logging_mixin.py:109} INFO - [2021-08-28 23:57:37,302] {dagbag.py:496} INFO - Filling up the DagBag from /home/paolo/Documents/Github/case-study-1-october2020-data-sweepers/DataExtraction/ENV/lib/python3.8/site-packages/airflow/example_dags/tutorial_taskflow_api_etl.py
[2021-08-28 23:57:37,320] {processor.py:623} INFO - DAG(s) dict_keys(['tutorial_taskflow_api_etl']) retrieved from /home/paolo/Documents/Github/case-study-1-october2020-data-sweepers/DataExtraction/ENV/lib/python3.8/site-packages/airflow/example_dags/tutorial_taskflow_api_etl.py
[2021-08-28 23:57:37,698] {logging_mixin.py:109} INFO - [2021-08-28 23:57:37,698] {dag.py:1833} INFO - Sync 1 DAGs
[2021-08-28 23:57:37,706] {logging_mixin.py:109} INFO - [2021-08-28 23:57:37,706] {dag.py:2306} INFO - Setting next_dagrun for tutorial_taskflow_api_etl to None
[2021-08-28 23:57:37,723] {processor.py:170} INFO - Processing /home/paolo/Documents/Github/case-study-1-october2020-data-sweepers/DataExtraction/ENV/lib/python3.8/site-packages/airflow/example_dags/tutorial_taskflow_api_etl.py took 0.427 seconds
[2021-08-28 23:58:12,259] {processor.py:162} INFO - Started process (PID=17349) to work on /home/paolo/Documents/Github/case-study-1-october2020-data-sweepers/DataExtraction/ENV/lib/python3.8/site-packages/airflow/example_dags/tutorial_taskflow_api_etl.py
[2021-08-28 23:58:12,260] {processor.py:613} INFO - Processing file /home/paolo/Documents/Github/case-study-1-october2020-data-sweepers/DataExtraction/ENV/lib/python3.8/site-packages/airflow/example_dags/tutorial_taskflow_api_etl.py for tasks to queue
[2021-08-28 23:58:12,260] {logging_mixin.py:109} INFO - [2021-08-28 23:58:12,260] {dagbag.py:496} INFO - Filling up the DagBag from /home/paolo/Documents/Github/case-study-1-october2020-data-sweepers/DataExtraction/ENV/lib/python3.8/site-packages/airflow/example_dags/tutorial_taskflow_api_etl.py
[2021-08-28 23:58:12,273] {processor.py:623} INFO - DAG(s) dict_keys(['tutorial_taskflow_api_etl']) retrieved from /home/paolo/Documents/Github/case-study-1-october2020-data-sweepers/DataExtraction/ENV/lib/python3.8/site-packages/airflow/example_dags/tutorial_taskflow_api_etl.py
[2021-08-28 23:58:12,548] {logging_mixin.py:109} INFO - [2021-08-28 23:58:12,547] {dag.py:1833} INFO - Sync 1 DAGs
[2021-08-28 23:58:12,556] {logging_mixin.py:109} INFO - [2021-08-28 23:58:12,556] {dag.py:2306} INFO - Setting next_dagrun for tutorial_taskflow_api_etl to None
[2021-08-28 23:58:12,574] {processor.py:170} INFO - Processing /home/paolo/Documents/Github/case-study-1-october2020-data-sweepers/DataExtraction/ENV/lib/python3.8/site-packages/airflow/example_dags/tutorial_taskflow_api_etl.py took 0.317 seconds
