[2021-08-29 00:00:39,209] {taskinstance.py:903} INFO - Dependencies all met for <TaskInstance: workflow.sleep 2021-08-27T00:00:00+00:00 [queued]>
[2021-08-29 00:00:39,221] {taskinstance.py:903} INFO - Dependencies all met for <TaskInstance: workflow.sleep 2021-08-27T00:00:00+00:00 [queued]>
[2021-08-29 00:00:39,221] {taskinstance.py:1094} INFO - 
--------------------------------------------------------------------------------
[2021-08-29 00:00:39,221] {taskinstance.py:1095} INFO - Starting attempt 1 of 4
[2021-08-29 00:00:39,221] {taskinstance.py:1096} INFO - 
--------------------------------------------------------------------------------
[2021-08-29 00:00:39,231] {taskinstance.py:1114} INFO - Executing <Task(BashOperator): sleep> on 2021-08-27T00:00:00+00:00
[2021-08-29 00:00:39,233] {standard_task_runner.py:52} INFO - Started process 18787 to run task
[2021-08-29 00:00:39,240] {standard_task_runner.py:76} INFO - Running: ['airflow', 'tasks', 'run', 'workflow', 'sleep', '2021-08-27T00:00:00+00:00', '--job-id', '11', '--pool', 'default_pool', '--raw', '--subdir', '/home/paolo/Documents/Github/case-study-1-october2020-data-sweepers/DataProcessing/dags/workflow.py', '--cfg-path', '/tmp/tmpmv6qvy_d', '--error-file', '/tmp/tmp472414yr']
[2021-08-29 00:00:39,241] {standard_task_runner.py:77} INFO - Job 11: Subtask sleep
[2021-08-29 00:00:39,273] {logging_mixin.py:109} INFO - Running <TaskInstance: workflow.sleep 2021-08-27T00:00:00+00:00 [running]> on host palolo
[2021-08-29 00:00:39,313] {taskinstance.py:1251} INFO - Exporting the following env vars:
AIRFLOW_CTX_DAG_EMAIL=airflow@example.com
AIRFLOW_CTX_DAG_OWNER=airflow
AIRFLOW_CTX_DAG_ID=workflow
AIRFLOW_CTX_TASK_ID=sleep
AIRFLOW_CTX_EXECUTION_DATE=2021-08-27T00:00:00+00:00
AIRFLOW_CTX_DAG_RUN_ID=scheduled__2021-08-27T00:00:00+00:00
[2021-08-29 00:00:39,314] {subprocess.py:52} INFO - Tmp dir root location: 
 /tmp
[2021-08-29 00:00:39,315] {subprocess.py:63} INFO - Running command: ['bash', '-c', 'sleep 5']
[2021-08-29 00:00:39,322] {subprocess.py:74} INFO - Output:
[2021-08-29 00:00:44,325] {subprocess.py:82} INFO - Command exited with return code 0
[2021-08-29 00:00:44,363] {taskinstance.py:1211} INFO - Marking task as SUCCESS. dag_id=workflow, task_id=sleep, execution_date=20210827T000000, start_date=20210828T220039, end_date=20210828T220044
[2021-08-29 00:00:44,417] {local_task_job.py:151} INFO - Task exited with return code 0
[2021-08-29 00:00:44,438] {local_task_job.py:261} INFO - 0 downstream tasks scheduled from follow-on schedule check
