[2021-08-29 00:00:29,844] {taskinstance.py:903} INFO - Dependencies all met for <TaskInstance: workflow.sleep 2021-08-28T21:56:39.253048+00:00 [queued]>
[2021-08-29 00:00:29,855] {taskinstance.py:903} INFO - Dependencies all met for <TaskInstance: workflow.sleep 2021-08-28T21:56:39.253048+00:00 [queued]>
[2021-08-29 00:00:29,855] {taskinstance.py:1094} INFO - 
--------------------------------------------------------------------------------
[2021-08-29 00:00:29,856] {taskinstance.py:1095} INFO - Starting attempt 1 of 4
[2021-08-29 00:00:29,856] {taskinstance.py:1096} INFO - 
--------------------------------------------------------------------------------
[2021-08-29 00:00:29,866] {taskinstance.py:1114} INFO - Executing <Task(BashOperator): sleep> on 2021-08-28T21:56:39.253048+00:00
[2021-08-29 00:00:29,869] {standard_task_runner.py:52} INFO - Started process 18659 to run task
[2021-08-29 00:00:29,874] {standard_task_runner.py:76} INFO - Running: ['airflow', 'tasks', 'run', 'workflow', 'sleep', '2021-08-28T21:56:39.253048+00:00', '--job-id', '9', '--pool', 'default_pool', '--raw', '--subdir', '/home/paolo/Documents/Github/case-study-1-october2020-data-sweepers/DataProcessing/dags/workflow.py', '--cfg-path', '/tmp/tmpnun9w41h', '--error-file', '/tmp/tmpjeq01r0i']
[2021-08-29 00:00:29,875] {standard_task_runner.py:77} INFO - Job 9: Subtask sleep
[2021-08-29 00:00:29,903] {logging_mixin.py:109} INFO - Running <TaskInstance: workflow.sleep 2021-08-28T21:56:39.253048+00:00 [running]> on host palolo
[2021-08-29 00:00:29,942] {taskinstance.py:1251} INFO - Exporting the following env vars:
AIRFLOW_CTX_DAG_EMAIL=airflow@example.com
AIRFLOW_CTX_DAG_OWNER=airflow
AIRFLOW_CTX_DAG_ID=workflow
AIRFLOW_CTX_TASK_ID=sleep
AIRFLOW_CTX_EXECUTION_DATE=2021-08-28T21:56:39.253048+00:00
AIRFLOW_CTX_DAG_RUN_ID=manual__2021-08-28T21:56:39.253048+00:00
[2021-08-29 00:00:29,943] {subprocess.py:52} INFO - Tmp dir root location: 
 /tmp
[2021-08-29 00:00:29,943] {subprocess.py:63} INFO - Running command: ['bash', '-c', 'sleep 5']
[2021-08-29 00:00:29,950] {subprocess.py:74} INFO - Output:
[2021-08-29 00:00:34,952] {subprocess.py:82} INFO - Command exited with return code 0
[2021-08-29 00:00:34,978] {taskinstance.py:1211} INFO - Marking task as SUCCESS. dag_id=workflow, task_id=sleep, execution_date=20210828T215639, start_date=20210828T220029, end_date=20210828T220034
[2021-08-29 00:00:35,027] {local_task_job.py:151} INFO - Task exited with return code 0
[2021-08-29 00:00:35,042] {local_task_job.py:261} INFO - 0 downstream tasks scheduled from follow-on schedule check
