[2021-08-28 23:37:19,934] {processor.py:162} INFO - Started process (PID=13059) to work on /home/paolo/Documents/Github/case-study-1-october2020-data-sweepers/DataExtraction/ENV/lib/python3.8/site-packages/airflow/example_dags/subdags/subdag.py
[2021-08-28 23:37:19,935] {processor.py:613} INFO - Processing file /home/paolo/Documents/Github/case-study-1-october2020-data-sweepers/DataExtraction/ENV/lib/python3.8/site-packages/airflow/example_dags/subdags/subdag.py for tasks to queue
[2021-08-28 23:37:19,936] {logging_mixin.py:109} INFO - [2021-08-28 23:37:19,935] {dagbag.py:496} INFO - Filling up the DagBag from /home/paolo/Documents/Github/case-study-1-october2020-data-sweepers/DataExtraction/ENV/lib/python3.8/site-packages/airflow/example_dags/subdags/subdag.py
[2021-08-28 23:37:19,938] {processor.py:625} WARNING - No viable dags retrieved from /home/paolo/Documents/Github/case-study-1-october2020-data-sweepers/DataExtraction/ENV/lib/python3.8/site-packages/airflow/example_dags/subdags/subdag.py
[2021-08-28 23:37:19,944] {processor.py:170} INFO - Processing /home/paolo/Documents/Github/case-study-1-october2020-data-sweepers/DataExtraction/ENV/lib/python3.8/site-packages/airflow/example_dags/subdags/subdag.py took 0.013 seconds
[2021-08-28 23:37:56,453] {processor.py:162} INFO - Started process (PID=13225) to work on /home/paolo/Documents/Github/case-study-1-october2020-data-sweepers/DataExtraction/ENV/lib/python3.8/site-packages/airflow/example_dags/subdags/subdag.py
[2021-08-28 23:37:56,461] {processor.py:613} INFO - Processing file /home/paolo/Documents/Github/case-study-1-october2020-data-sweepers/DataExtraction/ENV/lib/python3.8/site-packages/airflow/example_dags/subdags/subdag.py for tasks to queue
[2021-08-28 23:37:56,468] {logging_mixin.py:109} INFO - [2021-08-28 23:37:56,467] {dagbag.py:496} INFO - Filling up the DagBag from /home/paolo/Documents/Github/case-study-1-october2020-data-sweepers/DataExtraction/ENV/lib/python3.8/site-packages/airflow/example_dags/subdags/subdag.py
[2021-08-28 23:37:56,493] {processor.py:625} WARNING - No viable dags retrieved from /home/paolo/Documents/Github/case-study-1-october2020-data-sweepers/DataExtraction/ENV/lib/python3.8/site-packages/airflow/example_dags/subdags/subdag.py
[2021-08-28 23:37:56,514] {processor.py:170} INFO - Processing /home/paolo/Documents/Github/case-study-1-october2020-data-sweepers/DataExtraction/ENV/lib/python3.8/site-packages/airflow/example_dags/subdags/subdag.py took 0.097 seconds
[2021-08-28 23:38:37,434] {processor.py:162} INFO - Started process (PID=13312) to work on /home/paolo/Documents/Github/case-study-1-october2020-data-sweepers/DataExtraction/ENV/lib/python3.8/site-packages/airflow/example_dags/subdags/subdag.py
[2021-08-28 23:38:37,436] {processor.py:613} INFO - Processing file /home/paolo/Documents/Github/case-study-1-october2020-data-sweepers/DataExtraction/ENV/lib/python3.8/site-packages/airflow/example_dags/subdags/subdag.py for tasks to queue
[2021-08-28 23:38:37,437] {logging_mixin.py:109} INFO - [2021-08-28 23:38:37,437] {dagbag.py:496} INFO - Filling up the DagBag from /home/paolo/Documents/Github/case-study-1-october2020-data-sweepers/DataExtraction/ENV/lib/python3.8/site-packages/airflow/example_dags/subdags/subdag.py
[2021-08-28 23:38:37,443] {processor.py:625} WARNING - No viable dags retrieved from /home/paolo/Documents/Github/case-study-1-october2020-data-sweepers/DataExtraction/ENV/lib/python3.8/site-packages/airflow/example_dags/subdags/subdag.py
[2021-08-28 23:38:37,460] {processor.py:170} INFO - Processing /home/paolo/Documents/Github/case-study-1-october2020-data-sweepers/DataExtraction/ENV/lib/python3.8/site-packages/airflow/example_dags/subdags/subdag.py took 0.029 seconds
[2021-08-28 23:39:12,737] {processor.py:162} INFO - Started process (PID=13409) to work on /home/paolo/Documents/Github/case-study-1-october2020-data-sweepers/DataExtraction/ENV/lib/python3.8/site-packages/airflow/example_dags/subdags/subdag.py
[2021-08-28 23:39:12,740] {processor.py:613} INFO - Processing file /home/paolo/Documents/Github/case-study-1-october2020-data-sweepers/DataExtraction/ENV/lib/python3.8/site-packages/airflow/example_dags/subdags/subdag.py for tasks to queue
[2021-08-28 23:39:12,741] {logging_mixin.py:109} INFO - [2021-08-28 23:39:12,741] {dagbag.py:496} INFO - Filling up the DagBag from /home/paolo/Documents/Github/case-study-1-october2020-data-sweepers/DataExtraction/ENV/lib/python3.8/site-packages/airflow/example_dags/subdags/subdag.py
[2021-08-28 23:39:12,746] {processor.py:625} WARNING - No viable dags retrieved from /home/paolo/Documents/Github/case-study-1-october2020-data-sweepers/DataExtraction/ENV/lib/python3.8/site-packages/airflow/example_dags/subdags/subdag.py
[2021-08-28 23:39:12,762] {processor.py:170} INFO - Processing /home/paolo/Documents/Github/case-study-1-october2020-data-sweepers/DataExtraction/ENV/lib/python3.8/site-packages/airflow/example_dags/subdags/subdag.py took 0.031 seconds
[2021-08-28 23:39:46,219] {processor.py:162} INFO - Started process (PID=13595) to work on /home/paolo/Documents/Github/case-study-1-october2020-data-sweepers/DataExtraction/ENV/lib/python3.8/site-packages/airflow/example_dags/subdags/subdag.py
[2021-08-28 23:39:46,221] {processor.py:613} INFO - Processing file /home/paolo/Documents/Github/case-study-1-october2020-data-sweepers/DataExtraction/ENV/lib/python3.8/site-packages/airflow/example_dags/subdags/subdag.py for tasks to queue
[2021-08-28 23:39:46,224] {logging_mixin.py:109} INFO - [2021-08-28 23:39:46,224] {dagbag.py:496} INFO - Filling up the DagBag from /home/paolo/Documents/Github/case-study-1-october2020-data-sweepers/DataExtraction/ENV/lib/python3.8/site-packages/airflow/example_dags/subdags/subdag.py
[2021-08-28 23:39:46,230] {processor.py:625} WARNING - No viable dags retrieved from /home/paolo/Documents/Github/case-study-1-october2020-data-sweepers/DataExtraction/ENV/lib/python3.8/site-packages/airflow/example_dags/subdags/subdag.py
[2021-08-28 23:39:46,251] {processor.py:170} INFO - Processing /home/paolo/Documents/Github/case-study-1-october2020-data-sweepers/DataExtraction/ENV/lib/python3.8/site-packages/airflow/example_dags/subdags/subdag.py took 0.036 seconds
[2021-08-28 23:40:23,115] {processor.py:162} INFO - Started process (PID=13796) to work on /home/paolo/Documents/Github/case-study-1-october2020-data-sweepers/DataExtraction/ENV/lib/python3.8/site-packages/airflow/example_dags/subdags/subdag.py
[2021-08-28 23:40:23,116] {processor.py:613} INFO - Processing file /home/paolo/Documents/Github/case-study-1-october2020-data-sweepers/DataExtraction/ENV/lib/python3.8/site-packages/airflow/example_dags/subdags/subdag.py for tasks to queue
[2021-08-28 23:40:23,117] {logging_mixin.py:109} INFO - [2021-08-28 23:40:23,117] {dagbag.py:496} INFO - Filling up the DagBag from /home/paolo/Documents/Github/case-study-1-october2020-data-sweepers/DataExtraction/ENV/lib/python3.8/site-packages/airflow/example_dags/subdags/subdag.py
[2021-08-28 23:40:23,120] {processor.py:625} WARNING - No viable dags retrieved from /home/paolo/Documents/Github/case-study-1-october2020-data-sweepers/DataExtraction/ENV/lib/python3.8/site-packages/airflow/example_dags/subdags/subdag.py
[2021-08-28 23:40:23,133] {processor.py:170} INFO - Processing /home/paolo/Documents/Github/case-study-1-october2020-data-sweepers/DataExtraction/ENV/lib/python3.8/site-packages/airflow/example_dags/subdags/subdag.py took 0.021 seconds
[2021-08-28 23:40:59,584] {processor.py:162} INFO - Started process (PID=13980) to work on /home/paolo/Documents/Github/case-study-1-october2020-data-sweepers/DataExtraction/ENV/lib/python3.8/site-packages/airflow/example_dags/subdags/subdag.py
[2021-08-28 23:40:59,586] {processor.py:613} INFO - Processing file /home/paolo/Documents/Github/case-study-1-october2020-data-sweepers/DataExtraction/ENV/lib/python3.8/site-packages/airflow/example_dags/subdags/subdag.py for tasks to queue
[2021-08-28 23:40:59,588] {logging_mixin.py:109} INFO - [2021-08-28 23:40:59,587] {dagbag.py:496} INFO - Filling up the DagBag from /home/paolo/Documents/Github/case-study-1-october2020-data-sweepers/DataExtraction/ENV/lib/python3.8/site-packages/airflow/example_dags/subdags/subdag.py
[2021-08-28 23:40:59,595] {processor.py:625} WARNING - No viable dags retrieved from /home/paolo/Documents/Github/case-study-1-october2020-data-sweepers/DataExtraction/ENV/lib/python3.8/site-packages/airflow/example_dags/subdags/subdag.py
[2021-08-28 23:40:59,620] {processor.py:170} INFO - Processing /home/paolo/Documents/Github/case-study-1-october2020-data-sweepers/DataExtraction/ENV/lib/python3.8/site-packages/airflow/example_dags/subdags/subdag.py took 0.039 seconds
[2021-08-28 23:41:36,574] {processor.py:162} INFO - Started process (PID=14102) to work on /home/paolo/Documents/Github/case-study-1-october2020-data-sweepers/DataExtraction/ENV/lib/python3.8/site-packages/airflow/example_dags/subdags/subdag.py
[2021-08-28 23:41:36,576] {processor.py:613} INFO - Processing file /home/paolo/Documents/Github/case-study-1-october2020-data-sweepers/DataExtraction/ENV/lib/python3.8/site-packages/airflow/example_dags/subdags/subdag.py for tasks to queue
[2021-08-28 23:41:36,577] {logging_mixin.py:109} INFO - [2021-08-28 23:41:36,577] {dagbag.py:496} INFO - Filling up the DagBag from /home/paolo/Documents/Github/case-study-1-october2020-data-sweepers/DataExtraction/ENV/lib/python3.8/site-packages/airflow/example_dags/subdags/subdag.py
[2021-08-28 23:41:36,583] {processor.py:625} WARNING - No viable dags retrieved from /home/paolo/Documents/Github/case-study-1-october2020-data-sweepers/DataExtraction/ENV/lib/python3.8/site-packages/airflow/example_dags/subdags/subdag.py
[2021-08-28 23:41:36,595] {processor.py:170} INFO - Processing /home/paolo/Documents/Github/case-study-1-october2020-data-sweepers/DataExtraction/ENV/lib/python3.8/site-packages/airflow/example_dags/subdags/subdag.py took 0.029 seconds
[2021-08-28 23:42:09,290] {processor.py:162} INFO - Started process (PID=14168) to work on /home/paolo/Documents/Github/case-study-1-october2020-data-sweepers/DataExtraction/ENV/lib/python3.8/site-packages/airflow/example_dags/subdags/subdag.py
[2021-08-28 23:42:09,291] {processor.py:613} INFO - Processing file /home/paolo/Documents/Github/case-study-1-october2020-data-sweepers/DataExtraction/ENV/lib/python3.8/site-packages/airflow/example_dags/subdags/subdag.py for tasks to queue
[2021-08-28 23:42:09,292] {logging_mixin.py:109} INFO - [2021-08-28 23:42:09,292] {dagbag.py:496} INFO - Filling up the DagBag from /home/paolo/Documents/Github/case-study-1-october2020-data-sweepers/DataExtraction/ENV/lib/python3.8/site-packages/airflow/example_dags/subdags/subdag.py
[2021-08-28 23:42:09,294] {processor.py:625} WARNING - No viable dags retrieved from /home/paolo/Documents/Github/case-study-1-october2020-data-sweepers/DataExtraction/ENV/lib/python3.8/site-packages/airflow/example_dags/subdags/subdag.py
[2021-08-28 23:42:09,300] {processor.py:170} INFO - Processing /home/paolo/Documents/Github/case-study-1-october2020-data-sweepers/DataExtraction/ENV/lib/python3.8/site-packages/airflow/example_dags/subdags/subdag.py took 0.012 seconds
[2021-08-28 23:42:41,520] {processor.py:162} INFO - Started process (PID=14273) to work on /home/paolo/Documents/Github/case-study-1-october2020-data-sweepers/DataExtraction/ENV/lib/python3.8/site-packages/airflow/example_dags/subdags/subdag.py
[2021-08-28 23:42:41,521] {processor.py:613} INFO - Processing file /home/paolo/Documents/Github/case-study-1-october2020-data-sweepers/DataExtraction/ENV/lib/python3.8/site-packages/airflow/example_dags/subdags/subdag.py for tasks to queue
[2021-08-28 23:42:41,522] {logging_mixin.py:109} INFO - [2021-08-28 23:42:41,521] {dagbag.py:496} INFO - Filling up the DagBag from /home/paolo/Documents/Github/case-study-1-october2020-data-sweepers/DataExtraction/ENV/lib/python3.8/site-packages/airflow/example_dags/subdags/subdag.py
[2021-08-28 23:42:41,524] {processor.py:625} WARNING - No viable dags retrieved from /home/paolo/Documents/Github/case-study-1-october2020-data-sweepers/DataExtraction/ENV/lib/python3.8/site-packages/airflow/example_dags/subdags/subdag.py
[2021-08-28 23:42:41,530] {processor.py:170} INFO - Processing /home/paolo/Documents/Github/case-study-1-october2020-data-sweepers/DataExtraction/ENV/lib/python3.8/site-packages/airflow/example_dags/subdags/subdag.py took 0.012 seconds
[2021-08-28 23:43:15,039] {processor.py:162} INFO - Started process (PID=14350) to work on /home/paolo/Documents/Github/case-study-1-october2020-data-sweepers/DataExtraction/ENV/lib/python3.8/site-packages/airflow/example_dags/subdags/subdag.py
[2021-08-28 23:43:15,041] {processor.py:613} INFO - Processing file /home/paolo/Documents/Github/case-study-1-october2020-data-sweepers/DataExtraction/ENV/lib/python3.8/site-packages/airflow/example_dags/subdags/subdag.py for tasks to queue
[2021-08-28 23:43:15,042] {logging_mixin.py:109} INFO - [2021-08-28 23:43:15,042] {dagbag.py:496} INFO - Filling up the DagBag from /home/paolo/Documents/Github/case-study-1-october2020-data-sweepers/DataExtraction/ENV/lib/python3.8/site-packages/airflow/example_dags/subdags/subdag.py
[2021-08-28 23:43:15,046] {processor.py:625} WARNING - No viable dags retrieved from /home/paolo/Documents/Github/case-study-1-october2020-data-sweepers/DataExtraction/ENV/lib/python3.8/site-packages/airflow/example_dags/subdags/subdag.py
[2021-08-28 23:43:15,057] {processor.py:170} INFO - Processing /home/paolo/Documents/Github/case-study-1-october2020-data-sweepers/DataExtraction/ENV/lib/python3.8/site-packages/airflow/example_dags/subdags/subdag.py took 0.022 seconds
[2021-08-28 23:43:48,020] {processor.py:162} INFO - Started process (PID=14423) to work on /home/paolo/Documents/Github/case-study-1-october2020-data-sweepers/DataExtraction/ENV/lib/python3.8/site-packages/airflow/example_dags/subdags/subdag.py
[2021-08-28 23:43:48,021] {processor.py:613} INFO - Processing file /home/paolo/Documents/Github/case-study-1-october2020-data-sweepers/DataExtraction/ENV/lib/python3.8/site-packages/airflow/example_dags/subdags/subdag.py for tasks to queue
[2021-08-28 23:43:48,022] {logging_mixin.py:109} INFO - [2021-08-28 23:43:48,022] {dagbag.py:496} INFO - Filling up the DagBag from /home/paolo/Documents/Github/case-study-1-october2020-data-sweepers/DataExtraction/ENV/lib/python3.8/site-packages/airflow/example_dags/subdags/subdag.py
[2021-08-28 23:43:48,025] {processor.py:625} WARNING - No viable dags retrieved from /home/paolo/Documents/Github/case-study-1-october2020-data-sweepers/DataExtraction/ENV/lib/python3.8/site-packages/airflow/example_dags/subdags/subdag.py
[2021-08-28 23:43:48,031] {processor.py:170} INFO - Processing /home/paolo/Documents/Github/case-study-1-october2020-data-sweepers/DataExtraction/ENV/lib/python3.8/site-packages/airflow/example_dags/subdags/subdag.py took 0.014 seconds
[2021-08-28 23:44:19,693] {processor.py:162} INFO - Started process (PID=14483) to work on /home/paolo/Documents/Github/case-study-1-october2020-data-sweepers/DataExtraction/ENV/lib/python3.8/site-packages/airflow/example_dags/subdags/subdag.py
[2021-08-28 23:44:19,694] {processor.py:613} INFO - Processing file /home/paolo/Documents/Github/case-study-1-october2020-data-sweepers/DataExtraction/ENV/lib/python3.8/site-packages/airflow/example_dags/subdags/subdag.py for tasks to queue
[2021-08-28 23:44:19,695] {logging_mixin.py:109} INFO - [2021-08-28 23:44:19,695] {dagbag.py:496} INFO - Filling up the DagBag from /home/paolo/Documents/Github/case-study-1-october2020-data-sweepers/DataExtraction/ENV/lib/python3.8/site-packages/airflow/example_dags/subdags/subdag.py
[2021-08-28 23:44:19,697] {processor.py:625} WARNING - No viable dags retrieved from /home/paolo/Documents/Github/case-study-1-october2020-data-sweepers/DataExtraction/ENV/lib/python3.8/site-packages/airflow/example_dags/subdags/subdag.py
[2021-08-28 23:44:19,703] {processor.py:170} INFO - Processing /home/paolo/Documents/Github/case-study-1-october2020-data-sweepers/DataExtraction/ENV/lib/python3.8/site-packages/airflow/example_dags/subdags/subdag.py took 0.013 seconds
[2021-08-28 23:44:56,776] {processor.py:162} INFO - Started process (PID=14564) to work on /home/paolo/Documents/Github/case-study-1-october2020-data-sweepers/DataExtraction/ENV/lib/python3.8/site-packages/airflow/example_dags/subdags/subdag.py
[2021-08-28 23:44:56,779] {processor.py:613} INFO - Processing file /home/paolo/Documents/Github/case-study-1-october2020-data-sweepers/DataExtraction/ENV/lib/python3.8/site-packages/airflow/example_dags/subdags/subdag.py for tasks to queue
[2021-08-28 23:44:56,781] {logging_mixin.py:109} INFO - [2021-08-28 23:44:56,781] {dagbag.py:496} INFO - Filling up the DagBag from /home/paolo/Documents/Github/case-study-1-october2020-data-sweepers/DataExtraction/ENV/lib/python3.8/site-packages/airflow/example_dags/subdags/subdag.py
[2021-08-28 23:44:56,786] {processor.py:625} WARNING - No viable dags retrieved from /home/paolo/Documents/Github/case-study-1-october2020-data-sweepers/DataExtraction/ENV/lib/python3.8/site-packages/airflow/example_dags/subdags/subdag.py
[2021-08-28 23:44:56,802] {processor.py:170} INFO - Processing /home/paolo/Documents/Github/case-study-1-october2020-data-sweepers/DataExtraction/ENV/lib/python3.8/site-packages/airflow/example_dags/subdags/subdag.py took 0.030 seconds
[2021-08-28 23:45:37,687] {processor.py:162} INFO - Started process (PID=14632) to work on /home/paolo/Documents/Github/case-study-1-october2020-data-sweepers/DataExtraction/ENV/lib/python3.8/site-packages/airflow/example_dags/subdags/subdag.py
[2021-08-28 23:45:37,691] {processor.py:613} INFO - Processing file /home/paolo/Documents/Github/case-study-1-october2020-data-sweepers/DataExtraction/ENV/lib/python3.8/site-packages/airflow/example_dags/subdags/subdag.py for tasks to queue
[2021-08-28 23:45:37,692] {logging_mixin.py:109} INFO - [2021-08-28 23:45:37,692] {dagbag.py:496} INFO - Filling up the DagBag from /home/paolo/Documents/Github/case-study-1-october2020-data-sweepers/DataExtraction/ENV/lib/python3.8/site-packages/airflow/example_dags/subdags/subdag.py
[2021-08-28 23:45:37,696] {processor.py:625} WARNING - No viable dags retrieved from /home/paolo/Documents/Github/case-study-1-october2020-data-sweepers/DataExtraction/ENV/lib/python3.8/site-packages/airflow/example_dags/subdags/subdag.py
[2021-08-28 23:45:37,711] {processor.py:170} INFO - Processing /home/paolo/Documents/Github/case-study-1-october2020-data-sweepers/DataExtraction/ENV/lib/python3.8/site-packages/airflow/example_dags/subdags/subdag.py took 0.030 seconds
[2021-08-28 23:46:19,362] {processor.py:162} INFO - Started process (PID=14695) to work on /home/paolo/Documents/Github/case-study-1-october2020-data-sweepers/DataExtraction/ENV/lib/python3.8/site-packages/airflow/example_dags/subdags/subdag.py
[2021-08-28 23:46:19,364] {processor.py:613} INFO - Processing file /home/paolo/Documents/Github/case-study-1-october2020-data-sweepers/DataExtraction/ENV/lib/python3.8/site-packages/airflow/example_dags/subdags/subdag.py for tasks to queue
[2021-08-28 23:46:19,365] {logging_mixin.py:109} INFO - [2021-08-28 23:46:19,365] {dagbag.py:496} INFO - Filling up the DagBag from /home/paolo/Documents/Github/case-study-1-october2020-data-sweepers/DataExtraction/ENV/lib/python3.8/site-packages/airflow/example_dags/subdags/subdag.py
[2021-08-28 23:46:19,368] {processor.py:625} WARNING - No viable dags retrieved from /home/paolo/Documents/Github/case-study-1-october2020-data-sweepers/DataExtraction/ENV/lib/python3.8/site-packages/airflow/example_dags/subdags/subdag.py
[2021-08-28 23:46:19,381] {processor.py:170} INFO - Processing /home/paolo/Documents/Github/case-study-1-october2020-data-sweepers/DataExtraction/ENV/lib/python3.8/site-packages/airflow/example_dags/subdags/subdag.py took 0.027 seconds
[2021-08-28 23:46:57,494] {processor.py:162} INFO - Started process (PID=14775) to work on /home/paolo/Documents/Github/case-study-1-october2020-data-sweepers/DataExtraction/ENV/lib/python3.8/site-packages/airflow/example_dags/subdags/subdag.py
[2021-08-28 23:46:57,496] {processor.py:613} INFO - Processing file /home/paolo/Documents/Github/case-study-1-october2020-data-sweepers/DataExtraction/ENV/lib/python3.8/site-packages/airflow/example_dags/subdags/subdag.py for tasks to queue
[2021-08-28 23:46:57,500] {logging_mixin.py:109} INFO - [2021-08-28 23:46:57,500] {dagbag.py:496} INFO - Filling up the DagBag from /home/paolo/Documents/Github/case-study-1-october2020-data-sweepers/DataExtraction/ENV/lib/python3.8/site-packages/airflow/example_dags/subdags/subdag.py
[2021-08-28 23:46:57,510] {processor.py:625} WARNING - No viable dags retrieved from /home/paolo/Documents/Github/case-study-1-october2020-data-sweepers/DataExtraction/ENV/lib/python3.8/site-packages/airflow/example_dags/subdags/subdag.py
[2021-08-28 23:46:57,525] {processor.py:170} INFO - Processing /home/paolo/Documents/Github/case-study-1-october2020-data-sweepers/DataExtraction/ENV/lib/python3.8/site-packages/airflow/example_dags/subdags/subdag.py took 0.034 seconds
[2021-08-28 23:47:35,607] {processor.py:162} INFO - Started process (PID=14861) to work on /home/paolo/Documents/Github/case-study-1-october2020-data-sweepers/DataExtraction/ENV/lib/python3.8/site-packages/airflow/example_dags/subdags/subdag.py
[2021-08-28 23:47:35,609] {processor.py:613} INFO - Processing file /home/paolo/Documents/Github/case-study-1-october2020-data-sweepers/DataExtraction/ENV/lib/python3.8/site-packages/airflow/example_dags/subdags/subdag.py for tasks to queue
[2021-08-28 23:47:35,610] {logging_mixin.py:109} INFO - [2021-08-28 23:47:35,610] {dagbag.py:496} INFO - Filling up the DagBag from /home/paolo/Documents/Github/case-study-1-october2020-data-sweepers/DataExtraction/ENV/lib/python3.8/site-packages/airflow/example_dags/subdags/subdag.py
[2021-08-28 23:47:35,615] {processor.py:625} WARNING - No viable dags retrieved from /home/paolo/Documents/Github/case-study-1-october2020-data-sweepers/DataExtraction/ENV/lib/python3.8/site-packages/airflow/example_dags/subdags/subdag.py
[2021-08-28 23:47:35,628] {processor.py:170} INFO - Processing /home/paolo/Documents/Github/case-study-1-october2020-data-sweepers/DataExtraction/ENV/lib/python3.8/site-packages/airflow/example_dags/subdags/subdag.py took 0.026 seconds
[2021-08-28 23:48:15,525] {processor.py:162} INFO - Started process (PID=14928) to work on /home/paolo/Documents/Github/case-study-1-october2020-data-sweepers/DataExtraction/ENV/lib/python3.8/site-packages/airflow/example_dags/subdags/subdag.py
[2021-08-28 23:48:15,527] {processor.py:613} INFO - Processing file /home/paolo/Documents/Github/case-study-1-october2020-data-sweepers/DataExtraction/ENV/lib/python3.8/site-packages/airflow/example_dags/subdags/subdag.py for tasks to queue
[2021-08-28 23:48:15,528] {logging_mixin.py:109} INFO - [2021-08-28 23:48:15,528] {dagbag.py:496} INFO - Filling up the DagBag from /home/paolo/Documents/Github/case-study-1-october2020-data-sweepers/DataExtraction/ENV/lib/python3.8/site-packages/airflow/example_dags/subdags/subdag.py
[2021-08-28 23:48:15,533] {processor.py:625} WARNING - No viable dags retrieved from /home/paolo/Documents/Github/case-study-1-october2020-data-sweepers/DataExtraction/ENV/lib/python3.8/site-packages/airflow/example_dags/subdags/subdag.py
[2021-08-28 23:48:15,550] {processor.py:170} INFO - Processing /home/paolo/Documents/Github/case-study-1-october2020-data-sweepers/DataExtraction/ENV/lib/python3.8/site-packages/airflow/example_dags/subdags/subdag.py took 0.031 seconds
[2021-08-28 23:48:56,309] {processor.py:162} INFO - Started process (PID=15024) to work on /home/paolo/Documents/Github/case-study-1-october2020-data-sweepers/DataExtraction/ENV/lib/python3.8/site-packages/airflow/example_dags/subdags/subdag.py
[2021-08-28 23:48:56,312] {processor.py:613} INFO - Processing file /home/paolo/Documents/Github/case-study-1-october2020-data-sweepers/DataExtraction/ENV/lib/python3.8/site-packages/airflow/example_dags/subdags/subdag.py for tasks to queue
[2021-08-28 23:48:56,313] {logging_mixin.py:109} INFO - [2021-08-28 23:48:56,313] {dagbag.py:496} INFO - Filling up the DagBag from /home/paolo/Documents/Github/case-study-1-october2020-data-sweepers/DataExtraction/ENV/lib/python3.8/site-packages/airflow/example_dags/subdags/subdag.py
[2021-08-28 23:48:56,319] {processor.py:625} WARNING - No viable dags retrieved from /home/paolo/Documents/Github/case-study-1-october2020-data-sweepers/DataExtraction/ENV/lib/python3.8/site-packages/airflow/example_dags/subdags/subdag.py
[2021-08-28 23:48:56,337] {processor.py:170} INFO - Processing /home/paolo/Documents/Github/case-study-1-october2020-data-sweepers/DataExtraction/ENV/lib/python3.8/site-packages/airflow/example_dags/subdags/subdag.py took 0.033 seconds
[2021-08-28 23:49:32,000] {processor.py:162} INFO - Started process (PID=15110) to work on /home/paolo/Documents/Github/case-study-1-october2020-data-sweepers/DataExtraction/ENV/lib/python3.8/site-packages/airflow/example_dags/subdags/subdag.py
[2021-08-28 23:49:32,002] {processor.py:613} INFO - Processing file /home/paolo/Documents/Github/case-study-1-october2020-data-sweepers/DataExtraction/ENV/lib/python3.8/site-packages/airflow/example_dags/subdags/subdag.py for tasks to queue
[2021-08-28 23:49:32,003] {logging_mixin.py:109} INFO - [2021-08-28 23:49:32,003] {dagbag.py:496} INFO - Filling up the DagBag from /home/paolo/Documents/Github/case-study-1-october2020-data-sweepers/DataExtraction/ENV/lib/python3.8/site-packages/airflow/example_dags/subdags/subdag.py
[2021-08-28 23:49:32,006] {processor.py:625} WARNING - No viable dags retrieved from /home/paolo/Documents/Github/case-study-1-october2020-data-sweepers/DataExtraction/ENV/lib/python3.8/site-packages/airflow/example_dags/subdags/subdag.py
[2021-08-28 23:49:32,014] {processor.py:170} INFO - Processing /home/paolo/Documents/Github/case-study-1-october2020-data-sweepers/DataExtraction/ENV/lib/python3.8/site-packages/airflow/example_dags/subdags/subdag.py took 0.017 seconds
[2021-08-28 23:50:08,921] {processor.py:162} INFO - Started process (PID=15192) to work on /home/paolo/Documents/Github/case-study-1-october2020-data-sweepers/DataExtraction/ENV/lib/python3.8/site-packages/airflow/example_dags/subdags/subdag.py
[2021-08-28 23:50:08,922] {processor.py:613} INFO - Processing file /home/paolo/Documents/Github/case-study-1-october2020-data-sweepers/DataExtraction/ENV/lib/python3.8/site-packages/airflow/example_dags/subdags/subdag.py for tasks to queue
[2021-08-28 23:50:08,923] {logging_mixin.py:109} INFO - [2021-08-28 23:50:08,923] {dagbag.py:496} INFO - Filling up the DagBag from /home/paolo/Documents/Github/case-study-1-october2020-data-sweepers/DataExtraction/ENV/lib/python3.8/site-packages/airflow/example_dags/subdags/subdag.py
[2021-08-28 23:50:08,927] {processor.py:625} WARNING - No viable dags retrieved from /home/paolo/Documents/Github/case-study-1-october2020-data-sweepers/DataExtraction/ENV/lib/python3.8/site-packages/airflow/example_dags/subdags/subdag.py
[2021-08-28 23:50:08,937] {processor.py:170} INFO - Processing /home/paolo/Documents/Github/case-study-1-october2020-data-sweepers/DataExtraction/ENV/lib/python3.8/site-packages/airflow/example_dags/subdags/subdag.py took 0.019 seconds
[2021-08-28 23:50:41,803] {processor.py:162} INFO - Started process (PID=15259) to work on /home/paolo/Documents/Github/case-study-1-october2020-data-sweepers/DataExtraction/ENV/lib/python3.8/site-packages/airflow/example_dags/subdags/subdag.py
[2021-08-28 23:50:41,807] {processor.py:613} INFO - Processing file /home/paolo/Documents/Github/case-study-1-october2020-data-sweepers/DataExtraction/ENV/lib/python3.8/site-packages/airflow/example_dags/subdags/subdag.py for tasks to queue
[2021-08-28 23:50:41,810] {logging_mixin.py:109} INFO - [2021-08-28 23:50:41,809] {dagbag.py:496} INFO - Filling up the DagBag from /home/paolo/Documents/Github/case-study-1-october2020-data-sweepers/DataExtraction/ENV/lib/python3.8/site-packages/airflow/example_dags/subdags/subdag.py
[2021-08-28 23:50:41,817] {processor.py:625} WARNING - No viable dags retrieved from /home/paolo/Documents/Github/case-study-1-october2020-data-sweepers/DataExtraction/ENV/lib/python3.8/site-packages/airflow/example_dags/subdags/subdag.py
[2021-08-28 23:50:41,836] {processor.py:170} INFO - Processing /home/paolo/Documents/Github/case-study-1-october2020-data-sweepers/DataExtraction/ENV/lib/python3.8/site-packages/airflow/example_dags/subdags/subdag.py took 0.039 seconds
[2021-08-28 23:51:18,304] {processor.py:162} INFO - Started process (PID=15325) to work on /home/paolo/Documents/Github/case-study-1-october2020-data-sweepers/DataExtraction/ENV/lib/python3.8/site-packages/airflow/example_dags/subdags/subdag.py
[2021-08-28 23:51:18,306] {processor.py:613} INFO - Processing file /home/paolo/Documents/Github/case-study-1-october2020-data-sweepers/DataExtraction/ENV/lib/python3.8/site-packages/airflow/example_dags/subdags/subdag.py for tasks to queue
[2021-08-28 23:51:18,310] {logging_mixin.py:109} INFO - [2021-08-28 23:51:18,307] {dagbag.py:496} INFO - Filling up the DagBag from /home/paolo/Documents/Github/case-study-1-october2020-data-sweepers/DataExtraction/ENV/lib/python3.8/site-packages/airflow/example_dags/subdags/subdag.py
[2021-08-28 23:51:18,319] {processor.py:625} WARNING - No viable dags retrieved from /home/paolo/Documents/Github/case-study-1-october2020-data-sweepers/DataExtraction/ENV/lib/python3.8/site-packages/airflow/example_dags/subdags/subdag.py
[2021-08-28 23:51:18,332] {processor.py:170} INFO - Processing /home/paolo/Documents/Github/case-study-1-october2020-data-sweepers/DataExtraction/ENV/lib/python3.8/site-packages/airflow/example_dags/subdags/subdag.py took 0.044 seconds
[2021-08-28 23:51:51,568] {processor.py:162} INFO - Started process (PID=15426) to work on /home/paolo/Documents/Github/case-study-1-october2020-data-sweepers/DataExtraction/ENV/lib/python3.8/site-packages/airflow/example_dags/subdags/subdag.py
[2021-08-28 23:51:51,570] {processor.py:613} INFO - Processing file /home/paolo/Documents/Github/case-study-1-october2020-data-sweepers/DataExtraction/ENV/lib/python3.8/site-packages/airflow/example_dags/subdags/subdag.py for tasks to queue
[2021-08-28 23:51:51,572] {logging_mixin.py:109} INFO - [2021-08-28 23:51:51,572] {dagbag.py:496} INFO - Filling up the DagBag from /home/paolo/Documents/Github/case-study-1-october2020-data-sweepers/DataExtraction/ENV/lib/python3.8/site-packages/airflow/example_dags/subdags/subdag.py
[2021-08-28 23:51:51,577] {processor.py:625} WARNING - No viable dags retrieved from /home/paolo/Documents/Github/case-study-1-october2020-data-sweepers/DataExtraction/ENV/lib/python3.8/site-packages/airflow/example_dags/subdags/subdag.py
[2021-08-28 23:51:51,586] {processor.py:170} INFO - Processing /home/paolo/Documents/Github/case-study-1-october2020-data-sweepers/DataExtraction/ENV/lib/python3.8/site-packages/airflow/example_dags/subdags/subdag.py took 0.025 seconds
[2021-08-28 23:52:25,681] {processor.py:162} INFO - Started process (PID=15548) to work on /home/paolo/Documents/Github/case-study-1-october2020-data-sweepers/DataExtraction/ENV/lib/python3.8/site-packages/airflow/example_dags/subdags/subdag.py
[2021-08-28 23:52:25,683] {processor.py:613} INFO - Processing file /home/paolo/Documents/Github/case-study-1-october2020-data-sweepers/DataExtraction/ENV/lib/python3.8/site-packages/airflow/example_dags/subdags/subdag.py for tasks to queue
[2021-08-28 23:52:25,684] {logging_mixin.py:109} INFO - [2021-08-28 23:52:25,684] {dagbag.py:496} INFO - Filling up the DagBag from /home/paolo/Documents/Github/case-study-1-october2020-data-sweepers/DataExtraction/ENV/lib/python3.8/site-packages/airflow/example_dags/subdags/subdag.py
[2021-08-28 23:52:25,691] {processor.py:625} WARNING - No viable dags retrieved from /home/paolo/Documents/Github/case-study-1-october2020-data-sweepers/DataExtraction/ENV/lib/python3.8/site-packages/airflow/example_dags/subdags/subdag.py
[2021-08-28 23:52:25,702] {processor.py:170} INFO - Processing /home/paolo/Documents/Github/case-study-1-october2020-data-sweepers/DataExtraction/ENV/lib/python3.8/site-packages/airflow/example_dags/subdags/subdag.py took 0.028 seconds
[2021-08-28 23:52:59,671] {processor.py:162} INFO - Started process (PID=15616) to work on /home/paolo/Documents/Github/case-study-1-october2020-data-sweepers/DataExtraction/ENV/lib/python3.8/site-packages/airflow/example_dags/subdags/subdag.py
[2021-08-28 23:52:59,672] {processor.py:613} INFO - Processing file /home/paolo/Documents/Github/case-study-1-october2020-data-sweepers/DataExtraction/ENV/lib/python3.8/site-packages/airflow/example_dags/subdags/subdag.py for tasks to queue
[2021-08-28 23:52:59,672] {logging_mixin.py:109} INFO - [2021-08-28 23:52:59,672] {dagbag.py:496} INFO - Filling up the DagBag from /home/paolo/Documents/Github/case-study-1-october2020-data-sweepers/DataExtraction/ENV/lib/python3.8/site-packages/airflow/example_dags/subdags/subdag.py
[2021-08-28 23:52:59,675] {processor.py:625} WARNING - No viable dags retrieved from /home/paolo/Documents/Github/case-study-1-october2020-data-sweepers/DataExtraction/ENV/lib/python3.8/site-packages/airflow/example_dags/subdags/subdag.py
[2021-08-28 23:52:59,680] {processor.py:170} INFO - Processing /home/paolo/Documents/Github/case-study-1-october2020-data-sweepers/DataExtraction/ENV/lib/python3.8/site-packages/airflow/example_dags/subdags/subdag.py took 0.012 seconds
[2021-08-28 23:53:30,936] {processor.py:162} INFO - Started process (PID=15690) to work on /home/paolo/Documents/Github/case-study-1-october2020-data-sweepers/DataExtraction/ENV/lib/python3.8/site-packages/airflow/example_dags/subdags/subdag.py
[2021-08-28 23:53:30,939] {processor.py:613} INFO - Processing file /home/paolo/Documents/Github/case-study-1-october2020-data-sweepers/DataExtraction/ENV/lib/python3.8/site-packages/airflow/example_dags/subdags/subdag.py for tasks to queue
[2021-08-28 23:53:30,940] {logging_mixin.py:109} INFO - [2021-08-28 23:53:30,940] {dagbag.py:496} INFO - Filling up the DagBag from /home/paolo/Documents/Github/case-study-1-october2020-data-sweepers/DataExtraction/ENV/lib/python3.8/site-packages/airflow/example_dags/subdags/subdag.py
[2021-08-28 23:53:30,946] {processor.py:625} WARNING - No viable dags retrieved from /home/paolo/Documents/Github/case-study-1-october2020-data-sweepers/DataExtraction/ENV/lib/python3.8/site-packages/airflow/example_dags/subdags/subdag.py
[2021-08-28 23:53:30,957] {processor.py:170} INFO - Processing /home/paolo/Documents/Github/case-study-1-october2020-data-sweepers/DataExtraction/ENV/lib/python3.8/site-packages/airflow/example_dags/subdags/subdag.py took 0.032 seconds
[2021-08-28 23:55:51,637] {processor.py:162} INFO - Started process (PID=16215) to work on /home/paolo/Documents/Github/case-study-1-october2020-data-sweepers/DataExtraction/ENV/lib/python3.8/site-packages/airflow/example_dags/subdags/subdag.py
[2021-08-28 23:55:51,645] {processor.py:613} INFO - Processing file /home/paolo/Documents/Github/case-study-1-october2020-data-sweepers/DataExtraction/ENV/lib/python3.8/site-packages/airflow/example_dags/subdags/subdag.py for tasks to queue
[2021-08-28 23:55:51,648] {logging_mixin.py:109} INFO - [2021-08-28 23:55:51,648] {dagbag.py:496} INFO - Filling up the DagBag from /home/paolo/Documents/Github/case-study-1-october2020-data-sweepers/DataExtraction/ENV/lib/python3.8/site-packages/airflow/example_dags/subdags/subdag.py
[2021-08-28 23:55:51,653] {processor.py:625} WARNING - No viable dags retrieved from /home/paolo/Documents/Github/case-study-1-october2020-data-sweepers/DataExtraction/ENV/lib/python3.8/site-packages/airflow/example_dags/subdags/subdag.py
[2021-08-28 23:55:51,663] {processor.py:170} INFO - Processing /home/paolo/Documents/Github/case-study-1-october2020-data-sweepers/DataExtraction/ENV/lib/python3.8/site-packages/airflow/example_dags/subdags/subdag.py took 0.032 seconds
[2021-08-28 23:56:31,606] {processor.py:162} INFO - Started process (PID=16540) to work on /home/paolo/Documents/Github/case-study-1-october2020-data-sweepers/DataExtraction/ENV/lib/python3.8/site-packages/airflow/example_dags/subdags/subdag.py
[2021-08-28 23:56:31,609] {processor.py:613} INFO - Processing file /home/paolo/Documents/Github/case-study-1-october2020-data-sweepers/DataExtraction/ENV/lib/python3.8/site-packages/airflow/example_dags/subdags/subdag.py for tasks to queue
[2021-08-28 23:56:31,610] {logging_mixin.py:109} INFO - [2021-08-28 23:56:31,610] {dagbag.py:496} INFO - Filling up the DagBag from /home/paolo/Documents/Github/case-study-1-october2020-data-sweepers/DataExtraction/ENV/lib/python3.8/site-packages/airflow/example_dags/subdags/subdag.py
[2021-08-28 23:56:31,617] {processor.py:625} WARNING - No viable dags retrieved from /home/paolo/Documents/Github/case-study-1-october2020-data-sweepers/DataExtraction/ENV/lib/python3.8/site-packages/airflow/example_dags/subdags/subdag.py
[2021-08-28 23:56:31,627] {processor.py:170} INFO - Processing /home/paolo/Documents/Github/case-study-1-october2020-data-sweepers/DataExtraction/ENV/lib/python3.8/site-packages/airflow/example_dags/subdags/subdag.py took 0.026 seconds
[2021-08-28 23:57:09,895] {processor.py:162} INFO - Started process (PID=16801) to work on /home/paolo/Documents/Github/case-study-1-october2020-data-sweepers/DataExtraction/ENV/lib/python3.8/site-packages/airflow/example_dags/subdags/subdag.py
[2021-08-28 23:57:09,896] {processor.py:613} INFO - Processing file /home/paolo/Documents/Github/case-study-1-october2020-data-sweepers/DataExtraction/ENV/lib/python3.8/site-packages/airflow/example_dags/subdags/subdag.py for tasks to queue
[2021-08-28 23:57:09,897] {logging_mixin.py:109} INFO - [2021-08-28 23:57:09,897] {dagbag.py:496} INFO - Filling up the DagBag from /home/paolo/Documents/Github/case-study-1-october2020-data-sweepers/DataExtraction/ENV/lib/python3.8/site-packages/airflow/example_dags/subdags/subdag.py
[2021-08-28 23:57:09,900] {processor.py:625} WARNING - No viable dags retrieved from /home/paolo/Documents/Github/case-study-1-october2020-data-sweepers/DataExtraction/ENV/lib/python3.8/site-packages/airflow/example_dags/subdags/subdag.py
[2021-08-28 23:57:09,906] {processor.py:170} INFO - Processing /home/paolo/Documents/Github/case-study-1-october2020-data-sweepers/DataExtraction/ENV/lib/python3.8/site-packages/airflow/example_dags/subdags/subdag.py took 0.014 seconds
[2021-08-28 23:57:47,630] {processor.py:162} INFO - Started process (PID=17130) to work on /home/paolo/Documents/Github/case-study-1-october2020-data-sweepers/DataExtraction/ENV/lib/python3.8/site-packages/airflow/example_dags/subdags/subdag.py
[2021-08-28 23:57:47,630] {processor.py:613} INFO - Processing file /home/paolo/Documents/Github/case-study-1-october2020-data-sweepers/DataExtraction/ENV/lib/python3.8/site-packages/airflow/example_dags/subdags/subdag.py for tasks to queue
[2021-08-28 23:57:47,631] {logging_mixin.py:109} INFO - [2021-08-28 23:57:47,631] {dagbag.py:496} INFO - Filling up the DagBag from /home/paolo/Documents/Github/case-study-1-october2020-data-sweepers/DataExtraction/ENV/lib/python3.8/site-packages/airflow/example_dags/subdags/subdag.py
[2021-08-28 23:57:47,634] {processor.py:625} WARNING - No viable dags retrieved from /home/paolo/Documents/Github/case-study-1-october2020-data-sweepers/DataExtraction/ENV/lib/python3.8/site-packages/airflow/example_dags/subdags/subdag.py
[2021-08-28 23:57:47,640] {processor.py:170} INFO - Processing /home/paolo/Documents/Github/case-study-1-october2020-data-sweepers/DataExtraction/ENV/lib/python3.8/site-packages/airflow/example_dags/subdags/subdag.py took 0.013 seconds
[2021-08-28 23:58:22,878] {processor.py:162} INFO - Started process (PID=17438) to work on /home/paolo/Documents/Github/case-study-1-october2020-data-sweepers/DataExtraction/ENV/lib/python3.8/site-packages/airflow/example_dags/subdags/subdag.py
[2021-08-28 23:58:22,881] {processor.py:613} INFO - Processing file /home/paolo/Documents/Github/case-study-1-october2020-data-sweepers/DataExtraction/ENV/lib/python3.8/site-packages/airflow/example_dags/subdags/subdag.py for tasks to queue
[2021-08-28 23:58:22,881] {logging_mixin.py:109} INFO - [2021-08-28 23:58:22,881] {dagbag.py:496} INFO - Filling up the DagBag from /home/paolo/Documents/Github/case-study-1-october2020-data-sweepers/DataExtraction/ENV/lib/python3.8/site-packages/airflow/example_dags/subdags/subdag.py
[2021-08-28 23:58:22,887] {processor.py:625} WARNING - No viable dags retrieved from /home/paolo/Documents/Github/case-study-1-october2020-data-sweepers/DataExtraction/ENV/lib/python3.8/site-packages/airflow/example_dags/subdags/subdag.py
[2021-08-28 23:58:22,895] {processor.py:170} INFO - Processing /home/paolo/Documents/Github/case-study-1-october2020-data-sweepers/DataExtraction/ENV/lib/python3.8/site-packages/airflow/example_dags/subdags/subdag.py took 0.021 seconds
