[2021-08-29 00:00:16,444] {taskinstance.py:903} INFO - Dependencies all met for <TaskInstance: workflow.print_date 2021-08-28T21:56:39.253048+00:00 [queued]>
[2021-08-29 00:00:16,454] {taskinstance.py:903} INFO - Dependencies all met for <TaskInstance: workflow.print_date 2021-08-28T21:56:39.253048+00:00 [queued]>
[2021-08-29 00:00:16,454] {taskinstance.py:1094} INFO - 
--------------------------------------------------------------------------------
[2021-08-29 00:00:16,454] {taskinstance.py:1095} INFO - Starting attempt 1 of 6
[2021-08-29 00:00:16,454] {taskinstance.py:1096} INFO - 
--------------------------------------------------------------------------------
[2021-08-29 00:00:16,473] {taskinstance.py:1114} INFO - Executing <Task(BashOperator): print_date> on 2021-08-28T21:56:39.253048+00:00
[2021-08-29 00:00:16,476] {standard_task_runner.py:52} INFO - Started process 18361 to run task
[2021-08-29 00:00:16,482] {standard_task_runner.py:76} INFO - Running: ['airflow', 'tasks', 'run', 'workflow', 'print_date', '2021-08-28T21:56:39.253048+00:00', '--job-id', '5', '--pool', 'default_pool', '--raw', '--subdir', '/home/paolo/Documents/Github/case-study-1-october2020-data-sweepers/DataProcessing/dags/workflow.py', '--cfg-path', '/tmp/tmp41jyg012', '--error-file', '/tmp/tmplvv0hd65']
[2021-08-29 00:00:16,482] {standard_task_runner.py:77} INFO - Job 5: Subtask print_date
[2021-08-29 00:00:16,516] {logging_mixin.py:109} INFO - Running <TaskInstance: workflow.print_date 2021-08-28T21:56:39.253048+00:00 [running]> on host palolo
[2021-08-29 00:00:16,564] {taskinstance.py:1251} INFO - Exporting the following env vars:
AIRFLOW_CTX_DAG_EMAIL=airflow@example.com
AIRFLOW_CTX_DAG_OWNER=airflow
AIRFLOW_CTX_DAG_ID=workflow
AIRFLOW_CTX_TASK_ID=print_date
AIRFLOW_CTX_EXECUTION_DATE=2021-08-28T21:56:39.253048+00:00
AIRFLOW_CTX_DAG_RUN_ID=manual__2021-08-28T21:56:39.253048+00:00
[2021-08-29 00:00:16,565] {subprocess.py:52} INFO - Tmp dir root location: 
 /tmp
[2021-08-29 00:00:16,566] {subprocess.py:63} INFO - Running command: ['bash', '-c', 'date']
[2021-08-29 00:00:16,573] {subprocess.py:74} INFO - Output:
[2021-08-29 00:00:16,576] {subprocess.py:78} INFO - So 29. Aug 00:00:16 CEST 2021
[2021-08-29 00:00:16,577] {subprocess.py:82} INFO - Command exited with return code 0
[2021-08-29 00:00:16,598] {taskinstance.py:1211} INFO - Marking task as SUCCESS. dag_id=workflow, task_id=print_date, execution_date=20210828T215639, start_date=20210828T220016, end_date=20210828T220016
[2021-08-29 00:00:16,651] {local_task_job.py:151} INFO - Task exited with return code 0
[2021-08-29 00:00:16,683] {local_task_job.py:261} INFO - 2 downstream tasks scheduled from follow-on schedule check
