[2021-08-28 23:37:25,560] {processor.py:162} INFO - Started process (PID=13072) to work on /home/paolo/Documents/Github/case-study-1-october2020-data-sweepers/DataExtraction/ENV/lib/python3.8/site-packages/airflow/example_dags/example_short_circuit_operator.py
[2021-08-28 23:37:25,562] {processor.py:613} INFO - Processing file /home/paolo/Documents/Github/case-study-1-october2020-data-sweepers/DataExtraction/ENV/lib/python3.8/site-packages/airflow/example_dags/example_short_circuit_operator.py for tasks to queue
[2021-08-28 23:37:25,564] {logging_mixin.py:109} INFO - [2021-08-28 23:37:25,564] {dagbag.py:496} INFO - Filling up the DagBag from /home/paolo/Documents/Github/case-study-1-october2020-data-sweepers/DataExtraction/ENV/lib/python3.8/site-packages/airflow/example_dags/example_short_circuit_operator.py
[2021-08-28 23:37:25,604] {processor.py:623} INFO - DAG(s) dict_keys(['example_short_circuit_operator']) retrieved from /home/paolo/Documents/Github/case-study-1-october2020-data-sweepers/DataExtraction/ENV/lib/python3.8/site-packages/airflow/example_dags/example_short_circuit_operator.py
[2021-08-28 23:37:25,655] {logging_mixin.py:109} INFO - [2021-08-28 23:37:25,655] {dag.py:1833} INFO - Sync 1 DAGs
[2021-08-28 23:37:25,690] {logging_mixin.py:109} INFO - [2021-08-28 23:37:25,689] {dag.py:2306} INFO - Setting next_dagrun for example_short_circuit_operator to 2021-08-26 00:00:00+00:00
[2021-08-28 23:37:25,712] {processor.py:170} INFO - Processing /home/paolo/Documents/Github/case-study-1-october2020-data-sweepers/DataExtraction/ENV/lib/python3.8/site-packages/airflow/example_dags/example_short_circuit_operator.py took 0.159 seconds
[2021-08-28 23:38:02,941] {processor.py:162} INFO - Started process (PID=13232) to work on /home/paolo/Documents/Github/case-study-1-october2020-data-sweepers/DataExtraction/ENV/lib/python3.8/site-packages/airflow/example_dags/example_short_circuit_operator.py
[2021-08-28 23:38:02,947] {processor.py:613} INFO - Processing file /home/paolo/Documents/Github/case-study-1-october2020-data-sweepers/DataExtraction/ENV/lib/python3.8/site-packages/airflow/example_dags/example_short_circuit_operator.py for tasks to queue
[2021-08-28 23:38:02,949] {logging_mixin.py:109} INFO - [2021-08-28 23:38:02,949] {dagbag.py:496} INFO - Filling up the DagBag from /home/paolo/Documents/Github/case-study-1-october2020-data-sweepers/DataExtraction/ENV/lib/python3.8/site-packages/airflow/example_dags/example_short_circuit_operator.py
[2021-08-28 23:38:02,988] {processor.py:623} INFO - DAG(s) dict_keys(['example_short_circuit_operator']) retrieved from /home/paolo/Documents/Github/case-study-1-october2020-data-sweepers/DataExtraction/ENV/lib/python3.8/site-packages/airflow/example_dags/example_short_circuit_operator.py
[2021-08-28 23:38:03,028] {logging_mixin.py:109} INFO - [2021-08-28 23:38:03,028] {dag.py:1833} INFO - Sync 1 DAGs
[2021-08-28 23:38:03,053] {logging_mixin.py:109} INFO - [2021-08-28 23:38:03,052] {dag.py:2306} INFO - Setting next_dagrun for example_short_circuit_operator to 2021-08-26 00:00:00+00:00
[2021-08-28 23:38:03,079] {processor.py:170} INFO - Processing /home/paolo/Documents/Github/case-study-1-october2020-data-sweepers/DataExtraction/ENV/lib/python3.8/site-packages/airflow/example_dags/example_short_circuit_operator.py took 0.157 seconds
[2021-08-28 23:38:43,963] {processor.py:162} INFO - Started process (PID=13331) to work on /home/paolo/Documents/Github/case-study-1-october2020-data-sweepers/DataExtraction/ENV/lib/python3.8/site-packages/airflow/example_dags/example_short_circuit_operator.py
[2021-08-28 23:38:43,964] {processor.py:613} INFO - Processing file /home/paolo/Documents/Github/case-study-1-october2020-data-sweepers/DataExtraction/ENV/lib/python3.8/site-packages/airflow/example_dags/example_short_circuit_operator.py for tasks to queue
[2021-08-28 23:38:43,965] {logging_mixin.py:109} INFO - [2021-08-28 23:38:43,965] {dagbag.py:496} INFO - Filling up the DagBag from /home/paolo/Documents/Github/case-study-1-october2020-data-sweepers/DataExtraction/ENV/lib/python3.8/site-packages/airflow/example_dags/example_short_circuit_operator.py
[2021-08-28 23:38:43,981] {processor.py:623} INFO - DAG(s) dict_keys(['example_short_circuit_operator']) retrieved from /home/paolo/Documents/Github/case-study-1-october2020-data-sweepers/DataExtraction/ENV/lib/python3.8/site-packages/airflow/example_dags/example_short_circuit_operator.py
[2021-08-28 23:38:43,999] {logging_mixin.py:109} INFO - [2021-08-28 23:38:43,999] {dag.py:1833} INFO - Sync 1 DAGs
[2021-08-28 23:38:44,013] {logging_mixin.py:109} INFO - [2021-08-28 23:38:44,013] {dag.py:2306} INFO - Setting next_dagrun for example_short_circuit_operator to 2021-08-26 00:00:00+00:00
[2021-08-28 23:38:44,032] {processor.py:170} INFO - Processing /home/paolo/Documents/Github/case-study-1-october2020-data-sweepers/DataExtraction/ENV/lib/python3.8/site-packages/airflow/example_dags/example_short_circuit_operator.py took 0.073 seconds
[2021-08-28 23:39:19,082] {processor.py:162} INFO - Started process (PID=13447) to work on /home/paolo/Documents/Github/case-study-1-october2020-data-sweepers/DataExtraction/ENV/lib/python3.8/site-packages/airflow/example_dags/example_short_circuit_operator.py
[2021-08-28 23:39:19,085] {processor.py:613} INFO - Processing file /home/paolo/Documents/Github/case-study-1-october2020-data-sweepers/DataExtraction/ENV/lib/python3.8/site-packages/airflow/example_dags/example_short_circuit_operator.py for tasks to queue
[2021-08-28 23:39:19,086] {logging_mixin.py:109} INFO - [2021-08-28 23:39:19,086] {dagbag.py:496} INFO - Filling up the DagBag from /home/paolo/Documents/Github/case-study-1-october2020-data-sweepers/DataExtraction/ENV/lib/python3.8/site-packages/airflow/example_dags/example_short_circuit_operator.py
[2021-08-28 23:39:19,113] {processor.py:623} INFO - DAG(s) dict_keys(['example_short_circuit_operator']) retrieved from /home/paolo/Documents/Github/case-study-1-october2020-data-sweepers/DataExtraction/ENV/lib/python3.8/site-packages/airflow/example_dags/example_short_circuit_operator.py
[2021-08-28 23:39:19,130] {logging_mixin.py:109} INFO - [2021-08-28 23:39:19,129] {dag.py:1833} INFO - Sync 1 DAGs
[2021-08-28 23:39:19,139] {logging_mixin.py:109} INFO - [2021-08-28 23:39:19,139] {dag.py:2306} INFO - Setting next_dagrun for example_short_circuit_operator to 2021-08-26 00:00:00+00:00
[2021-08-28 23:39:19,156] {processor.py:170} INFO - Processing /home/paolo/Documents/Github/case-study-1-october2020-data-sweepers/DataExtraction/ENV/lib/python3.8/site-packages/airflow/example_dags/example_short_circuit_operator.py took 0.080 seconds
[2021-08-28 23:39:54,161] {processor.py:162} INFO - Started process (PID=13613) to work on /home/paolo/Documents/Github/case-study-1-october2020-data-sweepers/DataExtraction/ENV/lib/python3.8/site-packages/airflow/example_dags/example_short_circuit_operator.py
[2021-08-28 23:39:54,162] {processor.py:613} INFO - Processing file /home/paolo/Documents/Github/case-study-1-october2020-data-sweepers/DataExtraction/ENV/lib/python3.8/site-packages/airflow/example_dags/example_short_circuit_operator.py for tasks to queue
[2021-08-28 23:39:54,162] {logging_mixin.py:109} INFO - [2021-08-28 23:39:54,162] {dagbag.py:496} INFO - Filling up the DagBag from /home/paolo/Documents/Github/case-study-1-october2020-data-sweepers/DataExtraction/ENV/lib/python3.8/site-packages/airflow/example_dags/example_short_circuit_operator.py
[2021-08-28 23:39:54,186] {processor.py:623} INFO - DAG(s) dict_keys(['example_short_circuit_operator']) retrieved from /home/paolo/Documents/Github/case-study-1-october2020-data-sweepers/DataExtraction/ENV/lib/python3.8/site-packages/airflow/example_dags/example_short_circuit_operator.py
[2021-08-28 23:39:54,201] {logging_mixin.py:109} INFO - [2021-08-28 23:39:54,201] {dag.py:1833} INFO - Sync 1 DAGs
[2021-08-28 23:39:54,219] {logging_mixin.py:109} INFO - [2021-08-28 23:39:54,219] {dag.py:2306} INFO - Setting next_dagrun for example_short_circuit_operator to 2021-08-26 00:00:00+00:00
[2021-08-28 23:39:54,243] {processor.py:170} INFO - Processing /home/paolo/Documents/Github/case-study-1-october2020-data-sweepers/DataExtraction/ENV/lib/python3.8/site-packages/airflow/example_dags/example_short_circuit_operator.py took 0.086 seconds
[2021-08-28 23:40:33,533] {processor.py:162} INFO - Started process (PID=13845) to work on /home/paolo/Documents/Github/case-study-1-october2020-data-sweepers/DataExtraction/ENV/lib/python3.8/site-packages/airflow/example_dags/example_short_circuit_operator.py
[2021-08-28 23:40:33,533] {processor.py:613} INFO - Processing file /home/paolo/Documents/Github/case-study-1-october2020-data-sweepers/DataExtraction/ENV/lib/python3.8/site-packages/airflow/example_dags/example_short_circuit_operator.py for tasks to queue
[2021-08-28 23:40:33,534] {logging_mixin.py:109} INFO - [2021-08-28 23:40:33,534] {dagbag.py:496} INFO - Filling up the DagBag from /home/paolo/Documents/Github/case-study-1-october2020-data-sweepers/DataExtraction/ENV/lib/python3.8/site-packages/airflow/example_dags/example_short_circuit_operator.py
[2021-08-28 23:40:33,544] {processor.py:623} INFO - DAG(s) dict_keys(['example_short_circuit_operator']) retrieved from /home/paolo/Documents/Github/case-study-1-october2020-data-sweepers/DataExtraction/ENV/lib/python3.8/site-packages/airflow/example_dags/example_short_circuit_operator.py
[2021-08-28 23:40:33,555] {logging_mixin.py:109} INFO - [2021-08-28 23:40:33,555] {dag.py:1833} INFO - Sync 1 DAGs
[2021-08-28 23:40:33,564] {logging_mixin.py:109} INFO - [2021-08-28 23:40:33,564] {dag.py:2306} INFO - Setting next_dagrun for example_short_circuit_operator to 2021-08-26 00:00:00+00:00
[2021-08-28 23:40:33,581] {processor.py:170} INFO - Processing /home/paolo/Documents/Github/case-study-1-october2020-data-sweepers/DataExtraction/ENV/lib/python3.8/site-packages/airflow/example_dags/example_short_circuit_operator.py took 0.050 seconds
[2021-08-28 23:41:11,340] {processor.py:162} INFO - Started process (PID=14009) to work on /home/paolo/Documents/Github/case-study-1-october2020-data-sweepers/DataExtraction/ENV/lib/python3.8/site-packages/airflow/example_dags/example_short_circuit_operator.py
[2021-08-28 23:41:11,342] {processor.py:613} INFO - Processing file /home/paolo/Documents/Github/case-study-1-october2020-data-sweepers/DataExtraction/ENV/lib/python3.8/site-packages/airflow/example_dags/example_short_circuit_operator.py for tasks to queue
[2021-08-28 23:41:11,342] {logging_mixin.py:109} INFO - [2021-08-28 23:41:11,342] {dagbag.py:496} INFO - Filling up the DagBag from /home/paolo/Documents/Github/case-study-1-october2020-data-sweepers/DataExtraction/ENV/lib/python3.8/site-packages/airflow/example_dags/example_short_circuit_operator.py
[2021-08-28 23:41:11,357] {processor.py:623} INFO - DAG(s) dict_keys(['example_short_circuit_operator']) retrieved from /home/paolo/Documents/Github/case-study-1-october2020-data-sweepers/DataExtraction/ENV/lib/python3.8/site-packages/airflow/example_dags/example_short_circuit_operator.py
[2021-08-28 23:41:11,379] {logging_mixin.py:109} INFO - [2021-08-28 23:41:11,379] {dag.py:1833} INFO - Sync 1 DAGs
[2021-08-28 23:41:11,397] {logging_mixin.py:109} INFO - [2021-08-28 23:41:11,397] {dag.py:2306} INFO - Setting next_dagrun for example_short_circuit_operator to 2021-08-26 00:00:00+00:00
[2021-08-28 23:41:11,449] {processor.py:170} INFO - Processing /home/paolo/Documents/Github/case-study-1-october2020-data-sweepers/DataExtraction/ENV/lib/python3.8/site-packages/airflow/example_dags/example_short_circuit_operator.py took 0.111 seconds
[2021-08-28 23:41:46,893] {processor.py:162} INFO - Started process (PID=14120) to work on /home/paolo/Documents/Github/case-study-1-october2020-data-sweepers/DataExtraction/ENV/lib/python3.8/site-packages/airflow/example_dags/example_short_circuit_operator.py
[2021-08-28 23:41:46,894] {processor.py:613} INFO - Processing file /home/paolo/Documents/Github/case-study-1-october2020-data-sweepers/DataExtraction/ENV/lib/python3.8/site-packages/airflow/example_dags/example_short_circuit_operator.py for tasks to queue
[2021-08-28 23:41:46,895] {logging_mixin.py:109} INFO - [2021-08-28 23:41:46,895] {dagbag.py:496} INFO - Filling up the DagBag from /home/paolo/Documents/Github/case-study-1-october2020-data-sweepers/DataExtraction/ENV/lib/python3.8/site-packages/airflow/example_dags/example_short_circuit_operator.py
[2021-08-28 23:41:46,905] {processor.py:623} INFO - DAG(s) dict_keys(['example_short_circuit_operator']) retrieved from /home/paolo/Documents/Github/case-study-1-october2020-data-sweepers/DataExtraction/ENV/lib/python3.8/site-packages/airflow/example_dags/example_short_circuit_operator.py
[2021-08-28 23:41:46,917] {logging_mixin.py:109} INFO - [2021-08-28 23:41:46,917] {dag.py:1833} INFO - Sync 1 DAGs
[2021-08-28 23:41:46,926] {logging_mixin.py:109} INFO - [2021-08-28 23:41:46,926] {dag.py:2306} INFO - Setting next_dagrun for example_short_circuit_operator to 2021-08-26 00:00:00+00:00
[2021-08-28 23:41:46,941] {processor.py:170} INFO - Processing /home/paolo/Documents/Github/case-study-1-october2020-data-sweepers/DataExtraction/ENV/lib/python3.8/site-packages/airflow/example_dags/example_short_circuit_operator.py took 0.050 seconds
[2021-08-28 23:42:19,280] {processor.py:162} INFO - Started process (PID=14221) to work on /home/paolo/Documents/Github/case-study-1-october2020-data-sweepers/DataExtraction/ENV/lib/python3.8/site-packages/airflow/example_dags/example_short_circuit_operator.py
[2021-08-28 23:42:19,282] {processor.py:613} INFO - Processing file /home/paolo/Documents/Github/case-study-1-october2020-data-sweepers/DataExtraction/ENV/lib/python3.8/site-packages/airflow/example_dags/example_short_circuit_operator.py for tasks to queue
[2021-08-28 23:42:19,284] {logging_mixin.py:109} INFO - [2021-08-28 23:42:19,284] {dagbag.py:496} INFO - Filling up the DagBag from /home/paolo/Documents/Github/case-study-1-october2020-data-sweepers/DataExtraction/ENV/lib/python3.8/site-packages/airflow/example_dags/example_short_circuit_operator.py
[2021-08-28 23:42:19,306] {processor.py:623} INFO - DAG(s) dict_keys(['example_short_circuit_operator']) retrieved from /home/paolo/Documents/Github/case-study-1-october2020-data-sweepers/DataExtraction/ENV/lib/python3.8/site-packages/airflow/example_dags/example_short_circuit_operator.py
[2021-08-28 23:42:19,321] {logging_mixin.py:109} INFO - [2021-08-28 23:42:19,320] {dag.py:1833} INFO - Sync 1 DAGs
[2021-08-28 23:42:19,332] {logging_mixin.py:109} INFO - [2021-08-28 23:42:19,332] {dag.py:2306} INFO - Setting next_dagrun for example_short_circuit_operator to 2021-08-26 00:00:00+00:00
[2021-08-28 23:42:19,350] {processor.py:170} INFO - Processing /home/paolo/Documents/Github/case-study-1-october2020-data-sweepers/DataExtraction/ENV/lib/python3.8/site-packages/airflow/example_dags/example_short_circuit_operator.py took 0.077 seconds
[2021-08-28 23:42:52,176] {processor.py:162} INFO - Started process (PID=14292) to work on /home/paolo/Documents/Github/case-study-1-october2020-data-sweepers/DataExtraction/ENV/lib/python3.8/site-packages/airflow/example_dags/example_short_circuit_operator.py
[2021-08-28 23:42:52,178] {processor.py:613} INFO - Processing file /home/paolo/Documents/Github/case-study-1-october2020-data-sweepers/DataExtraction/ENV/lib/python3.8/site-packages/airflow/example_dags/example_short_circuit_operator.py for tasks to queue
[2021-08-28 23:42:52,179] {logging_mixin.py:109} INFO - [2021-08-28 23:42:52,178] {dagbag.py:496} INFO - Filling up the DagBag from /home/paolo/Documents/Github/case-study-1-october2020-data-sweepers/DataExtraction/ENV/lib/python3.8/site-packages/airflow/example_dags/example_short_circuit_operator.py
[2021-08-28 23:42:52,192] {processor.py:623} INFO - DAG(s) dict_keys(['example_short_circuit_operator']) retrieved from /home/paolo/Documents/Github/case-study-1-october2020-data-sweepers/DataExtraction/ENV/lib/python3.8/site-packages/airflow/example_dags/example_short_circuit_operator.py
[2021-08-28 23:42:52,203] {logging_mixin.py:109} INFO - [2021-08-28 23:42:52,202] {dag.py:1833} INFO - Sync 1 DAGs
[2021-08-28 23:42:52,211] {logging_mixin.py:109} INFO - [2021-08-28 23:42:52,211] {dag.py:2306} INFO - Setting next_dagrun for example_short_circuit_operator to 2021-08-26 00:00:00+00:00
[2021-08-28 23:42:52,227] {processor.py:170} INFO - Processing /home/paolo/Documents/Github/case-study-1-october2020-data-sweepers/DataExtraction/ENV/lib/python3.8/site-packages/airflow/example_dags/example_short_circuit_operator.py took 0.054 seconds
[2021-08-28 23:43:25,724] {processor.py:162} INFO - Started process (PID=14376) to work on /home/paolo/Documents/Github/case-study-1-october2020-data-sweepers/DataExtraction/ENV/lib/python3.8/site-packages/airflow/example_dags/example_short_circuit_operator.py
[2021-08-28 23:43:25,727] {processor.py:613} INFO - Processing file /home/paolo/Documents/Github/case-study-1-october2020-data-sweepers/DataExtraction/ENV/lib/python3.8/site-packages/airflow/example_dags/example_short_circuit_operator.py for tasks to queue
[2021-08-28 23:43:25,729] {logging_mixin.py:109} INFO - [2021-08-28 23:43:25,729] {dagbag.py:496} INFO - Filling up the DagBag from /home/paolo/Documents/Github/case-study-1-october2020-data-sweepers/DataExtraction/ENV/lib/python3.8/site-packages/airflow/example_dags/example_short_circuit_operator.py
[2021-08-28 23:43:25,747] {processor.py:623} INFO - DAG(s) dict_keys(['example_short_circuit_operator']) retrieved from /home/paolo/Documents/Github/case-study-1-october2020-data-sweepers/DataExtraction/ENV/lib/python3.8/site-packages/airflow/example_dags/example_short_circuit_operator.py
[2021-08-28 23:43:25,759] {logging_mixin.py:109} INFO - [2021-08-28 23:43:25,759] {dag.py:1833} INFO - Sync 1 DAGs
[2021-08-28 23:43:25,768] {logging_mixin.py:109} INFO - [2021-08-28 23:43:25,768] {dag.py:2306} INFO - Setting next_dagrun for example_short_circuit_operator to 2021-08-26 00:00:00+00:00
[2021-08-28 23:43:25,785] {processor.py:170} INFO - Processing /home/paolo/Documents/Github/case-study-1-october2020-data-sweepers/DataExtraction/ENV/lib/python3.8/site-packages/airflow/example_dags/example_short_circuit_operator.py took 0.067 seconds
[2021-08-28 23:43:56,931] {processor.py:162} INFO - Started process (PID=14437) to work on /home/paolo/Documents/Github/case-study-1-october2020-data-sweepers/DataExtraction/ENV/lib/python3.8/site-packages/airflow/example_dags/example_short_circuit_operator.py
[2021-08-28 23:43:56,934] {processor.py:613} INFO - Processing file /home/paolo/Documents/Github/case-study-1-october2020-data-sweepers/DataExtraction/ENV/lib/python3.8/site-packages/airflow/example_dags/example_short_circuit_operator.py for tasks to queue
[2021-08-28 23:43:56,935] {logging_mixin.py:109} INFO - [2021-08-28 23:43:56,935] {dagbag.py:496} INFO - Filling up the DagBag from /home/paolo/Documents/Github/case-study-1-october2020-data-sweepers/DataExtraction/ENV/lib/python3.8/site-packages/airflow/example_dags/example_short_circuit_operator.py
[2021-08-28 23:43:56,949] {processor.py:623} INFO - DAG(s) dict_keys(['example_short_circuit_operator']) retrieved from /home/paolo/Documents/Github/case-study-1-october2020-data-sweepers/DataExtraction/ENV/lib/python3.8/site-packages/airflow/example_dags/example_short_circuit_operator.py
[2021-08-28 23:43:56,960] {logging_mixin.py:109} INFO - [2021-08-28 23:43:56,960] {dag.py:1833} INFO - Sync 1 DAGs
[2021-08-28 23:43:56,969] {logging_mixin.py:109} INFO - [2021-08-28 23:43:56,969] {dag.py:2306} INFO - Setting next_dagrun for example_short_circuit_operator to 2021-08-26 00:00:00+00:00
[2021-08-28 23:43:56,985] {processor.py:170} INFO - Processing /home/paolo/Documents/Github/case-study-1-october2020-data-sweepers/DataExtraction/ENV/lib/python3.8/site-packages/airflow/example_dags/example_short_circuit_operator.py took 0.061 seconds
[2021-08-28 23:44:31,966] {processor.py:162} INFO - Started process (PID=14520) to work on /home/paolo/Documents/Github/case-study-1-october2020-data-sweepers/DataExtraction/ENV/lib/python3.8/site-packages/airflow/example_dags/example_short_circuit_operator.py
[2021-08-28 23:44:31,976] {processor.py:613} INFO - Processing file /home/paolo/Documents/Github/case-study-1-october2020-data-sweepers/DataExtraction/ENV/lib/python3.8/site-packages/airflow/example_dags/example_short_circuit_operator.py for tasks to queue
[2021-08-28 23:44:31,984] {logging_mixin.py:109} INFO - [2021-08-28 23:44:31,983] {dagbag.py:496} INFO - Filling up the DagBag from /home/paolo/Documents/Github/case-study-1-october2020-data-sweepers/DataExtraction/ENV/lib/python3.8/site-packages/airflow/example_dags/example_short_circuit_operator.py
[2021-08-28 23:44:32,030] {processor.py:623} INFO - DAG(s) dict_keys(['example_short_circuit_operator']) retrieved from /home/paolo/Documents/Github/case-study-1-october2020-data-sweepers/DataExtraction/ENV/lib/python3.8/site-packages/airflow/example_dags/example_short_circuit_operator.py
[2021-08-28 23:44:32,063] {logging_mixin.py:109} INFO - [2021-08-28 23:44:32,062] {dag.py:1833} INFO - Sync 1 DAGs
[2021-08-28 23:44:32,086] {logging_mixin.py:109} INFO - [2021-08-28 23:44:32,086] {dag.py:2306} INFO - Setting next_dagrun for example_short_circuit_operator to 2021-08-26 00:00:00+00:00
[2021-08-28 23:44:32,128] {processor.py:170} INFO - Processing /home/paolo/Documents/Github/case-study-1-october2020-data-sweepers/DataExtraction/ENV/lib/python3.8/site-packages/airflow/example_dags/example_short_circuit_operator.py took 0.175 seconds
[2021-08-28 23:45:07,097] {processor.py:162} INFO - Started process (PID=14579) to work on /home/paolo/Documents/Github/case-study-1-october2020-data-sweepers/DataExtraction/ENV/lib/python3.8/site-packages/airflow/example_dags/example_short_circuit_operator.py
[2021-08-28 23:45:07,103] {processor.py:613} INFO - Processing file /home/paolo/Documents/Github/case-study-1-october2020-data-sweepers/DataExtraction/ENV/lib/python3.8/site-packages/airflow/example_dags/example_short_circuit_operator.py for tasks to queue
[2021-08-28 23:45:07,110] {logging_mixin.py:109} INFO - [2021-08-28 23:45:07,110] {dagbag.py:496} INFO - Filling up the DagBag from /home/paolo/Documents/Github/case-study-1-october2020-data-sweepers/DataExtraction/ENV/lib/python3.8/site-packages/airflow/example_dags/example_short_circuit_operator.py
[2021-08-28 23:45:07,145] {processor.py:623} INFO - DAG(s) dict_keys(['example_short_circuit_operator']) retrieved from /home/paolo/Documents/Github/case-study-1-october2020-data-sweepers/DataExtraction/ENV/lib/python3.8/site-packages/airflow/example_dags/example_short_circuit_operator.py
[2021-08-28 23:45:07,190] {logging_mixin.py:109} INFO - [2021-08-28 23:45:07,190] {dag.py:1833} INFO - Sync 1 DAGs
[2021-08-28 23:45:07,216] {logging_mixin.py:109} INFO - [2021-08-28 23:45:07,215] {dag.py:2306} INFO - Setting next_dagrun for example_short_circuit_operator to 2021-08-26 00:00:00+00:00
[2021-08-28 23:45:07,250] {processor.py:170} INFO - Processing /home/paolo/Documents/Github/case-study-1-october2020-data-sweepers/DataExtraction/ENV/lib/python3.8/site-packages/airflow/example_dags/example_short_circuit_operator.py took 0.158 seconds
[2021-08-28 23:45:49,198] {processor.py:162} INFO - Started process (PID=14649) to work on /home/paolo/Documents/Github/case-study-1-october2020-data-sweepers/DataExtraction/ENV/lib/python3.8/site-packages/airflow/example_dags/example_short_circuit_operator.py
[2021-08-28 23:45:49,200] {processor.py:613} INFO - Processing file /home/paolo/Documents/Github/case-study-1-october2020-data-sweepers/DataExtraction/ENV/lib/python3.8/site-packages/airflow/example_dags/example_short_circuit_operator.py for tasks to queue
[2021-08-28 23:45:49,201] {logging_mixin.py:109} INFO - [2021-08-28 23:45:49,200] {dagbag.py:496} INFO - Filling up the DagBag from /home/paolo/Documents/Github/case-study-1-october2020-data-sweepers/DataExtraction/ENV/lib/python3.8/site-packages/airflow/example_dags/example_short_circuit_operator.py
[2021-08-28 23:45:49,227] {processor.py:623} INFO - DAG(s) dict_keys(['example_short_circuit_operator']) retrieved from /home/paolo/Documents/Github/case-study-1-october2020-data-sweepers/DataExtraction/ENV/lib/python3.8/site-packages/airflow/example_dags/example_short_circuit_operator.py
[2021-08-28 23:45:49,265] {logging_mixin.py:109} INFO - [2021-08-28 23:45:49,265] {dag.py:1833} INFO - Sync 1 DAGs
[2021-08-28 23:45:49,296] {logging_mixin.py:109} INFO - [2021-08-28 23:45:49,296] {dag.py:2306} INFO - Setting next_dagrun for example_short_circuit_operator to 2021-08-26 00:00:00+00:00
[2021-08-28 23:45:49,344] {processor.py:170} INFO - Processing /home/paolo/Documents/Github/case-study-1-october2020-data-sweepers/DataExtraction/ENV/lib/python3.8/site-packages/airflow/example_dags/example_short_circuit_operator.py took 0.152 seconds
[2021-08-28 23:46:29,943] {processor.py:162} INFO - Started process (PID=14716) to work on /home/paolo/Documents/Github/case-study-1-october2020-data-sweepers/DataExtraction/ENV/lib/python3.8/site-packages/airflow/example_dags/example_short_circuit_operator.py
[2021-08-28 23:46:29,946] {processor.py:613} INFO - Processing file /home/paolo/Documents/Github/case-study-1-october2020-data-sweepers/DataExtraction/ENV/lib/python3.8/site-packages/airflow/example_dags/example_short_circuit_operator.py for tasks to queue
[2021-08-28 23:46:29,948] {logging_mixin.py:109} INFO - [2021-08-28 23:46:29,947] {dagbag.py:496} INFO - Filling up the DagBag from /home/paolo/Documents/Github/case-study-1-october2020-data-sweepers/DataExtraction/ENV/lib/python3.8/site-packages/airflow/example_dags/example_short_circuit_operator.py
[2021-08-28 23:46:29,983] {processor.py:623} INFO - DAG(s) dict_keys(['example_short_circuit_operator']) retrieved from /home/paolo/Documents/Github/case-study-1-october2020-data-sweepers/DataExtraction/ENV/lib/python3.8/site-packages/airflow/example_dags/example_short_circuit_operator.py
[2021-08-28 23:46:30,027] {logging_mixin.py:109} INFO - [2021-08-28 23:46:30,026] {dag.py:1833} INFO - Sync 1 DAGs
[2021-08-28 23:46:30,054] {logging_mixin.py:109} INFO - [2021-08-28 23:46:30,053] {dag.py:2306} INFO - Setting next_dagrun for example_short_circuit_operator to 2021-08-26 00:00:00+00:00
[2021-08-28 23:46:30,085] {processor.py:170} INFO - Processing /home/paolo/Documents/Github/case-study-1-october2020-data-sweepers/DataExtraction/ENV/lib/python3.8/site-packages/airflow/example_dags/example_short_circuit_operator.py took 0.151 seconds
[2021-08-28 23:47:07,868] {processor.py:162} INFO - Started process (PID=14792) to work on /home/paolo/Documents/Github/case-study-1-october2020-data-sweepers/DataExtraction/ENV/lib/python3.8/site-packages/airflow/example_dags/example_short_circuit_operator.py
[2021-08-28 23:47:07,876] {processor.py:613} INFO - Processing file /home/paolo/Documents/Github/case-study-1-october2020-data-sweepers/DataExtraction/ENV/lib/python3.8/site-packages/airflow/example_dags/example_short_circuit_operator.py for tasks to queue
[2021-08-28 23:47:07,884] {logging_mixin.py:109} INFO - [2021-08-28 23:47:07,883] {dagbag.py:496} INFO - Filling up the DagBag from /home/paolo/Documents/Github/case-study-1-october2020-data-sweepers/DataExtraction/ENV/lib/python3.8/site-packages/airflow/example_dags/example_short_circuit_operator.py
[2021-08-28 23:47:07,915] {processor.py:623} INFO - DAG(s) dict_keys(['example_short_circuit_operator']) retrieved from /home/paolo/Documents/Github/case-study-1-october2020-data-sweepers/DataExtraction/ENV/lib/python3.8/site-packages/airflow/example_dags/example_short_circuit_operator.py
[2021-08-28 23:47:07,939] {logging_mixin.py:109} INFO - [2021-08-28 23:47:07,939] {dag.py:1833} INFO - Sync 1 DAGs
[2021-08-28 23:47:07,965] {logging_mixin.py:109} INFO - [2021-08-28 23:47:07,965] {dag.py:2306} INFO - Setting next_dagrun for example_short_circuit_operator to 2021-08-26 00:00:00+00:00
[2021-08-28 23:47:07,991] {processor.py:170} INFO - Processing /home/paolo/Documents/Github/case-study-1-october2020-data-sweepers/DataExtraction/ENV/lib/python3.8/site-packages/airflow/example_dags/example_short_circuit_operator.py took 0.130 seconds
[2021-08-28 23:47:45,469] {processor.py:162} INFO - Started process (PID=14875) to work on /home/paolo/Documents/Github/case-study-1-october2020-data-sweepers/DataExtraction/ENV/lib/python3.8/site-packages/airflow/example_dags/example_short_circuit_operator.py
[2021-08-28 23:47:45,471] {processor.py:613} INFO - Processing file /home/paolo/Documents/Github/case-study-1-october2020-data-sweepers/DataExtraction/ENV/lib/python3.8/site-packages/airflow/example_dags/example_short_circuit_operator.py for tasks to queue
[2021-08-28 23:47:45,472] {logging_mixin.py:109} INFO - [2021-08-28 23:47:45,471] {dagbag.py:496} INFO - Filling up the DagBag from /home/paolo/Documents/Github/case-study-1-october2020-data-sweepers/DataExtraction/ENV/lib/python3.8/site-packages/airflow/example_dags/example_short_circuit_operator.py
[2021-08-28 23:47:45,499] {processor.py:623} INFO - DAG(s) dict_keys(['example_short_circuit_operator']) retrieved from /home/paolo/Documents/Github/case-study-1-october2020-data-sweepers/DataExtraction/ENV/lib/python3.8/site-packages/airflow/example_dags/example_short_circuit_operator.py
[2021-08-28 23:47:45,527] {logging_mixin.py:109} INFO - [2021-08-28 23:47:45,527] {dag.py:1833} INFO - Sync 1 DAGs
[2021-08-28 23:47:45,555] {logging_mixin.py:109} INFO - [2021-08-28 23:47:45,555] {dag.py:2306} INFO - Setting next_dagrun for example_short_circuit_operator to 2021-08-26 00:00:00+00:00
[2021-08-28 23:47:45,585] {processor.py:170} INFO - Processing /home/paolo/Documents/Github/case-study-1-october2020-data-sweepers/DataExtraction/ENV/lib/python3.8/site-packages/airflow/example_dags/example_short_circuit_operator.py took 0.121 seconds
[2021-08-28 23:48:27,286] {processor.py:162} INFO - Started process (PID=14948) to work on /home/paolo/Documents/Github/case-study-1-october2020-data-sweepers/DataExtraction/ENV/lib/python3.8/site-packages/airflow/example_dags/example_short_circuit_operator.py
[2021-08-28 23:48:27,295] {processor.py:613} INFO - Processing file /home/paolo/Documents/Github/case-study-1-october2020-data-sweepers/DataExtraction/ENV/lib/python3.8/site-packages/airflow/example_dags/example_short_circuit_operator.py for tasks to queue
[2021-08-28 23:48:27,296] {logging_mixin.py:109} INFO - [2021-08-28 23:48:27,295] {dagbag.py:496} INFO - Filling up the DagBag from /home/paolo/Documents/Github/case-study-1-october2020-data-sweepers/DataExtraction/ENV/lib/python3.8/site-packages/airflow/example_dags/example_short_circuit_operator.py
[2021-08-28 23:48:27,333] {processor.py:623} INFO - DAG(s) dict_keys(['example_short_circuit_operator']) retrieved from /home/paolo/Documents/Github/case-study-1-october2020-data-sweepers/DataExtraction/ENV/lib/python3.8/site-packages/airflow/example_dags/example_short_circuit_operator.py
[2021-08-28 23:48:27,369] {logging_mixin.py:109} INFO - [2021-08-28 23:48:27,368] {dag.py:1833} INFO - Sync 1 DAGs
[2021-08-28 23:48:27,394] {logging_mixin.py:109} INFO - [2021-08-28 23:48:27,394] {dag.py:2306} INFO - Setting next_dagrun for example_short_circuit_operator to 2021-08-26 00:00:00+00:00
[2021-08-28 23:48:27,429] {processor.py:170} INFO - Processing /home/paolo/Documents/Github/case-study-1-october2020-data-sweepers/DataExtraction/ENV/lib/python3.8/site-packages/airflow/example_dags/example_short_circuit_operator.py took 0.146 seconds
[2021-08-28 23:49:06,931] {processor.py:162} INFO - Started process (PID=15062) to work on /home/paolo/Documents/Github/case-study-1-october2020-data-sweepers/DataExtraction/ENV/lib/python3.8/site-packages/airflow/example_dags/example_short_circuit_operator.py
[2021-08-28 23:49:06,940] {processor.py:613} INFO - Processing file /home/paolo/Documents/Github/case-study-1-october2020-data-sweepers/DataExtraction/ENV/lib/python3.8/site-packages/airflow/example_dags/example_short_circuit_operator.py for tasks to queue
[2021-08-28 23:49:06,940] {logging_mixin.py:109} INFO - [2021-08-28 23:49:06,940] {dagbag.py:496} INFO - Filling up the DagBag from /home/paolo/Documents/Github/case-study-1-october2020-data-sweepers/DataExtraction/ENV/lib/python3.8/site-packages/airflow/example_dags/example_short_circuit_operator.py
[2021-08-28 23:49:06,955] {processor.py:623} INFO - DAG(s) dict_keys(['example_short_circuit_operator']) retrieved from /home/paolo/Documents/Github/case-study-1-october2020-data-sweepers/DataExtraction/ENV/lib/python3.8/site-packages/airflow/example_dags/example_short_circuit_operator.py
[2021-08-28 23:49:06,974] {logging_mixin.py:109} INFO - [2021-08-28 23:49:06,973] {dag.py:1833} INFO - Sync 1 DAGs
[2021-08-28 23:49:06,988] {logging_mixin.py:109} INFO - [2021-08-28 23:49:06,988] {dag.py:2306} INFO - Setting next_dagrun for example_short_circuit_operator to 2021-08-26 00:00:00+00:00
[2021-08-28 23:49:07,013] {processor.py:170} INFO - Processing /home/paolo/Documents/Github/case-study-1-october2020-data-sweepers/DataExtraction/ENV/lib/python3.8/site-packages/airflow/example_dags/example_short_circuit_operator.py took 0.085 seconds
[2021-08-28 23:49:44,861] {processor.py:162} INFO - Started process (PID=15130) to work on /home/paolo/Documents/Github/case-study-1-october2020-data-sweepers/DataExtraction/ENV/lib/python3.8/site-packages/airflow/example_dags/example_short_circuit_operator.py
[2021-08-28 23:49:44,864] {processor.py:613} INFO - Processing file /home/paolo/Documents/Github/case-study-1-october2020-data-sweepers/DataExtraction/ENV/lib/python3.8/site-packages/airflow/example_dags/example_short_circuit_operator.py for tasks to queue
[2021-08-28 23:49:44,866] {logging_mixin.py:109} INFO - [2021-08-28 23:49:44,866] {dagbag.py:496} INFO - Filling up the DagBag from /home/paolo/Documents/Github/case-study-1-october2020-data-sweepers/DataExtraction/ENV/lib/python3.8/site-packages/airflow/example_dags/example_short_circuit_operator.py
[2021-08-28 23:49:44,896] {processor.py:623} INFO - DAG(s) dict_keys(['example_short_circuit_operator']) retrieved from /home/paolo/Documents/Github/case-study-1-october2020-data-sweepers/DataExtraction/ENV/lib/python3.8/site-packages/airflow/example_dags/example_short_circuit_operator.py
[2021-08-28 23:49:44,913] {logging_mixin.py:109} INFO - [2021-08-28 23:49:44,913] {dag.py:1833} INFO - Sync 1 DAGs
[2021-08-28 23:49:44,930] {logging_mixin.py:109} INFO - [2021-08-28 23:49:44,930] {dag.py:2306} INFO - Setting next_dagrun for example_short_circuit_operator to 2021-08-26 00:00:00+00:00
[2021-08-28 23:49:44,951] {processor.py:170} INFO - Processing /home/paolo/Documents/Github/case-study-1-october2020-data-sweepers/DataExtraction/ENV/lib/python3.8/site-packages/airflow/example_dags/example_short_circuit_operator.py took 0.093 seconds
[2021-08-28 23:50:18,306] {processor.py:162} INFO - Started process (PID=15210) to work on /home/paolo/Documents/Github/case-study-1-october2020-data-sweepers/DataExtraction/ENV/lib/python3.8/site-packages/airflow/example_dags/example_short_circuit_operator.py
[2021-08-28 23:50:18,307] {processor.py:613} INFO - Processing file /home/paolo/Documents/Github/case-study-1-october2020-data-sweepers/DataExtraction/ENV/lib/python3.8/site-packages/airflow/example_dags/example_short_circuit_operator.py for tasks to queue
[2021-08-28 23:50:18,308] {logging_mixin.py:109} INFO - [2021-08-28 23:50:18,308] {dagbag.py:496} INFO - Filling up the DagBag from /home/paolo/Documents/Github/case-study-1-october2020-data-sweepers/DataExtraction/ENV/lib/python3.8/site-packages/airflow/example_dags/example_short_circuit_operator.py
[2021-08-28 23:50:18,324] {processor.py:623} INFO - DAG(s) dict_keys(['example_short_circuit_operator']) retrieved from /home/paolo/Documents/Github/case-study-1-october2020-data-sweepers/DataExtraction/ENV/lib/python3.8/site-packages/airflow/example_dags/example_short_circuit_operator.py
[2021-08-28 23:50:18,343] {logging_mixin.py:109} INFO - [2021-08-28 23:50:18,342] {dag.py:1833} INFO - Sync 1 DAGs
[2021-08-28 23:50:18,354] {logging_mixin.py:109} INFO - [2021-08-28 23:50:18,354] {dag.py:2306} INFO - Setting next_dagrun for example_short_circuit_operator to 2021-08-26 00:00:00+00:00
[2021-08-28 23:50:18,378] {processor.py:170} INFO - Processing /home/paolo/Documents/Github/case-study-1-october2020-data-sweepers/DataExtraction/ENV/lib/python3.8/site-packages/airflow/example_dags/example_short_circuit_operator.py took 0.078 seconds
[2021-08-28 23:50:52,386] {processor.py:162} INFO - Started process (PID=15278) to work on /home/paolo/Documents/Github/case-study-1-october2020-data-sweepers/DataExtraction/ENV/lib/python3.8/site-packages/airflow/example_dags/example_short_circuit_operator.py
[2021-08-28 23:50:52,387] {processor.py:613} INFO - Processing file /home/paolo/Documents/Github/case-study-1-october2020-data-sweepers/DataExtraction/ENV/lib/python3.8/site-packages/airflow/example_dags/example_short_circuit_operator.py for tasks to queue
[2021-08-28 23:50:52,388] {logging_mixin.py:109} INFO - [2021-08-28 23:50:52,387] {dagbag.py:496} INFO - Filling up the DagBag from /home/paolo/Documents/Github/case-study-1-october2020-data-sweepers/DataExtraction/ENV/lib/python3.8/site-packages/airflow/example_dags/example_short_circuit_operator.py
[2021-08-28 23:50:52,406] {processor.py:623} INFO - DAG(s) dict_keys(['example_short_circuit_operator']) retrieved from /home/paolo/Documents/Github/case-study-1-october2020-data-sweepers/DataExtraction/ENV/lib/python3.8/site-packages/airflow/example_dags/example_short_circuit_operator.py
[2021-08-28 23:50:52,425] {logging_mixin.py:109} INFO - [2021-08-28 23:50:52,425] {dag.py:1833} INFO - Sync 1 DAGs
[2021-08-28 23:50:52,441] {logging_mixin.py:109} INFO - [2021-08-28 23:50:52,441] {dag.py:2306} INFO - Setting next_dagrun for example_short_circuit_operator to 2021-08-26 00:00:00+00:00
[2021-08-28 23:50:52,469] {processor.py:170} INFO - Processing /home/paolo/Documents/Github/case-study-1-october2020-data-sweepers/DataExtraction/ENV/lib/python3.8/site-packages/airflow/example_dags/example_short_circuit_operator.py took 0.087 seconds
[2021-08-28 23:51:26,614] {processor.py:162} INFO - Started process (PID=15346) to work on /home/paolo/Documents/Github/case-study-1-october2020-data-sweepers/DataExtraction/ENV/lib/python3.8/site-packages/airflow/example_dags/example_short_circuit_operator.py
[2021-08-28 23:51:26,615] {processor.py:613} INFO - Processing file /home/paolo/Documents/Github/case-study-1-october2020-data-sweepers/DataExtraction/ENV/lib/python3.8/site-packages/airflow/example_dags/example_short_circuit_operator.py for tasks to queue
[2021-08-28 23:51:26,615] {logging_mixin.py:109} INFO - [2021-08-28 23:51:26,615] {dagbag.py:496} INFO - Filling up the DagBag from /home/paolo/Documents/Github/case-study-1-october2020-data-sweepers/DataExtraction/ENV/lib/python3.8/site-packages/airflow/example_dags/example_short_circuit_operator.py
[2021-08-28 23:51:26,625] {processor.py:623} INFO - DAG(s) dict_keys(['example_short_circuit_operator']) retrieved from /home/paolo/Documents/Github/case-study-1-october2020-data-sweepers/DataExtraction/ENV/lib/python3.8/site-packages/airflow/example_dags/example_short_circuit_operator.py
[2021-08-28 23:51:26,636] {logging_mixin.py:109} INFO - [2021-08-28 23:51:26,636] {dag.py:1833} INFO - Sync 1 DAGs
[2021-08-28 23:51:26,646] {logging_mixin.py:109} INFO - [2021-08-28 23:51:26,646] {dag.py:2306} INFO - Setting next_dagrun for example_short_circuit_operator to 2021-08-26 00:00:00+00:00
[2021-08-28 23:51:26,690] {processor.py:170} INFO - Processing /home/paolo/Documents/Github/case-study-1-october2020-data-sweepers/DataExtraction/ENV/lib/python3.8/site-packages/airflow/example_dags/example_short_circuit_operator.py took 0.079 seconds
[2021-08-28 23:51:59,317] {processor.py:162} INFO - Started process (PID=15440) to work on /home/paolo/Documents/Github/case-study-1-october2020-data-sweepers/DataExtraction/ENV/lib/python3.8/site-packages/airflow/example_dags/example_short_circuit_operator.py
[2021-08-28 23:51:59,319] {processor.py:613} INFO - Processing file /home/paolo/Documents/Github/case-study-1-october2020-data-sweepers/DataExtraction/ENV/lib/python3.8/site-packages/airflow/example_dags/example_short_circuit_operator.py for tasks to queue
[2021-08-28 23:51:59,320] {logging_mixin.py:109} INFO - [2021-08-28 23:51:59,320] {dagbag.py:496} INFO - Filling up the DagBag from /home/paolo/Documents/Github/case-study-1-october2020-data-sweepers/DataExtraction/ENV/lib/python3.8/site-packages/airflow/example_dags/example_short_circuit_operator.py
[2021-08-28 23:51:59,335] {processor.py:623} INFO - DAG(s) dict_keys(['example_short_circuit_operator']) retrieved from /home/paolo/Documents/Github/case-study-1-october2020-data-sweepers/DataExtraction/ENV/lib/python3.8/site-packages/airflow/example_dags/example_short_circuit_operator.py
[2021-08-28 23:51:59,347] {logging_mixin.py:109} INFO - [2021-08-28 23:51:59,347] {dag.py:1833} INFO - Sync 1 DAGs
[2021-08-28 23:51:59,356] {logging_mixin.py:109} INFO - [2021-08-28 23:51:59,355] {dag.py:2306} INFO - Setting next_dagrun for example_short_circuit_operator to 2021-08-26 00:00:00+00:00
[2021-08-28 23:51:59,371] {processor.py:170} INFO - Processing /home/paolo/Documents/Github/case-study-1-october2020-data-sweepers/DataExtraction/ENV/lib/python3.8/site-packages/airflow/example_dags/example_short_circuit_operator.py took 0.061 seconds
[2021-08-28 23:52:33,986] {processor.py:162} INFO - Started process (PID=15562) to work on /home/paolo/Documents/Github/case-study-1-october2020-data-sweepers/DataExtraction/ENV/lib/python3.8/site-packages/airflow/example_dags/example_short_circuit_operator.py
[2021-08-28 23:52:33,987] {processor.py:613} INFO - Processing file /home/paolo/Documents/Github/case-study-1-october2020-data-sweepers/DataExtraction/ENV/lib/python3.8/site-packages/airflow/example_dags/example_short_circuit_operator.py for tasks to queue
[2021-08-28 23:52:33,988] {logging_mixin.py:109} INFO - [2021-08-28 23:52:33,987] {dagbag.py:496} INFO - Filling up the DagBag from /home/paolo/Documents/Github/case-study-1-october2020-data-sweepers/DataExtraction/ENV/lib/python3.8/site-packages/airflow/example_dags/example_short_circuit_operator.py
[2021-08-28 23:52:34,004] {processor.py:623} INFO - DAG(s) dict_keys(['example_short_circuit_operator']) retrieved from /home/paolo/Documents/Github/case-study-1-october2020-data-sweepers/DataExtraction/ENV/lib/python3.8/site-packages/airflow/example_dags/example_short_circuit_operator.py
[2021-08-28 23:52:34,025] {logging_mixin.py:109} INFO - [2021-08-28 23:52:34,025] {dag.py:1833} INFO - Sync 1 DAGs
[2021-08-28 23:52:34,041] {logging_mixin.py:109} INFO - [2021-08-28 23:52:34,041] {dag.py:2306} INFO - Setting next_dagrun for example_short_circuit_operator to 2021-08-26 00:00:00+00:00
[2021-08-28 23:52:34,068] {processor.py:170} INFO - Processing /home/paolo/Documents/Github/case-study-1-october2020-data-sweepers/DataExtraction/ENV/lib/python3.8/site-packages/airflow/example_dags/example_short_circuit_operator.py took 0.085 seconds
[2021-08-28 23:53:07,421] {processor.py:162} INFO - Started process (PID=15633) to work on /home/paolo/Documents/Github/case-study-1-october2020-data-sweepers/DataExtraction/ENV/lib/python3.8/site-packages/airflow/example_dags/example_short_circuit_operator.py
[2021-08-28 23:53:07,422] {processor.py:613} INFO - Processing file /home/paolo/Documents/Github/case-study-1-october2020-data-sweepers/DataExtraction/ENV/lib/python3.8/site-packages/airflow/example_dags/example_short_circuit_operator.py for tasks to queue
[2021-08-28 23:53:07,423] {logging_mixin.py:109} INFO - [2021-08-28 23:53:07,423] {dagbag.py:496} INFO - Filling up the DagBag from /home/paolo/Documents/Github/case-study-1-october2020-data-sweepers/DataExtraction/ENV/lib/python3.8/site-packages/airflow/example_dags/example_short_circuit_operator.py
[2021-08-28 23:53:07,437] {processor.py:623} INFO - DAG(s) dict_keys(['example_short_circuit_operator']) retrieved from /home/paolo/Documents/Github/case-study-1-october2020-data-sweepers/DataExtraction/ENV/lib/python3.8/site-packages/airflow/example_dags/example_short_circuit_operator.py
[2021-08-28 23:53:07,449] {logging_mixin.py:109} INFO - [2021-08-28 23:53:07,449] {dag.py:1833} INFO - Sync 1 DAGs
[2021-08-28 23:53:07,458] {logging_mixin.py:109} INFO - [2021-08-28 23:53:07,458] {dag.py:2306} INFO - Setting next_dagrun for example_short_circuit_operator to 2021-08-26 00:00:00+00:00
[2021-08-28 23:53:07,474] {processor.py:170} INFO - Processing /home/paolo/Documents/Github/case-study-1-october2020-data-sweepers/DataExtraction/ENV/lib/python3.8/site-packages/airflow/example_dags/example_short_circuit_operator.py took 0.058 seconds
[2021-08-28 23:53:38,534] {processor.py:162} INFO - Started process (PID=15713) to work on /home/paolo/Documents/Github/case-study-1-october2020-data-sweepers/DataExtraction/ENV/lib/python3.8/site-packages/airflow/example_dags/example_short_circuit_operator.py
[2021-08-28 23:53:38,535] {processor.py:613} INFO - Processing file /home/paolo/Documents/Github/case-study-1-october2020-data-sweepers/DataExtraction/ENV/lib/python3.8/site-packages/airflow/example_dags/example_short_circuit_operator.py for tasks to queue
[2021-08-28 23:53:38,536] {logging_mixin.py:109} INFO - [2021-08-28 23:53:38,536] {dagbag.py:496} INFO - Filling up the DagBag from /home/paolo/Documents/Github/case-study-1-october2020-data-sweepers/DataExtraction/ENV/lib/python3.8/site-packages/airflow/example_dags/example_short_circuit_operator.py
[2021-08-28 23:53:38,550] {processor.py:623} INFO - DAG(s) dict_keys(['example_short_circuit_operator']) retrieved from /home/paolo/Documents/Github/case-study-1-october2020-data-sweepers/DataExtraction/ENV/lib/python3.8/site-packages/airflow/example_dags/example_short_circuit_operator.py
[2021-08-28 23:53:38,565] {logging_mixin.py:109} INFO - [2021-08-28 23:53:38,564] {dag.py:1833} INFO - Sync 1 DAGs
[2021-08-28 23:53:38,575] {logging_mixin.py:109} INFO - [2021-08-28 23:53:38,575] {dag.py:2306} INFO - Setting next_dagrun for example_short_circuit_operator to 2021-08-26 00:00:00+00:00
[2021-08-28 23:53:38,593] {processor.py:170} INFO - Processing /home/paolo/Documents/Github/case-study-1-october2020-data-sweepers/DataExtraction/ENV/lib/python3.8/site-packages/airflow/example_dags/example_short_circuit_operator.py took 0.061 seconds
[2021-08-28 23:55:56,642] {processor.py:162} INFO - Started process (PID=16259) to work on /home/paolo/Documents/Github/case-study-1-october2020-data-sweepers/DataExtraction/ENV/lib/python3.8/site-packages/airflow/example_dags/example_short_circuit_operator.py
[2021-08-28 23:55:56,649] {processor.py:613} INFO - Processing file /home/paolo/Documents/Github/case-study-1-october2020-data-sweepers/DataExtraction/ENV/lib/python3.8/site-packages/airflow/example_dags/example_short_circuit_operator.py for tasks to queue
[2021-08-28 23:55:56,649] {logging_mixin.py:109} INFO - [2021-08-28 23:55:56,649] {dagbag.py:496} INFO - Filling up the DagBag from /home/paolo/Documents/Github/case-study-1-october2020-data-sweepers/DataExtraction/ENV/lib/python3.8/site-packages/airflow/example_dags/example_short_circuit_operator.py
[2021-08-28 23:55:56,708] {processor.py:623} INFO - DAG(s) dict_keys(['example_short_circuit_operator']) retrieved from /home/paolo/Documents/Github/case-study-1-october2020-data-sweepers/DataExtraction/ENV/lib/python3.8/site-packages/airflow/example_dags/example_short_circuit_operator.py
[2021-08-28 23:55:56,757] {logging_mixin.py:109} INFO - [2021-08-28 23:55:56,756] {dag.py:1833} INFO - Sync 1 DAGs
[2021-08-28 23:55:56,786] {logging_mixin.py:109} INFO - [2021-08-28 23:55:56,786] {dag.py:2306} INFO - Setting next_dagrun for example_short_circuit_operator to 2021-08-26 00:00:00+00:00
[2021-08-28 23:55:56,814] {processor.py:170} INFO - Processing /home/paolo/Documents/Github/case-study-1-october2020-data-sweepers/DataExtraction/ENV/lib/python3.8/site-packages/airflow/example_dags/example_short_circuit_operator.py took 0.175 seconds
[2021-08-28 23:56:37,167] {processor.py:162} INFO - Started process (PID=16549) to work on /home/paolo/Documents/Github/case-study-1-october2020-data-sweepers/DataExtraction/ENV/lib/python3.8/site-packages/airflow/example_dags/example_short_circuit_operator.py
[2021-08-28 23:56:37,170] {processor.py:613} INFO - Processing file /home/paolo/Documents/Github/case-study-1-october2020-data-sweepers/DataExtraction/ENV/lib/python3.8/site-packages/airflow/example_dags/example_short_circuit_operator.py for tasks to queue
[2021-08-28 23:56:37,171] {logging_mixin.py:109} INFO - [2021-08-28 23:56:37,171] {dagbag.py:496} INFO - Filling up the DagBag from /home/paolo/Documents/Github/case-study-1-october2020-data-sweepers/DataExtraction/ENV/lib/python3.8/site-packages/airflow/example_dags/example_short_circuit_operator.py
[2021-08-28 23:56:37,192] {processor.py:623} INFO - DAG(s) dict_keys(['example_short_circuit_operator']) retrieved from /home/paolo/Documents/Github/case-study-1-october2020-data-sweepers/DataExtraction/ENV/lib/python3.8/site-packages/airflow/example_dags/example_short_circuit_operator.py
[2021-08-28 23:56:37,204] {logging_mixin.py:109} INFO - [2021-08-28 23:56:37,204] {dag.py:1833} INFO - Sync 1 DAGs
[2021-08-28 23:56:37,213] {logging_mixin.py:109} INFO - [2021-08-28 23:56:37,213] {dag.py:2306} INFO - Setting next_dagrun for example_short_circuit_operator to 2021-08-26 00:00:00+00:00
[2021-08-28 23:56:37,228] {processor.py:170} INFO - Processing /home/paolo/Documents/Github/case-study-1-october2020-data-sweepers/DataExtraction/ENV/lib/python3.8/site-packages/airflow/example_dags/example_short_circuit_operator.py took 0.066 seconds
[2021-08-28 23:57:15,348] {processor.py:162} INFO - Started process (PID=16857) to work on /home/paolo/Documents/Github/case-study-1-october2020-data-sweepers/DataExtraction/ENV/lib/python3.8/site-packages/airflow/example_dags/example_short_circuit_operator.py
[2021-08-28 23:57:15,349] {processor.py:613} INFO - Processing file /home/paolo/Documents/Github/case-study-1-october2020-data-sweepers/DataExtraction/ENV/lib/python3.8/site-packages/airflow/example_dags/example_short_circuit_operator.py for tasks to queue
[2021-08-28 23:57:15,350] {logging_mixin.py:109} INFO - [2021-08-28 23:57:15,350] {dagbag.py:496} INFO - Filling up the DagBag from /home/paolo/Documents/Github/case-study-1-october2020-data-sweepers/DataExtraction/ENV/lib/python3.8/site-packages/airflow/example_dags/example_short_circuit_operator.py
[2021-08-28 23:57:15,374] {processor.py:623} INFO - DAG(s) dict_keys(['example_short_circuit_operator']) retrieved from /home/paolo/Documents/Github/case-study-1-october2020-data-sweepers/DataExtraction/ENV/lib/python3.8/site-packages/airflow/example_dags/example_short_circuit_operator.py
[2021-08-28 23:57:15,392] {logging_mixin.py:109} INFO - [2021-08-28 23:57:15,392] {dag.py:1833} INFO - Sync 1 DAGs
[2021-08-28 23:57:15,409] {logging_mixin.py:109} INFO - [2021-08-28 23:57:15,409] {dag.py:2306} INFO - Setting next_dagrun for example_short_circuit_operator to 2021-08-26 00:00:00+00:00
[2021-08-28 23:57:15,434] {processor.py:170} INFO - Processing /home/paolo/Documents/Github/case-study-1-october2020-data-sweepers/DataExtraction/ENV/lib/python3.8/site-packages/airflow/example_dags/example_short_circuit_operator.py took 0.091 seconds
[2021-08-28 23:57:54,032] {processor.py:162} INFO - Started process (PID=17175) to work on /home/paolo/Documents/Github/case-study-1-october2020-data-sweepers/DataExtraction/ENV/lib/python3.8/site-packages/airflow/example_dags/example_short_circuit_operator.py
[2021-08-28 23:57:54,033] {processor.py:613} INFO - Processing file /home/paolo/Documents/Github/case-study-1-october2020-data-sweepers/DataExtraction/ENV/lib/python3.8/site-packages/airflow/example_dags/example_short_circuit_operator.py for tasks to queue
[2021-08-28 23:57:54,034] {logging_mixin.py:109} INFO - [2021-08-28 23:57:54,034] {dagbag.py:496} INFO - Filling up the DagBag from /home/paolo/Documents/Github/case-study-1-october2020-data-sweepers/DataExtraction/ENV/lib/python3.8/site-packages/airflow/example_dags/example_short_circuit_operator.py
[2021-08-28 23:57:54,047] {processor.py:623} INFO - DAG(s) dict_keys(['example_short_circuit_operator']) retrieved from /home/paolo/Documents/Github/case-study-1-october2020-data-sweepers/DataExtraction/ENV/lib/python3.8/site-packages/airflow/example_dags/example_short_circuit_operator.py
[2021-08-28 23:57:54,060] {logging_mixin.py:109} INFO - [2021-08-28 23:57:54,060] {dag.py:1833} INFO - Sync 1 DAGs
[2021-08-28 23:57:54,071] {logging_mixin.py:109} INFO - [2021-08-28 23:57:54,070] {dag.py:2306} INFO - Setting next_dagrun for example_short_circuit_operator to 2021-08-26 00:00:00+00:00
[2021-08-28 23:57:54,088] {processor.py:170} INFO - Processing /home/paolo/Documents/Github/case-study-1-october2020-data-sweepers/DataExtraction/ENV/lib/python3.8/site-packages/airflow/example_dags/example_short_circuit_operator.py took 0.059 seconds
[2021-08-28 23:58:33,076] {processor.py:162} INFO - Started process (PID=17507) to work on /home/paolo/Documents/Github/case-study-1-october2020-data-sweepers/DataExtraction/ENV/lib/python3.8/site-packages/airflow/example_dags/example_short_circuit_operator.py
[2021-08-28 23:58:33,078] {processor.py:613} INFO - Processing file /home/paolo/Documents/Github/case-study-1-october2020-data-sweepers/DataExtraction/ENV/lib/python3.8/site-packages/airflow/example_dags/example_short_circuit_operator.py for tasks to queue
[2021-08-28 23:58:33,079] {logging_mixin.py:109} INFO - [2021-08-28 23:58:33,079] {dagbag.py:496} INFO - Filling up the DagBag from /home/paolo/Documents/Github/case-study-1-october2020-data-sweepers/DataExtraction/ENV/lib/python3.8/site-packages/airflow/example_dags/example_short_circuit_operator.py
[2021-08-28 23:58:33,095] {processor.py:623} INFO - DAG(s) dict_keys(['example_short_circuit_operator']) retrieved from /home/paolo/Documents/Github/case-study-1-october2020-data-sweepers/DataExtraction/ENV/lib/python3.8/site-packages/airflow/example_dags/example_short_circuit_operator.py
[2021-08-28 23:58:33,112] {logging_mixin.py:109} INFO - [2021-08-28 23:58:33,112] {dag.py:1833} INFO - Sync 1 DAGs
[2021-08-28 23:58:33,126] {logging_mixin.py:109} INFO - [2021-08-28 23:58:33,126] {dag.py:2306} INFO - Setting next_dagrun for example_short_circuit_operator to 2021-08-26 00:00:00+00:00
[2021-08-28 23:58:33,144] {processor.py:170} INFO - Processing /home/paolo/Documents/Github/case-study-1-october2020-data-sweepers/DataExtraction/ENV/lib/python3.8/site-packages/airflow/example_dags/example_short_circuit_operator.py took 0.071 seconds
