[2021-08-28 23:37:22,843] {processor.py:162} INFO - Started process (PID=13069) to work on /home/paolo/Documents/Github/case-study-1-october2020-data-sweepers/DataExtraction/ENV/lib/python3.8/site-packages/airflow/example_dags/example_dag_decorator.py
[2021-08-28 23:37:22,847] {processor.py:613} INFO - Processing file /home/paolo/Documents/Github/case-study-1-october2020-data-sweepers/DataExtraction/ENV/lib/python3.8/site-packages/airflow/example_dags/example_dag_decorator.py for tasks to queue
[2021-08-28 23:37:22,849] {logging_mixin.py:109} INFO - [2021-08-28 23:37:22,849] {dagbag.py:496} INFO - Filling up the DagBag from /home/paolo/Documents/Github/case-study-1-october2020-data-sweepers/DataExtraction/ENV/lib/python3.8/site-packages/airflow/example_dags/example_dag_decorator.py
[2021-08-28 23:37:22,907] {processor.py:623} INFO - DAG(s) dict_keys(['example_dag_decorator']) retrieved from /home/paolo/Documents/Github/case-study-1-october2020-data-sweepers/DataExtraction/ENV/lib/python3.8/site-packages/airflow/example_dags/example_dag_decorator.py
[2021-08-28 23:37:23,161] {logging_mixin.py:109} INFO - [2021-08-28 23:37:23,161] {dag.py:1833} INFO - Sync 1 DAGs
[2021-08-28 23:37:23,168] {logging_mixin.py:109} INFO - [2021-08-28 23:37:23,168] {dag.py:2306} INFO - Setting next_dagrun for example_dag_decorator to None
[2021-08-28 23:37:23,186] {processor.py:170} INFO - Processing /home/paolo/Documents/Github/case-study-1-october2020-data-sweepers/DataExtraction/ENV/lib/python3.8/site-packages/airflow/example_dags/example_dag_decorator.py took 0.351 seconds
[2021-08-28 23:37:59,297] {processor.py:162} INFO - Started process (PID=13229) to work on /home/paolo/Documents/Github/case-study-1-october2020-data-sweepers/DataExtraction/ENV/lib/python3.8/site-packages/airflow/example_dags/example_dag_decorator.py
[2021-08-28 23:37:59,316] {processor.py:613} INFO - Processing file /home/paolo/Documents/Github/case-study-1-october2020-data-sweepers/DataExtraction/ENV/lib/python3.8/site-packages/airflow/example_dags/example_dag_decorator.py for tasks to queue
[2021-08-28 23:37:59,317] {logging_mixin.py:109} INFO - [2021-08-28 23:37:59,317] {dagbag.py:496} INFO - Filling up the DagBag from /home/paolo/Documents/Github/case-study-1-october2020-data-sweepers/DataExtraction/ENV/lib/python3.8/site-packages/airflow/example_dags/example_dag_decorator.py
[2021-08-28 23:37:59,377] {processor.py:623} INFO - DAG(s) dict_keys(['example_dag_decorator']) retrieved from /home/paolo/Documents/Github/case-study-1-october2020-data-sweepers/DataExtraction/ENV/lib/python3.8/site-packages/airflow/example_dags/example_dag_decorator.py
[2021-08-28 23:38:00,387] {logging_mixin.py:109} INFO - [2021-08-28 23:38:00,387] {dag.py:1833} INFO - Sync 1 DAGs
[2021-08-28 23:38:00,425] {logging_mixin.py:109} INFO - [2021-08-28 23:38:00,425] {dag.py:2306} INFO - Setting next_dagrun for example_dag_decorator to None
[2021-08-28 23:38:00,461] {processor.py:170} INFO - Processing /home/paolo/Documents/Github/case-study-1-october2020-data-sweepers/DataExtraction/ENV/lib/python3.8/site-packages/airflow/example_dags/example_dag_decorator.py took 1.171 seconds
[2021-08-28 23:38:41,609] {processor.py:162} INFO - Started process (PID=13322) to work on /home/paolo/Documents/Github/case-study-1-october2020-data-sweepers/DataExtraction/ENV/lib/python3.8/site-packages/airflow/example_dags/example_dag_decorator.py
[2021-08-28 23:38:41,613] {processor.py:613} INFO - Processing file /home/paolo/Documents/Github/case-study-1-october2020-data-sweepers/DataExtraction/ENV/lib/python3.8/site-packages/airflow/example_dags/example_dag_decorator.py for tasks to queue
[2021-08-28 23:38:41,617] {logging_mixin.py:109} INFO - [2021-08-28 23:38:41,615] {dagbag.py:496} INFO - Filling up the DagBag from /home/paolo/Documents/Github/case-study-1-october2020-data-sweepers/DataExtraction/ENV/lib/python3.8/site-packages/airflow/example_dags/example_dag_decorator.py
[2021-08-28 23:38:41,663] {processor.py:623} INFO - DAG(s) dict_keys(['example_dag_decorator']) retrieved from /home/paolo/Documents/Github/case-study-1-october2020-data-sweepers/DataExtraction/ENV/lib/python3.8/site-packages/airflow/example_dags/example_dag_decorator.py
[2021-08-28 23:38:42,021] {logging_mixin.py:109} INFO - [2021-08-28 23:38:42,021] {dag.py:1833} INFO - Sync 1 DAGs
[2021-08-28 23:38:42,029] {logging_mixin.py:109} INFO - [2021-08-28 23:38:42,029] {dag.py:2306} INFO - Setting next_dagrun for example_dag_decorator to None
[2021-08-28 23:38:42,048] {processor.py:170} INFO - Processing /home/paolo/Documents/Github/case-study-1-october2020-data-sweepers/DataExtraction/ENV/lib/python3.8/site-packages/airflow/example_dags/example_dag_decorator.py took 0.453 seconds
[2021-08-28 23:39:15,596] {processor.py:162} INFO - Started process (PID=13414) to work on /home/paolo/Documents/Github/case-study-1-october2020-data-sweepers/DataExtraction/ENV/lib/python3.8/site-packages/airflow/example_dags/example_dag_decorator.py
[2021-08-28 23:39:15,598] {processor.py:613} INFO - Processing file /home/paolo/Documents/Github/case-study-1-october2020-data-sweepers/DataExtraction/ENV/lib/python3.8/site-packages/airflow/example_dags/example_dag_decorator.py for tasks to queue
[2021-08-28 23:39:15,599] {logging_mixin.py:109} INFO - [2021-08-28 23:39:15,598] {dagbag.py:496} INFO - Filling up the DagBag from /home/paolo/Documents/Github/case-study-1-october2020-data-sweepers/DataExtraction/ENV/lib/python3.8/site-packages/airflow/example_dags/example_dag_decorator.py
[2021-08-28 23:39:15,663] {processor.py:623} INFO - DAG(s) dict_keys(['example_dag_decorator']) retrieved from /home/paolo/Documents/Github/case-study-1-october2020-data-sweepers/DataExtraction/ENV/lib/python3.8/site-packages/airflow/example_dags/example_dag_decorator.py
[2021-08-28 23:39:16,441] {logging_mixin.py:109} INFO - [2021-08-28 23:39:16,440] {dag.py:1833} INFO - Sync 1 DAGs
[2021-08-28 23:39:16,464] {logging_mixin.py:109} INFO - [2021-08-28 23:39:16,464] {dag.py:2306} INFO - Setting next_dagrun for example_dag_decorator to None
[2021-08-28 23:39:16,515] {processor.py:170} INFO - Processing /home/paolo/Documents/Github/case-study-1-october2020-data-sweepers/DataExtraction/ENV/lib/python3.8/site-packages/airflow/example_dags/example_dag_decorator.py took 0.926 seconds
[2021-08-28 23:39:51,446] {processor.py:162} INFO - Started process (PID=13609) to work on /home/paolo/Documents/Github/case-study-1-october2020-data-sweepers/DataExtraction/ENV/lib/python3.8/site-packages/airflow/example_dags/example_dag_decorator.py
[2021-08-28 23:39:51,447] {processor.py:613} INFO - Processing file /home/paolo/Documents/Github/case-study-1-october2020-data-sweepers/DataExtraction/ENV/lib/python3.8/site-packages/airflow/example_dags/example_dag_decorator.py for tasks to queue
[2021-08-28 23:39:51,448] {logging_mixin.py:109} INFO - [2021-08-28 23:39:51,448] {dagbag.py:496} INFO - Filling up the DagBag from /home/paolo/Documents/Github/case-study-1-october2020-data-sweepers/DataExtraction/ENV/lib/python3.8/site-packages/airflow/example_dags/example_dag_decorator.py
[2021-08-28 23:39:51,472] {processor.py:623} INFO - DAG(s) dict_keys(['example_dag_decorator']) retrieved from /home/paolo/Documents/Github/case-study-1-october2020-data-sweepers/DataExtraction/ENV/lib/python3.8/site-packages/airflow/example_dags/example_dag_decorator.py
[2021-08-28 23:39:51,809] {logging_mixin.py:109} INFO - [2021-08-28 23:39:51,809] {dag.py:1833} INFO - Sync 1 DAGs
[2021-08-28 23:39:51,817] {logging_mixin.py:109} INFO - [2021-08-28 23:39:51,817] {dag.py:2306} INFO - Setting next_dagrun for example_dag_decorator to None
[2021-08-28 23:39:51,832] {processor.py:170} INFO - Processing /home/paolo/Documents/Github/case-study-1-october2020-data-sweepers/DataExtraction/ENV/lib/python3.8/site-packages/airflow/example_dags/example_dag_decorator.py took 0.388 seconds
[2021-08-28 23:40:30,429] {processor.py:162} INFO - Started process (PID=13840) to work on /home/paolo/Documents/Github/case-study-1-october2020-data-sweepers/DataExtraction/ENV/lib/python3.8/site-packages/airflow/example_dags/example_dag_decorator.py
[2021-08-28 23:40:30,431] {processor.py:613} INFO - Processing file /home/paolo/Documents/Github/case-study-1-october2020-data-sweepers/DataExtraction/ENV/lib/python3.8/site-packages/airflow/example_dags/example_dag_decorator.py for tasks to queue
[2021-08-28 23:40:30,431] {logging_mixin.py:109} INFO - [2021-08-28 23:40:30,431] {dagbag.py:496} INFO - Filling up the DagBag from /home/paolo/Documents/Github/case-study-1-october2020-data-sweepers/DataExtraction/ENV/lib/python3.8/site-packages/airflow/example_dags/example_dag_decorator.py
[2021-08-28 23:40:30,469] {processor.py:623} INFO - DAG(s) dict_keys(['example_dag_decorator']) retrieved from /home/paolo/Documents/Github/case-study-1-october2020-data-sweepers/DataExtraction/ENV/lib/python3.8/site-packages/airflow/example_dags/example_dag_decorator.py
[2021-08-28 23:40:31,098] {logging_mixin.py:109} INFO - [2021-08-28 23:40:31,098] {dag.py:1833} INFO - Sync 1 DAGs
[2021-08-28 23:40:31,113] {logging_mixin.py:109} INFO - [2021-08-28 23:40:31,112] {dag.py:2306} INFO - Setting next_dagrun for example_dag_decorator to None
[2021-08-28 23:40:31,148] {processor.py:170} INFO - Processing /home/paolo/Documents/Github/case-study-1-october2020-data-sweepers/DataExtraction/ENV/lib/python3.8/site-packages/airflow/example_dags/example_dag_decorator.py took 0.722 seconds
[2021-08-28 23:41:08,502] {processor.py:162} INFO - Started process (PID=14003) to work on /home/paolo/Documents/Github/case-study-1-october2020-data-sweepers/DataExtraction/ENV/lib/python3.8/site-packages/airflow/example_dags/example_dag_decorator.py
[2021-08-28 23:41:08,506] {processor.py:613} INFO - Processing file /home/paolo/Documents/Github/case-study-1-october2020-data-sweepers/DataExtraction/ENV/lib/python3.8/site-packages/airflow/example_dags/example_dag_decorator.py for tasks to queue
[2021-08-28 23:41:08,509] {logging_mixin.py:109} INFO - [2021-08-28 23:41:08,509] {dagbag.py:496} INFO - Filling up the DagBag from /home/paolo/Documents/Github/case-study-1-october2020-data-sweepers/DataExtraction/ENV/lib/python3.8/site-packages/airflow/example_dags/example_dag_decorator.py
[2021-08-28 23:41:08,576] {processor.py:623} INFO - DAG(s) dict_keys(['example_dag_decorator']) retrieved from /home/paolo/Documents/Github/case-study-1-october2020-data-sweepers/DataExtraction/ENV/lib/python3.8/site-packages/airflow/example_dags/example_dag_decorator.py
[2021-08-28 23:41:09,037] {logging_mixin.py:109} INFO - [2021-08-28 23:41:09,037] {dag.py:1833} INFO - Sync 1 DAGs
[2021-08-28 23:41:09,050] {logging_mixin.py:109} INFO - [2021-08-28 23:41:09,050] {dag.py:2306} INFO - Setting next_dagrun for example_dag_decorator to None
[2021-08-28 23:41:09,080] {processor.py:170} INFO - Processing /home/paolo/Documents/Github/case-study-1-october2020-data-sweepers/DataExtraction/ENV/lib/python3.8/site-packages/airflow/example_dags/example_dag_decorator.py took 0.589 seconds
[2021-08-28 23:41:45,196] {processor.py:162} INFO - Started process (PID=14117) to work on /home/paolo/Documents/Github/case-study-1-october2020-data-sweepers/DataExtraction/ENV/lib/python3.8/site-packages/airflow/example_dags/example_dag_decorator.py
[2021-08-28 23:41:45,199] {processor.py:613} INFO - Processing file /home/paolo/Documents/Github/case-study-1-october2020-data-sweepers/DataExtraction/ENV/lib/python3.8/site-packages/airflow/example_dags/example_dag_decorator.py for tasks to queue
[2021-08-28 23:41:45,201] {logging_mixin.py:109} INFO - [2021-08-28 23:41:45,201] {dagbag.py:496} INFO - Filling up the DagBag from /home/paolo/Documents/Github/case-study-1-october2020-data-sweepers/DataExtraction/ENV/lib/python3.8/site-packages/airflow/example_dags/example_dag_decorator.py
[2021-08-28 23:41:45,231] {processor.py:623} INFO - DAG(s) dict_keys(['example_dag_decorator']) retrieved from /home/paolo/Documents/Github/case-study-1-october2020-data-sweepers/DataExtraction/ENV/lib/python3.8/site-packages/airflow/example_dags/example_dag_decorator.py
[2021-08-28 23:41:45,485] {logging_mixin.py:109} INFO - [2021-08-28 23:41:45,485] {dag.py:1833} INFO - Sync 1 DAGs
[2021-08-28 23:41:45,492] {logging_mixin.py:109} INFO - [2021-08-28 23:41:45,492] {dag.py:2306} INFO - Setting next_dagrun for example_dag_decorator to None
[2021-08-28 23:41:45,510] {processor.py:170} INFO - Processing /home/paolo/Documents/Github/case-study-1-october2020-data-sweepers/DataExtraction/ENV/lib/python3.8/site-packages/airflow/example_dags/example_dag_decorator.py took 0.322 seconds
[2021-08-28 23:42:17,948] {processor.py:162} INFO - Started process (PID=14218) to work on /home/paolo/Documents/Github/case-study-1-october2020-data-sweepers/DataExtraction/ENV/lib/python3.8/site-packages/airflow/example_dags/example_dag_decorator.py
[2021-08-28 23:42:17,951] {processor.py:613} INFO - Processing file /home/paolo/Documents/Github/case-study-1-october2020-data-sweepers/DataExtraction/ENV/lib/python3.8/site-packages/airflow/example_dags/example_dag_decorator.py for tasks to queue
[2021-08-28 23:42:17,953] {logging_mixin.py:109} INFO - [2021-08-28 23:42:17,953] {dagbag.py:496} INFO - Filling up the DagBag from /home/paolo/Documents/Github/case-study-1-october2020-data-sweepers/DataExtraction/ENV/lib/python3.8/site-packages/airflow/example_dags/example_dag_decorator.py
[2021-08-28 23:42:17,981] {processor.py:623} INFO - DAG(s) dict_keys(['example_dag_decorator']) retrieved from /home/paolo/Documents/Github/case-study-1-october2020-data-sweepers/DataExtraction/ENV/lib/python3.8/site-packages/airflow/example_dags/example_dag_decorator.py
[2021-08-28 23:42:18,224] {logging_mixin.py:109} INFO - [2021-08-28 23:42:18,224] {dag.py:1833} INFO - Sync 1 DAGs
[2021-08-28 23:42:18,232] {logging_mixin.py:109} INFO - [2021-08-28 23:42:18,232] {dag.py:2306} INFO - Setting next_dagrun for example_dag_decorator to None
[2021-08-28 23:42:18,248] {processor.py:170} INFO - Processing /home/paolo/Documents/Github/case-study-1-october2020-data-sweepers/DataExtraction/ENV/lib/python3.8/site-packages/airflow/example_dags/example_dag_decorator.py took 0.310 seconds
[2021-08-28 23:42:49,563] {processor.py:162} INFO - Started process (PID=14288) to work on /home/paolo/Documents/Github/case-study-1-october2020-data-sweepers/DataExtraction/ENV/lib/python3.8/site-packages/airflow/example_dags/example_dag_decorator.py
[2021-08-28 23:42:49,569] {processor.py:613} INFO - Processing file /home/paolo/Documents/Github/case-study-1-october2020-data-sweepers/DataExtraction/ENV/lib/python3.8/site-packages/airflow/example_dags/example_dag_decorator.py for tasks to queue
[2021-08-28 23:42:49,571] {logging_mixin.py:109} INFO - [2021-08-28 23:42:49,571] {dagbag.py:496} INFO - Filling up the DagBag from /home/paolo/Documents/Github/case-study-1-october2020-data-sweepers/DataExtraction/ENV/lib/python3.8/site-packages/airflow/example_dags/example_dag_decorator.py
[2021-08-28 23:42:49,623] {processor.py:623} INFO - DAG(s) dict_keys(['example_dag_decorator']) retrieved from /home/paolo/Documents/Github/case-study-1-october2020-data-sweepers/DataExtraction/ENV/lib/python3.8/site-packages/airflow/example_dags/example_dag_decorator.py
[2021-08-28 23:42:49,872] {logging_mixin.py:109} INFO - [2021-08-28 23:42:49,872] {dag.py:1833} INFO - Sync 1 DAGs
[2021-08-28 23:42:49,879] {logging_mixin.py:109} INFO - [2021-08-28 23:42:49,879] {dag.py:2306} INFO - Setting next_dagrun for example_dag_decorator to None
[2021-08-28 23:42:49,895] {processor.py:170} INFO - Processing /home/paolo/Documents/Github/case-study-1-october2020-data-sweepers/DataExtraction/ENV/lib/python3.8/site-packages/airflow/example_dags/example_dag_decorator.py took 0.340 seconds
[2021-08-28 23:43:23,125] {processor.py:162} INFO - Started process (PID=14370) to work on /home/paolo/Documents/Github/case-study-1-october2020-data-sweepers/DataExtraction/ENV/lib/python3.8/site-packages/airflow/example_dags/example_dag_decorator.py
[2021-08-28 23:43:23,129] {processor.py:613} INFO - Processing file /home/paolo/Documents/Github/case-study-1-october2020-data-sweepers/DataExtraction/ENV/lib/python3.8/site-packages/airflow/example_dags/example_dag_decorator.py for tasks to queue
[2021-08-28 23:43:23,131] {logging_mixin.py:109} INFO - [2021-08-28 23:43:23,130] {dagbag.py:496} INFO - Filling up the DagBag from /home/paolo/Documents/Github/case-study-1-october2020-data-sweepers/DataExtraction/ENV/lib/python3.8/site-packages/airflow/example_dags/example_dag_decorator.py
[2021-08-28 23:43:23,156] {processor.py:623} INFO - DAG(s) dict_keys(['example_dag_decorator']) retrieved from /home/paolo/Documents/Github/case-study-1-october2020-data-sweepers/DataExtraction/ENV/lib/python3.8/site-packages/airflow/example_dags/example_dag_decorator.py
[2021-08-28 23:43:23,397] {logging_mixin.py:109} INFO - [2021-08-28 23:43:23,397] {dag.py:1833} INFO - Sync 1 DAGs
[2021-08-28 23:43:23,404] {logging_mixin.py:109} INFO - [2021-08-28 23:43:23,404] {dag.py:2306} INFO - Setting next_dagrun for example_dag_decorator to None
[2021-08-28 23:43:23,421] {processor.py:170} INFO - Processing /home/paolo/Documents/Github/case-study-1-october2020-data-sweepers/DataExtraction/ENV/lib/python3.8/site-packages/airflow/example_dags/example_dag_decorator.py took 0.303 seconds
[2021-08-28 23:43:54,445] {processor.py:162} INFO - Started process (PID=14433) to work on /home/paolo/Documents/Github/case-study-1-october2020-data-sweepers/DataExtraction/ENV/lib/python3.8/site-packages/airflow/example_dags/example_dag_decorator.py
[2021-08-28 23:43:54,448] {processor.py:613} INFO - Processing file /home/paolo/Documents/Github/case-study-1-october2020-data-sweepers/DataExtraction/ENV/lib/python3.8/site-packages/airflow/example_dags/example_dag_decorator.py for tasks to queue
[2021-08-28 23:43:54,448] {logging_mixin.py:109} INFO - [2021-08-28 23:43:54,448] {dagbag.py:496} INFO - Filling up the DagBag from /home/paolo/Documents/Github/case-study-1-october2020-data-sweepers/DataExtraction/ENV/lib/python3.8/site-packages/airflow/example_dags/example_dag_decorator.py
[2021-08-28 23:43:54,466] {processor.py:623} INFO - DAG(s) dict_keys(['example_dag_decorator']) retrieved from /home/paolo/Documents/Github/case-study-1-october2020-data-sweepers/DataExtraction/ENV/lib/python3.8/site-packages/airflow/example_dags/example_dag_decorator.py
[2021-08-28 23:43:54,708] {logging_mixin.py:109} INFO - [2021-08-28 23:43:54,708] {dag.py:1833} INFO - Sync 1 DAGs
[2021-08-28 23:43:54,716] {logging_mixin.py:109} INFO - [2021-08-28 23:43:54,715] {dag.py:2306} INFO - Setting next_dagrun for example_dag_decorator to None
[2021-08-28 23:43:54,732] {processor.py:170} INFO - Processing /home/paolo/Documents/Github/case-study-1-october2020-data-sweepers/DataExtraction/ENV/lib/python3.8/site-packages/airflow/example_dags/example_dag_decorator.py took 0.290 seconds
[2021-08-28 23:44:26,250] {processor.py:162} INFO - Started process (PID=14512) to work on /home/paolo/Documents/Github/case-study-1-october2020-data-sweepers/DataExtraction/ENV/lib/python3.8/site-packages/airflow/example_dags/example_dag_decorator.py
[2021-08-28 23:44:26,253] {processor.py:613} INFO - Processing file /home/paolo/Documents/Github/case-study-1-october2020-data-sweepers/DataExtraction/ENV/lib/python3.8/site-packages/airflow/example_dags/example_dag_decorator.py for tasks to queue
[2021-08-28 23:44:26,254] {logging_mixin.py:109} INFO - [2021-08-28 23:44:26,253] {dagbag.py:496} INFO - Filling up the DagBag from /home/paolo/Documents/Github/case-study-1-october2020-data-sweepers/DataExtraction/ENV/lib/python3.8/site-packages/airflow/example_dags/example_dag_decorator.py
[2021-08-28 23:44:26,294] {processor.py:623} INFO - DAG(s) dict_keys(['example_dag_decorator']) retrieved from /home/paolo/Documents/Github/case-study-1-october2020-data-sweepers/DataExtraction/ENV/lib/python3.8/site-packages/airflow/example_dags/example_dag_decorator.py
[2021-08-28 23:44:26,985] {logging_mixin.py:109} INFO - [2021-08-28 23:44:26,984] {dag.py:1833} INFO - Sync 1 DAGs
[2021-08-28 23:44:27,019] {logging_mixin.py:109} INFO - [2021-08-28 23:44:27,018] {dag.py:2306} INFO - Setting next_dagrun for example_dag_decorator to None
[2021-08-28 23:44:27,067] {processor.py:170} INFO - Processing /home/paolo/Documents/Github/case-study-1-october2020-data-sweepers/DataExtraction/ENV/lib/python3.8/site-packages/airflow/example_dags/example_dag_decorator.py took 0.825 seconds
[2021-08-28 23:45:04,363] {processor.py:162} INFO - Started process (PID=14575) to work on /home/paolo/Documents/Github/case-study-1-october2020-data-sweepers/DataExtraction/ENV/lib/python3.8/site-packages/airflow/example_dags/example_dag_decorator.py
[2021-08-28 23:45:04,368] {processor.py:613} INFO - Processing file /home/paolo/Documents/Github/case-study-1-october2020-data-sweepers/DataExtraction/ENV/lib/python3.8/site-packages/airflow/example_dags/example_dag_decorator.py for tasks to queue
[2021-08-28 23:45:04,370] {logging_mixin.py:109} INFO - [2021-08-28 23:45:04,370] {dagbag.py:496} INFO - Filling up the DagBag from /home/paolo/Documents/Github/case-study-1-october2020-data-sweepers/DataExtraction/ENV/lib/python3.8/site-packages/airflow/example_dags/example_dag_decorator.py
[2021-08-28 23:45:04,416] {processor.py:623} INFO - DAG(s) dict_keys(['example_dag_decorator']) retrieved from /home/paolo/Documents/Github/case-study-1-october2020-data-sweepers/DataExtraction/ENV/lib/python3.8/site-packages/airflow/example_dags/example_dag_decorator.py
[2021-08-28 23:45:04,880] {logging_mixin.py:109} INFO - [2021-08-28 23:45:04,880] {dag.py:1833} INFO - Sync 1 DAGs
[2021-08-28 23:45:04,893] {logging_mixin.py:109} INFO - [2021-08-28 23:45:04,893] {dag.py:2306} INFO - Setting next_dagrun for example_dag_decorator to None
[2021-08-28 23:45:04,915] {processor.py:170} INFO - Processing /home/paolo/Documents/Github/case-study-1-october2020-data-sweepers/DataExtraction/ENV/lib/python3.8/site-packages/airflow/example_dags/example_dag_decorator.py took 0.558 seconds
[2021-08-28 23:45:46,030] {processor.py:162} INFO - Started process (PID=14645) to work on /home/paolo/Documents/Github/case-study-1-october2020-data-sweepers/DataExtraction/ENV/lib/python3.8/site-packages/airflow/example_dags/example_dag_decorator.py
[2021-08-28 23:45:46,031] {processor.py:613} INFO - Processing file /home/paolo/Documents/Github/case-study-1-october2020-data-sweepers/DataExtraction/ENV/lib/python3.8/site-packages/airflow/example_dags/example_dag_decorator.py for tasks to queue
[2021-08-28 23:45:46,032] {logging_mixin.py:109} INFO - [2021-08-28 23:45:46,032] {dagbag.py:496} INFO - Filling up the DagBag from /home/paolo/Documents/Github/case-study-1-october2020-data-sweepers/DataExtraction/ENV/lib/python3.8/site-packages/airflow/example_dags/example_dag_decorator.py
[2021-08-28 23:45:46,084] {processor.py:623} INFO - DAG(s) dict_keys(['example_dag_decorator']) retrieved from /home/paolo/Documents/Github/case-study-1-october2020-data-sweepers/DataExtraction/ENV/lib/python3.8/site-packages/airflow/example_dags/example_dag_decorator.py
[2021-08-28 23:45:46,729] {logging_mixin.py:109} INFO - [2021-08-28 23:45:46,729] {dag.py:1833} INFO - Sync 1 DAGs
[2021-08-28 23:45:46,748] {logging_mixin.py:109} INFO - [2021-08-28 23:45:46,748] {dag.py:2306} INFO - Setting next_dagrun for example_dag_decorator to None
[2021-08-28 23:45:46,785] {processor.py:170} INFO - Processing /home/paolo/Documents/Github/case-study-1-october2020-data-sweepers/DataExtraction/ENV/lib/python3.8/site-packages/airflow/example_dags/example_dag_decorator.py took 0.760 seconds
[2021-08-28 23:46:26,786] {processor.py:162} INFO - Started process (PID=14712) to work on /home/paolo/Documents/Github/case-study-1-october2020-data-sweepers/DataExtraction/ENV/lib/python3.8/site-packages/airflow/example_dags/example_dag_decorator.py
[2021-08-28 23:46:26,788] {processor.py:613} INFO - Processing file /home/paolo/Documents/Github/case-study-1-october2020-data-sweepers/DataExtraction/ENV/lib/python3.8/site-packages/airflow/example_dags/example_dag_decorator.py for tasks to queue
[2021-08-28 23:46:26,789] {logging_mixin.py:109} INFO - [2021-08-28 23:46:26,789] {dagbag.py:496} INFO - Filling up the DagBag from /home/paolo/Documents/Github/case-study-1-october2020-data-sweepers/DataExtraction/ENV/lib/python3.8/site-packages/airflow/example_dags/example_dag_decorator.py
[2021-08-28 23:46:26,834] {processor.py:623} INFO - DAG(s) dict_keys(['example_dag_decorator']) retrieved from /home/paolo/Documents/Github/case-study-1-october2020-data-sweepers/DataExtraction/ENV/lib/python3.8/site-packages/airflow/example_dags/example_dag_decorator.py
[2021-08-28 23:46:27,411] {logging_mixin.py:109} INFO - [2021-08-28 23:46:27,411] {dag.py:1833} INFO - Sync 1 DAGs
[2021-08-28 23:46:27,428] {logging_mixin.py:109} INFO - [2021-08-28 23:46:27,427] {dag.py:2306} INFO - Setting next_dagrun for example_dag_decorator to None
[2021-08-28 23:46:27,448] {processor.py:170} INFO - Processing /home/paolo/Documents/Github/case-study-1-october2020-data-sweepers/DataExtraction/ENV/lib/python3.8/site-packages/airflow/example_dags/example_dag_decorator.py took 0.666 seconds
[2021-08-28 23:47:04,680] {processor.py:162} INFO - Started process (PID=14788) to work on /home/paolo/Documents/Github/case-study-1-october2020-data-sweepers/DataExtraction/ENV/lib/python3.8/site-packages/airflow/example_dags/example_dag_decorator.py
[2021-08-28 23:47:04,683] {processor.py:613} INFO - Processing file /home/paolo/Documents/Github/case-study-1-october2020-data-sweepers/DataExtraction/ENV/lib/python3.8/site-packages/airflow/example_dags/example_dag_decorator.py for tasks to queue
[2021-08-28 23:47:04,684] {logging_mixin.py:109} INFO - [2021-08-28 23:47:04,684] {dagbag.py:496} INFO - Filling up the DagBag from /home/paolo/Documents/Github/case-study-1-october2020-data-sweepers/DataExtraction/ENV/lib/python3.8/site-packages/airflow/example_dags/example_dag_decorator.py
[2021-08-28 23:47:04,728] {processor.py:623} INFO - DAG(s) dict_keys(['example_dag_decorator']) retrieved from /home/paolo/Documents/Github/case-study-1-october2020-data-sweepers/DataExtraction/ENV/lib/python3.8/site-packages/airflow/example_dags/example_dag_decorator.py
[2021-08-28 23:47:05,349] {logging_mixin.py:109} INFO - [2021-08-28 23:47:05,349] {dag.py:1833} INFO - Sync 1 DAGs
[2021-08-28 23:47:05,379] {logging_mixin.py:109} INFO - [2021-08-28 23:47:05,378] {dag.py:2306} INFO - Setting next_dagrun for example_dag_decorator to None
[2021-08-28 23:47:05,414] {processor.py:170} INFO - Processing /home/paolo/Documents/Github/case-study-1-october2020-data-sweepers/DataExtraction/ENV/lib/python3.8/site-packages/airflow/example_dags/example_dag_decorator.py took 0.740 seconds
[2021-08-28 23:47:42,274] {processor.py:162} INFO - Started process (PID=14871) to work on /home/paolo/Documents/Github/case-study-1-october2020-data-sweepers/DataExtraction/ENV/lib/python3.8/site-packages/airflow/example_dags/example_dag_decorator.py
[2021-08-28 23:47:42,276] {processor.py:613} INFO - Processing file /home/paolo/Documents/Github/case-study-1-october2020-data-sweepers/DataExtraction/ENV/lib/python3.8/site-packages/airflow/example_dags/example_dag_decorator.py for tasks to queue
[2021-08-28 23:47:42,277] {logging_mixin.py:109} INFO - [2021-08-28 23:47:42,277] {dagbag.py:496} INFO - Filling up the DagBag from /home/paolo/Documents/Github/case-study-1-october2020-data-sweepers/DataExtraction/ENV/lib/python3.8/site-packages/airflow/example_dags/example_dag_decorator.py
[2021-08-28 23:47:42,332] {processor.py:623} INFO - DAG(s) dict_keys(['example_dag_decorator']) retrieved from /home/paolo/Documents/Github/case-study-1-october2020-data-sweepers/DataExtraction/ENV/lib/python3.8/site-packages/airflow/example_dags/example_dag_decorator.py
[2021-08-28 23:47:42,985] {logging_mixin.py:109} INFO - [2021-08-28 23:47:42,985] {dag.py:1833} INFO - Sync 1 DAGs
[2021-08-28 23:47:43,006] {logging_mixin.py:109} INFO - [2021-08-28 23:47:43,005] {dag.py:2306} INFO - Setting next_dagrun for example_dag_decorator to None
[2021-08-28 23:47:43,045] {processor.py:170} INFO - Processing /home/paolo/Documents/Github/case-study-1-october2020-data-sweepers/DataExtraction/ENV/lib/python3.8/site-packages/airflow/example_dags/example_dag_decorator.py took 0.780 seconds
[2021-08-28 23:48:24,024] {processor.py:162} INFO - Started process (PID=14944) to work on /home/paolo/Documents/Github/case-study-1-october2020-data-sweepers/DataExtraction/ENV/lib/python3.8/site-packages/airflow/example_dags/example_dag_decorator.py
[2021-08-28 23:48:24,026] {processor.py:613} INFO - Processing file /home/paolo/Documents/Github/case-study-1-october2020-data-sweepers/DataExtraction/ENV/lib/python3.8/site-packages/airflow/example_dags/example_dag_decorator.py for tasks to queue
[2021-08-28 23:48:24,027] {logging_mixin.py:109} INFO - [2021-08-28 23:48:24,027] {dagbag.py:496} INFO - Filling up the DagBag from /home/paolo/Documents/Github/case-study-1-october2020-data-sweepers/DataExtraction/ENV/lib/python3.8/site-packages/airflow/example_dags/example_dag_decorator.py
[2021-08-28 23:48:24,098] {processor.py:623} INFO - DAG(s) dict_keys(['example_dag_decorator']) retrieved from /home/paolo/Documents/Github/case-study-1-october2020-data-sweepers/DataExtraction/ENV/lib/python3.8/site-packages/airflow/example_dags/example_dag_decorator.py
[2021-08-28 23:48:24,726] {logging_mixin.py:109} INFO - [2021-08-28 23:48:24,726] {dag.py:1833} INFO - Sync 1 DAGs
[2021-08-28 23:48:24,738] {logging_mixin.py:109} INFO - [2021-08-28 23:48:24,737] {dag.py:2306} INFO - Setting next_dagrun for example_dag_decorator to None
[2021-08-28 23:48:24,763] {processor.py:170} INFO - Processing /home/paolo/Documents/Github/case-study-1-october2020-data-sweepers/DataExtraction/ENV/lib/python3.8/site-packages/airflow/example_dags/example_dag_decorator.py took 0.747 seconds
[2021-08-28 23:49:03,569] {processor.py:162} INFO - Started process (PID=15057) to work on /home/paolo/Documents/Github/case-study-1-october2020-data-sweepers/DataExtraction/ENV/lib/python3.8/site-packages/airflow/example_dags/example_dag_decorator.py
[2021-08-28 23:49:03,571] {processor.py:613} INFO - Processing file /home/paolo/Documents/Github/case-study-1-october2020-data-sweepers/DataExtraction/ENV/lib/python3.8/site-packages/airflow/example_dags/example_dag_decorator.py for tasks to queue
[2021-08-28 23:49:03,572] {logging_mixin.py:109} INFO - [2021-08-28 23:49:03,571] {dagbag.py:496} INFO - Filling up the DagBag from /home/paolo/Documents/Github/case-study-1-october2020-data-sweepers/DataExtraction/ENV/lib/python3.8/site-packages/airflow/example_dags/example_dag_decorator.py
[2021-08-28 23:49:03,623] {processor.py:623} INFO - DAG(s) dict_keys(['example_dag_decorator']) retrieved from /home/paolo/Documents/Github/case-study-1-october2020-data-sweepers/DataExtraction/ENV/lib/python3.8/site-packages/airflow/example_dags/example_dag_decorator.py
[2021-08-28 23:49:04,429] {logging_mixin.py:109} INFO - [2021-08-28 23:49:04,429] {dag.py:1833} INFO - Sync 1 DAGs
[2021-08-28 23:49:04,461] {logging_mixin.py:109} INFO - [2021-08-28 23:49:04,460] {dag.py:2306} INFO - Setting next_dagrun for example_dag_decorator to None
[2021-08-28 23:49:04,519] {processor.py:170} INFO - Processing /home/paolo/Documents/Github/case-study-1-october2020-data-sweepers/DataExtraction/ENV/lib/python3.8/site-packages/airflow/example_dags/example_dag_decorator.py took 0.956 seconds
[2021-08-28 23:49:38,865] {processor.py:162} INFO - Started process (PID=15120) to work on /home/paolo/Documents/Github/case-study-1-october2020-data-sweepers/DataExtraction/ENV/lib/python3.8/site-packages/airflow/example_dags/example_dag_decorator.py
[2021-08-28 23:49:38,872] {processor.py:613} INFO - Processing file /home/paolo/Documents/Github/case-study-1-october2020-data-sweepers/DataExtraction/ENV/lib/python3.8/site-packages/airflow/example_dags/example_dag_decorator.py for tasks to queue
[2021-08-28 23:49:38,874] {logging_mixin.py:109} INFO - [2021-08-28 23:49:38,874] {dagbag.py:496} INFO - Filling up the DagBag from /home/paolo/Documents/Github/case-study-1-october2020-data-sweepers/DataExtraction/ENV/lib/python3.8/site-packages/airflow/example_dags/example_dag_decorator.py
[2021-08-28 23:49:38,922] {processor.py:623} INFO - DAG(s) dict_keys(['example_dag_decorator']) retrieved from /home/paolo/Documents/Github/case-study-1-october2020-data-sweepers/DataExtraction/ENV/lib/python3.8/site-packages/airflow/example_dags/example_dag_decorator.py
[2021-08-28 23:49:39,246] {logging_mixin.py:109} INFO - [2021-08-28 23:49:39,246] {dag.py:1833} INFO - Sync 1 DAGs
[2021-08-28 23:49:39,256] {logging_mixin.py:109} INFO - [2021-08-28 23:49:39,256] {dag.py:2306} INFO - Setting next_dagrun for example_dag_decorator to None
[2021-08-28 23:49:39,277] {processor.py:170} INFO - Processing /home/paolo/Documents/Github/case-study-1-october2020-data-sweepers/DataExtraction/ENV/lib/python3.8/site-packages/airflow/example_dags/example_dag_decorator.py took 0.421 seconds
[2021-08-28 23:50:14,368] {processor.py:162} INFO - Started process (PID=15202) to work on /home/paolo/Documents/Github/case-study-1-october2020-data-sweepers/DataExtraction/ENV/lib/python3.8/site-packages/airflow/example_dags/example_dag_decorator.py
[2021-08-28 23:50:14,371] {processor.py:613} INFO - Processing file /home/paolo/Documents/Github/case-study-1-october2020-data-sweepers/DataExtraction/ENV/lib/python3.8/site-packages/airflow/example_dags/example_dag_decorator.py for tasks to queue
[2021-08-28 23:50:14,372] {logging_mixin.py:109} INFO - [2021-08-28 23:50:14,372] {dagbag.py:496} INFO - Filling up the DagBag from /home/paolo/Documents/Github/case-study-1-october2020-data-sweepers/DataExtraction/ENV/lib/python3.8/site-packages/airflow/example_dags/example_dag_decorator.py
[2021-08-28 23:50:14,399] {processor.py:623} INFO - DAG(s) dict_keys(['example_dag_decorator']) retrieved from /home/paolo/Documents/Github/case-study-1-october2020-data-sweepers/DataExtraction/ENV/lib/python3.8/site-packages/airflow/example_dags/example_dag_decorator.py
[2021-08-28 23:50:14,716] {logging_mixin.py:109} INFO - [2021-08-28 23:50:14,716] {dag.py:1833} INFO - Sync 1 DAGs
[2021-08-28 23:50:14,723] {logging_mixin.py:109} INFO - [2021-08-28 23:50:14,723] {dag.py:2306} INFO - Setting next_dagrun for example_dag_decorator to None
[2021-08-28 23:50:14,741] {processor.py:170} INFO - Processing /home/paolo/Documents/Github/case-study-1-october2020-data-sweepers/DataExtraction/ENV/lib/python3.8/site-packages/airflow/example_dags/example_dag_decorator.py took 0.380 seconds
[2021-08-28 23:50:46,966] {processor.py:162} INFO - Started process (PID=15270) to work on /home/paolo/Documents/Github/case-study-1-october2020-data-sweepers/DataExtraction/ENV/lib/python3.8/site-packages/airflow/example_dags/example_dag_decorator.py
[2021-08-28 23:50:46,970] {processor.py:613} INFO - Processing file /home/paolo/Documents/Github/case-study-1-october2020-data-sweepers/DataExtraction/ENV/lib/python3.8/site-packages/airflow/example_dags/example_dag_decorator.py for tasks to queue
[2021-08-28 23:50:46,973] {logging_mixin.py:109} INFO - [2021-08-28 23:50:46,972] {dagbag.py:496} INFO - Filling up the DagBag from /home/paolo/Documents/Github/case-study-1-october2020-data-sweepers/DataExtraction/ENV/lib/python3.8/site-packages/airflow/example_dags/example_dag_decorator.py
[2021-08-28 23:50:47,018] {processor.py:623} INFO - DAG(s) dict_keys(['example_dag_decorator']) retrieved from /home/paolo/Documents/Github/case-study-1-october2020-data-sweepers/DataExtraction/ENV/lib/python3.8/site-packages/airflow/example_dags/example_dag_decorator.py
[2021-08-28 23:50:47,334] {logging_mixin.py:109} INFO - [2021-08-28 23:50:47,334] {dag.py:1833} INFO - Sync 1 DAGs
[2021-08-28 23:50:47,343] {logging_mixin.py:109} INFO - [2021-08-28 23:50:47,343] {dag.py:2306} INFO - Setting next_dagrun for example_dag_decorator to None
[2021-08-28 23:50:47,365] {processor.py:170} INFO - Processing /home/paolo/Documents/Github/case-study-1-october2020-data-sweepers/DataExtraction/ENV/lib/python3.8/site-packages/airflow/example_dags/example_dag_decorator.py took 0.408 seconds
[2021-08-28 23:51:21,079] {processor.py:162} INFO - Started process (PID=15330) to work on /home/paolo/Documents/Github/case-study-1-october2020-data-sweepers/DataExtraction/ENV/lib/python3.8/site-packages/airflow/example_dags/example_dag_decorator.py
[2021-08-28 23:51:21,081] {processor.py:613} INFO - Processing file /home/paolo/Documents/Github/case-study-1-october2020-data-sweepers/DataExtraction/ENV/lib/python3.8/site-packages/airflow/example_dags/example_dag_decorator.py for tasks to queue
[2021-08-28 23:51:21,082] {logging_mixin.py:109} INFO - [2021-08-28 23:51:21,082] {dagbag.py:496} INFO - Filling up the DagBag from /home/paolo/Documents/Github/case-study-1-october2020-data-sweepers/DataExtraction/ENV/lib/python3.8/site-packages/airflow/example_dags/example_dag_decorator.py
[2021-08-28 23:51:21,117] {processor.py:623} INFO - DAG(s) dict_keys(['example_dag_decorator']) retrieved from /home/paolo/Documents/Github/case-study-1-october2020-data-sweepers/DataExtraction/ENV/lib/python3.8/site-packages/airflow/example_dags/example_dag_decorator.py
[2021-08-28 23:51:21,547] {logging_mixin.py:109} INFO - [2021-08-28 23:51:21,547] {dag.py:1833} INFO - Sync 1 DAGs
[2021-08-28 23:51:21,561] {logging_mixin.py:109} INFO - [2021-08-28 23:51:21,561] {dag.py:2306} INFO - Setting next_dagrun for example_dag_decorator to None
[2021-08-28 23:51:21,585] {processor.py:170} INFO - Processing /home/paolo/Documents/Github/case-study-1-october2020-data-sweepers/DataExtraction/ENV/lib/python3.8/site-packages/airflow/example_dags/example_dag_decorator.py took 0.509 seconds
[2021-08-28 23:51:55,050] {processor.py:162} INFO - Started process (PID=15430) to work on /home/paolo/Documents/Github/case-study-1-october2020-data-sweepers/DataExtraction/ENV/lib/python3.8/site-packages/airflow/example_dags/example_dag_decorator.py
[2021-08-28 23:51:55,053] {processor.py:613} INFO - Processing file /home/paolo/Documents/Github/case-study-1-october2020-data-sweepers/DataExtraction/ENV/lib/python3.8/site-packages/airflow/example_dags/example_dag_decorator.py for tasks to queue
[2021-08-28 23:51:55,054] {logging_mixin.py:109} INFO - [2021-08-28 23:51:55,054] {dagbag.py:496} INFO - Filling up the DagBag from /home/paolo/Documents/Github/case-study-1-october2020-data-sweepers/DataExtraction/ENV/lib/python3.8/site-packages/airflow/example_dags/example_dag_decorator.py
[2021-08-28 23:51:55,077] {processor.py:623} INFO - DAG(s) dict_keys(['example_dag_decorator']) retrieved from /home/paolo/Documents/Github/case-study-1-october2020-data-sweepers/DataExtraction/ENV/lib/python3.8/site-packages/airflow/example_dags/example_dag_decorator.py
[2021-08-28 23:51:55,314] {logging_mixin.py:109} INFO - [2021-08-28 23:51:55,314] {dag.py:1833} INFO - Sync 1 DAGs
[2021-08-28 23:51:55,321] {logging_mixin.py:109} INFO - [2021-08-28 23:51:55,321] {dag.py:2306} INFO - Setting next_dagrun for example_dag_decorator to None
[2021-08-28 23:51:55,338] {processor.py:170} INFO - Processing /home/paolo/Documents/Github/case-study-1-october2020-data-sweepers/DataExtraction/ENV/lib/python3.8/site-packages/airflow/example_dags/example_dag_decorator.py took 0.294 seconds
[2021-08-28 23:52:29,976] {processor.py:162} INFO - Started process (PID=15554) to work on /home/paolo/Documents/Github/case-study-1-october2020-data-sweepers/DataExtraction/ENV/lib/python3.8/site-packages/airflow/example_dags/example_dag_decorator.py
[2021-08-28 23:52:29,979] {processor.py:613} INFO - Processing file /home/paolo/Documents/Github/case-study-1-october2020-data-sweepers/DataExtraction/ENV/lib/python3.8/site-packages/airflow/example_dags/example_dag_decorator.py for tasks to queue
[2021-08-28 23:52:29,980] {logging_mixin.py:109} INFO - [2021-08-28 23:52:29,980] {dagbag.py:496} INFO - Filling up the DagBag from /home/paolo/Documents/Github/case-study-1-october2020-data-sweepers/DataExtraction/ENV/lib/python3.8/site-packages/airflow/example_dags/example_dag_decorator.py
[2021-08-28 23:52:30,006] {processor.py:623} INFO - DAG(s) dict_keys(['example_dag_decorator']) retrieved from /home/paolo/Documents/Github/case-study-1-october2020-data-sweepers/DataExtraction/ENV/lib/python3.8/site-packages/airflow/example_dags/example_dag_decorator.py
[2021-08-28 23:52:30,245] {logging_mixin.py:109} INFO - [2021-08-28 23:52:30,245] {dag.py:1833} INFO - Sync 1 DAGs
[2021-08-28 23:52:30,252] {logging_mixin.py:109} INFO - [2021-08-28 23:52:30,252] {dag.py:2306} INFO - Setting next_dagrun for example_dag_decorator to None
[2021-08-28 23:52:30,268] {processor.py:170} INFO - Processing /home/paolo/Documents/Github/case-study-1-october2020-data-sweepers/DataExtraction/ENV/lib/python3.8/site-packages/airflow/example_dags/example_dag_decorator.py took 0.298 seconds
[2021-08-28 23:53:02,261] {processor.py:162} INFO - Started process (PID=15621) to work on /home/paolo/Documents/Github/case-study-1-october2020-data-sweepers/DataExtraction/ENV/lib/python3.8/site-packages/airflow/example_dags/example_dag_decorator.py
[2021-08-28 23:53:02,264] {processor.py:613} INFO - Processing file /home/paolo/Documents/Github/case-study-1-october2020-data-sweepers/DataExtraction/ENV/lib/python3.8/site-packages/airflow/example_dags/example_dag_decorator.py for tasks to queue
[2021-08-28 23:53:02,265] {logging_mixin.py:109} INFO - [2021-08-28 23:53:02,265] {dagbag.py:496} INFO - Filling up the DagBag from /home/paolo/Documents/Github/case-study-1-october2020-data-sweepers/DataExtraction/ENV/lib/python3.8/site-packages/airflow/example_dags/example_dag_decorator.py
[2021-08-28 23:53:02,295] {processor.py:623} INFO - DAG(s) dict_keys(['example_dag_decorator']) retrieved from /home/paolo/Documents/Github/case-study-1-october2020-data-sweepers/DataExtraction/ENV/lib/python3.8/site-packages/airflow/example_dags/example_dag_decorator.py
[2021-08-28 23:53:02,525] {logging_mixin.py:109} INFO - [2021-08-28 23:53:02,524] {dag.py:1833} INFO - Sync 1 DAGs
[2021-08-28 23:53:02,533] {logging_mixin.py:109} INFO - [2021-08-28 23:53:02,533] {dag.py:2306} INFO - Setting next_dagrun for example_dag_decorator to None
[2021-08-28 23:53:02,549] {processor.py:170} INFO - Processing /home/paolo/Documents/Github/case-study-1-october2020-data-sweepers/DataExtraction/ENV/lib/python3.8/site-packages/airflow/example_dags/example_dag_decorator.py took 0.294 seconds
[2021-08-28 23:53:34,112] {processor.py:162} INFO - Started process (PID=15695) to work on /home/paolo/Documents/Github/case-study-1-october2020-data-sweepers/DataExtraction/ENV/lib/python3.8/site-packages/airflow/example_dags/example_dag_decorator.py
[2021-08-28 23:53:34,115] {processor.py:613} INFO - Processing file /home/paolo/Documents/Github/case-study-1-october2020-data-sweepers/DataExtraction/ENV/lib/python3.8/site-packages/airflow/example_dags/example_dag_decorator.py for tasks to queue
[2021-08-28 23:53:34,116] {logging_mixin.py:109} INFO - [2021-08-28 23:53:34,116] {dagbag.py:496} INFO - Filling up the DagBag from /home/paolo/Documents/Github/case-study-1-october2020-data-sweepers/DataExtraction/ENV/lib/python3.8/site-packages/airflow/example_dags/example_dag_decorator.py
[2021-08-28 23:53:34,142] {processor.py:623} INFO - DAG(s) dict_keys(['example_dag_decorator']) retrieved from /home/paolo/Documents/Github/case-study-1-october2020-data-sweepers/DataExtraction/ENV/lib/python3.8/site-packages/airflow/example_dags/example_dag_decorator.py
[2021-08-28 23:53:34,368] {logging_mixin.py:109} INFO - [2021-08-28 23:53:34,368] {dag.py:1833} INFO - Sync 1 DAGs
[2021-08-28 23:53:34,376] {logging_mixin.py:109} INFO - [2021-08-28 23:53:34,376] {dag.py:2306} INFO - Setting next_dagrun for example_dag_decorator to None
[2021-08-28 23:53:34,394] {processor.py:170} INFO - Processing /home/paolo/Documents/Github/case-study-1-october2020-data-sweepers/DataExtraction/ENV/lib/python3.8/site-packages/airflow/example_dags/example_dag_decorator.py took 0.289 seconds
[2021-08-28 23:55:54,210] {processor.py:162} INFO - Started process (PID=16237) to work on /home/paolo/Documents/Github/case-study-1-october2020-data-sweepers/DataExtraction/ENV/lib/python3.8/site-packages/airflow/example_dags/example_dag_decorator.py
[2021-08-28 23:55:54,211] {processor.py:613} INFO - Processing file /home/paolo/Documents/Github/case-study-1-october2020-data-sweepers/DataExtraction/ENV/lib/python3.8/site-packages/airflow/example_dags/example_dag_decorator.py for tasks to queue
[2021-08-28 23:55:54,212] {logging_mixin.py:109} INFO - [2021-08-28 23:55:54,212] {dagbag.py:496} INFO - Filling up the DagBag from /home/paolo/Documents/Github/case-study-1-october2020-data-sweepers/DataExtraction/ENV/lib/python3.8/site-packages/airflow/example_dags/example_dag_decorator.py
[2021-08-28 23:55:54,227] {processor.py:623} INFO - DAG(s) dict_keys(['example_dag_decorator']) retrieved from /home/paolo/Documents/Github/case-study-1-october2020-data-sweepers/DataExtraction/ENV/lib/python3.8/site-packages/airflow/example_dags/example_dag_decorator.py
[2021-08-28 23:55:54,467] {logging_mixin.py:109} INFO - [2021-08-28 23:55:54,467] {dag.py:1833} INFO - Sync 1 DAGs
[2021-08-28 23:55:54,475] {logging_mixin.py:109} INFO - [2021-08-28 23:55:54,475] {dag.py:2306} INFO - Setting next_dagrun for example_dag_decorator to None
[2021-08-28 23:55:54,494] {processor.py:170} INFO - Processing /home/paolo/Documents/Github/case-study-1-october2020-data-sweepers/DataExtraction/ENV/lib/python3.8/site-packages/airflow/example_dags/example_dag_decorator.py took 0.286 seconds
[2021-08-28 23:56:34,478] {processor.py:162} INFO - Started process (PID=16545) to work on /home/paolo/Documents/Github/case-study-1-october2020-data-sweepers/DataExtraction/ENV/lib/python3.8/site-packages/airflow/example_dags/example_dag_decorator.py
[2021-08-28 23:56:34,479] {processor.py:613} INFO - Processing file /home/paolo/Documents/Github/case-study-1-october2020-data-sweepers/DataExtraction/ENV/lib/python3.8/site-packages/airflow/example_dags/example_dag_decorator.py for tasks to queue
[2021-08-28 23:56:34,479] {logging_mixin.py:109} INFO - [2021-08-28 23:56:34,479] {dagbag.py:496} INFO - Filling up the DagBag from /home/paolo/Documents/Github/case-study-1-october2020-data-sweepers/DataExtraction/ENV/lib/python3.8/site-packages/airflow/example_dags/example_dag_decorator.py
[2021-08-28 23:56:34,501] {processor.py:623} INFO - DAG(s) dict_keys(['example_dag_decorator']) retrieved from /home/paolo/Documents/Github/case-study-1-october2020-data-sweepers/DataExtraction/ENV/lib/python3.8/site-packages/airflow/example_dags/example_dag_decorator.py
[2021-08-28 23:56:34,779] {logging_mixin.py:109} INFO - [2021-08-28 23:56:34,779] {dag.py:1833} INFO - Sync 1 DAGs
[2021-08-28 23:56:34,786] {logging_mixin.py:109} INFO - [2021-08-28 23:56:34,786] {dag.py:2306} INFO - Setting next_dagrun for example_dag_decorator to None
[2021-08-28 23:56:34,802] {processor.py:170} INFO - Processing /home/paolo/Documents/Github/case-study-1-october2020-data-sweepers/DataExtraction/ENV/lib/python3.8/site-packages/airflow/example_dags/example_dag_decorator.py took 0.327 seconds
[2021-08-28 23:57:12,973] {processor.py:162} INFO - Started process (PID=16837) to work on /home/paolo/Documents/Github/case-study-1-october2020-data-sweepers/DataExtraction/ENV/lib/python3.8/site-packages/airflow/example_dags/example_dag_decorator.py
[2021-08-28 23:57:12,974] {processor.py:613} INFO - Processing file /home/paolo/Documents/Github/case-study-1-october2020-data-sweepers/DataExtraction/ENV/lib/python3.8/site-packages/airflow/example_dags/example_dag_decorator.py for tasks to queue
[2021-08-28 23:57:12,974] {logging_mixin.py:109} INFO - [2021-08-28 23:57:12,974] {dagbag.py:496} INFO - Filling up the DagBag from /home/paolo/Documents/Github/case-study-1-october2020-data-sweepers/DataExtraction/ENV/lib/python3.8/site-packages/airflow/example_dags/example_dag_decorator.py
[2021-08-28 23:57:12,999] {processor.py:623} INFO - DAG(s) dict_keys(['example_dag_decorator']) retrieved from /home/paolo/Documents/Github/case-study-1-october2020-data-sweepers/DataExtraction/ENV/lib/python3.8/site-packages/airflow/example_dags/example_dag_decorator.py
[2021-08-28 23:57:13,390] {logging_mixin.py:109} INFO - [2021-08-28 23:57:13,390] {dag.py:1833} INFO - Sync 1 DAGs
[2021-08-28 23:57:13,399] {logging_mixin.py:109} INFO - [2021-08-28 23:57:13,399] {dag.py:2306} INFO - Setting next_dagrun for example_dag_decorator to None
[2021-08-28 23:57:13,417] {processor.py:170} INFO - Processing /home/paolo/Documents/Github/case-study-1-october2020-data-sweepers/DataExtraction/ENV/lib/python3.8/site-packages/airflow/example_dags/example_dag_decorator.py took 0.448 seconds
[2021-08-28 23:57:51,072] {processor.py:162} INFO - Started process (PID=17153) to work on /home/paolo/Documents/Github/case-study-1-october2020-data-sweepers/DataExtraction/ENV/lib/python3.8/site-packages/airflow/example_dags/example_dag_decorator.py
[2021-08-28 23:57:51,075] {processor.py:613} INFO - Processing file /home/paolo/Documents/Github/case-study-1-october2020-data-sweepers/DataExtraction/ENV/lib/python3.8/site-packages/airflow/example_dags/example_dag_decorator.py for tasks to queue
[2021-08-28 23:57:51,077] {logging_mixin.py:109} INFO - [2021-08-28 23:57:51,076] {dagbag.py:496} INFO - Filling up the DagBag from /home/paolo/Documents/Github/case-study-1-october2020-data-sweepers/DataExtraction/ENV/lib/python3.8/site-packages/airflow/example_dags/example_dag_decorator.py
[2021-08-28 23:57:51,102] {processor.py:623} INFO - DAG(s) dict_keys(['example_dag_decorator']) retrieved from /home/paolo/Documents/Github/case-study-1-october2020-data-sweepers/DataExtraction/ENV/lib/python3.8/site-packages/airflow/example_dags/example_dag_decorator.py
[2021-08-28 23:57:51,434] {logging_mixin.py:109} INFO - [2021-08-28 23:57:51,434] {dag.py:1833} INFO - Sync 1 DAGs
[2021-08-28 23:57:51,445] {logging_mixin.py:109} INFO - [2021-08-28 23:57:51,445] {dag.py:2306} INFO - Setting next_dagrun for example_dag_decorator to None
[2021-08-28 23:57:51,467] {processor.py:170} INFO - Processing /home/paolo/Documents/Github/case-study-1-october2020-data-sweepers/DataExtraction/ENV/lib/python3.8/site-packages/airflow/example_dags/example_dag_decorator.py took 0.401 seconds
[2021-08-28 23:58:30,486] {processor.py:162} INFO - Started process (PID=17500) to work on /home/paolo/Documents/Github/case-study-1-october2020-data-sweepers/DataExtraction/ENV/lib/python3.8/site-packages/airflow/example_dags/example_dag_decorator.py
[2021-08-28 23:58:30,489] {processor.py:613} INFO - Processing file /home/paolo/Documents/Github/case-study-1-october2020-data-sweepers/DataExtraction/ENV/lib/python3.8/site-packages/airflow/example_dags/example_dag_decorator.py for tasks to queue
[2021-08-28 23:58:30,491] {logging_mixin.py:109} INFO - [2021-08-28 23:58:30,491] {dagbag.py:496} INFO - Filling up the DagBag from /home/paolo/Documents/Github/case-study-1-october2020-data-sweepers/DataExtraction/ENV/lib/python3.8/site-packages/airflow/example_dags/example_dag_decorator.py
[2021-08-28 23:58:30,514] {processor.py:623} INFO - DAG(s) dict_keys(['example_dag_decorator']) retrieved from /home/paolo/Documents/Github/case-study-1-october2020-data-sweepers/DataExtraction/ENV/lib/python3.8/site-packages/airflow/example_dags/example_dag_decorator.py
[2021-08-28 23:58:30,835] {logging_mixin.py:109} INFO - [2021-08-28 23:58:30,835] {dag.py:1833} INFO - Sync 1 DAGs
[2021-08-28 23:58:30,843] {logging_mixin.py:109} INFO - [2021-08-28 23:58:30,843] {dag.py:2306} INFO - Setting next_dagrun for example_dag_decorator to None
[2021-08-28 23:58:30,867] {processor.py:170} INFO - Processing /home/paolo/Documents/Github/case-study-1-october2020-data-sweepers/DataExtraction/ENV/lib/python3.8/site-packages/airflow/example_dags/example_dag_decorator.py took 0.388 seconds
