[2021-08-28 23:37:42,812] {processor.py:162} INFO - Started process (PID=13193) to work on /home/paolo/Documents/Github/case-study-1-october2020-data-sweepers/DataExtraction/ENV/lib/python3.8/site-packages/airflow/example_dags/example_branch_day_of_week_operator.py
[2021-08-28 23:37:42,815] {processor.py:613} INFO - Processing file /home/paolo/Documents/Github/case-study-1-october2020-data-sweepers/DataExtraction/ENV/lib/python3.8/site-packages/airflow/example_dags/example_branch_day_of_week_operator.py for tasks to queue
[2021-08-28 23:37:42,818] {logging_mixin.py:109} INFO - [2021-08-28 23:37:42,817] {dagbag.py:496} INFO - Filling up the DagBag from /home/paolo/Documents/Github/case-study-1-october2020-data-sweepers/DataExtraction/ENV/lib/python3.8/site-packages/airflow/example_dags/example_branch_day_of_week_operator.py
[2021-08-28 23:37:42,842] {processor.py:623} INFO - DAG(s) dict_keys(['example_weekday_branch_operator']) retrieved from /home/paolo/Documents/Github/case-study-1-october2020-data-sweepers/DataExtraction/ENV/lib/python3.8/site-packages/airflow/example_dags/example_branch_day_of_week_operator.py
[2021-08-28 23:37:42,868] {logging_mixin.py:109} INFO - [2021-08-28 23:37:42,868] {dag.py:1833} INFO - Sync 1 DAGs
[2021-08-28 23:37:42,896] {logging_mixin.py:109} INFO - [2021-08-28 23:37:42,896] {dag.py:2306} INFO - Setting next_dagrun for example_weekday_branch_operator to 2021-08-26 00:00:00+00:00
[2021-08-28 23:37:42,927] {processor.py:170} INFO - Processing /home/paolo/Documents/Github/case-study-1-october2020-data-sweepers/DataExtraction/ENV/lib/python3.8/site-packages/airflow/example_dags/example_branch_day_of_week_operator.py took 0.119 seconds
[2021-08-28 23:38:27,969] {processor.py:162} INFO - Started process (PID=13296) to work on /home/paolo/Documents/Github/case-study-1-october2020-data-sweepers/DataExtraction/ENV/lib/python3.8/site-packages/airflow/example_dags/example_branch_day_of_week_operator.py
[2021-08-28 23:38:27,982] {processor.py:613} INFO - Processing file /home/paolo/Documents/Github/case-study-1-october2020-data-sweepers/DataExtraction/ENV/lib/python3.8/site-packages/airflow/example_dags/example_branch_day_of_week_operator.py for tasks to queue
[2021-08-28 23:38:27,983] {logging_mixin.py:109} INFO - [2021-08-28 23:38:27,983] {dagbag.py:496} INFO - Filling up the DagBag from /home/paolo/Documents/Github/case-study-1-october2020-data-sweepers/DataExtraction/ENV/lib/python3.8/site-packages/airflow/example_dags/example_branch_day_of_week_operator.py
[2021-08-28 23:38:28,014] {processor.py:623} INFO - DAG(s) dict_keys(['example_weekday_branch_operator']) retrieved from /home/paolo/Documents/Github/case-study-1-october2020-data-sweepers/DataExtraction/ENV/lib/python3.8/site-packages/airflow/example_dags/example_branch_day_of_week_operator.py
[2021-08-28 23:38:28,052] {logging_mixin.py:109} INFO - [2021-08-28 23:38:28,051] {dag.py:1833} INFO - Sync 1 DAGs
[2021-08-28 23:38:28,085] {logging_mixin.py:109} INFO - [2021-08-28 23:38:28,085] {dag.py:2306} INFO - Setting next_dagrun for example_weekday_branch_operator to 2021-08-26 00:00:00+00:00
[2021-08-28 23:38:28,119] {processor.py:170} INFO - Processing /home/paolo/Documents/Github/case-study-1-october2020-data-sweepers/DataExtraction/ENV/lib/python3.8/site-packages/airflow/example_dags/example_branch_day_of_week_operator.py took 0.154 seconds
[2021-08-28 23:39:03,280] {processor.py:162} INFO - Started process (PID=13388) to work on /home/paolo/Documents/Github/case-study-1-october2020-data-sweepers/DataExtraction/ENV/lib/python3.8/site-packages/airflow/example_dags/example_branch_day_of_week_operator.py
[2021-08-28 23:39:03,285] {processor.py:613} INFO - Processing file /home/paolo/Documents/Github/case-study-1-october2020-data-sweepers/DataExtraction/ENV/lib/python3.8/site-packages/airflow/example_dags/example_branch_day_of_week_operator.py for tasks to queue
[2021-08-28 23:39:03,293] {logging_mixin.py:109} INFO - [2021-08-28 23:39:03,293] {dagbag.py:496} INFO - Filling up the DagBag from /home/paolo/Documents/Github/case-study-1-october2020-data-sweepers/DataExtraction/ENV/lib/python3.8/site-packages/airflow/example_dags/example_branch_day_of_week_operator.py
[2021-08-28 23:39:03,319] {processor.py:623} INFO - DAG(s) dict_keys(['example_weekday_branch_operator']) retrieved from /home/paolo/Documents/Github/case-study-1-october2020-data-sweepers/DataExtraction/ENV/lib/python3.8/site-packages/airflow/example_dags/example_branch_day_of_week_operator.py
[2021-08-28 23:39:03,350] {logging_mixin.py:109} INFO - [2021-08-28 23:39:03,350] {dag.py:1833} INFO - Sync 1 DAGs
[2021-08-28 23:39:03,386] {logging_mixin.py:109} INFO - [2021-08-28 23:39:03,386] {dag.py:2306} INFO - Setting next_dagrun for example_weekday_branch_operator to 2021-08-26 00:00:00+00:00
[2021-08-28 23:39:03,422] {processor.py:170} INFO - Processing /home/paolo/Documents/Github/case-study-1-october2020-data-sweepers/DataExtraction/ENV/lib/python3.8/site-packages/airflow/example_dags/example_branch_day_of_week_operator.py took 0.146 seconds
[2021-08-28 23:39:40,121] {processor.py:162} INFO - Started process (PID=13579) to work on /home/paolo/Documents/Github/case-study-1-october2020-data-sweepers/DataExtraction/ENV/lib/python3.8/site-packages/airflow/example_dags/example_branch_day_of_week_operator.py
[2021-08-28 23:39:40,124] {processor.py:613} INFO - Processing file /home/paolo/Documents/Github/case-study-1-october2020-data-sweepers/DataExtraction/ENV/lib/python3.8/site-packages/airflow/example_dags/example_branch_day_of_week_operator.py for tasks to queue
[2021-08-28 23:39:40,129] {logging_mixin.py:109} INFO - [2021-08-28 23:39:40,127] {dagbag.py:496} INFO - Filling up the DagBag from /home/paolo/Documents/Github/case-study-1-october2020-data-sweepers/DataExtraction/ENV/lib/python3.8/site-packages/airflow/example_dags/example_branch_day_of_week_operator.py
[2021-08-28 23:39:40,152] {processor.py:623} INFO - DAG(s) dict_keys(['example_weekday_branch_operator']) retrieved from /home/paolo/Documents/Github/case-study-1-october2020-data-sweepers/DataExtraction/ENV/lib/python3.8/site-packages/airflow/example_dags/example_branch_day_of_week_operator.py
[2021-08-28 23:39:40,168] {logging_mixin.py:109} INFO - [2021-08-28 23:39:40,168] {dag.py:1833} INFO - Sync 1 DAGs
[2021-08-28 23:39:40,192] {logging_mixin.py:109} INFO - [2021-08-28 23:39:40,192] {dag.py:2306} INFO - Setting next_dagrun for example_weekday_branch_operator to 2021-08-26 00:00:00+00:00
[2021-08-28 23:39:40,213] {processor.py:170} INFO - Processing /home/paolo/Documents/Github/case-study-1-october2020-data-sweepers/DataExtraction/ENV/lib/python3.8/site-packages/airflow/example_dags/example_branch_day_of_week_operator.py took 0.097 seconds
[2021-08-28 23:40:15,150] {processor.py:162} INFO - Started process (PID=13778) to work on /home/paolo/Documents/Github/case-study-1-october2020-data-sweepers/DataExtraction/ENV/lib/python3.8/site-packages/airflow/example_dags/example_branch_day_of_week_operator.py
[2021-08-28 23:40:15,154] {processor.py:613} INFO - Processing file /home/paolo/Documents/Github/case-study-1-october2020-data-sweepers/DataExtraction/ENV/lib/python3.8/site-packages/airflow/example_dags/example_branch_day_of_week_operator.py for tasks to queue
[2021-08-28 23:40:15,158] {logging_mixin.py:109} INFO - [2021-08-28 23:40:15,157] {dagbag.py:496} INFO - Filling up the DagBag from /home/paolo/Documents/Github/case-study-1-october2020-data-sweepers/DataExtraction/ENV/lib/python3.8/site-packages/airflow/example_dags/example_branch_day_of_week_operator.py
[2021-08-28 23:40:15,185] {processor.py:623} INFO - DAG(s) dict_keys(['example_weekday_branch_operator']) retrieved from /home/paolo/Documents/Github/case-study-1-october2020-data-sweepers/DataExtraction/ENV/lib/python3.8/site-packages/airflow/example_dags/example_branch_day_of_week_operator.py
[2021-08-28 23:40:15,203] {logging_mixin.py:109} INFO - [2021-08-28 23:40:15,203] {dag.py:1833} INFO - Sync 1 DAGs
[2021-08-28 23:40:15,224] {logging_mixin.py:109} INFO - [2021-08-28 23:40:15,224] {dag.py:2306} INFO - Setting next_dagrun for example_weekday_branch_operator to 2021-08-26 00:00:00+00:00
[2021-08-28 23:40:15,251] {processor.py:170} INFO - Processing /home/paolo/Documents/Github/case-study-1-october2020-data-sweepers/DataExtraction/ENV/lib/python3.8/site-packages/airflow/example_dags/example_branch_day_of_week_operator.py took 0.110 seconds
[2021-08-28 23:41:00,805] {processor.py:162} INFO - Started process (PID=13982) to work on /home/paolo/Documents/Github/case-study-1-october2020-data-sweepers/DataExtraction/ENV/lib/python3.8/site-packages/airflow/example_dags/example_branch_day_of_week_operator.py
[2021-08-28 23:41:00,808] {processor.py:613} INFO - Processing file /home/paolo/Documents/Github/case-study-1-october2020-data-sweepers/DataExtraction/ENV/lib/python3.8/site-packages/airflow/example_dags/example_branch_day_of_week_operator.py for tasks to queue
[2021-08-28 23:41:00,820] {logging_mixin.py:109} INFO - [2021-08-28 23:41:00,820] {dagbag.py:496} INFO - Filling up the DagBag from /home/paolo/Documents/Github/case-study-1-october2020-data-sweepers/DataExtraction/ENV/lib/python3.8/site-packages/airflow/example_dags/example_branch_day_of_week_operator.py
[2021-08-28 23:41:00,857] {processor.py:623} INFO - DAG(s) dict_keys(['example_weekday_branch_operator']) retrieved from /home/paolo/Documents/Github/case-study-1-october2020-data-sweepers/DataExtraction/ENV/lib/python3.8/site-packages/airflow/example_dags/example_branch_day_of_week_operator.py
[2021-08-28 23:41:00,895] {logging_mixin.py:109} INFO - [2021-08-28 23:41:00,895] {dag.py:1833} INFO - Sync 1 DAGs
[2021-08-28 23:41:00,915] {logging_mixin.py:109} INFO - [2021-08-28 23:41:00,915] {dag.py:2306} INFO - Setting next_dagrun for example_weekday_branch_operator to 2021-08-26 00:00:00+00:00
[2021-08-28 23:41:00,943] {processor.py:170} INFO - Processing /home/paolo/Documents/Github/case-study-1-october2020-data-sweepers/DataExtraction/ENV/lib/python3.8/site-packages/airflow/example_dags/example_branch_day_of_week_operator.py took 0.144 seconds
[2021-08-28 23:41:40,029] {processor.py:162} INFO - Started process (PID=14108) to work on /home/paolo/Documents/Github/case-study-1-october2020-data-sweepers/DataExtraction/ENV/lib/python3.8/site-packages/airflow/example_dags/example_branch_day_of_week_operator.py
[2021-08-28 23:41:40,034] {processor.py:613} INFO - Processing file /home/paolo/Documents/Github/case-study-1-october2020-data-sweepers/DataExtraction/ENV/lib/python3.8/site-packages/airflow/example_dags/example_branch_day_of_week_operator.py for tasks to queue
[2021-08-28 23:41:40,036] {logging_mixin.py:109} INFO - [2021-08-28 23:41:40,035] {dagbag.py:496} INFO - Filling up the DagBag from /home/paolo/Documents/Github/case-study-1-october2020-data-sweepers/DataExtraction/ENV/lib/python3.8/site-packages/airflow/example_dags/example_branch_day_of_week_operator.py
[2021-08-28 23:41:40,051] {processor.py:623} INFO - DAG(s) dict_keys(['example_weekday_branch_operator']) retrieved from /home/paolo/Documents/Github/case-study-1-october2020-data-sweepers/DataExtraction/ENV/lib/python3.8/site-packages/airflow/example_dags/example_branch_day_of_week_operator.py
[2021-08-28 23:41:40,062] {logging_mixin.py:109} INFO - [2021-08-28 23:41:40,062] {dag.py:1833} INFO - Sync 1 DAGs
[2021-08-28 23:41:40,073] {logging_mixin.py:109} INFO - [2021-08-28 23:41:40,073] {dag.py:2306} INFO - Setting next_dagrun for example_weekday_branch_operator to 2021-08-26 00:00:00+00:00
[2021-08-28 23:41:40,087] {processor.py:170} INFO - Processing /home/paolo/Documents/Github/case-study-1-october2020-data-sweepers/DataExtraction/ENV/lib/python3.8/site-packages/airflow/example_dags/example_branch_day_of_week_operator.py took 0.067 seconds
[2021-08-28 23:42:13,309] {processor.py:162} INFO - Started process (PID=14190) to work on /home/paolo/Documents/Github/case-study-1-october2020-data-sweepers/DataExtraction/ENV/lib/python3.8/site-packages/airflow/example_dags/example_branch_day_of_week_operator.py
[2021-08-28 23:42:13,310] {processor.py:613} INFO - Processing file /home/paolo/Documents/Github/case-study-1-october2020-data-sweepers/DataExtraction/ENV/lib/python3.8/site-packages/airflow/example_dags/example_branch_day_of_week_operator.py for tasks to queue
[2021-08-28 23:42:13,311] {logging_mixin.py:109} INFO - [2021-08-28 23:42:13,311] {dagbag.py:496} INFO - Filling up the DagBag from /home/paolo/Documents/Github/case-study-1-october2020-data-sweepers/DataExtraction/ENV/lib/python3.8/site-packages/airflow/example_dags/example_branch_day_of_week_operator.py
[2021-08-28 23:42:13,328] {processor.py:623} INFO - DAG(s) dict_keys(['example_weekday_branch_operator']) retrieved from /home/paolo/Documents/Github/case-study-1-october2020-data-sweepers/DataExtraction/ENV/lib/python3.8/site-packages/airflow/example_dags/example_branch_day_of_week_operator.py
[2021-08-28 23:42:13,343] {logging_mixin.py:109} INFO - [2021-08-28 23:42:13,343] {dag.py:1833} INFO - Sync 1 DAGs
[2021-08-28 23:42:13,360] {logging_mixin.py:109} INFO - [2021-08-28 23:42:13,360] {dag.py:2306} INFO - Setting next_dagrun for example_weekday_branch_operator to 2021-08-26 00:00:00+00:00
[2021-08-28 23:42:13,376] {processor.py:170} INFO - Processing /home/paolo/Documents/Github/case-study-1-october2020-data-sweepers/DataExtraction/ENV/lib/python3.8/site-packages/airflow/example_dags/example_branch_day_of_week_operator.py took 0.070 seconds
[2021-08-28 23:42:45,550] {processor.py:162} INFO - Started process (PID=14280) to work on /home/paolo/Documents/Github/case-study-1-october2020-data-sweepers/DataExtraction/ENV/lib/python3.8/site-packages/airflow/example_dags/example_branch_day_of_week_operator.py
[2021-08-28 23:42:45,552] {processor.py:613} INFO - Processing file /home/paolo/Documents/Github/case-study-1-october2020-data-sweepers/DataExtraction/ENV/lib/python3.8/site-packages/airflow/example_dags/example_branch_day_of_week_operator.py for tasks to queue
[2021-08-28 23:42:45,552] {logging_mixin.py:109} INFO - [2021-08-28 23:42:45,552] {dagbag.py:496} INFO - Filling up the DagBag from /home/paolo/Documents/Github/case-study-1-october2020-data-sweepers/DataExtraction/ENV/lib/python3.8/site-packages/airflow/example_dags/example_branch_day_of_week_operator.py
[2021-08-28 23:42:45,568] {processor.py:623} INFO - DAG(s) dict_keys(['example_weekday_branch_operator']) retrieved from /home/paolo/Documents/Github/case-study-1-october2020-data-sweepers/DataExtraction/ENV/lib/python3.8/site-packages/airflow/example_dags/example_branch_day_of_week_operator.py
[2021-08-28 23:42:45,583] {logging_mixin.py:109} INFO - [2021-08-28 23:42:45,583] {dag.py:1833} INFO - Sync 1 DAGs
[2021-08-28 23:42:45,600] {logging_mixin.py:109} INFO - [2021-08-28 23:42:45,599] {dag.py:2306} INFO - Setting next_dagrun for example_weekday_branch_operator to 2021-08-26 00:00:00+00:00
[2021-08-28 23:42:45,620] {processor.py:170} INFO - Processing /home/paolo/Documents/Github/case-study-1-october2020-data-sweepers/DataExtraction/ENV/lib/python3.8/site-packages/airflow/example_dags/example_branch_day_of_week_operator.py took 0.073 seconds
[2021-08-28 23:43:20,097] {processor.py:162} INFO - Started process (PID=14362) to work on /home/paolo/Documents/Github/case-study-1-october2020-data-sweepers/DataExtraction/ENV/lib/python3.8/site-packages/airflow/example_dags/example_branch_day_of_week_operator.py
[2021-08-28 23:43:20,098] {processor.py:613} INFO - Processing file /home/paolo/Documents/Github/case-study-1-october2020-data-sweepers/DataExtraction/ENV/lib/python3.8/site-packages/airflow/example_dags/example_branch_day_of_week_operator.py for tasks to queue
[2021-08-28 23:43:20,099] {logging_mixin.py:109} INFO - [2021-08-28 23:43:20,098] {dagbag.py:496} INFO - Filling up the DagBag from /home/paolo/Documents/Github/case-study-1-october2020-data-sweepers/DataExtraction/ENV/lib/python3.8/site-packages/airflow/example_dags/example_branch_day_of_week_operator.py
[2021-08-28 23:43:20,110] {processor.py:623} INFO - DAG(s) dict_keys(['example_weekday_branch_operator']) retrieved from /home/paolo/Documents/Github/case-study-1-october2020-data-sweepers/DataExtraction/ENV/lib/python3.8/site-packages/airflow/example_dags/example_branch_day_of_week_operator.py
[2021-08-28 23:43:20,122] {logging_mixin.py:109} INFO - [2021-08-28 23:43:20,122] {dag.py:1833} INFO - Sync 1 DAGs
[2021-08-28 23:43:20,138] {logging_mixin.py:109} INFO - [2021-08-28 23:43:20,136] {dag.py:2306} INFO - Setting next_dagrun for example_weekday_branch_operator to 2021-08-26 00:00:00+00:00
[2021-08-28 23:43:20,155] {processor.py:170} INFO - Processing /home/paolo/Documents/Github/case-study-1-october2020-data-sweepers/DataExtraction/ENV/lib/python3.8/site-packages/airflow/example_dags/example_branch_day_of_week_operator.py took 0.061 seconds
[2021-08-28 23:43:51,826] {processor.py:162} INFO - Started process (PID=14429) to work on /home/paolo/Documents/Github/case-study-1-october2020-data-sweepers/DataExtraction/ENV/lib/python3.8/site-packages/airflow/example_dags/example_branch_day_of_week_operator.py
[2021-08-28 23:43:51,827] {processor.py:613} INFO - Processing file /home/paolo/Documents/Github/case-study-1-october2020-data-sweepers/DataExtraction/ENV/lib/python3.8/site-packages/airflow/example_dags/example_branch_day_of_week_operator.py for tasks to queue
[2021-08-28 23:43:51,828] {logging_mixin.py:109} INFO - [2021-08-28 23:43:51,828] {dagbag.py:496} INFO - Filling up the DagBag from /home/paolo/Documents/Github/case-study-1-october2020-data-sweepers/DataExtraction/ENV/lib/python3.8/site-packages/airflow/example_dags/example_branch_day_of_week_operator.py
[2021-08-28 23:43:51,838] {processor.py:623} INFO - DAG(s) dict_keys(['example_weekday_branch_operator']) retrieved from /home/paolo/Documents/Github/case-study-1-october2020-data-sweepers/DataExtraction/ENV/lib/python3.8/site-packages/airflow/example_dags/example_branch_day_of_week_operator.py
[2021-08-28 23:43:51,851] {logging_mixin.py:109} INFO - [2021-08-28 23:43:51,851] {dag.py:1833} INFO - Sync 1 DAGs
[2021-08-28 23:43:51,864] {logging_mixin.py:109} INFO - [2021-08-28 23:43:51,864] {dag.py:2306} INFO - Setting next_dagrun for example_weekday_branch_operator to 2021-08-26 00:00:00+00:00
[2021-08-28 23:43:51,883] {processor.py:170} INFO - Processing /home/paolo/Documents/Github/case-study-1-october2020-data-sweepers/DataExtraction/ENV/lib/python3.8/site-packages/airflow/example_dags/example_branch_day_of_week_operator.py took 0.060 seconds
[2021-08-28 23:44:28,220] {processor.py:162} INFO - Started process (PID=14514) to work on /home/paolo/Documents/Github/case-study-1-october2020-data-sweepers/DataExtraction/ENV/lib/python3.8/site-packages/airflow/example_dags/example_branch_day_of_week_operator.py
[2021-08-28 23:44:28,226] {processor.py:613} INFO - Processing file /home/paolo/Documents/Github/case-study-1-october2020-data-sweepers/DataExtraction/ENV/lib/python3.8/site-packages/airflow/example_dags/example_branch_day_of_week_operator.py for tasks to queue
[2021-08-28 23:44:28,239] {logging_mixin.py:109} INFO - [2021-08-28 23:44:28,239] {dagbag.py:496} INFO - Filling up the DagBag from /home/paolo/Documents/Github/case-study-1-october2020-data-sweepers/DataExtraction/ENV/lib/python3.8/site-packages/airflow/example_dags/example_branch_day_of_week_operator.py
[2021-08-28 23:44:28,272] {processor.py:623} INFO - DAG(s) dict_keys(['example_weekday_branch_operator']) retrieved from /home/paolo/Documents/Github/case-study-1-october2020-data-sweepers/DataExtraction/ENV/lib/python3.8/site-packages/airflow/example_dags/example_branch_day_of_week_operator.py
[2021-08-28 23:44:28,289] {logging_mixin.py:109} INFO - [2021-08-28 23:44:28,288] {dag.py:1833} INFO - Sync 1 DAGs
[2021-08-28 23:44:28,310] {logging_mixin.py:109} INFO - [2021-08-28 23:44:28,310] {dag.py:2306} INFO - Setting next_dagrun for example_weekday_branch_operator to 2021-08-26 00:00:00+00:00
[2021-08-28 23:44:28,330] {processor.py:170} INFO - Processing /home/paolo/Documents/Github/case-study-1-october2020-data-sweepers/DataExtraction/ENV/lib/python3.8/site-packages/airflow/example_dags/example_branch_day_of_week_operator.py took 0.115 seconds
[2021-08-28 23:45:09,702] {processor.py:162} INFO - Started process (PID=14583) to work on /home/paolo/Documents/Github/case-study-1-october2020-data-sweepers/DataExtraction/ENV/lib/python3.8/site-packages/airflow/example_dags/example_branch_day_of_week_operator.py
[2021-08-28 23:45:09,704] {processor.py:613} INFO - Processing file /home/paolo/Documents/Github/case-study-1-october2020-data-sweepers/DataExtraction/ENV/lib/python3.8/site-packages/airflow/example_dags/example_branch_day_of_week_operator.py for tasks to queue
[2021-08-28 23:45:09,705] {logging_mixin.py:109} INFO - [2021-08-28 23:45:09,704] {dagbag.py:496} INFO - Filling up the DagBag from /home/paolo/Documents/Github/case-study-1-october2020-data-sweepers/DataExtraction/ENV/lib/python3.8/site-packages/airflow/example_dags/example_branch_day_of_week_operator.py
[2021-08-28 23:45:09,729] {processor.py:623} INFO - DAG(s) dict_keys(['example_weekday_branch_operator']) retrieved from /home/paolo/Documents/Github/case-study-1-october2020-data-sweepers/DataExtraction/ENV/lib/python3.8/site-packages/airflow/example_dags/example_branch_day_of_week_operator.py
[2021-08-28 23:45:09,760] {logging_mixin.py:109} INFO - [2021-08-28 23:45:09,760] {dag.py:1833} INFO - Sync 1 DAGs
[2021-08-28 23:45:09,798] {logging_mixin.py:109} INFO - [2021-08-28 23:45:09,798] {dag.py:2306} INFO - Setting next_dagrun for example_weekday_branch_operator to 2021-08-26 00:00:00+00:00
[2021-08-28 23:45:09,826] {processor.py:170} INFO - Processing /home/paolo/Documents/Github/case-study-1-october2020-data-sweepers/DataExtraction/ENV/lib/python3.8/site-packages/airflow/example_dags/example_branch_day_of_week_operator.py took 0.129 seconds
[2021-08-28 23:45:51,319] {processor.py:162} INFO - Started process (PID=14653) to work on /home/paolo/Documents/Github/case-study-1-october2020-data-sweepers/DataExtraction/ENV/lib/python3.8/site-packages/airflow/example_dags/example_branch_day_of_week_operator.py
[2021-08-28 23:45:51,322] {processor.py:613} INFO - Processing file /home/paolo/Documents/Github/case-study-1-october2020-data-sweepers/DataExtraction/ENV/lib/python3.8/site-packages/airflow/example_dags/example_branch_day_of_week_operator.py for tasks to queue
[2021-08-28 23:45:51,325] {logging_mixin.py:109} INFO - [2021-08-28 23:45:51,325] {dagbag.py:496} INFO - Filling up the DagBag from /home/paolo/Documents/Github/case-study-1-october2020-data-sweepers/DataExtraction/ENV/lib/python3.8/site-packages/airflow/example_dags/example_branch_day_of_week_operator.py
[2021-08-28 23:45:51,355] {processor.py:623} INFO - DAG(s) dict_keys(['example_weekday_branch_operator']) retrieved from /home/paolo/Documents/Github/case-study-1-october2020-data-sweepers/DataExtraction/ENV/lib/python3.8/site-packages/airflow/example_dags/example_branch_day_of_week_operator.py
[2021-08-28 23:45:51,395] {logging_mixin.py:109} INFO - [2021-08-28 23:45:51,395] {dag.py:1833} INFO - Sync 1 DAGs
[2021-08-28 23:45:51,444] {logging_mixin.py:109} INFO - [2021-08-28 23:45:51,444] {dag.py:2306} INFO - Setting next_dagrun for example_weekday_branch_operator to 2021-08-26 00:00:00+00:00
[2021-08-28 23:45:51,502] {processor.py:170} INFO - Processing /home/paolo/Documents/Github/case-study-1-october2020-data-sweepers/DataExtraction/ENV/lib/python3.8/site-packages/airflow/example_dags/example_branch_day_of_week_operator.py took 0.188 seconds
[2021-08-28 23:46:32,496] {processor.py:162} INFO - Started process (PID=14720) to work on /home/paolo/Documents/Github/case-study-1-october2020-data-sweepers/DataExtraction/ENV/lib/python3.8/site-packages/airflow/example_dags/example_branch_day_of_week_operator.py
[2021-08-28 23:46:32,498] {processor.py:613} INFO - Processing file /home/paolo/Documents/Github/case-study-1-october2020-data-sweepers/DataExtraction/ENV/lib/python3.8/site-packages/airflow/example_dags/example_branch_day_of_week_operator.py for tasks to queue
[2021-08-28 23:46:32,499] {logging_mixin.py:109} INFO - [2021-08-28 23:46:32,499] {dagbag.py:496} INFO - Filling up the DagBag from /home/paolo/Documents/Github/case-study-1-october2020-data-sweepers/DataExtraction/ENV/lib/python3.8/site-packages/airflow/example_dags/example_branch_day_of_week_operator.py
[2021-08-28 23:46:32,527] {processor.py:623} INFO - DAG(s) dict_keys(['example_weekday_branch_operator']) retrieved from /home/paolo/Documents/Github/case-study-1-october2020-data-sweepers/DataExtraction/ENV/lib/python3.8/site-packages/airflow/example_dags/example_branch_day_of_week_operator.py
[2021-08-28 23:46:32,553] {logging_mixin.py:109} INFO - [2021-08-28 23:46:32,552] {dag.py:1833} INFO - Sync 1 DAGs
[2021-08-28 23:46:32,585] {logging_mixin.py:109} INFO - [2021-08-28 23:46:32,585] {dag.py:2306} INFO - Setting next_dagrun for example_weekday_branch_operator to 2021-08-26 00:00:00+00:00
[2021-08-28 23:46:32,645] {processor.py:170} INFO - Processing /home/paolo/Documents/Github/case-study-1-october2020-data-sweepers/DataExtraction/ENV/lib/python3.8/site-packages/airflow/example_dags/example_branch_day_of_week_operator.py took 0.158 seconds
[2021-08-28 23:47:11,494] {processor.py:162} INFO - Started process (PID=14798) to work on /home/paolo/Documents/Github/case-study-1-october2020-data-sweepers/DataExtraction/ENV/lib/python3.8/site-packages/airflow/example_dags/example_branch_day_of_week_operator.py
[2021-08-28 23:47:11,497] {processor.py:613} INFO - Processing file /home/paolo/Documents/Github/case-study-1-october2020-data-sweepers/DataExtraction/ENV/lib/python3.8/site-packages/airflow/example_dags/example_branch_day_of_week_operator.py for tasks to queue
[2021-08-28 23:47:11,502] {logging_mixin.py:109} INFO - [2021-08-28 23:47:11,501] {dagbag.py:496} INFO - Filling up the DagBag from /home/paolo/Documents/Github/case-study-1-october2020-data-sweepers/DataExtraction/ENV/lib/python3.8/site-packages/airflow/example_dags/example_branch_day_of_week_operator.py
[2021-08-28 23:47:11,529] {processor.py:623} INFO - DAG(s) dict_keys(['example_weekday_branch_operator']) retrieved from /home/paolo/Documents/Github/case-study-1-october2020-data-sweepers/DataExtraction/ENV/lib/python3.8/site-packages/airflow/example_dags/example_branch_day_of_week_operator.py
[2021-08-28 23:47:11,560] {logging_mixin.py:109} INFO - [2021-08-28 23:47:11,559] {dag.py:1833} INFO - Sync 1 DAGs
[2021-08-28 23:47:11,594] {logging_mixin.py:109} INFO - [2021-08-28 23:47:11,594] {dag.py:2306} INFO - Setting next_dagrun for example_weekday_branch_operator to 2021-08-26 00:00:00+00:00
[2021-08-28 23:47:11,632] {processor.py:170} INFO - Processing /home/paolo/Documents/Github/case-study-1-october2020-data-sweepers/DataExtraction/ENV/lib/python3.8/site-packages/airflow/example_dags/example_branch_day_of_week_operator.py took 0.142 seconds
[2021-08-28 23:47:59,545] {processor.py:162} INFO - Started process (PID=14901) to work on /home/paolo/Documents/Github/case-study-1-october2020-data-sweepers/DataExtraction/ENV/lib/python3.8/site-packages/airflow/example_dags/example_branch_day_of_week_operator.py
[2021-08-28 23:47:59,547] {processor.py:613} INFO - Processing file /home/paolo/Documents/Github/case-study-1-october2020-data-sweepers/DataExtraction/ENV/lib/python3.8/site-packages/airflow/example_dags/example_branch_day_of_week_operator.py for tasks to queue
[2021-08-28 23:47:59,548] {logging_mixin.py:109} INFO - [2021-08-28 23:47:59,547] {dagbag.py:496} INFO - Filling up the DagBag from /home/paolo/Documents/Github/case-study-1-october2020-data-sweepers/DataExtraction/ENV/lib/python3.8/site-packages/airflow/example_dags/example_branch_day_of_week_operator.py
[2021-08-28 23:47:59,575] {processor.py:623} INFO - DAG(s) dict_keys(['example_weekday_branch_operator']) retrieved from /home/paolo/Documents/Github/case-study-1-october2020-data-sweepers/DataExtraction/ENV/lib/python3.8/site-packages/airflow/example_dags/example_branch_day_of_week_operator.py
[2021-08-28 23:47:59,609] {logging_mixin.py:109} INFO - [2021-08-28 23:47:59,609] {dag.py:1833} INFO - Sync 1 DAGs
[2021-08-28 23:47:59,646] {logging_mixin.py:109} INFO - [2021-08-28 23:47:59,645] {dag.py:2306} INFO - Setting next_dagrun for example_weekday_branch_operator to 2021-08-26 00:00:00+00:00
[2021-08-28 23:47:59,680] {processor.py:170} INFO - Processing /home/paolo/Documents/Github/case-study-1-october2020-data-sweepers/DataExtraction/ENV/lib/python3.8/site-packages/airflow/example_dags/example_branch_day_of_week_operator.py took 0.139 seconds
[2021-08-28 23:48:41,571] {processor.py:162} INFO - Started process (PID=14970) to work on /home/paolo/Documents/Github/case-study-1-october2020-data-sweepers/DataExtraction/ENV/lib/python3.8/site-packages/airflow/example_dags/example_branch_day_of_week_operator.py
[2021-08-28 23:48:41,579] {processor.py:613} INFO - Processing file /home/paolo/Documents/Github/case-study-1-october2020-data-sweepers/DataExtraction/ENV/lib/python3.8/site-packages/airflow/example_dags/example_branch_day_of_week_operator.py for tasks to queue
[2021-08-28 23:48:41,581] {logging_mixin.py:109} INFO - [2021-08-28 23:48:41,580] {dagbag.py:496} INFO - Filling up the DagBag from /home/paolo/Documents/Github/case-study-1-october2020-data-sweepers/DataExtraction/ENV/lib/python3.8/site-packages/airflow/example_dags/example_branch_day_of_week_operator.py
[2021-08-28 23:48:41,613] {processor.py:623} INFO - DAG(s) dict_keys(['example_weekday_branch_operator']) retrieved from /home/paolo/Documents/Github/case-study-1-october2020-data-sweepers/DataExtraction/ENV/lib/python3.8/site-packages/airflow/example_dags/example_branch_day_of_week_operator.py
[2021-08-28 23:48:41,641] {logging_mixin.py:109} INFO - [2021-08-28 23:48:41,640] {dag.py:1833} INFO - Sync 1 DAGs
[2021-08-28 23:48:41,678] {logging_mixin.py:109} INFO - [2021-08-28 23:48:41,678] {dag.py:2306} INFO - Setting next_dagrun for example_weekday_branch_operator to 2021-08-26 00:00:00+00:00
[2021-08-28 23:48:41,709] {processor.py:170} INFO - Processing /home/paolo/Documents/Github/case-study-1-october2020-data-sweepers/DataExtraction/ENV/lib/python3.8/site-packages/airflow/example_dags/example_branch_day_of_week_operator.py took 0.143 seconds
[2021-08-28 23:49:26,356] {processor.py:162} INFO - Started process (PID=15096) to work on /home/paolo/Documents/Github/case-study-1-october2020-data-sweepers/DataExtraction/ENV/lib/python3.8/site-packages/airflow/example_dags/example_branch_day_of_week_operator.py
[2021-08-28 23:49:26,357] {processor.py:613} INFO - Processing file /home/paolo/Documents/Github/case-study-1-october2020-data-sweepers/DataExtraction/ENV/lib/python3.8/site-packages/airflow/example_dags/example_branch_day_of_week_operator.py for tasks to queue
[2021-08-28 23:49:26,357] {logging_mixin.py:109} INFO - [2021-08-28 23:49:26,357] {dagbag.py:496} INFO - Filling up the DagBag from /home/paolo/Documents/Github/case-study-1-october2020-data-sweepers/DataExtraction/ENV/lib/python3.8/site-packages/airflow/example_dags/example_branch_day_of_week_operator.py
[2021-08-28 23:49:26,374] {processor.py:623} INFO - DAG(s) dict_keys(['example_weekday_branch_operator']) retrieved from /home/paolo/Documents/Github/case-study-1-october2020-data-sweepers/DataExtraction/ENV/lib/python3.8/site-packages/airflow/example_dags/example_branch_day_of_week_operator.py
[2021-08-28 23:49:26,392] {logging_mixin.py:109} INFO - [2021-08-28 23:49:26,392] {dag.py:1833} INFO - Sync 1 DAGs
[2021-08-28 23:49:26,409] {logging_mixin.py:109} INFO - [2021-08-28 23:49:26,409] {dag.py:2306} INFO - Setting next_dagrun for example_weekday_branch_operator to 2021-08-26 00:00:00+00:00
[2021-08-28 23:49:26,431] {processor.py:170} INFO - Processing /home/paolo/Documents/Github/case-study-1-october2020-data-sweepers/DataExtraction/ENV/lib/python3.8/site-packages/airflow/example_dags/example_branch_day_of_week_operator.py took 0.082 seconds
[2021-08-28 23:50:02,693] {processor.py:162} INFO - Started process (PID=15176) to work on /home/paolo/Documents/Github/case-study-1-october2020-data-sweepers/DataExtraction/ENV/lib/python3.8/site-packages/airflow/example_dags/example_branch_day_of_week_operator.py
[2021-08-28 23:50:02,698] {processor.py:613} INFO - Processing file /home/paolo/Documents/Github/case-study-1-october2020-data-sweepers/DataExtraction/ENV/lib/python3.8/site-packages/airflow/example_dags/example_branch_day_of_week_operator.py for tasks to queue
[2021-08-28 23:50:02,702] {logging_mixin.py:109} INFO - [2021-08-28 23:50:02,702] {dagbag.py:496} INFO - Filling up the DagBag from /home/paolo/Documents/Github/case-study-1-october2020-data-sweepers/DataExtraction/ENV/lib/python3.8/site-packages/airflow/example_dags/example_branch_day_of_week_operator.py
[2021-08-28 23:50:02,738] {processor.py:623} INFO - DAG(s) dict_keys(['example_weekday_branch_operator']) retrieved from /home/paolo/Documents/Github/case-study-1-october2020-data-sweepers/DataExtraction/ENV/lib/python3.8/site-packages/airflow/example_dags/example_branch_day_of_week_operator.py
[2021-08-28 23:50:02,766] {logging_mixin.py:109} INFO - [2021-08-28 23:50:02,766] {dag.py:1833} INFO - Sync 1 DAGs
[2021-08-28 23:50:02,813] {logging_mixin.py:109} INFO - [2021-08-28 23:50:02,813] {dag.py:2306} INFO - Setting next_dagrun for example_weekday_branch_operator to 2021-08-26 00:00:00+00:00
[2021-08-28 23:50:02,942] {processor.py:170} INFO - Processing /home/paolo/Documents/Github/case-study-1-october2020-data-sweepers/DataExtraction/ENV/lib/python3.8/site-packages/airflow/example_dags/example_branch_day_of_week_operator.py took 0.252 seconds
[2021-08-28 23:50:36,490] {processor.py:162} INFO - Started process (PID=15248) to work on /home/paolo/Documents/Github/case-study-1-october2020-data-sweepers/DataExtraction/ENV/lib/python3.8/site-packages/airflow/example_dags/example_branch_day_of_week_operator.py
[2021-08-28 23:50:36,492] {processor.py:613} INFO - Processing file /home/paolo/Documents/Github/case-study-1-october2020-data-sweepers/DataExtraction/ENV/lib/python3.8/site-packages/airflow/example_dags/example_branch_day_of_week_operator.py for tasks to queue
[2021-08-28 23:50:36,492] {logging_mixin.py:109} INFO - [2021-08-28 23:50:36,492] {dagbag.py:496} INFO - Filling up the DagBag from /home/paolo/Documents/Github/case-study-1-october2020-data-sweepers/DataExtraction/ENV/lib/python3.8/site-packages/airflow/example_dags/example_branch_day_of_week_operator.py
[2021-08-28 23:50:36,517] {processor.py:623} INFO - DAG(s) dict_keys(['example_weekday_branch_operator']) retrieved from /home/paolo/Documents/Github/case-study-1-october2020-data-sweepers/DataExtraction/ENV/lib/python3.8/site-packages/airflow/example_dags/example_branch_day_of_week_operator.py
[2021-08-28 23:50:36,548] {logging_mixin.py:109} INFO - [2021-08-28 23:50:36,548] {dag.py:1833} INFO - Sync 1 DAGs
[2021-08-28 23:50:36,580] {logging_mixin.py:109} INFO - [2021-08-28 23:50:36,580] {dag.py:2306} INFO - Setting next_dagrun for example_weekday_branch_operator to 2021-08-26 00:00:00+00:00
[2021-08-28 23:50:36,618] {processor.py:170} INFO - Processing /home/paolo/Documents/Github/case-study-1-october2020-data-sweepers/DataExtraction/ENV/lib/python3.8/site-packages/airflow/example_dags/example_branch_day_of_week_operator.py took 0.132 seconds
[2021-08-28 23:51:12,153] {processor.py:162} INFO - Started process (PID=15314) to work on /home/paolo/Documents/Github/case-study-1-october2020-data-sweepers/DataExtraction/ENV/lib/python3.8/site-packages/airflow/example_dags/example_branch_day_of_week_operator.py
[2021-08-28 23:51:12,159] {processor.py:613} INFO - Processing file /home/paolo/Documents/Github/case-study-1-october2020-data-sweepers/DataExtraction/ENV/lib/python3.8/site-packages/airflow/example_dags/example_branch_day_of_week_operator.py for tasks to queue
[2021-08-28 23:51:12,160] {logging_mixin.py:109} INFO - [2021-08-28 23:51:12,160] {dagbag.py:496} INFO - Filling up the DagBag from /home/paolo/Documents/Github/case-study-1-october2020-data-sweepers/DataExtraction/ENV/lib/python3.8/site-packages/airflow/example_dags/example_branch_day_of_week_operator.py
[2021-08-28 23:51:12,178] {processor.py:623} INFO - DAG(s) dict_keys(['example_weekday_branch_operator']) retrieved from /home/paolo/Documents/Github/case-study-1-october2020-data-sweepers/DataExtraction/ENV/lib/python3.8/site-packages/airflow/example_dags/example_branch_day_of_week_operator.py
[2021-08-28 23:51:12,196] {logging_mixin.py:109} INFO - [2021-08-28 23:51:12,196] {dag.py:1833} INFO - Sync 1 DAGs
[2021-08-28 23:51:12,213] {logging_mixin.py:109} INFO - [2021-08-28 23:51:12,212] {dag.py:2306} INFO - Setting next_dagrun for example_weekday_branch_operator to 2021-08-26 00:00:00+00:00
[2021-08-28 23:51:12,233] {processor.py:170} INFO - Processing /home/paolo/Documents/Github/case-study-1-october2020-data-sweepers/DataExtraction/ENV/lib/python3.8/site-packages/airflow/example_dags/example_branch_day_of_week_operator.py took 0.083 seconds
[2021-08-28 23:51:46,252] {processor.py:162} INFO - Started process (PID=15413) to work on /home/paolo/Documents/Github/case-study-1-october2020-data-sweepers/DataExtraction/ENV/lib/python3.8/site-packages/airflow/example_dags/example_branch_day_of_week_operator.py
[2021-08-28 23:51:46,253] {processor.py:613} INFO - Processing file /home/paolo/Documents/Github/case-study-1-october2020-data-sweepers/DataExtraction/ENV/lib/python3.8/site-packages/airflow/example_dags/example_branch_day_of_week_operator.py for tasks to queue
[2021-08-28 23:51:46,253] {logging_mixin.py:109} INFO - [2021-08-28 23:51:46,253] {dagbag.py:496} INFO - Filling up the DagBag from /home/paolo/Documents/Github/case-study-1-october2020-data-sweepers/DataExtraction/ENV/lib/python3.8/site-packages/airflow/example_dags/example_branch_day_of_week_operator.py
[2021-08-28 23:51:46,265] {processor.py:623} INFO - DAG(s) dict_keys(['example_weekday_branch_operator']) retrieved from /home/paolo/Documents/Github/case-study-1-october2020-data-sweepers/DataExtraction/ENV/lib/python3.8/site-packages/airflow/example_dags/example_branch_day_of_week_operator.py
[2021-08-28 23:51:46,279] {logging_mixin.py:109} INFO - [2021-08-28 23:51:46,279] {dag.py:1833} INFO - Sync 1 DAGs
[2021-08-28 23:51:46,291] {logging_mixin.py:109} INFO - [2021-08-28 23:51:46,290] {dag.py:2306} INFO - Setting next_dagrun for example_weekday_branch_operator to 2021-08-26 00:00:00+00:00
[2021-08-28 23:51:46,309] {processor.py:170} INFO - Processing /home/paolo/Documents/Github/case-study-1-october2020-data-sweepers/DataExtraction/ENV/lib/python3.8/site-packages/airflow/example_dags/example_branch_day_of_week_operator.py took 0.060 seconds
[2021-08-28 23:52:21,012] {processor.py:162} INFO - Started process (PID=15537) to work on /home/paolo/Documents/Github/case-study-1-october2020-data-sweepers/DataExtraction/ENV/lib/python3.8/site-packages/airflow/example_dags/example_branch_day_of_week_operator.py
[2021-08-28 23:52:21,013] {processor.py:613} INFO - Processing file /home/paolo/Documents/Github/case-study-1-october2020-data-sweepers/DataExtraction/ENV/lib/python3.8/site-packages/airflow/example_dags/example_branch_day_of_week_operator.py for tasks to queue
[2021-08-28 23:52:21,014] {logging_mixin.py:109} INFO - [2021-08-28 23:52:21,014] {dagbag.py:496} INFO - Filling up the DagBag from /home/paolo/Documents/Github/case-study-1-october2020-data-sweepers/DataExtraction/ENV/lib/python3.8/site-packages/airflow/example_dags/example_branch_day_of_week_operator.py
[2021-08-28 23:52:21,028] {processor.py:623} INFO - DAG(s) dict_keys(['example_weekday_branch_operator']) retrieved from /home/paolo/Documents/Github/case-study-1-october2020-data-sweepers/DataExtraction/ENV/lib/python3.8/site-packages/airflow/example_dags/example_branch_day_of_week_operator.py
[2021-08-28 23:52:21,040] {logging_mixin.py:109} INFO - [2021-08-28 23:52:21,040] {dag.py:1833} INFO - Sync 1 DAGs
[2021-08-28 23:52:21,054] {logging_mixin.py:109} INFO - [2021-08-28 23:52:21,054] {dag.py:2306} INFO - Setting next_dagrun for example_weekday_branch_operator to 2021-08-26 00:00:00+00:00
[2021-08-28 23:52:21,078] {processor.py:170} INFO - Processing /home/paolo/Documents/Github/case-study-1-october2020-data-sweepers/DataExtraction/ENV/lib/python3.8/site-packages/airflow/example_dags/example_branch_day_of_week_operator.py took 0.068 seconds
[2021-08-28 23:52:54,519] {processor.py:162} INFO - Started process (PID=15606) to work on /home/paolo/Documents/Github/case-study-1-october2020-data-sweepers/DataExtraction/ENV/lib/python3.8/site-packages/airflow/example_dags/example_branch_day_of_week_operator.py
[2021-08-28 23:52:54,521] {processor.py:613} INFO - Processing file /home/paolo/Documents/Github/case-study-1-october2020-data-sweepers/DataExtraction/ENV/lib/python3.8/site-packages/airflow/example_dags/example_branch_day_of_week_operator.py for tasks to queue
[2021-08-28 23:52:54,521] {logging_mixin.py:109} INFO - [2021-08-28 23:52:54,521] {dagbag.py:496} INFO - Filling up the DagBag from /home/paolo/Documents/Github/case-study-1-october2020-data-sweepers/DataExtraction/ENV/lib/python3.8/site-packages/airflow/example_dags/example_branch_day_of_week_operator.py
[2021-08-28 23:52:54,534] {processor.py:623} INFO - DAG(s) dict_keys(['example_weekday_branch_operator']) retrieved from /home/paolo/Documents/Github/case-study-1-october2020-data-sweepers/DataExtraction/ENV/lib/python3.8/site-packages/airflow/example_dags/example_branch_day_of_week_operator.py
[2021-08-28 23:52:54,546] {logging_mixin.py:109} INFO - [2021-08-28 23:52:54,546] {dag.py:1833} INFO - Sync 1 DAGs
[2021-08-28 23:52:54,559] {logging_mixin.py:109} INFO - [2021-08-28 23:52:54,559] {dag.py:2306} INFO - Setting next_dagrun for example_weekday_branch_operator to 2021-08-26 00:00:00+00:00
[2021-08-28 23:52:54,577] {processor.py:170} INFO - Processing /home/paolo/Documents/Github/case-study-1-october2020-data-sweepers/DataExtraction/ENV/lib/python3.8/site-packages/airflow/example_dags/example_branch_day_of_week_operator.py took 0.060 seconds
[2021-08-28 23:53:25,758] {processor.py:162} INFO - Started process (PID=15677) to work on /home/paolo/Documents/Github/case-study-1-october2020-data-sweepers/DataExtraction/ENV/lib/python3.8/site-packages/airflow/example_dags/example_branch_day_of_week_operator.py
[2021-08-28 23:53:25,759] {processor.py:613} INFO - Processing file /home/paolo/Documents/Github/case-study-1-october2020-data-sweepers/DataExtraction/ENV/lib/python3.8/site-packages/airflow/example_dags/example_branch_day_of_week_operator.py for tasks to queue
[2021-08-28 23:53:25,760] {logging_mixin.py:109} INFO - [2021-08-28 23:53:25,759] {dagbag.py:496} INFO - Filling up the DagBag from /home/paolo/Documents/Github/case-study-1-october2020-data-sweepers/DataExtraction/ENV/lib/python3.8/site-packages/airflow/example_dags/example_branch_day_of_week_operator.py
[2021-08-28 23:53:25,771] {processor.py:623} INFO - DAG(s) dict_keys(['example_weekday_branch_operator']) retrieved from /home/paolo/Documents/Github/case-study-1-october2020-data-sweepers/DataExtraction/ENV/lib/python3.8/site-packages/airflow/example_dags/example_branch_day_of_week_operator.py
[2021-08-28 23:53:25,782] {logging_mixin.py:109} INFO - [2021-08-28 23:53:25,782] {dag.py:1833} INFO - Sync 1 DAGs
[2021-08-28 23:53:25,793] {logging_mixin.py:109} INFO - [2021-08-28 23:53:25,793] {dag.py:2306} INFO - Setting next_dagrun for example_weekday_branch_operator to 2021-08-26 00:00:00+00:00
[2021-08-28 23:53:25,808] {processor.py:170} INFO - Processing /home/paolo/Documents/Github/case-study-1-october2020-data-sweepers/DataExtraction/ENV/lib/python3.8/site-packages/airflow/example_dags/example_branch_day_of_week_operator.py took 0.052 seconds
[2021-08-28 23:56:15,219] {processor.py:162} INFO - Started process (PID=16392) to work on /home/paolo/Documents/Github/case-study-1-october2020-data-sweepers/DataExtraction/ENV/lib/python3.8/site-packages/airflow/example_dags/example_branch_day_of_week_operator.py
[2021-08-28 23:56:15,221] {processor.py:613} INFO - Processing file /home/paolo/Documents/Github/case-study-1-october2020-data-sweepers/DataExtraction/ENV/lib/python3.8/site-packages/airflow/example_dags/example_branch_day_of_week_operator.py for tasks to queue
[2021-08-28 23:56:15,222] {logging_mixin.py:109} INFO - [2021-08-28 23:56:15,222] {dagbag.py:496} INFO - Filling up the DagBag from /home/paolo/Documents/Github/case-study-1-october2020-data-sweepers/DataExtraction/ENV/lib/python3.8/site-packages/airflow/example_dags/example_branch_day_of_week_operator.py
[2021-08-28 23:56:15,247] {processor.py:623} INFO - DAG(s) dict_keys(['example_weekday_branch_operator']) retrieved from /home/paolo/Documents/Github/case-study-1-october2020-data-sweepers/DataExtraction/ENV/lib/python3.8/site-packages/airflow/example_dags/example_branch_day_of_week_operator.py
[2021-08-28 23:56:15,266] {logging_mixin.py:109} INFO - [2021-08-28 23:56:15,266] {dag.py:1833} INFO - Sync 1 DAGs
[2021-08-28 23:56:15,289] {logging_mixin.py:109} INFO - [2021-08-28 23:56:15,289] {dag.py:2306} INFO - Setting next_dagrun for example_weekday_branch_operator to 2021-08-26 00:00:00+00:00
[2021-08-28 23:56:15,309] {processor.py:170} INFO - Processing /home/paolo/Documents/Github/case-study-1-october2020-data-sweepers/DataExtraction/ENV/lib/python3.8/site-packages/airflow/example_dags/example_branch_day_of_week_operator.py took 0.097 seconds
[2021-08-28 23:56:56,675] {processor.py:162} INFO - Started process (PID=16715) to work on /home/paolo/Documents/Github/case-study-1-october2020-data-sweepers/DataExtraction/ENV/lib/python3.8/site-packages/airflow/example_dags/example_branch_day_of_week_operator.py
[2021-08-28 23:56:56,676] {processor.py:613} INFO - Processing file /home/paolo/Documents/Github/case-study-1-october2020-data-sweepers/DataExtraction/ENV/lib/python3.8/site-packages/airflow/example_dags/example_branch_day_of_week_operator.py for tasks to queue
[2021-08-28 23:56:56,677] {logging_mixin.py:109} INFO - [2021-08-28 23:56:56,676] {dagbag.py:496} INFO - Filling up the DagBag from /home/paolo/Documents/Github/case-study-1-october2020-data-sweepers/DataExtraction/ENV/lib/python3.8/site-packages/airflow/example_dags/example_branch_day_of_week_operator.py
[2021-08-28 23:56:56,687] {processor.py:623} INFO - DAG(s) dict_keys(['example_weekday_branch_operator']) retrieved from /home/paolo/Documents/Github/case-study-1-october2020-data-sweepers/DataExtraction/ENV/lib/python3.8/site-packages/airflow/example_dags/example_branch_day_of_week_operator.py
[2021-08-28 23:56:56,698] {logging_mixin.py:109} INFO - [2021-08-28 23:56:56,698] {dag.py:1833} INFO - Sync 1 DAGs
[2021-08-28 23:56:56,709] {logging_mixin.py:109} INFO - [2021-08-28 23:56:56,709] {dag.py:2306} INFO - Setting next_dagrun for example_weekday_branch_operator to 2021-08-26 00:00:00+00:00
[2021-08-28 23:56:56,723] {processor.py:170} INFO - Processing /home/paolo/Documents/Github/case-study-1-october2020-data-sweepers/DataExtraction/ENV/lib/python3.8/site-packages/airflow/example_dags/example_branch_day_of_week_operator.py took 0.051 seconds
[2021-08-28 23:57:33,265] {processor.py:162} INFO - Started process (PID=17006) to work on /home/paolo/Documents/Github/case-study-1-october2020-data-sweepers/DataExtraction/ENV/lib/python3.8/site-packages/airflow/example_dags/example_branch_day_of_week_operator.py
[2021-08-28 23:57:33,267] {processor.py:613} INFO - Processing file /home/paolo/Documents/Github/case-study-1-october2020-data-sweepers/DataExtraction/ENV/lib/python3.8/site-packages/airflow/example_dags/example_branch_day_of_week_operator.py for tasks to queue
[2021-08-28 23:57:33,268] {logging_mixin.py:109} INFO - [2021-08-28 23:57:33,268] {dagbag.py:496} INFO - Filling up the DagBag from /home/paolo/Documents/Github/case-study-1-october2020-data-sweepers/DataExtraction/ENV/lib/python3.8/site-packages/airflow/example_dags/example_branch_day_of_week_operator.py
[2021-08-28 23:57:33,281] {processor.py:623} INFO - DAG(s) dict_keys(['example_weekday_branch_operator']) retrieved from /home/paolo/Documents/Github/case-study-1-october2020-data-sweepers/DataExtraction/ENV/lib/python3.8/site-packages/airflow/example_dags/example_branch_day_of_week_operator.py
[2021-08-28 23:57:33,296] {logging_mixin.py:109} INFO - [2021-08-28 23:57:33,296] {dag.py:1833} INFO - Sync 1 DAGs
[2021-08-28 23:57:33,313] {logging_mixin.py:109} INFO - [2021-08-28 23:57:33,312] {dag.py:2306} INFO - Setting next_dagrun for example_weekday_branch_operator to 2021-08-26 00:00:00+00:00
[2021-08-28 23:57:33,331] {processor.py:170} INFO - Processing /home/paolo/Documents/Github/case-study-1-october2020-data-sweepers/DataExtraction/ENV/lib/python3.8/site-packages/airflow/example_dags/example_branch_day_of_week_operator.py took 0.069 seconds
[2021-08-28 23:58:16,585] {processor.py:162} INFO - Started process (PID=17387) to work on /home/paolo/Documents/Github/case-study-1-october2020-data-sweepers/DataExtraction/ENV/lib/python3.8/site-packages/airflow/example_dags/example_branch_day_of_week_operator.py
[2021-08-28 23:58:16,586] {processor.py:613} INFO - Processing file /home/paolo/Documents/Github/case-study-1-october2020-data-sweepers/DataExtraction/ENV/lib/python3.8/site-packages/airflow/example_dags/example_branch_day_of_week_operator.py for tasks to queue
[2021-08-28 23:58:16,587] {logging_mixin.py:109} INFO - [2021-08-28 23:58:16,587] {dagbag.py:496} INFO - Filling up the DagBag from /home/paolo/Documents/Github/case-study-1-october2020-data-sweepers/DataExtraction/ENV/lib/python3.8/site-packages/airflow/example_dags/example_branch_day_of_week_operator.py
[2021-08-28 23:58:16,603] {processor.py:623} INFO - DAG(s) dict_keys(['example_weekday_branch_operator']) retrieved from /home/paolo/Documents/Github/case-study-1-october2020-data-sweepers/DataExtraction/ENV/lib/python3.8/site-packages/airflow/example_dags/example_branch_day_of_week_operator.py
[2021-08-28 23:58:16,624] {logging_mixin.py:109} INFO - [2021-08-28 23:58:16,623] {dag.py:1833} INFO - Sync 1 DAGs
[2021-08-28 23:58:16,643] {logging_mixin.py:109} INFO - [2021-08-28 23:58:16,643] {dag.py:2306} INFO - Setting next_dagrun for example_weekday_branch_operator to 2021-08-26 00:00:00+00:00
[2021-08-28 23:58:16,660] {processor.py:170} INFO - Processing /home/paolo/Documents/Github/case-study-1-october2020-data-sweepers/DataExtraction/ENV/lib/python3.8/site-packages/airflow/example_dags/example_branch_day_of_week_operator.py took 0.078 seconds
