[2021-08-28 23:37:33,684] {processor.py:162} INFO - Started process (PID=13117) to work on /home/paolo/Documents/Github/case-study-1-october2020-data-sweepers/DataExtraction/ENV/lib/python3.8/site-packages/airflow/example_dags/example_xcom.py
[2021-08-28 23:37:33,694] {processor.py:613} INFO - Processing file /home/paolo/Documents/Github/case-study-1-october2020-data-sweepers/DataExtraction/ENV/lib/python3.8/site-packages/airflow/example_dags/example_xcom.py for tasks to queue
[2021-08-28 23:37:33,696] {logging_mixin.py:109} INFO - [2021-08-28 23:37:33,696] {dagbag.py:496} INFO - Filling up the DagBag from /home/paolo/Documents/Github/case-study-1-october2020-data-sweepers/DataExtraction/ENV/lib/python3.8/site-packages/airflow/example_dags/example_xcom.py
[2021-08-28 23:37:33,804] {processor.py:623} INFO - DAG(s) dict_keys(['example_xcom']) retrieved from /home/paolo/Documents/Github/case-study-1-october2020-data-sweepers/DataExtraction/ENV/lib/python3.8/site-packages/airflow/example_dags/example_xcom.py
[2021-08-28 23:37:33,912] {logging_mixin.py:109} INFO - [2021-08-28 23:37:33,912] {dag.py:1833} INFO - Sync 1 DAGs
[2021-08-28 23:37:33,972] {logging_mixin.py:109} INFO - [2021-08-28 23:37:33,972] {dag.py:2306} INFO - Setting next_dagrun for example_xcom to 2021-08-26 00:00:00+00:00
[2021-08-28 23:37:34,026] {processor.py:170} INFO - Processing /home/paolo/Documents/Github/case-study-1-october2020-data-sweepers/DataExtraction/ENV/lib/python3.8/site-packages/airflow/example_dags/example_xcom.py took 0.368 seconds
[2021-08-28 23:38:13,313] {processor.py:162} INFO - Started process (PID=13271) to work on /home/paolo/Documents/Github/case-study-1-october2020-data-sweepers/DataExtraction/ENV/lib/python3.8/site-packages/airflow/example_dags/example_xcom.py
[2021-08-28 23:38:13,315] {processor.py:613} INFO - Processing file /home/paolo/Documents/Github/case-study-1-october2020-data-sweepers/DataExtraction/ENV/lib/python3.8/site-packages/airflow/example_dags/example_xcom.py for tasks to queue
[2021-08-28 23:38:13,316] {logging_mixin.py:109} INFO - [2021-08-28 23:38:13,316] {dagbag.py:496} INFO - Filling up the DagBag from /home/paolo/Documents/Github/case-study-1-october2020-data-sweepers/DataExtraction/ENV/lib/python3.8/site-packages/airflow/example_dags/example_xcom.py
[2021-08-28 23:38:13,345] {processor.py:623} INFO - DAG(s) dict_keys(['example_xcom']) retrieved from /home/paolo/Documents/Github/case-study-1-october2020-data-sweepers/DataExtraction/ENV/lib/python3.8/site-packages/airflow/example_dags/example_xcom.py
[2021-08-28 23:38:13,380] {logging_mixin.py:109} INFO - [2021-08-28 23:38:13,380] {dag.py:1833} INFO - Sync 1 DAGs
[2021-08-28 23:38:13,418] {logging_mixin.py:109} INFO - [2021-08-28 23:38:13,417] {dag.py:2306} INFO - Setting next_dagrun for example_xcom to 2021-08-26 00:00:00+00:00
[2021-08-28 23:38:13,467] {processor.py:170} INFO - Processing /home/paolo/Documents/Github/case-study-1-october2020-data-sweepers/DataExtraction/ENV/lib/python3.8/site-packages/airflow/example_dags/example_xcom.py took 0.158 seconds
[2021-08-28 23:38:52,843] {processor.py:162} INFO - Started process (PID=13353) to work on /home/paolo/Documents/Github/case-study-1-october2020-data-sweepers/DataExtraction/ENV/lib/python3.8/site-packages/airflow/example_dags/example_xcom.py
[2021-08-28 23:38:52,845] {processor.py:613} INFO - Processing file /home/paolo/Documents/Github/case-study-1-october2020-data-sweepers/DataExtraction/ENV/lib/python3.8/site-packages/airflow/example_dags/example_xcom.py for tasks to queue
[2021-08-28 23:38:52,848] {logging_mixin.py:109} INFO - [2021-08-28 23:38:52,845] {dagbag.py:496} INFO - Filling up the DagBag from /home/paolo/Documents/Github/case-study-1-october2020-data-sweepers/DataExtraction/ENV/lib/python3.8/site-packages/airflow/example_dags/example_xcom.py
[2021-08-28 23:38:52,866] {processor.py:623} INFO - DAG(s) dict_keys(['example_xcom']) retrieved from /home/paolo/Documents/Github/case-study-1-october2020-data-sweepers/DataExtraction/ENV/lib/python3.8/site-packages/airflow/example_dags/example_xcom.py
[2021-08-28 23:38:52,881] {logging_mixin.py:109} INFO - [2021-08-28 23:38:52,881] {dag.py:1833} INFO - Sync 1 DAGs
[2021-08-28 23:38:52,894] {logging_mixin.py:109} INFO - [2021-08-28 23:38:52,894] {dag.py:2306} INFO - Setting next_dagrun for example_xcom to 2021-08-26 00:00:00+00:00
[2021-08-28 23:38:52,915] {processor.py:170} INFO - Processing /home/paolo/Documents/Github/case-study-1-october2020-data-sweepers/DataExtraction/ENV/lib/python3.8/site-packages/airflow/example_dags/example_xcom.py took 0.077 seconds
[2021-08-28 23:39:28,304] {processor.py:162} INFO - Started process (PID=13500) to work on /home/paolo/Documents/Github/case-study-1-october2020-data-sweepers/DataExtraction/ENV/lib/python3.8/site-packages/airflow/example_dags/example_xcom.py
[2021-08-28 23:39:28,305] {processor.py:613} INFO - Processing file /home/paolo/Documents/Github/case-study-1-october2020-data-sweepers/DataExtraction/ENV/lib/python3.8/site-packages/airflow/example_dags/example_xcom.py for tasks to queue
[2021-08-28 23:39:28,306] {logging_mixin.py:109} INFO - [2021-08-28 23:39:28,306] {dagbag.py:496} INFO - Filling up the DagBag from /home/paolo/Documents/Github/case-study-1-october2020-data-sweepers/DataExtraction/ENV/lib/python3.8/site-packages/airflow/example_dags/example_xcom.py
[2021-08-28 23:39:28,317] {processor.py:623} INFO - DAG(s) dict_keys(['example_xcom']) retrieved from /home/paolo/Documents/Github/case-study-1-october2020-data-sweepers/DataExtraction/ENV/lib/python3.8/site-packages/airflow/example_dags/example_xcom.py
[2021-08-28 23:39:28,328] {logging_mixin.py:109} INFO - [2021-08-28 23:39:28,328] {dag.py:1833} INFO - Sync 1 DAGs
[2021-08-28 23:39:28,338] {logging_mixin.py:109} INFO - [2021-08-28 23:39:28,337] {dag.py:2306} INFO - Setting next_dagrun for example_xcom to 2021-08-26 00:00:00+00:00
[2021-08-28 23:39:28,356] {processor.py:170} INFO - Processing /home/paolo/Documents/Github/case-study-1-october2020-data-sweepers/DataExtraction/ENV/lib/python3.8/site-packages/airflow/example_dags/example_xcom.py took 0.054 seconds
[2021-08-28 23:40:03,395] {processor.py:162} INFO - Started process (PID=13705) to work on /home/paolo/Documents/Github/case-study-1-october2020-data-sweepers/DataExtraction/ENV/lib/python3.8/site-packages/airflow/example_dags/example_xcom.py
[2021-08-28 23:40:03,398] {processor.py:613} INFO - Processing file /home/paolo/Documents/Github/case-study-1-october2020-data-sweepers/DataExtraction/ENV/lib/python3.8/site-packages/airflow/example_dags/example_xcom.py for tasks to queue
[2021-08-28 23:40:03,404] {logging_mixin.py:109} INFO - [2021-08-28 23:40:03,404] {dagbag.py:496} INFO - Filling up the DagBag from /home/paolo/Documents/Github/case-study-1-october2020-data-sweepers/DataExtraction/ENV/lib/python3.8/site-packages/airflow/example_dags/example_xcom.py
[2021-08-28 23:40:03,425] {processor.py:623} INFO - DAG(s) dict_keys(['example_xcom']) retrieved from /home/paolo/Documents/Github/case-study-1-october2020-data-sweepers/DataExtraction/ENV/lib/python3.8/site-packages/airflow/example_dags/example_xcom.py
[2021-08-28 23:40:03,444] {logging_mixin.py:109} INFO - [2021-08-28 23:40:03,444] {dag.py:1833} INFO - Sync 1 DAGs
[2021-08-28 23:40:03,463] {logging_mixin.py:109} INFO - [2021-08-28 23:40:03,463] {dag.py:2306} INFO - Setting next_dagrun for example_xcom to 2021-08-26 00:00:00+00:00
[2021-08-28 23:40:03,494] {processor.py:170} INFO - Processing /home/paolo/Documents/Github/case-study-1-october2020-data-sweepers/DataExtraction/ENV/lib/python3.8/site-packages/airflow/example_dags/example_xcom.py took 0.109 seconds
[2021-08-28 23:40:42,248] {processor.py:162} INFO - Started process (PID=13923) to work on /home/paolo/Documents/Github/case-study-1-october2020-data-sweepers/DataExtraction/ENV/lib/python3.8/site-packages/airflow/example_dags/example_xcom.py
[2021-08-28 23:40:42,250] {processor.py:613} INFO - Processing file /home/paolo/Documents/Github/case-study-1-october2020-data-sweepers/DataExtraction/ENV/lib/python3.8/site-packages/airflow/example_dags/example_xcom.py for tasks to queue
[2021-08-28 23:40:42,251] {logging_mixin.py:109} INFO - [2021-08-28 23:40:42,251] {dagbag.py:496} INFO - Filling up the DagBag from /home/paolo/Documents/Github/case-study-1-october2020-data-sweepers/DataExtraction/ENV/lib/python3.8/site-packages/airflow/example_dags/example_xcom.py
[2021-08-28 23:40:42,296] {processor.py:623} INFO - DAG(s) dict_keys(['example_xcom']) retrieved from /home/paolo/Documents/Github/case-study-1-october2020-data-sweepers/DataExtraction/ENV/lib/python3.8/site-packages/airflow/example_dags/example_xcom.py
[2021-08-28 23:40:42,319] {logging_mixin.py:109} INFO - [2021-08-28 23:40:42,319] {dag.py:1833} INFO - Sync 1 DAGs
[2021-08-28 23:40:42,334] {logging_mixin.py:109} INFO - [2021-08-28 23:40:42,334] {dag.py:2306} INFO - Setting next_dagrun for example_xcom to 2021-08-26 00:00:00+00:00
[2021-08-28 23:40:42,351] {processor.py:170} INFO - Processing /home/paolo/Documents/Github/case-study-1-october2020-data-sweepers/DataExtraction/ENV/lib/python3.8/site-packages/airflow/example_dags/example_xcom.py took 0.107 seconds
[2021-08-28 23:41:21,783] {processor.py:162} INFO - Started process (PID=14061) to work on /home/paolo/Documents/Github/case-study-1-october2020-data-sweepers/DataExtraction/ENV/lib/python3.8/site-packages/airflow/example_dags/example_xcom.py
[2021-08-28 23:41:21,784] {processor.py:613} INFO - Processing file /home/paolo/Documents/Github/case-study-1-october2020-data-sweepers/DataExtraction/ENV/lib/python3.8/site-packages/airflow/example_dags/example_xcom.py for tasks to queue
[2021-08-28 23:41:21,785] {logging_mixin.py:109} INFO - [2021-08-28 23:41:21,785] {dagbag.py:496} INFO - Filling up the DagBag from /home/paolo/Documents/Github/case-study-1-october2020-data-sweepers/DataExtraction/ENV/lib/python3.8/site-packages/airflow/example_dags/example_xcom.py
[2021-08-28 23:41:21,803] {processor.py:623} INFO - DAG(s) dict_keys(['example_xcom']) retrieved from /home/paolo/Documents/Github/case-study-1-october2020-data-sweepers/DataExtraction/ENV/lib/python3.8/site-packages/airflow/example_dags/example_xcom.py
[2021-08-28 23:41:21,843] {logging_mixin.py:109} INFO - [2021-08-28 23:41:21,843] {dag.py:1833} INFO - Sync 1 DAGs
[2021-08-28 23:41:21,862] {logging_mixin.py:109} INFO - [2021-08-28 23:41:21,861] {dag.py:2306} INFO - Setting next_dagrun for example_xcom to 2021-08-26 00:00:00+00:00
[2021-08-28 23:41:21,901] {processor.py:170} INFO - Processing /home/paolo/Documents/Github/case-study-1-october2020-data-sweepers/DataExtraction/ENV/lib/python3.8/site-packages/airflow/example_dags/example_xcom.py took 0.121 seconds
[2021-08-28 23:42:01,153] {processor.py:162} INFO - Started process (PID=14152) to work on /home/paolo/Documents/Github/case-study-1-october2020-data-sweepers/DataExtraction/ENV/lib/python3.8/site-packages/airflow/example_dags/example_xcom.py
[2021-08-28 23:42:01,163] {processor.py:613} INFO - Processing file /home/paolo/Documents/Github/case-study-1-october2020-data-sweepers/DataExtraction/ENV/lib/python3.8/site-packages/airflow/example_dags/example_xcom.py for tasks to queue
[2021-08-28 23:42:01,164] {logging_mixin.py:109} INFO - [2021-08-28 23:42:01,164] {dagbag.py:496} INFO - Filling up the DagBag from /home/paolo/Documents/Github/case-study-1-october2020-data-sweepers/DataExtraction/ENV/lib/python3.8/site-packages/airflow/example_dags/example_xcom.py
[2021-08-28 23:42:01,176] {processor.py:623} INFO - DAG(s) dict_keys(['example_xcom']) retrieved from /home/paolo/Documents/Github/case-study-1-october2020-data-sweepers/DataExtraction/ENV/lib/python3.8/site-packages/airflow/example_dags/example_xcom.py
[2021-08-28 23:42:01,187] {logging_mixin.py:109} INFO - [2021-08-28 23:42:01,187] {dag.py:1833} INFO - Sync 1 DAGs
[2021-08-28 23:42:01,196] {logging_mixin.py:109} INFO - [2021-08-28 23:42:01,196] {dag.py:2306} INFO - Setting next_dagrun for example_xcom to 2021-08-26 00:00:00+00:00
[2021-08-28 23:42:01,212] {processor.py:170} INFO - Processing /home/paolo/Documents/Github/case-study-1-october2020-data-sweepers/DataExtraction/ENV/lib/python3.8/site-packages/airflow/example_dags/example_xcom.py took 0.066 seconds
[2021-08-28 23:42:33,705] {processor.py:162} INFO - Started process (PID=14254) to work on /home/paolo/Documents/Github/case-study-1-october2020-data-sweepers/DataExtraction/ENV/lib/python3.8/site-packages/airflow/example_dags/example_xcom.py
[2021-08-28 23:42:33,706] {processor.py:613} INFO - Processing file /home/paolo/Documents/Github/case-study-1-october2020-data-sweepers/DataExtraction/ENV/lib/python3.8/site-packages/airflow/example_dags/example_xcom.py for tasks to queue
[2021-08-28 23:42:33,707] {logging_mixin.py:109} INFO - [2021-08-28 23:42:33,706] {dagbag.py:496} INFO - Filling up the DagBag from /home/paolo/Documents/Github/case-study-1-october2020-data-sweepers/DataExtraction/ENV/lib/python3.8/site-packages/airflow/example_dags/example_xcom.py
[2021-08-28 23:42:33,716] {processor.py:623} INFO - DAG(s) dict_keys(['example_xcom']) retrieved from /home/paolo/Documents/Github/case-study-1-october2020-data-sweepers/DataExtraction/ENV/lib/python3.8/site-packages/airflow/example_dags/example_xcom.py
[2021-08-28 23:42:33,729] {logging_mixin.py:109} INFO - [2021-08-28 23:42:33,729] {dag.py:1833} INFO - Sync 1 DAGs
[2021-08-28 23:42:33,738] {logging_mixin.py:109} INFO - [2021-08-28 23:42:33,738] {dag.py:2306} INFO - Setting next_dagrun for example_xcom to 2021-08-26 00:00:00+00:00
[2021-08-28 23:42:33,754] {processor.py:170} INFO - Processing /home/paolo/Documents/Github/case-study-1-october2020-data-sweepers/DataExtraction/ENV/lib/python3.8/site-packages/airflow/example_dags/example_xcom.py took 0.051 seconds
[2021-08-28 23:43:05,332] {processor.py:162} INFO - Started process (PID=14317) to work on /home/paolo/Documents/Github/case-study-1-october2020-data-sweepers/DataExtraction/ENV/lib/python3.8/site-packages/airflow/example_dags/example_xcom.py
[2021-08-28 23:43:05,334] {processor.py:613} INFO - Processing file /home/paolo/Documents/Github/case-study-1-october2020-data-sweepers/DataExtraction/ENV/lib/python3.8/site-packages/airflow/example_dags/example_xcom.py for tasks to queue
[2021-08-28 23:43:05,335] {logging_mixin.py:109} INFO - [2021-08-28 23:43:05,335] {dagbag.py:496} INFO - Filling up the DagBag from /home/paolo/Documents/Github/case-study-1-october2020-data-sweepers/DataExtraction/ENV/lib/python3.8/site-packages/airflow/example_dags/example_xcom.py
[2021-08-28 23:43:05,349] {processor.py:623} INFO - DAG(s) dict_keys(['example_xcom']) retrieved from /home/paolo/Documents/Github/case-study-1-october2020-data-sweepers/DataExtraction/ENV/lib/python3.8/site-packages/airflow/example_dags/example_xcom.py
[2021-08-28 23:43:05,360] {logging_mixin.py:109} INFO - [2021-08-28 23:43:05,359] {dag.py:1833} INFO - Sync 1 DAGs
[2021-08-28 23:43:05,369] {logging_mixin.py:109} INFO - [2021-08-28 23:43:05,369] {dag.py:2306} INFO - Setting next_dagrun for example_xcom to 2021-08-26 00:00:00+00:00
[2021-08-28 23:43:05,385] {processor.py:170} INFO - Processing /home/paolo/Documents/Github/case-study-1-october2020-data-sweepers/DataExtraction/ENV/lib/python3.8/site-packages/airflow/example_dags/example_xcom.py took 0.059 seconds
[2021-08-28 23:43:38,535] {processor.py:162} INFO - Started process (PID=14401) to work on /home/paolo/Documents/Github/case-study-1-october2020-data-sweepers/DataExtraction/ENV/lib/python3.8/site-packages/airflow/example_dags/example_xcom.py
[2021-08-28 23:43:38,536] {processor.py:613} INFO - Processing file /home/paolo/Documents/Github/case-study-1-october2020-data-sweepers/DataExtraction/ENV/lib/python3.8/site-packages/airflow/example_dags/example_xcom.py for tasks to queue
[2021-08-28 23:43:38,537] {logging_mixin.py:109} INFO - [2021-08-28 23:43:38,537] {dagbag.py:496} INFO - Filling up the DagBag from /home/paolo/Documents/Github/case-study-1-october2020-data-sweepers/DataExtraction/ENV/lib/python3.8/site-packages/airflow/example_dags/example_xcom.py
[2021-08-28 23:43:38,551] {processor.py:623} INFO - DAG(s) dict_keys(['example_xcom']) retrieved from /home/paolo/Documents/Github/case-study-1-october2020-data-sweepers/DataExtraction/ENV/lib/python3.8/site-packages/airflow/example_dags/example_xcom.py
[2021-08-28 23:43:38,563] {logging_mixin.py:109} INFO - [2021-08-28 23:43:38,563] {dag.py:1833} INFO - Sync 1 DAGs
[2021-08-28 23:43:38,572] {logging_mixin.py:109} INFO - [2021-08-28 23:43:38,572] {dag.py:2306} INFO - Setting next_dagrun for example_xcom to 2021-08-26 00:00:00+00:00
[2021-08-28 23:43:38,588] {processor.py:170} INFO - Processing /home/paolo/Documents/Github/case-study-1-october2020-data-sweepers/DataExtraction/ENV/lib/python3.8/site-packages/airflow/example_dags/example_xcom.py took 0.057 seconds
[2021-08-28 23:44:08,956] {processor.py:162} INFO - Started process (PID=14462) to work on /home/paolo/Documents/Github/case-study-1-october2020-data-sweepers/DataExtraction/ENV/lib/python3.8/site-packages/airflow/example_dags/example_xcom.py
[2021-08-28 23:44:08,957] {processor.py:613} INFO - Processing file /home/paolo/Documents/Github/case-study-1-october2020-data-sweepers/DataExtraction/ENV/lib/python3.8/site-packages/airflow/example_dags/example_xcom.py for tasks to queue
[2021-08-28 23:44:08,958] {logging_mixin.py:109} INFO - [2021-08-28 23:44:08,957] {dagbag.py:496} INFO - Filling up the DagBag from /home/paolo/Documents/Github/case-study-1-october2020-data-sweepers/DataExtraction/ENV/lib/python3.8/site-packages/airflow/example_dags/example_xcom.py
[2021-08-28 23:44:08,975] {processor.py:623} INFO - DAG(s) dict_keys(['example_xcom']) retrieved from /home/paolo/Documents/Github/case-study-1-october2020-data-sweepers/DataExtraction/ENV/lib/python3.8/site-packages/airflow/example_dags/example_xcom.py
[2021-08-28 23:44:08,993] {logging_mixin.py:109} INFO - [2021-08-28 23:44:08,993] {dag.py:1833} INFO - Sync 1 DAGs
[2021-08-28 23:44:09,007] {logging_mixin.py:109} INFO - [2021-08-28 23:44:09,007] {dag.py:2306} INFO - Setting next_dagrun for example_xcom to 2021-08-26 00:00:00+00:00
[2021-08-28 23:44:09,030] {processor.py:170} INFO - Processing /home/paolo/Documents/Github/case-study-1-october2020-data-sweepers/DataExtraction/ENV/lib/python3.8/site-packages/airflow/example_dags/example_xcom.py took 0.077 seconds
[2021-08-28 23:44:48,320] {processor.py:162} INFO - Started process (PID=14552) to work on /home/paolo/Documents/Github/case-study-1-october2020-data-sweepers/DataExtraction/ENV/lib/python3.8/site-packages/airflow/example_dags/example_xcom.py
[2021-08-28 23:44:48,324] {processor.py:613} INFO - Processing file /home/paolo/Documents/Github/case-study-1-october2020-data-sweepers/DataExtraction/ENV/lib/python3.8/site-packages/airflow/example_dags/example_xcom.py for tasks to queue
[2021-08-28 23:44:48,325] {logging_mixin.py:109} INFO - [2021-08-28 23:44:48,325] {dagbag.py:496} INFO - Filling up the DagBag from /home/paolo/Documents/Github/case-study-1-october2020-data-sweepers/DataExtraction/ENV/lib/python3.8/site-packages/airflow/example_dags/example_xcom.py
[2021-08-28 23:44:48,362] {processor.py:623} INFO - DAG(s) dict_keys(['example_xcom']) retrieved from /home/paolo/Documents/Github/case-study-1-october2020-data-sweepers/DataExtraction/ENV/lib/python3.8/site-packages/airflow/example_dags/example_xcom.py
[2021-08-28 23:44:48,385] {logging_mixin.py:109} INFO - [2021-08-28 23:44:48,384] {dag.py:1833} INFO - Sync 1 DAGs
[2021-08-28 23:44:48,406] {logging_mixin.py:109} INFO - [2021-08-28 23:44:48,404] {dag.py:2306} INFO - Setting next_dagrun for example_xcom to 2021-08-26 00:00:00+00:00
[2021-08-28 23:44:48,442] {processor.py:170} INFO - Processing /home/paolo/Documents/Github/case-study-1-october2020-data-sweepers/DataExtraction/ENV/lib/python3.8/site-packages/airflow/example_dags/example_xcom.py took 0.125 seconds
[2021-08-28 23:45:27,578] {processor.py:162} INFO - Started process (PID=14616) to work on /home/paolo/Documents/Github/case-study-1-october2020-data-sweepers/DataExtraction/ENV/lib/python3.8/site-packages/airflow/example_dags/example_xcom.py
[2021-08-28 23:45:27,579] {processor.py:613} INFO - Processing file /home/paolo/Documents/Github/case-study-1-october2020-data-sweepers/DataExtraction/ENV/lib/python3.8/site-packages/airflow/example_dags/example_xcom.py for tasks to queue
[2021-08-28 23:45:27,580] {logging_mixin.py:109} INFO - [2021-08-28 23:45:27,580] {dagbag.py:496} INFO - Filling up the DagBag from /home/paolo/Documents/Github/case-study-1-october2020-data-sweepers/DataExtraction/ENV/lib/python3.8/site-packages/airflow/example_dags/example_xcom.py
[2021-08-28 23:45:27,604] {processor.py:623} INFO - DAG(s) dict_keys(['example_xcom']) retrieved from /home/paolo/Documents/Github/case-study-1-october2020-data-sweepers/DataExtraction/ENV/lib/python3.8/site-packages/airflow/example_dags/example_xcom.py
[2021-08-28 23:45:27,631] {logging_mixin.py:109} INFO - [2021-08-28 23:45:27,631] {dag.py:1833} INFO - Sync 1 DAGs
[2021-08-28 23:45:27,663] {logging_mixin.py:109} INFO - [2021-08-28 23:45:27,663] {dag.py:2306} INFO - Setting next_dagrun for example_xcom to 2021-08-26 00:00:00+00:00
[2021-08-28 23:45:27,701] {processor.py:170} INFO - Processing /home/paolo/Documents/Github/case-study-1-october2020-data-sweepers/DataExtraction/ENV/lib/python3.8/site-packages/airflow/example_dags/example_xcom.py took 0.128 seconds
[2021-08-28 23:46:08,785] {processor.py:162} INFO - Started process (PID=14679) to work on /home/paolo/Documents/Github/case-study-1-october2020-data-sweepers/DataExtraction/ENV/lib/python3.8/site-packages/airflow/example_dags/example_xcom.py
[2021-08-28 23:46:08,788] {processor.py:613} INFO - Processing file /home/paolo/Documents/Github/case-study-1-october2020-data-sweepers/DataExtraction/ENV/lib/python3.8/site-packages/airflow/example_dags/example_xcom.py for tasks to queue
[2021-08-28 23:46:08,791] {logging_mixin.py:109} INFO - [2021-08-28 23:46:08,791] {dagbag.py:496} INFO - Filling up the DagBag from /home/paolo/Documents/Github/case-study-1-october2020-data-sweepers/DataExtraction/ENV/lib/python3.8/site-packages/airflow/example_dags/example_xcom.py
[2021-08-28 23:46:08,811] {processor.py:623} INFO - DAG(s) dict_keys(['example_xcom']) retrieved from /home/paolo/Documents/Github/case-study-1-october2020-data-sweepers/DataExtraction/ENV/lib/python3.8/site-packages/airflow/example_dags/example_xcom.py
[2021-08-28 23:46:08,837] {logging_mixin.py:109} INFO - [2021-08-28 23:46:08,837] {dag.py:1833} INFO - Sync 1 DAGs
[2021-08-28 23:46:08,862] {logging_mixin.py:109} INFO - [2021-08-28 23:46:08,862] {dag.py:2306} INFO - Setting next_dagrun for example_xcom to 2021-08-26 00:00:00+00:00
[2021-08-28 23:46:08,891] {processor.py:170} INFO - Processing /home/paolo/Documents/Github/case-study-1-october2020-data-sweepers/DataExtraction/ENV/lib/python3.8/site-packages/airflow/example_dags/example_xcom.py took 0.111 seconds
[2021-08-28 23:46:47,459] {processor.py:162} INFO - Started process (PID=14758) to work on /home/paolo/Documents/Github/case-study-1-october2020-data-sweepers/DataExtraction/ENV/lib/python3.8/site-packages/airflow/example_dags/example_xcom.py
[2021-08-28 23:46:47,465] {processor.py:613} INFO - Processing file /home/paolo/Documents/Github/case-study-1-october2020-data-sweepers/DataExtraction/ENV/lib/python3.8/site-packages/airflow/example_dags/example_xcom.py for tasks to queue
[2021-08-28 23:46:47,467] {logging_mixin.py:109} INFO - [2021-08-28 23:46:47,466] {dagbag.py:496} INFO - Filling up the DagBag from /home/paolo/Documents/Github/case-study-1-october2020-data-sweepers/DataExtraction/ENV/lib/python3.8/site-packages/airflow/example_dags/example_xcom.py
[2021-08-28 23:46:47,501] {processor.py:623} INFO - DAG(s) dict_keys(['example_xcom']) retrieved from /home/paolo/Documents/Github/case-study-1-october2020-data-sweepers/DataExtraction/ENV/lib/python3.8/site-packages/airflow/example_dags/example_xcom.py
[2021-08-28 23:46:47,531] {logging_mixin.py:109} INFO - [2021-08-28 23:46:47,531] {dag.py:1833} INFO - Sync 1 DAGs
[2021-08-28 23:46:47,561] {logging_mixin.py:109} INFO - [2021-08-28 23:46:47,560] {dag.py:2306} INFO - Setting next_dagrun for example_xcom to 2021-08-26 00:00:00+00:00
[2021-08-28 23:46:47,597] {processor.py:170} INFO - Processing /home/paolo/Documents/Github/case-study-1-october2020-data-sweepers/DataExtraction/ENV/lib/python3.8/site-packages/airflow/example_dags/example_xcom.py took 0.146 seconds
[2021-08-28 23:47:25,398] {processor.py:162} INFO - Started process (PID=14845) to work on /home/paolo/Documents/Github/case-study-1-october2020-data-sweepers/DataExtraction/ENV/lib/python3.8/site-packages/airflow/example_dags/example_xcom.py
[2021-08-28 23:47:25,400] {processor.py:613} INFO - Processing file /home/paolo/Documents/Github/case-study-1-october2020-data-sweepers/DataExtraction/ENV/lib/python3.8/site-packages/airflow/example_dags/example_xcom.py for tasks to queue
[2021-08-28 23:47:25,401] {logging_mixin.py:109} INFO - [2021-08-28 23:47:25,400] {dagbag.py:496} INFO - Filling up the DagBag from /home/paolo/Documents/Github/case-study-1-october2020-data-sweepers/DataExtraction/ENV/lib/python3.8/site-packages/airflow/example_dags/example_xcom.py
[2021-08-28 23:47:25,418] {processor.py:623} INFO - DAG(s) dict_keys(['example_xcom']) retrieved from /home/paolo/Documents/Github/case-study-1-october2020-data-sweepers/DataExtraction/ENV/lib/python3.8/site-packages/airflow/example_dags/example_xcom.py
[2021-08-28 23:47:25,456] {logging_mixin.py:109} INFO - [2021-08-28 23:47:25,455] {dag.py:1833} INFO - Sync 1 DAGs
[2021-08-28 23:47:25,490] {logging_mixin.py:109} INFO - [2021-08-28 23:47:25,490] {dag.py:2306} INFO - Setting next_dagrun for example_xcom to 2021-08-26 00:00:00+00:00
[2021-08-28 23:47:25,538] {processor.py:170} INFO - Processing /home/paolo/Documents/Github/case-study-1-october2020-data-sweepers/DataExtraction/ENV/lib/python3.8/site-packages/airflow/example_dags/example_xcom.py took 0.150 seconds
[2021-08-28 23:48:03,546] {processor.py:162} INFO - Started process (PID=14907) to work on /home/paolo/Documents/Github/case-study-1-october2020-data-sweepers/DataExtraction/ENV/lib/python3.8/site-packages/airflow/example_dags/example_xcom.py
[2021-08-28 23:48:03,549] {processor.py:613} INFO - Processing file /home/paolo/Documents/Github/case-study-1-october2020-data-sweepers/DataExtraction/ENV/lib/python3.8/site-packages/airflow/example_dags/example_xcom.py for tasks to queue
[2021-08-28 23:48:03,550] {logging_mixin.py:109} INFO - [2021-08-28 23:48:03,550] {dagbag.py:496} INFO - Filling up the DagBag from /home/paolo/Documents/Github/case-study-1-october2020-data-sweepers/DataExtraction/ENV/lib/python3.8/site-packages/airflow/example_dags/example_xcom.py
[2021-08-28 23:48:03,577] {processor.py:623} INFO - DAG(s) dict_keys(['example_xcom']) retrieved from /home/paolo/Documents/Github/case-study-1-october2020-data-sweepers/DataExtraction/ENV/lib/python3.8/site-packages/airflow/example_dags/example_xcom.py
[2021-08-28 23:48:03,608] {logging_mixin.py:109} INFO - [2021-08-28 23:48:03,607] {dag.py:1833} INFO - Sync 1 DAGs
[2021-08-28 23:48:03,641] {logging_mixin.py:109} INFO - [2021-08-28 23:48:03,641] {dag.py:2306} INFO - Setting next_dagrun for example_xcom to 2021-08-26 00:00:00+00:00
[2021-08-28 23:48:03,692] {processor.py:170} INFO - Processing /home/paolo/Documents/Github/case-study-1-october2020-data-sweepers/DataExtraction/ENV/lib/python3.8/site-packages/airflow/example_dags/example_xcom.py took 0.150 seconds
[2021-08-28 23:48:45,109] {processor.py:162} INFO - Started process (PID=14975) to work on /home/paolo/Documents/Github/case-study-1-october2020-data-sweepers/DataExtraction/ENV/lib/python3.8/site-packages/airflow/example_dags/example_xcom.py
[2021-08-28 23:48:45,111] {processor.py:613} INFO - Processing file /home/paolo/Documents/Github/case-study-1-october2020-data-sweepers/DataExtraction/ENV/lib/python3.8/site-packages/airflow/example_dags/example_xcom.py for tasks to queue
[2021-08-28 23:48:45,111] {logging_mixin.py:109} INFO - [2021-08-28 23:48:45,111] {dagbag.py:496} INFO - Filling up the DagBag from /home/paolo/Documents/Github/case-study-1-october2020-data-sweepers/DataExtraction/ENV/lib/python3.8/site-packages/airflow/example_dags/example_xcom.py
[2021-08-28 23:48:45,136] {processor.py:623} INFO - DAG(s) dict_keys(['example_xcom']) retrieved from /home/paolo/Documents/Github/case-study-1-october2020-data-sweepers/DataExtraction/ENV/lib/python3.8/site-packages/airflow/example_dags/example_xcom.py
[2021-08-28 23:48:45,162] {logging_mixin.py:109} INFO - [2021-08-28 23:48:45,162] {dag.py:1833} INFO - Sync 1 DAGs
[2021-08-28 23:48:45,186] {logging_mixin.py:109} INFO - [2021-08-28 23:48:45,186] {dag.py:2306} INFO - Setting next_dagrun for example_xcom to 2021-08-26 00:00:00+00:00
[2021-08-28 23:48:45,217] {processor.py:170} INFO - Processing /home/paolo/Documents/Github/case-study-1-october2020-data-sweepers/DataExtraction/ENV/lib/python3.8/site-packages/airflow/example_dags/example_xcom.py took 0.113 seconds
[2021-08-28 23:49:22,542] {processor.py:162} INFO - Started process (PID=15089) to work on /home/paolo/Documents/Github/case-study-1-october2020-data-sweepers/DataExtraction/ENV/lib/python3.8/site-packages/airflow/example_dags/example_xcom.py
[2021-08-28 23:49:22,543] {processor.py:613} INFO - Processing file /home/paolo/Documents/Github/case-study-1-october2020-data-sweepers/DataExtraction/ENV/lib/python3.8/site-packages/airflow/example_dags/example_xcom.py for tasks to queue
[2021-08-28 23:49:22,552] {logging_mixin.py:109} INFO - [2021-08-28 23:49:22,552] {dagbag.py:496} INFO - Filling up the DagBag from /home/paolo/Documents/Github/case-study-1-october2020-data-sweepers/DataExtraction/ENV/lib/python3.8/site-packages/airflow/example_dags/example_xcom.py
[2021-08-28 23:49:22,571] {processor.py:623} INFO - DAG(s) dict_keys(['example_xcom']) retrieved from /home/paolo/Documents/Github/case-study-1-october2020-data-sweepers/DataExtraction/ENV/lib/python3.8/site-packages/airflow/example_dags/example_xcom.py
[2021-08-28 23:49:22,596] {logging_mixin.py:109} INFO - [2021-08-28 23:49:22,596] {dag.py:1833} INFO - Sync 1 DAGs
[2021-08-28 23:49:22,609] {logging_mixin.py:109} INFO - [2021-08-28 23:49:22,609] {dag.py:2306} INFO - Setting next_dagrun for example_xcom to 2021-08-26 00:00:00+00:00
[2021-08-28 23:49:22,632] {processor.py:170} INFO - Processing /home/paolo/Documents/Github/case-study-1-october2020-data-sweepers/DataExtraction/ENV/lib/python3.8/site-packages/airflow/example_dags/example_xcom.py took 0.093 seconds
[2021-08-28 23:49:59,259] {processor.py:162} INFO - Started process (PID=15164) to work on /home/paolo/Documents/Github/case-study-1-october2020-data-sweepers/DataExtraction/ENV/lib/python3.8/site-packages/airflow/example_dags/example_xcom.py
[2021-08-28 23:49:59,260] {processor.py:613} INFO - Processing file /home/paolo/Documents/Github/case-study-1-october2020-data-sweepers/DataExtraction/ENV/lib/python3.8/site-packages/airflow/example_dags/example_xcom.py for tasks to queue
[2021-08-28 23:49:59,262] {logging_mixin.py:109} INFO - [2021-08-28 23:49:59,262] {dagbag.py:496} INFO - Filling up the DagBag from /home/paolo/Documents/Github/case-study-1-october2020-data-sweepers/DataExtraction/ENV/lib/python3.8/site-packages/airflow/example_dags/example_xcom.py
[2021-08-28 23:49:59,277] {processor.py:623} INFO - DAG(s) dict_keys(['example_xcom']) retrieved from /home/paolo/Documents/Github/case-study-1-october2020-data-sweepers/DataExtraction/ENV/lib/python3.8/site-packages/airflow/example_dags/example_xcom.py
[2021-08-28 23:49:59,294] {logging_mixin.py:109} INFO - [2021-08-28 23:49:59,294] {dag.py:1833} INFO - Sync 1 DAGs
[2021-08-28 23:49:59,308] {logging_mixin.py:109} INFO - [2021-08-28 23:49:59,308] {dag.py:2306} INFO - Setting next_dagrun for example_xcom to 2021-08-26 00:00:00+00:00
[2021-08-28 23:49:59,335] {processor.py:170} INFO - Processing /home/paolo/Documents/Github/case-study-1-october2020-data-sweepers/DataExtraction/ENV/lib/python3.8/site-packages/airflow/example_dags/example_xcom.py took 0.079 seconds
[2021-08-28 23:50:32,479] {processor.py:162} INFO - Started process (PID=15242) to work on /home/paolo/Documents/Github/case-study-1-october2020-data-sweepers/DataExtraction/ENV/lib/python3.8/site-packages/airflow/example_dags/example_xcom.py
[2021-08-28 23:50:32,481] {processor.py:613} INFO - Processing file /home/paolo/Documents/Github/case-study-1-october2020-data-sweepers/DataExtraction/ENV/lib/python3.8/site-packages/airflow/example_dags/example_xcom.py for tasks to queue
[2021-08-28 23:50:32,482] {logging_mixin.py:109} INFO - [2021-08-28 23:50:32,482] {dagbag.py:496} INFO - Filling up the DagBag from /home/paolo/Documents/Github/case-study-1-october2020-data-sweepers/DataExtraction/ENV/lib/python3.8/site-packages/airflow/example_dags/example_xcom.py
[2021-08-28 23:50:32,501] {processor.py:623} INFO - DAG(s) dict_keys(['example_xcom']) retrieved from /home/paolo/Documents/Github/case-study-1-october2020-data-sweepers/DataExtraction/ENV/lib/python3.8/site-packages/airflow/example_dags/example_xcom.py
[2021-08-28 23:50:32,517] {logging_mixin.py:109} INFO - [2021-08-28 23:50:32,517] {dag.py:1833} INFO - Sync 1 DAGs
[2021-08-28 23:50:32,536] {logging_mixin.py:109} INFO - [2021-08-28 23:50:32,536] {dag.py:2306} INFO - Setting next_dagrun for example_xcom to 2021-08-26 00:00:00+00:00
[2021-08-28 23:50:32,560] {processor.py:170} INFO - Processing /home/paolo/Documents/Github/case-study-1-october2020-data-sweepers/DataExtraction/ENV/lib/python3.8/site-packages/airflow/example_dags/example_xcom.py took 0.083 seconds
[2021-08-28 23:51:07,609] {processor.py:162} INFO - Started process (PID=15306) to work on /home/paolo/Documents/Github/case-study-1-october2020-data-sweepers/DataExtraction/ENV/lib/python3.8/site-packages/airflow/example_dags/example_xcom.py
[2021-08-28 23:51:07,610] {processor.py:613} INFO - Processing file /home/paolo/Documents/Github/case-study-1-october2020-data-sweepers/DataExtraction/ENV/lib/python3.8/site-packages/airflow/example_dags/example_xcom.py for tasks to queue
[2021-08-28 23:51:07,611] {logging_mixin.py:109} INFO - [2021-08-28 23:51:07,610] {dagbag.py:496} INFO - Filling up the DagBag from /home/paolo/Documents/Github/case-study-1-october2020-data-sweepers/DataExtraction/ENV/lib/python3.8/site-packages/airflow/example_dags/example_xcom.py
[2021-08-28 23:51:07,627] {processor.py:623} INFO - DAG(s) dict_keys(['example_xcom']) retrieved from /home/paolo/Documents/Github/case-study-1-october2020-data-sweepers/DataExtraction/ENV/lib/python3.8/site-packages/airflow/example_dags/example_xcom.py
[2021-08-28 23:51:07,647] {logging_mixin.py:109} INFO - [2021-08-28 23:51:07,647] {dag.py:1833} INFO - Sync 1 DAGs
[2021-08-28 23:51:07,662] {logging_mixin.py:109} INFO - [2021-08-28 23:51:07,662] {dag.py:2306} INFO - Setting next_dagrun for example_xcom to 2021-08-26 00:00:00+00:00
[2021-08-28 23:51:07,687] {processor.py:170} INFO - Processing /home/paolo/Documents/Github/case-study-1-october2020-data-sweepers/DataExtraction/ENV/lib/python3.8/site-packages/airflow/example_dags/example_xcom.py took 0.082 seconds
[2021-08-28 23:51:43,118] {processor.py:162} INFO - Started process (PID=15407) to work on /home/paolo/Documents/Github/case-study-1-october2020-data-sweepers/DataExtraction/ENV/lib/python3.8/site-packages/airflow/example_dags/example_xcom.py
[2021-08-28 23:51:43,119] {processor.py:613} INFO - Processing file /home/paolo/Documents/Github/case-study-1-october2020-data-sweepers/DataExtraction/ENV/lib/python3.8/site-packages/airflow/example_dags/example_xcom.py for tasks to queue
[2021-08-28 23:51:43,120] {logging_mixin.py:109} INFO - [2021-08-28 23:51:43,120] {dagbag.py:496} INFO - Filling up the DagBag from /home/paolo/Documents/Github/case-study-1-october2020-data-sweepers/DataExtraction/ENV/lib/python3.8/site-packages/airflow/example_dags/example_xcom.py
[2021-08-28 23:51:43,134] {processor.py:623} INFO - DAG(s) dict_keys(['example_xcom']) retrieved from /home/paolo/Documents/Github/case-study-1-october2020-data-sweepers/DataExtraction/ENV/lib/python3.8/site-packages/airflow/example_dags/example_xcom.py
[2021-08-28 23:51:43,148] {logging_mixin.py:109} INFO - [2021-08-28 23:51:43,148] {dag.py:1833} INFO - Sync 1 DAGs
[2021-08-28 23:51:43,157] {logging_mixin.py:109} INFO - [2021-08-28 23:51:43,157] {dag.py:2306} INFO - Setting next_dagrun for example_xcom to 2021-08-26 00:00:00+00:00
[2021-08-28 23:51:43,172] {processor.py:170} INFO - Processing /home/paolo/Documents/Github/case-study-1-october2020-data-sweepers/DataExtraction/ENV/lib/python3.8/site-packages/airflow/example_dags/example_xcom.py took 0.058 seconds
[2021-08-28 23:52:16,514] {processor.py:162} INFO - Started process (PID=15507) to work on /home/paolo/Documents/Github/case-study-1-october2020-data-sweepers/DataExtraction/ENV/lib/python3.8/site-packages/airflow/example_dags/example_xcom.py
[2021-08-28 23:52:16,515] {processor.py:613} INFO - Processing file /home/paolo/Documents/Github/case-study-1-october2020-data-sweepers/DataExtraction/ENV/lib/python3.8/site-packages/airflow/example_dags/example_xcom.py for tasks to queue
[2021-08-28 23:52:16,516] {logging_mixin.py:109} INFO - [2021-08-28 23:52:16,516] {dagbag.py:496} INFO - Filling up the DagBag from /home/paolo/Documents/Github/case-study-1-october2020-data-sweepers/DataExtraction/ENV/lib/python3.8/site-packages/airflow/example_dags/example_xcom.py
[2021-08-28 23:52:16,533] {processor.py:623} INFO - DAG(s) dict_keys(['example_xcom']) retrieved from /home/paolo/Documents/Github/case-study-1-october2020-data-sweepers/DataExtraction/ENV/lib/python3.8/site-packages/airflow/example_dags/example_xcom.py
[2021-08-28 23:52:16,544] {logging_mixin.py:109} INFO - [2021-08-28 23:52:16,544] {dag.py:1833} INFO - Sync 1 DAGs
[2021-08-28 23:52:16,553] {logging_mixin.py:109} INFO - [2021-08-28 23:52:16,553] {dag.py:2306} INFO - Setting next_dagrun for example_xcom to 2021-08-26 00:00:00+00:00
[2021-08-28 23:52:16,568] {processor.py:170} INFO - Processing /home/paolo/Documents/Github/case-study-1-october2020-data-sweepers/DataExtraction/ENV/lib/python3.8/site-packages/airflow/example_dags/example_xcom.py took 0.059 seconds
[2021-08-28 23:52:49,439] {processor.py:162} INFO - Started process (PID=15597) to work on /home/paolo/Documents/Github/case-study-1-october2020-data-sweepers/DataExtraction/ENV/lib/python3.8/site-packages/airflow/example_dags/example_xcom.py
[2021-08-28 23:52:49,440] {processor.py:613} INFO - Processing file /home/paolo/Documents/Github/case-study-1-october2020-data-sweepers/DataExtraction/ENV/lib/python3.8/site-packages/airflow/example_dags/example_xcom.py for tasks to queue
[2021-08-28 23:52:49,440] {logging_mixin.py:109} INFO - [2021-08-28 23:52:49,440] {dagbag.py:496} INFO - Filling up the DagBag from /home/paolo/Documents/Github/case-study-1-october2020-data-sweepers/DataExtraction/ENV/lib/python3.8/site-packages/airflow/example_dags/example_xcom.py
[2021-08-28 23:52:49,450] {processor.py:623} INFO - DAG(s) dict_keys(['example_xcom']) retrieved from /home/paolo/Documents/Github/case-study-1-october2020-data-sweepers/DataExtraction/ENV/lib/python3.8/site-packages/airflow/example_dags/example_xcom.py
[2021-08-28 23:52:49,462] {logging_mixin.py:109} INFO - [2021-08-28 23:52:49,462] {dag.py:1833} INFO - Sync 1 DAGs
[2021-08-28 23:52:49,474] {logging_mixin.py:109} INFO - [2021-08-28 23:52:49,474] {dag.py:2306} INFO - Setting next_dagrun for example_xcom to 2021-08-26 00:00:00+00:00
[2021-08-28 23:52:49,493] {processor.py:170} INFO - Processing /home/paolo/Documents/Github/case-study-1-october2020-data-sweepers/DataExtraction/ENV/lib/python3.8/site-packages/airflow/example_dags/example_xcom.py took 0.057 seconds
[2021-08-28 23:53:21,423] {processor.py:162} INFO - Started process (PID=15666) to work on /home/paolo/Documents/Github/case-study-1-october2020-data-sweepers/DataExtraction/ENV/lib/python3.8/site-packages/airflow/example_dags/example_xcom.py
[2021-08-28 23:53:21,424] {processor.py:613} INFO - Processing file /home/paolo/Documents/Github/case-study-1-october2020-data-sweepers/DataExtraction/ENV/lib/python3.8/site-packages/airflow/example_dags/example_xcom.py for tasks to queue
[2021-08-28 23:53:21,424] {logging_mixin.py:109} INFO - [2021-08-28 23:53:21,424] {dagbag.py:496} INFO - Filling up the DagBag from /home/paolo/Documents/Github/case-study-1-october2020-data-sweepers/DataExtraction/ENV/lib/python3.8/site-packages/airflow/example_dags/example_xcom.py
[2021-08-28 23:53:21,433] {processor.py:623} INFO - DAG(s) dict_keys(['example_xcom']) retrieved from /home/paolo/Documents/Github/case-study-1-october2020-data-sweepers/DataExtraction/ENV/lib/python3.8/site-packages/airflow/example_dags/example_xcom.py
[2021-08-28 23:53:21,444] {logging_mixin.py:109} INFO - [2021-08-28 23:53:21,444] {dag.py:1833} INFO - Sync 1 DAGs
[2021-08-28 23:53:21,452] {logging_mixin.py:109} INFO - [2021-08-28 23:53:21,452] {dag.py:2306} INFO - Setting next_dagrun for example_xcom to 2021-08-26 00:00:00+00:00
[2021-08-28 23:53:21,468] {processor.py:170} INFO - Processing /home/paolo/Documents/Github/case-study-1-october2020-data-sweepers/DataExtraction/ENV/lib/python3.8/site-packages/airflow/example_dags/example_xcom.py took 0.048 seconds
[2021-08-28 23:53:53,952] {processor.py:162} INFO - Started process (PID=15868) to work on /home/paolo/Documents/Github/case-study-1-october2020-data-sweepers/DataExtraction/ENV/lib/python3.8/site-packages/airflow/example_dags/example_xcom.py
[2021-08-28 23:53:53,953] {processor.py:613} INFO - Processing file /home/paolo/Documents/Github/case-study-1-october2020-data-sweepers/DataExtraction/ENV/lib/python3.8/site-packages/airflow/example_dags/example_xcom.py for tasks to queue
[2021-08-28 23:53:53,954] {logging_mixin.py:109} INFO - [2021-08-28 23:53:53,954] {dagbag.py:496} INFO - Filling up the DagBag from /home/paolo/Documents/Github/case-study-1-october2020-data-sweepers/DataExtraction/ENV/lib/python3.8/site-packages/airflow/example_dags/example_xcom.py
[2021-08-28 23:53:53,966] {processor.py:623} INFO - DAG(s) dict_keys(['example_xcom']) retrieved from /home/paolo/Documents/Github/case-study-1-october2020-data-sweepers/DataExtraction/ENV/lib/python3.8/site-packages/airflow/example_dags/example_xcom.py
[2021-08-28 23:53:53,979] {logging_mixin.py:109} INFO - [2021-08-28 23:53:53,979] {dag.py:1833} INFO - Sync 1 DAGs
[2021-08-28 23:53:53,990] {logging_mixin.py:109} INFO - [2021-08-28 23:53:53,990] {dag.py:2306} INFO - Setting next_dagrun for example_xcom to 2021-08-26 00:00:00+00:00
[2021-08-28 23:53:54,007] {processor.py:170} INFO - Processing /home/paolo/Documents/Github/case-study-1-october2020-data-sweepers/DataExtraction/ENV/lib/python3.8/site-packages/airflow/example_dags/example_xcom.py took 0.058 seconds
[2021-08-28 23:56:06,091] {processor.py:162} INFO - Started process (PID=16312) to work on /home/paolo/Documents/Github/case-study-1-october2020-data-sweepers/DataExtraction/ENV/lib/python3.8/site-packages/airflow/example_dags/example_xcom.py
[2021-08-28 23:56:06,094] {processor.py:613} INFO - Processing file /home/paolo/Documents/Github/case-study-1-october2020-data-sweepers/DataExtraction/ENV/lib/python3.8/site-packages/airflow/example_dags/example_xcom.py for tasks to queue
[2021-08-28 23:56:06,095] {logging_mixin.py:109} INFO - [2021-08-28 23:56:06,095] {dagbag.py:496} INFO - Filling up the DagBag from /home/paolo/Documents/Github/case-study-1-october2020-data-sweepers/DataExtraction/ENV/lib/python3.8/site-packages/airflow/example_dags/example_xcom.py
[2021-08-28 23:56:06,119] {processor.py:623} INFO - DAG(s) dict_keys(['example_xcom']) retrieved from /home/paolo/Documents/Github/case-study-1-october2020-data-sweepers/DataExtraction/ENV/lib/python3.8/site-packages/airflow/example_dags/example_xcom.py
[2021-08-28 23:56:06,139] {logging_mixin.py:109} INFO - [2021-08-28 23:56:06,139] {dag.py:1833} INFO - Sync 1 DAGs
[2021-08-28 23:56:06,162] {logging_mixin.py:109} INFO - [2021-08-28 23:56:06,162] {dag.py:2306} INFO - Setting next_dagrun for example_xcom to 2021-08-26 00:00:00+00:00
[2021-08-28 23:56:06,187] {processor.py:170} INFO - Processing /home/paolo/Documents/Github/case-study-1-october2020-data-sweepers/DataExtraction/ENV/lib/python3.8/site-packages/airflow/example_dags/example_xcom.py took 0.100 seconds
[2021-08-28 23:56:46,283] {processor.py:162} INFO - Started process (PID=16618) to work on /home/paolo/Documents/Github/case-study-1-october2020-data-sweepers/DataExtraction/ENV/lib/python3.8/site-packages/airflow/example_dags/example_xcom.py
[2021-08-28 23:56:46,285] {processor.py:613} INFO - Processing file /home/paolo/Documents/Github/case-study-1-october2020-data-sweepers/DataExtraction/ENV/lib/python3.8/site-packages/airflow/example_dags/example_xcom.py for tasks to queue
[2021-08-28 23:56:46,287] {logging_mixin.py:109} INFO - [2021-08-28 23:56:46,287] {dagbag.py:496} INFO - Filling up the DagBag from /home/paolo/Documents/Github/case-study-1-october2020-data-sweepers/DataExtraction/ENV/lib/python3.8/site-packages/airflow/example_dags/example_xcom.py
[2021-08-28 23:56:46,306] {processor.py:623} INFO - DAG(s) dict_keys(['example_xcom']) retrieved from /home/paolo/Documents/Github/case-study-1-october2020-data-sweepers/DataExtraction/ENV/lib/python3.8/site-packages/airflow/example_dags/example_xcom.py
[2021-08-28 23:56:46,328] {logging_mixin.py:109} INFO - [2021-08-28 23:56:46,328] {dag.py:1833} INFO - Sync 1 DAGs
[2021-08-28 23:56:46,348] {logging_mixin.py:109} INFO - [2021-08-28 23:56:46,348] {dag.py:2306} INFO - Setting next_dagrun for example_xcom to 2021-08-26 00:00:00+00:00
[2021-08-28 23:56:46,377] {processor.py:170} INFO - Processing /home/paolo/Documents/Github/case-study-1-october2020-data-sweepers/DataExtraction/ENV/lib/python3.8/site-packages/airflow/example_dags/example_xcom.py took 0.100 seconds
[2021-08-28 23:57:25,331] {processor.py:162} INFO - Started process (PID=16930) to work on /home/paolo/Documents/Github/case-study-1-october2020-data-sweepers/DataExtraction/ENV/lib/python3.8/site-packages/airflow/example_dags/example_xcom.py
[2021-08-28 23:57:25,337] {processor.py:613} INFO - Processing file /home/paolo/Documents/Github/case-study-1-october2020-data-sweepers/DataExtraction/ENV/lib/python3.8/site-packages/airflow/example_dags/example_xcom.py for tasks to queue
[2021-08-28 23:57:25,338] {logging_mixin.py:109} INFO - [2021-08-28 23:57:25,338] {dagbag.py:496} INFO - Filling up the DagBag from /home/paolo/Documents/Github/case-study-1-october2020-data-sweepers/DataExtraction/ENV/lib/python3.8/site-packages/airflow/example_dags/example_xcom.py
[2021-08-28 23:57:25,356] {processor.py:623} INFO - DAG(s) dict_keys(['example_xcom']) retrieved from /home/paolo/Documents/Github/case-study-1-october2020-data-sweepers/DataExtraction/ENV/lib/python3.8/site-packages/airflow/example_dags/example_xcom.py
[2021-08-28 23:57:25,381] {logging_mixin.py:109} INFO - [2021-08-28 23:57:25,381] {dag.py:1833} INFO - Sync 1 DAGs
[2021-08-28 23:57:25,405] {logging_mixin.py:109} INFO - [2021-08-28 23:57:25,405] {dag.py:2306} INFO - Setting next_dagrun for example_xcom to 2021-08-26 00:00:00+00:00
[2021-08-28 23:57:25,429] {processor.py:170} INFO - Processing /home/paolo/Documents/Github/case-study-1-october2020-data-sweepers/DataExtraction/ENV/lib/python3.8/site-packages/airflow/example_dags/example_xcom.py took 0.100 seconds
[2021-08-28 23:58:04,473] {processor.py:162} INFO - Started process (PID=17268) to work on /home/paolo/Documents/Github/case-study-1-october2020-data-sweepers/DataExtraction/ENV/lib/python3.8/site-packages/airflow/example_dags/example_xcom.py
[2021-08-28 23:58:04,475] {processor.py:613} INFO - Processing file /home/paolo/Documents/Github/case-study-1-october2020-data-sweepers/DataExtraction/ENV/lib/python3.8/site-packages/airflow/example_dags/example_xcom.py for tasks to queue
[2021-08-28 23:58:04,475] {logging_mixin.py:109} INFO - [2021-08-28 23:58:04,475] {dagbag.py:496} INFO - Filling up the DagBag from /home/paolo/Documents/Github/case-study-1-october2020-data-sweepers/DataExtraction/ENV/lib/python3.8/site-packages/airflow/example_dags/example_xcom.py
[2021-08-28 23:58:04,487] {processor.py:623} INFO - DAG(s) dict_keys(['example_xcom']) retrieved from /home/paolo/Documents/Github/case-study-1-october2020-data-sweepers/DataExtraction/ENV/lib/python3.8/site-packages/airflow/example_dags/example_xcom.py
[2021-08-28 23:58:04,499] {logging_mixin.py:109} INFO - [2021-08-28 23:58:04,499] {dag.py:1833} INFO - Sync 1 DAGs
[2021-08-28 23:58:04,508] {logging_mixin.py:109} INFO - [2021-08-28 23:58:04,508] {dag.py:2306} INFO - Setting next_dagrun for example_xcom to 2021-08-26 00:00:00+00:00
[2021-08-28 23:58:04,525] {processor.py:170} INFO - Processing /home/paolo/Documents/Github/case-study-1-october2020-data-sweepers/DataExtraction/ENV/lib/python3.8/site-packages/airflow/example_dags/example_xcom.py took 0.053 seconds
[2021-08-28 23:58:42,041] {processor.py:162} INFO - Started process (PID=17547) to work on /home/paolo/Documents/Github/case-study-1-october2020-data-sweepers/DataExtraction/ENV/lib/python3.8/site-packages/airflow/example_dags/example_xcom.py
[2021-08-28 23:58:42,042] {processor.py:613} INFO - Processing file /home/paolo/Documents/Github/case-study-1-october2020-data-sweepers/DataExtraction/ENV/lib/python3.8/site-packages/airflow/example_dags/example_xcom.py for tasks to queue
[2021-08-28 23:58:42,043] {logging_mixin.py:109} INFO - [2021-08-28 23:58:42,043] {dagbag.py:496} INFO - Filling up the DagBag from /home/paolo/Documents/Github/case-study-1-october2020-data-sweepers/DataExtraction/ENV/lib/python3.8/site-packages/airflow/example_dags/example_xcom.py
[2021-08-28 23:58:42,053] {processor.py:623} INFO - DAG(s) dict_keys(['example_xcom']) retrieved from /home/paolo/Documents/Github/case-study-1-october2020-data-sweepers/DataExtraction/ENV/lib/python3.8/site-packages/airflow/example_dags/example_xcom.py
[2021-08-28 23:58:42,066] {logging_mixin.py:109} INFO - [2021-08-28 23:58:42,066] {dag.py:1833} INFO - Sync 1 DAGs
[2021-08-28 23:58:42,077] {logging_mixin.py:109} INFO - [2021-08-28 23:58:42,077] {dag.py:2306} INFO - Setting next_dagrun for example_xcom to 2021-08-26 00:00:00+00:00
[2021-08-28 23:58:42,096] {processor.py:170} INFO - Processing /home/paolo/Documents/Github/case-study-1-october2020-data-sweepers/DataExtraction/ENV/lib/python3.8/site-packages/airflow/example_dags/example_xcom.py took 0.058 seconds
