[2021-08-28 23:37:28,336] {processor.py:162} INFO - Started process (PID=13078) to work on /home/paolo/Documents/Github/case-study-1-october2020-data-sweepers/DataExtraction/ENV/lib/python3.8/site-packages/airflow/example_dags/example_external_task_marker_dag.py
[2021-08-28 23:37:28,338] {processor.py:613} INFO - Processing file /home/paolo/Documents/Github/case-study-1-october2020-data-sweepers/DataExtraction/ENV/lib/python3.8/site-packages/airflow/example_dags/example_external_task_marker_dag.py for tasks to queue
[2021-08-28 23:37:28,339] {logging_mixin.py:109} INFO - [2021-08-28 23:37:28,339] {dagbag.py:496} INFO - Filling up the DagBag from /home/paolo/Documents/Github/case-study-1-october2020-data-sweepers/DataExtraction/ENV/lib/python3.8/site-packages/airflow/example_dags/example_external_task_marker_dag.py
[2021-08-28 23:37:28,374] {processor.py:623} INFO - DAG(s) dict_keys(['example_external_task_marker_parent', 'example_external_task_marker_child']) retrieved from /home/paolo/Documents/Github/case-study-1-october2020-data-sweepers/DataExtraction/ENV/lib/python3.8/site-packages/airflow/example_dags/example_external_task_marker_dag.py
[2021-08-28 23:37:28,403] {logging_mixin.py:109} INFO - [2021-08-28 23:37:28,403] {dag.py:1833} INFO - Sync 2 DAGs
[2021-08-28 23:37:28,430] {logging_mixin.py:109} INFO - [2021-08-28 23:37:28,429] {dag.py:2306} INFO - Setting next_dagrun for example_external_task_marker_child to None
[2021-08-28 23:37:28,431] {logging_mixin.py:109} INFO - [2021-08-28 23:37:28,431] {dag.py:2306} INFO - Setting next_dagrun for example_external_task_marker_parent to None
[2021-08-28 23:37:28,477] {processor.py:170} INFO - Processing /home/paolo/Documents/Github/case-study-1-october2020-data-sweepers/DataExtraction/ENV/lib/python3.8/site-packages/airflow/example_dags/example_external_task_marker_dag.py took 0.157 seconds
[2021-08-28 23:38:06,920] {processor.py:162} INFO - Started process (PID=13240) to work on /home/paolo/Documents/Github/case-study-1-october2020-data-sweepers/DataExtraction/ENV/lib/python3.8/site-packages/airflow/example_dags/example_external_task_marker_dag.py
[2021-08-28 23:38:06,931] {processor.py:613} INFO - Processing file /home/paolo/Documents/Github/case-study-1-october2020-data-sweepers/DataExtraction/ENV/lib/python3.8/site-packages/airflow/example_dags/example_external_task_marker_dag.py for tasks to queue
[2021-08-28 23:38:06,932] {logging_mixin.py:109} INFO - [2021-08-28 23:38:06,932] {dagbag.py:496} INFO - Filling up the DagBag from /home/paolo/Documents/Github/case-study-1-october2020-data-sweepers/DataExtraction/ENV/lib/python3.8/site-packages/airflow/example_dags/example_external_task_marker_dag.py
[2021-08-28 23:38:06,963] {processor.py:623} INFO - DAG(s) dict_keys(['example_external_task_marker_parent', 'example_external_task_marker_child']) retrieved from /home/paolo/Documents/Github/case-study-1-october2020-data-sweepers/DataExtraction/ENV/lib/python3.8/site-packages/airflow/example_dags/example_external_task_marker_dag.py
[2021-08-28 23:38:07,010] {logging_mixin.py:109} INFO - [2021-08-28 23:38:07,010] {dag.py:1833} INFO - Sync 2 DAGs
[2021-08-28 23:38:07,077] {logging_mixin.py:109} INFO - [2021-08-28 23:38:07,077] {dag.py:2306} INFO - Setting next_dagrun for example_external_task_marker_child to None
[2021-08-28 23:38:07,079] {logging_mixin.py:109} INFO - [2021-08-28 23:38:07,079] {dag.py:2306} INFO - Setting next_dagrun for example_external_task_marker_parent to None
[2021-08-28 23:38:07,165] {processor.py:170} INFO - Processing /home/paolo/Documents/Github/case-study-1-october2020-data-sweepers/DataExtraction/ENV/lib/python3.8/site-packages/airflow/example_dags/example_external_task_marker_dag.py took 0.251 seconds
[2021-08-28 23:38:47,384] {processor.py:162} INFO - Started process (PID=13338) to work on /home/paolo/Documents/Github/case-study-1-october2020-data-sweepers/DataExtraction/ENV/lib/python3.8/site-packages/airflow/example_dags/example_external_task_marker_dag.py
[2021-08-28 23:38:47,385] {processor.py:613} INFO - Processing file /home/paolo/Documents/Github/case-study-1-october2020-data-sweepers/DataExtraction/ENV/lib/python3.8/site-packages/airflow/example_dags/example_external_task_marker_dag.py for tasks to queue
[2021-08-28 23:38:47,386] {logging_mixin.py:109} INFO - [2021-08-28 23:38:47,386] {dagbag.py:496} INFO - Filling up the DagBag from /home/paolo/Documents/Github/case-study-1-october2020-data-sweepers/DataExtraction/ENV/lib/python3.8/site-packages/airflow/example_dags/example_external_task_marker_dag.py
[2021-08-28 23:38:47,397] {processor.py:623} INFO - DAG(s) dict_keys(['example_external_task_marker_parent', 'example_external_task_marker_child']) retrieved from /home/paolo/Documents/Github/case-study-1-october2020-data-sweepers/DataExtraction/ENV/lib/python3.8/site-packages/airflow/example_dags/example_external_task_marker_dag.py
[2021-08-28 23:38:47,411] {logging_mixin.py:109} INFO - [2021-08-28 23:38:47,411] {dag.py:1833} INFO - Sync 2 DAGs
[2021-08-28 23:38:47,424] {logging_mixin.py:109} INFO - [2021-08-28 23:38:47,424] {dag.py:2306} INFO - Setting next_dagrun for example_external_task_marker_child to None
[2021-08-28 23:38:47,426] {logging_mixin.py:109} INFO - [2021-08-28 23:38:47,425] {dag.py:2306} INFO - Setting next_dagrun for example_external_task_marker_parent to None
[2021-08-28 23:38:47,449] {processor.py:170} INFO - Processing /home/paolo/Documents/Github/case-study-1-october2020-data-sweepers/DataExtraction/ENV/lib/python3.8/site-packages/airflow/example_dags/example_external_task_marker_dag.py took 0.068 seconds
[2021-08-28 23:39:21,877] {processor.py:162} INFO - Started process (PID=13455) to work on /home/paolo/Documents/Github/case-study-1-october2020-data-sweepers/DataExtraction/ENV/lib/python3.8/site-packages/airflow/example_dags/example_external_task_marker_dag.py
[2021-08-28 23:39:21,879] {processor.py:613} INFO - Processing file /home/paolo/Documents/Github/case-study-1-october2020-data-sweepers/DataExtraction/ENV/lib/python3.8/site-packages/airflow/example_dags/example_external_task_marker_dag.py for tasks to queue
[2021-08-28 23:39:21,879] {logging_mixin.py:109} INFO - [2021-08-28 23:39:21,879] {dagbag.py:496} INFO - Filling up the DagBag from /home/paolo/Documents/Github/case-study-1-october2020-data-sweepers/DataExtraction/ENV/lib/python3.8/site-packages/airflow/example_dags/example_external_task_marker_dag.py
[2021-08-28 23:39:21,899] {processor.py:623} INFO - DAG(s) dict_keys(['example_external_task_marker_parent', 'example_external_task_marker_child']) retrieved from /home/paolo/Documents/Github/case-study-1-october2020-data-sweepers/DataExtraction/ENV/lib/python3.8/site-packages/airflow/example_dags/example_external_task_marker_dag.py
[2021-08-28 23:39:21,921] {logging_mixin.py:109} INFO - [2021-08-28 23:39:21,921] {dag.py:1833} INFO - Sync 2 DAGs
[2021-08-28 23:39:21,934] {logging_mixin.py:109} INFO - [2021-08-28 23:39:21,934] {dag.py:2306} INFO - Setting next_dagrun for example_external_task_marker_child to None
[2021-08-28 23:39:21,935] {logging_mixin.py:109} INFO - [2021-08-28 23:39:21,935] {dag.py:2306} INFO - Setting next_dagrun for example_external_task_marker_parent to None
[2021-08-28 23:39:21,952] {processor.py:170} INFO - Processing /home/paolo/Documents/Github/case-study-1-october2020-data-sweepers/DataExtraction/ENV/lib/python3.8/site-packages/airflow/example_dags/example_external_task_marker_dag.py took 0.078 seconds
[2021-08-28 23:39:58,113] {processor.py:162} INFO - Started process (PID=13652) to work on /home/paolo/Documents/Github/case-study-1-october2020-data-sweepers/DataExtraction/ENV/lib/python3.8/site-packages/airflow/example_dags/example_external_task_marker_dag.py
[2021-08-28 23:39:58,115] {processor.py:613} INFO - Processing file /home/paolo/Documents/Github/case-study-1-october2020-data-sweepers/DataExtraction/ENV/lib/python3.8/site-packages/airflow/example_dags/example_external_task_marker_dag.py for tasks to queue
[2021-08-28 23:39:58,116] {logging_mixin.py:109} INFO - [2021-08-28 23:39:58,115] {dagbag.py:496} INFO - Filling up the DagBag from /home/paolo/Documents/Github/case-study-1-october2020-data-sweepers/DataExtraction/ENV/lib/python3.8/site-packages/airflow/example_dags/example_external_task_marker_dag.py
[2021-08-28 23:39:58,165] {processor.py:623} INFO - DAG(s) dict_keys(['example_external_task_marker_parent', 'example_external_task_marker_child']) retrieved from /home/paolo/Documents/Github/case-study-1-october2020-data-sweepers/DataExtraction/ENV/lib/python3.8/site-packages/airflow/example_dags/example_external_task_marker_dag.py
[2021-08-28 23:39:58,209] {logging_mixin.py:109} INFO - [2021-08-28 23:39:58,209] {dag.py:1833} INFO - Sync 2 DAGs
[2021-08-28 23:39:58,236] {logging_mixin.py:109} INFO - [2021-08-28 23:39:58,236] {dag.py:2306} INFO - Setting next_dagrun for example_external_task_marker_child to None
[2021-08-28 23:39:58,237] {logging_mixin.py:109} INFO - [2021-08-28 23:39:58,237] {dag.py:2306} INFO - Setting next_dagrun for example_external_task_marker_parent to None
[2021-08-28 23:39:58,277] {processor.py:170} INFO - Processing /home/paolo/Documents/Github/case-study-1-october2020-data-sweepers/DataExtraction/ENV/lib/python3.8/site-packages/airflow/example_dags/example_external_task_marker_dag.py took 0.191 seconds
[2021-08-28 23:40:36,959] {processor.py:162} INFO - Started process (PID=13882) to work on /home/paolo/Documents/Github/case-study-1-october2020-data-sweepers/DataExtraction/ENV/lib/python3.8/site-packages/airflow/example_dags/example_external_task_marker_dag.py
[2021-08-28 23:40:36,960] {processor.py:613} INFO - Processing file /home/paolo/Documents/Github/case-study-1-october2020-data-sweepers/DataExtraction/ENV/lib/python3.8/site-packages/airflow/example_dags/example_external_task_marker_dag.py for tasks to queue
[2021-08-28 23:40:36,960] {logging_mixin.py:109} INFO - [2021-08-28 23:40:36,960] {dagbag.py:496} INFO - Filling up the DagBag from /home/paolo/Documents/Github/case-study-1-october2020-data-sweepers/DataExtraction/ENV/lib/python3.8/site-packages/airflow/example_dags/example_external_task_marker_dag.py
[2021-08-28 23:40:36,974] {processor.py:623} INFO - DAG(s) dict_keys(['example_external_task_marker_parent', 'example_external_task_marker_child']) retrieved from /home/paolo/Documents/Github/case-study-1-october2020-data-sweepers/DataExtraction/ENV/lib/python3.8/site-packages/airflow/example_dags/example_external_task_marker_dag.py
[2021-08-28 23:40:36,987] {logging_mixin.py:109} INFO - [2021-08-28 23:40:36,987] {dag.py:1833} INFO - Sync 2 DAGs
[2021-08-28 23:40:36,996] {logging_mixin.py:109} INFO - [2021-08-28 23:40:36,996] {dag.py:2306} INFO - Setting next_dagrun for example_external_task_marker_child to None
[2021-08-28 23:40:36,997] {logging_mixin.py:109} INFO - [2021-08-28 23:40:36,997] {dag.py:2306} INFO - Setting next_dagrun for example_external_task_marker_parent to None
[2021-08-28 23:40:37,013] {processor.py:170} INFO - Processing /home/paolo/Documents/Github/case-study-1-october2020-data-sweepers/DataExtraction/ENV/lib/python3.8/site-packages/airflow/example_dags/example_external_task_marker_dag.py took 0.057 seconds
[2021-08-28 23:41:15,352] {processor.py:162} INFO - Started process (PID=14019) to work on /home/paolo/Documents/Github/case-study-1-october2020-data-sweepers/DataExtraction/ENV/lib/python3.8/site-packages/airflow/example_dags/example_external_task_marker_dag.py
[2021-08-28 23:41:15,354] {processor.py:613} INFO - Processing file /home/paolo/Documents/Github/case-study-1-october2020-data-sweepers/DataExtraction/ENV/lib/python3.8/site-packages/airflow/example_dags/example_external_task_marker_dag.py for tasks to queue
[2021-08-28 23:41:15,356] {logging_mixin.py:109} INFO - [2021-08-28 23:41:15,356] {dagbag.py:496} INFO - Filling up the DagBag from /home/paolo/Documents/Github/case-study-1-october2020-data-sweepers/DataExtraction/ENV/lib/python3.8/site-packages/airflow/example_dags/example_external_task_marker_dag.py
[2021-08-28 23:41:15,382] {processor.py:623} INFO - DAG(s) dict_keys(['example_external_task_marker_parent', 'example_external_task_marker_child']) retrieved from /home/paolo/Documents/Github/case-study-1-october2020-data-sweepers/DataExtraction/ENV/lib/python3.8/site-packages/airflow/example_dags/example_external_task_marker_dag.py
[2021-08-28 23:41:15,398] {logging_mixin.py:109} INFO - [2021-08-28 23:41:15,398] {dag.py:1833} INFO - Sync 2 DAGs
[2021-08-28 23:41:15,407] {logging_mixin.py:109} INFO - [2021-08-28 23:41:15,407] {dag.py:2306} INFO - Setting next_dagrun for example_external_task_marker_child to None
[2021-08-28 23:41:15,408] {logging_mixin.py:109} INFO - [2021-08-28 23:41:15,408] {dag.py:2306} INFO - Setting next_dagrun for example_external_task_marker_parent to None
[2021-08-28 23:41:15,424] {processor.py:170} INFO - Processing /home/paolo/Documents/Github/case-study-1-october2020-data-sweepers/DataExtraction/ENV/lib/python3.8/site-packages/airflow/example_dags/example_external_task_marker_dag.py took 0.079 seconds
[2021-08-28 23:41:52,047] {processor.py:162} INFO - Started process (PID=14130) to work on /home/paolo/Documents/Github/case-study-1-october2020-data-sweepers/DataExtraction/ENV/lib/python3.8/site-packages/airflow/example_dags/example_external_task_marker_dag.py
[2021-08-28 23:41:52,048] {processor.py:613} INFO - Processing file /home/paolo/Documents/Github/case-study-1-october2020-data-sweepers/DataExtraction/ENV/lib/python3.8/site-packages/airflow/example_dags/example_external_task_marker_dag.py for tasks to queue
[2021-08-28 23:41:52,049] {logging_mixin.py:109} INFO - [2021-08-28 23:41:52,049] {dagbag.py:496} INFO - Filling up the DagBag from /home/paolo/Documents/Github/case-study-1-october2020-data-sweepers/DataExtraction/ENV/lib/python3.8/site-packages/airflow/example_dags/example_external_task_marker_dag.py
[2021-08-28 23:41:52,060] {processor.py:623} INFO - DAG(s) dict_keys(['example_external_task_marker_parent', 'example_external_task_marker_child']) retrieved from /home/paolo/Documents/Github/case-study-1-october2020-data-sweepers/DataExtraction/ENV/lib/python3.8/site-packages/airflow/example_dags/example_external_task_marker_dag.py
[2021-08-28 23:41:52,076] {logging_mixin.py:109} INFO - [2021-08-28 23:41:52,075] {dag.py:1833} INFO - Sync 2 DAGs
[2021-08-28 23:41:52,089] {logging_mixin.py:109} INFO - [2021-08-28 23:41:52,089] {dag.py:2306} INFO - Setting next_dagrun for example_external_task_marker_child to None
[2021-08-28 23:41:52,090] {logging_mixin.py:109} INFO - [2021-08-28 23:41:52,090] {dag.py:2306} INFO - Setting next_dagrun for example_external_task_marker_parent to None
[2021-08-28 23:41:52,110] {processor.py:170} INFO - Processing /home/paolo/Documents/Github/case-study-1-october2020-data-sweepers/DataExtraction/ENV/lib/python3.8/site-packages/airflow/example_dags/example_external_task_marker_dag.py took 0.066 seconds
[2021-08-28 23:42:24,898] {processor.py:162} INFO - Started process (PID=14237) to work on /home/paolo/Documents/Github/case-study-1-october2020-data-sweepers/DataExtraction/ENV/lib/python3.8/site-packages/airflow/example_dags/example_external_task_marker_dag.py
[2021-08-28 23:42:24,899] {processor.py:613} INFO - Processing file /home/paolo/Documents/Github/case-study-1-october2020-data-sweepers/DataExtraction/ENV/lib/python3.8/site-packages/airflow/example_dags/example_external_task_marker_dag.py for tasks to queue
[2021-08-28 23:42:24,899] {logging_mixin.py:109} INFO - [2021-08-28 23:42:24,899] {dagbag.py:496} INFO - Filling up the DagBag from /home/paolo/Documents/Github/case-study-1-october2020-data-sweepers/DataExtraction/ENV/lib/python3.8/site-packages/airflow/example_dags/example_external_task_marker_dag.py
[2021-08-28 23:42:24,909] {processor.py:623} INFO - DAG(s) dict_keys(['example_external_task_marker_parent', 'example_external_task_marker_child']) retrieved from /home/paolo/Documents/Github/case-study-1-october2020-data-sweepers/DataExtraction/ENV/lib/python3.8/site-packages/airflow/example_dags/example_external_task_marker_dag.py
[2021-08-28 23:42:24,922] {logging_mixin.py:109} INFO - [2021-08-28 23:42:24,921] {dag.py:1833} INFO - Sync 2 DAGs
[2021-08-28 23:42:24,930] {logging_mixin.py:109} INFO - [2021-08-28 23:42:24,930] {dag.py:2306} INFO - Setting next_dagrun for example_external_task_marker_child to None
[2021-08-28 23:42:24,931] {logging_mixin.py:109} INFO - [2021-08-28 23:42:24,931] {dag.py:2306} INFO - Setting next_dagrun for example_external_task_marker_parent to None
[2021-08-28 23:42:24,946] {processor.py:170} INFO - Processing /home/paolo/Documents/Github/case-study-1-october2020-data-sweepers/DataExtraction/ENV/lib/python3.8/site-packages/airflow/example_dags/example_external_task_marker_dag.py took 0.051 seconds
[2021-08-28 23:42:56,183] {processor.py:162} INFO - Started process (PID=14300) to work on /home/paolo/Documents/Github/case-study-1-october2020-data-sweepers/DataExtraction/ENV/lib/python3.8/site-packages/airflow/example_dags/example_external_task_marker_dag.py
[2021-08-28 23:42:56,186] {processor.py:613} INFO - Processing file /home/paolo/Documents/Github/case-study-1-october2020-data-sweepers/DataExtraction/ENV/lib/python3.8/site-packages/airflow/example_dags/example_external_task_marker_dag.py for tasks to queue
[2021-08-28 23:42:56,187] {logging_mixin.py:109} INFO - [2021-08-28 23:42:56,187] {dagbag.py:496} INFO - Filling up the DagBag from /home/paolo/Documents/Github/case-study-1-october2020-data-sweepers/DataExtraction/ENV/lib/python3.8/site-packages/airflow/example_dags/example_external_task_marker_dag.py
[2021-08-28 23:42:56,205] {processor.py:623} INFO - DAG(s) dict_keys(['example_external_task_marker_parent', 'example_external_task_marker_child']) retrieved from /home/paolo/Documents/Github/case-study-1-october2020-data-sweepers/DataExtraction/ENV/lib/python3.8/site-packages/airflow/example_dags/example_external_task_marker_dag.py
[2021-08-28 23:42:56,219] {logging_mixin.py:109} INFO - [2021-08-28 23:42:56,219] {dag.py:1833} INFO - Sync 2 DAGs
[2021-08-28 23:42:56,228] {logging_mixin.py:109} INFO - [2021-08-28 23:42:56,228] {dag.py:2306} INFO - Setting next_dagrun for example_external_task_marker_child to None
[2021-08-28 23:42:56,229] {logging_mixin.py:109} INFO - [2021-08-28 23:42:56,229] {dag.py:2306} INFO - Setting next_dagrun for example_external_task_marker_parent to None
[2021-08-28 23:42:56,246] {processor.py:170} INFO - Processing /home/paolo/Documents/Github/case-study-1-october2020-data-sweepers/DataExtraction/ENV/lib/python3.8/site-packages/airflow/example_dags/example_external_task_marker_dag.py took 0.069 seconds
[2021-08-28 23:43:29,351] {processor.py:162} INFO - Started process (PID=14383) to work on /home/paolo/Documents/Github/case-study-1-october2020-data-sweepers/DataExtraction/ENV/lib/python3.8/site-packages/airflow/example_dags/example_external_task_marker_dag.py
[2021-08-28 23:43:29,353] {processor.py:613} INFO - Processing file /home/paolo/Documents/Github/case-study-1-october2020-data-sweepers/DataExtraction/ENV/lib/python3.8/site-packages/airflow/example_dags/example_external_task_marker_dag.py for tasks to queue
[2021-08-28 23:43:29,353] {logging_mixin.py:109} INFO - [2021-08-28 23:43:29,353] {dagbag.py:496} INFO - Filling up the DagBag from /home/paolo/Documents/Github/case-study-1-october2020-data-sweepers/DataExtraction/ENV/lib/python3.8/site-packages/airflow/example_dags/example_external_task_marker_dag.py
[2021-08-28 23:43:29,365] {processor.py:623} INFO - DAG(s) dict_keys(['example_external_task_marker_parent', 'example_external_task_marker_child']) retrieved from /home/paolo/Documents/Github/case-study-1-october2020-data-sweepers/DataExtraction/ENV/lib/python3.8/site-packages/airflow/example_dags/example_external_task_marker_dag.py
[2021-08-28 23:43:29,378] {logging_mixin.py:109} INFO - [2021-08-28 23:43:29,378] {dag.py:1833} INFO - Sync 2 DAGs
[2021-08-28 23:43:29,387] {logging_mixin.py:109} INFO - [2021-08-28 23:43:29,387] {dag.py:2306} INFO - Setting next_dagrun for example_external_task_marker_child to None
[2021-08-28 23:43:29,388] {logging_mixin.py:109} INFO - [2021-08-28 23:43:29,388] {dag.py:2306} INFO - Setting next_dagrun for example_external_task_marker_parent to None
[2021-08-28 23:43:29,406] {processor.py:170} INFO - Processing /home/paolo/Documents/Github/case-study-1-october2020-data-sweepers/DataExtraction/ENV/lib/python3.8/site-packages/airflow/example_dags/example_external_task_marker_dag.py took 0.057 seconds
[2021-08-28 23:44:00,679] {processor.py:162} INFO - Started process (PID=14445) to work on /home/paolo/Documents/Github/case-study-1-october2020-data-sweepers/DataExtraction/ENV/lib/python3.8/site-packages/airflow/example_dags/example_external_task_marker_dag.py
[2021-08-28 23:44:00,681] {processor.py:613} INFO - Processing file /home/paolo/Documents/Github/case-study-1-october2020-data-sweepers/DataExtraction/ENV/lib/python3.8/site-packages/airflow/example_dags/example_external_task_marker_dag.py for tasks to queue
[2021-08-28 23:44:00,682] {logging_mixin.py:109} INFO - [2021-08-28 23:44:00,681] {dagbag.py:496} INFO - Filling up the DagBag from /home/paolo/Documents/Github/case-study-1-october2020-data-sweepers/DataExtraction/ENV/lib/python3.8/site-packages/airflow/example_dags/example_external_task_marker_dag.py
[2021-08-28 23:44:00,691] {processor.py:623} INFO - DAG(s) dict_keys(['example_external_task_marker_parent', 'example_external_task_marker_child']) retrieved from /home/paolo/Documents/Github/case-study-1-october2020-data-sweepers/DataExtraction/ENV/lib/python3.8/site-packages/airflow/example_dags/example_external_task_marker_dag.py
[2021-08-28 23:44:00,706] {logging_mixin.py:109} INFO - [2021-08-28 23:44:00,705] {dag.py:1833} INFO - Sync 2 DAGs
[2021-08-28 23:44:00,715] {logging_mixin.py:109} INFO - [2021-08-28 23:44:00,715] {dag.py:2306} INFO - Setting next_dagrun for example_external_task_marker_child to None
[2021-08-28 23:44:00,716] {logging_mixin.py:109} INFO - [2021-08-28 23:44:00,716] {dag.py:2306} INFO - Setting next_dagrun for example_external_task_marker_parent to None
[2021-08-28 23:44:00,733] {processor.py:170} INFO - Processing /home/paolo/Documents/Github/case-study-1-october2020-data-sweepers/DataExtraction/ENV/lib/python3.8/site-packages/airflow/example_dags/example_external_task_marker_dag.py took 0.056 seconds
[2021-08-28 23:44:37,866] {processor.py:162} INFO - Started process (PID=14530) to work on /home/paolo/Documents/Github/case-study-1-october2020-data-sweepers/DataExtraction/ENV/lib/python3.8/site-packages/airflow/example_dags/example_external_task_marker_dag.py
[2021-08-28 23:44:37,868] {processor.py:613} INFO - Processing file /home/paolo/Documents/Github/case-study-1-october2020-data-sweepers/DataExtraction/ENV/lib/python3.8/site-packages/airflow/example_dags/example_external_task_marker_dag.py for tasks to queue
[2021-08-28 23:44:37,869] {logging_mixin.py:109} INFO - [2021-08-28 23:44:37,869] {dagbag.py:496} INFO - Filling up the DagBag from /home/paolo/Documents/Github/case-study-1-october2020-data-sweepers/DataExtraction/ENV/lib/python3.8/site-packages/airflow/example_dags/example_external_task_marker_dag.py
[2021-08-28 23:44:37,896] {processor.py:623} INFO - DAG(s) dict_keys(['example_external_task_marker_parent', 'example_external_task_marker_child']) retrieved from /home/paolo/Documents/Github/case-study-1-october2020-data-sweepers/DataExtraction/ENV/lib/python3.8/site-packages/airflow/example_dags/example_external_task_marker_dag.py
[2021-08-28 23:44:37,936] {logging_mixin.py:109} INFO - [2021-08-28 23:44:37,936] {dag.py:1833} INFO - Sync 2 DAGs
[2021-08-28 23:44:37,966] {logging_mixin.py:109} INFO - [2021-08-28 23:44:37,966] {dag.py:2306} INFO - Setting next_dagrun for example_external_task_marker_child to None
[2021-08-28 23:44:37,968] {logging_mixin.py:109} INFO - [2021-08-28 23:44:37,967] {dag.py:2306} INFO - Setting next_dagrun for example_external_task_marker_parent to None
[2021-08-28 23:44:38,002] {processor.py:170} INFO - Processing /home/paolo/Documents/Github/case-study-1-october2020-data-sweepers/DataExtraction/ENV/lib/python3.8/site-packages/airflow/example_dags/example_external_task_marker_dag.py took 0.148 seconds
[2021-08-28 23:45:16,710] {processor.py:162} INFO - Started process (PID=14594) to work on /home/paolo/Documents/Github/case-study-1-october2020-data-sweepers/DataExtraction/ENV/lib/python3.8/site-packages/airflow/example_dags/example_external_task_marker_dag.py
[2021-08-28 23:45:16,711] {processor.py:613} INFO - Processing file /home/paolo/Documents/Github/case-study-1-october2020-data-sweepers/DataExtraction/ENV/lib/python3.8/site-packages/airflow/example_dags/example_external_task_marker_dag.py for tasks to queue
[2021-08-28 23:45:16,712] {logging_mixin.py:109} INFO - [2021-08-28 23:45:16,712] {dagbag.py:496} INFO - Filling up the DagBag from /home/paolo/Documents/Github/case-study-1-october2020-data-sweepers/DataExtraction/ENV/lib/python3.8/site-packages/airflow/example_dags/example_external_task_marker_dag.py
[2021-08-28 23:45:16,744] {processor.py:623} INFO - DAG(s) dict_keys(['example_external_task_marker_parent', 'example_external_task_marker_child']) retrieved from /home/paolo/Documents/Github/case-study-1-october2020-data-sweepers/DataExtraction/ENV/lib/python3.8/site-packages/airflow/example_dags/example_external_task_marker_dag.py
[2021-08-28 23:45:16,782] {logging_mixin.py:109} INFO - [2021-08-28 23:45:16,782] {dag.py:1833} INFO - Sync 2 DAGs
[2021-08-28 23:45:16,805] {logging_mixin.py:109} INFO - [2021-08-28 23:45:16,805] {dag.py:2306} INFO - Setting next_dagrun for example_external_task_marker_child to None
[2021-08-28 23:45:16,809] {logging_mixin.py:109} INFO - [2021-08-28 23:45:16,809] {dag.py:2306} INFO - Setting next_dagrun for example_external_task_marker_parent to None
[2021-08-28 23:45:16,832] {processor.py:170} INFO - Processing /home/paolo/Documents/Github/case-study-1-october2020-data-sweepers/DataExtraction/ENV/lib/python3.8/site-packages/airflow/example_dags/example_external_task_marker_dag.py took 0.129 seconds
[2021-08-28 23:45:57,913] {processor.py:162} INFO - Started process (PID=14663) to work on /home/paolo/Documents/Github/case-study-1-october2020-data-sweepers/DataExtraction/ENV/lib/python3.8/site-packages/airflow/example_dags/example_external_task_marker_dag.py
[2021-08-28 23:45:57,915] {processor.py:613} INFO - Processing file /home/paolo/Documents/Github/case-study-1-october2020-data-sweepers/DataExtraction/ENV/lib/python3.8/site-packages/airflow/example_dags/example_external_task_marker_dag.py for tasks to queue
[2021-08-28 23:45:57,917] {logging_mixin.py:109} INFO - [2021-08-28 23:45:57,916] {dagbag.py:496} INFO - Filling up the DagBag from /home/paolo/Documents/Github/case-study-1-october2020-data-sweepers/DataExtraction/ENV/lib/python3.8/site-packages/airflow/example_dags/example_external_task_marker_dag.py
[2021-08-28 23:45:57,957] {processor.py:623} INFO - DAG(s) dict_keys(['example_external_task_marker_parent', 'example_external_task_marker_child']) retrieved from /home/paolo/Documents/Github/case-study-1-october2020-data-sweepers/DataExtraction/ENV/lib/python3.8/site-packages/airflow/example_dags/example_external_task_marker_dag.py
[2021-08-28 23:45:57,994] {logging_mixin.py:109} INFO - [2021-08-28 23:45:57,994] {dag.py:1833} INFO - Sync 2 DAGs
[2021-08-28 23:45:58,018] {logging_mixin.py:109} INFO - [2021-08-28 23:45:58,017] {dag.py:2306} INFO - Setting next_dagrun for example_external_task_marker_child to None
[2021-08-28 23:45:58,023] {logging_mixin.py:109} INFO - [2021-08-28 23:45:58,022] {dag.py:2306} INFO - Setting next_dagrun for example_external_task_marker_parent to None
[2021-08-28 23:45:58,063] {processor.py:170} INFO - Processing /home/paolo/Documents/Github/case-study-1-october2020-data-sweepers/DataExtraction/ENV/lib/python3.8/site-packages/airflow/example_dags/example_external_task_marker_dag.py took 0.154 seconds
[2021-08-28 23:46:39,015] {processor.py:162} INFO - Started process (PID=14737) to work on /home/paolo/Documents/Github/case-study-1-october2020-data-sweepers/DataExtraction/ENV/lib/python3.8/site-packages/airflow/example_dags/example_external_task_marker_dag.py
[2021-08-28 23:46:39,017] {processor.py:613} INFO - Processing file /home/paolo/Documents/Github/case-study-1-october2020-data-sweepers/DataExtraction/ENV/lib/python3.8/site-packages/airflow/example_dags/example_external_task_marker_dag.py for tasks to queue
[2021-08-28 23:46:39,018] {logging_mixin.py:109} INFO - [2021-08-28 23:46:39,018] {dagbag.py:496} INFO - Filling up the DagBag from /home/paolo/Documents/Github/case-study-1-october2020-data-sweepers/DataExtraction/ENV/lib/python3.8/site-packages/airflow/example_dags/example_external_task_marker_dag.py
[2021-08-28 23:46:39,049] {processor.py:623} INFO - DAG(s) dict_keys(['example_external_task_marker_parent', 'example_external_task_marker_child']) retrieved from /home/paolo/Documents/Github/case-study-1-october2020-data-sweepers/DataExtraction/ENV/lib/python3.8/site-packages/airflow/example_dags/example_external_task_marker_dag.py
[2021-08-28 23:46:39,098] {logging_mixin.py:109} INFO - [2021-08-28 23:46:39,097] {dag.py:1833} INFO - Sync 2 DAGs
[2021-08-28 23:46:39,118] {logging_mixin.py:109} INFO - [2021-08-28 23:46:39,117] {dag.py:2306} INFO - Setting next_dagrun for example_external_task_marker_child to None
[2021-08-28 23:46:39,119] {logging_mixin.py:109} INFO - [2021-08-28 23:46:39,119] {dag.py:2306} INFO - Setting next_dagrun for example_external_task_marker_parent to None
[2021-08-28 23:46:39,159] {processor.py:170} INFO - Processing /home/paolo/Documents/Github/case-study-1-october2020-data-sweepers/DataExtraction/ENV/lib/python3.8/site-packages/airflow/example_dags/example_external_task_marker_dag.py took 0.156 seconds
[2021-08-28 23:47:15,723] {processor.py:162} INFO - Started process (PID=14826) to work on /home/paolo/Documents/Github/case-study-1-october2020-data-sweepers/DataExtraction/ENV/lib/python3.8/site-packages/airflow/example_dags/example_external_task_marker_dag.py
[2021-08-28 23:47:15,724] {processor.py:613} INFO - Processing file /home/paolo/Documents/Github/case-study-1-october2020-data-sweepers/DataExtraction/ENV/lib/python3.8/site-packages/airflow/example_dags/example_external_task_marker_dag.py for tasks to queue
[2021-08-28 23:47:15,725] {logging_mixin.py:109} INFO - [2021-08-28 23:47:15,724] {dagbag.py:496} INFO - Filling up the DagBag from /home/paolo/Documents/Github/case-study-1-october2020-data-sweepers/DataExtraction/ENV/lib/python3.8/site-packages/airflow/example_dags/example_external_task_marker_dag.py
[2021-08-28 23:47:15,747] {processor.py:623} INFO - DAG(s) dict_keys(['example_external_task_marker_parent', 'example_external_task_marker_child']) retrieved from /home/paolo/Documents/Github/case-study-1-october2020-data-sweepers/DataExtraction/ENV/lib/python3.8/site-packages/airflow/example_dags/example_external_task_marker_dag.py
[2021-08-28 23:47:15,781] {logging_mixin.py:109} INFO - [2021-08-28 23:47:15,781] {dag.py:1833} INFO - Sync 2 DAGs
[2021-08-28 23:47:15,802] {logging_mixin.py:109} INFO - [2021-08-28 23:47:15,802] {dag.py:2306} INFO - Setting next_dagrun for example_external_task_marker_child to None
[2021-08-28 23:47:15,804] {logging_mixin.py:109} INFO - [2021-08-28 23:47:15,803] {dag.py:2306} INFO - Setting next_dagrun for example_external_task_marker_parent to None
[2021-08-28 23:47:15,827] {processor.py:170} INFO - Processing /home/paolo/Documents/Github/case-study-1-october2020-data-sweepers/DataExtraction/ENV/lib/python3.8/site-packages/airflow/example_dags/example_external_task_marker_dag.py took 0.108 seconds
[2021-08-28 23:47:54,442] {processor.py:162} INFO - Started process (PID=14893) to work on /home/paolo/Documents/Github/case-study-1-october2020-data-sweepers/DataExtraction/ENV/lib/python3.8/site-packages/airflow/example_dags/example_external_task_marker_dag.py
[2021-08-28 23:47:54,444] {processor.py:613} INFO - Processing file /home/paolo/Documents/Github/case-study-1-october2020-data-sweepers/DataExtraction/ENV/lib/python3.8/site-packages/airflow/example_dags/example_external_task_marker_dag.py for tasks to queue
[2021-08-28 23:47:54,445] {logging_mixin.py:109} INFO - [2021-08-28 23:47:54,444] {dagbag.py:496} INFO - Filling up the DagBag from /home/paolo/Documents/Github/case-study-1-october2020-data-sweepers/DataExtraction/ENV/lib/python3.8/site-packages/airflow/example_dags/example_external_task_marker_dag.py
[2021-08-28 23:47:54,464] {processor.py:623} INFO - DAG(s) dict_keys(['example_external_task_marker_parent', 'example_external_task_marker_child']) retrieved from /home/paolo/Documents/Github/case-study-1-october2020-data-sweepers/DataExtraction/ENV/lib/python3.8/site-packages/airflow/example_dags/example_external_task_marker_dag.py
[2021-08-28 23:47:54,503] {logging_mixin.py:109} INFO - [2021-08-28 23:47:54,503] {dag.py:1833} INFO - Sync 2 DAGs
[2021-08-28 23:47:54,529] {logging_mixin.py:109} INFO - [2021-08-28 23:47:54,529] {dag.py:2306} INFO - Setting next_dagrun for example_external_task_marker_child to None
[2021-08-28 23:47:54,531] {logging_mixin.py:109} INFO - [2021-08-28 23:47:54,531] {dag.py:2306} INFO - Setting next_dagrun for example_external_task_marker_parent to None
[2021-08-28 23:47:54,559] {processor.py:170} INFO - Processing /home/paolo/Documents/Github/case-study-1-october2020-data-sweepers/DataExtraction/ENV/lib/python3.8/site-packages/airflow/example_dags/example_external_task_marker_dag.py took 0.125 seconds
[2021-08-28 23:48:36,458] {processor.py:162} INFO - Started process (PID=14962) to work on /home/paolo/Documents/Github/case-study-1-october2020-data-sweepers/DataExtraction/ENV/lib/python3.8/site-packages/airflow/example_dags/example_external_task_marker_dag.py
[2021-08-28 23:48:36,481] {processor.py:613} INFO - Processing file /home/paolo/Documents/Github/case-study-1-october2020-data-sweepers/DataExtraction/ENV/lib/python3.8/site-packages/airflow/example_dags/example_external_task_marker_dag.py for tasks to queue
[2021-08-28 23:48:36,482] {logging_mixin.py:109} INFO - [2021-08-28 23:48:36,482] {dagbag.py:496} INFO - Filling up the DagBag from /home/paolo/Documents/Github/case-study-1-october2020-data-sweepers/DataExtraction/ENV/lib/python3.8/site-packages/airflow/example_dags/example_external_task_marker_dag.py
[2021-08-28 23:48:36,517] {processor.py:623} INFO - DAG(s) dict_keys(['example_external_task_marker_parent', 'example_external_task_marker_child']) retrieved from /home/paolo/Documents/Github/case-study-1-october2020-data-sweepers/DataExtraction/ENV/lib/python3.8/site-packages/airflow/example_dags/example_external_task_marker_dag.py
[2021-08-28 23:48:36,553] {logging_mixin.py:109} INFO - [2021-08-28 23:48:36,553] {dag.py:1833} INFO - Sync 2 DAGs
[2021-08-28 23:48:36,583] {logging_mixin.py:109} INFO - [2021-08-28 23:48:36,583] {dag.py:2306} INFO - Setting next_dagrun for example_external_task_marker_child to None
[2021-08-28 23:48:36,585] {logging_mixin.py:109} INFO - [2021-08-28 23:48:36,585] {dag.py:2306} INFO - Setting next_dagrun for example_external_task_marker_parent to None
[2021-08-28 23:48:36,627] {processor.py:170} INFO - Processing /home/paolo/Documents/Github/case-study-1-october2020-data-sweepers/DataExtraction/ENV/lib/python3.8/site-packages/airflow/example_dags/example_external_task_marker_dag.py took 0.181 seconds
[2021-08-28 23:49:14,463] {processor.py:162} INFO - Started process (PID=15075) to work on /home/paolo/Documents/Github/case-study-1-october2020-data-sweepers/DataExtraction/ENV/lib/python3.8/site-packages/airflow/example_dags/example_external_task_marker_dag.py
[2021-08-28 23:49:14,464] {processor.py:613} INFO - Processing file /home/paolo/Documents/Github/case-study-1-october2020-data-sweepers/DataExtraction/ENV/lib/python3.8/site-packages/airflow/example_dags/example_external_task_marker_dag.py for tasks to queue
[2021-08-28 23:49:14,464] {logging_mixin.py:109} INFO - [2021-08-28 23:49:14,464] {dagbag.py:496} INFO - Filling up the DagBag from /home/paolo/Documents/Github/case-study-1-october2020-data-sweepers/DataExtraction/ENV/lib/python3.8/site-packages/airflow/example_dags/example_external_task_marker_dag.py
[2021-08-28 23:49:14,477] {processor.py:623} INFO - DAG(s) dict_keys(['example_external_task_marker_parent', 'example_external_task_marker_child']) retrieved from /home/paolo/Documents/Github/case-study-1-october2020-data-sweepers/DataExtraction/ENV/lib/python3.8/site-packages/airflow/example_dags/example_external_task_marker_dag.py
[2021-08-28 23:49:14,499] {logging_mixin.py:109} INFO - [2021-08-28 23:49:14,499] {dag.py:1833} INFO - Sync 2 DAGs
[2021-08-28 23:49:14,511] {logging_mixin.py:109} INFO - [2021-08-28 23:49:14,510] {dag.py:2306} INFO - Setting next_dagrun for example_external_task_marker_child to None
[2021-08-28 23:49:14,513] {logging_mixin.py:109} INFO - [2021-08-28 23:49:14,512] {dag.py:2306} INFO - Setting next_dagrun for example_external_task_marker_parent to None
[2021-08-28 23:49:14,532] {processor.py:170} INFO - Processing /home/paolo/Documents/Github/case-study-1-october2020-data-sweepers/DataExtraction/ENV/lib/python3.8/site-packages/airflow/example_dags/example_external_task_marker_dag.py took 0.071 seconds
[2021-08-28 23:49:53,409] {processor.py:162} INFO - Started process (PID=15154) to work on /home/paolo/Documents/Github/case-study-1-october2020-data-sweepers/DataExtraction/ENV/lib/python3.8/site-packages/airflow/example_dags/example_external_task_marker_dag.py
[2021-08-28 23:49:53,411] {processor.py:613} INFO - Processing file /home/paolo/Documents/Github/case-study-1-october2020-data-sweepers/DataExtraction/ENV/lib/python3.8/site-packages/airflow/example_dags/example_external_task_marker_dag.py for tasks to queue
[2021-08-28 23:49:53,412] {logging_mixin.py:109} INFO - [2021-08-28 23:49:53,411] {dagbag.py:496} INFO - Filling up the DagBag from /home/paolo/Documents/Github/case-study-1-october2020-data-sweepers/DataExtraction/ENV/lib/python3.8/site-packages/airflow/example_dags/example_external_task_marker_dag.py
[2021-08-28 23:49:53,428] {processor.py:623} INFO - DAG(s) dict_keys(['example_external_task_marker_parent', 'example_external_task_marker_child']) retrieved from /home/paolo/Documents/Github/case-study-1-october2020-data-sweepers/DataExtraction/ENV/lib/python3.8/site-packages/airflow/example_dags/example_external_task_marker_dag.py
[2021-08-28 23:49:53,451] {logging_mixin.py:109} INFO - [2021-08-28 23:49:53,451] {dag.py:1833} INFO - Sync 2 DAGs
[2021-08-28 23:49:53,469] {logging_mixin.py:109} INFO - [2021-08-28 23:49:53,469] {dag.py:2306} INFO - Setting next_dagrun for example_external_task_marker_child to None
[2021-08-28 23:49:53,470] {logging_mixin.py:109} INFO - [2021-08-28 23:49:53,470] {dag.py:2306} INFO - Setting next_dagrun for example_external_task_marker_parent to None
[2021-08-28 23:49:53,499] {processor.py:170} INFO - Processing /home/paolo/Documents/Github/case-study-1-october2020-data-sweepers/DataExtraction/ENV/lib/python3.8/site-packages/airflow/example_dags/example_external_task_marker_dag.py took 0.093 seconds
[2021-08-28 23:50:27,296] {processor.py:162} INFO - Started process (PID=15232) to work on /home/paolo/Documents/Github/case-study-1-october2020-data-sweepers/DataExtraction/ENV/lib/python3.8/site-packages/airflow/example_dags/example_external_task_marker_dag.py
[2021-08-28 23:50:27,300] {processor.py:613} INFO - Processing file /home/paolo/Documents/Github/case-study-1-october2020-data-sweepers/DataExtraction/ENV/lib/python3.8/site-packages/airflow/example_dags/example_external_task_marker_dag.py for tasks to queue
[2021-08-28 23:50:27,302] {logging_mixin.py:109} INFO - [2021-08-28 23:50:27,302] {dagbag.py:496} INFO - Filling up the DagBag from /home/paolo/Documents/Github/case-study-1-october2020-data-sweepers/DataExtraction/ENV/lib/python3.8/site-packages/airflow/example_dags/example_external_task_marker_dag.py
[2021-08-28 23:50:27,321] {processor.py:623} INFO - DAG(s) dict_keys(['example_external_task_marker_parent', 'example_external_task_marker_child']) retrieved from /home/paolo/Documents/Github/case-study-1-october2020-data-sweepers/DataExtraction/ENV/lib/python3.8/site-packages/airflow/example_dags/example_external_task_marker_dag.py
[2021-08-28 23:50:27,341] {logging_mixin.py:109} INFO - [2021-08-28 23:50:27,341] {dag.py:1833} INFO - Sync 2 DAGs
[2021-08-28 23:50:27,358] {logging_mixin.py:109} INFO - [2021-08-28 23:50:27,358] {dag.py:2306} INFO - Setting next_dagrun for example_external_task_marker_child to None
[2021-08-28 23:50:27,360] {logging_mixin.py:109} INFO - [2021-08-28 23:50:27,360] {dag.py:2306} INFO - Setting next_dagrun for example_external_task_marker_parent to None
[2021-08-28 23:50:27,383] {processor.py:170} INFO - Processing /home/paolo/Documents/Github/case-study-1-october2020-data-sweepers/DataExtraction/ENV/lib/python3.8/site-packages/airflow/example_dags/example_external_task_marker_dag.py took 0.090 seconds
[2021-08-28 23:51:00,704] {processor.py:162} INFO - Started process (PID=15293) to work on /home/paolo/Documents/Github/case-study-1-october2020-data-sweepers/DataExtraction/ENV/lib/python3.8/site-packages/airflow/example_dags/example_external_task_marker_dag.py
[2021-08-28 23:51:00,710] {processor.py:613} INFO - Processing file /home/paolo/Documents/Github/case-study-1-october2020-data-sweepers/DataExtraction/ENV/lib/python3.8/site-packages/airflow/example_dags/example_external_task_marker_dag.py for tasks to queue
[2021-08-28 23:51:00,712] {logging_mixin.py:109} INFO - [2021-08-28 23:51:00,712] {dagbag.py:496} INFO - Filling up the DagBag from /home/paolo/Documents/Github/case-study-1-october2020-data-sweepers/DataExtraction/ENV/lib/python3.8/site-packages/airflow/example_dags/example_external_task_marker_dag.py
[2021-08-28 23:51:00,751] {processor.py:623} INFO - DAG(s) dict_keys(['example_external_task_marker_parent', 'example_external_task_marker_child']) retrieved from /home/paolo/Documents/Github/case-study-1-october2020-data-sweepers/DataExtraction/ENV/lib/python3.8/site-packages/airflow/example_dags/example_external_task_marker_dag.py
[2021-08-28 23:51:00,772] {logging_mixin.py:109} INFO - [2021-08-28 23:51:00,772] {dag.py:1833} INFO - Sync 2 DAGs
[2021-08-28 23:51:00,791] {logging_mixin.py:109} INFO - [2021-08-28 23:51:00,791] {dag.py:2306} INFO - Setting next_dagrun for example_external_task_marker_child to None
[2021-08-28 23:51:00,793] {logging_mixin.py:109} INFO - [2021-08-28 23:51:00,793] {dag.py:2306} INFO - Setting next_dagrun for example_external_task_marker_parent to None
[2021-08-28 23:51:00,825] {processor.py:170} INFO - Processing /home/paolo/Documents/Github/case-study-1-october2020-data-sweepers/DataExtraction/ENV/lib/python3.8/site-packages/airflow/example_dags/example_external_task_marker_dag.py took 0.128 seconds
[2021-08-28 23:51:35,673] {processor.py:162} INFO - Started process (PID=15378) to work on /home/paolo/Documents/Github/case-study-1-october2020-data-sweepers/DataExtraction/ENV/lib/python3.8/site-packages/airflow/example_dags/example_external_task_marker_dag.py
[2021-08-28 23:51:35,675] {processor.py:613} INFO - Processing file /home/paolo/Documents/Github/case-study-1-october2020-data-sweepers/DataExtraction/ENV/lib/python3.8/site-packages/airflow/example_dags/example_external_task_marker_dag.py for tasks to queue
[2021-08-28 23:51:35,676] {logging_mixin.py:109} INFO - [2021-08-28 23:51:35,676] {dagbag.py:496} INFO - Filling up the DagBag from /home/paolo/Documents/Github/case-study-1-october2020-data-sweepers/DataExtraction/ENV/lib/python3.8/site-packages/airflow/example_dags/example_external_task_marker_dag.py
[2021-08-28 23:51:35,698] {processor.py:623} INFO - DAG(s) dict_keys(['example_external_task_marker_parent', 'example_external_task_marker_child']) retrieved from /home/paolo/Documents/Github/case-study-1-october2020-data-sweepers/DataExtraction/ENV/lib/python3.8/site-packages/airflow/example_dags/example_external_task_marker_dag.py
[2021-08-28 23:51:35,714] {logging_mixin.py:109} INFO - [2021-08-28 23:51:35,714] {dag.py:1833} INFO - Sync 2 DAGs
[2021-08-28 23:51:35,723] {logging_mixin.py:109} INFO - [2021-08-28 23:51:35,723] {dag.py:2306} INFO - Setting next_dagrun for example_external_task_marker_child to None
[2021-08-28 23:51:35,724] {logging_mixin.py:109} INFO - [2021-08-28 23:51:35,723] {dag.py:2306} INFO - Setting next_dagrun for example_external_task_marker_parent to None
[2021-08-28 23:51:35,739] {processor.py:170} INFO - Processing /home/paolo/Documents/Github/case-study-1-october2020-data-sweepers/DataExtraction/ENV/lib/python3.8/site-packages/airflow/example_dags/example_external_task_marker_dag.py took 0.071 seconds
[2021-08-28 23:52:08,921] {processor.py:162} INFO - Started process (PID=15468) to work on /home/paolo/Documents/Github/case-study-1-october2020-data-sweepers/DataExtraction/ENV/lib/python3.8/site-packages/airflow/example_dags/example_external_task_marker_dag.py
[2021-08-28 23:52:08,923] {processor.py:613} INFO - Processing file /home/paolo/Documents/Github/case-study-1-october2020-data-sweepers/DataExtraction/ENV/lib/python3.8/site-packages/airflow/example_dags/example_external_task_marker_dag.py for tasks to queue
[2021-08-28 23:52:08,924] {logging_mixin.py:109} INFO - [2021-08-28 23:52:08,923] {dagbag.py:496} INFO - Filling up the DagBag from /home/paolo/Documents/Github/case-study-1-october2020-data-sweepers/DataExtraction/ENV/lib/python3.8/site-packages/airflow/example_dags/example_external_task_marker_dag.py
[2021-08-28 23:52:08,938] {processor.py:623} INFO - DAG(s) dict_keys(['example_external_task_marker_parent', 'example_external_task_marker_child']) retrieved from /home/paolo/Documents/Github/case-study-1-october2020-data-sweepers/DataExtraction/ENV/lib/python3.8/site-packages/airflow/example_dags/example_external_task_marker_dag.py
[2021-08-28 23:52:08,952] {logging_mixin.py:109} INFO - [2021-08-28 23:52:08,952] {dag.py:1833} INFO - Sync 2 DAGs
[2021-08-28 23:52:08,962] {logging_mixin.py:109} INFO - [2021-08-28 23:52:08,962] {dag.py:2306} INFO - Setting next_dagrun for example_external_task_marker_child to None
[2021-08-28 23:52:08,963] {logging_mixin.py:109} INFO - [2021-08-28 23:52:08,963] {dag.py:2306} INFO - Setting next_dagrun for example_external_task_marker_parent to None
[2021-08-28 23:52:08,986] {processor.py:170} INFO - Processing /home/paolo/Documents/Github/case-study-1-october2020-data-sweepers/DataExtraction/ENV/lib/python3.8/site-packages/airflow/example_dags/example_external_task_marker_dag.py took 0.072 seconds
[2021-08-28 23:52:40,421] {processor.py:162} INFO - Started process (PID=15574) to work on /home/paolo/Documents/Github/case-study-1-october2020-data-sweepers/DataExtraction/ENV/lib/python3.8/site-packages/airflow/example_dags/example_external_task_marker_dag.py
[2021-08-28 23:52:40,422] {processor.py:613} INFO - Processing file /home/paolo/Documents/Github/case-study-1-october2020-data-sweepers/DataExtraction/ENV/lib/python3.8/site-packages/airflow/example_dags/example_external_task_marker_dag.py for tasks to queue
[2021-08-28 23:52:40,424] {logging_mixin.py:109} INFO - [2021-08-28 23:52:40,423] {dagbag.py:496} INFO - Filling up the DagBag from /home/paolo/Documents/Github/case-study-1-october2020-data-sweepers/DataExtraction/ENV/lib/python3.8/site-packages/airflow/example_dags/example_external_task_marker_dag.py
[2021-08-28 23:52:40,447] {processor.py:623} INFO - DAG(s) dict_keys(['example_external_task_marker_parent', 'example_external_task_marker_child']) retrieved from /home/paolo/Documents/Github/case-study-1-october2020-data-sweepers/DataExtraction/ENV/lib/python3.8/site-packages/airflow/example_dags/example_external_task_marker_dag.py
[2021-08-28 23:52:40,485] {logging_mixin.py:109} INFO - [2021-08-28 23:52:40,485] {dag.py:1833} INFO - Sync 2 DAGs
[2021-08-28 23:52:40,511] {logging_mixin.py:109} INFO - [2021-08-28 23:52:40,511] {dag.py:2306} INFO - Setting next_dagrun for example_external_task_marker_child to None
[2021-08-28 23:52:40,513] {logging_mixin.py:109} INFO - [2021-08-28 23:52:40,513] {dag.py:2306} INFO - Setting next_dagrun for example_external_task_marker_parent to None
[2021-08-28 23:52:40,546] {processor.py:170} INFO - Processing /home/paolo/Documents/Github/case-study-1-october2020-data-sweepers/DataExtraction/ENV/lib/python3.8/site-packages/airflow/example_dags/example_external_task_marker_dag.py took 0.129 seconds
[2021-08-28 23:53:12,237] {processor.py:162} INFO - Started process (PID=15644) to work on /home/paolo/Documents/Github/case-study-1-october2020-data-sweepers/DataExtraction/ENV/lib/python3.8/site-packages/airflow/example_dags/example_external_task_marker_dag.py
[2021-08-28 23:53:12,238] {processor.py:613} INFO - Processing file /home/paolo/Documents/Github/case-study-1-october2020-data-sweepers/DataExtraction/ENV/lib/python3.8/site-packages/airflow/example_dags/example_external_task_marker_dag.py for tasks to queue
[2021-08-28 23:53:12,239] {logging_mixin.py:109} INFO - [2021-08-28 23:53:12,239] {dagbag.py:496} INFO - Filling up the DagBag from /home/paolo/Documents/Github/case-study-1-october2020-data-sweepers/DataExtraction/ENV/lib/python3.8/site-packages/airflow/example_dags/example_external_task_marker_dag.py
[2021-08-28 23:53:12,249] {processor.py:623} INFO - DAG(s) dict_keys(['example_external_task_marker_parent', 'example_external_task_marker_child']) retrieved from /home/paolo/Documents/Github/case-study-1-october2020-data-sweepers/DataExtraction/ENV/lib/python3.8/site-packages/airflow/example_dags/example_external_task_marker_dag.py
[2021-08-28 23:53:12,267] {logging_mixin.py:109} INFO - [2021-08-28 23:53:12,267] {dag.py:1833} INFO - Sync 2 DAGs
[2021-08-28 23:53:12,280] {logging_mixin.py:109} INFO - [2021-08-28 23:53:12,280] {dag.py:2306} INFO - Setting next_dagrun for example_external_task_marker_child to None
[2021-08-28 23:53:12,282] {logging_mixin.py:109} INFO - [2021-08-28 23:53:12,281] {dag.py:2306} INFO - Setting next_dagrun for example_external_task_marker_parent to None
[2021-08-28 23:53:12,298] {processor.py:170} INFO - Processing /home/paolo/Documents/Github/case-study-1-october2020-data-sweepers/DataExtraction/ENV/lib/python3.8/site-packages/airflow/example_dags/example_external_task_marker_dag.py took 0.064 seconds
[2021-08-28 23:53:43,615] {processor.py:162} INFO - Started process (PID=15777) to work on /home/paolo/Documents/Github/case-study-1-october2020-data-sweepers/DataExtraction/ENV/lib/python3.8/site-packages/airflow/example_dags/example_external_task_marker_dag.py
[2021-08-28 23:53:43,616] {processor.py:613} INFO - Processing file /home/paolo/Documents/Github/case-study-1-october2020-data-sweepers/DataExtraction/ENV/lib/python3.8/site-packages/airflow/example_dags/example_external_task_marker_dag.py for tasks to queue
[2021-08-28 23:53:43,617] {logging_mixin.py:109} INFO - [2021-08-28 23:53:43,616] {dagbag.py:496} INFO - Filling up the DagBag from /home/paolo/Documents/Github/case-study-1-october2020-data-sweepers/DataExtraction/ENV/lib/python3.8/site-packages/airflow/example_dags/example_external_task_marker_dag.py
[2021-08-28 23:53:43,631] {processor.py:623} INFO - DAG(s) dict_keys(['example_external_task_marker_parent', 'example_external_task_marker_child']) retrieved from /home/paolo/Documents/Github/case-study-1-october2020-data-sweepers/DataExtraction/ENV/lib/python3.8/site-packages/airflow/example_dags/example_external_task_marker_dag.py
[2021-08-28 23:53:43,649] {logging_mixin.py:109} INFO - [2021-08-28 23:53:43,649] {dag.py:1833} INFO - Sync 2 DAGs
[2021-08-28 23:53:43,663] {logging_mixin.py:109} INFO - [2021-08-28 23:53:43,662] {dag.py:2306} INFO - Setting next_dagrun for example_external_task_marker_child to None
[2021-08-28 23:53:43,664] {logging_mixin.py:109} INFO - [2021-08-28 23:53:43,664] {dag.py:2306} INFO - Setting next_dagrun for example_external_task_marker_parent to None
[2021-08-28 23:53:43,682] {processor.py:170} INFO - Processing /home/paolo/Documents/Github/case-study-1-october2020-data-sweepers/DataExtraction/ENV/lib/python3.8/site-packages/airflow/example_dags/example_external_task_marker_dag.py took 0.071 seconds
[2021-08-28 23:55:59,626] {processor.py:162} INFO - Started process (PID=16283) to work on /home/paolo/Documents/Github/case-study-1-october2020-data-sweepers/DataExtraction/ENV/lib/python3.8/site-packages/airflow/example_dags/example_external_task_marker_dag.py
[2021-08-28 23:55:59,638] {processor.py:613} INFO - Processing file /home/paolo/Documents/Github/case-study-1-october2020-data-sweepers/DataExtraction/ENV/lib/python3.8/site-packages/airflow/example_dags/example_external_task_marker_dag.py for tasks to queue
[2021-08-28 23:55:59,639] {logging_mixin.py:109} INFO - [2021-08-28 23:55:59,638] {dagbag.py:496} INFO - Filling up the DagBag from /home/paolo/Documents/Github/case-study-1-october2020-data-sweepers/DataExtraction/ENV/lib/python3.8/site-packages/airflow/example_dags/example_external_task_marker_dag.py
[2021-08-28 23:55:59,680] {processor.py:623} INFO - DAG(s) dict_keys(['example_external_task_marker_parent', 'example_external_task_marker_child']) retrieved from /home/paolo/Documents/Github/case-study-1-october2020-data-sweepers/DataExtraction/ENV/lib/python3.8/site-packages/airflow/example_dags/example_external_task_marker_dag.py
[2021-08-28 23:55:59,716] {logging_mixin.py:109} INFO - [2021-08-28 23:55:59,716] {dag.py:1833} INFO - Sync 2 DAGs
[2021-08-28 23:55:59,731] {logging_mixin.py:109} INFO - [2021-08-28 23:55:59,731] {dag.py:2306} INFO - Setting next_dagrun for example_external_task_marker_child to None
[2021-08-28 23:55:59,732] {logging_mixin.py:109} INFO - [2021-08-28 23:55:59,732] {dag.py:2306} INFO - Setting next_dagrun for example_external_task_marker_parent to None
[2021-08-28 23:55:59,753] {processor.py:170} INFO - Processing /home/paolo/Documents/Github/case-study-1-october2020-data-sweepers/DataExtraction/ENV/lib/python3.8/site-packages/airflow/example_dags/example_external_task_marker_dag.py took 0.130 seconds
[2021-08-28 23:56:39,640] {processor.py:162} INFO - Started process (PID=16554) to work on /home/paolo/Documents/Github/case-study-1-october2020-data-sweepers/DataExtraction/ENV/lib/python3.8/site-packages/airflow/example_dags/example_external_task_marker_dag.py
[2021-08-28 23:56:39,654] {processor.py:613} INFO - Processing file /home/paolo/Documents/Github/case-study-1-october2020-data-sweepers/DataExtraction/ENV/lib/python3.8/site-packages/airflow/example_dags/example_external_task_marker_dag.py for tasks to queue
[2021-08-28 23:56:39,656] {logging_mixin.py:109} INFO - [2021-08-28 23:56:39,655] {dagbag.py:496} INFO - Filling up the DagBag from /home/paolo/Documents/Github/case-study-1-october2020-data-sweepers/DataExtraction/ENV/lib/python3.8/site-packages/airflow/example_dags/example_external_task_marker_dag.py
[2021-08-28 23:56:39,688] {processor.py:623} INFO - DAG(s) dict_keys(['example_external_task_marker_parent', 'example_external_task_marker_child']) retrieved from /home/paolo/Documents/Github/case-study-1-october2020-data-sweepers/DataExtraction/ENV/lib/python3.8/site-packages/airflow/example_dags/example_external_task_marker_dag.py
[2021-08-28 23:56:39,742] {logging_mixin.py:109} INFO - [2021-08-28 23:56:39,739] {dag.py:1833} INFO - Sync 2 DAGs
[2021-08-28 23:56:39,786] {logging_mixin.py:109} INFO - [2021-08-28 23:56:39,786] {dag.py:2306} INFO - Setting next_dagrun for example_external_task_marker_child to None
[2021-08-28 23:56:39,799] {logging_mixin.py:109} INFO - [2021-08-28 23:56:39,799] {dag.py:2306} INFO - Setting next_dagrun for example_external_task_marker_parent to None
[2021-08-28 23:56:39,880] {processor.py:170} INFO - Processing /home/paolo/Documents/Github/case-study-1-october2020-data-sweepers/DataExtraction/ENV/lib/python3.8/site-packages/airflow/example_dags/example_external_task_marker_dag.py took 0.243 seconds
[2021-08-28 23:57:18,796] {processor.py:162} INFO - Started process (PID=16881) to work on /home/paolo/Documents/Github/case-study-1-october2020-data-sweepers/DataExtraction/ENV/lib/python3.8/site-packages/airflow/example_dags/example_external_task_marker_dag.py
[2021-08-28 23:57:18,798] {processor.py:613} INFO - Processing file /home/paolo/Documents/Github/case-study-1-october2020-data-sweepers/DataExtraction/ENV/lib/python3.8/site-packages/airflow/example_dags/example_external_task_marker_dag.py for tasks to queue
[2021-08-28 23:57:18,800] {logging_mixin.py:109} INFO - [2021-08-28 23:57:18,799] {dagbag.py:496} INFO - Filling up the DagBag from /home/paolo/Documents/Github/case-study-1-october2020-data-sweepers/DataExtraction/ENV/lib/python3.8/site-packages/airflow/example_dags/example_external_task_marker_dag.py
[2021-08-28 23:57:18,817] {processor.py:623} INFO - DAG(s) dict_keys(['example_external_task_marker_parent', 'example_external_task_marker_child']) retrieved from /home/paolo/Documents/Github/case-study-1-october2020-data-sweepers/DataExtraction/ENV/lib/python3.8/site-packages/airflow/example_dags/example_external_task_marker_dag.py
[2021-08-28 23:57:18,833] {logging_mixin.py:109} INFO - [2021-08-28 23:57:18,833] {dag.py:1833} INFO - Sync 2 DAGs
[2021-08-28 23:57:18,844] {logging_mixin.py:109} INFO - [2021-08-28 23:57:18,844] {dag.py:2306} INFO - Setting next_dagrun for example_external_task_marker_child to None
[2021-08-28 23:57:18,845] {logging_mixin.py:109} INFO - [2021-08-28 23:57:18,845] {dag.py:2306} INFO - Setting next_dagrun for example_external_task_marker_parent to None
[2021-08-28 23:57:18,861] {processor.py:170} INFO - Processing /home/paolo/Documents/Github/case-study-1-october2020-data-sweepers/DataExtraction/ENV/lib/python3.8/site-packages/airflow/example_dags/example_external_task_marker_dag.py took 0.070 seconds
[2021-08-28 23:57:57,941] {processor.py:162} INFO - Started process (PID=17223) to work on /home/paolo/Documents/Github/case-study-1-october2020-data-sweepers/DataExtraction/ENV/lib/python3.8/site-packages/airflow/example_dags/example_external_task_marker_dag.py
[2021-08-28 23:57:57,942] {processor.py:613} INFO - Processing file /home/paolo/Documents/Github/case-study-1-october2020-data-sweepers/DataExtraction/ENV/lib/python3.8/site-packages/airflow/example_dags/example_external_task_marker_dag.py for tasks to queue
[2021-08-28 23:57:57,943] {logging_mixin.py:109} INFO - [2021-08-28 23:57:57,943] {dagbag.py:496} INFO - Filling up the DagBag from /home/paolo/Documents/Github/case-study-1-october2020-data-sweepers/DataExtraction/ENV/lib/python3.8/site-packages/airflow/example_dags/example_external_task_marker_dag.py
[2021-08-28 23:57:57,960] {processor.py:623} INFO - DAG(s) dict_keys(['example_external_task_marker_parent', 'example_external_task_marker_child']) retrieved from /home/paolo/Documents/Github/case-study-1-october2020-data-sweepers/DataExtraction/ENV/lib/python3.8/site-packages/airflow/example_dags/example_external_task_marker_dag.py
[2021-08-28 23:57:57,983] {logging_mixin.py:109} INFO - [2021-08-28 23:57:57,983] {dag.py:1833} INFO - Sync 2 DAGs
[2021-08-28 23:57:58,004] {logging_mixin.py:109} INFO - [2021-08-28 23:57:58,004] {dag.py:2306} INFO - Setting next_dagrun for example_external_task_marker_child to None
[2021-08-28 23:57:58,007] {logging_mixin.py:109} INFO - [2021-08-28 23:57:58,007] {dag.py:2306} INFO - Setting next_dagrun for example_external_task_marker_parent to None
[2021-08-28 23:57:58,030] {processor.py:170} INFO - Processing /home/paolo/Documents/Github/case-study-1-october2020-data-sweepers/DataExtraction/ENV/lib/python3.8/site-packages/airflow/example_dags/example_external_task_marker_dag.py took 0.093 seconds
[2021-08-28 23:58:35,634] {processor.py:162} INFO - Started process (PID=17524) to work on /home/paolo/Documents/Github/case-study-1-october2020-data-sweepers/DataExtraction/ENV/lib/python3.8/site-packages/airflow/example_dags/example_external_task_marker_dag.py
[2021-08-28 23:58:35,637] {processor.py:613} INFO - Processing file /home/paolo/Documents/Github/case-study-1-october2020-data-sweepers/DataExtraction/ENV/lib/python3.8/site-packages/airflow/example_dags/example_external_task_marker_dag.py for tasks to queue
[2021-08-28 23:58:35,638] {logging_mixin.py:109} INFO - [2021-08-28 23:58:35,638] {dagbag.py:496} INFO - Filling up the DagBag from /home/paolo/Documents/Github/case-study-1-october2020-data-sweepers/DataExtraction/ENV/lib/python3.8/site-packages/airflow/example_dags/example_external_task_marker_dag.py
[2021-08-28 23:58:35,657] {processor.py:623} INFO - DAG(s) dict_keys(['example_external_task_marker_parent', 'example_external_task_marker_child']) retrieved from /home/paolo/Documents/Github/case-study-1-october2020-data-sweepers/DataExtraction/ENV/lib/python3.8/site-packages/airflow/example_dags/example_external_task_marker_dag.py
[2021-08-28 23:58:35,671] {logging_mixin.py:109} INFO - [2021-08-28 23:58:35,671] {dag.py:1833} INFO - Sync 2 DAGs
[2021-08-28 23:58:35,681] {logging_mixin.py:109} INFO - [2021-08-28 23:58:35,681] {dag.py:2306} INFO - Setting next_dagrun for example_external_task_marker_child to None
[2021-08-28 23:58:35,681] {logging_mixin.py:109} INFO - [2021-08-28 23:58:35,681] {dag.py:2306} INFO - Setting next_dagrun for example_external_task_marker_parent to None
[2021-08-28 23:58:35,698] {processor.py:170} INFO - Processing /home/paolo/Documents/Github/case-study-1-october2020-data-sweepers/DataExtraction/ENV/lib/python3.8/site-packages/airflow/example_dags/example_external_task_marker_dag.py took 0.070 seconds
