[2021-08-28 23:37:21,096] {processor.py:162} INFO - Started process (PID=13061) to work on /home/paolo/Documents/Github/case-study-1-october2020-data-sweepers/DataExtraction/ENV/lib/python3.8/site-packages/airflow/example_dags/example_skip_dag.py
[2021-08-28 23:37:21,098] {processor.py:613} INFO - Processing file /home/paolo/Documents/Github/case-study-1-october2020-data-sweepers/DataExtraction/ENV/lib/python3.8/site-packages/airflow/example_dags/example_skip_dag.py for tasks to queue
[2021-08-28 23:37:21,099] {logging_mixin.py:109} INFO - [2021-08-28 23:37:21,099] {dagbag.py:496} INFO - Filling up the DagBag from /home/paolo/Documents/Github/case-study-1-october2020-data-sweepers/DataExtraction/ENV/lib/python3.8/site-packages/airflow/example_dags/example_skip_dag.py
[2021-08-28 23:37:21,110] {processor.py:623} INFO - DAG(s) dict_keys(['example_skip_dag']) retrieved from /home/paolo/Documents/Github/case-study-1-october2020-data-sweepers/DataExtraction/ENV/lib/python3.8/site-packages/airflow/example_dags/example_skip_dag.py
[2021-08-28 23:37:21,126] {logging_mixin.py:109} INFO - [2021-08-28 23:37:21,126] {dag.py:1833} INFO - Sync 1 DAGs
[2021-08-28 23:37:21,135] {logging_mixin.py:109} INFO - [2021-08-28 23:37:21,135] {dag.py:2306} INFO - Setting next_dagrun for example_skip_dag to 2021-08-26 00:00:00+00:00
[2021-08-28 23:37:21,147] {processor.py:170} INFO - Processing /home/paolo/Documents/Github/case-study-1-october2020-data-sweepers/DataExtraction/ENV/lib/python3.8/site-packages/airflow/example_dags/example_skip_dag.py took 0.056 seconds
[2021-08-28 23:37:57,680] {processor.py:162} INFO - Started process (PID=13226) to work on /home/paolo/Documents/Github/case-study-1-october2020-data-sweepers/DataExtraction/ENV/lib/python3.8/site-packages/airflow/example_dags/example_skip_dag.py
[2021-08-28 23:37:57,682] {processor.py:613} INFO - Processing file /home/paolo/Documents/Github/case-study-1-october2020-data-sweepers/DataExtraction/ENV/lib/python3.8/site-packages/airflow/example_dags/example_skip_dag.py for tasks to queue
[2021-08-28 23:37:57,684] {logging_mixin.py:109} INFO - [2021-08-28 23:37:57,683] {dagbag.py:496} INFO - Filling up the DagBag from /home/paolo/Documents/Github/case-study-1-october2020-data-sweepers/DataExtraction/ENV/lib/python3.8/site-packages/airflow/example_dags/example_skip_dag.py
[2021-08-28 23:37:57,706] {processor.py:623} INFO - DAG(s) dict_keys(['example_skip_dag']) retrieved from /home/paolo/Documents/Github/case-study-1-october2020-data-sweepers/DataExtraction/ENV/lib/python3.8/site-packages/airflow/example_dags/example_skip_dag.py
[2021-08-28 23:37:57,741] {logging_mixin.py:109} INFO - [2021-08-28 23:37:57,741] {dag.py:1833} INFO - Sync 1 DAGs
[2021-08-28 23:37:57,769] {logging_mixin.py:109} INFO - [2021-08-28 23:37:57,768] {dag.py:2306} INFO - Setting next_dagrun for example_skip_dag to 2021-08-26 00:00:00+00:00
[2021-08-28 23:37:57,804] {processor.py:170} INFO - Processing /home/paolo/Documents/Github/case-study-1-october2020-data-sweepers/DataExtraction/ENV/lib/python3.8/site-packages/airflow/example_dags/example_skip_dag.py took 0.131 seconds
[2021-08-28 23:38:38,685] {processor.py:162} INFO - Started process (PID=13319) to work on /home/paolo/Documents/Github/case-study-1-october2020-data-sweepers/DataExtraction/ENV/lib/python3.8/site-packages/airflow/example_dags/example_skip_dag.py
[2021-08-28 23:38:38,695] {processor.py:613} INFO - Processing file /home/paolo/Documents/Github/case-study-1-october2020-data-sweepers/DataExtraction/ENV/lib/python3.8/site-packages/airflow/example_dags/example_skip_dag.py for tasks to queue
[2021-08-28 23:38:38,700] {logging_mixin.py:109} INFO - [2021-08-28 23:38:38,699] {dagbag.py:496} INFO - Filling up the DagBag from /home/paolo/Documents/Github/case-study-1-october2020-data-sweepers/DataExtraction/ENV/lib/python3.8/site-packages/airflow/example_dags/example_skip_dag.py
[2021-08-28 23:38:38,786] {processor.py:623} INFO - DAG(s) dict_keys(['example_skip_dag']) retrieved from /home/paolo/Documents/Github/case-study-1-october2020-data-sweepers/DataExtraction/ENV/lib/python3.8/site-packages/airflow/example_dags/example_skip_dag.py
[2021-08-28 23:38:38,839] {logging_mixin.py:109} INFO - [2021-08-28 23:38:38,839] {dag.py:1833} INFO - Sync 1 DAGs
[2021-08-28 23:38:38,929] {logging_mixin.py:109} INFO - [2021-08-28 23:38:38,921] {dag.py:2306} INFO - Setting next_dagrun for example_skip_dag to 2021-08-26 00:00:00+00:00
[2021-08-28 23:38:38,991] {processor.py:170} INFO - Processing /home/paolo/Documents/Github/case-study-1-october2020-data-sweepers/DataExtraction/ENV/lib/python3.8/site-packages/airflow/example_dags/example_skip_dag.py took 0.323 seconds
[2021-08-28 23:39:13,887] {processor.py:162} INFO - Started process (PID=13411) to work on /home/paolo/Documents/Github/case-study-1-october2020-data-sweepers/DataExtraction/ENV/lib/python3.8/site-packages/airflow/example_dags/example_skip_dag.py
[2021-08-28 23:39:13,893] {processor.py:613} INFO - Processing file /home/paolo/Documents/Github/case-study-1-october2020-data-sweepers/DataExtraction/ENV/lib/python3.8/site-packages/airflow/example_dags/example_skip_dag.py for tasks to queue
[2021-08-28 23:39:13,899] {logging_mixin.py:109} INFO - [2021-08-28 23:39:13,899] {dagbag.py:496} INFO - Filling up the DagBag from /home/paolo/Documents/Github/case-study-1-october2020-data-sweepers/DataExtraction/ENV/lib/python3.8/site-packages/airflow/example_dags/example_skip_dag.py
[2021-08-28 23:39:13,921] {processor.py:623} INFO - DAG(s) dict_keys(['example_skip_dag']) retrieved from /home/paolo/Documents/Github/case-study-1-october2020-data-sweepers/DataExtraction/ENV/lib/python3.8/site-packages/airflow/example_dags/example_skip_dag.py
[2021-08-28 23:39:13,947] {logging_mixin.py:109} INFO - [2021-08-28 23:39:13,947] {dag.py:1833} INFO - Sync 1 DAGs
[2021-08-28 23:39:13,968] {logging_mixin.py:109} INFO - [2021-08-28 23:39:13,968] {dag.py:2306} INFO - Setting next_dagrun for example_skip_dag to 2021-08-26 00:00:00+00:00
[2021-08-28 23:39:14,016] {processor.py:170} INFO - Processing /home/paolo/Documents/Github/case-study-1-october2020-data-sweepers/DataExtraction/ENV/lib/python3.8/site-packages/airflow/example_dags/example_skip_dag.py took 0.132 seconds
[2021-08-28 23:39:50,027] {processor.py:162} INFO - Started process (PID=13605) to work on /home/paolo/Documents/Github/case-study-1-october2020-data-sweepers/DataExtraction/ENV/lib/python3.8/site-packages/airflow/example_dags/example_skip_dag.py
[2021-08-28 23:39:50,028] {processor.py:613} INFO - Processing file /home/paolo/Documents/Github/case-study-1-october2020-data-sweepers/DataExtraction/ENV/lib/python3.8/site-packages/airflow/example_dags/example_skip_dag.py for tasks to queue
[2021-08-28 23:39:50,029] {logging_mixin.py:109} INFO - [2021-08-28 23:39:50,028] {dagbag.py:496} INFO - Filling up the DagBag from /home/paolo/Documents/Github/case-study-1-october2020-data-sweepers/DataExtraction/ENV/lib/python3.8/site-packages/airflow/example_dags/example_skip_dag.py
[2021-08-28 23:39:50,045] {processor.py:623} INFO - DAG(s) dict_keys(['example_skip_dag']) retrieved from /home/paolo/Documents/Github/case-study-1-october2020-data-sweepers/DataExtraction/ENV/lib/python3.8/site-packages/airflow/example_dags/example_skip_dag.py
[2021-08-28 23:39:50,066] {logging_mixin.py:109} INFO - [2021-08-28 23:39:50,066] {dag.py:1833} INFO - Sync 1 DAGs
[2021-08-28 23:39:50,084] {logging_mixin.py:109} INFO - [2021-08-28 23:39:50,084] {dag.py:2306} INFO - Setting next_dagrun for example_skip_dag to 2021-08-26 00:00:00+00:00
[2021-08-28 23:39:50,112] {processor.py:170} INFO - Processing /home/paolo/Documents/Github/case-study-1-october2020-data-sweepers/DataExtraction/ENV/lib/python3.8/site-packages/airflow/example_dags/example_skip_dag.py took 0.092 seconds
[2021-08-28 23:40:28,110] {processor.py:162} INFO - Started process (PID=13807) to work on /home/paolo/Documents/Github/case-study-1-october2020-data-sweepers/DataExtraction/ENV/lib/python3.8/site-packages/airflow/example_dags/example_skip_dag.py
[2021-08-28 23:40:28,135] {processor.py:613} INFO - Processing file /home/paolo/Documents/Github/case-study-1-october2020-data-sweepers/DataExtraction/ENV/lib/python3.8/site-packages/airflow/example_dags/example_skip_dag.py for tasks to queue
[2021-08-28 23:40:28,136] {logging_mixin.py:109} INFO - [2021-08-28 23:40:28,136] {dagbag.py:496} INFO - Filling up the DagBag from /home/paolo/Documents/Github/case-study-1-october2020-data-sweepers/DataExtraction/ENV/lib/python3.8/site-packages/airflow/example_dags/example_skip_dag.py
[2021-08-28 23:40:28,174] {processor.py:623} INFO - DAG(s) dict_keys(['example_skip_dag']) retrieved from /home/paolo/Documents/Github/case-study-1-october2020-data-sweepers/DataExtraction/ENV/lib/python3.8/site-packages/airflow/example_dags/example_skip_dag.py
[2021-08-28 23:40:28,217] {logging_mixin.py:109} INFO - [2021-08-28 23:40:28,216] {dag.py:1833} INFO - Sync 1 DAGs
[2021-08-28 23:40:28,288] {logging_mixin.py:109} INFO - [2021-08-28 23:40:28,288] {dag.py:2306} INFO - Setting next_dagrun for example_skip_dag to 2021-08-26 00:00:00+00:00
[2021-08-28 23:40:28,312] {processor.py:170} INFO - Processing /home/paolo/Documents/Github/case-study-1-october2020-data-sweepers/DataExtraction/ENV/lib/python3.8/site-packages/airflow/example_dags/example_skip_dag.py took 0.206 seconds
[2021-08-28 23:41:06,184] {processor.py:162} INFO - Started process (PID=14000) to work on /home/paolo/Documents/Github/case-study-1-october2020-data-sweepers/DataExtraction/ENV/lib/python3.8/site-packages/airflow/example_dags/example_skip_dag.py
[2021-08-28 23:41:06,185] {processor.py:613} INFO - Processing file /home/paolo/Documents/Github/case-study-1-october2020-data-sweepers/DataExtraction/ENV/lib/python3.8/site-packages/airflow/example_dags/example_skip_dag.py for tasks to queue
[2021-08-28 23:41:06,186] {logging_mixin.py:109} INFO - [2021-08-28 23:41:06,186] {dagbag.py:496} INFO - Filling up the DagBag from /home/paolo/Documents/Github/case-study-1-october2020-data-sweepers/DataExtraction/ENV/lib/python3.8/site-packages/airflow/example_dags/example_skip_dag.py
[2021-08-28 23:41:06,196] {processor.py:623} INFO - DAG(s) dict_keys(['example_skip_dag']) retrieved from /home/paolo/Documents/Github/case-study-1-october2020-data-sweepers/DataExtraction/ENV/lib/python3.8/site-packages/airflow/example_dags/example_skip_dag.py
[2021-08-28 23:41:06,207] {logging_mixin.py:109} INFO - [2021-08-28 23:41:06,207] {dag.py:1833} INFO - Sync 1 DAGs
[2021-08-28 23:41:06,220] {logging_mixin.py:109} INFO - [2021-08-28 23:41:06,220] {dag.py:2306} INFO - Setting next_dagrun for example_skip_dag to 2021-08-26 00:00:00+00:00
[2021-08-28 23:41:06,266] {processor.py:170} INFO - Processing /home/paolo/Documents/Github/case-study-1-october2020-data-sweepers/DataExtraction/ENV/lib/python3.8/site-packages/airflow/example_dags/example_skip_dag.py took 0.084 seconds
[2021-08-28 23:41:42,908] {processor.py:162} INFO - Started process (PID=14114) to work on /home/paolo/Documents/Github/case-study-1-october2020-data-sweepers/DataExtraction/ENV/lib/python3.8/site-packages/airflow/example_dags/example_skip_dag.py
[2021-08-28 23:41:42,911] {processor.py:613} INFO - Processing file /home/paolo/Documents/Github/case-study-1-october2020-data-sweepers/DataExtraction/ENV/lib/python3.8/site-packages/airflow/example_dags/example_skip_dag.py for tasks to queue
[2021-08-28 23:41:42,912] {logging_mixin.py:109} INFO - [2021-08-28 23:41:42,912] {dagbag.py:496} INFO - Filling up the DagBag from /home/paolo/Documents/Github/case-study-1-october2020-data-sweepers/DataExtraction/ENV/lib/python3.8/site-packages/airflow/example_dags/example_skip_dag.py
[2021-08-28 23:41:42,927] {processor.py:623} INFO - DAG(s) dict_keys(['example_skip_dag']) retrieved from /home/paolo/Documents/Github/case-study-1-october2020-data-sweepers/DataExtraction/ENV/lib/python3.8/site-packages/airflow/example_dags/example_skip_dag.py
[2021-08-28 23:41:42,939] {logging_mixin.py:109} INFO - [2021-08-28 23:41:42,939] {dag.py:1833} INFO - Sync 1 DAGs
[2021-08-28 23:41:42,948] {logging_mixin.py:109} INFO - [2021-08-28 23:41:42,948] {dag.py:2306} INFO - Setting next_dagrun for example_skip_dag to 2021-08-26 00:00:00+00:00
[2021-08-28 23:41:42,965] {processor.py:170} INFO - Processing /home/paolo/Documents/Github/case-study-1-october2020-data-sweepers/DataExtraction/ENV/lib/python3.8/site-packages/airflow/example_dags/example_skip_dag.py took 0.063 seconds
[2021-08-28 23:42:15,623] {processor.py:162} INFO - Started process (PID=14215) to work on /home/paolo/Documents/Github/case-study-1-october2020-data-sweepers/DataExtraction/ENV/lib/python3.8/site-packages/airflow/example_dags/example_skip_dag.py
[2021-08-28 23:42:15,624] {processor.py:613} INFO - Processing file /home/paolo/Documents/Github/case-study-1-october2020-data-sweepers/DataExtraction/ENV/lib/python3.8/site-packages/airflow/example_dags/example_skip_dag.py for tasks to queue
[2021-08-28 23:42:15,625] {logging_mixin.py:109} INFO - [2021-08-28 23:42:15,625] {dagbag.py:496} INFO - Filling up the DagBag from /home/paolo/Documents/Github/case-study-1-october2020-data-sweepers/DataExtraction/ENV/lib/python3.8/site-packages/airflow/example_dags/example_skip_dag.py
[2021-08-28 23:42:15,636] {processor.py:623} INFO - DAG(s) dict_keys(['example_skip_dag']) retrieved from /home/paolo/Documents/Github/case-study-1-october2020-data-sweepers/DataExtraction/ENV/lib/python3.8/site-packages/airflow/example_dags/example_skip_dag.py
[2021-08-28 23:42:15,653] {logging_mixin.py:109} INFO - [2021-08-28 23:42:15,652] {dag.py:1833} INFO - Sync 1 DAGs
[2021-08-28 23:42:15,666] {logging_mixin.py:109} INFO - [2021-08-28 23:42:15,666] {dag.py:2306} INFO - Setting next_dagrun for example_skip_dag to 2021-08-26 00:00:00+00:00
[2021-08-28 23:42:15,680] {processor.py:170} INFO - Processing /home/paolo/Documents/Github/case-study-1-october2020-data-sweepers/DataExtraction/ENV/lib/python3.8/site-packages/airflow/example_dags/example_skip_dag.py took 0.059 seconds
[2021-08-28 23:42:47,811] {processor.py:162} INFO - Started process (PID=14285) to work on /home/paolo/Documents/Github/case-study-1-october2020-data-sweepers/DataExtraction/ENV/lib/python3.8/site-packages/airflow/example_dags/example_skip_dag.py
[2021-08-28 23:42:47,812] {processor.py:613} INFO - Processing file /home/paolo/Documents/Github/case-study-1-october2020-data-sweepers/DataExtraction/ENV/lib/python3.8/site-packages/airflow/example_dags/example_skip_dag.py for tasks to queue
[2021-08-28 23:42:47,813] {logging_mixin.py:109} INFO - [2021-08-28 23:42:47,813] {dagbag.py:496} INFO - Filling up the DagBag from /home/paolo/Documents/Github/case-study-1-october2020-data-sweepers/DataExtraction/ENV/lib/python3.8/site-packages/airflow/example_dags/example_skip_dag.py
[2021-08-28 23:42:47,821] {processor.py:623} INFO - DAG(s) dict_keys(['example_skip_dag']) retrieved from /home/paolo/Documents/Github/case-study-1-october2020-data-sweepers/DataExtraction/ENV/lib/python3.8/site-packages/airflow/example_dags/example_skip_dag.py
[2021-08-28 23:42:47,832] {logging_mixin.py:109} INFO - [2021-08-28 23:42:47,832] {dag.py:1833} INFO - Sync 1 DAGs
[2021-08-28 23:42:47,842] {logging_mixin.py:109} INFO - [2021-08-28 23:42:47,842] {dag.py:2306} INFO - Setting next_dagrun for example_skip_dag to 2021-08-26 00:00:00+00:00
[2021-08-28 23:42:47,854] {processor.py:170} INFO - Processing /home/paolo/Documents/Github/case-study-1-october2020-data-sweepers/DataExtraction/ENV/lib/python3.8/site-packages/airflow/example_dags/example_skip_dag.py took 0.045 seconds
[2021-08-28 23:43:19,046] {processor.py:162} INFO - Started process (PID=14359) to work on /home/paolo/Documents/Github/case-study-1-october2020-data-sweepers/DataExtraction/ENV/lib/python3.8/site-packages/airflow/example_dags/example_skip_dag.py
[2021-08-28 23:43:19,047] {processor.py:613} INFO - Processing file /home/paolo/Documents/Github/case-study-1-october2020-data-sweepers/DataExtraction/ENV/lib/python3.8/site-packages/airflow/example_dags/example_skip_dag.py for tasks to queue
[2021-08-28 23:43:19,047] {logging_mixin.py:109} INFO - [2021-08-28 23:43:19,047] {dagbag.py:496} INFO - Filling up the DagBag from /home/paolo/Documents/Github/case-study-1-october2020-data-sweepers/DataExtraction/ENV/lib/python3.8/site-packages/airflow/example_dags/example_skip_dag.py
[2021-08-28 23:43:19,056] {processor.py:623} INFO - DAG(s) dict_keys(['example_skip_dag']) retrieved from /home/paolo/Documents/Github/case-study-1-october2020-data-sweepers/DataExtraction/ENV/lib/python3.8/site-packages/airflow/example_dags/example_skip_dag.py
[2021-08-28 23:43:19,067] {logging_mixin.py:109} INFO - [2021-08-28 23:43:19,067] {dag.py:1833} INFO - Sync 1 DAGs
[2021-08-28 23:43:19,076] {logging_mixin.py:109} INFO - [2021-08-28 23:43:19,076] {dag.py:2306} INFO - Setting next_dagrun for example_skip_dag to 2021-08-26 00:00:00+00:00
[2021-08-28 23:43:19,093] {processor.py:170} INFO - Processing /home/paolo/Documents/Github/case-study-1-october2020-data-sweepers/DataExtraction/ENV/lib/python3.8/site-packages/airflow/example_dags/example_skip_dag.py took 0.049 seconds
[2021-08-28 23:43:49,176] {processor.py:162} INFO - Started process (PID=14424) to work on /home/paolo/Documents/Github/case-study-1-october2020-data-sweepers/DataExtraction/ENV/lib/python3.8/site-packages/airflow/example_dags/example_skip_dag.py
[2021-08-28 23:43:49,179] {processor.py:613} INFO - Processing file /home/paolo/Documents/Github/case-study-1-october2020-data-sweepers/DataExtraction/ENV/lib/python3.8/site-packages/airflow/example_dags/example_skip_dag.py for tasks to queue
[2021-08-28 23:43:49,182] {logging_mixin.py:109} INFO - [2021-08-28 23:43:49,181] {dagbag.py:496} INFO - Filling up the DagBag from /home/paolo/Documents/Github/case-study-1-october2020-data-sweepers/DataExtraction/ENV/lib/python3.8/site-packages/airflow/example_dags/example_skip_dag.py
[2021-08-28 23:43:49,194] {processor.py:623} INFO - DAG(s) dict_keys(['example_skip_dag']) retrieved from /home/paolo/Documents/Github/case-study-1-october2020-data-sweepers/DataExtraction/ENV/lib/python3.8/site-packages/airflow/example_dags/example_skip_dag.py
[2021-08-28 23:43:49,206] {logging_mixin.py:109} INFO - [2021-08-28 23:43:49,206] {dag.py:1833} INFO - Sync 1 DAGs
[2021-08-28 23:43:49,215] {logging_mixin.py:109} INFO - [2021-08-28 23:43:49,215] {dag.py:2306} INFO - Setting next_dagrun for example_skip_dag to 2021-08-26 00:00:00+00:00
[2021-08-28 23:43:49,231] {processor.py:170} INFO - Processing /home/paolo/Documents/Github/case-study-1-october2020-data-sweepers/DataExtraction/ENV/lib/python3.8/site-packages/airflow/example_dags/example_skip_dag.py took 0.061 seconds
[2021-08-28 23:44:20,856] {processor.py:162} INFO - Started process (PID=14486) to work on /home/paolo/Documents/Github/case-study-1-october2020-data-sweepers/DataExtraction/ENV/lib/python3.8/site-packages/airflow/example_dags/example_skip_dag.py
[2021-08-28 23:44:20,860] {processor.py:613} INFO - Processing file /home/paolo/Documents/Github/case-study-1-october2020-data-sweepers/DataExtraction/ENV/lib/python3.8/site-packages/airflow/example_dags/example_skip_dag.py for tasks to queue
[2021-08-28 23:44:20,861] {logging_mixin.py:109} INFO - [2021-08-28 23:44:20,861] {dagbag.py:496} INFO - Filling up the DagBag from /home/paolo/Documents/Github/case-study-1-october2020-data-sweepers/DataExtraction/ENV/lib/python3.8/site-packages/airflow/example_dags/example_skip_dag.py
[2021-08-28 23:44:20,881] {processor.py:623} INFO - DAG(s) dict_keys(['example_skip_dag']) retrieved from /home/paolo/Documents/Github/case-study-1-october2020-data-sweepers/DataExtraction/ENV/lib/python3.8/site-packages/airflow/example_dags/example_skip_dag.py
[2021-08-28 23:44:20,906] {logging_mixin.py:109} INFO - [2021-08-28 23:44:20,906] {dag.py:1833} INFO - Sync 1 DAGs
[2021-08-28 23:44:20,928] {logging_mixin.py:109} INFO - [2021-08-28 23:44:20,928] {dag.py:2306} INFO - Setting next_dagrun for example_skip_dag to 2021-08-26 00:00:00+00:00
[2021-08-28 23:44:20,949] {processor.py:170} INFO - Processing /home/paolo/Documents/Github/case-study-1-october2020-data-sweepers/DataExtraction/ENV/lib/python3.8/site-packages/airflow/example_dags/example_skip_dag.py took 0.098 seconds
[2021-08-28 23:44:57,988] {processor.py:162} INFO - Started process (PID=14566) to work on /home/paolo/Documents/Github/case-study-1-october2020-data-sweepers/DataExtraction/ENV/lib/python3.8/site-packages/airflow/example_dags/example_skip_dag.py
[2021-08-28 23:44:57,990] {processor.py:613} INFO - Processing file /home/paolo/Documents/Github/case-study-1-october2020-data-sweepers/DataExtraction/ENV/lib/python3.8/site-packages/airflow/example_dags/example_skip_dag.py for tasks to queue
[2021-08-28 23:44:57,991] {logging_mixin.py:109} INFO - [2021-08-28 23:44:57,990] {dagbag.py:496} INFO - Filling up the DagBag from /home/paolo/Documents/Github/case-study-1-october2020-data-sweepers/DataExtraction/ENV/lib/python3.8/site-packages/airflow/example_dags/example_skip_dag.py
[2021-08-28 23:44:58,031] {processor.py:623} INFO - DAG(s) dict_keys(['example_skip_dag']) retrieved from /home/paolo/Documents/Github/case-study-1-october2020-data-sweepers/DataExtraction/ENV/lib/python3.8/site-packages/airflow/example_dags/example_skip_dag.py
[2021-08-28 23:44:58,065] {logging_mixin.py:109} INFO - [2021-08-28 23:44:58,065] {dag.py:1833} INFO - Sync 1 DAGs
[2021-08-28 23:44:58,091] {logging_mixin.py:109} INFO - [2021-08-28 23:44:58,091] {dag.py:2306} INFO - Setting next_dagrun for example_skip_dag to 2021-08-26 00:00:00+00:00
[2021-08-28 23:44:58,124] {processor.py:170} INFO - Processing /home/paolo/Documents/Github/case-study-1-october2020-data-sweepers/DataExtraction/ENV/lib/python3.8/site-packages/airflow/example_dags/example_skip_dag.py took 0.150 seconds
[2021-08-28 23:45:38,464] {processor.py:162} INFO - Started process (PID=14633) to work on /home/paolo/Documents/Github/case-study-1-october2020-data-sweepers/DataExtraction/ENV/lib/python3.8/site-packages/airflow/example_dags/example_skip_dag.py
[2021-08-28 23:45:38,466] {processor.py:613} INFO - Processing file /home/paolo/Documents/Github/case-study-1-october2020-data-sweepers/DataExtraction/ENV/lib/python3.8/site-packages/airflow/example_dags/example_skip_dag.py for tasks to queue
[2021-08-28 23:45:38,468] {logging_mixin.py:109} INFO - [2021-08-28 23:45:38,468] {dagbag.py:496} INFO - Filling up the DagBag from /home/paolo/Documents/Github/case-study-1-october2020-data-sweepers/DataExtraction/ENV/lib/python3.8/site-packages/airflow/example_dags/example_skip_dag.py
[2021-08-28 23:45:38,495] {processor.py:623} INFO - DAG(s) dict_keys(['example_skip_dag']) retrieved from /home/paolo/Documents/Github/case-study-1-october2020-data-sweepers/DataExtraction/ENV/lib/python3.8/site-packages/airflow/example_dags/example_skip_dag.py
[2021-08-28 23:45:38,520] {logging_mixin.py:109} INFO - [2021-08-28 23:45:38,520] {dag.py:1833} INFO - Sync 1 DAGs
[2021-08-28 23:45:38,544] {logging_mixin.py:109} INFO - [2021-08-28 23:45:38,544] {dag.py:2306} INFO - Setting next_dagrun for example_skip_dag to 2021-08-26 00:00:00+00:00
[2021-08-28 23:45:38,564] {processor.py:170} INFO - Processing /home/paolo/Documents/Github/case-study-1-october2020-data-sweepers/DataExtraction/ENV/lib/python3.8/site-packages/airflow/example_dags/example_skip_dag.py took 0.110 seconds
[2021-08-28 23:46:20,536] {processor.py:162} INFO - Started process (PID=14698) to work on /home/paolo/Documents/Github/case-study-1-october2020-data-sweepers/DataExtraction/ENV/lib/python3.8/site-packages/airflow/example_dags/example_skip_dag.py
[2021-08-28 23:46:20,538] {processor.py:613} INFO - Processing file /home/paolo/Documents/Github/case-study-1-october2020-data-sweepers/DataExtraction/ENV/lib/python3.8/site-packages/airflow/example_dags/example_skip_dag.py for tasks to queue
[2021-08-28 23:46:20,541] {logging_mixin.py:109} INFO - [2021-08-28 23:46:20,540] {dagbag.py:496} INFO - Filling up the DagBag from /home/paolo/Documents/Github/case-study-1-october2020-data-sweepers/DataExtraction/ENV/lib/python3.8/site-packages/airflow/example_dags/example_skip_dag.py
[2021-08-28 23:46:20,561] {processor.py:623} INFO - DAG(s) dict_keys(['example_skip_dag']) retrieved from /home/paolo/Documents/Github/case-study-1-october2020-data-sweepers/DataExtraction/ENV/lib/python3.8/site-packages/airflow/example_dags/example_skip_dag.py
[2021-08-28 23:46:20,583] {logging_mixin.py:109} INFO - [2021-08-28 23:46:20,583] {dag.py:1833} INFO - Sync 1 DAGs
[2021-08-28 23:46:20,602] {logging_mixin.py:109} INFO - [2021-08-28 23:46:20,601] {dag.py:2306} INFO - Setting next_dagrun for example_skip_dag to 2021-08-26 00:00:00+00:00
[2021-08-28 23:46:20,630] {processor.py:170} INFO - Processing /home/paolo/Documents/Github/case-study-1-october2020-data-sweepers/DataExtraction/ENV/lib/python3.8/site-packages/airflow/example_dags/example_skip_dag.py took 0.097 seconds
[2021-08-28 23:46:58,731] {processor.py:162} INFO - Started process (PID=14778) to work on /home/paolo/Documents/Github/case-study-1-october2020-data-sweepers/DataExtraction/ENV/lib/python3.8/site-packages/airflow/example_dags/example_skip_dag.py
[2021-08-28 23:46:58,733] {processor.py:613} INFO - Processing file /home/paolo/Documents/Github/case-study-1-october2020-data-sweepers/DataExtraction/ENV/lib/python3.8/site-packages/airflow/example_dags/example_skip_dag.py for tasks to queue
[2021-08-28 23:46:58,733] {logging_mixin.py:109} INFO - [2021-08-28 23:46:58,733] {dagbag.py:496} INFO - Filling up the DagBag from /home/paolo/Documents/Github/case-study-1-october2020-data-sweepers/DataExtraction/ENV/lib/python3.8/site-packages/airflow/example_dags/example_skip_dag.py
[2021-08-28 23:46:58,758] {processor.py:623} INFO - DAG(s) dict_keys(['example_skip_dag']) retrieved from /home/paolo/Documents/Github/case-study-1-october2020-data-sweepers/DataExtraction/ENV/lib/python3.8/site-packages/airflow/example_dags/example_skip_dag.py
[2021-08-28 23:46:58,777] {logging_mixin.py:109} INFO - [2021-08-28 23:46:58,777] {dag.py:1833} INFO - Sync 1 DAGs
[2021-08-28 23:46:58,794] {logging_mixin.py:109} INFO - [2021-08-28 23:46:58,794] {dag.py:2306} INFO - Setting next_dagrun for example_skip_dag to 2021-08-26 00:00:00+00:00
[2021-08-28 23:46:58,823] {processor.py:170} INFO - Processing /home/paolo/Documents/Github/case-study-1-october2020-data-sweepers/DataExtraction/ENV/lib/python3.8/site-packages/airflow/example_dags/example_skip_dag.py took 0.096 seconds
[2021-08-28 23:47:36,782] {processor.py:162} INFO - Started process (PID=14862) to work on /home/paolo/Documents/Github/case-study-1-october2020-data-sweepers/DataExtraction/ENV/lib/python3.8/site-packages/airflow/example_dags/example_skip_dag.py
[2021-08-28 23:47:36,785] {processor.py:613} INFO - Processing file /home/paolo/Documents/Github/case-study-1-october2020-data-sweepers/DataExtraction/ENV/lib/python3.8/site-packages/airflow/example_dags/example_skip_dag.py for tasks to queue
[2021-08-28 23:47:36,788] {logging_mixin.py:109} INFO - [2021-08-28 23:47:36,787] {dagbag.py:496} INFO - Filling up the DagBag from /home/paolo/Documents/Github/case-study-1-october2020-data-sweepers/DataExtraction/ENV/lib/python3.8/site-packages/airflow/example_dags/example_skip_dag.py
[2021-08-28 23:47:36,811] {processor.py:623} INFO - DAG(s) dict_keys(['example_skip_dag']) retrieved from /home/paolo/Documents/Github/case-study-1-october2020-data-sweepers/DataExtraction/ENV/lib/python3.8/site-packages/airflow/example_dags/example_skip_dag.py
[2021-08-28 23:47:36,841] {logging_mixin.py:109} INFO - [2021-08-28 23:47:36,841] {dag.py:1833} INFO - Sync 1 DAGs
[2021-08-28 23:47:36,860] {logging_mixin.py:109} INFO - [2021-08-28 23:47:36,860] {dag.py:2306} INFO - Setting next_dagrun for example_skip_dag to 2021-08-26 00:00:00+00:00
[2021-08-28 23:47:36,885] {processor.py:170} INFO - Processing /home/paolo/Documents/Github/case-study-1-october2020-data-sweepers/DataExtraction/ENV/lib/python3.8/site-packages/airflow/example_dags/example_skip_dag.py took 0.107 seconds
[2021-08-28 23:48:16,704] {processor.py:162} INFO - Started process (PID=14929) to work on /home/paolo/Documents/Github/case-study-1-october2020-data-sweepers/DataExtraction/ENV/lib/python3.8/site-packages/airflow/example_dags/example_skip_dag.py
[2021-08-28 23:48:16,707] {processor.py:613} INFO - Processing file /home/paolo/Documents/Github/case-study-1-october2020-data-sweepers/DataExtraction/ENV/lib/python3.8/site-packages/airflow/example_dags/example_skip_dag.py for tasks to queue
[2021-08-28 23:48:16,709] {logging_mixin.py:109} INFO - [2021-08-28 23:48:16,708] {dagbag.py:496} INFO - Filling up the DagBag from /home/paolo/Documents/Github/case-study-1-october2020-data-sweepers/DataExtraction/ENV/lib/python3.8/site-packages/airflow/example_dags/example_skip_dag.py
[2021-08-28 23:48:16,733] {processor.py:623} INFO - DAG(s) dict_keys(['example_skip_dag']) retrieved from /home/paolo/Documents/Github/case-study-1-october2020-data-sweepers/DataExtraction/ENV/lib/python3.8/site-packages/airflow/example_dags/example_skip_dag.py
[2021-08-28 23:48:16,763] {logging_mixin.py:109} INFO - [2021-08-28 23:48:16,763] {dag.py:1833} INFO - Sync 1 DAGs
[2021-08-28 23:48:16,781] {logging_mixin.py:109} INFO - [2021-08-28 23:48:16,781] {dag.py:2306} INFO - Setting next_dagrun for example_skip_dag to 2021-08-26 00:00:00+00:00
[2021-08-28 23:48:16,810] {processor.py:170} INFO - Processing /home/paolo/Documents/Github/case-study-1-october2020-data-sweepers/DataExtraction/ENV/lib/python3.8/site-packages/airflow/example_dags/example_skip_dag.py took 0.113 seconds
[2021-08-28 23:48:57,524] {processor.py:162} INFO - Started process (PID=15026) to work on /home/paolo/Documents/Github/case-study-1-october2020-data-sweepers/DataExtraction/ENV/lib/python3.8/site-packages/airflow/example_dags/example_skip_dag.py
[2021-08-28 23:48:57,525] {processor.py:613} INFO - Processing file /home/paolo/Documents/Github/case-study-1-october2020-data-sweepers/DataExtraction/ENV/lib/python3.8/site-packages/airflow/example_dags/example_skip_dag.py for tasks to queue
[2021-08-28 23:48:57,526] {logging_mixin.py:109} INFO - [2021-08-28 23:48:57,526] {dagbag.py:496} INFO - Filling up the DagBag from /home/paolo/Documents/Github/case-study-1-october2020-data-sweepers/DataExtraction/ENV/lib/python3.8/site-packages/airflow/example_dags/example_skip_dag.py
[2021-08-28 23:48:57,540] {processor.py:623} INFO - DAG(s) dict_keys(['example_skip_dag']) retrieved from /home/paolo/Documents/Github/case-study-1-october2020-data-sweepers/DataExtraction/ENV/lib/python3.8/site-packages/airflow/example_dags/example_skip_dag.py
[2021-08-28 23:48:57,561] {logging_mixin.py:109} INFO - [2021-08-28 23:48:57,561] {dag.py:1833} INFO - Sync 1 DAGs
[2021-08-28 23:48:57,587] {logging_mixin.py:109} INFO - [2021-08-28 23:48:57,587] {dag.py:2306} INFO - Setting next_dagrun for example_skip_dag to 2021-08-26 00:00:00+00:00
[2021-08-28 23:48:57,624] {processor.py:170} INFO - Processing /home/paolo/Documents/Github/case-study-1-october2020-data-sweepers/DataExtraction/ENV/lib/python3.8/site-packages/airflow/example_dags/example_skip_dag.py took 0.104 seconds
[2021-08-28 23:49:33,167] {processor.py:162} INFO - Started process (PID=15111) to work on /home/paolo/Documents/Github/case-study-1-october2020-data-sweepers/DataExtraction/ENV/lib/python3.8/site-packages/airflow/example_dags/example_skip_dag.py
[2021-08-28 23:49:33,173] {processor.py:613} INFO - Processing file /home/paolo/Documents/Github/case-study-1-october2020-data-sweepers/DataExtraction/ENV/lib/python3.8/site-packages/airflow/example_dags/example_skip_dag.py for tasks to queue
[2021-08-28 23:49:33,174] {logging_mixin.py:109} INFO - [2021-08-28 23:49:33,174] {dagbag.py:496} INFO - Filling up the DagBag from /home/paolo/Documents/Github/case-study-1-october2020-data-sweepers/DataExtraction/ENV/lib/python3.8/site-packages/airflow/example_dags/example_skip_dag.py
[2021-08-28 23:49:33,216] {processor.py:623} INFO - DAG(s) dict_keys(['example_skip_dag']) retrieved from /home/paolo/Documents/Github/case-study-1-october2020-data-sweepers/DataExtraction/ENV/lib/python3.8/site-packages/airflow/example_dags/example_skip_dag.py
[2021-08-28 23:49:33,242] {logging_mixin.py:109} INFO - [2021-08-28 23:49:33,242] {dag.py:1833} INFO - Sync 1 DAGs
[2021-08-28 23:49:33,252] {logging_mixin.py:109} INFO - [2021-08-28 23:49:33,252] {dag.py:2306} INFO - Setting next_dagrun for example_skip_dag to 2021-08-26 00:00:00+00:00
[2021-08-28 23:49:33,275] {processor.py:170} INFO - Processing /home/paolo/Documents/Github/case-study-1-october2020-data-sweepers/DataExtraction/ENV/lib/python3.8/site-packages/airflow/example_dags/example_skip_dag.py took 0.116 seconds
[2021-08-28 23:50:10,106] {processor.py:162} INFO - Started process (PID=15193) to work on /home/paolo/Documents/Github/case-study-1-october2020-data-sweepers/DataExtraction/ENV/lib/python3.8/site-packages/airflow/example_dags/example_skip_dag.py
[2021-08-28 23:50:10,109] {processor.py:613} INFO - Processing file /home/paolo/Documents/Github/case-study-1-october2020-data-sweepers/DataExtraction/ENV/lib/python3.8/site-packages/airflow/example_dags/example_skip_dag.py for tasks to queue
[2021-08-28 23:50:10,111] {logging_mixin.py:109} INFO - [2021-08-28 23:50:10,110] {dagbag.py:496} INFO - Filling up the DagBag from /home/paolo/Documents/Github/case-study-1-october2020-data-sweepers/DataExtraction/ENV/lib/python3.8/site-packages/airflow/example_dags/example_skip_dag.py
[2021-08-28 23:50:10,136] {processor.py:623} INFO - DAG(s) dict_keys(['example_skip_dag']) retrieved from /home/paolo/Documents/Github/case-study-1-october2020-data-sweepers/DataExtraction/ENV/lib/python3.8/site-packages/airflow/example_dags/example_skip_dag.py
[2021-08-28 23:50:10,153] {logging_mixin.py:109} INFO - [2021-08-28 23:50:10,153] {dag.py:1833} INFO - Sync 1 DAGs
[2021-08-28 23:50:10,165] {logging_mixin.py:109} INFO - [2021-08-28 23:50:10,165] {dag.py:2306} INFO - Setting next_dagrun for example_skip_dag to 2021-08-26 00:00:00+00:00
[2021-08-28 23:50:10,184] {processor.py:170} INFO - Processing /home/paolo/Documents/Github/case-study-1-october2020-data-sweepers/DataExtraction/ENV/lib/python3.8/site-packages/airflow/example_dags/example_skip_dag.py took 0.088 seconds
[2021-08-28 23:50:44,567] {processor.py:162} INFO - Started process (PID=15265) to work on /home/paolo/Documents/Github/case-study-1-october2020-data-sweepers/DataExtraction/ENV/lib/python3.8/site-packages/airflow/example_dags/example_skip_dag.py
[2021-08-28 23:50:44,568] {processor.py:613} INFO - Processing file /home/paolo/Documents/Github/case-study-1-october2020-data-sweepers/DataExtraction/ENV/lib/python3.8/site-packages/airflow/example_dags/example_skip_dag.py for tasks to queue
[2021-08-28 23:50:44,569] {logging_mixin.py:109} INFO - [2021-08-28 23:50:44,569] {dagbag.py:496} INFO - Filling up the DagBag from /home/paolo/Documents/Github/case-study-1-october2020-data-sweepers/DataExtraction/ENV/lib/python3.8/site-packages/airflow/example_dags/example_skip_dag.py
[2021-08-28 23:50:44,583] {processor.py:623} INFO - DAG(s) dict_keys(['example_skip_dag']) retrieved from /home/paolo/Documents/Github/case-study-1-october2020-data-sweepers/DataExtraction/ENV/lib/python3.8/site-packages/airflow/example_dags/example_skip_dag.py
[2021-08-28 23:50:44,603] {logging_mixin.py:109} INFO - [2021-08-28 23:50:44,603] {dag.py:1833} INFO - Sync 1 DAGs
[2021-08-28 23:50:44,615] {logging_mixin.py:109} INFO - [2021-08-28 23:50:44,615] {dag.py:2306} INFO - Setting next_dagrun for example_skip_dag to 2021-08-26 00:00:00+00:00
[2021-08-28 23:50:44,636] {processor.py:170} INFO - Processing /home/paolo/Documents/Github/case-study-1-october2020-data-sweepers/DataExtraction/ENV/lib/python3.8/site-packages/airflow/example_dags/example_skip_dag.py took 0.077 seconds
[2021-08-28 23:51:18,600] {processor.py:162} INFO - Started process (PID=15326) to work on /home/paolo/Documents/Github/case-study-1-october2020-data-sweepers/DataExtraction/ENV/lib/python3.8/site-packages/airflow/example_dags/example_skip_dag.py
[2021-08-28 23:51:18,602] {processor.py:613} INFO - Processing file /home/paolo/Documents/Github/case-study-1-october2020-data-sweepers/DataExtraction/ENV/lib/python3.8/site-packages/airflow/example_dags/example_skip_dag.py for tasks to queue
[2021-08-28 23:51:18,603] {logging_mixin.py:109} INFO - [2021-08-28 23:51:18,602] {dagbag.py:496} INFO - Filling up the DagBag from /home/paolo/Documents/Github/case-study-1-october2020-data-sweepers/DataExtraction/ENV/lib/python3.8/site-packages/airflow/example_dags/example_skip_dag.py
[2021-08-28 23:51:18,617] {processor.py:623} INFO - DAG(s) dict_keys(['example_skip_dag']) retrieved from /home/paolo/Documents/Github/case-study-1-october2020-data-sweepers/DataExtraction/ENV/lib/python3.8/site-packages/airflow/example_dags/example_skip_dag.py
[2021-08-28 23:51:18,659] {logging_mixin.py:109} INFO - [2021-08-28 23:51:18,658] {dag.py:1833} INFO - Sync 1 DAGs
[2021-08-28 23:51:18,687] {logging_mixin.py:109} INFO - [2021-08-28 23:51:18,687] {dag.py:2306} INFO - Setting next_dagrun for example_skip_dag to 2021-08-26 00:00:00+00:00
[2021-08-28 23:51:18,716] {processor.py:170} INFO - Processing /home/paolo/Documents/Github/case-study-1-october2020-data-sweepers/DataExtraction/ENV/lib/python3.8/site-packages/airflow/example_dags/example_skip_dag.py took 0.123 seconds
[2021-08-28 23:51:52,726] {processor.py:162} INFO - Started process (PID=15427) to work on /home/paolo/Documents/Github/case-study-1-october2020-data-sweepers/DataExtraction/ENV/lib/python3.8/site-packages/airflow/example_dags/example_skip_dag.py
[2021-08-28 23:51:52,729] {processor.py:613} INFO - Processing file /home/paolo/Documents/Github/case-study-1-october2020-data-sweepers/DataExtraction/ENV/lib/python3.8/site-packages/airflow/example_dags/example_skip_dag.py for tasks to queue
[2021-08-28 23:51:52,730] {logging_mixin.py:109} INFO - [2021-08-28 23:51:52,730] {dagbag.py:496} INFO - Filling up the DagBag from /home/paolo/Documents/Github/case-study-1-october2020-data-sweepers/DataExtraction/ENV/lib/python3.8/site-packages/airflow/example_dags/example_skip_dag.py
[2021-08-28 23:51:52,746] {processor.py:623} INFO - DAG(s) dict_keys(['example_skip_dag']) retrieved from /home/paolo/Documents/Github/case-study-1-october2020-data-sweepers/DataExtraction/ENV/lib/python3.8/site-packages/airflow/example_dags/example_skip_dag.py
[2021-08-28 23:51:52,757] {logging_mixin.py:109} INFO - [2021-08-28 23:51:52,757] {dag.py:1833} INFO - Sync 1 DAGs
[2021-08-28 23:51:52,766] {logging_mixin.py:109} INFO - [2021-08-28 23:51:52,766] {dag.py:2306} INFO - Setting next_dagrun for example_skip_dag to 2021-08-26 00:00:00+00:00
[2021-08-28 23:51:52,783] {processor.py:170} INFO - Processing /home/paolo/Documents/Github/case-study-1-october2020-data-sweepers/DataExtraction/ENV/lib/python3.8/site-packages/airflow/example_dags/example_skip_dag.py took 0.064 seconds
[2021-08-28 23:52:26,859] {processor.py:162} INFO - Started process (PID=15549) to work on /home/paolo/Documents/Github/case-study-1-october2020-data-sweepers/DataExtraction/ENV/lib/python3.8/site-packages/airflow/example_dags/example_skip_dag.py
[2021-08-28 23:52:26,862] {processor.py:613} INFO - Processing file /home/paolo/Documents/Github/case-study-1-october2020-data-sweepers/DataExtraction/ENV/lib/python3.8/site-packages/airflow/example_dags/example_skip_dag.py for tasks to queue
[2021-08-28 23:52:26,864] {logging_mixin.py:109} INFO - [2021-08-28 23:52:26,863] {dagbag.py:496} INFO - Filling up the DagBag from /home/paolo/Documents/Github/case-study-1-october2020-data-sweepers/DataExtraction/ENV/lib/python3.8/site-packages/airflow/example_dags/example_skip_dag.py
[2021-08-28 23:52:26,882] {processor.py:623} INFO - DAG(s) dict_keys(['example_skip_dag']) retrieved from /home/paolo/Documents/Github/case-study-1-october2020-data-sweepers/DataExtraction/ENV/lib/python3.8/site-packages/airflow/example_dags/example_skip_dag.py
[2021-08-28 23:52:26,894] {logging_mixin.py:109} INFO - [2021-08-28 23:52:26,893] {dag.py:1833} INFO - Sync 1 DAGs
[2021-08-28 23:52:26,902] {logging_mixin.py:109} INFO - [2021-08-28 23:52:26,902] {dag.py:2306} INFO - Setting next_dagrun for example_skip_dag to 2021-08-26 00:00:00+00:00
[2021-08-28 23:52:26,917] {processor.py:170} INFO - Processing /home/paolo/Documents/Github/case-study-1-october2020-data-sweepers/DataExtraction/ENV/lib/python3.8/site-packages/airflow/example_dags/example_skip_dag.py took 0.064 seconds
[2021-08-28 23:53:00,839] {processor.py:162} INFO - Started process (PID=15618) to work on /home/paolo/Documents/Github/case-study-1-october2020-data-sweepers/DataExtraction/ENV/lib/python3.8/site-packages/airflow/example_dags/example_skip_dag.py
[2021-08-28 23:53:00,842] {processor.py:613} INFO - Processing file /home/paolo/Documents/Github/case-study-1-october2020-data-sweepers/DataExtraction/ENV/lib/python3.8/site-packages/airflow/example_dags/example_skip_dag.py for tasks to queue
[2021-08-28 23:53:00,844] {logging_mixin.py:109} INFO - [2021-08-28 23:53:00,843] {dagbag.py:496} INFO - Filling up the DagBag from /home/paolo/Documents/Github/case-study-1-october2020-data-sweepers/DataExtraction/ENV/lib/python3.8/site-packages/airflow/example_dags/example_skip_dag.py
[2021-08-28 23:53:00,864] {processor.py:623} INFO - DAG(s) dict_keys(['example_skip_dag']) retrieved from /home/paolo/Documents/Github/case-study-1-october2020-data-sweepers/DataExtraction/ENV/lib/python3.8/site-packages/airflow/example_dags/example_skip_dag.py
[2021-08-28 23:53:00,876] {logging_mixin.py:109} INFO - [2021-08-28 23:53:00,876] {dag.py:1833} INFO - Sync 1 DAGs
[2021-08-28 23:53:00,885] {logging_mixin.py:109} INFO - [2021-08-28 23:53:00,885] {dag.py:2306} INFO - Setting next_dagrun for example_skip_dag to 2021-08-26 00:00:00+00:00
[2021-08-28 23:53:00,901] {processor.py:170} INFO - Processing /home/paolo/Documents/Github/case-study-1-october2020-data-sweepers/DataExtraction/ENV/lib/python3.8/site-packages/airflow/example_dags/example_skip_dag.py took 0.068 seconds
[2021-08-28 23:53:32,085] {processor.py:162} INFO - Started process (PID=15691) to work on /home/paolo/Documents/Github/case-study-1-october2020-data-sweepers/DataExtraction/ENV/lib/python3.8/site-packages/airflow/example_dags/example_skip_dag.py
[2021-08-28 23:53:32,088] {processor.py:613} INFO - Processing file /home/paolo/Documents/Github/case-study-1-october2020-data-sweepers/DataExtraction/ENV/lib/python3.8/site-packages/airflow/example_dags/example_skip_dag.py for tasks to queue
[2021-08-28 23:53:32,089] {logging_mixin.py:109} INFO - [2021-08-28 23:53:32,089] {dagbag.py:496} INFO - Filling up the DagBag from /home/paolo/Documents/Github/case-study-1-october2020-data-sweepers/DataExtraction/ENV/lib/python3.8/site-packages/airflow/example_dags/example_skip_dag.py
[2021-08-28 23:53:32,104] {processor.py:623} INFO - DAG(s) dict_keys(['example_skip_dag']) retrieved from /home/paolo/Documents/Github/case-study-1-october2020-data-sweepers/DataExtraction/ENV/lib/python3.8/site-packages/airflow/example_dags/example_skip_dag.py
[2021-08-28 23:53:32,116] {logging_mixin.py:109} INFO - [2021-08-28 23:53:32,116] {dag.py:1833} INFO - Sync 1 DAGs
[2021-08-28 23:53:32,125] {logging_mixin.py:109} INFO - [2021-08-28 23:53:32,125] {dag.py:2306} INFO - Setting next_dagrun for example_skip_dag to 2021-08-26 00:00:00+00:00
[2021-08-28 23:53:32,142] {processor.py:170} INFO - Processing /home/paolo/Documents/Github/case-study-1-october2020-data-sweepers/DataExtraction/ENV/lib/python3.8/site-packages/airflow/example_dags/example_skip_dag.py took 0.065 seconds
[2021-08-28 23:55:51,915] {processor.py:162} INFO - Started process (PID=16221) to work on /home/paolo/Documents/Github/case-study-1-october2020-data-sweepers/DataExtraction/ENV/lib/python3.8/site-packages/airflow/example_dags/example_skip_dag.py
[2021-08-28 23:55:51,916] {processor.py:613} INFO - Processing file /home/paolo/Documents/Github/case-study-1-october2020-data-sweepers/DataExtraction/ENV/lib/python3.8/site-packages/airflow/example_dags/example_skip_dag.py for tasks to queue
[2021-08-28 23:55:51,916] {logging_mixin.py:109} INFO - [2021-08-28 23:55:51,916] {dagbag.py:496} INFO - Filling up the DagBag from /home/paolo/Documents/Github/case-study-1-october2020-data-sweepers/DataExtraction/ENV/lib/python3.8/site-packages/airflow/example_dags/example_skip_dag.py
[2021-08-28 23:55:51,925] {processor.py:623} INFO - DAG(s) dict_keys(['example_skip_dag']) retrieved from /home/paolo/Documents/Github/case-study-1-october2020-data-sweepers/DataExtraction/ENV/lib/python3.8/site-packages/airflow/example_dags/example_skip_dag.py
[2021-08-28 23:55:51,936] {logging_mixin.py:109} INFO - [2021-08-28 23:55:51,936] {dag.py:1833} INFO - Sync 1 DAGs
[2021-08-28 23:55:51,945] {logging_mixin.py:109} INFO - [2021-08-28 23:55:51,945] {dag.py:2306} INFO - Setting next_dagrun for example_skip_dag to 2021-08-26 00:00:00+00:00
[2021-08-28 23:55:51,955] {processor.py:170} INFO - Processing /home/paolo/Documents/Github/case-study-1-october2020-data-sweepers/DataExtraction/ENV/lib/python3.8/site-packages/airflow/example_dags/example_skip_dag.py took 0.043 seconds
[2021-08-28 23:56:32,748] {processor.py:162} INFO - Started process (PID=16541) to work on /home/paolo/Documents/Github/case-study-1-october2020-data-sweepers/DataExtraction/ENV/lib/python3.8/site-packages/airflow/example_dags/example_skip_dag.py
[2021-08-28 23:56:32,751] {processor.py:613} INFO - Processing file /home/paolo/Documents/Github/case-study-1-october2020-data-sweepers/DataExtraction/ENV/lib/python3.8/site-packages/airflow/example_dags/example_skip_dag.py for tasks to queue
[2021-08-28 23:56:32,751] {logging_mixin.py:109} INFO - [2021-08-28 23:56:32,751] {dagbag.py:496} INFO - Filling up the DagBag from /home/paolo/Documents/Github/case-study-1-october2020-data-sweepers/DataExtraction/ENV/lib/python3.8/site-packages/airflow/example_dags/example_skip_dag.py
[2021-08-28 23:56:32,762] {processor.py:623} INFO - DAG(s) dict_keys(['example_skip_dag']) retrieved from /home/paolo/Documents/Github/case-study-1-october2020-data-sweepers/DataExtraction/ENV/lib/python3.8/site-packages/airflow/example_dags/example_skip_dag.py
[2021-08-28 23:56:32,776] {logging_mixin.py:109} INFO - [2021-08-28 23:56:32,776] {dag.py:1833} INFO - Sync 1 DAGs
[2021-08-28 23:56:32,789] {logging_mixin.py:109} INFO - [2021-08-28 23:56:32,789] {dag.py:2306} INFO - Setting next_dagrun for example_skip_dag to 2021-08-26 00:00:00+00:00
[2021-08-28 23:56:32,805] {processor.py:170} INFO - Processing /home/paolo/Documents/Github/case-study-1-october2020-data-sweepers/DataExtraction/ENV/lib/python3.8/site-packages/airflow/example_dags/example_skip_dag.py took 0.059 seconds
[2021-08-28 23:57:11,338] {processor.py:162} INFO - Started process (PID=16819) to work on /home/paolo/Documents/Github/case-study-1-october2020-data-sweepers/DataExtraction/ENV/lib/python3.8/site-packages/airflow/example_dags/example_skip_dag.py
[2021-08-28 23:57:11,341] {processor.py:613} INFO - Processing file /home/paolo/Documents/Github/case-study-1-october2020-data-sweepers/DataExtraction/ENV/lib/python3.8/site-packages/airflow/example_dags/example_skip_dag.py for tasks to queue
[2021-08-28 23:57:11,343] {logging_mixin.py:109} INFO - [2021-08-28 23:57:11,342] {dagbag.py:496} INFO - Filling up the DagBag from /home/paolo/Documents/Github/case-study-1-october2020-data-sweepers/DataExtraction/ENV/lib/python3.8/site-packages/airflow/example_dags/example_skip_dag.py
[2021-08-28 23:57:11,364] {processor.py:623} INFO - DAG(s) dict_keys(['example_skip_dag']) retrieved from /home/paolo/Documents/Github/case-study-1-october2020-data-sweepers/DataExtraction/ENV/lib/python3.8/site-packages/airflow/example_dags/example_skip_dag.py
[2021-08-28 23:57:11,377] {logging_mixin.py:109} INFO - [2021-08-28 23:57:11,377] {dag.py:1833} INFO - Sync 1 DAGs
[2021-08-28 23:57:11,386] {logging_mixin.py:109} INFO - [2021-08-28 23:57:11,385] {dag.py:2306} INFO - Setting next_dagrun for example_skip_dag to 2021-08-26 00:00:00+00:00
[2021-08-28 23:57:11,401] {processor.py:170} INFO - Processing /home/paolo/Documents/Github/case-study-1-october2020-data-sweepers/DataExtraction/ENV/lib/python3.8/site-packages/airflow/example_dags/example_skip_dag.py took 0.069 seconds
[2021-08-28 23:57:48,768] {processor.py:162} INFO - Started process (PID=17131) to work on /home/paolo/Documents/Github/case-study-1-october2020-data-sweepers/DataExtraction/ENV/lib/python3.8/site-packages/airflow/example_dags/example_skip_dag.py
[2021-08-28 23:57:48,770] {processor.py:613} INFO - Processing file /home/paolo/Documents/Github/case-study-1-october2020-data-sweepers/DataExtraction/ENV/lib/python3.8/site-packages/airflow/example_dags/example_skip_dag.py for tasks to queue
[2021-08-28 23:57:48,771] {logging_mixin.py:109} INFO - [2021-08-28 23:57:48,771] {dagbag.py:496} INFO - Filling up the DagBag from /home/paolo/Documents/Github/case-study-1-october2020-data-sweepers/DataExtraction/ENV/lib/python3.8/site-packages/airflow/example_dags/example_skip_dag.py
[2021-08-28 23:57:48,791] {processor.py:623} INFO - DAG(s) dict_keys(['example_skip_dag']) retrieved from /home/paolo/Documents/Github/case-study-1-october2020-data-sweepers/DataExtraction/ENV/lib/python3.8/site-packages/airflow/example_dags/example_skip_dag.py
[2021-08-28 23:57:48,815] {logging_mixin.py:109} INFO - [2021-08-28 23:57:48,814] {dag.py:1833} INFO - Sync 1 DAGs
[2021-08-28 23:57:48,832] {logging_mixin.py:109} INFO - [2021-08-28 23:57:48,831] {dag.py:2306} INFO - Setting next_dagrun for example_skip_dag to 2021-08-26 00:00:00+00:00
[2021-08-28 23:57:48,851] {processor.py:170} INFO - Processing /home/paolo/Documents/Github/case-study-1-october2020-data-sweepers/DataExtraction/ENV/lib/python3.8/site-packages/airflow/example_dags/example_skip_dag.py took 0.088 seconds
[2021-08-28 23:58:24,024] {processor.py:162} INFO - Started process (PID=17441) to work on /home/paolo/Documents/Github/case-study-1-october2020-data-sweepers/DataExtraction/ENV/lib/python3.8/site-packages/airflow/example_dags/example_skip_dag.py
[2021-08-28 23:58:24,025] {processor.py:613} INFO - Processing file /home/paolo/Documents/Github/case-study-1-october2020-data-sweepers/DataExtraction/ENV/lib/python3.8/site-packages/airflow/example_dags/example_skip_dag.py for tasks to queue
[2021-08-28 23:58:24,026] {logging_mixin.py:109} INFO - [2021-08-28 23:58:24,026] {dagbag.py:496} INFO - Filling up the DagBag from /home/paolo/Documents/Github/case-study-1-october2020-data-sweepers/DataExtraction/ENV/lib/python3.8/site-packages/airflow/example_dags/example_skip_dag.py
[2021-08-28 23:58:24,035] {processor.py:623} INFO - DAG(s) dict_keys(['example_skip_dag']) retrieved from /home/paolo/Documents/Github/case-study-1-october2020-data-sweepers/DataExtraction/ENV/lib/python3.8/site-packages/airflow/example_dags/example_skip_dag.py
[2021-08-28 23:58:24,047] {logging_mixin.py:109} INFO - [2021-08-28 23:58:24,047] {dag.py:1833} INFO - Sync 1 DAGs
[2021-08-28 23:58:24,056] {logging_mixin.py:109} INFO - [2021-08-28 23:58:24,056] {dag.py:2306} INFO - Setting next_dagrun for example_skip_dag to 2021-08-26 00:00:00+00:00
[2021-08-28 23:58:24,073] {processor.py:170} INFO - Processing /home/paolo/Documents/Github/case-study-1-october2020-data-sweepers/DataExtraction/ENV/lib/python3.8/site-packages/airflow/example_dags/example_skip_dag.py took 0.051 seconds
