[2021-08-28 23:37:44,617] {processor.py:162} INFO - Started process (PID=13196) to work on /home/paolo/Documents/Github/case-study-1-october2020-data-sweepers/DataExtraction/ENV/lib/python3.8/site-packages/airflow/example_dags/example_branch_operator.py
[2021-08-28 23:37:44,625] {processor.py:613} INFO - Processing file /home/paolo/Documents/Github/case-study-1-october2020-data-sweepers/DataExtraction/ENV/lib/python3.8/site-packages/airflow/example_dags/example_branch_operator.py for tasks to queue
[2021-08-28 23:37:44,628] {logging_mixin.py:109} INFO - [2021-08-28 23:37:44,627] {dagbag.py:496} INFO - Filling up the DagBag from /home/paolo/Documents/Github/case-study-1-october2020-data-sweepers/DataExtraction/ENV/lib/python3.8/site-packages/airflow/example_dags/example_branch_operator.py
[2021-08-28 23:37:44,669] {processor.py:623} INFO - DAG(s) dict_keys(['example_branch_operator']) retrieved from /home/paolo/Documents/Github/case-study-1-october2020-data-sweepers/DataExtraction/ENV/lib/python3.8/site-packages/airflow/example_dags/example_branch_operator.py
[2021-08-28 23:37:44,700] {logging_mixin.py:109} INFO - [2021-08-28 23:37:44,700] {dag.py:1833} INFO - Sync 1 DAGs
[2021-08-28 23:37:44,743] {logging_mixin.py:109} INFO - [2021-08-28 23:37:44,743] {dag.py:2306} INFO - Setting next_dagrun for example_branch_operator to 2021-08-26 00:00:00+00:00
[2021-08-28 23:37:44,778] {processor.py:170} INFO - Processing /home/paolo/Documents/Github/case-study-1-october2020-data-sweepers/DataExtraction/ENV/lib/python3.8/site-packages/airflow/example_dags/example_branch_operator.py took 0.170 seconds
[2021-08-28 23:38:30,027] {processor.py:162} INFO - Started process (PID=13300) to work on /home/paolo/Documents/Github/case-study-1-october2020-data-sweepers/DataExtraction/ENV/lib/python3.8/site-packages/airflow/example_dags/example_branch_operator.py
[2021-08-28 23:38:30,036] {processor.py:613} INFO - Processing file /home/paolo/Documents/Github/case-study-1-october2020-data-sweepers/DataExtraction/ENV/lib/python3.8/site-packages/airflow/example_dags/example_branch_operator.py for tasks to queue
[2021-08-28 23:38:30,041] {logging_mixin.py:109} INFO - [2021-08-28 23:38:30,041] {dagbag.py:496} INFO - Filling up the DagBag from /home/paolo/Documents/Github/case-study-1-october2020-data-sweepers/DataExtraction/ENV/lib/python3.8/site-packages/airflow/example_dags/example_branch_operator.py
[2021-08-28 23:38:30,081] {processor.py:623} INFO - DAG(s) dict_keys(['example_branch_operator']) retrieved from /home/paolo/Documents/Github/case-study-1-october2020-data-sweepers/DataExtraction/ENV/lib/python3.8/site-packages/airflow/example_dags/example_branch_operator.py
[2021-08-28 23:38:30,117] {logging_mixin.py:109} INFO - [2021-08-28 23:38:30,116] {dag.py:1833} INFO - Sync 1 DAGs
[2021-08-28 23:38:30,150] {logging_mixin.py:109} INFO - [2021-08-28 23:38:30,150] {dag.py:2306} INFO - Setting next_dagrun for example_branch_operator to 2021-08-26 00:00:00+00:00
[2021-08-28 23:38:30,215] {processor.py:170} INFO - Processing /home/paolo/Documents/Github/case-study-1-october2020-data-sweepers/DataExtraction/ENV/lib/python3.8/site-packages/airflow/example_dags/example_branch_operator.py took 0.205 seconds
[2021-08-28 23:39:05,216] {processor.py:162} INFO - Started process (PID=13396) to work on /home/paolo/Documents/Github/case-study-1-october2020-data-sweepers/DataExtraction/ENV/lib/python3.8/site-packages/airflow/example_dags/example_branch_operator.py
[2021-08-28 23:39:05,219] {processor.py:613} INFO - Processing file /home/paolo/Documents/Github/case-study-1-october2020-data-sweepers/DataExtraction/ENV/lib/python3.8/site-packages/airflow/example_dags/example_branch_operator.py for tasks to queue
[2021-08-28 23:39:05,220] {logging_mixin.py:109} INFO - [2021-08-28 23:39:05,220] {dagbag.py:496} INFO - Filling up the DagBag from /home/paolo/Documents/Github/case-study-1-october2020-data-sweepers/DataExtraction/ENV/lib/python3.8/site-packages/airflow/example_dags/example_branch_operator.py
[2021-08-28 23:39:05,251] {processor.py:623} INFO - DAG(s) dict_keys(['example_branch_operator']) retrieved from /home/paolo/Documents/Github/case-study-1-october2020-data-sweepers/DataExtraction/ENV/lib/python3.8/site-packages/airflow/example_dags/example_branch_operator.py
[2021-08-28 23:39:05,292] {logging_mixin.py:109} INFO - [2021-08-28 23:39:05,292] {dag.py:1833} INFO - Sync 1 DAGs
[2021-08-28 23:39:05,323] {logging_mixin.py:109} INFO - [2021-08-28 23:39:05,322] {dag.py:2306} INFO - Setting next_dagrun for example_branch_operator to 2021-08-26 00:00:00+00:00
[2021-08-28 23:39:05,363] {processor.py:170} INFO - Processing /home/paolo/Documents/Github/case-study-1-october2020-data-sweepers/DataExtraction/ENV/lib/python3.8/site-packages/airflow/example_dags/example_branch_operator.py took 0.150 seconds
[2021-08-28 23:39:42,222] {processor.py:162} INFO - Started process (PID=13583) to work on /home/paolo/Documents/Github/case-study-1-october2020-data-sweepers/DataExtraction/ENV/lib/python3.8/site-packages/airflow/example_dags/example_branch_operator.py
[2021-08-28 23:39:42,226] {processor.py:613} INFO - Processing file /home/paolo/Documents/Github/case-study-1-october2020-data-sweepers/DataExtraction/ENV/lib/python3.8/site-packages/airflow/example_dags/example_branch_operator.py for tasks to queue
[2021-08-28 23:39:42,227] {logging_mixin.py:109} INFO - [2021-08-28 23:39:42,227] {dagbag.py:496} INFO - Filling up the DagBag from /home/paolo/Documents/Github/case-study-1-october2020-data-sweepers/DataExtraction/ENV/lib/python3.8/site-packages/airflow/example_dags/example_branch_operator.py
[2021-08-28 23:39:42,248] {processor.py:623} INFO - DAG(s) dict_keys(['example_branch_operator']) retrieved from /home/paolo/Documents/Github/case-study-1-october2020-data-sweepers/DataExtraction/ENV/lib/python3.8/site-packages/airflow/example_dags/example_branch_operator.py
[2021-08-28 23:39:42,270] {logging_mixin.py:109} INFO - [2021-08-28 23:39:42,270] {dag.py:1833} INFO - Sync 1 DAGs
[2021-08-28 23:39:42,300] {logging_mixin.py:109} INFO - [2021-08-28 23:39:42,300] {dag.py:2306} INFO - Setting next_dagrun for example_branch_operator to 2021-08-26 00:00:00+00:00
[2021-08-28 23:39:42,334] {processor.py:170} INFO - Processing /home/paolo/Documents/Github/case-study-1-october2020-data-sweepers/DataExtraction/ENV/lib/python3.8/site-packages/airflow/example_dags/example_branch_operator.py took 0.117 seconds
[2021-08-28 23:40:17,828] {processor.py:162} INFO - Started process (PID=13784) to work on /home/paolo/Documents/Github/case-study-1-october2020-data-sweepers/DataExtraction/ENV/lib/python3.8/site-packages/airflow/example_dags/example_branch_operator.py
[2021-08-28 23:40:17,829] {processor.py:613} INFO - Processing file /home/paolo/Documents/Github/case-study-1-october2020-data-sweepers/DataExtraction/ENV/lib/python3.8/site-packages/airflow/example_dags/example_branch_operator.py for tasks to queue
[2021-08-28 23:40:17,830] {logging_mixin.py:109} INFO - [2021-08-28 23:40:17,830] {dagbag.py:496} INFO - Filling up the DagBag from /home/paolo/Documents/Github/case-study-1-october2020-data-sweepers/DataExtraction/ENV/lib/python3.8/site-packages/airflow/example_dags/example_branch_operator.py
[2021-08-28 23:40:17,861] {processor.py:623} INFO - DAG(s) dict_keys(['example_branch_operator']) retrieved from /home/paolo/Documents/Github/case-study-1-october2020-data-sweepers/DataExtraction/ENV/lib/python3.8/site-packages/airflow/example_dags/example_branch_operator.py
[2021-08-28 23:40:17,913] {logging_mixin.py:109} INFO - [2021-08-28 23:40:17,912] {dag.py:1833} INFO - Sync 1 DAGs
[2021-08-28 23:40:17,948] {logging_mixin.py:109} INFO - [2021-08-28 23:40:17,948] {dag.py:2306} INFO - Setting next_dagrun for example_branch_operator to 2021-08-26 00:00:00+00:00
[2021-08-28 23:40:17,994] {processor.py:170} INFO - Processing /home/paolo/Documents/Github/case-study-1-october2020-data-sweepers/DataExtraction/ENV/lib/python3.8/site-packages/airflow/example_dags/example_branch_operator.py took 0.178 seconds
[2021-08-28 23:41:02,763] {processor.py:162} INFO - Started process (PID=13989) to work on /home/paolo/Documents/Github/case-study-1-october2020-data-sweepers/DataExtraction/ENV/lib/python3.8/site-packages/airflow/example_dags/example_branch_operator.py
[2021-08-28 23:41:02,765] {processor.py:613} INFO - Processing file /home/paolo/Documents/Github/case-study-1-october2020-data-sweepers/DataExtraction/ENV/lib/python3.8/site-packages/airflow/example_dags/example_branch_operator.py for tasks to queue
[2021-08-28 23:41:02,765] {logging_mixin.py:109} INFO - [2021-08-28 23:41:02,765] {dagbag.py:496} INFO - Filling up the DagBag from /home/paolo/Documents/Github/case-study-1-october2020-data-sweepers/DataExtraction/ENV/lib/python3.8/site-packages/airflow/example_dags/example_branch_operator.py
[2021-08-28 23:41:02,797] {processor.py:623} INFO - DAG(s) dict_keys(['example_branch_operator']) retrieved from /home/paolo/Documents/Github/case-study-1-october2020-data-sweepers/DataExtraction/ENV/lib/python3.8/site-packages/airflow/example_dags/example_branch_operator.py
[2021-08-28 23:41:02,827] {logging_mixin.py:109} INFO - [2021-08-28 23:41:02,827] {dag.py:1833} INFO - Sync 1 DAGs
[2021-08-28 23:41:02,849] {logging_mixin.py:109} INFO - [2021-08-28 23:41:02,849] {dag.py:2306} INFO - Setting next_dagrun for example_branch_operator to 2021-08-26 00:00:00+00:00
[2021-08-28 23:41:02,877] {processor.py:170} INFO - Processing /home/paolo/Documents/Github/case-study-1-october2020-data-sweepers/DataExtraction/ENV/lib/python3.8/site-packages/airflow/example_dags/example_branch_operator.py took 0.129 seconds
[2021-08-28 23:41:48,073] {processor.py:162} INFO - Started process (PID=14122) to work on /home/paolo/Documents/Github/case-study-1-october2020-data-sweepers/DataExtraction/ENV/lib/python3.8/site-packages/airflow/example_dags/example_branch_operator.py
[2021-08-28 23:41:48,074] {processor.py:613} INFO - Processing file /home/paolo/Documents/Github/case-study-1-october2020-data-sweepers/DataExtraction/ENV/lib/python3.8/site-packages/airflow/example_dags/example_branch_operator.py for tasks to queue
[2021-08-28 23:41:48,075] {logging_mixin.py:109} INFO - [2021-08-28 23:41:48,074] {dagbag.py:496} INFO - Filling up the DagBag from /home/paolo/Documents/Github/case-study-1-october2020-data-sweepers/DataExtraction/ENV/lib/python3.8/site-packages/airflow/example_dags/example_branch_operator.py
[2021-08-28 23:41:48,087] {processor.py:623} INFO - DAG(s) dict_keys(['example_branch_operator']) retrieved from /home/paolo/Documents/Github/case-study-1-october2020-data-sweepers/DataExtraction/ENV/lib/python3.8/site-packages/airflow/example_dags/example_branch_operator.py
[2021-08-28 23:41:48,098] {logging_mixin.py:109} INFO - [2021-08-28 23:41:48,098] {dag.py:1833} INFO - Sync 1 DAGs
[2021-08-28 23:41:48,110] {logging_mixin.py:109} INFO - [2021-08-28 23:41:48,109] {dag.py:2306} INFO - Setting next_dagrun for example_branch_operator to 2021-08-26 00:00:00+00:00
[2021-08-28 23:41:48,126] {processor.py:170} INFO - Processing /home/paolo/Documents/Github/case-study-1-october2020-data-sweepers/DataExtraction/ENV/lib/python3.8/site-packages/airflow/example_dags/example_branch_operator.py took 0.056 seconds
[2021-08-28 23:42:20,425] {processor.py:162} INFO - Started process (PID=14226) to work on /home/paolo/Documents/Github/case-study-1-october2020-data-sweepers/DataExtraction/ENV/lib/python3.8/site-packages/airflow/example_dags/example_branch_operator.py
[2021-08-28 23:42:20,426] {processor.py:613} INFO - Processing file /home/paolo/Documents/Github/case-study-1-october2020-data-sweepers/DataExtraction/ENV/lib/python3.8/site-packages/airflow/example_dags/example_branch_operator.py for tasks to queue
[2021-08-28 23:42:20,427] {logging_mixin.py:109} INFO - [2021-08-28 23:42:20,427] {dagbag.py:496} INFO - Filling up the DagBag from /home/paolo/Documents/Github/case-study-1-october2020-data-sweepers/DataExtraction/ENV/lib/python3.8/site-packages/airflow/example_dags/example_branch_operator.py
[2021-08-28 23:42:20,440] {processor.py:623} INFO - DAG(s) dict_keys(['example_branch_operator']) retrieved from /home/paolo/Documents/Github/case-study-1-october2020-data-sweepers/DataExtraction/ENV/lib/python3.8/site-packages/airflow/example_dags/example_branch_operator.py
[2021-08-28 23:42:20,452] {logging_mixin.py:109} INFO - [2021-08-28 23:42:20,452] {dag.py:1833} INFO - Sync 1 DAGs
[2021-08-28 23:42:20,466] {logging_mixin.py:109} INFO - [2021-08-28 23:42:20,466] {dag.py:2306} INFO - Setting next_dagrun for example_branch_operator to 2021-08-26 00:00:00+00:00
[2021-08-28 23:42:20,484] {processor.py:170} INFO - Processing /home/paolo/Documents/Github/case-study-1-october2020-data-sweepers/DataExtraction/ENV/lib/python3.8/site-packages/airflow/example_dags/example_branch_operator.py took 0.061 seconds
[2021-08-28 23:42:55,002] {processor.py:162} INFO - Started process (PID=14297) to work on /home/paolo/Documents/Github/case-study-1-october2020-data-sweepers/DataExtraction/ENV/lib/python3.8/site-packages/airflow/example_dags/example_branch_operator.py
[2021-08-28 23:42:55,003] {processor.py:613} INFO - Processing file /home/paolo/Documents/Github/case-study-1-october2020-data-sweepers/DataExtraction/ENV/lib/python3.8/site-packages/airflow/example_dags/example_branch_operator.py for tasks to queue
[2021-08-28 23:42:55,004] {logging_mixin.py:109} INFO - [2021-08-28 23:42:55,004] {dagbag.py:496} INFO - Filling up the DagBag from /home/paolo/Documents/Github/case-study-1-october2020-data-sweepers/DataExtraction/ENV/lib/python3.8/site-packages/airflow/example_dags/example_branch_operator.py
[2021-08-28 23:42:55,020] {processor.py:623} INFO - DAG(s) dict_keys(['example_branch_operator']) retrieved from /home/paolo/Documents/Github/case-study-1-october2020-data-sweepers/DataExtraction/ENV/lib/python3.8/site-packages/airflow/example_dags/example_branch_operator.py
[2021-08-28 23:42:55,033] {logging_mixin.py:109} INFO - [2021-08-28 23:42:55,033] {dag.py:1833} INFO - Sync 1 DAGs
[2021-08-28 23:42:55,045] {logging_mixin.py:109} INFO - [2021-08-28 23:42:55,045] {dag.py:2306} INFO - Setting next_dagrun for example_branch_operator to 2021-08-26 00:00:00+00:00
[2021-08-28 23:42:55,062] {processor.py:170} INFO - Processing /home/paolo/Documents/Github/case-study-1-october2020-data-sweepers/DataExtraction/ENV/lib/python3.8/site-packages/airflow/example_dags/example_branch_operator.py took 0.062 seconds
[2021-08-28 23:43:28,208] {processor.py:162} INFO - Started process (PID=14381) to work on /home/paolo/Documents/Github/case-study-1-october2020-data-sweepers/DataExtraction/ENV/lib/python3.8/site-packages/airflow/example_dags/example_branch_operator.py
[2021-08-28 23:43:28,209] {processor.py:613} INFO - Processing file /home/paolo/Documents/Github/case-study-1-october2020-data-sweepers/DataExtraction/ENV/lib/python3.8/site-packages/airflow/example_dags/example_branch_operator.py for tasks to queue
[2021-08-28 23:43:28,210] {logging_mixin.py:109} INFO - [2021-08-28 23:43:28,210] {dagbag.py:496} INFO - Filling up the DagBag from /home/paolo/Documents/Github/case-study-1-october2020-data-sweepers/DataExtraction/ENV/lib/python3.8/site-packages/airflow/example_dags/example_branch_operator.py
[2021-08-28 23:43:28,221] {processor.py:623} INFO - DAG(s) dict_keys(['example_branch_operator']) retrieved from /home/paolo/Documents/Github/case-study-1-october2020-data-sweepers/DataExtraction/ENV/lib/python3.8/site-packages/airflow/example_dags/example_branch_operator.py
[2021-08-28 23:43:28,232] {logging_mixin.py:109} INFO - [2021-08-28 23:43:28,232] {dag.py:1833} INFO - Sync 1 DAGs
[2021-08-28 23:43:28,243] {logging_mixin.py:109} INFO - [2021-08-28 23:43:28,243] {dag.py:2306} INFO - Setting next_dagrun for example_branch_operator to 2021-08-26 00:00:00+00:00
[2021-08-28 23:43:28,260] {processor.py:170} INFO - Processing /home/paolo/Documents/Github/case-study-1-october2020-data-sweepers/DataExtraction/ENV/lib/python3.8/site-packages/airflow/example_dags/example_branch_operator.py took 0.054 seconds
[2021-08-28 23:43:59,550] {processor.py:162} INFO - Started process (PID=14443) to work on /home/paolo/Documents/Github/case-study-1-october2020-data-sweepers/DataExtraction/ENV/lib/python3.8/site-packages/airflow/example_dags/example_branch_operator.py
[2021-08-28 23:43:59,553] {processor.py:613} INFO - Processing file /home/paolo/Documents/Github/case-study-1-october2020-data-sweepers/DataExtraction/ENV/lib/python3.8/site-packages/airflow/example_dags/example_branch_operator.py for tasks to queue
[2021-08-28 23:43:59,554] {logging_mixin.py:109} INFO - [2021-08-28 23:43:59,554] {dagbag.py:496} INFO - Filling up the DagBag from /home/paolo/Documents/Github/case-study-1-october2020-data-sweepers/DataExtraction/ENV/lib/python3.8/site-packages/airflow/example_dags/example_branch_operator.py
[2021-08-28 23:43:59,572] {processor.py:623} INFO - DAG(s) dict_keys(['example_branch_operator']) retrieved from /home/paolo/Documents/Github/case-study-1-october2020-data-sweepers/DataExtraction/ENV/lib/python3.8/site-packages/airflow/example_dags/example_branch_operator.py
[2021-08-28 23:43:59,585] {logging_mixin.py:109} INFO - [2021-08-28 23:43:59,585] {dag.py:1833} INFO - Sync 1 DAGs
[2021-08-28 23:43:59,598] {logging_mixin.py:109} INFO - [2021-08-28 23:43:59,598] {dag.py:2306} INFO - Setting next_dagrun for example_branch_operator to 2021-08-26 00:00:00+00:00
[2021-08-28 23:43:59,616] {processor.py:170} INFO - Processing /home/paolo/Documents/Github/case-study-1-october2020-data-sweepers/DataExtraction/ENV/lib/python3.8/site-packages/airflow/example_dags/example_branch_operator.py took 0.069 seconds
[2021-08-28 23:44:35,732] {processor.py:162} INFO - Started process (PID=14527) to work on /home/paolo/Documents/Github/case-study-1-october2020-data-sweepers/DataExtraction/ENV/lib/python3.8/site-packages/airflow/example_dags/example_branch_operator.py
[2021-08-28 23:44:35,734] {processor.py:613} INFO - Processing file /home/paolo/Documents/Github/case-study-1-october2020-data-sweepers/DataExtraction/ENV/lib/python3.8/site-packages/airflow/example_dags/example_branch_operator.py for tasks to queue
[2021-08-28 23:44:35,735] {logging_mixin.py:109} INFO - [2021-08-28 23:44:35,734] {dagbag.py:496} INFO - Filling up the DagBag from /home/paolo/Documents/Github/case-study-1-october2020-data-sweepers/DataExtraction/ENV/lib/python3.8/site-packages/airflow/example_dags/example_branch_operator.py
[2021-08-28 23:44:35,767] {processor.py:623} INFO - DAG(s) dict_keys(['example_branch_operator']) retrieved from /home/paolo/Documents/Github/case-study-1-october2020-data-sweepers/DataExtraction/ENV/lib/python3.8/site-packages/airflow/example_dags/example_branch_operator.py
[2021-08-28 23:44:35,806] {logging_mixin.py:109} INFO - [2021-08-28 23:44:35,806] {dag.py:1833} INFO - Sync 1 DAGs
[2021-08-28 23:44:35,840] {logging_mixin.py:109} INFO - [2021-08-28 23:44:35,840] {dag.py:2306} INFO - Setting next_dagrun for example_branch_operator to 2021-08-26 00:00:00+00:00
[2021-08-28 23:44:35,873] {processor.py:170} INFO - Processing /home/paolo/Documents/Github/case-study-1-october2020-data-sweepers/DataExtraction/ENV/lib/python3.8/site-packages/airflow/example_dags/example_branch_operator.py took 0.145 seconds
[2021-08-28 23:45:21,842] {processor.py:162} INFO - Started process (PID=14602) to work on /home/paolo/Documents/Github/case-study-1-october2020-data-sweepers/DataExtraction/ENV/lib/python3.8/site-packages/airflow/example_dags/example_branch_operator.py
[2021-08-28 23:45:21,844] {processor.py:613} INFO - Processing file /home/paolo/Documents/Github/case-study-1-october2020-data-sweepers/DataExtraction/ENV/lib/python3.8/site-packages/airflow/example_dags/example_branch_operator.py for tasks to queue
[2021-08-28 23:45:21,844] {logging_mixin.py:109} INFO - [2021-08-28 23:45:21,844] {dagbag.py:496} INFO - Filling up the DagBag from /home/paolo/Documents/Github/case-study-1-october2020-data-sweepers/DataExtraction/ENV/lib/python3.8/site-packages/airflow/example_dags/example_branch_operator.py
[2021-08-28 23:45:21,865] {processor.py:623} INFO - DAG(s) dict_keys(['example_branch_operator']) retrieved from /home/paolo/Documents/Github/case-study-1-october2020-data-sweepers/DataExtraction/ENV/lib/python3.8/site-packages/airflow/example_dags/example_branch_operator.py
[2021-08-28 23:45:21,902] {logging_mixin.py:109} INFO - [2021-08-28 23:45:21,902] {dag.py:1833} INFO - Sync 1 DAGs
[2021-08-28 23:45:21,932] {logging_mixin.py:109} INFO - [2021-08-28 23:45:21,931] {dag.py:2306} INFO - Setting next_dagrun for example_branch_operator to 2021-08-26 00:00:00+00:00
[2021-08-28 23:45:21,960] {processor.py:170} INFO - Processing /home/paolo/Documents/Github/case-study-1-october2020-data-sweepers/DataExtraction/ENV/lib/python3.8/site-packages/airflow/example_dags/example_branch_operator.py took 0.122 seconds
[2021-08-28 23:46:03,064] {processor.py:162} INFO - Started process (PID=14671) to work on /home/paolo/Documents/Github/case-study-1-october2020-data-sweepers/DataExtraction/ENV/lib/python3.8/site-packages/airflow/example_dags/example_branch_operator.py
[2021-08-28 23:46:03,068] {processor.py:613} INFO - Processing file /home/paolo/Documents/Github/case-study-1-october2020-data-sweepers/DataExtraction/ENV/lib/python3.8/site-packages/airflow/example_dags/example_branch_operator.py for tasks to queue
[2021-08-28 23:46:03,070] {logging_mixin.py:109} INFO - [2021-08-28 23:46:03,070] {dagbag.py:496} INFO - Filling up the DagBag from /home/paolo/Documents/Github/case-study-1-october2020-data-sweepers/DataExtraction/ENV/lib/python3.8/site-packages/airflow/example_dags/example_branch_operator.py
[2021-08-28 23:46:03,103] {processor.py:623} INFO - DAG(s) dict_keys(['example_branch_operator']) retrieved from /home/paolo/Documents/Github/case-study-1-october2020-data-sweepers/DataExtraction/ENV/lib/python3.8/site-packages/airflow/example_dags/example_branch_operator.py
[2021-08-28 23:46:03,136] {logging_mixin.py:109} INFO - [2021-08-28 23:46:03,136] {dag.py:1833} INFO - Sync 1 DAGs
[2021-08-28 23:46:03,171] {logging_mixin.py:109} INFO - [2021-08-28 23:46:03,171] {dag.py:2306} INFO - Setting next_dagrun for example_branch_operator to 2021-08-26 00:00:00+00:00
[2021-08-28 23:46:03,208] {processor.py:170} INFO - Processing /home/paolo/Documents/Github/case-study-1-october2020-data-sweepers/DataExtraction/ENV/lib/python3.8/site-packages/airflow/example_dags/example_branch_operator.py took 0.149 seconds
[2021-08-28 23:46:43,012] {processor.py:162} INFO - Started process (PID=14747) to work on /home/paolo/Documents/Github/case-study-1-october2020-data-sweepers/DataExtraction/ENV/lib/python3.8/site-packages/airflow/example_dags/example_branch_operator.py
[2021-08-28 23:46:43,014] {processor.py:613} INFO - Processing file /home/paolo/Documents/Github/case-study-1-october2020-data-sweepers/DataExtraction/ENV/lib/python3.8/site-packages/airflow/example_dags/example_branch_operator.py for tasks to queue
[2021-08-28 23:46:43,015] {logging_mixin.py:109} INFO - [2021-08-28 23:46:43,014] {dagbag.py:496} INFO - Filling up the DagBag from /home/paolo/Documents/Github/case-study-1-october2020-data-sweepers/DataExtraction/ENV/lib/python3.8/site-packages/airflow/example_dags/example_branch_operator.py
[2021-08-28 23:46:43,044] {processor.py:623} INFO - DAG(s) dict_keys(['example_branch_operator']) retrieved from /home/paolo/Documents/Github/case-study-1-october2020-data-sweepers/DataExtraction/ENV/lib/python3.8/site-packages/airflow/example_dags/example_branch_operator.py
[2021-08-28 23:46:43,068] {logging_mixin.py:109} INFO - [2021-08-28 23:46:43,065] {dag.py:1833} INFO - Sync 1 DAGs
[2021-08-28 23:46:43,109] {logging_mixin.py:109} INFO - [2021-08-28 23:46:43,108] {dag.py:2306} INFO - Setting next_dagrun for example_branch_operator to 2021-08-26 00:00:00+00:00
[2021-08-28 23:46:43,132] {processor.py:170} INFO - Processing /home/paolo/Documents/Github/case-study-1-october2020-data-sweepers/DataExtraction/ENV/lib/python3.8/site-packages/airflow/example_dags/example_branch_operator.py took 0.129 seconds
[2021-08-28 23:47:28,745] {processor.py:162} INFO - Started process (PID=14851) to work on /home/paolo/Documents/Github/case-study-1-october2020-data-sweepers/DataExtraction/ENV/lib/python3.8/site-packages/airflow/example_dags/example_branch_operator.py
[2021-08-28 23:47:28,746] {processor.py:613} INFO - Processing file /home/paolo/Documents/Github/case-study-1-october2020-data-sweepers/DataExtraction/ENV/lib/python3.8/site-packages/airflow/example_dags/example_branch_operator.py for tasks to queue
[2021-08-28 23:47:28,748] {logging_mixin.py:109} INFO - [2021-08-28 23:47:28,747] {dagbag.py:496} INFO - Filling up the DagBag from /home/paolo/Documents/Github/case-study-1-october2020-data-sweepers/DataExtraction/ENV/lib/python3.8/site-packages/airflow/example_dags/example_branch_operator.py
[2021-08-28 23:47:28,793] {processor.py:623} INFO - DAG(s) dict_keys(['example_branch_operator']) retrieved from /home/paolo/Documents/Github/case-study-1-october2020-data-sweepers/DataExtraction/ENV/lib/python3.8/site-packages/airflow/example_dags/example_branch_operator.py
[2021-08-28 23:47:28,825] {logging_mixin.py:109} INFO - [2021-08-28 23:47:28,824] {dag.py:1833} INFO - Sync 1 DAGs
[2021-08-28 23:47:28,857] {logging_mixin.py:109} INFO - [2021-08-28 23:47:28,856] {dag.py:2306} INFO - Setting next_dagrun for example_branch_operator to 2021-08-26 00:00:00+00:00
[2021-08-28 23:47:28,887] {processor.py:170} INFO - Processing /home/paolo/Documents/Github/case-study-1-october2020-data-sweepers/DataExtraction/ENV/lib/python3.8/site-packages/airflow/example_dags/example_branch_operator.py took 0.147 seconds
[2021-08-28 23:48:08,881] {processor.py:162} INFO - Started process (PID=14917) to work on /home/paolo/Documents/Github/case-study-1-october2020-data-sweepers/DataExtraction/ENV/lib/python3.8/site-packages/airflow/example_dags/example_branch_operator.py
[2021-08-28 23:48:08,883] {processor.py:613} INFO - Processing file /home/paolo/Documents/Github/case-study-1-october2020-data-sweepers/DataExtraction/ENV/lib/python3.8/site-packages/airflow/example_dags/example_branch_operator.py for tasks to queue
[2021-08-28 23:48:08,884] {logging_mixin.py:109} INFO - [2021-08-28 23:48:08,884] {dagbag.py:496} INFO - Filling up the DagBag from /home/paolo/Documents/Github/case-study-1-october2020-data-sweepers/DataExtraction/ENV/lib/python3.8/site-packages/airflow/example_dags/example_branch_operator.py
[2021-08-28 23:48:08,919] {processor.py:623} INFO - DAG(s) dict_keys(['example_branch_operator']) retrieved from /home/paolo/Documents/Github/case-study-1-october2020-data-sweepers/DataExtraction/ENV/lib/python3.8/site-packages/airflow/example_dags/example_branch_operator.py
[2021-08-28 23:48:08,967] {logging_mixin.py:109} INFO - [2021-08-28 23:48:08,967] {dag.py:1833} INFO - Sync 1 DAGs
[2021-08-28 23:48:09,006] {logging_mixin.py:109} INFO - [2021-08-28 23:48:09,006] {dag.py:2306} INFO - Setting next_dagrun for example_branch_operator to 2021-08-26 00:00:00+00:00
[2021-08-28 23:48:09,036] {processor.py:170} INFO - Processing /home/paolo/Documents/Github/case-study-1-october2020-data-sweepers/DataExtraction/ENV/lib/python3.8/site-packages/airflow/example_dags/example_branch_operator.py took 0.161 seconds
[2021-08-28 23:48:50,330] {processor.py:162} INFO - Started process (PID=14983) to work on /home/paolo/Documents/Github/case-study-1-october2020-data-sweepers/DataExtraction/ENV/lib/python3.8/site-packages/airflow/example_dags/example_branch_operator.py
[2021-08-28 23:48:50,341] {processor.py:613} INFO - Processing file /home/paolo/Documents/Github/case-study-1-october2020-data-sweepers/DataExtraction/ENV/lib/python3.8/site-packages/airflow/example_dags/example_branch_operator.py for tasks to queue
[2021-08-28 23:48:50,342] {logging_mixin.py:109} INFO - [2021-08-28 23:48:50,342] {dagbag.py:496} INFO - Filling up the DagBag from /home/paolo/Documents/Github/case-study-1-october2020-data-sweepers/DataExtraction/ENV/lib/python3.8/site-packages/airflow/example_dags/example_branch_operator.py
[2021-08-28 23:48:50,382] {processor.py:623} INFO - DAG(s) dict_keys(['example_branch_operator']) retrieved from /home/paolo/Documents/Github/case-study-1-october2020-data-sweepers/DataExtraction/ENV/lib/python3.8/site-packages/airflow/example_dags/example_branch_operator.py
[2021-08-28 23:48:50,444] {logging_mixin.py:109} INFO - [2021-08-28 23:48:50,443] {dag.py:1833} INFO - Sync 1 DAGs
[2021-08-28 23:48:50,472] {logging_mixin.py:109} INFO - [2021-08-28 23:48:50,472] {dag.py:2306} INFO - Setting next_dagrun for example_branch_operator to 2021-08-26 00:00:00+00:00
[2021-08-28 23:48:50,517] {processor.py:170} INFO - Processing /home/paolo/Documents/Github/case-study-1-october2020-data-sweepers/DataExtraction/ENV/lib/python3.8/site-packages/airflow/example_dags/example_branch_operator.py took 0.196 seconds
[2021-08-28 23:49:33,944] {processor.py:162} INFO - Started process (PID=15113) to work on /home/paolo/Documents/Github/case-study-1-october2020-data-sweepers/DataExtraction/ENV/lib/python3.8/site-packages/airflow/example_dags/example_branch_operator.py
[2021-08-28 23:49:33,945] {processor.py:613} INFO - Processing file /home/paolo/Documents/Github/case-study-1-october2020-data-sweepers/DataExtraction/ENV/lib/python3.8/site-packages/airflow/example_dags/example_branch_operator.py for tasks to queue
[2021-08-28 23:49:33,947] {logging_mixin.py:109} INFO - [2021-08-28 23:49:33,946] {dagbag.py:496} INFO - Filling up the DagBag from /home/paolo/Documents/Github/case-study-1-october2020-data-sweepers/DataExtraction/ENV/lib/python3.8/site-packages/airflow/example_dags/example_branch_operator.py
[2021-08-28 23:49:33,968] {processor.py:623} INFO - DAG(s) dict_keys(['example_branch_operator']) retrieved from /home/paolo/Documents/Github/case-study-1-october2020-data-sweepers/DataExtraction/ENV/lib/python3.8/site-packages/airflow/example_dags/example_branch_operator.py
[2021-08-28 23:49:33,987] {logging_mixin.py:109} INFO - [2021-08-28 23:49:33,986] {dag.py:1833} INFO - Sync 1 DAGs
[2021-08-28 23:49:34,005] {logging_mixin.py:109} INFO - [2021-08-28 23:49:34,005] {dag.py:2306} INFO - Setting next_dagrun for example_branch_operator to 2021-08-26 00:00:00+00:00
[2021-08-28 23:49:34,029] {processor.py:170} INFO - Processing /home/paolo/Documents/Github/case-study-1-october2020-data-sweepers/DataExtraction/ENV/lib/python3.8/site-packages/airflow/example_dags/example_branch_operator.py took 0.090 seconds
[2021-08-28 23:50:10,410] {processor.py:162} INFO - Started process (PID=15194) to work on /home/paolo/Documents/Github/case-study-1-october2020-data-sweepers/DataExtraction/ENV/lib/python3.8/site-packages/airflow/example_dags/example_branch_operator.py
[2021-08-28 23:50:10,412] {processor.py:613} INFO - Processing file /home/paolo/Documents/Github/case-study-1-october2020-data-sweepers/DataExtraction/ENV/lib/python3.8/site-packages/airflow/example_dags/example_branch_operator.py for tasks to queue
[2021-08-28 23:50:10,415] {logging_mixin.py:109} INFO - [2021-08-28 23:50:10,414] {dagbag.py:496} INFO - Filling up the DagBag from /home/paolo/Documents/Github/case-study-1-october2020-data-sweepers/DataExtraction/ENV/lib/python3.8/site-packages/airflow/example_dags/example_branch_operator.py
[2021-08-28 23:50:10,459] {processor.py:623} INFO - DAG(s) dict_keys(['example_branch_operator']) retrieved from /home/paolo/Documents/Github/case-study-1-october2020-data-sweepers/DataExtraction/ENV/lib/python3.8/site-packages/airflow/example_dags/example_branch_operator.py
[2021-08-28 23:50:10,484] {logging_mixin.py:109} INFO - [2021-08-28 23:50:10,484] {dag.py:1833} INFO - Sync 1 DAGs
[2021-08-28 23:50:10,499] {logging_mixin.py:109} INFO - [2021-08-28 23:50:10,499] {dag.py:2306} INFO - Setting next_dagrun for example_branch_operator to 2021-08-26 00:00:00+00:00
[2021-08-28 23:50:10,516] {processor.py:170} INFO - Processing /home/paolo/Documents/Github/case-study-1-october2020-data-sweepers/DataExtraction/ENV/lib/python3.8/site-packages/airflow/example_dags/example_branch_operator.py took 0.114 seconds
[2021-08-28 23:50:45,521] {processor.py:162} INFO - Started process (PID=15267) to work on /home/paolo/Documents/Github/case-study-1-october2020-data-sweepers/DataExtraction/ENV/lib/python3.8/site-packages/airflow/example_dags/example_branch_operator.py
[2021-08-28 23:50:45,522] {processor.py:613} INFO - Processing file /home/paolo/Documents/Github/case-study-1-october2020-data-sweepers/DataExtraction/ENV/lib/python3.8/site-packages/airflow/example_dags/example_branch_operator.py for tasks to queue
[2021-08-28 23:50:45,523] {logging_mixin.py:109} INFO - [2021-08-28 23:50:45,523] {dagbag.py:496} INFO - Filling up the DagBag from /home/paolo/Documents/Github/case-study-1-october2020-data-sweepers/DataExtraction/ENV/lib/python3.8/site-packages/airflow/example_dags/example_branch_operator.py
[2021-08-28 23:50:45,546] {processor.py:623} INFO - DAG(s) dict_keys(['example_branch_operator']) retrieved from /home/paolo/Documents/Github/case-study-1-october2020-data-sweepers/DataExtraction/ENV/lib/python3.8/site-packages/airflow/example_dags/example_branch_operator.py
[2021-08-28 23:50:45,567] {logging_mixin.py:109} INFO - [2021-08-28 23:50:45,567] {dag.py:1833} INFO - Sync 1 DAGs
[2021-08-28 23:50:45,586] {logging_mixin.py:109} INFO - [2021-08-28 23:50:45,586] {dag.py:2306} INFO - Setting next_dagrun for example_branch_operator to 2021-08-26 00:00:00+00:00
[2021-08-28 23:50:45,612] {processor.py:170} INFO - Processing /home/paolo/Documents/Github/case-study-1-october2020-data-sweepers/DataExtraction/ENV/lib/python3.8/site-packages/airflow/example_dags/example_branch_operator.py took 0.093 seconds
[2021-08-28 23:51:22,768] {processor.py:162} INFO - Started process (PID=15334) to work on /home/paolo/Documents/Github/case-study-1-october2020-data-sweepers/DataExtraction/ENV/lib/python3.8/site-packages/airflow/example_dags/example_branch_operator.py
[2021-08-28 23:51:22,776] {processor.py:613} INFO - Processing file /home/paolo/Documents/Github/case-study-1-october2020-data-sweepers/DataExtraction/ENV/lib/python3.8/site-packages/airflow/example_dags/example_branch_operator.py for tasks to queue
[2021-08-28 23:51:22,778] {logging_mixin.py:109} INFO - [2021-08-28 23:51:22,777] {dagbag.py:496} INFO - Filling up the DagBag from /home/paolo/Documents/Github/case-study-1-october2020-data-sweepers/DataExtraction/ENV/lib/python3.8/site-packages/airflow/example_dags/example_branch_operator.py
[2021-08-28 23:51:22,817] {processor.py:623} INFO - DAG(s) dict_keys(['example_branch_operator']) retrieved from /home/paolo/Documents/Github/case-study-1-october2020-data-sweepers/DataExtraction/ENV/lib/python3.8/site-packages/airflow/example_dags/example_branch_operator.py
[2021-08-28 23:51:22,854] {logging_mixin.py:109} INFO - [2021-08-28 23:51:22,854] {dag.py:1833} INFO - Sync 1 DAGs
[2021-08-28 23:51:22,887] {logging_mixin.py:109} INFO - [2021-08-28 23:51:22,887] {dag.py:2306} INFO - Setting next_dagrun for example_branch_operator to 2021-08-26 00:00:00+00:00
[2021-08-28 23:51:22,903] {processor.py:170} INFO - Processing /home/paolo/Documents/Github/case-study-1-october2020-data-sweepers/DataExtraction/ENV/lib/python3.8/site-packages/airflow/example_dags/example_branch_operator.py took 0.146 seconds
[2021-08-28 23:51:57,012] {processor.py:162} INFO - Started process (PID=15434) to work on /home/paolo/Documents/Github/case-study-1-october2020-data-sweepers/DataExtraction/ENV/lib/python3.8/site-packages/airflow/example_dags/example_branch_operator.py
[2021-08-28 23:51:57,013] {processor.py:613} INFO - Processing file /home/paolo/Documents/Github/case-study-1-october2020-data-sweepers/DataExtraction/ENV/lib/python3.8/site-packages/airflow/example_dags/example_branch_operator.py for tasks to queue
[2021-08-28 23:51:57,014] {logging_mixin.py:109} INFO - [2021-08-28 23:51:57,014] {dagbag.py:496} INFO - Filling up the DagBag from /home/paolo/Documents/Github/case-study-1-october2020-data-sweepers/DataExtraction/ENV/lib/python3.8/site-packages/airflow/example_dags/example_branch_operator.py
[2021-08-28 23:51:57,025] {processor.py:623} INFO - DAG(s) dict_keys(['example_branch_operator']) retrieved from /home/paolo/Documents/Github/case-study-1-october2020-data-sweepers/DataExtraction/ENV/lib/python3.8/site-packages/airflow/example_dags/example_branch_operator.py
[2021-08-28 23:51:57,036] {logging_mixin.py:109} INFO - [2021-08-28 23:51:57,036] {dag.py:1833} INFO - Sync 1 DAGs
[2021-08-28 23:51:57,047] {logging_mixin.py:109} INFO - [2021-08-28 23:51:57,047] {dag.py:2306} INFO - Setting next_dagrun for example_branch_operator to 2021-08-26 00:00:00+00:00
[2021-08-28 23:51:57,063] {processor.py:170} INFO - Processing /home/paolo/Documents/Github/case-study-1-october2020-data-sweepers/DataExtraction/ENV/lib/python3.8/site-packages/airflow/example_dags/example_branch_operator.py took 0.053 seconds
[2021-08-28 23:52:31,445] {processor.py:162} INFO - Started process (PID=15556) to work on /home/paolo/Documents/Github/case-study-1-october2020-data-sweepers/DataExtraction/ENV/lib/python3.8/site-packages/airflow/example_dags/example_branch_operator.py
[2021-08-28 23:52:31,447] {processor.py:613} INFO - Processing file /home/paolo/Documents/Github/case-study-1-october2020-data-sweepers/DataExtraction/ENV/lib/python3.8/site-packages/airflow/example_dags/example_branch_operator.py for tasks to queue
[2021-08-28 23:52:31,449] {logging_mixin.py:109} INFO - [2021-08-28 23:52:31,448] {dagbag.py:496} INFO - Filling up the DagBag from /home/paolo/Documents/Github/case-study-1-october2020-data-sweepers/DataExtraction/ENV/lib/python3.8/site-packages/airflow/example_dags/example_branch_operator.py
[2021-08-28 23:52:31,469] {processor.py:623} INFO - DAG(s) dict_keys(['example_branch_operator']) retrieved from /home/paolo/Documents/Github/case-study-1-october2020-data-sweepers/DataExtraction/ENV/lib/python3.8/site-packages/airflow/example_dags/example_branch_operator.py
[2021-08-28 23:52:31,481] {logging_mixin.py:109} INFO - [2021-08-28 23:52:31,481] {dag.py:1833} INFO - Sync 1 DAGs
[2021-08-28 23:52:31,492] {logging_mixin.py:109} INFO - [2021-08-28 23:52:31,492] {dag.py:2306} INFO - Setting next_dagrun for example_branch_operator to 2021-08-26 00:00:00+00:00
[2021-08-28 23:52:31,508] {processor.py:170} INFO - Processing /home/paolo/Documents/Github/case-study-1-october2020-data-sweepers/DataExtraction/ENV/lib/python3.8/site-packages/airflow/example_dags/example_branch_operator.py took 0.071 seconds
[2021-08-28 23:53:03,671] {processor.py:162} INFO - Started process (PID=15624) to work on /home/paolo/Documents/Github/case-study-1-october2020-data-sweepers/DataExtraction/ENV/lib/python3.8/site-packages/airflow/example_dags/example_branch_operator.py
[2021-08-28 23:53:03,672] {processor.py:613} INFO - Processing file /home/paolo/Documents/Github/case-study-1-october2020-data-sweepers/DataExtraction/ENV/lib/python3.8/site-packages/airflow/example_dags/example_branch_operator.py for tasks to queue
[2021-08-28 23:53:03,673] {logging_mixin.py:109} INFO - [2021-08-28 23:53:03,673] {dagbag.py:496} INFO - Filling up the DagBag from /home/paolo/Documents/Github/case-study-1-october2020-data-sweepers/DataExtraction/ENV/lib/python3.8/site-packages/airflow/example_dags/example_branch_operator.py
[2021-08-28 23:53:03,686] {processor.py:623} INFO - DAG(s) dict_keys(['example_branch_operator']) retrieved from /home/paolo/Documents/Github/case-study-1-october2020-data-sweepers/DataExtraction/ENV/lib/python3.8/site-packages/airflow/example_dags/example_branch_operator.py
[2021-08-28 23:53:03,700] {logging_mixin.py:109} INFO - [2021-08-28 23:53:03,700] {dag.py:1833} INFO - Sync 1 DAGs
[2021-08-28 23:53:03,711] {logging_mixin.py:109} INFO - [2021-08-28 23:53:03,711] {dag.py:2306} INFO - Setting next_dagrun for example_branch_operator to 2021-08-26 00:00:00+00:00
[2021-08-28 23:53:03,727] {processor.py:170} INFO - Processing /home/paolo/Documents/Github/case-study-1-october2020-data-sweepers/DataExtraction/ENV/lib/python3.8/site-packages/airflow/example_dags/example_branch_operator.py took 0.059 seconds
[2021-08-28 23:53:34,910] {processor.py:162} INFO - Started process (PID=15703) to work on /home/paolo/Documents/Github/case-study-1-october2020-data-sweepers/DataExtraction/ENV/lib/python3.8/site-packages/airflow/example_dags/example_branch_operator.py
[2021-08-28 23:53:34,911] {processor.py:613} INFO - Processing file /home/paolo/Documents/Github/case-study-1-october2020-data-sweepers/DataExtraction/ENV/lib/python3.8/site-packages/airflow/example_dags/example_branch_operator.py for tasks to queue
[2021-08-28 23:53:34,912] {logging_mixin.py:109} INFO - [2021-08-28 23:53:34,912] {dagbag.py:496} INFO - Filling up the DagBag from /home/paolo/Documents/Github/case-study-1-october2020-data-sweepers/DataExtraction/ENV/lib/python3.8/site-packages/airflow/example_dags/example_branch_operator.py
[2021-08-28 23:53:34,927] {processor.py:623} INFO - DAG(s) dict_keys(['example_branch_operator']) retrieved from /home/paolo/Documents/Github/case-study-1-october2020-data-sweepers/DataExtraction/ENV/lib/python3.8/site-packages/airflow/example_dags/example_branch_operator.py
[2021-08-28 23:53:34,940] {logging_mixin.py:109} INFO - [2021-08-28 23:53:34,940] {dag.py:1833} INFO - Sync 1 DAGs
[2021-08-28 23:53:34,954] {logging_mixin.py:109} INFO - [2021-08-28 23:53:34,953] {dag.py:2306} INFO - Setting next_dagrun for example_branch_operator to 2021-08-26 00:00:00+00:00
[2021-08-28 23:53:34,978] {processor.py:170} INFO - Processing /home/paolo/Documents/Github/case-study-1-october2020-data-sweepers/DataExtraction/ENV/lib/python3.8/site-packages/airflow/example_dags/example_branch_operator.py took 0.071 seconds
[2021-08-28 23:56:17,731] {processor.py:162} INFO - Started process (PID=16412) to work on /home/paolo/Documents/Github/case-study-1-october2020-data-sweepers/DataExtraction/ENV/lib/python3.8/site-packages/airflow/example_dags/example_branch_operator.py
[2021-08-28 23:56:17,732] {processor.py:613} INFO - Processing file /home/paolo/Documents/Github/case-study-1-october2020-data-sweepers/DataExtraction/ENV/lib/python3.8/site-packages/airflow/example_dags/example_branch_operator.py for tasks to queue
[2021-08-28 23:56:17,733] {logging_mixin.py:109} INFO - [2021-08-28 23:56:17,733] {dagbag.py:496} INFO - Filling up the DagBag from /home/paolo/Documents/Github/case-study-1-october2020-data-sweepers/DataExtraction/ENV/lib/python3.8/site-packages/airflow/example_dags/example_branch_operator.py
[2021-08-28 23:56:17,789] {processor.py:623} INFO - DAG(s) dict_keys(['example_branch_operator']) retrieved from /home/paolo/Documents/Github/case-study-1-october2020-data-sweepers/DataExtraction/ENV/lib/python3.8/site-packages/airflow/example_dags/example_branch_operator.py
[2021-08-28 23:56:17,831] {logging_mixin.py:109} INFO - [2021-08-28 23:56:17,831] {dag.py:1833} INFO - Sync 1 DAGs
[2021-08-28 23:56:17,863] {logging_mixin.py:109} INFO - [2021-08-28 23:56:17,863] {dag.py:2306} INFO - Setting next_dagrun for example_branch_operator to 2021-08-26 00:00:00+00:00
[2021-08-28 23:56:17,886] {processor.py:170} INFO - Processing /home/paolo/Documents/Github/case-study-1-october2020-data-sweepers/DataExtraction/ENV/lib/python3.8/site-packages/airflow/example_dags/example_branch_operator.py took 0.164 seconds
[2021-08-28 23:56:58,970] {processor.py:162} INFO - Started process (PID=16719) to work on /home/paolo/Documents/Github/case-study-1-october2020-data-sweepers/DataExtraction/ENV/lib/python3.8/site-packages/airflow/example_dags/example_branch_operator.py
[2021-08-28 23:56:58,972] {processor.py:613} INFO - Processing file /home/paolo/Documents/Github/case-study-1-october2020-data-sweepers/DataExtraction/ENV/lib/python3.8/site-packages/airflow/example_dags/example_branch_operator.py for tasks to queue
[2021-08-28 23:56:58,975] {logging_mixin.py:109} INFO - [2021-08-28 23:56:58,974] {dagbag.py:496} INFO - Filling up the DagBag from /home/paolo/Documents/Github/case-study-1-october2020-data-sweepers/DataExtraction/ENV/lib/python3.8/site-packages/airflow/example_dags/example_branch_operator.py
[2021-08-28 23:56:58,988] {processor.py:623} INFO - DAG(s) dict_keys(['example_branch_operator']) retrieved from /home/paolo/Documents/Github/case-study-1-october2020-data-sweepers/DataExtraction/ENV/lib/python3.8/site-packages/airflow/example_dags/example_branch_operator.py
[2021-08-28 23:56:59,002] {logging_mixin.py:109} INFO - [2021-08-28 23:56:59,002] {dag.py:1833} INFO - Sync 1 DAGs
[2021-08-28 23:56:59,014] {logging_mixin.py:109} INFO - [2021-08-28 23:56:59,014] {dag.py:2306} INFO - Setting next_dagrun for example_branch_operator to 2021-08-26 00:00:00+00:00
[2021-08-28 23:56:59,030] {processor.py:170} INFO - Processing /home/paolo/Documents/Github/case-study-1-october2020-data-sweepers/DataExtraction/ENV/lib/python3.8/site-packages/airflow/example_dags/example_branch_operator.py took 0.062 seconds
[2021-08-28 23:57:40,407] {processor.py:162} INFO - Started process (PID=17066) to work on /home/paolo/Documents/Github/case-study-1-october2020-data-sweepers/DataExtraction/ENV/lib/python3.8/site-packages/airflow/example_dags/example_branch_operator.py
[2021-08-28 23:57:40,409] {processor.py:613} INFO - Processing file /home/paolo/Documents/Github/case-study-1-october2020-data-sweepers/DataExtraction/ENV/lib/python3.8/site-packages/airflow/example_dags/example_branch_operator.py for tasks to queue
[2021-08-28 23:57:40,413] {logging_mixin.py:109} INFO - [2021-08-28 23:57:40,413] {dagbag.py:496} INFO - Filling up the DagBag from /home/paolo/Documents/Github/case-study-1-october2020-data-sweepers/DataExtraction/ENV/lib/python3.8/site-packages/airflow/example_dags/example_branch_operator.py
[2021-08-28 23:57:40,436] {processor.py:623} INFO - DAG(s) dict_keys(['example_branch_operator']) retrieved from /home/paolo/Documents/Github/case-study-1-october2020-data-sweepers/DataExtraction/ENV/lib/python3.8/site-packages/airflow/example_dags/example_branch_operator.py
[2021-08-28 23:57:40,461] {logging_mixin.py:109} INFO - [2021-08-28 23:57:40,461] {dag.py:1833} INFO - Sync 1 DAGs
[2021-08-28 23:57:40,483] {logging_mixin.py:109} INFO - [2021-08-28 23:57:40,483] {dag.py:2306} INFO - Setting next_dagrun for example_branch_operator to 2021-08-26 00:00:00+00:00
[2021-08-28 23:57:40,502] {processor.py:170} INFO - Processing /home/paolo/Documents/Github/case-study-1-october2020-data-sweepers/DataExtraction/ENV/lib/python3.8/site-packages/airflow/example_dags/example_branch_operator.py took 0.100 seconds
[2021-08-28 23:58:25,168] {processor.py:162} INFO - Started process (PID=17443) to work on /home/paolo/Documents/Github/case-study-1-october2020-data-sweepers/DataExtraction/ENV/lib/python3.8/site-packages/airflow/example_dags/example_branch_operator.py
[2021-08-28 23:58:25,173] {processor.py:613} INFO - Processing file /home/paolo/Documents/Github/case-study-1-october2020-data-sweepers/DataExtraction/ENV/lib/python3.8/site-packages/airflow/example_dags/example_branch_operator.py for tasks to queue
[2021-08-28 23:58:25,173] {logging_mixin.py:109} INFO - [2021-08-28 23:58:25,173] {dagbag.py:496} INFO - Filling up the DagBag from /home/paolo/Documents/Github/case-study-1-october2020-data-sweepers/DataExtraction/ENV/lib/python3.8/site-packages/airflow/example_dags/example_branch_operator.py
[2021-08-28 23:58:25,188] {processor.py:623} INFO - DAG(s) dict_keys(['example_branch_operator']) retrieved from /home/paolo/Documents/Github/case-study-1-october2020-data-sweepers/DataExtraction/ENV/lib/python3.8/site-packages/airflow/example_dags/example_branch_operator.py
[2021-08-28 23:58:25,203] {logging_mixin.py:109} INFO - [2021-08-28 23:58:25,203] {dag.py:1833} INFO - Sync 1 DAGs
[2021-08-28 23:58:25,220] {logging_mixin.py:109} INFO - [2021-08-28 23:58:25,220] {dag.py:2306} INFO - Setting next_dagrun for example_branch_operator to 2021-08-26 00:00:00+00:00
[2021-08-28 23:58:25,245] {processor.py:170} INFO - Processing /home/paolo/Documents/Github/case-study-1-october2020-data-sweepers/DataExtraction/ENV/lib/python3.8/site-packages/airflow/example_dags/example_branch_operator.py took 0.080 seconds
