[2021-08-28 23:37:26,805] {processor.py:162} INFO - Started process (PID=13074) to work on /home/paolo/Documents/Github/case-study-1-october2020-data-sweepers/DataExtraction/ENV/lib/python3.8/site-packages/airflow/example_dags/example_python_operator.py
[2021-08-28 23:37:26,807] {processor.py:613} INFO - Processing file /home/paolo/Documents/Github/case-study-1-october2020-data-sweepers/DataExtraction/ENV/lib/python3.8/site-packages/airflow/example_dags/example_python_operator.py for tasks to queue
[2021-08-28 23:37:26,807] {logging_mixin.py:109} INFO - [2021-08-28 23:37:26,807] {dagbag.py:496} INFO - Filling up the DagBag from /home/paolo/Documents/Github/case-study-1-october2020-data-sweepers/DataExtraction/ENV/lib/python3.8/site-packages/airflow/example_dags/example_python_operator.py
[2021-08-28 23:37:26,828] {processor.py:623} INFO - DAG(s) dict_keys(['example_python_operator']) retrieved from /home/paolo/Documents/Github/case-study-1-october2020-data-sweepers/DataExtraction/ENV/lib/python3.8/site-packages/airflow/example_dags/example_python_operator.py
[2021-08-28 23:37:26,855] {logging_mixin.py:109} INFO - [2021-08-28 23:37:26,854] {dag.py:1833} INFO - Sync 1 DAGs
[2021-08-28 23:37:26,882] {logging_mixin.py:109} INFO - [2021-08-28 23:37:26,882] {dag.py:2306} INFO - Setting next_dagrun for example_python_operator to None
[2021-08-28 23:37:26,916] {processor.py:170} INFO - Processing /home/paolo/Documents/Github/case-study-1-october2020-data-sweepers/DataExtraction/ENV/lib/python3.8/site-packages/airflow/example_dags/example_python_operator.py took 0.114 seconds
[2021-08-28 23:38:04,169] {processor.py:162} INFO - Started process (PID=13234) to work on /home/paolo/Documents/Github/case-study-1-october2020-data-sweepers/DataExtraction/ENV/lib/python3.8/site-packages/airflow/example_dags/example_python_operator.py
[2021-08-28 23:38:04,182] {processor.py:613} INFO - Processing file /home/paolo/Documents/Github/case-study-1-october2020-data-sweepers/DataExtraction/ENV/lib/python3.8/site-packages/airflow/example_dags/example_python_operator.py for tasks to queue
[2021-08-28 23:38:04,186] {logging_mixin.py:109} INFO - [2021-08-28 23:38:04,186] {dagbag.py:496} INFO - Filling up the DagBag from /home/paolo/Documents/Github/case-study-1-october2020-data-sweepers/DataExtraction/ENV/lib/python3.8/site-packages/airflow/example_dags/example_python_operator.py
[2021-08-28 23:38:04,260] {processor.py:623} INFO - DAG(s) dict_keys(['example_python_operator']) retrieved from /home/paolo/Documents/Github/case-study-1-october2020-data-sweepers/DataExtraction/ENV/lib/python3.8/site-packages/airflow/example_dags/example_python_operator.py
[2021-08-28 23:38:04,311] {logging_mixin.py:109} INFO - [2021-08-28 23:38:04,310] {dag.py:1833} INFO - Sync 1 DAGs
[2021-08-28 23:38:04,349] {logging_mixin.py:109} INFO - [2021-08-28 23:38:04,349] {dag.py:2306} INFO - Setting next_dagrun for example_python_operator to None
[2021-08-28 23:38:04,381] {processor.py:170} INFO - Processing /home/paolo/Documents/Github/case-study-1-october2020-data-sweepers/DataExtraction/ENV/lib/python3.8/site-packages/airflow/example_dags/example_python_operator.py took 0.215 seconds
[2021-08-28 23:38:45,103] {processor.py:162} INFO - Started process (PID=13333) to work on /home/paolo/Documents/Github/case-study-1-october2020-data-sweepers/DataExtraction/ENV/lib/python3.8/site-packages/airflow/example_dags/example_python_operator.py
[2021-08-28 23:38:45,104] {processor.py:613} INFO - Processing file /home/paolo/Documents/Github/case-study-1-october2020-data-sweepers/DataExtraction/ENV/lib/python3.8/site-packages/airflow/example_dags/example_python_operator.py for tasks to queue
[2021-08-28 23:38:45,105] {logging_mixin.py:109} INFO - [2021-08-28 23:38:45,105] {dagbag.py:496} INFO - Filling up the DagBag from /home/paolo/Documents/Github/case-study-1-october2020-data-sweepers/DataExtraction/ENV/lib/python3.8/site-packages/airflow/example_dags/example_python_operator.py
[2021-08-28 23:38:45,121] {processor.py:623} INFO - DAG(s) dict_keys(['example_python_operator']) retrieved from /home/paolo/Documents/Github/case-study-1-october2020-data-sweepers/DataExtraction/ENV/lib/python3.8/site-packages/airflow/example_dags/example_python_operator.py
[2021-08-28 23:38:45,135] {logging_mixin.py:109} INFO - [2021-08-28 23:38:45,135] {dag.py:1833} INFO - Sync 1 DAGs
[2021-08-28 23:38:45,145] {logging_mixin.py:109} INFO - [2021-08-28 23:38:45,145] {dag.py:2306} INFO - Setting next_dagrun for example_python_operator to None
[2021-08-28 23:38:45,163] {processor.py:170} INFO - Processing /home/paolo/Documents/Github/case-study-1-october2020-data-sweepers/DataExtraction/ENV/lib/python3.8/site-packages/airflow/example_dags/example_python_operator.py took 0.062 seconds
[2021-08-28 23:39:19,578] {processor.py:162} INFO - Started process (PID=13448) to work on /home/paolo/Documents/Github/case-study-1-october2020-data-sweepers/DataExtraction/ENV/lib/python3.8/site-packages/airflow/example_dags/example_python_operator.py
[2021-08-28 23:39:19,579] {processor.py:613} INFO - Processing file /home/paolo/Documents/Github/case-study-1-october2020-data-sweepers/DataExtraction/ENV/lib/python3.8/site-packages/airflow/example_dags/example_python_operator.py for tasks to queue
[2021-08-28 23:39:19,580] {logging_mixin.py:109} INFO - [2021-08-28 23:39:19,580] {dagbag.py:496} INFO - Filling up the DagBag from /home/paolo/Documents/Github/case-study-1-october2020-data-sweepers/DataExtraction/ENV/lib/python3.8/site-packages/airflow/example_dags/example_python_operator.py
[2021-08-28 23:39:19,591] {processor.py:623} INFO - DAG(s) dict_keys(['example_python_operator']) retrieved from /home/paolo/Documents/Github/case-study-1-october2020-data-sweepers/DataExtraction/ENV/lib/python3.8/site-packages/airflow/example_dags/example_python_operator.py
[2021-08-28 23:39:19,603] {logging_mixin.py:109} INFO - [2021-08-28 23:39:19,603] {dag.py:1833} INFO - Sync 1 DAGs
[2021-08-28 23:39:19,613] {logging_mixin.py:109} INFO - [2021-08-28 23:39:19,613] {dag.py:2306} INFO - Setting next_dagrun for example_python_operator to None
[2021-08-28 23:39:19,631] {processor.py:170} INFO - Processing /home/paolo/Documents/Github/case-study-1-october2020-data-sweepers/DataExtraction/ENV/lib/python3.8/site-packages/airflow/example_dags/example_python_operator.py took 0.056 seconds
[2021-08-28 23:39:55,301] {processor.py:162} INFO - Started process (PID=13616) to work on /home/paolo/Documents/Github/case-study-1-october2020-data-sweepers/DataExtraction/ENV/lib/python3.8/site-packages/airflow/example_dags/example_python_operator.py
[2021-08-28 23:39:55,303] {processor.py:613} INFO - Processing file /home/paolo/Documents/Github/case-study-1-october2020-data-sweepers/DataExtraction/ENV/lib/python3.8/site-packages/airflow/example_dags/example_python_operator.py for tasks to queue
[2021-08-28 23:39:55,304] {logging_mixin.py:109} INFO - [2021-08-28 23:39:55,304] {dagbag.py:496} INFO - Filling up the DagBag from /home/paolo/Documents/Github/case-study-1-october2020-data-sweepers/DataExtraction/ENV/lib/python3.8/site-packages/airflow/example_dags/example_python_operator.py
[2021-08-28 23:39:55,327] {processor.py:623} INFO - DAG(s) dict_keys(['example_python_operator']) retrieved from /home/paolo/Documents/Github/case-study-1-october2020-data-sweepers/DataExtraction/ENV/lib/python3.8/site-packages/airflow/example_dags/example_python_operator.py
[2021-08-28 23:39:55,346] {logging_mixin.py:109} INFO - [2021-08-28 23:39:55,346] {dag.py:1833} INFO - Sync 1 DAGs
[2021-08-28 23:39:55,364] {logging_mixin.py:109} INFO - [2021-08-28 23:39:55,364] {dag.py:2306} INFO - Setting next_dagrun for example_python_operator to None
[2021-08-28 23:39:55,385] {processor.py:170} INFO - Processing /home/paolo/Documents/Github/case-study-1-october2020-data-sweepers/DataExtraction/ENV/lib/python3.8/site-packages/airflow/example_dags/example_python_operator.py took 0.087 seconds
[2021-08-28 23:40:34,701] {processor.py:162} INFO - Started process (PID=13862) to work on /home/paolo/Documents/Github/case-study-1-october2020-data-sweepers/DataExtraction/ENV/lib/python3.8/site-packages/airflow/example_dags/example_python_operator.py
[2021-08-28 23:40:34,704] {processor.py:613} INFO - Processing file /home/paolo/Documents/Github/case-study-1-october2020-data-sweepers/DataExtraction/ENV/lib/python3.8/site-packages/airflow/example_dags/example_python_operator.py for tasks to queue
[2021-08-28 23:40:34,705] {logging_mixin.py:109} INFO - [2021-08-28 23:40:34,705] {dagbag.py:496} INFO - Filling up the DagBag from /home/paolo/Documents/Github/case-study-1-october2020-data-sweepers/DataExtraction/ENV/lib/python3.8/site-packages/airflow/example_dags/example_python_operator.py
[2021-08-28 23:40:34,726] {processor.py:623} INFO - DAG(s) dict_keys(['example_python_operator']) retrieved from /home/paolo/Documents/Github/case-study-1-october2020-data-sweepers/DataExtraction/ENV/lib/python3.8/site-packages/airflow/example_dags/example_python_operator.py
[2021-08-28 23:40:34,741] {logging_mixin.py:109} INFO - [2021-08-28 23:40:34,741] {dag.py:1833} INFO - Sync 1 DAGs
[2021-08-28 23:40:34,750] {logging_mixin.py:109} INFO - [2021-08-28 23:40:34,750] {dag.py:2306} INFO - Setting next_dagrun for example_python_operator to None
[2021-08-28 23:40:34,766] {processor.py:170} INFO - Processing /home/paolo/Documents/Github/case-study-1-october2020-data-sweepers/DataExtraction/ENV/lib/python3.8/site-packages/airflow/example_dags/example_python_operator.py took 0.071 seconds
[2021-08-28 23:41:13,761] {processor.py:162} INFO - Started process (PID=14016) to work on /home/paolo/Documents/Github/case-study-1-october2020-data-sweepers/DataExtraction/ENV/lib/python3.8/site-packages/airflow/example_dags/example_python_operator.py
[2021-08-28 23:41:13,767] {processor.py:613} INFO - Processing file /home/paolo/Documents/Github/case-study-1-october2020-data-sweepers/DataExtraction/ENV/lib/python3.8/site-packages/airflow/example_dags/example_python_operator.py for tasks to queue
[2021-08-28 23:41:13,768] {logging_mixin.py:109} INFO - [2021-08-28 23:41:13,768] {dagbag.py:496} INFO - Filling up the DagBag from /home/paolo/Documents/Github/case-study-1-october2020-data-sweepers/DataExtraction/ENV/lib/python3.8/site-packages/airflow/example_dags/example_python_operator.py
[2021-08-28 23:41:13,824] {processor.py:623} INFO - DAG(s) dict_keys(['example_python_operator']) retrieved from /home/paolo/Documents/Github/case-study-1-october2020-data-sweepers/DataExtraction/ENV/lib/python3.8/site-packages/airflow/example_dags/example_python_operator.py
[2021-08-28 23:41:13,861] {logging_mixin.py:109} INFO - [2021-08-28 23:41:13,861] {dag.py:1833} INFO - Sync 1 DAGs
[2021-08-28 23:41:13,899] {logging_mixin.py:109} INFO - [2021-08-28 23:41:13,899] {dag.py:2306} INFO - Setting next_dagrun for example_python_operator to None
[2021-08-28 23:41:13,933] {processor.py:170} INFO - Processing /home/paolo/Documents/Github/case-study-1-october2020-data-sweepers/DataExtraction/ENV/lib/python3.8/site-packages/airflow/example_dags/example_python_operator.py took 0.175 seconds
[2021-08-28 23:41:50,178] {processor.py:162} INFO - Started process (PID=14126) to work on /home/paolo/Documents/Github/case-study-1-october2020-data-sweepers/DataExtraction/ENV/lib/python3.8/site-packages/airflow/example_dags/example_python_operator.py
[2021-08-28 23:41:50,179] {processor.py:613} INFO - Processing file /home/paolo/Documents/Github/case-study-1-october2020-data-sweepers/DataExtraction/ENV/lib/python3.8/site-packages/airflow/example_dags/example_python_operator.py for tasks to queue
[2021-08-28 23:41:50,179] {logging_mixin.py:109} INFO - [2021-08-28 23:41:50,179] {dagbag.py:496} INFO - Filling up the DagBag from /home/paolo/Documents/Github/case-study-1-october2020-data-sweepers/DataExtraction/ENV/lib/python3.8/site-packages/airflow/example_dags/example_python_operator.py
[2021-08-28 23:41:50,189] {processor.py:623} INFO - DAG(s) dict_keys(['example_python_operator']) retrieved from /home/paolo/Documents/Github/case-study-1-october2020-data-sweepers/DataExtraction/ENV/lib/python3.8/site-packages/airflow/example_dags/example_python_operator.py
[2021-08-28 23:41:50,201] {logging_mixin.py:109} INFO - [2021-08-28 23:41:50,201] {dag.py:1833} INFO - Sync 1 DAGs
[2021-08-28 23:41:50,210] {logging_mixin.py:109} INFO - [2021-08-28 23:41:50,210] {dag.py:2306} INFO - Setting next_dagrun for example_python_operator to None
[2021-08-28 23:41:50,225] {processor.py:170} INFO - Processing /home/paolo/Documents/Github/case-study-1-october2020-data-sweepers/DataExtraction/ENV/lib/python3.8/site-packages/airflow/example_dags/example_python_operator.py took 0.049 seconds
[2021-08-28 23:42:21,562] {processor.py:162} INFO - Started process (PID=14228) to work on /home/paolo/Documents/Github/case-study-1-october2020-data-sweepers/DataExtraction/ENV/lib/python3.8/site-packages/airflow/example_dags/example_python_operator.py
[2021-08-28 23:42:21,563] {processor.py:613} INFO - Processing file /home/paolo/Documents/Github/case-study-1-october2020-data-sweepers/DataExtraction/ENV/lib/python3.8/site-packages/airflow/example_dags/example_python_operator.py for tasks to queue
[2021-08-28 23:42:21,564] {logging_mixin.py:109} INFO - [2021-08-28 23:42:21,564] {dagbag.py:496} INFO - Filling up the DagBag from /home/paolo/Documents/Github/case-study-1-october2020-data-sweepers/DataExtraction/ENV/lib/python3.8/site-packages/airflow/example_dags/example_python_operator.py
[2021-08-28 23:42:21,577] {processor.py:623} INFO - DAG(s) dict_keys(['example_python_operator']) retrieved from /home/paolo/Documents/Github/case-study-1-october2020-data-sweepers/DataExtraction/ENV/lib/python3.8/site-packages/airflow/example_dags/example_python_operator.py
[2021-08-28 23:42:21,589] {logging_mixin.py:109} INFO - [2021-08-28 23:42:21,589] {dag.py:1833} INFO - Sync 1 DAGs
[2021-08-28 23:42:21,600] {logging_mixin.py:109} INFO - [2021-08-28 23:42:21,600] {dag.py:2306} INFO - Setting next_dagrun for example_python_operator to None
[2021-08-28 23:42:21,619] {processor.py:170} INFO - Processing /home/paolo/Documents/Github/case-study-1-october2020-data-sweepers/DataExtraction/ENV/lib/python3.8/site-packages/airflow/example_dags/example_python_operator.py took 0.059 seconds
[2021-08-28 23:42:53,342] {processor.py:162} INFO - Started process (PID=14294) to work on /home/paolo/Documents/Github/case-study-1-october2020-data-sweepers/DataExtraction/ENV/lib/python3.8/site-packages/airflow/example_dags/example_python_operator.py
[2021-08-28 23:42:53,346] {processor.py:613} INFO - Processing file /home/paolo/Documents/Github/case-study-1-october2020-data-sweepers/DataExtraction/ENV/lib/python3.8/site-packages/airflow/example_dags/example_python_operator.py for tasks to queue
[2021-08-28 23:42:53,348] {logging_mixin.py:109} INFO - [2021-08-28 23:42:53,348] {dagbag.py:496} INFO - Filling up the DagBag from /home/paolo/Documents/Github/case-study-1-october2020-data-sweepers/DataExtraction/ENV/lib/python3.8/site-packages/airflow/example_dags/example_python_operator.py
[2021-08-28 23:42:53,367] {processor.py:623} INFO - DAG(s) dict_keys(['example_python_operator']) retrieved from /home/paolo/Documents/Github/case-study-1-october2020-data-sweepers/DataExtraction/ENV/lib/python3.8/site-packages/airflow/example_dags/example_python_operator.py
[2021-08-28 23:42:53,379] {logging_mixin.py:109} INFO - [2021-08-28 23:42:53,379] {dag.py:1833} INFO - Sync 1 DAGs
[2021-08-28 23:42:53,388] {logging_mixin.py:109} INFO - [2021-08-28 23:42:53,388] {dag.py:2306} INFO - Setting next_dagrun for example_python_operator to None
[2021-08-28 23:42:53,404] {processor.py:170} INFO - Processing /home/paolo/Documents/Github/case-study-1-october2020-data-sweepers/DataExtraction/ENV/lib/python3.8/site-packages/airflow/example_dags/example_python_operator.py took 0.069 seconds
[2021-08-28 23:43:25,931] {processor.py:162} INFO - Started process (PID=14377) to work on /home/paolo/Documents/Github/case-study-1-october2020-data-sweepers/DataExtraction/ENV/lib/python3.8/site-packages/airflow/example_dags/example_python_operator.py
[2021-08-28 23:43:25,933] {processor.py:613} INFO - Processing file /home/paolo/Documents/Github/case-study-1-october2020-data-sweepers/DataExtraction/ENV/lib/python3.8/site-packages/airflow/example_dags/example_python_operator.py for tasks to queue
[2021-08-28 23:43:25,935] {logging_mixin.py:109} INFO - [2021-08-28 23:43:25,934] {dagbag.py:496} INFO - Filling up the DagBag from /home/paolo/Documents/Github/case-study-1-october2020-data-sweepers/DataExtraction/ENV/lib/python3.8/site-packages/airflow/example_dags/example_python_operator.py
[2021-08-28 23:43:25,947] {processor.py:623} INFO - DAG(s) dict_keys(['example_python_operator']) retrieved from /home/paolo/Documents/Github/case-study-1-october2020-data-sweepers/DataExtraction/ENV/lib/python3.8/site-packages/airflow/example_dags/example_python_operator.py
[2021-08-28 23:43:25,958] {logging_mixin.py:109} INFO - [2021-08-28 23:43:25,958] {dag.py:1833} INFO - Sync 1 DAGs
[2021-08-28 23:43:25,969] {logging_mixin.py:109} INFO - [2021-08-28 23:43:25,969] {dag.py:2306} INFO - Setting next_dagrun for example_python_operator to None
[2021-08-28 23:43:25,983] {processor.py:170} INFO - Processing /home/paolo/Documents/Github/case-study-1-october2020-data-sweepers/DataExtraction/ENV/lib/python3.8/site-packages/airflow/example_dags/example_python_operator.py took 0.057 seconds
[2021-08-28 23:43:57,285] {processor.py:162} INFO - Started process (PID=14438) to work on /home/paolo/Documents/Github/case-study-1-october2020-data-sweepers/DataExtraction/ENV/lib/python3.8/site-packages/airflow/example_dags/example_python_operator.py
[2021-08-28 23:43:57,290] {processor.py:613} INFO - Processing file /home/paolo/Documents/Github/case-study-1-october2020-data-sweepers/DataExtraction/ENV/lib/python3.8/site-packages/airflow/example_dags/example_python_operator.py for tasks to queue
[2021-08-28 23:43:57,291] {logging_mixin.py:109} INFO - [2021-08-28 23:43:57,291] {dagbag.py:496} INFO - Filling up the DagBag from /home/paolo/Documents/Github/case-study-1-october2020-data-sweepers/DataExtraction/ENV/lib/python3.8/site-packages/airflow/example_dags/example_python_operator.py
[2021-08-28 23:43:57,307] {processor.py:623} INFO - DAG(s) dict_keys(['example_python_operator']) retrieved from /home/paolo/Documents/Github/case-study-1-october2020-data-sweepers/DataExtraction/ENV/lib/python3.8/site-packages/airflow/example_dags/example_python_operator.py
[2021-08-28 23:43:57,319] {logging_mixin.py:109} INFO - [2021-08-28 23:43:57,319] {dag.py:1833} INFO - Sync 1 DAGs
[2021-08-28 23:43:57,328] {logging_mixin.py:109} INFO - [2021-08-28 23:43:57,328] {dag.py:2306} INFO - Setting next_dagrun for example_python_operator to None
[2021-08-28 23:43:57,343] {processor.py:170} INFO - Processing /home/paolo/Documents/Github/case-study-1-october2020-data-sweepers/DataExtraction/ENV/lib/python3.8/site-packages/airflow/example_dags/example_python_operator.py took 0.066 seconds
[2021-08-28 23:44:33,366] {processor.py:162} INFO - Started process (PID=14522) to work on /home/paolo/Documents/Github/case-study-1-october2020-data-sweepers/DataExtraction/ENV/lib/python3.8/site-packages/airflow/example_dags/example_python_operator.py
[2021-08-28 23:44:33,367] {processor.py:613} INFO - Processing file /home/paolo/Documents/Github/case-study-1-october2020-data-sweepers/DataExtraction/ENV/lib/python3.8/site-packages/airflow/example_dags/example_python_operator.py for tasks to queue
[2021-08-28 23:44:33,368] {logging_mixin.py:109} INFO - [2021-08-28 23:44:33,368] {dagbag.py:496} INFO - Filling up the DagBag from /home/paolo/Documents/Github/case-study-1-october2020-data-sweepers/DataExtraction/ENV/lib/python3.8/site-packages/airflow/example_dags/example_python_operator.py
[2021-08-28 23:44:33,405] {processor.py:623} INFO - DAG(s) dict_keys(['example_python_operator']) retrieved from /home/paolo/Documents/Github/case-study-1-october2020-data-sweepers/DataExtraction/ENV/lib/python3.8/site-packages/airflow/example_dags/example_python_operator.py
[2021-08-28 23:44:33,449] {logging_mixin.py:109} INFO - [2021-08-28 23:44:33,449] {dag.py:1833} INFO - Sync 1 DAGs
[2021-08-28 23:44:33,491] {logging_mixin.py:109} INFO - [2021-08-28 23:44:33,490] {dag.py:2306} INFO - Setting next_dagrun for example_python_operator to None
[2021-08-28 23:44:33,540] {processor.py:170} INFO - Processing /home/paolo/Documents/Github/case-study-1-october2020-data-sweepers/DataExtraction/ENV/lib/python3.8/site-packages/airflow/example_dags/example_python_operator.py took 0.177 seconds
[2021-08-28 23:45:14,113] {processor.py:162} INFO - Started process (PID=14590) to work on /home/paolo/Documents/Github/case-study-1-october2020-data-sweepers/DataExtraction/ENV/lib/python3.8/site-packages/airflow/example_dags/example_python_operator.py
[2021-08-28 23:45:14,117] {processor.py:613} INFO - Processing file /home/paolo/Documents/Github/case-study-1-october2020-data-sweepers/DataExtraction/ENV/lib/python3.8/site-packages/airflow/example_dags/example_python_operator.py for tasks to queue
[2021-08-28 23:45:14,119] {logging_mixin.py:109} INFO - [2021-08-28 23:45:14,119] {dagbag.py:496} INFO - Filling up the DagBag from /home/paolo/Documents/Github/case-study-1-october2020-data-sweepers/DataExtraction/ENV/lib/python3.8/site-packages/airflow/example_dags/example_python_operator.py
[2021-08-28 23:45:14,155] {processor.py:623} INFO - DAG(s) dict_keys(['example_python_operator']) retrieved from /home/paolo/Documents/Github/case-study-1-october2020-data-sweepers/DataExtraction/ENV/lib/python3.8/site-packages/airflow/example_dags/example_python_operator.py
[2021-08-28 23:45:14,182] {logging_mixin.py:109} INFO - [2021-08-28 23:45:14,182] {dag.py:1833} INFO - Sync 1 DAGs
[2021-08-28 23:45:14,201] {logging_mixin.py:109} INFO - [2021-08-28 23:45:14,200] {dag.py:2306} INFO - Setting next_dagrun for example_python_operator to None
[2021-08-28 23:45:14,243] {processor.py:170} INFO - Processing /home/paolo/Documents/Github/case-study-1-october2020-data-sweepers/DataExtraction/ENV/lib/python3.8/site-packages/airflow/example_dags/example_python_operator.py took 0.135 seconds
[2021-08-28 23:45:55,325] {processor.py:162} INFO - Started process (PID=14659) to work on /home/paolo/Documents/Github/case-study-1-october2020-data-sweepers/DataExtraction/ENV/lib/python3.8/site-packages/airflow/example_dags/example_python_operator.py
[2021-08-28 23:45:55,327] {processor.py:613} INFO - Processing file /home/paolo/Documents/Github/case-study-1-october2020-data-sweepers/DataExtraction/ENV/lib/python3.8/site-packages/airflow/example_dags/example_python_operator.py for tasks to queue
[2021-08-28 23:45:55,328] {logging_mixin.py:109} INFO - [2021-08-28 23:45:55,328] {dagbag.py:496} INFO - Filling up the DagBag from /home/paolo/Documents/Github/case-study-1-october2020-data-sweepers/DataExtraction/ENV/lib/python3.8/site-packages/airflow/example_dags/example_python_operator.py
[2021-08-28 23:45:55,356] {processor.py:623} INFO - DAG(s) dict_keys(['example_python_operator']) retrieved from /home/paolo/Documents/Github/case-study-1-october2020-data-sweepers/DataExtraction/ENV/lib/python3.8/site-packages/airflow/example_dags/example_python_operator.py
[2021-08-28 23:45:55,391] {logging_mixin.py:109} INFO - [2021-08-28 23:45:55,390] {dag.py:1833} INFO - Sync 1 DAGs
[2021-08-28 23:45:55,413] {logging_mixin.py:109} INFO - [2021-08-28 23:45:55,413] {dag.py:2306} INFO - Setting next_dagrun for example_python_operator to None
[2021-08-28 23:45:55,442] {processor.py:170} INFO - Processing /home/paolo/Documents/Github/case-study-1-october2020-data-sweepers/DataExtraction/ENV/lib/python3.8/site-packages/airflow/example_dags/example_python_operator.py took 0.126 seconds
[2021-08-28 23:46:36,412] {processor.py:162} INFO - Started process (PID=14728) to work on /home/paolo/Documents/Github/case-study-1-october2020-data-sweepers/DataExtraction/ENV/lib/python3.8/site-packages/airflow/example_dags/example_python_operator.py
[2021-08-28 23:46:36,417] {processor.py:613} INFO - Processing file /home/paolo/Documents/Github/case-study-1-october2020-data-sweepers/DataExtraction/ENV/lib/python3.8/site-packages/airflow/example_dags/example_python_operator.py for tasks to queue
[2021-08-28 23:46:36,418] {logging_mixin.py:109} INFO - [2021-08-28 23:46:36,418] {dagbag.py:496} INFO - Filling up the DagBag from /home/paolo/Documents/Github/case-study-1-october2020-data-sweepers/DataExtraction/ENV/lib/python3.8/site-packages/airflow/example_dags/example_python_operator.py
[2021-08-28 23:46:36,455] {processor.py:623} INFO - DAG(s) dict_keys(['example_python_operator']) retrieved from /home/paolo/Documents/Github/case-study-1-october2020-data-sweepers/DataExtraction/ENV/lib/python3.8/site-packages/airflow/example_dags/example_python_operator.py
[2021-08-28 23:46:36,479] {logging_mixin.py:109} INFO - [2021-08-28 23:46:36,479] {dag.py:1833} INFO - Sync 1 DAGs
[2021-08-28 23:46:36,503] {logging_mixin.py:109} INFO - [2021-08-28 23:46:36,502] {dag.py:2306} INFO - Setting next_dagrun for example_python_operator to None
[2021-08-28 23:46:36,530] {processor.py:170} INFO - Processing /home/paolo/Documents/Github/case-study-1-october2020-data-sweepers/DataExtraction/ENV/lib/python3.8/site-packages/airflow/example_dags/example_python_operator.py took 0.123 seconds
[2021-08-28 23:47:14,099] {processor.py:162} INFO - Started process (PID=14809) to work on /home/paolo/Documents/Github/case-study-1-october2020-data-sweepers/DataExtraction/ENV/lib/python3.8/site-packages/airflow/example_dags/example_python_operator.py
[2021-08-28 23:47:14,106] {processor.py:613} INFO - Processing file /home/paolo/Documents/Github/case-study-1-october2020-data-sweepers/DataExtraction/ENV/lib/python3.8/site-packages/airflow/example_dags/example_python_operator.py for tasks to queue
[2021-08-28 23:47:14,107] {logging_mixin.py:109} INFO - [2021-08-28 23:47:14,107] {dagbag.py:496} INFO - Filling up the DagBag from /home/paolo/Documents/Github/case-study-1-october2020-data-sweepers/DataExtraction/ENV/lib/python3.8/site-packages/airflow/example_dags/example_python_operator.py
[2021-08-28 23:47:14,146] {processor.py:623} INFO - DAG(s) dict_keys(['example_python_operator']) retrieved from /home/paolo/Documents/Github/case-study-1-october2020-data-sweepers/DataExtraction/ENV/lib/python3.8/site-packages/airflow/example_dags/example_python_operator.py
[2021-08-28 23:47:14,174] {logging_mixin.py:109} INFO - [2021-08-28 23:47:14,174] {dag.py:1833} INFO - Sync 1 DAGs
[2021-08-28 23:47:14,197] {logging_mixin.py:109} INFO - [2021-08-28 23:47:14,196] {dag.py:2306} INFO - Setting next_dagrun for example_python_operator to None
[2021-08-28 23:47:14,237] {processor.py:170} INFO - Processing /home/paolo/Documents/Github/case-study-1-october2020-data-sweepers/DataExtraction/ENV/lib/python3.8/site-packages/airflow/example_dags/example_python_operator.py took 0.145 seconds
[2021-08-28 23:47:51,874] {processor.py:162} INFO - Started process (PID=14889) to work on /home/paolo/Documents/Github/case-study-1-october2020-data-sweepers/DataExtraction/ENV/lib/python3.8/site-packages/airflow/example_dags/example_python_operator.py
[2021-08-28 23:47:51,881] {processor.py:613} INFO - Processing file /home/paolo/Documents/Github/case-study-1-october2020-data-sweepers/DataExtraction/ENV/lib/python3.8/site-packages/airflow/example_dags/example_python_operator.py for tasks to queue
[2021-08-28 23:47:51,881] {logging_mixin.py:109} INFO - [2021-08-28 23:47:51,881] {dagbag.py:496} INFO - Filling up the DagBag from /home/paolo/Documents/Github/case-study-1-october2020-data-sweepers/DataExtraction/ENV/lib/python3.8/site-packages/airflow/example_dags/example_python_operator.py
[2021-08-28 23:47:51,910] {processor.py:623} INFO - DAG(s) dict_keys(['example_python_operator']) retrieved from /home/paolo/Documents/Github/case-study-1-october2020-data-sweepers/DataExtraction/ENV/lib/python3.8/site-packages/airflow/example_dags/example_python_operator.py
[2021-08-28 23:47:51,938] {logging_mixin.py:109} INFO - [2021-08-28 23:47:51,937] {dag.py:1833} INFO - Sync 1 DAGs
[2021-08-28 23:47:51,959] {logging_mixin.py:109} INFO - [2021-08-28 23:47:51,959] {dag.py:2306} INFO - Setting next_dagrun for example_python_operator to None
[2021-08-28 23:47:52,003] {processor.py:170} INFO - Processing /home/paolo/Documents/Github/case-study-1-october2020-data-sweepers/DataExtraction/ENV/lib/python3.8/site-packages/airflow/example_dags/example_python_operator.py took 0.134 seconds
[2021-08-28 23:48:34,296] {processor.py:162} INFO - Started process (PID=14958) to work on /home/paolo/Documents/Github/case-study-1-october2020-data-sweepers/DataExtraction/ENV/lib/python3.8/site-packages/airflow/example_dags/example_python_operator.py
[2021-08-28 23:48:34,302] {processor.py:613} INFO - Processing file /home/paolo/Documents/Github/case-study-1-october2020-data-sweepers/DataExtraction/ENV/lib/python3.8/site-packages/airflow/example_dags/example_python_operator.py for tasks to queue
[2021-08-28 23:48:34,309] {logging_mixin.py:109} INFO - [2021-08-28 23:48:34,309] {dagbag.py:496} INFO - Filling up the DagBag from /home/paolo/Documents/Github/case-study-1-october2020-data-sweepers/DataExtraction/ENV/lib/python3.8/site-packages/airflow/example_dags/example_python_operator.py
[2021-08-28 23:48:34,336] {processor.py:623} INFO - DAG(s) dict_keys(['example_python_operator']) retrieved from /home/paolo/Documents/Github/case-study-1-october2020-data-sweepers/DataExtraction/ENV/lib/python3.8/site-packages/airflow/example_dags/example_python_operator.py
[2021-08-28 23:48:34,368] {logging_mixin.py:109} INFO - [2021-08-28 23:48:34,367] {dag.py:1833} INFO - Sync 1 DAGs
[2021-08-28 23:48:34,392] {logging_mixin.py:109} INFO - [2021-08-28 23:48:34,392] {dag.py:2306} INFO - Setting next_dagrun for example_python_operator to None
[2021-08-28 23:48:34,432] {processor.py:170} INFO - Processing /home/paolo/Documents/Github/case-study-1-october2020-data-sweepers/DataExtraction/ENV/lib/python3.8/site-packages/airflow/example_dags/example_python_operator.py took 0.140 seconds
[2021-08-28 23:49:12,840] {processor.py:162} INFO - Started process (PID=15072) to work on /home/paolo/Documents/Github/case-study-1-october2020-data-sweepers/DataExtraction/ENV/lib/python3.8/site-packages/airflow/example_dags/example_python_operator.py
[2021-08-28 23:49:12,842] {processor.py:613} INFO - Processing file /home/paolo/Documents/Github/case-study-1-october2020-data-sweepers/DataExtraction/ENV/lib/python3.8/site-packages/airflow/example_dags/example_python_operator.py for tasks to queue
[2021-08-28 23:49:12,843] {logging_mixin.py:109} INFO - [2021-08-28 23:49:12,843] {dagbag.py:496} INFO - Filling up the DagBag from /home/paolo/Documents/Github/case-study-1-october2020-data-sweepers/DataExtraction/ENV/lib/python3.8/site-packages/airflow/example_dags/example_python_operator.py
[2021-08-28 23:49:12,891] {processor.py:623} INFO - DAG(s) dict_keys(['example_python_operator']) retrieved from /home/paolo/Documents/Github/case-study-1-october2020-data-sweepers/DataExtraction/ENV/lib/python3.8/site-packages/airflow/example_dags/example_python_operator.py
[2021-08-28 23:49:12,985] {logging_mixin.py:109} INFO - [2021-08-28 23:49:12,985] {dag.py:1833} INFO - Sync 1 DAGs
[2021-08-28 23:49:13,017] {logging_mixin.py:109} INFO - [2021-08-28 23:49:13,017] {dag.py:2306} INFO - Setting next_dagrun for example_python_operator to None
[2021-08-28 23:49:13,056] {processor.py:170} INFO - Processing /home/paolo/Documents/Github/case-study-1-october2020-data-sweepers/DataExtraction/ENV/lib/python3.8/site-packages/airflow/example_dags/example_python_operator.py took 0.224 seconds
[2021-08-28 23:49:46,017] {processor.py:162} INFO - Started process (PID=15132) to work on /home/paolo/Documents/Github/case-study-1-october2020-data-sweepers/DataExtraction/ENV/lib/python3.8/site-packages/airflow/example_dags/example_python_operator.py
[2021-08-28 23:49:46,020] {processor.py:613} INFO - Processing file /home/paolo/Documents/Github/case-study-1-october2020-data-sweepers/DataExtraction/ENV/lib/python3.8/site-packages/airflow/example_dags/example_python_operator.py for tasks to queue
[2021-08-28 23:49:46,021] {logging_mixin.py:109} INFO - [2021-08-28 23:49:46,020] {dagbag.py:496} INFO - Filling up the DagBag from /home/paolo/Documents/Github/case-study-1-october2020-data-sweepers/DataExtraction/ENV/lib/python3.8/site-packages/airflow/example_dags/example_python_operator.py
[2021-08-28 23:49:46,041] {processor.py:623} INFO - DAG(s) dict_keys(['example_python_operator']) retrieved from /home/paolo/Documents/Github/case-study-1-october2020-data-sweepers/DataExtraction/ENV/lib/python3.8/site-packages/airflow/example_dags/example_python_operator.py
[2021-08-28 23:49:46,061] {logging_mixin.py:109} INFO - [2021-08-28 23:49:46,060] {dag.py:1833} INFO - Sync 1 DAGs
[2021-08-28 23:49:46,076] {logging_mixin.py:109} INFO - [2021-08-28 23:49:46,076] {dag.py:2306} INFO - Setting next_dagrun for example_python_operator to None
[2021-08-28 23:49:46,098] {processor.py:170} INFO - Processing /home/paolo/Documents/Github/case-study-1-october2020-data-sweepers/DataExtraction/ENV/lib/python3.8/site-packages/airflow/example_dags/example_python_operator.py took 0.086 seconds
[2021-08-28 23:50:19,453] {processor.py:162} INFO - Started process (PID=15212) to work on /home/paolo/Documents/Github/case-study-1-october2020-data-sweepers/DataExtraction/ENV/lib/python3.8/site-packages/airflow/example_dags/example_python_operator.py
[2021-08-28 23:50:19,454] {processor.py:613} INFO - Processing file /home/paolo/Documents/Github/case-study-1-october2020-data-sweepers/DataExtraction/ENV/lib/python3.8/site-packages/airflow/example_dags/example_python_operator.py for tasks to queue
[2021-08-28 23:50:19,454] {logging_mixin.py:109} INFO - [2021-08-28 23:50:19,454] {dagbag.py:496} INFO - Filling up the DagBag from /home/paolo/Documents/Github/case-study-1-october2020-data-sweepers/DataExtraction/ENV/lib/python3.8/site-packages/airflow/example_dags/example_python_operator.py
[2021-08-28 23:50:19,465] {processor.py:623} INFO - DAG(s) dict_keys(['example_python_operator']) retrieved from /home/paolo/Documents/Github/case-study-1-october2020-data-sweepers/DataExtraction/ENV/lib/python3.8/site-packages/airflow/example_dags/example_python_operator.py
[2021-08-28 23:50:19,488] {logging_mixin.py:109} INFO - [2021-08-28 23:50:19,488] {dag.py:1833} INFO - Sync 1 DAGs
[2021-08-28 23:50:19,499] {logging_mixin.py:109} INFO - [2021-08-28 23:50:19,499] {dag.py:2306} INFO - Setting next_dagrun for example_python_operator to None
[2021-08-28 23:50:19,520] {processor.py:170} INFO - Processing /home/paolo/Documents/Github/case-study-1-october2020-data-sweepers/DataExtraction/ENV/lib/python3.8/site-packages/airflow/example_dags/example_python_operator.py took 0.072 seconds
[2021-08-28 23:50:52,551] {processor.py:162} INFO - Started process (PID=15280) to work on /home/paolo/Documents/Github/case-study-1-october2020-data-sweepers/DataExtraction/ENV/lib/python3.8/site-packages/airflow/example_dags/example_python_operator.py
[2021-08-28 23:50:52,552] {processor.py:613} INFO - Processing file /home/paolo/Documents/Github/case-study-1-october2020-data-sweepers/DataExtraction/ENV/lib/python3.8/site-packages/airflow/example_dags/example_python_operator.py for tasks to queue
[2021-08-28 23:50:52,553] {logging_mixin.py:109} INFO - [2021-08-28 23:50:52,553] {dagbag.py:496} INFO - Filling up the DagBag from /home/paolo/Documents/Github/case-study-1-october2020-data-sweepers/DataExtraction/ENV/lib/python3.8/site-packages/airflow/example_dags/example_python_operator.py
[2021-08-28 23:50:52,565] {processor.py:623} INFO - DAG(s) dict_keys(['example_python_operator']) retrieved from /home/paolo/Documents/Github/case-study-1-october2020-data-sweepers/DataExtraction/ENV/lib/python3.8/site-packages/airflow/example_dags/example_python_operator.py
[2021-08-28 23:50:52,581] {logging_mixin.py:109} INFO - [2021-08-28 23:50:52,581] {dag.py:1833} INFO - Sync 1 DAGs
[2021-08-28 23:50:52,592] {logging_mixin.py:109} INFO - [2021-08-28 23:50:52,592] {dag.py:2306} INFO - Setting next_dagrun for example_python_operator to None
[2021-08-28 23:50:52,610] {processor.py:170} INFO - Processing /home/paolo/Documents/Github/case-study-1-october2020-data-sweepers/DataExtraction/ENV/lib/python3.8/site-packages/airflow/example_dags/example_python_operator.py took 0.061 seconds
[2021-08-28 23:51:27,744] {processor.py:162} INFO - Started process (PID=15352) to work on /home/paolo/Documents/Github/case-study-1-october2020-data-sweepers/DataExtraction/ENV/lib/python3.8/site-packages/airflow/example_dags/example_python_operator.py
[2021-08-28 23:51:27,745] {processor.py:613} INFO - Processing file /home/paolo/Documents/Github/case-study-1-october2020-data-sweepers/DataExtraction/ENV/lib/python3.8/site-packages/airflow/example_dags/example_python_operator.py for tasks to queue
[2021-08-28 23:51:27,746] {logging_mixin.py:109} INFO - [2021-08-28 23:51:27,745] {dagbag.py:496} INFO - Filling up the DagBag from /home/paolo/Documents/Github/case-study-1-october2020-data-sweepers/DataExtraction/ENV/lib/python3.8/site-packages/airflow/example_dags/example_python_operator.py
[2021-08-28 23:51:27,759] {processor.py:623} INFO - DAG(s) dict_keys(['example_python_operator']) retrieved from /home/paolo/Documents/Github/case-study-1-october2020-data-sweepers/DataExtraction/ENV/lib/python3.8/site-packages/airflow/example_dags/example_python_operator.py
[2021-08-28 23:51:27,775] {logging_mixin.py:109} INFO - [2021-08-28 23:51:27,774] {dag.py:1833} INFO - Sync 1 DAGs
[2021-08-28 23:51:27,787] {logging_mixin.py:109} INFO - [2021-08-28 23:51:27,787] {dag.py:2306} INFO - Setting next_dagrun for example_python_operator to None
[2021-08-28 23:51:27,808] {processor.py:170} INFO - Processing /home/paolo/Documents/Github/case-study-1-october2020-data-sweepers/DataExtraction/ENV/lib/python3.8/site-packages/airflow/example_dags/example_python_operator.py took 0.067 seconds
[2021-08-28 23:52:00,481] {processor.py:162} INFO - Started process (PID=15443) to work on /home/paolo/Documents/Github/case-study-1-october2020-data-sweepers/DataExtraction/ENV/lib/python3.8/site-packages/airflow/example_dags/example_python_operator.py
[2021-08-28 23:52:00,488] {processor.py:613} INFO - Processing file /home/paolo/Documents/Github/case-study-1-october2020-data-sweepers/DataExtraction/ENV/lib/python3.8/site-packages/airflow/example_dags/example_python_operator.py for tasks to queue
[2021-08-28 23:52:00,495] {logging_mixin.py:109} INFO - [2021-08-28 23:52:00,489] {dagbag.py:496} INFO - Filling up the DagBag from /home/paolo/Documents/Github/case-study-1-october2020-data-sweepers/DataExtraction/ENV/lib/python3.8/site-packages/airflow/example_dags/example_python_operator.py
[2021-08-28 23:52:00,516] {processor.py:623} INFO - DAG(s) dict_keys(['example_python_operator']) retrieved from /home/paolo/Documents/Github/case-study-1-october2020-data-sweepers/DataExtraction/ENV/lib/python3.8/site-packages/airflow/example_dags/example_python_operator.py
[2021-08-28 23:52:00,540] {logging_mixin.py:109} INFO - [2021-08-28 23:52:00,540] {dag.py:1833} INFO - Sync 1 DAGs
[2021-08-28 23:52:00,555] {logging_mixin.py:109} INFO - [2021-08-28 23:52:00,555] {dag.py:2306} INFO - Setting next_dagrun for example_python_operator to None
[2021-08-28 23:52:00,568] {processor.py:170} INFO - Processing /home/paolo/Documents/Github/case-study-1-october2020-data-sweepers/DataExtraction/ENV/lib/python3.8/site-packages/airflow/example_dags/example_python_operator.py took 0.091 seconds
[2021-08-28 23:52:35,134] {processor.py:162} INFO - Started process (PID=15564) to work on /home/paolo/Documents/Github/case-study-1-october2020-data-sweepers/DataExtraction/ENV/lib/python3.8/site-packages/airflow/example_dags/example_python_operator.py
[2021-08-28 23:52:35,135] {processor.py:613} INFO - Processing file /home/paolo/Documents/Github/case-study-1-october2020-data-sweepers/DataExtraction/ENV/lib/python3.8/site-packages/airflow/example_dags/example_python_operator.py for tasks to queue
[2021-08-28 23:52:35,136] {logging_mixin.py:109} INFO - [2021-08-28 23:52:35,136] {dagbag.py:496} INFO - Filling up the DagBag from /home/paolo/Documents/Github/case-study-1-october2020-data-sweepers/DataExtraction/ENV/lib/python3.8/site-packages/airflow/example_dags/example_python_operator.py
[2021-08-28 23:52:35,147] {processor.py:623} INFO - DAG(s) dict_keys(['example_python_operator']) retrieved from /home/paolo/Documents/Github/case-study-1-october2020-data-sweepers/DataExtraction/ENV/lib/python3.8/site-packages/airflow/example_dags/example_python_operator.py
[2021-08-28 23:52:35,159] {logging_mixin.py:109} INFO - [2021-08-28 23:52:35,159] {dag.py:1833} INFO - Sync 1 DAGs
[2021-08-28 23:52:35,168] {logging_mixin.py:109} INFO - [2021-08-28 23:52:35,168] {dag.py:2306} INFO - Setting next_dagrun for example_python_operator to None
[2021-08-28 23:52:35,186] {processor.py:170} INFO - Processing /home/paolo/Documents/Github/case-study-1-october2020-data-sweepers/DataExtraction/ENV/lib/python3.8/site-packages/airflow/example_dags/example_python_operator.py took 0.054 seconds
[2021-08-28 23:53:08,576] {processor.py:162} INFO - Started process (PID=15637) to work on /home/paolo/Documents/Github/case-study-1-october2020-data-sweepers/DataExtraction/ENV/lib/python3.8/site-packages/airflow/example_dags/example_python_operator.py
[2021-08-28 23:53:08,578] {processor.py:613} INFO - Processing file /home/paolo/Documents/Github/case-study-1-october2020-data-sweepers/DataExtraction/ENV/lib/python3.8/site-packages/airflow/example_dags/example_python_operator.py for tasks to queue
[2021-08-28 23:53:08,579] {logging_mixin.py:109} INFO - [2021-08-28 23:53:08,579] {dagbag.py:496} INFO - Filling up the DagBag from /home/paolo/Documents/Github/case-study-1-october2020-data-sweepers/DataExtraction/ENV/lib/python3.8/site-packages/airflow/example_dags/example_python_operator.py
[2021-08-28 23:53:08,600] {processor.py:623} INFO - DAG(s) dict_keys(['example_python_operator']) retrieved from /home/paolo/Documents/Github/case-study-1-october2020-data-sweepers/DataExtraction/ENV/lib/python3.8/site-packages/airflow/example_dags/example_python_operator.py
[2021-08-28 23:53:08,613] {logging_mixin.py:109} INFO - [2021-08-28 23:53:08,613] {dag.py:1833} INFO - Sync 1 DAGs
[2021-08-28 23:53:08,622] {logging_mixin.py:109} INFO - [2021-08-28 23:53:08,622] {dag.py:2306} INFO - Setting next_dagrun for example_python_operator to None
[2021-08-28 23:53:08,637] {processor.py:170} INFO - Processing /home/paolo/Documents/Github/case-study-1-october2020-data-sweepers/DataExtraction/ENV/lib/python3.8/site-packages/airflow/example_dags/example_python_operator.py took 0.067 seconds
[2021-08-28 23:53:39,678] {processor.py:162} INFO - Started process (PID=15716) to work on /home/paolo/Documents/Github/case-study-1-october2020-data-sweepers/DataExtraction/ENV/lib/python3.8/site-packages/airflow/example_dags/example_python_operator.py
[2021-08-28 23:53:39,679] {processor.py:613} INFO - Processing file /home/paolo/Documents/Github/case-study-1-october2020-data-sweepers/DataExtraction/ENV/lib/python3.8/site-packages/airflow/example_dags/example_python_operator.py for tasks to queue
[2021-08-28 23:53:39,680] {logging_mixin.py:109} INFO - [2021-08-28 23:53:39,680] {dagbag.py:496} INFO - Filling up the DagBag from /home/paolo/Documents/Github/case-study-1-october2020-data-sweepers/DataExtraction/ENV/lib/python3.8/site-packages/airflow/example_dags/example_python_operator.py
[2021-08-28 23:53:39,694] {processor.py:623} INFO - DAG(s) dict_keys(['example_python_operator']) retrieved from /home/paolo/Documents/Github/case-study-1-october2020-data-sweepers/DataExtraction/ENV/lib/python3.8/site-packages/airflow/example_dags/example_python_operator.py
[2021-08-28 23:53:39,705] {logging_mixin.py:109} INFO - [2021-08-28 23:53:39,705] {dag.py:1833} INFO - Sync 1 DAGs
[2021-08-28 23:53:39,713] {logging_mixin.py:109} INFO - [2021-08-28 23:53:39,713] {dag.py:2306} INFO - Setting next_dagrun for example_python_operator to None
[2021-08-28 23:53:39,728] {processor.py:170} INFO - Processing /home/paolo/Documents/Github/case-study-1-october2020-data-sweepers/DataExtraction/ENV/lib/python3.8/site-packages/airflow/example_dags/example_python_operator.py took 0.053 seconds
[2021-08-28 23:55:57,066] {processor.py:162} INFO - Started process (PID=16264) to work on /home/paolo/Documents/Github/case-study-1-october2020-data-sweepers/DataExtraction/ENV/lib/python3.8/site-packages/airflow/example_dags/example_python_operator.py
[2021-08-28 23:55:57,075] {processor.py:613} INFO - Processing file /home/paolo/Documents/Github/case-study-1-october2020-data-sweepers/DataExtraction/ENV/lib/python3.8/site-packages/airflow/example_dags/example_python_operator.py for tasks to queue
[2021-08-28 23:55:57,076] {logging_mixin.py:109} INFO - [2021-08-28 23:55:57,076] {dagbag.py:496} INFO - Filling up the DagBag from /home/paolo/Documents/Github/case-study-1-october2020-data-sweepers/DataExtraction/ENV/lib/python3.8/site-packages/airflow/example_dags/example_python_operator.py
[2021-08-28 23:55:57,102] {processor.py:623} INFO - DAG(s) dict_keys(['example_python_operator']) retrieved from /home/paolo/Documents/Github/case-study-1-october2020-data-sweepers/DataExtraction/ENV/lib/python3.8/site-packages/airflow/example_dags/example_python_operator.py
[2021-08-28 23:55:57,130] {logging_mixin.py:109} INFO - [2021-08-28 23:55:57,130] {dag.py:1833} INFO - Sync 1 DAGs
[2021-08-28 23:55:57,163] {logging_mixin.py:109} INFO - [2021-08-28 23:55:57,151] {dag.py:2306} INFO - Setting next_dagrun for example_python_operator to None
[2021-08-28 23:55:57,185] {processor.py:170} INFO - Processing /home/paolo/Documents/Github/case-study-1-october2020-data-sweepers/DataExtraction/ENV/lib/python3.8/site-packages/airflow/example_dags/example_python_operator.py took 0.122 seconds
[2021-08-28 23:56:38,290] {processor.py:162} INFO - Started process (PID=16551) to work on /home/paolo/Documents/Github/case-study-1-october2020-data-sweepers/DataExtraction/ENV/lib/python3.8/site-packages/airflow/example_dags/example_python_operator.py
[2021-08-28 23:56:38,291] {processor.py:613} INFO - Processing file /home/paolo/Documents/Github/case-study-1-october2020-data-sweepers/DataExtraction/ENV/lib/python3.8/site-packages/airflow/example_dags/example_python_operator.py for tasks to queue
[2021-08-28 23:56:38,292] {logging_mixin.py:109} INFO - [2021-08-28 23:56:38,292] {dagbag.py:496} INFO - Filling up the DagBag from /home/paolo/Documents/Github/case-study-1-october2020-data-sweepers/DataExtraction/ENV/lib/python3.8/site-packages/airflow/example_dags/example_python_operator.py
[2021-08-28 23:56:38,303] {processor.py:623} INFO - DAG(s) dict_keys(['example_python_operator']) retrieved from /home/paolo/Documents/Github/case-study-1-october2020-data-sweepers/DataExtraction/ENV/lib/python3.8/site-packages/airflow/example_dags/example_python_operator.py
[2021-08-28 23:56:38,317] {logging_mixin.py:109} INFO - [2021-08-28 23:56:38,317] {dag.py:1833} INFO - Sync 1 DAGs
[2021-08-28 23:56:38,326] {logging_mixin.py:109} INFO - [2021-08-28 23:56:38,326] {dag.py:2306} INFO - Setting next_dagrun for example_python_operator to None
[2021-08-28 23:56:38,341] {processor.py:170} INFO - Processing /home/paolo/Documents/Github/case-study-1-october2020-data-sweepers/DataExtraction/ENV/lib/python3.8/site-packages/airflow/example_dags/example_python_operator.py took 0.053 seconds
[2021-08-28 23:57:16,524] {processor.py:162} INFO - Started process (PID=16876) to work on /home/paolo/Documents/Github/case-study-1-october2020-data-sweepers/DataExtraction/ENV/lib/python3.8/site-packages/airflow/example_dags/example_python_operator.py
[2021-08-28 23:57:16,525] {processor.py:613} INFO - Processing file /home/paolo/Documents/Github/case-study-1-october2020-data-sweepers/DataExtraction/ENV/lib/python3.8/site-packages/airflow/example_dags/example_python_operator.py for tasks to queue
[2021-08-28 23:57:16,526] {logging_mixin.py:109} INFO - [2021-08-28 23:57:16,526] {dagbag.py:496} INFO - Filling up the DagBag from /home/paolo/Documents/Github/case-study-1-october2020-data-sweepers/DataExtraction/ENV/lib/python3.8/site-packages/airflow/example_dags/example_python_operator.py
[2021-08-28 23:57:16,538] {processor.py:623} INFO - DAG(s) dict_keys(['example_python_operator']) retrieved from /home/paolo/Documents/Github/case-study-1-october2020-data-sweepers/DataExtraction/ENV/lib/python3.8/site-packages/airflow/example_dags/example_python_operator.py
[2021-08-28 23:57:16,552] {logging_mixin.py:109} INFO - [2021-08-28 23:57:16,552] {dag.py:1833} INFO - Sync 1 DAGs
[2021-08-28 23:57:16,563] {logging_mixin.py:109} INFO - [2021-08-28 23:57:16,562] {dag.py:2306} INFO - Setting next_dagrun for example_python_operator to None
[2021-08-28 23:57:16,579] {processor.py:170} INFO - Processing /home/paolo/Documents/Github/case-study-1-october2020-data-sweepers/DataExtraction/ENV/lib/python3.8/site-packages/airflow/example_dags/example_python_operator.py took 0.057 seconds
[2021-08-28 23:57:55,183] {processor.py:162} INFO - Started process (PID=17186) to work on /home/paolo/Documents/Github/case-study-1-october2020-data-sweepers/DataExtraction/ENV/lib/python3.8/site-packages/airflow/example_dags/example_python_operator.py
[2021-08-28 23:57:55,184] {processor.py:613} INFO - Processing file /home/paolo/Documents/Github/case-study-1-october2020-data-sweepers/DataExtraction/ENV/lib/python3.8/site-packages/airflow/example_dags/example_python_operator.py for tasks to queue
[2021-08-28 23:57:55,185] {logging_mixin.py:109} INFO - [2021-08-28 23:57:55,185] {dagbag.py:496} INFO - Filling up the DagBag from /home/paolo/Documents/Github/case-study-1-october2020-data-sweepers/DataExtraction/ENV/lib/python3.8/site-packages/airflow/example_dags/example_python_operator.py
[2021-08-28 23:57:55,201] {processor.py:623} INFO - DAG(s) dict_keys(['example_python_operator']) retrieved from /home/paolo/Documents/Github/case-study-1-october2020-data-sweepers/DataExtraction/ENV/lib/python3.8/site-packages/airflow/example_dags/example_python_operator.py
[2021-08-28 23:57:55,222] {logging_mixin.py:109} INFO - [2021-08-28 23:57:55,221] {dag.py:1833} INFO - Sync 1 DAGs
[2021-08-28 23:57:55,245] {logging_mixin.py:109} INFO - [2021-08-28 23:57:55,245] {dag.py:2306} INFO - Setting next_dagrun for example_python_operator to None
[2021-08-28 23:57:55,272] {processor.py:170} INFO - Processing /home/paolo/Documents/Github/case-study-1-october2020-data-sweepers/DataExtraction/ENV/lib/python3.8/site-packages/airflow/example_dags/example_python_operator.py took 0.095 seconds
[2021-08-28 23:58:33,323] {processor.py:162} INFO - Started process (PID=17508) to work on /home/paolo/Documents/Github/case-study-1-october2020-data-sweepers/DataExtraction/ENV/lib/python3.8/site-packages/airflow/example_dags/example_python_operator.py
[2021-08-28 23:58:33,326] {processor.py:613} INFO - Processing file /home/paolo/Documents/Github/case-study-1-october2020-data-sweepers/DataExtraction/ENV/lib/python3.8/site-packages/airflow/example_dags/example_python_operator.py for tasks to queue
[2021-08-28 23:58:33,328] {logging_mixin.py:109} INFO - [2021-08-28 23:58:33,327] {dagbag.py:496} INFO - Filling up the DagBag from /home/paolo/Documents/Github/case-study-1-october2020-data-sweepers/DataExtraction/ENV/lib/python3.8/site-packages/airflow/example_dags/example_python_operator.py
[2021-08-28 23:58:33,358] {processor.py:623} INFO - DAG(s) dict_keys(['example_python_operator']) retrieved from /home/paolo/Documents/Github/case-study-1-october2020-data-sweepers/DataExtraction/ENV/lib/python3.8/site-packages/airflow/example_dags/example_python_operator.py
[2021-08-28 23:58:33,381] {logging_mixin.py:109} INFO - [2021-08-28 23:58:33,380] {dag.py:1833} INFO - Sync 1 DAGs
[2021-08-28 23:58:33,392] {logging_mixin.py:109} INFO - [2021-08-28 23:58:33,392] {dag.py:2306} INFO - Setting next_dagrun for example_python_operator to None
[2021-08-28 23:58:33,406] {processor.py:170} INFO - Processing /home/paolo/Documents/Github/case-study-1-october2020-data-sweepers/DataExtraction/ENV/lib/python3.8/site-packages/airflow/example_dags/example_python_operator.py took 0.089 seconds
