[2021-08-28 23:37:24,317] {processor.py:162} INFO - Started process (PID=13071) to work on /home/paolo/Documents/Github/case-study-1-october2020-data-sweepers/DataExtraction/ENV/lib/python3.8/site-packages/airflow/example_dags/example_subdag_operator.py
[2021-08-28 23:37:24,319] {processor.py:613} INFO - Processing file /home/paolo/Documents/Github/case-study-1-october2020-data-sweepers/DataExtraction/ENV/lib/python3.8/site-packages/airflow/example_dags/example_subdag_operator.py for tasks to queue
[2021-08-28 23:37:24,320] {logging_mixin.py:109} INFO - [2021-08-28 23:37:24,320] {dagbag.py:496} INFO - Filling up the DagBag from /home/paolo/Documents/Github/case-study-1-october2020-data-sweepers/DataExtraction/ENV/lib/python3.8/site-packages/airflow/example_dags/example_subdag_operator.py
[2021-08-28 23:37:24,356] {processor.py:623} INFO - DAG(s) dict_keys(['example_subdag_operator.section-1', 'example_subdag_operator.section-2', 'example_subdag_operator']) retrieved from /home/paolo/Documents/Github/case-study-1-october2020-data-sweepers/DataExtraction/ENV/lib/python3.8/site-packages/airflow/example_dags/example_subdag_operator.py
[2021-08-28 23:37:24,371] {logging_mixin.py:109} INFO - [2021-08-28 23:37:24,371] {dag.py:1833} INFO - Sync 3 DAGs
[2021-08-28 23:37:24,386] {logging_mixin.py:109} INFO - [2021-08-28 23:37:24,386] {dag.py:2306} INFO - Setting next_dagrun for example_subdag_operator to 2021-08-26 00:00:00+00:00
[2021-08-28 23:37:24,388] {logging_mixin.py:109} INFO - [2021-08-28 23:37:24,388] {dag.py:2306} INFO - Setting next_dagrun for example_subdag_operator.section-1 to None
[2021-08-28 23:37:24,388] {logging_mixin.py:109} INFO - [2021-08-28 23:37:24,388] {dag.py:2306} INFO - Setting next_dagrun for example_subdag_operator.section-2 to None
[2021-08-28 23:37:24,433] {logging_mixin.py:109} INFO - [2021-08-28 23:37:24,433] {dag.py:1833} INFO - Sync 2 DAGs
[2021-08-28 23:37:24,449] {logging_mixin.py:109} INFO - [2021-08-28 23:37:24,448] {dag.py:2306} INFO - Setting next_dagrun for example_subdag_operator.section-1 to None
[2021-08-28 23:37:24,449] {logging_mixin.py:109} INFO - [2021-08-28 23:37:24,449] {dag.py:2306} INFO - Setting next_dagrun for example_subdag_operator.section-2 to None
[2021-08-28 23:37:24,476] {processor.py:170} INFO - Processing /home/paolo/Documents/Github/case-study-1-october2020-data-sweepers/DataExtraction/ENV/lib/python3.8/site-packages/airflow/example_dags/example_subdag_operator.py took 0.163 seconds
[2021-08-28 23:38:01,622] {processor.py:162} INFO - Started process (PID=13231) to work on /home/paolo/Documents/Github/case-study-1-october2020-data-sweepers/DataExtraction/ENV/lib/python3.8/site-packages/airflow/example_dags/example_subdag_operator.py
[2021-08-28 23:38:01,624] {processor.py:613} INFO - Processing file /home/paolo/Documents/Github/case-study-1-october2020-data-sweepers/DataExtraction/ENV/lib/python3.8/site-packages/airflow/example_dags/example_subdag_operator.py for tasks to queue
[2021-08-28 23:38:01,627] {logging_mixin.py:109} INFO - [2021-08-28 23:38:01,626] {dagbag.py:496} INFO - Filling up the DagBag from /home/paolo/Documents/Github/case-study-1-october2020-data-sweepers/DataExtraction/ENV/lib/python3.8/site-packages/airflow/example_dags/example_subdag_operator.py
[2021-08-28 23:38:01,690] {processor.py:623} INFO - DAG(s) dict_keys(['example_subdag_operator.section-1', 'example_subdag_operator.section-2', 'example_subdag_operator']) retrieved from /home/paolo/Documents/Github/case-study-1-october2020-data-sweepers/DataExtraction/ENV/lib/python3.8/site-packages/airflow/example_dags/example_subdag_operator.py
[2021-08-28 23:38:01,714] {logging_mixin.py:109} INFO - [2021-08-28 23:38:01,714] {dag.py:1833} INFO - Sync 3 DAGs
[2021-08-28 23:38:01,741] {logging_mixin.py:109} INFO - [2021-08-28 23:38:01,741] {dag.py:2306} INFO - Setting next_dagrun for example_subdag_operator to 2021-08-26 00:00:00+00:00
[2021-08-28 23:38:01,743] {logging_mixin.py:109} INFO - [2021-08-28 23:38:01,743] {dag.py:2306} INFO - Setting next_dagrun for example_subdag_operator.section-1 to None
[2021-08-28 23:38:01,743] {logging_mixin.py:109} INFO - [2021-08-28 23:38:01,743] {dag.py:2306} INFO - Setting next_dagrun for example_subdag_operator.section-2 to None
[2021-08-28 23:38:01,761] {logging_mixin.py:109} INFO - [2021-08-28 23:38:01,761] {dag.py:1833} INFO - Sync 2 DAGs
[2021-08-28 23:38:01,779] {logging_mixin.py:109} INFO - [2021-08-28 23:38:01,779] {dag.py:2306} INFO - Setting next_dagrun for example_subdag_operator.section-1 to None
[2021-08-28 23:38:01,780] {logging_mixin.py:109} INFO - [2021-08-28 23:38:01,780] {dag.py:2306} INFO - Setting next_dagrun for example_subdag_operator.section-2 to None
[2021-08-28 23:38:01,797] {processor.py:170} INFO - Processing /home/paolo/Documents/Github/case-study-1-october2020-data-sweepers/DataExtraction/ENV/lib/python3.8/site-packages/airflow/example_dags/example_subdag_operator.py took 0.180 seconds
[2021-08-28 23:38:42,660] {processor.py:162} INFO - Started process (PID=13324) to work on /home/paolo/Documents/Github/case-study-1-october2020-data-sweepers/DataExtraction/ENV/lib/python3.8/site-packages/airflow/example_dags/example_subdag_operator.py
[2021-08-28 23:38:42,662] {processor.py:613} INFO - Processing file /home/paolo/Documents/Github/case-study-1-october2020-data-sweepers/DataExtraction/ENV/lib/python3.8/site-packages/airflow/example_dags/example_subdag_operator.py for tasks to queue
[2021-08-28 23:38:42,663] {logging_mixin.py:109} INFO - [2021-08-28 23:38:42,663] {dagbag.py:496} INFO - Filling up the DagBag from /home/paolo/Documents/Github/case-study-1-october2020-data-sweepers/DataExtraction/ENV/lib/python3.8/site-packages/airflow/example_dags/example_subdag_operator.py
[2021-08-28 23:38:42,709] {processor.py:623} INFO - DAG(s) dict_keys(['example_subdag_operator.section-1', 'example_subdag_operator.section-2', 'example_subdag_operator']) retrieved from /home/paolo/Documents/Github/case-study-1-october2020-data-sweepers/DataExtraction/ENV/lib/python3.8/site-packages/airflow/example_dags/example_subdag_operator.py
[2021-08-28 23:38:42,728] {logging_mixin.py:109} INFO - [2021-08-28 23:38:42,728] {dag.py:1833} INFO - Sync 3 DAGs
[2021-08-28 23:38:42,753] {logging_mixin.py:109} INFO - [2021-08-28 23:38:42,753] {dag.py:2306} INFO - Setting next_dagrun for example_subdag_operator to 2021-08-26 00:00:00+00:00
[2021-08-28 23:38:42,763] {logging_mixin.py:109} INFO - [2021-08-28 23:38:42,762] {dag.py:2306} INFO - Setting next_dagrun for example_subdag_operator.section-1 to None
[2021-08-28 23:38:42,764] {logging_mixin.py:109} INFO - [2021-08-28 23:38:42,763] {dag.py:2306} INFO - Setting next_dagrun for example_subdag_operator.section-2 to None
[2021-08-28 23:38:42,794] {logging_mixin.py:109} INFO - [2021-08-28 23:38:42,793] {dag.py:1833} INFO - Sync 2 DAGs
[2021-08-28 23:38:42,812] {logging_mixin.py:109} INFO - [2021-08-28 23:38:42,812] {dag.py:2306} INFO - Setting next_dagrun for example_subdag_operator.section-1 to None
[2021-08-28 23:38:42,813] {logging_mixin.py:109} INFO - [2021-08-28 23:38:42,813] {dag.py:2306} INFO - Setting next_dagrun for example_subdag_operator.section-2 to None
[2021-08-28 23:38:42,829] {processor.py:170} INFO - Processing /home/paolo/Documents/Github/case-study-1-october2020-data-sweepers/DataExtraction/ENV/lib/python3.8/site-packages/airflow/example_dags/example_subdag_operator.py took 0.177 seconds
[2021-08-28 23:39:17,748] {processor.py:162} INFO - Started process (PID=13431) to work on /home/paolo/Documents/Github/case-study-1-october2020-data-sweepers/DataExtraction/ENV/lib/python3.8/site-packages/airflow/example_dags/example_subdag_operator.py
[2021-08-28 23:39:17,764] {processor.py:613} INFO - Processing file /home/paolo/Documents/Github/case-study-1-october2020-data-sweepers/DataExtraction/ENV/lib/python3.8/site-packages/airflow/example_dags/example_subdag_operator.py for tasks to queue
[2021-08-28 23:39:17,765] {logging_mixin.py:109} INFO - [2021-08-28 23:39:17,765] {dagbag.py:496} INFO - Filling up the DagBag from /home/paolo/Documents/Github/case-study-1-october2020-data-sweepers/DataExtraction/ENV/lib/python3.8/site-packages/airflow/example_dags/example_subdag_operator.py
[2021-08-28 23:39:17,834] {processor.py:623} INFO - DAG(s) dict_keys(['example_subdag_operator.section-1', 'example_subdag_operator.section-2', 'example_subdag_operator']) retrieved from /home/paolo/Documents/Github/case-study-1-october2020-data-sweepers/DataExtraction/ENV/lib/python3.8/site-packages/airflow/example_dags/example_subdag_operator.py
[2021-08-28 23:39:17,869] {logging_mixin.py:109} INFO - [2021-08-28 23:39:17,868] {dag.py:1833} INFO - Sync 3 DAGs
[2021-08-28 23:39:17,897] {logging_mixin.py:109} INFO - [2021-08-28 23:39:17,897] {dag.py:2306} INFO - Setting next_dagrun for example_subdag_operator to 2021-08-26 00:00:00+00:00
[2021-08-28 23:39:17,899] {logging_mixin.py:109} INFO - [2021-08-28 23:39:17,899] {dag.py:2306} INFO - Setting next_dagrun for example_subdag_operator.section-1 to None
[2021-08-28 23:39:17,899] {logging_mixin.py:109} INFO - [2021-08-28 23:39:17,899] {dag.py:2306} INFO - Setting next_dagrun for example_subdag_operator.section-2 to None
[2021-08-28 23:39:17,916] {logging_mixin.py:109} INFO - [2021-08-28 23:39:17,916] {dag.py:1833} INFO - Sync 2 DAGs
[2021-08-28 23:39:17,936] {logging_mixin.py:109} INFO - [2021-08-28 23:39:17,935] {dag.py:2306} INFO - Setting next_dagrun for example_subdag_operator.section-1 to None
[2021-08-28 23:39:17,937] {logging_mixin.py:109} INFO - [2021-08-28 23:39:17,937] {dag.py:2306} INFO - Setting next_dagrun for example_subdag_operator.section-2 to None
[2021-08-28 23:39:17,965] {processor.py:170} INFO - Processing /home/paolo/Documents/Github/case-study-1-october2020-data-sweepers/DataExtraction/ENV/lib/python3.8/site-packages/airflow/example_dags/example_subdag_operator.py took 0.238 seconds
[2021-08-28 23:39:52,909] {processor.py:162} INFO - Started process (PID=13611) to work on /home/paolo/Documents/Github/case-study-1-october2020-data-sweepers/DataExtraction/ENV/lib/python3.8/site-packages/airflow/example_dags/example_subdag_operator.py
[2021-08-28 23:39:52,910] {processor.py:613} INFO - Processing file /home/paolo/Documents/Github/case-study-1-october2020-data-sweepers/DataExtraction/ENV/lib/python3.8/site-packages/airflow/example_dags/example_subdag_operator.py for tasks to queue
[2021-08-28 23:39:52,911] {logging_mixin.py:109} INFO - [2021-08-28 23:39:52,911] {dagbag.py:496} INFO - Filling up the DagBag from /home/paolo/Documents/Github/case-study-1-october2020-data-sweepers/DataExtraction/ENV/lib/python3.8/site-packages/airflow/example_dags/example_subdag_operator.py
[2021-08-28 23:39:52,951] {processor.py:623} INFO - DAG(s) dict_keys(['example_subdag_operator.section-1', 'example_subdag_operator.section-2', 'example_subdag_operator']) retrieved from /home/paolo/Documents/Github/case-study-1-october2020-data-sweepers/DataExtraction/ENV/lib/python3.8/site-packages/airflow/example_dags/example_subdag_operator.py
[2021-08-28 23:39:52,966] {logging_mixin.py:109} INFO - [2021-08-28 23:39:52,966] {dag.py:1833} INFO - Sync 3 DAGs
[2021-08-28 23:39:52,981] {logging_mixin.py:109} INFO - [2021-08-28 23:39:52,980] {dag.py:2306} INFO - Setting next_dagrun for example_subdag_operator to 2021-08-26 00:00:00+00:00
[2021-08-28 23:39:52,982] {logging_mixin.py:109} INFO - [2021-08-28 23:39:52,981] {dag.py:2306} INFO - Setting next_dagrun for example_subdag_operator.section-1 to None
[2021-08-28 23:39:52,982] {logging_mixin.py:109} INFO - [2021-08-28 23:39:52,982] {dag.py:2306} INFO - Setting next_dagrun for example_subdag_operator.section-2 to None
[2021-08-28 23:39:52,999] {logging_mixin.py:109} INFO - [2021-08-28 23:39:52,998] {dag.py:1833} INFO - Sync 2 DAGs
[2021-08-28 23:39:53,010] {logging_mixin.py:109} INFO - [2021-08-28 23:39:53,010] {dag.py:2306} INFO - Setting next_dagrun for example_subdag_operator.section-1 to None
[2021-08-28 23:39:53,011] {logging_mixin.py:109} INFO - [2021-08-28 23:39:53,011] {dag.py:2306} INFO - Setting next_dagrun for example_subdag_operator.section-2 to None
[2021-08-28 23:39:53,025] {processor.py:170} INFO - Processing /home/paolo/Documents/Github/case-study-1-october2020-data-sweepers/DataExtraction/ENV/lib/python3.8/site-packages/airflow/example_dags/example_subdag_operator.py took 0.122 seconds
[2021-08-28 23:40:32,319] {processor.py:162} INFO - Started process (PID=13843) to work on /home/paolo/Documents/Github/case-study-1-october2020-data-sweepers/DataExtraction/ENV/lib/python3.8/site-packages/airflow/example_dags/example_subdag_operator.py
[2021-08-28 23:40:32,321] {processor.py:613} INFO - Processing file /home/paolo/Documents/Github/case-study-1-october2020-data-sweepers/DataExtraction/ENV/lib/python3.8/site-packages/airflow/example_dags/example_subdag_operator.py for tasks to queue
[2021-08-28 23:40:32,323] {logging_mixin.py:109} INFO - [2021-08-28 23:40:32,323] {dagbag.py:496} INFO - Filling up the DagBag from /home/paolo/Documents/Github/case-study-1-october2020-data-sweepers/DataExtraction/ENV/lib/python3.8/site-packages/airflow/example_dags/example_subdag_operator.py
[2021-08-28 23:40:32,374] {processor.py:623} INFO - DAG(s) dict_keys(['example_subdag_operator.section-1', 'example_subdag_operator.section-2', 'example_subdag_operator']) retrieved from /home/paolo/Documents/Github/case-study-1-october2020-data-sweepers/DataExtraction/ENV/lib/python3.8/site-packages/airflow/example_dags/example_subdag_operator.py
[2021-08-28 23:40:32,397] {logging_mixin.py:109} INFO - [2021-08-28 23:40:32,397] {dag.py:1833} INFO - Sync 3 DAGs
[2021-08-28 23:40:32,423] {logging_mixin.py:109} INFO - [2021-08-28 23:40:32,422] {dag.py:2306} INFO - Setting next_dagrun for example_subdag_operator to 2021-08-26 00:00:00+00:00
[2021-08-28 23:40:32,424] {logging_mixin.py:109} INFO - [2021-08-28 23:40:32,424] {dag.py:2306} INFO - Setting next_dagrun for example_subdag_operator.section-1 to None
[2021-08-28 23:40:32,424] {logging_mixin.py:109} INFO - [2021-08-28 23:40:32,424] {dag.py:2306} INFO - Setting next_dagrun for example_subdag_operator.section-2 to None
[2021-08-28 23:40:32,445] {logging_mixin.py:109} INFO - [2021-08-28 23:40:32,445] {dag.py:1833} INFO - Sync 2 DAGs
[2021-08-28 23:40:32,457] {logging_mixin.py:109} INFO - [2021-08-28 23:40:32,457] {dag.py:2306} INFO - Setting next_dagrun for example_subdag_operator.section-1 to None
[2021-08-28 23:40:32,457] {logging_mixin.py:109} INFO - [2021-08-28 23:40:32,457] {dag.py:2306} INFO - Setting next_dagrun for example_subdag_operator.section-2 to None
[2021-08-28 23:40:32,473] {processor.py:170} INFO - Processing /home/paolo/Documents/Github/case-study-1-october2020-data-sweepers/DataExtraction/ENV/lib/python3.8/site-packages/airflow/example_dags/example_subdag_operator.py took 0.157 seconds
[2021-08-28 23:41:10,175] {processor.py:162} INFO - Started process (PID=14005) to work on /home/paolo/Documents/Github/case-study-1-october2020-data-sweepers/DataExtraction/ENV/lib/python3.8/site-packages/airflow/example_dags/example_subdag_operator.py
[2021-08-28 23:41:10,177] {processor.py:613} INFO - Processing file /home/paolo/Documents/Github/case-study-1-october2020-data-sweepers/DataExtraction/ENV/lib/python3.8/site-packages/airflow/example_dags/example_subdag_operator.py for tasks to queue
[2021-08-28 23:41:10,177] {logging_mixin.py:109} INFO - [2021-08-28 23:41:10,177] {dagbag.py:496} INFO - Filling up the DagBag from /home/paolo/Documents/Github/case-study-1-october2020-data-sweepers/DataExtraction/ENV/lib/python3.8/site-packages/airflow/example_dags/example_subdag_operator.py
[2021-08-28 23:41:10,201] {processor.py:623} INFO - DAG(s) dict_keys(['example_subdag_operator.section-1', 'example_subdag_operator.section-2', 'example_subdag_operator']) retrieved from /home/paolo/Documents/Github/case-study-1-october2020-data-sweepers/DataExtraction/ENV/lib/python3.8/site-packages/airflow/example_dags/example_subdag_operator.py
[2021-08-28 23:41:10,211] {logging_mixin.py:109} INFO - [2021-08-28 23:41:10,211] {dag.py:1833} INFO - Sync 3 DAGs
[2021-08-28 23:41:10,223] {logging_mixin.py:109} INFO - [2021-08-28 23:41:10,223] {dag.py:2306} INFO - Setting next_dagrun for example_subdag_operator to 2021-08-26 00:00:00+00:00
[2021-08-28 23:41:10,224] {logging_mixin.py:109} INFO - [2021-08-28 23:41:10,224] {dag.py:2306} INFO - Setting next_dagrun for example_subdag_operator.section-1 to None
[2021-08-28 23:41:10,224] {logging_mixin.py:109} INFO - [2021-08-28 23:41:10,224] {dag.py:2306} INFO - Setting next_dagrun for example_subdag_operator.section-2 to None
[2021-08-28 23:41:10,245] {logging_mixin.py:109} INFO - [2021-08-28 23:41:10,244] {dag.py:1833} INFO - Sync 2 DAGs
[2021-08-28 23:41:10,253] {logging_mixin.py:109} INFO - [2021-08-28 23:41:10,253] {dag.py:2306} INFO - Setting next_dagrun for example_subdag_operator.section-1 to None
[2021-08-28 23:41:10,254] {logging_mixin.py:109} INFO - [2021-08-28 23:41:10,253] {dag.py:2306} INFO - Setting next_dagrun for example_subdag_operator.section-2 to None
[2021-08-28 23:41:10,270] {processor.py:170} INFO - Processing /home/paolo/Documents/Github/case-study-1-october2020-data-sweepers/DataExtraction/ENV/lib/python3.8/site-packages/airflow/example_dags/example_subdag_operator.py took 0.097 seconds
[2021-08-28 23:41:46,635] {processor.py:162} INFO - Started process (PID=14119) to work on /home/paolo/Documents/Github/case-study-1-october2020-data-sweepers/DataExtraction/ENV/lib/python3.8/site-packages/airflow/example_dags/example_subdag_operator.py
[2021-08-28 23:41:46,638] {processor.py:613} INFO - Processing file /home/paolo/Documents/Github/case-study-1-october2020-data-sweepers/DataExtraction/ENV/lib/python3.8/site-packages/airflow/example_dags/example_subdag_operator.py for tasks to queue
[2021-08-28 23:41:46,639] {logging_mixin.py:109} INFO - [2021-08-28 23:41:46,639] {dagbag.py:496} INFO - Filling up the DagBag from /home/paolo/Documents/Github/case-study-1-october2020-data-sweepers/DataExtraction/ENV/lib/python3.8/site-packages/airflow/example_dags/example_subdag_operator.py
[2021-08-28 23:41:46,669] {processor.py:623} INFO - DAG(s) dict_keys(['example_subdag_operator.section-1', 'example_subdag_operator.section-2', 'example_subdag_operator']) retrieved from /home/paolo/Documents/Github/case-study-1-october2020-data-sweepers/DataExtraction/ENV/lib/python3.8/site-packages/airflow/example_dags/example_subdag_operator.py
[2021-08-28 23:41:46,678] {logging_mixin.py:109} INFO - [2021-08-28 23:41:46,678] {dag.py:1833} INFO - Sync 3 DAGs
[2021-08-28 23:41:46,688] {logging_mixin.py:109} INFO - [2021-08-28 23:41:46,688] {dag.py:2306} INFO - Setting next_dagrun for example_subdag_operator to 2021-08-26 00:00:00+00:00
[2021-08-28 23:41:46,689] {logging_mixin.py:109} INFO - [2021-08-28 23:41:46,689] {dag.py:2306} INFO - Setting next_dagrun for example_subdag_operator.section-1 to None
[2021-08-28 23:41:46,689] {logging_mixin.py:109} INFO - [2021-08-28 23:41:46,689] {dag.py:2306} INFO - Setting next_dagrun for example_subdag_operator.section-2 to None
[2021-08-28 23:41:46,704] {logging_mixin.py:109} INFO - [2021-08-28 23:41:46,703] {dag.py:1833} INFO - Sync 2 DAGs
[2021-08-28 23:41:46,712] {logging_mixin.py:109} INFO - [2021-08-28 23:41:46,711] {dag.py:2306} INFO - Setting next_dagrun for example_subdag_operator.section-1 to None
[2021-08-28 23:41:46,712] {logging_mixin.py:109} INFO - [2021-08-28 23:41:46,712] {dag.py:2306} INFO - Setting next_dagrun for example_subdag_operator.section-2 to None
[2021-08-28 23:41:46,721] {processor.py:170} INFO - Processing /home/paolo/Documents/Github/case-study-1-october2020-data-sweepers/DataExtraction/ENV/lib/python3.8/site-packages/airflow/example_dags/example_subdag_operator.py took 0.093 seconds
[2021-08-28 23:42:18,514] {processor.py:162} INFO - Started process (PID=14219) to work on /home/paolo/Documents/Github/case-study-1-october2020-data-sweepers/DataExtraction/ENV/lib/python3.8/site-packages/airflow/example_dags/example_subdag_operator.py
[2021-08-28 23:42:18,517] {processor.py:613} INFO - Processing file /home/paolo/Documents/Github/case-study-1-october2020-data-sweepers/DataExtraction/ENV/lib/python3.8/site-packages/airflow/example_dags/example_subdag_operator.py for tasks to queue
[2021-08-28 23:42:18,519] {logging_mixin.py:109} INFO - [2021-08-28 23:42:18,519] {dagbag.py:496} INFO - Filling up the DagBag from /home/paolo/Documents/Github/case-study-1-october2020-data-sweepers/DataExtraction/ENV/lib/python3.8/site-packages/airflow/example_dags/example_subdag_operator.py
[2021-08-28 23:42:18,568] {processor.py:623} INFO - DAG(s) dict_keys(['example_subdag_operator.section-1', 'example_subdag_operator.section-2', 'example_subdag_operator']) retrieved from /home/paolo/Documents/Github/case-study-1-october2020-data-sweepers/DataExtraction/ENV/lib/python3.8/site-packages/airflow/example_dags/example_subdag_operator.py
[2021-08-28 23:42:18,579] {logging_mixin.py:109} INFO - [2021-08-28 23:42:18,579] {dag.py:1833} INFO - Sync 3 DAGs
[2021-08-28 23:42:18,593] {logging_mixin.py:109} INFO - [2021-08-28 23:42:18,593] {dag.py:2306} INFO - Setting next_dagrun for example_subdag_operator to 2021-08-26 00:00:00+00:00
[2021-08-28 23:42:18,594] {logging_mixin.py:109} INFO - [2021-08-28 23:42:18,594] {dag.py:2306} INFO - Setting next_dagrun for example_subdag_operator.section-1 to None
[2021-08-28 23:42:18,594] {logging_mixin.py:109} INFO - [2021-08-28 23:42:18,594] {dag.py:2306} INFO - Setting next_dagrun for example_subdag_operator.section-2 to None
[2021-08-28 23:42:18,610] {logging_mixin.py:109} INFO - [2021-08-28 23:42:18,610] {dag.py:1833} INFO - Sync 2 DAGs
[2021-08-28 23:42:18,618] {logging_mixin.py:109} INFO - [2021-08-28 23:42:18,618] {dag.py:2306} INFO - Setting next_dagrun for example_subdag_operator.section-1 to None
[2021-08-28 23:42:18,619] {logging_mixin.py:109} INFO - [2021-08-28 23:42:18,619] {dag.py:2306} INFO - Setting next_dagrun for example_subdag_operator.section-2 to None
[2021-08-28 23:42:18,640] {processor.py:170} INFO - Processing /home/paolo/Documents/Github/case-study-1-october2020-data-sweepers/DataExtraction/ENV/lib/python3.8/site-packages/airflow/example_dags/example_subdag_operator.py took 0.134 seconds
[2021-08-28 23:42:51,021] {processor.py:162} INFO - Started process (PID=14290) to work on /home/paolo/Documents/Github/case-study-1-october2020-data-sweepers/DataExtraction/ENV/lib/python3.8/site-packages/airflow/example_dags/example_subdag_operator.py
[2021-08-28 23:42:51,023] {processor.py:613} INFO - Processing file /home/paolo/Documents/Github/case-study-1-october2020-data-sweepers/DataExtraction/ENV/lib/python3.8/site-packages/airflow/example_dags/example_subdag_operator.py for tasks to queue
[2021-08-28 23:42:51,025] {logging_mixin.py:109} INFO - [2021-08-28 23:42:51,025] {dagbag.py:496} INFO - Filling up the DagBag from /home/paolo/Documents/Github/case-study-1-october2020-data-sweepers/DataExtraction/ENV/lib/python3.8/site-packages/airflow/example_dags/example_subdag_operator.py
[2021-08-28 23:42:51,052] {processor.py:623} INFO - DAG(s) dict_keys(['example_subdag_operator.section-1', 'example_subdag_operator.section-2', 'example_subdag_operator']) retrieved from /home/paolo/Documents/Github/case-study-1-october2020-data-sweepers/DataExtraction/ENV/lib/python3.8/site-packages/airflow/example_dags/example_subdag_operator.py
[2021-08-28 23:42:51,061] {logging_mixin.py:109} INFO - [2021-08-28 23:42:51,061] {dag.py:1833} INFO - Sync 3 DAGs
[2021-08-28 23:42:51,071] {logging_mixin.py:109} INFO - [2021-08-28 23:42:51,071] {dag.py:2306} INFO - Setting next_dagrun for example_subdag_operator to 2021-08-26 00:00:00+00:00
[2021-08-28 23:42:51,072] {logging_mixin.py:109} INFO - [2021-08-28 23:42:51,072] {dag.py:2306} INFO - Setting next_dagrun for example_subdag_operator.section-1 to None
[2021-08-28 23:42:51,072] {logging_mixin.py:109} INFO - [2021-08-28 23:42:51,072] {dag.py:2306} INFO - Setting next_dagrun for example_subdag_operator.section-2 to None
[2021-08-28 23:42:51,085] {logging_mixin.py:109} INFO - [2021-08-28 23:42:51,085] {dag.py:1833} INFO - Sync 2 DAGs
[2021-08-28 23:42:51,090] {logging_mixin.py:109} INFO - [2021-08-28 23:42:51,090] {dag.py:2306} INFO - Setting next_dagrun for example_subdag_operator.section-1 to None
[2021-08-28 23:42:51,091] {logging_mixin.py:109} INFO - [2021-08-28 23:42:51,091] {dag.py:2306} INFO - Setting next_dagrun for example_subdag_operator.section-2 to None
[2021-08-28 23:42:51,099] {processor.py:170} INFO - Processing /home/paolo/Documents/Github/case-study-1-october2020-data-sweepers/DataExtraction/ENV/lib/python3.8/site-packages/airflow/example_dags/example_subdag_operator.py took 0.085 seconds
[2021-08-28 23:43:24,583] {processor.py:162} INFO - Started process (PID=14372) to work on /home/paolo/Documents/Github/case-study-1-october2020-data-sweepers/DataExtraction/ENV/lib/python3.8/site-packages/airflow/example_dags/example_subdag_operator.py
[2021-08-28 23:43:24,584] {processor.py:613} INFO - Processing file /home/paolo/Documents/Github/case-study-1-october2020-data-sweepers/DataExtraction/ENV/lib/python3.8/site-packages/airflow/example_dags/example_subdag_operator.py for tasks to queue
[2021-08-28 23:43:24,585] {logging_mixin.py:109} INFO - [2021-08-28 23:43:24,585] {dagbag.py:496} INFO - Filling up the DagBag from /home/paolo/Documents/Github/case-study-1-october2020-data-sweepers/DataExtraction/ENV/lib/python3.8/site-packages/airflow/example_dags/example_subdag_operator.py
[2021-08-28 23:43:24,608] {processor.py:623} INFO - DAG(s) dict_keys(['example_subdag_operator.section-1', 'example_subdag_operator.section-2', 'example_subdag_operator']) retrieved from /home/paolo/Documents/Github/case-study-1-october2020-data-sweepers/DataExtraction/ENV/lib/python3.8/site-packages/airflow/example_dags/example_subdag_operator.py
[2021-08-28 23:43:24,617] {logging_mixin.py:109} INFO - [2021-08-28 23:43:24,617] {dag.py:1833} INFO - Sync 3 DAGs
[2021-08-28 23:43:24,626] {logging_mixin.py:109} INFO - [2021-08-28 23:43:24,626] {dag.py:2306} INFO - Setting next_dagrun for example_subdag_operator to 2021-08-26 00:00:00+00:00
[2021-08-28 23:43:24,627] {logging_mixin.py:109} INFO - [2021-08-28 23:43:24,626] {dag.py:2306} INFO - Setting next_dagrun for example_subdag_operator.section-1 to None
[2021-08-28 23:43:24,627] {logging_mixin.py:109} INFO - [2021-08-28 23:43:24,627] {dag.py:2306} INFO - Setting next_dagrun for example_subdag_operator.section-2 to None
[2021-08-28 23:43:24,641] {logging_mixin.py:109} INFO - [2021-08-28 23:43:24,641] {dag.py:1833} INFO - Sync 2 DAGs
[2021-08-28 23:43:24,647] {logging_mixin.py:109} INFO - [2021-08-28 23:43:24,647] {dag.py:2306} INFO - Setting next_dagrun for example_subdag_operator.section-1 to None
[2021-08-28 23:43:24,647] {logging_mixin.py:109} INFO - [2021-08-28 23:43:24,647] {dag.py:2306} INFO - Setting next_dagrun for example_subdag_operator.section-2 to None
[2021-08-28 23:43:24,656] {processor.py:170} INFO - Processing /home/paolo/Documents/Github/case-study-1-october2020-data-sweepers/DataExtraction/ENV/lib/python3.8/site-packages/airflow/example_dags/example_subdag_operator.py took 0.078 seconds
[2021-08-28 23:43:55,785] {processor.py:162} INFO - Started process (PID=14435) to work on /home/paolo/Documents/Github/case-study-1-october2020-data-sweepers/DataExtraction/ENV/lib/python3.8/site-packages/airflow/example_dags/example_subdag_operator.py
[2021-08-28 23:43:55,787] {processor.py:613} INFO - Processing file /home/paolo/Documents/Github/case-study-1-october2020-data-sweepers/DataExtraction/ENV/lib/python3.8/site-packages/airflow/example_dags/example_subdag_operator.py for tasks to queue
[2021-08-28 23:43:55,788] {logging_mixin.py:109} INFO - [2021-08-28 23:43:55,787] {dagbag.py:496} INFO - Filling up the DagBag from /home/paolo/Documents/Github/case-study-1-october2020-data-sweepers/DataExtraction/ENV/lib/python3.8/site-packages/airflow/example_dags/example_subdag_operator.py
[2021-08-28 23:43:55,810] {processor.py:623} INFO - DAG(s) dict_keys(['example_subdag_operator.section-1', 'example_subdag_operator.section-2', 'example_subdag_operator']) retrieved from /home/paolo/Documents/Github/case-study-1-october2020-data-sweepers/DataExtraction/ENV/lib/python3.8/site-packages/airflow/example_dags/example_subdag_operator.py
[2021-08-28 23:43:55,818] {logging_mixin.py:109} INFO - [2021-08-28 23:43:55,818] {dag.py:1833} INFO - Sync 3 DAGs
[2021-08-28 23:43:55,827] {logging_mixin.py:109} INFO - [2021-08-28 23:43:55,827] {dag.py:2306} INFO - Setting next_dagrun for example_subdag_operator to 2021-08-26 00:00:00+00:00
[2021-08-28 23:43:55,828] {logging_mixin.py:109} INFO - [2021-08-28 23:43:55,828] {dag.py:2306} INFO - Setting next_dagrun for example_subdag_operator.section-1 to None
[2021-08-28 23:43:55,829] {logging_mixin.py:109} INFO - [2021-08-28 23:43:55,829] {dag.py:2306} INFO - Setting next_dagrun for example_subdag_operator.section-2 to None
[2021-08-28 23:43:55,843] {logging_mixin.py:109} INFO - [2021-08-28 23:43:55,842] {dag.py:1833} INFO - Sync 2 DAGs
[2021-08-28 23:43:55,849] {logging_mixin.py:109} INFO - [2021-08-28 23:43:55,849] {dag.py:2306} INFO - Setting next_dagrun for example_subdag_operator.section-1 to None
[2021-08-28 23:43:55,849] {logging_mixin.py:109} INFO - [2021-08-28 23:43:55,849] {dag.py:2306} INFO - Setting next_dagrun for example_subdag_operator.section-2 to None
[2021-08-28 23:43:55,857] {processor.py:170} INFO - Processing /home/paolo/Documents/Github/case-study-1-october2020-data-sweepers/DataExtraction/ENV/lib/python3.8/site-packages/airflow/example_dags/example_subdag_operator.py took 0.075 seconds
[2021-08-28 23:44:30,478] {processor.py:162} INFO - Started process (PID=14518) to work on /home/paolo/Documents/Github/case-study-1-october2020-data-sweepers/DataExtraction/ENV/lib/python3.8/site-packages/airflow/example_dags/example_subdag_operator.py
[2021-08-28 23:44:30,492] {processor.py:613} INFO - Processing file /home/paolo/Documents/Github/case-study-1-october2020-data-sweepers/DataExtraction/ENV/lib/python3.8/site-packages/airflow/example_dags/example_subdag_operator.py for tasks to queue
[2021-08-28 23:44:30,495] {logging_mixin.py:109} INFO - [2021-08-28 23:44:30,495] {dagbag.py:496} INFO - Filling up the DagBag from /home/paolo/Documents/Github/case-study-1-october2020-data-sweepers/DataExtraction/ENV/lib/python3.8/site-packages/airflow/example_dags/example_subdag_operator.py
[2021-08-28 23:44:30,618] {processor.py:623} INFO - DAG(s) dict_keys(['example_subdag_operator.section-1', 'example_subdag_operator.section-2', 'example_subdag_operator']) retrieved from /home/paolo/Documents/Github/case-study-1-october2020-data-sweepers/DataExtraction/ENV/lib/python3.8/site-packages/airflow/example_dags/example_subdag_operator.py
[2021-08-28 23:44:30,654] {logging_mixin.py:109} INFO - [2021-08-28 23:44:30,654] {dag.py:1833} INFO - Sync 3 DAGs
[2021-08-28 23:44:30,688] {logging_mixin.py:109} INFO - [2021-08-28 23:44:30,688] {dag.py:2306} INFO - Setting next_dagrun for example_subdag_operator to 2021-08-26 00:00:00+00:00
[2021-08-28 23:44:30,690] {logging_mixin.py:109} INFO - [2021-08-28 23:44:30,690] {dag.py:2306} INFO - Setting next_dagrun for example_subdag_operator.section-1 to None
[2021-08-28 23:44:30,691] {logging_mixin.py:109} INFO - [2021-08-28 23:44:30,691] {dag.py:2306} INFO - Setting next_dagrun for example_subdag_operator.section-2 to None
[2021-08-28 23:44:30,716] {logging_mixin.py:109} INFO - [2021-08-28 23:44:30,716] {dag.py:1833} INFO - Sync 2 DAGs
[2021-08-28 23:44:30,741] {logging_mixin.py:109} INFO - [2021-08-28 23:44:30,741] {dag.py:2306} INFO - Setting next_dagrun for example_subdag_operator.section-1 to None
[2021-08-28 23:44:30,742] {logging_mixin.py:109} INFO - [2021-08-28 23:44:30,742] {dag.py:2306} INFO - Setting next_dagrun for example_subdag_operator.section-2 to None
[2021-08-28 23:44:30,770] {processor.py:170} INFO - Processing /home/paolo/Documents/Github/case-study-1-october2020-data-sweepers/DataExtraction/ENV/lib/python3.8/site-packages/airflow/example_dags/example_subdag_operator.py took 0.298 seconds
[2021-08-28 23:45:06,012] {processor.py:162} INFO - Started process (PID=14577) to work on /home/paolo/Documents/Github/case-study-1-october2020-data-sweepers/DataExtraction/ENV/lib/python3.8/site-packages/airflow/example_dags/example_subdag_operator.py
[2021-08-28 23:45:06,014] {processor.py:613} INFO - Processing file /home/paolo/Documents/Github/case-study-1-october2020-data-sweepers/DataExtraction/ENV/lib/python3.8/site-packages/airflow/example_dags/example_subdag_operator.py for tasks to queue
[2021-08-28 23:45:06,015] {logging_mixin.py:109} INFO - [2021-08-28 23:45:06,014] {dagbag.py:496} INFO - Filling up the DagBag from /home/paolo/Documents/Github/case-study-1-october2020-data-sweepers/DataExtraction/ENV/lib/python3.8/site-packages/airflow/example_dags/example_subdag_operator.py
[2021-08-28 23:45:06,069] {processor.py:623} INFO - DAG(s) dict_keys(['example_subdag_operator.section-1', 'example_subdag_operator.section-2', 'example_subdag_operator']) retrieved from /home/paolo/Documents/Github/case-study-1-october2020-data-sweepers/DataExtraction/ENV/lib/python3.8/site-packages/airflow/example_dags/example_subdag_operator.py
[2021-08-28 23:45:06,089] {logging_mixin.py:109} INFO - [2021-08-28 23:45:06,089] {dag.py:1833} INFO - Sync 3 DAGs
[2021-08-28 23:45:06,113] {logging_mixin.py:109} INFO - [2021-08-28 23:45:06,113] {dag.py:2306} INFO - Setting next_dagrun for example_subdag_operator to 2021-08-26 00:00:00+00:00
[2021-08-28 23:45:06,115] {logging_mixin.py:109} INFO - [2021-08-28 23:45:06,115] {dag.py:2306} INFO - Setting next_dagrun for example_subdag_operator.section-1 to None
[2021-08-28 23:45:06,115] {logging_mixin.py:109} INFO - [2021-08-28 23:45:06,115] {dag.py:2306} INFO - Setting next_dagrun for example_subdag_operator.section-2 to None
[2021-08-28 23:45:06,144] {logging_mixin.py:109} INFO - [2021-08-28 23:45:06,144] {dag.py:1833} INFO - Sync 2 DAGs
[2021-08-28 23:45:06,161] {logging_mixin.py:109} INFO - [2021-08-28 23:45:06,160] {dag.py:2306} INFO - Setting next_dagrun for example_subdag_operator.section-1 to None
[2021-08-28 23:45:06,161] {logging_mixin.py:109} INFO - [2021-08-28 23:45:06,161] {dag.py:2306} INFO - Setting next_dagrun for example_subdag_operator.section-2 to None
[2021-08-28 23:45:06,190] {processor.py:170} INFO - Processing /home/paolo/Documents/Github/case-study-1-october2020-data-sweepers/DataExtraction/ENV/lib/python3.8/site-packages/airflow/example_dags/example_subdag_operator.py took 0.180 seconds
[2021-08-28 23:45:47,918] {processor.py:162} INFO - Started process (PID=14647) to work on /home/paolo/Documents/Github/case-study-1-october2020-data-sweepers/DataExtraction/ENV/lib/python3.8/site-packages/airflow/example_dags/example_subdag_operator.py
[2021-08-28 23:45:47,921] {processor.py:613} INFO - Processing file /home/paolo/Documents/Github/case-study-1-october2020-data-sweepers/DataExtraction/ENV/lib/python3.8/site-packages/airflow/example_dags/example_subdag_operator.py for tasks to queue
[2021-08-28 23:45:47,925] {logging_mixin.py:109} INFO - [2021-08-28 23:45:47,925] {dagbag.py:496} INFO - Filling up the DagBag from /home/paolo/Documents/Github/case-study-1-october2020-data-sweepers/DataExtraction/ENV/lib/python3.8/site-packages/airflow/example_dags/example_subdag_operator.py
[2021-08-28 23:45:47,964] {processor.py:623} INFO - DAG(s) dict_keys(['example_subdag_operator.section-1', 'example_subdag_operator.section-2', 'example_subdag_operator']) retrieved from /home/paolo/Documents/Github/case-study-1-october2020-data-sweepers/DataExtraction/ENV/lib/python3.8/site-packages/airflow/example_dags/example_subdag_operator.py
[2021-08-28 23:45:47,982] {logging_mixin.py:109} INFO - [2021-08-28 23:45:47,981] {dag.py:1833} INFO - Sync 3 DAGs
[2021-08-28 23:45:48,002] {logging_mixin.py:109} INFO - [2021-08-28 23:45:48,002] {dag.py:2306} INFO - Setting next_dagrun for example_subdag_operator to 2021-08-26 00:00:00+00:00
[2021-08-28 23:45:48,006] {logging_mixin.py:109} INFO - [2021-08-28 23:45:48,006] {dag.py:2306} INFO - Setting next_dagrun for example_subdag_operator.section-1 to None
[2021-08-28 23:45:48,006] {logging_mixin.py:109} INFO - [2021-08-28 23:45:48,006] {dag.py:2306} INFO - Setting next_dagrun for example_subdag_operator.section-2 to None
[2021-08-28 23:45:48,047] {logging_mixin.py:109} INFO - [2021-08-28 23:45:48,046] {dag.py:1833} INFO - Sync 2 DAGs
[2021-08-28 23:45:48,068] {logging_mixin.py:109} INFO - [2021-08-28 23:45:48,068] {dag.py:2306} INFO - Setting next_dagrun for example_subdag_operator.section-1 to None
[2021-08-28 23:45:48,069] {logging_mixin.py:109} INFO - [2021-08-28 23:45:48,069] {dag.py:2306} INFO - Setting next_dagrun for example_subdag_operator.section-2 to None
[2021-08-28 23:45:48,093] {processor.py:170} INFO - Processing /home/paolo/Documents/Github/case-study-1-october2020-data-sweepers/DataExtraction/ENV/lib/python3.8/site-packages/airflow/example_dags/example_subdag_operator.py took 0.181 seconds
[2021-08-28 23:46:28,567] {processor.py:162} INFO - Started process (PID=14714) to work on /home/paolo/Documents/Github/case-study-1-october2020-data-sweepers/DataExtraction/ENV/lib/python3.8/site-packages/airflow/example_dags/example_subdag_operator.py
[2021-08-28 23:46:28,568] {processor.py:613} INFO - Processing file /home/paolo/Documents/Github/case-study-1-october2020-data-sweepers/DataExtraction/ENV/lib/python3.8/site-packages/airflow/example_dags/example_subdag_operator.py for tasks to queue
[2021-08-28 23:46:28,569] {logging_mixin.py:109} INFO - [2021-08-28 23:46:28,569] {dagbag.py:496} INFO - Filling up the DagBag from /home/paolo/Documents/Github/case-study-1-october2020-data-sweepers/DataExtraction/ENV/lib/python3.8/site-packages/airflow/example_dags/example_subdag_operator.py
[2021-08-28 23:46:28,674] {processor.py:623} INFO - DAG(s) dict_keys(['example_subdag_operator.section-1', 'example_subdag_operator.section-2', 'example_subdag_operator']) retrieved from /home/paolo/Documents/Github/case-study-1-october2020-data-sweepers/DataExtraction/ENV/lib/python3.8/site-packages/airflow/example_dags/example_subdag_operator.py
[2021-08-28 23:46:28,704] {logging_mixin.py:109} INFO - [2021-08-28 23:46:28,704] {dag.py:1833} INFO - Sync 3 DAGs
[2021-08-28 23:46:28,733] {logging_mixin.py:109} INFO - [2021-08-28 23:46:28,733] {dag.py:2306} INFO - Setting next_dagrun for example_subdag_operator to 2021-08-26 00:00:00+00:00
[2021-08-28 23:46:28,735] {logging_mixin.py:109} INFO - [2021-08-28 23:46:28,735] {dag.py:2306} INFO - Setting next_dagrun for example_subdag_operator.section-1 to None
[2021-08-28 23:46:28,735] {logging_mixin.py:109} INFO - [2021-08-28 23:46:28,735] {dag.py:2306} INFO - Setting next_dagrun for example_subdag_operator.section-2 to None
[2021-08-28 23:46:28,761] {logging_mixin.py:109} INFO - [2021-08-28 23:46:28,761] {dag.py:1833} INFO - Sync 2 DAGs
[2021-08-28 23:46:28,780] {logging_mixin.py:109} INFO - [2021-08-28 23:46:28,780] {dag.py:2306} INFO - Setting next_dagrun for example_subdag_operator.section-1 to None
[2021-08-28 23:46:28,781] {logging_mixin.py:109} INFO - [2021-08-28 23:46:28,781] {dag.py:2306} INFO - Setting next_dagrun for example_subdag_operator.section-2 to None
[2021-08-28 23:46:28,796] {processor.py:170} INFO - Processing /home/paolo/Documents/Github/case-study-1-october2020-data-sweepers/DataExtraction/ENV/lib/python3.8/site-packages/airflow/example_dags/example_subdag_operator.py took 0.236 seconds
[2021-08-28 23:47:06,580] {processor.py:162} INFO - Started process (PID=14790) to work on /home/paolo/Documents/Github/case-study-1-october2020-data-sweepers/DataExtraction/ENV/lib/python3.8/site-packages/airflow/example_dags/example_subdag_operator.py
[2021-08-28 23:47:06,583] {processor.py:613} INFO - Processing file /home/paolo/Documents/Github/case-study-1-october2020-data-sweepers/DataExtraction/ENV/lib/python3.8/site-packages/airflow/example_dags/example_subdag_operator.py for tasks to queue
[2021-08-28 23:47:06,583] {logging_mixin.py:109} INFO - [2021-08-28 23:47:06,583] {dagbag.py:496} INFO - Filling up the DagBag from /home/paolo/Documents/Github/case-study-1-october2020-data-sweepers/DataExtraction/ENV/lib/python3.8/site-packages/airflow/example_dags/example_subdag_operator.py
[2021-08-28 23:47:06,629] {processor.py:623} INFO - DAG(s) dict_keys(['example_subdag_operator.section-1', 'example_subdag_operator.section-2', 'example_subdag_operator']) retrieved from /home/paolo/Documents/Github/case-study-1-october2020-data-sweepers/DataExtraction/ENV/lib/python3.8/site-packages/airflow/example_dags/example_subdag_operator.py
[2021-08-28 23:47:06,651] {logging_mixin.py:109} INFO - [2021-08-28 23:47:06,651] {dag.py:1833} INFO - Sync 3 DAGs
[2021-08-28 23:47:06,676] {logging_mixin.py:109} INFO - [2021-08-28 23:47:06,675] {dag.py:2306} INFO - Setting next_dagrun for example_subdag_operator to 2021-08-26 00:00:00+00:00
[2021-08-28 23:47:06,679] {logging_mixin.py:109} INFO - [2021-08-28 23:47:06,679] {dag.py:2306} INFO - Setting next_dagrun for example_subdag_operator.section-1 to None
[2021-08-28 23:47:06,680] {logging_mixin.py:109} INFO - [2021-08-28 23:47:06,680] {dag.py:2306} INFO - Setting next_dagrun for example_subdag_operator.section-2 to None
[2021-08-28 23:47:06,705] {logging_mixin.py:109} INFO - [2021-08-28 23:47:06,704] {dag.py:1833} INFO - Sync 2 DAGs
[2021-08-28 23:47:06,726] {logging_mixin.py:109} INFO - [2021-08-28 23:47:06,726] {dag.py:2306} INFO - Setting next_dagrun for example_subdag_operator.section-1 to None
[2021-08-28 23:47:06,727] {logging_mixin.py:109} INFO - [2021-08-28 23:47:06,727] {dag.py:2306} INFO - Setting next_dagrun for example_subdag_operator.section-2 to None
[2021-08-28 23:47:06,762] {processor.py:170} INFO - Processing /home/paolo/Documents/Github/case-study-1-october2020-data-sweepers/DataExtraction/ENV/lib/python3.8/site-packages/airflow/example_dags/example_subdag_operator.py took 0.185 seconds
[2021-08-28 23:47:44,203] {processor.py:162} INFO - Started process (PID=14873) to work on /home/paolo/Documents/Github/case-study-1-october2020-data-sweepers/DataExtraction/ENV/lib/python3.8/site-packages/airflow/example_dags/example_subdag_operator.py
[2021-08-28 23:47:44,204] {processor.py:613} INFO - Processing file /home/paolo/Documents/Github/case-study-1-october2020-data-sweepers/DataExtraction/ENV/lib/python3.8/site-packages/airflow/example_dags/example_subdag_operator.py for tasks to queue
[2021-08-28 23:47:44,205] {logging_mixin.py:109} INFO - [2021-08-28 23:47:44,205] {dagbag.py:496} INFO - Filling up the DagBag from /home/paolo/Documents/Github/case-study-1-october2020-data-sweepers/DataExtraction/ENV/lib/python3.8/site-packages/airflow/example_dags/example_subdag_operator.py
[2021-08-28 23:47:44,258] {processor.py:623} INFO - DAG(s) dict_keys(['example_subdag_operator.section-1', 'example_subdag_operator.section-2', 'example_subdag_operator']) retrieved from /home/paolo/Documents/Github/case-study-1-october2020-data-sweepers/DataExtraction/ENV/lib/python3.8/site-packages/airflow/example_dags/example_subdag_operator.py
[2021-08-28 23:47:44,281] {logging_mixin.py:109} INFO - [2021-08-28 23:47:44,281] {dag.py:1833} INFO - Sync 3 DAGs
[2021-08-28 23:47:44,299] {logging_mixin.py:109} INFO - [2021-08-28 23:47:44,298] {dag.py:2306} INFO - Setting next_dagrun for example_subdag_operator to 2021-08-26 00:00:00+00:00
[2021-08-28 23:47:44,304] {logging_mixin.py:109} INFO - [2021-08-28 23:47:44,303] {dag.py:2306} INFO - Setting next_dagrun for example_subdag_operator.section-1 to None
[2021-08-28 23:47:44,305] {logging_mixin.py:109} INFO - [2021-08-28 23:47:44,304] {dag.py:2306} INFO - Setting next_dagrun for example_subdag_operator.section-2 to None
[2021-08-28 23:47:44,331] {logging_mixin.py:109} INFO - [2021-08-28 23:47:44,331] {dag.py:1833} INFO - Sync 2 DAGs
[2021-08-28 23:47:44,346] {logging_mixin.py:109} INFO - [2021-08-28 23:47:44,345] {dag.py:2306} INFO - Setting next_dagrun for example_subdag_operator.section-1 to None
[2021-08-28 23:47:44,347] {logging_mixin.py:109} INFO - [2021-08-28 23:47:44,347] {dag.py:2306} INFO - Setting next_dagrun for example_subdag_operator.section-2 to None
[2021-08-28 23:47:44,358] {processor.py:170} INFO - Processing /home/paolo/Documents/Github/case-study-1-october2020-data-sweepers/DataExtraction/ENV/lib/python3.8/site-packages/airflow/example_dags/example_subdag_operator.py took 0.167 seconds
[2021-08-28 23:48:25,933] {processor.py:162} INFO - Started process (PID=14946) to work on /home/paolo/Documents/Github/case-study-1-october2020-data-sweepers/DataExtraction/ENV/lib/python3.8/site-packages/airflow/example_dags/example_subdag_operator.py
[2021-08-28 23:48:25,934] {processor.py:613} INFO - Processing file /home/paolo/Documents/Github/case-study-1-october2020-data-sweepers/DataExtraction/ENV/lib/python3.8/site-packages/airflow/example_dags/example_subdag_operator.py for tasks to queue
[2021-08-28 23:48:25,935] {logging_mixin.py:109} INFO - [2021-08-28 23:48:25,935] {dagbag.py:496} INFO - Filling up the DagBag from /home/paolo/Documents/Github/case-study-1-october2020-data-sweepers/DataExtraction/ENV/lib/python3.8/site-packages/airflow/example_dags/example_subdag_operator.py
[2021-08-28 23:48:25,994] {processor.py:623} INFO - DAG(s) dict_keys(['example_subdag_operator.section-1', 'example_subdag_operator.section-2', 'example_subdag_operator']) retrieved from /home/paolo/Documents/Github/case-study-1-october2020-data-sweepers/DataExtraction/ENV/lib/python3.8/site-packages/airflow/example_dags/example_subdag_operator.py
[2021-08-28 23:48:26,029] {logging_mixin.py:109} INFO - [2021-08-28 23:48:26,029] {dag.py:1833} INFO - Sync 3 DAGs
[2021-08-28 23:48:26,050] {logging_mixin.py:109} INFO - [2021-08-28 23:48:26,050] {dag.py:2306} INFO - Setting next_dagrun for example_subdag_operator to 2021-08-26 00:00:00+00:00
[2021-08-28 23:48:26,051] {logging_mixin.py:109} INFO - [2021-08-28 23:48:26,051] {dag.py:2306} INFO - Setting next_dagrun for example_subdag_operator.section-1 to None
[2021-08-28 23:48:26,052] {logging_mixin.py:109} INFO - [2021-08-28 23:48:26,052] {dag.py:2306} INFO - Setting next_dagrun for example_subdag_operator.section-2 to None
[2021-08-28 23:48:26,083] {logging_mixin.py:109} INFO - [2021-08-28 23:48:26,083] {dag.py:1833} INFO - Sync 2 DAGs
[2021-08-28 23:48:26,101] {logging_mixin.py:109} INFO - [2021-08-28 23:48:26,101] {dag.py:2306} INFO - Setting next_dagrun for example_subdag_operator.section-1 to None
[2021-08-28 23:48:26,101] {logging_mixin.py:109} INFO - [2021-08-28 23:48:26,101] {dag.py:2306} INFO - Setting next_dagrun for example_subdag_operator.section-2 to None
[2021-08-28 23:48:26,120] {processor.py:170} INFO - Processing /home/paolo/Documents/Github/case-study-1-october2020-data-sweepers/DataExtraction/ENV/lib/python3.8/site-packages/airflow/example_dags/example_subdag_operator.py took 0.194 seconds
[2021-08-28 23:49:05,681] {processor.py:162} INFO - Started process (PID=15060) to work on /home/paolo/Documents/Github/case-study-1-october2020-data-sweepers/DataExtraction/ENV/lib/python3.8/site-packages/airflow/example_dags/example_subdag_operator.py
[2021-08-28 23:49:05,682] {processor.py:613} INFO - Processing file /home/paolo/Documents/Github/case-study-1-october2020-data-sweepers/DataExtraction/ENV/lib/python3.8/site-packages/airflow/example_dags/example_subdag_operator.py for tasks to queue
[2021-08-28 23:49:05,683] {logging_mixin.py:109} INFO - [2021-08-28 23:49:05,683] {dagbag.py:496} INFO - Filling up the DagBag from /home/paolo/Documents/Github/case-study-1-october2020-data-sweepers/DataExtraction/ENV/lib/python3.8/site-packages/airflow/example_dags/example_subdag_operator.py
[2021-08-28 23:49:05,730] {processor.py:623} INFO - DAG(s) dict_keys(['example_subdag_operator.section-1', 'example_subdag_operator.section-2', 'example_subdag_operator']) retrieved from /home/paolo/Documents/Github/case-study-1-october2020-data-sweepers/DataExtraction/ENV/lib/python3.8/site-packages/airflow/example_dags/example_subdag_operator.py
[2021-08-28 23:49:05,754] {logging_mixin.py:109} INFO - [2021-08-28 23:49:05,754] {dag.py:1833} INFO - Sync 3 DAGs
[2021-08-28 23:49:05,775] {logging_mixin.py:109} INFO - [2021-08-28 23:49:05,774] {dag.py:2306} INFO - Setting next_dagrun for example_subdag_operator to 2021-08-26 00:00:00+00:00
[2021-08-28 23:49:05,776] {logging_mixin.py:109} INFO - [2021-08-28 23:49:05,776] {dag.py:2306} INFO - Setting next_dagrun for example_subdag_operator.section-1 to None
[2021-08-28 23:49:05,777] {logging_mixin.py:109} INFO - [2021-08-28 23:49:05,776] {dag.py:2306} INFO - Setting next_dagrun for example_subdag_operator.section-2 to None
[2021-08-28 23:49:05,794] {logging_mixin.py:109} INFO - [2021-08-28 23:49:05,794] {dag.py:1833} INFO - Sync 2 DAGs
[2021-08-28 23:49:05,809] {logging_mixin.py:109} INFO - [2021-08-28 23:49:05,809] {dag.py:2306} INFO - Setting next_dagrun for example_subdag_operator.section-1 to None
[2021-08-28 23:49:05,810] {logging_mixin.py:109} INFO - [2021-08-28 23:49:05,810] {dag.py:2306} INFO - Setting next_dagrun for example_subdag_operator.section-2 to None
[2021-08-28 23:49:05,830] {processor.py:170} INFO - Processing /home/paolo/Documents/Github/case-study-1-october2020-data-sweepers/DataExtraction/ENV/lib/python3.8/site-packages/airflow/example_dags/example_subdag_operator.py took 0.157 seconds
[2021-08-28 23:49:40,407] {processor.py:162} INFO - Started process (PID=15122) to work on /home/paolo/Documents/Github/case-study-1-october2020-data-sweepers/DataExtraction/ENV/lib/python3.8/site-packages/airflow/example_dags/example_subdag_operator.py
[2021-08-28 23:49:40,409] {processor.py:613} INFO - Processing file /home/paolo/Documents/Github/case-study-1-october2020-data-sweepers/DataExtraction/ENV/lib/python3.8/site-packages/airflow/example_dags/example_subdag_operator.py for tasks to queue
[2021-08-28 23:49:40,413] {logging_mixin.py:109} INFO - [2021-08-28 23:49:40,412] {dagbag.py:496} INFO - Filling up the DagBag from /home/paolo/Documents/Github/case-study-1-october2020-data-sweepers/DataExtraction/ENV/lib/python3.8/site-packages/airflow/example_dags/example_subdag_operator.py
[2021-08-28 23:49:40,443] {processor.py:623} INFO - DAG(s) dict_keys(['example_subdag_operator.section-1', 'example_subdag_operator.section-2', 'example_subdag_operator']) retrieved from /home/paolo/Documents/Github/case-study-1-october2020-data-sweepers/DataExtraction/ENV/lib/python3.8/site-packages/airflow/example_dags/example_subdag_operator.py
[2021-08-28 23:49:40,454] {logging_mixin.py:109} INFO - [2021-08-28 23:49:40,454] {dag.py:1833} INFO - Sync 3 DAGs
[2021-08-28 23:49:40,471] {logging_mixin.py:109} INFO - [2021-08-28 23:49:40,471] {dag.py:2306} INFO - Setting next_dagrun for example_subdag_operator to 2021-08-26 00:00:00+00:00
[2021-08-28 23:49:40,472] {logging_mixin.py:109} INFO - [2021-08-28 23:49:40,472] {dag.py:2306} INFO - Setting next_dagrun for example_subdag_operator.section-1 to None
[2021-08-28 23:49:40,472] {logging_mixin.py:109} INFO - [2021-08-28 23:49:40,472] {dag.py:2306} INFO - Setting next_dagrun for example_subdag_operator.section-2 to None
[2021-08-28 23:49:40,492] {logging_mixin.py:109} INFO - [2021-08-28 23:49:40,492] {dag.py:1833} INFO - Sync 2 DAGs
[2021-08-28 23:49:40,505] {logging_mixin.py:109} INFO - [2021-08-28 23:49:40,505] {dag.py:2306} INFO - Setting next_dagrun for example_subdag_operator.section-1 to None
[2021-08-28 23:49:40,505] {logging_mixin.py:109} INFO - [2021-08-28 23:49:40,505] {dag.py:2306} INFO - Setting next_dagrun for example_subdag_operator.section-2 to None
[2021-08-28 23:49:40,520] {processor.py:170} INFO - Processing /home/paolo/Documents/Github/case-study-1-october2020-data-sweepers/DataExtraction/ENV/lib/python3.8/site-packages/airflow/example_dags/example_subdag_operator.py took 0.116 seconds
[2021-08-28 23:50:15,118] {processor.py:162} INFO - Started process (PID=15203) to work on /home/paolo/Documents/Github/case-study-1-october2020-data-sweepers/DataExtraction/ENV/lib/python3.8/site-packages/airflow/example_dags/example_subdag_operator.py
[2021-08-28 23:50:15,120] {processor.py:613} INFO - Processing file /home/paolo/Documents/Github/case-study-1-october2020-data-sweepers/DataExtraction/ENV/lib/python3.8/site-packages/airflow/example_dags/example_subdag_operator.py for tasks to queue
[2021-08-28 23:50:15,120] {logging_mixin.py:109} INFO - [2021-08-28 23:50:15,120] {dagbag.py:496} INFO - Filling up the DagBag from /home/paolo/Documents/Github/case-study-1-october2020-data-sweepers/DataExtraction/ENV/lib/python3.8/site-packages/airflow/example_dags/example_subdag_operator.py
[2021-08-28 23:50:15,149] {processor.py:623} INFO - DAG(s) dict_keys(['example_subdag_operator.section-1', 'example_subdag_operator.section-2', 'example_subdag_operator']) retrieved from /home/paolo/Documents/Github/case-study-1-october2020-data-sweepers/DataExtraction/ENV/lib/python3.8/site-packages/airflow/example_dags/example_subdag_operator.py
[2021-08-28 23:50:15,159] {logging_mixin.py:109} INFO - [2021-08-28 23:50:15,159] {dag.py:1833} INFO - Sync 3 DAGs
[2021-08-28 23:50:15,177] {logging_mixin.py:109} INFO - [2021-08-28 23:50:15,177] {dag.py:2306} INFO - Setting next_dagrun for example_subdag_operator to 2021-08-26 00:00:00+00:00
[2021-08-28 23:50:15,178] {logging_mixin.py:109} INFO - [2021-08-28 23:50:15,178] {dag.py:2306} INFO - Setting next_dagrun for example_subdag_operator.section-1 to None
[2021-08-28 23:50:15,181] {logging_mixin.py:109} INFO - [2021-08-28 23:50:15,180] {dag.py:2306} INFO - Setting next_dagrun for example_subdag_operator.section-2 to None
[2021-08-28 23:50:15,198] {logging_mixin.py:109} INFO - [2021-08-28 23:50:15,198] {dag.py:1833} INFO - Sync 2 DAGs
[2021-08-28 23:50:15,210] {logging_mixin.py:109} INFO - [2021-08-28 23:50:15,209] {dag.py:2306} INFO - Setting next_dagrun for example_subdag_operator.section-1 to None
[2021-08-28 23:50:15,210] {logging_mixin.py:109} INFO - [2021-08-28 23:50:15,210] {dag.py:2306} INFO - Setting next_dagrun for example_subdag_operator.section-2 to None
[2021-08-28 23:50:15,224] {processor.py:170} INFO - Processing /home/paolo/Documents/Github/case-study-1-october2020-data-sweepers/DataExtraction/ENV/lib/python3.8/site-packages/airflow/example_dags/example_subdag_operator.py took 0.109 seconds
[2021-08-28 23:50:48,555] {processor.py:162} INFO - Started process (PID=15272) to work on /home/paolo/Documents/Github/case-study-1-october2020-data-sweepers/DataExtraction/ENV/lib/python3.8/site-packages/airflow/example_dags/example_subdag_operator.py
[2021-08-28 23:50:48,560] {processor.py:613} INFO - Processing file /home/paolo/Documents/Github/case-study-1-october2020-data-sweepers/DataExtraction/ENV/lib/python3.8/site-packages/airflow/example_dags/example_subdag_operator.py for tasks to queue
[2021-08-28 23:50:48,564] {logging_mixin.py:109} INFO - [2021-08-28 23:50:48,563] {dagbag.py:496} INFO - Filling up the DagBag from /home/paolo/Documents/Github/case-study-1-october2020-data-sweepers/DataExtraction/ENV/lib/python3.8/site-packages/airflow/example_dags/example_subdag_operator.py
[2021-08-28 23:50:48,606] {processor.py:623} INFO - DAG(s) dict_keys(['example_subdag_operator.section-1', 'example_subdag_operator.section-2', 'example_subdag_operator']) retrieved from /home/paolo/Documents/Github/case-study-1-october2020-data-sweepers/DataExtraction/ENV/lib/python3.8/site-packages/airflow/example_dags/example_subdag_operator.py
[2021-08-28 23:50:48,626] {logging_mixin.py:109} INFO - [2021-08-28 23:50:48,626] {dag.py:1833} INFO - Sync 3 DAGs
[2021-08-28 23:50:48,651] {logging_mixin.py:109} INFO - [2021-08-28 23:50:48,651] {dag.py:2306} INFO - Setting next_dagrun for example_subdag_operator to 2021-08-26 00:00:00+00:00
[2021-08-28 23:50:48,652] {logging_mixin.py:109} INFO - [2021-08-28 23:50:48,652] {dag.py:2306} INFO - Setting next_dagrun for example_subdag_operator.section-1 to None
[2021-08-28 23:50:48,653] {logging_mixin.py:109} INFO - [2021-08-28 23:50:48,653] {dag.py:2306} INFO - Setting next_dagrun for example_subdag_operator.section-2 to None
[2021-08-28 23:50:48,673] {logging_mixin.py:109} INFO - [2021-08-28 23:50:48,673] {dag.py:1833} INFO - Sync 2 DAGs
[2021-08-28 23:50:48,682] {logging_mixin.py:109} INFO - [2021-08-28 23:50:48,682] {dag.py:2306} INFO - Setting next_dagrun for example_subdag_operator.section-1 to None
[2021-08-28 23:50:48,683] {logging_mixin.py:109} INFO - [2021-08-28 23:50:48,682] {dag.py:2306} INFO - Setting next_dagrun for example_subdag_operator.section-2 to None
[2021-08-28 23:50:48,698] {processor.py:170} INFO - Processing /home/paolo/Documents/Github/case-study-1-october2020-data-sweepers/DataExtraction/ENV/lib/python3.8/site-packages/airflow/example_dags/example_subdag_operator.py took 0.147 seconds
[2021-08-28 23:51:25,365] {processor.py:162} INFO - Started process (PID=15344) to work on /home/paolo/Documents/Github/case-study-1-october2020-data-sweepers/DataExtraction/ENV/lib/python3.8/site-packages/airflow/example_dags/example_subdag_operator.py
[2021-08-28 23:51:25,366] {processor.py:613} INFO - Processing file /home/paolo/Documents/Github/case-study-1-october2020-data-sweepers/DataExtraction/ENV/lib/python3.8/site-packages/airflow/example_dags/example_subdag_operator.py for tasks to queue
[2021-08-28 23:51:25,367] {logging_mixin.py:109} INFO - [2021-08-28 23:51:25,367] {dagbag.py:496} INFO - Filling up the DagBag from /home/paolo/Documents/Github/case-study-1-october2020-data-sweepers/DataExtraction/ENV/lib/python3.8/site-packages/airflow/example_dags/example_subdag_operator.py
[2021-08-28 23:51:25,405] {processor.py:623} INFO - DAG(s) dict_keys(['example_subdag_operator.section-1', 'example_subdag_operator.section-2', 'example_subdag_operator']) retrieved from /home/paolo/Documents/Github/case-study-1-october2020-data-sweepers/DataExtraction/ENV/lib/python3.8/site-packages/airflow/example_dags/example_subdag_operator.py
[2021-08-28 23:51:25,421] {logging_mixin.py:109} INFO - [2021-08-28 23:51:25,421] {dag.py:1833} INFO - Sync 3 DAGs
[2021-08-28 23:51:25,438] {logging_mixin.py:109} INFO - [2021-08-28 23:51:25,438] {dag.py:2306} INFO - Setting next_dagrun for example_subdag_operator to 2021-08-26 00:00:00+00:00
[2021-08-28 23:51:25,439] {logging_mixin.py:109} INFO - [2021-08-28 23:51:25,439] {dag.py:2306} INFO - Setting next_dagrun for example_subdag_operator.section-1 to None
[2021-08-28 23:51:25,440] {logging_mixin.py:109} INFO - [2021-08-28 23:51:25,439] {dag.py:2306} INFO - Setting next_dagrun for example_subdag_operator.section-2 to None
[2021-08-28 23:51:25,461] {logging_mixin.py:109} INFO - [2021-08-28 23:51:25,461] {dag.py:1833} INFO - Sync 2 DAGs
[2021-08-28 23:51:25,471] {logging_mixin.py:109} INFO - [2021-08-28 23:51:25,471] {dag.py:2306} INFO - Setting next_dagrun for example_subdag_operator.section-1 to None
[2021-08-28 23:51:25,472] {logging_mixin.py:109} INFO - [2021-08-28 23:51:25,472] {dag.py:2306} INFO - Setting next_dagrun for example_subdag_operator.section-2 to None
[2021-08-28 23:51:25,486] {processor.py:170} INFO - Processing /home/paolo/Documents/Github/case-study-1-october2020-data-sweepers/DataExtraction/ENV/lib/python3.8/site-packages/airflow/example_dags/example_subdag_operator.py took 0.126 seconds
[2021-08-28 23:51:58,182] {processor.py:162} INFO - Started process (PID=15438) to work on /home/paolo/Documents/Github/case-study-1-october2020-data-sweepers/DataExtraction/ENV/lib/python3.8/site-packages/airflow/example_dags/example_subdag_operator.py
[2021-08-28 23:51:58,185] {processor.py:613} INFO - Processing file /home/paolo/Documents/Github/case-study-1-october2020-data-sweepers/DataExtraction/ENV/lib/python3.8/site-packages/airflow/example_dags/example_subdag_operator.py for tasks to queue
[2021-08-28 23:51:58,186] {logging_mixin.py:109} INFO - [2021-08-28 23:51:58,186] {dagbag.py:496} INFO - Filling up the DagBag from /home/paolo/Documents/Github/case-study-1-october2020-data-sweepers/DataExtraction/ENV/lib/python3.8/site-packages/airflow/example_dags/example_subdag_operator.py
[2021-08-28 23:51:58,212] {processor.py:623} INFO - DAG(s) dict_keys(['example_subdag_operator.section-1', 'example_subdag_operator.section-2', 'example_subdag_operator']) retrieved from /home/paolo/Documents/Github/case-study-1-october2020-data-sweepers/DataExtraction/ENV/lib/python3.8/site-packages/airflow/example_dags/example_subdag_operator.py
[2021-08-28 23:51:58,225] {logging_mixin.py:109} INFO - [2021-08-28 23:51:58,225] {dag.py:1833} INFO - Sync 3 DAGs
[2021-08-28 23:51:58,234] {logging_mixin.py:109} INFO - [2021-08-28 23:51:58,234] {dag.py:2306} INFO - Setting next_dagrun for example_subdag_operator to 2021-08-26 00:00:00+00:00
[2021-08-28 23:51:58,235] {logging_mixin.py:109} INFO - [2021-08-28 23:51:58,235] {dag.py:2306} INFO - Setting next_dagrun for example_subdag_operator.section-1 to None
[2021-08-28 23:51:58,235] {logging_mixin.py:109} INFO - [2021-08-28 23:51:58,235] {dag.py:2306} INFO - Setting next_dagrun for example_subdag_operator.section-2 to None
[2021-08-28 23:51:58,243] {logging_mixin.py:109} INFO - [2021-08-28 23:51:58,243] {dag.py:1833} INFO - Sync 2 DAGs
[2021-08-28 23:51:58,248] {logging_mixin.py:109} INFO - [2021-08-28 23:51:58,248] {dag.py:2306} INFO - Setting next_dagrun for example_subdag_operator.section-1 to None
[2021-08-28 23:51:58,249] {logging_mixin.py:109} INFO - [2021-08-28 23:51:58,249] {dag.py:2306} INFO - Setting next_dagrun for example_subdag_operator.section-2 to None
[2021-08-28 23:51:58,257] {processor.py:170} INFO - Processing /home/paolo/Documents/Github/case-study-1-october2020-data-sweepers/DataExtraction/ENV/lib/python3.8/site-packages/airflow/example_dags/example_subdag_operator.py took 0.081 seconds
[2021-08-28 23:52:32,830] {processor.py:162} INFO - Started process (PID=15560) to work on /home/paolo/Documents/Github/case-study-1-october2020-data-sweepers/DataExtraction/ENV/lib/python3.8/site-packages/airflow/example_dags/example_subdag_operator.py
[2021-08-28 23:52:32,831] {processor.py:613} INFO - Processing file /home/paolo/Documents/Github/case-study-1-october2020-data-sweepers/DataExtraction/ENV/lib/python3.8/site-packages/airflow/example_dags/example_subdag_operator.py for tasks to queue
[2021-08-28 23:52:32,832] {logging_mixin.py:109} INFO - [2021-08-28 23:52:32,831] {dagbag.py:496} INFO - Filling up the DagBag from /home/paolo/Documents/Github/case-study-1-october2020-data-sweepers/DataExtraction/ENV/lib/python3.8/site-packages/airflow/example_dags/example_subdag_operator.py
[2021-08-28 23:52:32,857] {processor.py:623} INFO - DAG(s) dict_keys(['example_subdag_operator.section-1', 'example_subdag_operator.section-2', 'example_subdag_operator']) retrieved from /home/paolo/Documents/Github/case-study-1-october2020-data-sweepers/DataExtraction/ENV/lib/python3.8/site-packages/airflow/example_dags/example_subdag_operator.py
[2021-08-28 23:52:32,870] {logging_mixin.py:109} INFO - [2021-08-28 23:52:32,869] {dag.py:1833} INFO - Sync 3 DAGs
[2021-08-28 23:52:32,883] {logging_mixin.py:109} INFO - [2021-08-28 23:52:32,883] {dag.py:2306} INFO - Setting next_dagrun for example_subdag_operator to 2021-08-26 00:00:00+00:00
[2021-08-28 23:52:32,884] {logging_mixin.py:109} INFO - [2021-08-28 23:52:32,884] {dag.py:2306} INFO - Setting next_dagrun for example_subdag_operator.section-1 to None
[2021-08-28 23:52:32,884] {logging_mixin.py:109} INFO - [2021-08-28 23:52:32,884] {dag.py:2306} INFO - Setting next_dagrun for example_subdag_operator.section-2 to None
[2021-08-28 23:52:32,899] {logging_mixin.py:109} INFO - [2021-08-28 23:52:32,899] {dag.py:1833} INFO - Sync 2 DAGs
[2021-08-28 23:52:32,908] {logging_mixin.py:109} INFO - [2021-08-28 23:52:32,908] {dag.py:2306} INFO - Setting next_dagrun for example_subdag_operator.section-1 to None
[2021-08-28 23:52:32,908] {logging_mixin.py:109} INFO - [2021-08-28 23:52:32,908] {dag.py:2306} INFO - Setting next_dagrun for example_subdag_operator.section-2 to None
[2021-08-28 23:52:32,920] {processor.py:170} INFO - Processing /home/paolo/Documents/Github/case-study-1-october2020-data-sweepers/DataExtraction/ENV/lib/python3.8/site-packages/airflow/example_dags/example_subdag_operator.py took 0.093 seconds
[2021-08-28 23:53:06,269] {processor.py:162} INFO - Started process (PID=15630) to work on /home/paolo/Documents/Github/case-study-1-october2020-data-sweepers/DataExtraction/ENV/lib/python3.8/site-packages/airflow/example_dags/example_subdag_operator.py
[2021-08-28 23:53:06,270] {processor.py:613} INFO - Processing file /home/paolo/Documents/Github/case-study-1-october2020-data-sweepers/DataExtraction/ENV/lib/python3.8/site-packages/airflow/example_dags/example_subdag_operator.py for tasks to queue
[2021-08-28 23:53:06,271] {logging_mixin.py:109} INFO - [2021-08-28 23:53:06,271] {dagbag.py:496} INFO - Filling up the DagBag from /home/paolo/Documents/Github/case-study-1-october2020-data-sweepers/DataExtraction/ENV/lib/python3.8/site-packages/airflow/example_dags/example_subdag_operator.py
[2021-08-28 23:53:06,295] {processor.py:623} INFO - DAG(s) dict_keys(['example_subdag_operator.section-1', 'example_subdag_operator.section-2', 'example_subdag_operator']) retrieved from /home/paolo/Documents/Github/case-study-1-october2020-data-sweepers/DataExtraction/ENV/lib/python3.8/site-packages/airflow/example_dags/example_subdag_operator.py
[2021-08-28 23:53:06,304] {logging_mixin.py:109} INFO - [2021-08-28 23:53:06,304] {dag.py:1833} INFO - Sync 3 DAGs
[2021-08-28 23:53:06,316] {logging_mixin.py:109} INFO - [2021-08-28 23:53:06,316] {dag.py:2306} INFO - Setting next_dagrun for example_subdag_operator to 2021-08-26 00:00:00+00:00
[2021-08-28 23:53:06,317] {logging_mixin.py:109} INFO - [2021-08-28 23:53:06,317] {dag.py:2306} INFO - Setting next_dagrun for example_subdag_operator.section-1 to None
[2021-08-28 23:53:06,318] {logging_mixin.py:109} INFO - [2021-08-28 23:53:06,318] {dag.py:2306} INFO - Setting next_dagrun for example_subdag_operator.section-2 to None
[2021-08-28 23:53:06,333] {logging_mixin.py:109} INFO - [2021-08-28 23:53:06,332] {dag.py:1833} INFO - Sync 2 DAGs
[2021-08-28 23:53:06,339] {logging_mixin.py:109} INFO - [2021-08-28 23:53:06,339] {dag.py:2306} INFO - Setting next_dagrun for example_subdag_operator.section-1 to None
[2021-08-28 23:53:06,339] {logging_mixin.py:109} INFO - [2021-08-28 23:53:06,339] {dag.py:2306} INFO - Setting next_dagrun for example_subdag_operator.section-2 to None
[2021-08-28 23:53:06,349] {processor.py:170} INFO - Processing /home/paolo/Documents/Github/case-study-1-october2020-data-sweepers/DataExtraction/ENV/lib/python3.8/site-packages/airflow/example_dags/example_subdag_operator.py took 0.082 seconds
[2021-08-28 23:53:37,397] {processor.py:162} INFO - Started process (PID=15708) to work on /home/paolo/Documents/Github/case-study-1-october2020-data-sweepers/DataExtraction/ENV/lib/python3.8/site-packages/airflow/example_dags/example_subdag_operator.py
[2021-08-28 23:53:37,399] {processor.py:613} INFO - Processing file /home/paolo/Documents/Github/case-study-1-october2020-data-sweepers/DataExtraction/ENV/lib/python3.8/site-packages/airflow/example_dags/example_subdag_operator.py for tasks to queue
[2021-08-28 23:53:37,399] {logging_mixin.py:109} INFO - [2021-08-28 23:53:37,399] {dagbag.py:496} INFO - Filling up the DagBag from /home/paolo/Documents/Github/case-study-1-october2020-data-sweepers/DataExtraction/ENV/lib/python3.8/site-packages/airflow/example_dags/example_subdag_operator.py
[2021-08-28 23:53:37,420] {processor.py:623} INFO - DAG(s) dict_keys(['example_subdag_operator.section-1', 'example_subdag_operator.section-2', 'example_subdag_operator']) retrieved from /home/paolo/Documents/Github/case-study-1-october2020-data-sweepers/DataExtraction/ENV/lib/python3.8/site-packages/airflow/example_dags/example_subdag_operator.py
[2021-08-28 23:53:37,428] {logging_mixin.py:109} INFO - [2021-08-28 23:53:37,428] {dag.py:1833} INFO - Sync 3 DAGs
[2021-08-28 23:53:37,437] {logging_mixin.py:109} INFO - [2021-08-28 23:53:37,437] {dag.py:2306} INFO - Setting next_dagrun for example_subdag_operator to 2021-08-26 00:00:00+00:00
[2021-08-28 23:53:37,438] {logging_mixin.py:109} INFO - [2021-08-28 23:53:37,438] {dag.py:2306} INFO - Setting next_dagrun for example_subdag_operator.section-1 to None
[2021-08-28 23:53:37,438] {logging_mixin.py:109} INFO - [2021-08-28 23:53:37,438] {dag.py:2306} INFO - Setting next_dagrun for example_subdag_operator.section-2 to None
[2021-08-28 23:53:37,454] {logging_mixin.py:109} INFO - [2021-08-28 23:53:37,453] {dag.py:1833} INFO - Sync 2 DAGs
[2021-08-28 23:53:37,460] {logging_mixin.py:109} INFO - [2021-08-28 23:53:37,460] {dag.py:2306} INFO - Setting next_dagrun for example_subdag_operator.section-1 to None
[2021-08-28 23:53:37,460] {logging_mixin.py:109} INFO - [2021-08-28 23:53:37,460] {dag.py:2306} INFO - Setting next_dagrun for example_subdag_operator.section-2 to None
[2021-08-28 23:53:37,470] {processor.py:170} INFO - Processing /home/paolo/Documents/Github/case-study-1-october2020-data-sweepers/DataExtraction/ENV/lib/python3.8/site-packages/airflow/example_dags/example_subdag_operator.py took 0.075 seconds
[2021-08-28 23:55:55,546] {processor.py:162} INFO - Started process (PID=16244) to work on /home/paolo/Documents/Github/case-study-1-october2020-data-sweepers/DataExtraction/ENV/lib/python3.8/site-packages/airflow/example_dags/example_subdag_operator.py
[2021-08-28 23:55:55,547] {processor.py:613} INFO - Processing file /home/paolo/Documents/Github/case-study-1-october2020-data-sweepers/DataExtraction/ENV/lib/python3.8/site-packages/airflow/example_dags/example_subdag_operator.py for tasks to queue
[2021-08-28 23:55:55,547] {logging_mixin.py:109} INFO - [2021-08-28 23:55:55,547] {dagbag.py:496} INFO - Filling up the DagBag from /home/paolo/Documents/Github/case-study-1-october2020-data-sweepers/DataExtraction/ENV/lib/python3.8/site-packages/airflow/example_dags/example_subdag_operator.py
[2021-08-28 23:55:55,575] {processor.py:623} INFO - DAG(s) dict_keys(['example_subdag_operator.section-1', 'example_subdag_operator.section-2', 'example_subdag_operator']) retrieved from /home/paolo/Documents/Github/case-study-1-october2020-data-sweepers/DataExtraction/ENV/lib/python3.8/site-packages/airflow/example_dags/example_subdag_operator.py
[2021-08-28 23:55:55,589] {logging_mixin.py:109} INFO - [2021-08-28 23:55:55,589] {dag.py:1833} INFO - Sync 3 DAGs
[2021-08-28 23:55:55,605] {logging_mixin.py:109} INFO - [2021-08-28 23:55:55,605] {dag.py:2306} INFO - Setting next_dagrun for example_subdag_operator to 2021-08-26 00:00:00+00:00
[2021-08-28 23:55:55,606] {logging_mixin.py:109} INFO - [2021-08-28 23:55:55,606] {dag.py:2306} INFO - Setting next_dagrun for example_subdag_operator.section-1 to None
[2021-08-28 23:55:55,607] {logging_mixin.py:109} INFO - [2021-08-28 23:55:55,606] {dag.py:2306} INFO - Setting next_dagrun for example_subdag_operator.section-2 to None
[2021-08-28 23:55:55,623] {logging_mixin.py:109} INFO - [2021-08-28 23:55:55,622] {dag.py:1833} INFO - Sync 2 DAGs
[2021-08-28 23:55:55,631] {logging_mixin.py:109} INFO - [2021-08-28 23:55:55,631] {dag.py:2306} INFO - Setting next_dagrun for example_subdag_operator.section-1 to None
[2021-08-28 23:55:55,632] {logging_mixin.py:109} INFO - [2021-08-28 23:55:55,632] {dag.py:2306} INFO - Setting next_dagrun for example_subdag_operator.section-2 to None
[2021-08-28 23:55:55,642] {processor.py:170} INFO - Processing /home/paolo/Documents/Github/case-study-1-october2020-data-sweepers/DataExtraction/ENV/lib/python3.8/site-packages/airflow/example_dags/example_subdag_operator.py took 0.098 seconds
[2021-08-28 23:56:35,919] {processor.py:162} INFO - Started process (PID=16547) to work on /home/paolo/Documents/Github/case-study-1-october2020-data-sweepers/DataExtraction/ENV/lib/python3.8/site-packages/airflow/example_dags/example_subdag_operator.py
[2021-08-28 23:56:35,920] {processor.py:613} INFO - Processing file /home/paolo/Documents/Github/case-study-1-october2020-data-sweepers/DataExtraction/ENV/lib/python3.8/site-packages/airflow/example_dags/example_subdag_operator.py for tasks to queue
[2021-08-28 23:56:35,921] {logging_mixin.py:109} INFO - [2021-08-28 23:56:35,921] {dagbag.py:496} INFO - Filling up the DagBag from /home/paolo/Documents/Github/case-study-1-october2020-data-sweepers/DataExtraction/ENV/lib/python3.8/site-packages/airflow/example_dags/example_subdag_operator.py
[2021-08-28 23:56:35,953] {processor.py:623} INFO - DAG(s) dict_keys(['example_subdag_operator.section-1', 'example_subdag_operator.section-2', 'example_subdag_operator']) retrieved from /home/paolo/Documents/Github/case-study-1-october2020-data-sweepers/DataExtraction/ENV/lib/python3.8/site-packages/airflow/example_dags/example_subdag_operator.py
[2021-08-28 23:56:35,966] {logging_mixin.py:109} INFO - [2021-08-28 23:56:35,966] {dag.py:1833} INFO - Sync 3 DAGs
[2021-08-28 23:56:35,985] {logging_mixin.py:109} INFO - [2021-08-28 23:56:35,985] {dag.py:2306} INFO - Setting next_dagrun for example_subdag_operator to 2021-08-26 00:00:00+00:00
[2021-08-28 23:56:35,987] {logging_mixin.py:109} INFO - [2021-08-28 23:56:35,987] {dag.py:2306} INFO - Setting next_dagrun for example_subdag_operator.section-1 to None
[2021-08-28 23:56:35,987] {logging_mixin.py:109} INFO - [2021-08-28 23:56:35,987] {dag.py:2306} INFO - Setting next_dagrun for example_subdag_operator.section-2 to None
[2021-08-28 23:56:36,005] {logging_mixin.py:109} INFO - [2021-08-28 23:56:36,005] {dag.py:1833} INFO - Sync 2 DAGs
[2021-08-28 23:56:36,019] {logging_mixin.py:109} INFO - [2021-08-28 23:56:36,018] {dag.py:2306} INFO - Setting next_dagrun for example_subdag_operator.section-1 to None
[2021-08-28 23:56:36,020] {logging_mixin.py:109} INFO - [2021-08-28 23:56:36,020] {dag.py:2306} INFO - Setting next_dagrun for example_subdag_operator.section-2 to None
[2021-08-28 23:56:36,034] {processor.py:170} INFO - Processing /home/paolo/Documents/Github/case-study-1-october2020-data-sweepers/DataExtraction/ENV/lib/python3.8/site-packages/airflow/example_dags/example_subdag_operator.py took 0.118 seconds
[2021-08-28 23:57:14,563] {processor.py:162} INFO - Started process (PID=16841) to work on /home/paolo/Documents/Github/case-study-1-october2020-data-sweepers/DataExtraction/ENV/lib/python3.8/site-packages/airflow/example_dags/example_subdag_operator.py
[2021-08-28 23:57:14,565] {processor.py:613} INFO - Processing file /home/paolo/Documents/Github/case-study-1-october2020-data-sweepers/DataExtraction/ENV/lib/python3.8/site-packages/airflow/example_dags/example_subdag_operator.py for tasks to queue
[2021-08-28 23:57:14,566] {logging_mixin.py:109} INFO - [2021-08-28 23:57:14,566] {dagbag.py:496} INFO - Filling up the DagBag from /home/paolo/Documents/Github/case-study-1-october2020-data-sweepers/DataExtraction/ENV/lib/python3.8/site-packages/airflow/example_dags/example_subdag_operator.py
[2021-08-28 23:57:14,597] {processor.py:623} INFO - DAG(s) dict_keys(['example_subdag_operator.section-1', 'example_subdag_operator.section-2', 'example_subdag_operator']) retrieved from /home/paolo/Documents/Github/case-study-1-october2020-data-sweepers/DataExtraction/ENV/lib/python3.8/site-packages/airflow/example_dags/example_subdag_operator.py
[2021-08-28 23:57:14,606] {logging_mixin.py:109} INFO - [2021-08-28 23:57:14,605] {dag.py:1833} INFO - Sync 3 DAGs
[2021-08-28 23:57:14,614] {logging_mixin.py:109} INFO - [2021-08-28 23:57:14,614] {dag.py:2306} INFO - Setting next_dagrun for example_subdag_operator to 2021-08-26 00:00:00+00:00
[2021-08-28 23:57:14,615] {logging_mixin.py:109} INFO - [2021-08-28 23:57:14,615] {dag.py:2306} INFO - Setting next_dagrun for example_subdag_operator.section-1 to None
[2021-08-28 23:57:14,615] {logging_mixin.py:109} INFO - [2021-08-28 23:57:14,615] {dag.py:2306} INFO - Setting next_dagrun for example_subdag_operator.section-2 to None
[2021-08-28 23:57:14,628] {logging_mixin.py:109} INFO - [2021-08-28 23:57:14,628] {dag.py:1833} INFO - Sync 2 DAGs
[2021-08-28 23:57:14,633] {logging_mixin.py:109} INFO - [2021-08-28 23:57:14,633] {dag.py:2306} INFO - Setting next_dagrun for example_subdag_operator.section-1 to None
[2021-08-28 23:57:14,633] {logging_mixin.py:109} INFO - [2021-08-28 23:57:14,633] {dag.py:2306} INFO - Setting next_dagrun for example_subdag_operator.section-2 to None
[2021-08-28 23:57:14,641] {processor.py:170} INFO - Processing /home/paolo/Documents/Github/case-study-1-october2020-data-sweepers/DataExtraction/ENV/lib/python3.8/site-packages/airflow/example_dags/example_subdag_operator.py took 0.084 seconds
[2021-08-28 23:57:52,792] {processor.py:162} INFO - Started process (PID=17172) to work on /home/paolo/Documents/Github/case-study-1-october2020-data-sweepers/DataExtraction/ENV/lib/python3.8/site-packages/airflow/example_dags/example_subdag_operator.py
[2021-08-28 23:57:52,793] {processor.py:613} INFO - Processing file /home/paolo/Documents/Github/case-study-1-october2020-data-sweepers/DataExtraction/ENV/lib/python3.8/site-packages/airflow/example_dags/example_subdag_operator.py for tasks to queue
[2021-08-28 23:57:52,794] {logging_mixin.py:109} INFO - [2021-08-28 23:57:52,794] {dagbag.py:496} INFO - Filling up the DagBag from /home/paolo/Documents/Github/case-study-1-october2020-data-sweepers/DataExtraction/ENV/lib/python3.8/site-packages/airflow/example_dags/example_subdag_operator.py
[2021-08-28 23:57:52,830] {processor.py:623} INFO - DAG(s) dict_keys(['example_subdag_operator.section-1', 'example_subdag_operator.section-2', 'example_subdag_operator']) retrieved from /home/paolo/Documents/Github/case-study-1-october2020-data-sweepers/DataExtraction/ENV/lib/python3.8/site-packages/airflow/example_dags/example_subdag_operator.py
[2021-08-28 23:57:52,851] {logging_mixin.py:109} INFO - [2021-08-28 23:57:52,850] {dag.py:1833} INFO - Sync 3 DAGs
[2021-08-28 23:57:52,868] {logging_mixin.py:109} INFO - [2021-08-28 23:57:52,868] {dag.py:2306} INFO - Setting next_dagrun for example_subdag_operator to 2021-08-26 00:00:00+00:00
[2021-08-28 23:57:52,870] {logging_mixin.py:109} INFO - [2021-08-28 23:57:52,869] {dag.py:2306} INFO - Setting next_dagrun for example_subdag_operator.section-1 to None
[2021-08-28 23:57:52,870] {logging_mixin.py:109} INFO - [2021-08-28 23:57:52,870] {dag.py:2306} INFO - Setting next_dagrun for example_subdag_operator.section-2 to None
[2021-08-28 23:57:52,887] {logging_mixin.py:109} INFO - [2021-08-28 23:57:52,887] {dag.py:1833} INFO - Sync 2 DAGs
[2021-08-28 23:57:52,901] {logging_mixin.py:109} INFO - [2021-08-28 23:57:52,901] {dag.py:2306} INFO - Setting next_dagrun for example_subdag_operator.section-1 to None
[2021-08-28 23:57:52,901] {logging_mixin.py:109} INFO - [2021-08-28 23:57:52,901] {dag.py:2306} INFO - Setting next_dagrun for example_subdag_operator.section-2 to None
[2021-08-28 23:57:52,919] {processor.py:170} INFO - Processing /home/paolo/Documents/Github/case-study-1-october2020-data-sweepers/DataExtraction/ENV/lib/python3.8/site-packages/airflow/example_dags/example_subdag_operator.py took 0.131 seconds
[2021-08-28 23:58:31,912] {processor.py:162} INFO - Started process (PID=17505) to work on /home/paolo/Documents/Github/case-study-1-october2020-data-sweepers/DataExtraction/ENV/lib/python3.8/site-packages/airflow/example_dags/example_subdag_operator.py
[2021-08-28 23:58:31,913] {processor.py:613} INFO - Processing file /home/paolo/Documents/Github/case-study-1-october2020-data-sweepers/DataExtraction/ENV/lib/python3.8/site-packages/airflow/example_dags/example_subdag_operator.py for tasks to queue
[2021-08-28 23:58:31,914] {logging_mixin.py:109} INFO - [2021-08-28 23:58:31,914] {dagbag.py:496} INFO - Filling up the DagBag from /home/paolo/Documents/Github/case-study-1-october2020-data-sweepers/DataExtraction/ENV/lib/python3.8/site-packages/airflow/example_dags/example_subdag_operator.py
[2021-08-28 23:58:31,933] {processor.py:623} INFO - DAG(s) dict_keys(['example_subdag_operator.section-1', 'example_subdag_operator.section-2', 'example_subdag_operator']) retrieved from /home/paolo/Documents/Github/case-study-1-october2020-data-sweepers/DataExtraction/ENV/lib/python3.8/site-packages/airflow/example_dags/example_subdag_operator.py
[2021-08-28 23:58:31,942] {logging_mixin.py:109} INFO - [2021-08-28 23:58:31,942] {dag.py:1833} INFO - Sync 3 DAGs
[2021-08-28 23:58:31,952] {logging_mixin.py:109} INFO - [2021-08-28 23:58:31,951] {dag.py:2306} INFO - Setting next_dagrun for example_subdag_operator to 2021-08-26 00:00:00+00:00
[2021-08-28 23:58:31,952] {logging_mixin.py:109} INFO - [2021-08-28 23:58:31,952] {dag.py:2306} INFO - Setting next_dagrun for example_subdag_operator.section-1 to None
[2021-08-28 23:58:31,953] {logging_mixin.py:109} INFO - [2021-08-28 23:58:31,953] {dag.py:2306} INFO - Setting next_dagrun for example_subdag_operator.section-2 to None
[2021-08-28 23:58:31,965] {logging_mixin.py:109} INFO - [2021-08-28 23:58:31,965] {dag.py:1833} INFO - Sync 2 DAGs
[2021-08-28 23:58:31,971] {logging_mixin.py:109} INFO - [2021-08-28 23:58:31,971] {dag.py:2306} INFO - Setting next_dagrun for example_subdag_operator.section-1 to None
[2021-08-28 23:58:31,971] {logging_mixin.py:109} INFO - [2021-08-28 23:58:31,971] {dag.py:2306} INFO - Setting next_dagrun for example_subdag_operator.section-2 to None
[2021-08-28 23:58:31,979] {processor.py:170} INFO - Processing /home/paolo/Documents/Github/case-study-1-october2020-data-sweepers/DataExtraction/ENV/lib/python3.8/site-packages/airflow/example_dags/example_subdag_operator.py took 0.069 seconds
