[2021-08-28 23:37:30,773] {processor.py:162} INFO - Started process (PID=13112) to work on /home/paolo/Documents/Github/case-study-1-october2020-data-sweepers/DataExtraction/ENV/lib/python3.8/site-packages/airflow/example_dags/example_kubernetes_executor.py
[2021-08-28 23:37:30,776] {processor.py:613} INFO - Processing file /home/paolo/Documents/Github/case-study-1-october2020-data-sweepers/DataExtraction/ENV/lib/python3.8/site-packages/airflow/example_dags/example_kubernetes_executor.py for tasks to queue
[2021-08-28 23:37:30,776] {logging_mixin.py:109} INFO - [2021-08-28 23:37:30,776] {dagbag.py:496} INFO - Filling up the DagBag from /home/paolo/Documents/Github/case-study-1-october2020-data-sweepers/DataExtraction/ENV/lib/python3.8/site-packages/airflow/example_dags/example_kubernetes_executor.py
[2021-08-28 23:37:30,804] {processor.py:623} INFO - DAG(s) dict_keys(['example_kubernetes_executor']) retrieved from /home/paolo/Documents/Github/case-study-1-october2020-data-sweepers/DataExtraction/ENV/lib/python3.8/site-packages/airflow/example_dags/example_kubernetes_executor.py
[2021-08-28 23:37:30,850] {logging_mixin.py:109} INFO - [2021-08-28 23:37:30,848] {dag.py:1833} INFO - Sync 1 DAGs
[2021-08-28 23:37:30,886] {logging_mixin.py:109} INFO - [2021-08-28 23:37:30,886] {dag.py:2306} INFO - Setting next_dagrun for example_kubernetes_executor to None
[2021-08-28 23:37:30,914] {processor.py:170} INFO - Processing /home/paolo/Documents/Github/case-study-1-october2020-data-sweepers/DataExtraction/ENV/lib/python3.8/site-packages/airflow/example_dags/example_kubernetes_executor.py took 0.147 seconds
[2021-08-28 23:38:09,677] {processor.py:162} INFO - Started process (PID=13263) to work on /home/paolo/Documents/Github/case-study-1-october2020-data-sweepers/DataExtraction/ENV/lib/python3.8/site-packages/airflow/example_dags/example_kubernetes_executor.py
[2021-08-28 23:38:09,679] {processor.py:613} INFO - Processing file /home/paolo/Documents/Github/case-study-1-october2020-data-sweepers/DataExtraction/ENV/lib/python3.8/site-packages/airflow/example_dags/example_kubernetes_executor.py for tasks to queue
[2021-08-28 23:38:09,681] {logging_mixin.py:109} INFO - [2021-08-28 23:38:09,680] {dagbag.py:496} INFO - Filling up the DagBag from /home/paolo/Documents/Github/case-study-1-october2020-data-sweepers/DataExtraction/ENV/lib/python3.8/site-packages/airflow/example_dags/example_kubernetes_executor.py
[2021-08-28 23:38:09,704] {processor.py:623} INFO - DAG(s) dict_keys(['example_kubernetes_executor']) retrieved from /home/paolo/Documents/Github/case-study-1-october2020-data-sweepers/DataExtraction/ENV/lib/python3.8/site-packages/airflow/example_dags/example_kubernetes_executor.py
[2021-08-28 23:38:09,728] {logging_mixin.py:109} INFO - [2021-08-28 23:38:09,728] {dag.py:1833} INFO - Sync 1 DAGs
[2021-08-28 23:38:09,750] {logging_mixin.py:109} INFO - [2021-08-28 23:38:09,750] {dag.py:2306} INFO - Setting next_dagrun for example_kubernetes_executor to None
[2021-08-28 23:38:09,780] {processor.py:170} INFO - Processing /home/paolo/Documents/Github/case-study-1-october2020-data-sweepers/DataExtraction/ENV/lib/python3.8/site-packages/airflow/example_dags/example_kubernetes_executor.py took 0.109 seconds
[2021-08-28 23:38:49,323] {processor.py:162} INFO - Started process (PID=13344) to work on /home/paolo/Documents/Github/case-study-1-october2020-data-sweepers/DataExtraction/ENV/lib/python3.8/site-packages/airflow/example_dags/example_kubernetes_executor.py
[2021-08-28 23:38:49,325] {processor.py:613} INFO - Processing file /home/paolo/Documents/Github/case-study-1-october2020-data-sweepers/DataExtraction/ENV/lib/python3.8/site-packages/airflow/example_dags/example_kubernetes_executor.py for tasks to queue
[2021-08-28 23:38:49,327] {logging_mixin.py:109} INFO - [2021-08-28 23:38:49,326] {dagbag.py:496} INFO - Filling up the DagBag from /home/paolo/Documents/Github/case-study-1-october2020-data-sweepers/DataExtraction/ENV/lib/python3.8/site-packages/airflow/example_dags/example_kubernetes_executor.py
[2021-08-28 23:38:49,345] {processor.py:623} INFO - DAG(s) dict_keys(['example_kubernetes_executor']) retrieved from /home/paolo/Documents/Github/case-study-1-october2020-data-sweepers/DataExtraction/ENV/lib/python3.8/site-packages/airflow/example_dags/example_kubernetes_executor.py
[2021-08-28 23:38:49,365] {logging_mixin.py:109} INFO - [2021-08-28 23:38:49,365] {dag.py:1833} INFO - Sync 1 DAGs
[2021-08-28 23:38:49,381] {logging_mixin.py:109} INFO - [2021-08-28 23:38:49,381] {dag.py:2306} INFO - Setting next_dagrun for example_kubernetes_executor to None
[2021-08-28 23:38:49,409] {processor.py:170} INFO - Processing /home/paolo/Documents/Github/case-study-1-october2020-data-sweepers/DataExtraction/ENV/lib/python3.8/site-packages/airflow/example_dags/example_kubernetes_executor.py took 0.089 seconds
[2021-08-28 23:39:24,166] {processor.py:162} INFO - Started process (PID=13492) to work on /home/paolo/Documents/Github/case-study-1-october2020-data-sweepers/DataExtraction/ENV/lib/python3.8/site-packages/airflow/example_dags/example_kubernetes_executor.py
[2021-08-28 23:39:24,170] {processor.py:613} INFO - Processing file /home/paolo/Documents/Github/case-study-1-october2020-data-sweepers/DataExtraction/ENV/lib/python3.8/site-packages/airflow/example_dags/example_kubernetes_executor.py for tasks to queue
[2021-08-28 23:39:24,173] {logging_mixin.py:109} INFO - [2021-08-28 23:39:24,172] {dagbag.py:496} INFO - Filling up the DagBag from /home/paolo/Documents/Github/case-study-1-october2020-data-sweepers/DataExtraction/ENV/lib/python3.8/site-packages/airflow/example_dags/example_kubernetes_executor.py
[2021-08-28 23:39:24,191] {processor.py:623} INFO - DAG(s) dict_keys(['example_kubernetes_executor']) retrieved from /home/paolo/Documents/Github/case-study-1-october2020-data-sweepers/DataExtraction/ENV/lib/python3.8/site-packages/airflow/example_dags/example_kubernetes_executor.py
[2021-08-28 23:39:24,207] {logging_mixin.py:109} INFO - [2021-08-28 23:39:24,207] {dag.py:1833} INFO - Sync 1 DAGs
[2021-08-28 23:39:24,217] {logging_mixin.py:109} INFO - [2021-08-28 23:39:24,217] {dag.py:2306} INFO - Setting next_dagrun for example_kubernetes_executor to None
[2021-08-28 23:39:24,261] {processor.py:170} INFO - Processing /home/paolo/Documents/Github/case-study-1-october2020-data-sweepers/DataExtraction/ENV/lib/python3.8/site-packages/airflow/example_dags/example_kubernetes_executor.py took 0.099 seconds
[2021-08-28 23:39:59,892] {processor.py:162} INFO - Started process (PID=13656) to work on /home/paolo/Documents/Github/case-study-1-october2020-data-sweepers/DataExtraction/ENV/lib/python3.8/site-packages/airflow/example_dags/example_kubernetes_executor.py
[2021-08-28 23:39:59,898] {processor.py:613} INFO - Processing file /home/paolo/Documents/Github/case-study-1-october2020-data-sweepers/DataExtraction/ENV/lib/python3.8/site-packages/airflow/example_dags/example_kubernetes_executor.py for tasks to queue
[2021-08-28 23:39:59,900] {logging_mixin.py:109} INFO - [2021-08-28 23:39:59,900] {dagbag.py:496} INFO - Filling up the DagBag from /home/paolo/Documents/Github/case-study-1-october2020-data-sweepers/DataExtraction/ENV/lib/python3.8/site-packages/airflow/example_dags/example_kubernetes_executor.py
[2021-08-28 23:39:59,917] {processor.py:623} INFO - DAG(s) dict_keys(['example_kubernetes_executor']) retrieved from /home/paolo/Documents/Github/case-study-1-october2020-data-sweepers/DataExtraction/ENV/lib/python3.8/site-packages/airflow/example_dags/example_kubernetes_executor.py
[2021-08-28 23:39:59,942] {logging_mixin.py:109} INFO - [2021-08-28 23:39:59,942] {dag.py:1833} INFO - Sync 1 DAGs
[2021-08-28 23:39:59,957] {logging_mixin.py:109} INFO - [2021-08-28 23:39:59,956] {dag.py:2306} INFO - Setting next_dagrun for example_kubernetes_executor to None
[2021-08-28 23:39:59,982] {processor.py:170} INFO - Processing /home/paolo/Documents/Github/case-study-1-october2020-data-sweepers/DataExtraction/ENV/lib/python3.8/site-packages/airflow/example_dags/example_kubernetes_executor.py took 0.094 seconds
[2021-08-28 23:40:38,695] {processor.py:162} INFO - Started process (PID=13885) to work on /home/paolo/Documents/Github/case-study-1-october2020-data-sweepers/DataExtraction/ENV/lib/python3.8/site-packages/airflow/example_dags/example_kubernetes_executor.py
[2021-08-28 23:40:38,697] {processor.py:613} INFO - Processing file /home/paolo/Documents/Github/case-study-1-october2020-data-sweepers/DataExtraction/ENV/lib/python3.8/site-packages/airflow/example_dags/example_kubernetes_executor.py for tasks to queue
[2021-08-28 23:40:38,698] {logging_mixin.py:109} INFO - [2021-08-28 23:40:38,698] {dagbag.py:496} INFO - Filling up the DagBag from /home/paolo/Documents/Github/case-study-1-october2020-data-sweepers/DataExtraction/ENV/lib/python3.8/site-packages/airflow/example_dags/example_kubernetes_executor.py
[2021-08-28 23:40:38,714] {processor.py:623} INFO - DAG(s) dict_keys(['example_kubernetes_executor']) retrieved from /home/paolo/Documents/Github/case-study-1-october2020-data-sweepers/DataExtraction/ENV/lib/python3.8/site-packages/airflow/example_dags/example_kubernetes_executor.py
[2021-08-28 23:40:38,734] {logging_mixin.py:109} INFO - [2021-08-28 23:40:38,734] {dag.py:1833} INFO - Sync 1 DAGs
[2021-08-28 23:40:38,749] {logging_mixin.py:109} INFO - [2021-08-28 23:40:38,749] {dag.py:2306} INFO - Setting next_dagrun for example_kubernetes_executor to None
[2021-08-28 23:40:38,772] {processor.py:170} INFO - Processing /home/paolo/Documents/Github/case-study-1-october2020-data-sweepers/DataExtraction/ENV/lib/python3.8/site-packages/airflow/example_dags/example_kubernetes_executor.py took 0.081 seconds
[2021-08-28 23:41:17,834] {processor.py:162} INFO - Started process (PID=14023) to work on /home/paolo/Documents/Github/case-study-1-october2020-data-sweepers/DataExtraction/ENV/lib/python3.8/site-packages/airflow/example_dags/example_kubernetes_executor.py
[2021-08-28 23:41:17,836] {processor.py:613} INFO - Processing file /home/paolo/Documents/Github/case-study-1-october2020-data-sweepers/DataExtraction/ENV/lib/python3.8/site-packages/airflow/example_dags/example_kubernetes_executor.py for tasks to queue
[2021-08-28 23:41:17,837] {logging_mixin.py:109} INFO - [2021-08-28 23:41:17,836] {dagbag.py:496} INFO - Filling up the DagBag from /home/paolo/Documents/Github/case-study-1-october2020-data-sweepers/DataExtraction/ENV/lib/python3.8/site-packages/airflow/example_dags/example_kubernetes_executor.py
[2021-08-28 23:41:17,875] {processor.py:623} INFO - DAG(s) dict_keys(['example_kubernetes_executor']) retrieved from /home/paolo/Documents/Github/case-study-1-october2020-data-sweepers/DataExtraction/ENV/lib/python3.8/site-packages/airflow/example_dags/example_kubernetes_executor.py
[2021-08-28 23:41:17,910] {logging_mixin.py:109} INFO - [2021-08-28 23:41:17,910] {dag.py:1833} INFO - Sync 1 DAGs
[2021-08-28 23:41:17,951] {logging_mixin.py:109} INFO - [2021-08-28 23:41:17,950] {dag.py:2306} INFO - Setting next_dagrun for example_kubernetes_executor to None
[2021-08-28 23:41:17,989] {processor.py:170} INFO - Processing /home/paolo/Documents/Github/case-study-1-october2020-data-sweepers/DataExtraction/ENV/lib/python3.8/site-packages/airflow/example_dags/example_kubernetes_executor.py took 0.163 seconds
[2021-08-28 23:41:54,336] {processor.py:162} INFO - Started process (PID=14135) to work on /home/paolo/Documents/Github/case-study-1-october2020-data-sweepers/DataExtraction/ENV/lib/python3.8/site-packages/airflow/example_dags/example_kubernetes_executor.py
[2021-08-28 23:41:54,337] {processor.py:613} INFO - Processing file /home/paolo/Documents/Github/case-study-1-october2020-data-sweepers/DataExtraction/ENV/lib/python3.8/site-packages/airflow/example_dags/example_kubernetes_executor.py for tasks to queue
[2021-08-28 23:41:54,338] {logging_mixin.py:109} INFO - [2021-08-28 23:41:54,337] {dagbag.py:496} INFO - Filling up the DagBag from /home/paolo/Documents/Github/case-study-1-october2020-data-sweepers/DataExtraction/ENV/lib/python3.8/site-packages/airflow/example_dags/example_kubernetes_executor.py
[2021-08-28 23:41:54,349] {processor.py:623} INFO - DAG(s) dict_keys(['example_kubernetes_executor']) retrieved from /home/paolo/Documents/Github/case-study-1-october2020-data-sweepers/DataExtraction/ENV/lib/python3.8/site-packages/airflow/example_dags/example_kubernetes_executor.py
[2021-08-28 23:41:54,362] {logging_mixin.py:109} INFO - [2021-08-28 23:41:54,362] {dag.py:1833} INFO - Sync 1 DAGs
[2021-08-28 23:41:54,375] {logging_mixin.py:109} INFO - [2021-08-28 23:41:54,375] {dag.py:2306} INFO - Setting next_dagrun for example_kubernetes_executor to None
[2021-08-28 23:41:54,387] {processor.py:170} INFO - Processing /home/paolo/Documents/Github/case-study-1-october2020-data-sweepers/DataExtraction/ENV/lib/python3.8/site-packages/airflow/example_dags/example_kubernetes_executor.py took 0.053 seconds
[2021-08-28 23:42:27,193] {processor.py:162} INFO - Started process (PID=14243) to work on /home/paolo/Documents/Github/case-study-1-october2020-data-sweepers/DataExtraction/ENV/lib/python3.8/site-packages/airflow/example_dags/example_kubernetes_executor.py
[2021-08-28 23:42:27,195] {processor.py:613} INFO - Processing file /home/paolo/Documents/Github/case-study-1-october2020-data-sweepers/DataExtraction/ENV/lib/python3.8/site-packages/airflow/example_dags/example_kubernetes_executor.py for tasks to queue
[2021-08-28 23:42:27,196] {logging_mixin.py:109} INFO - [2021-08-28 23:42:27,195] {dagbag.py:496} INFO - Filling up the DagBag from /home/paolo/Documents/Github/case-study-1-october2020-data-sweepers/DataExtraction/ENV/lib/python3.8/site-packages/airflow/example_dags/example_kubernetes_executor.py
[2021-08-28 23:42:27,215] {processor.py:623} INFO - DAG(s) dict_keys(['example_kubernetes_executor']) retrieved from /home/paolo/Documents/Github/case-study-1-october2020-data-sweepers/DataExtraction/ENV/lib/python3.8/site-packages/airflow/example_dags/example_kubernetes_executor.py
[2021-08-28 23:42:27,242] {logging_mixin.py:109} INFO - [2021-08-28 23:42:27,242] {dag.py:1833} INFO - Sync 1 DAGs
[2021-08-28 23:42:27,262] {logging_mixin.py:109} INFO - [2021-08-28 23:42:27,262] {dag.py:2306} INFO - Setting next_dagrun for example_kubernetes_executor to None
[2021-08-28 23:42:27,282] {processor.py:170} INFO - Processing /home/paolo/Documents/Github/case-study-1-october2020-data-sweepers/DataExtraction/ENV/lib/python3.8/site-packages/airflow/example_dags/example_kubernetes_executor.py took 0.092 seconds
[2021-08-28 23:43:00,167] {processor.py:162} INFO - Started process (PID=14307) to work on /home/paolo/Documents/Github/case-study-1-october2020-data-sweepers/DataExtraction/ENV/lib/python3.8/site-packages/airflow/example_dags/example_kubernetes_executor.py
[2021-08-28 23:43:00,168] {processor.py:613} INFO - Processing file /home/paolo/Documents/Github/case-study-1-october2020-data-sweepers/DataExtraction/ENV/lib/python3.8/site-packages/airflow/example_dags/example_kubernetes_executor.py for tasks to queue
[2021-08-28 23:43:00,169] {logging_mixin.py:109} INFO - [2021-08-28 23:43:00,169] {dagbag.py:496} INFO - Filling up the DagBag from /home/paolo/Documents/Github/case-study-1-october2020-data-sweepers/DataExtraction/ENV/lib/python3.8/site-packages/airflow/example_dags/example_kubernetes_executor.py
[2021-08-28 23:43:00,180] {processor.py:623} INFO - DAG(s) dict_keys(['example_kubernetes_executor']) retrieved from /home/paolo/Documents/Github/case-study-1-october2020-data-sweepers/DataExtraction/ENV/lib/python3.8/site-packages/airflow/example_dags/example_kubernetes_executor.py
[2021-08-28 23:43:00,194] {logging_mixin.py:109} INFO - [2021-08-28 23:43:00,194] {dag.py:1833} INFO - Sync 1 DAGs
[2021-08-28 23:43:00,204] {logging_mixin.py:109} INFO - [2021-08-28 23:43:00,204] {dag.py:2306} INFO - Setting next_dagrun for example_kubernetes_executor to None
[2021-08-28 23:43:00,220] {processor.py:170} INFO - Processing /home/paolo/Documents/Github/case-study-1-october2020-data-sweepers/DataExtraction/ENV/lib/python3.8/site-packages/airflow/example_dags/example_kubernetes_executor.py took 0.055 seconds
[2021-08-28 23:43:33,708] {processor.py:162} INFO - Started process (PID=14391) to work on /home/paolo/Documents/Github/case-study-1-october2020-data-sweepers/DataExtraction/ENV/lib/python3.8/site-packages/airflow/example_dags/example_kubernetes_executor.py
[2021-08-28 23:43:33,709] {processor.py:613} INFO - Processing file /home/paolo/Documents/Github/case-study-1-october2020-data-sweepers/DataExtraction/ENV/lib/python3.8/site-packages/airflow/example_dags/example_kubernetes_executor.py for tasks to queue
[2021-08-28 23:43:33,710] {logging_mixin.py:109} INFO - [2021-08-28 23:43:33,710] {dagbag.py:496} INFO - Filling up the DagBag from /home/paolo/Documents/Github/case-study-1-october2020-data-sweepers/DataExtraction/ENV/lib/python3.8/site-packages/airflow/example_dags/example_kubernetes_executor.py
[2021-08-28 23:43:33,721] {processor.py:623} INFO - DAG(s) dict_keys(['example_kubernetes_executor']) retrieved from /home/paolo/Documents/Github/case-study-1-october2020-data-sweepers/DataExtraction/ENV/lib/python3.8/site-packages/airflow/example_dags/example_kubernetes_executor.py
[2021-08-28 23:43:33,732] {logging_mixin.py:109} INFO - [2021-08-28 23:43:33,732] {dag.py:1833} INFO - Sync 1 DAGs
[2021-08-28 23:43:33,741] {logging_mixin.py:109} INFO - [2021-08-28 23:43:33,741] {dag.py:2306} INFO - Setting next_dagrun for example_kubernetes_executor to None
[2021-08-28 23:43:33,758] {processor.py:170} INFO - Processing /home/paolo/Documents/Github/case-study-1-october2020-data-sweepers/DataExtraction/ENV/lib/python3.8/site-packages/airflow/example_dags/example_kubernetes_executor.py took 0.052 seconds
[2021-08-28 23:44:05,015] {processor.py:162} INFO - Started process (PID=14453) to work on /home/paolo/Documents/Github/case-study-1-october2020-data-sweepers/DataExtraction/ENV/lib/python3.8/site-packages/airflow/example_dags/example_kubernetes_executor.py
[2021-08-28 23:44:05,018] {processor.py:613} INFO - Processing file /home/paolo/Documents/Github/case-study-1-october2020-data-sweepers/DataExtraction/ENV/lib/python3.8/site-packages/airflow/example_dags/example_kubernetes_executor.py for tasks to queue
[2021-08-28 23:44:05,019] {logging_mixin.py:109} INFO - [2021-08-28 23:44:05,019] {dagbag.py:496} INFO - Filling up the DagBag from /home/paolo/Documents/Github/case-study-1-october2020-data-sweepers/DataExtraction/ENV/lib/python3.8/site-packages/airflow/example_dags/example_kubernetes_executor.py
[2021-08-28 23:44:05,044] {processor.py:623} INFO - DAG(s) dict_keys(['example_kubernetes_executor']) retrieved from /home/paolo/Documents/Github/case-study-1-october2020-data-sweepers/DataExtraction/ENV/lib/python3.8/site-packages/airflow/example_dags/example_kubernetes_executor.py
[2021-08-28 23:44:05,078] {logging_mixin.py:109} INFO - [2021-08-28 23:44:05,077] {dag.py:1833} INFO - Sync 1 DAGs
[2021-08-28 23:44:05,100] {logging_mixin.py:109} INFO - [2021-08-28 23:44:05,100] {dag.py:2306} INFO - Setting next_dagrun for example_kubernetes_executor to None
[2021-08-28 23:44:05,125] {processor.py:170} INFO - Processing /home/paolo/Documents/Github/case-study-1-october2020-data-sweepers/DataExtraction/ENV/lib/python3.8/site-packages/airflow/example_dags/example_kubernetes_executor.py took 0.113 seconds
[2021-08-28 23:44:39,751] {processor.py:162} INFO - Started process (PID=14533) to work on /home/paolo/Documents/Github/case-study-1-october2020-data-sweepers/DataExtraction/ENV/lib/python3.8/site-packages/airflow/example_dags/example_kubernetes_executor.py
[2021-08-28 23:44:39,753] {processor.py:613} INFO - Processing file /home/paolo/Documents/Github/case-study-1-october2020-data-sweepers/DataExtraction/ENV/lib/python3.8/site-packages/airflow/example_dags/example_kubernetes_executor.py for tasks to queue
[2021-08-28 23:44:39,754] {logging_mixin.py:109} INFO - [2021-08-28 23:44:39,753] {dagbag.py:496} INFO - Filling up the DagBag from /home/paolo/Documents/Github/case-study-1-october2020-data-sweepers/DataExtraction/ENV/lib/python3.8/site-packages/airflow/example_dags/example_kubernetes_executor.py
[2021-08-28 23:44:39,780] {processor.py:623} INFO - DAG(s) dict_keys(['example_kubernetes_executor']) retrieved from /home/paolo/Documents/Github/case-study-1-october2020-data-sweepers/DataExtraction/ENV/lib/python3.8/site-packages/airflow/example_dags/example_kubernetes_executor.py
[2021-08-28 23:44:39,836] {logging_mixin.py:109} INFO - [2021-08-28 23:44:39,835] {dag.py:1833} INFO - Sync 1 DAGs
[2021-08-28 23:44:39,873] {logging_mixin.py:109} INFO - [2021-08-28 23:44:39,873] {dag.py:2306} INFO - Setting next_dagrun for example_kubernetes_executor to None
[2021-08-28 23:44:39,915] {processor.py:170} INFO - Processing /home/paolo/Documents/Github/case-study-1-october2020-data-sweepers/DataExtraction/ENV/lib/python3.8/site-packages/airflow/example_dags/example_kubernetes_executor.py took 0.169 seconds
[2021-08-28 23:45:19,285] {processor.py:162} INFO - Started process (PID=14598) to work on /home/paolo/Documents/Github/case-study-1-october2020-data-sweepers/DataExtraction/ENV/lib/python3.8/site-packages/airflow/example_dags/example_kubernetes_executor.py
[2021-08-28 23:45:19,287] {processor.py:613} INFO - Processing file /home/paolo/Documents/Github/case-study-1-october2020-data-sweepers/DataExtraction/ENV/lib/python3.8/site-packages/airflow/example_dags/example_kubernetes_executor.py for tasks to queue
[2021-08-28 23:45:19,290] {logging_mixin.py:109} INFO - [2021-08-28 23:45:19,290] {dagbag.py:496} INFO - Filling up the DagBag from /home/paolo/Documents/Github/case-study-1-october2020-data-sweepers/DataExtraction/ENV/lib/python3.8/site-packages/airflow/example_dags/example_kubernetes_executor.py
[2021-08-28 23:45:19,312] {processor.py:623} INFO - DAG(s) dict_keys(['example_kubernetes_executor']) retrieved from /home/paolo/Documents/Github/case-study-1-october2020-data-sweepers/DataExtraction/ENV/lib/python3.8/site-packages/airflow/example_dags/example_kubernetes_executor.py
[2021-08-28 23:45:19,346] {logging_mixin.py:109} INFO - [2021-08-28 23:45:19,345] {dag.py:1833} INFO - Sync 1 DAGs
[2021-08-28 23:45:19,375] {logging_mixin.py:109} INFO - [2021-08-28 23:45:19,375] {dag.py:2306} INFO - Setting next_dagrun for example_kubernetes_executor to None
[2021-08-28 23:45:19,410] {processor.py:170} INFO - Processing /home/paolo/Documents/Github/case-study-1-october2020-data-sweepers/DataExtraction/ENV/lib/python3.8/site-packages/airflow/example_dags/example_kubernetes_executor.py took 0.129 seconds
[2021-08-28 23:46:00,483] {processor.py:162} INFO - Started process (PID=14667) to work on /home/paolo/Documents/Github/case-study-1-october2020-data-sweepers/DataExtraction/ENV/lib/python3.8/site-packages/airflow/example_dags/example_kubernetes_executor.py
[2021-08-28 23:46:00,485] {processor.py:613} INFO - Processing file /home/paolo/Documents/Github/case-study-1-october2020-data-sweepers/DataExtraction/ENV/lib/python3.8/site-packages/airflow/example_dags/example_kubernetes_executor.py for tasks to queue
[2021-08-28 23:46:00,487] {logging_mixin.py:109} INFO - [2021-08-28 23:46:00,487] {dagbag.py:496} INFO - Filling up the DagBag from /home/paolo/Documents/Github/case-study-1-october2020-data-sweepers/DataExtraction/ENV/lib/python3.8/site-packages/airflow/example_dags/example_kubernetes_executor.py
[2021-08-28 23:46:00,515] {processor.py:623} INFO - DAG(s) dict_keys(['example_kubernetes_executor']) retrieved from /home/paolo/Documents/Github/case-study-1-october2020-data-sweepers/DataExtraction/ENV/lib/python3.8/site-packages/airflow/example_dags/example_kubernetes_executor.py
[2021-08-28 23:46:00,570] {logging_mixin.py:109} INFO - [2021-08-28 23:46:00,570] {dag.py:1833} INFO - Sync 1 DAGs
[2021-08-28 23:46:00,603] {logging_mixin.py:109} INFO - [2021-08-28 23:46:00,603] {dag.py:2306} INFO - Setting next_dagrun for example_kubernetes_executor to None
[2021-08-28 23:46:00,647] {processor.py:170} INFO - Processing /home/paolo/Documents/Github/case-study-1-october2020-data-sweepers/DataExtraction/ENV/lib/python3.8/site-packages/airflow/example_dags/example_kubernetes_executor.py took 0.167 seconds
[2021-08-28 23:46:40,772] {processor.py:162} INFO - Started process (PID=14741) to work on /home/paolo/Documents/Github/case-study-1-october2020-data-sweepers/DataExtraction/ENV/lib/python3.8/site-packages/airflow/example_dags/example_kubernetes_executor.py
[2021-08-28 23:46:40,774] {processor.py:613} INFO - Processing file /home/paolo/Documents/Github/case-study-1-october2020-data-sweepers/DataExtraction/ENV/lib/python3.8/site-packages/airflow/example_dags/example_kubernetes_executor.py for tasks to queue
[2021-08-28 23:46:40,774] {logging_mixin.py:109} INFO - [2021-08-28 23:46:40,774] {dagbag.py:496} INFO - Filling up the DagBag from /home/paolo/Documents/Github/case-study-1-october2020-data-sweepers/DataExtraction/ENV/lib/python3.8/site-packages/airflow/example_dags/example_kubernetes_executor.py
[2021-08-28 23:46:40,801] {processor.py:623} INFO - DAG(s) dict_keys(['example_kubernetes_executor']) retrieved from /home/paolo/Documents/Github/case-study-1-october2020-data-sweepers/DataExtraction/ENV/lib/python3.8/site-packages/airflow/example_dags/example_kubernetes_executor.py
[2021-08-28 23:46:40,895] {logging_mixin.py:109} INFO - [2021-08-28 23:46:40,895] {dag.py:1833} INFO - Sync 1 DAGs
[2021-08-28 23:46:40,934] {logging_mixin.py:109} INFO - [2021-08-28 23:46:40,933] {dag.py:2306} INFO - Setting next_dagrun for example_kubernetes_executor to None
[2021-08-28 23:46:41,018] {processor.py:170} INFO - Processing /home/paolo/Documents/Github/case-study-1-october2020-data-sweepers/DataExtraction/ENV/lib/python3.8/site-packages/airflow/example_dags/example_kubernetes_executor.py took 0.250 seconds
[2021-08-28 23:47:18,314] {processor.py:162} INFO - Started process (PID=14830) to work on /home/paolo/Documents/Github/case-study-1-october2020-data-sweepers/DataExtraction/ENV/lib/python3.8/site-packages/airflow/example_dags/example_kubernetes_executor.py
[2021-08-28 23:47:18,315] {processor.py:613} INFO - Processing file /home/paolo/Documents/Github/case-study-1-october2020-data-sweepers/DataExtraction/ENV/lib/python3.8/site-packages/airflow/example_dags/example_kubernetes_executor.py for tasks to queue
[2021-08-28 23:47:18,316] {logging_mixin.py:109} INFO - [2021-08-28 23:47:18,316] {dagbag.py:496} INFO - Filling up the DagBag from /home/paolo/Documents/Github/case-study-1-october2020-data-sweepers/DataExtraction/ENV/lib/python3.8/site-packages/airflow/example_dags/example_kubernetes_executor.py
[2021-08-28 23:47:18,349] {processor.py:623} INFO - DAG(s) dict_keys(['example_kubernetes_executor']) retrieved from /home/paolo/Documents/Github/case-study-1-october2020-data-sweepers/DataExtraction/ENV/lib/python3.8/site-packages/airflow/example_dags/example_kubernetes_executor.py
[2021-08-28 23:47:18,392] {logging_mixin.py:109} INFO - [2021-08-28 23:47:18,392] {dag.py:1833} INFO - Sync 1 DAGs
[2021-08-28 23:47:18,418] {logging_mixin.py:109} INFO - [2021-08-28 23:47:18,418] {dag.py:2306} INFO - Setting next_dagrun for example_kubernetes_executor to None
[2021-08-28 23:47:18,444] {processor.py:170} INFO - Processing /home/paolo/Documents/Github/case-study-1-october2020-data-sweepers/DataExtraction/ENV/lib/python3.8/site-packages/airflow/example_dags/example_kubernetes_executor.py took 0.138 seconds
[2021-08-28 23:47:56,981] {processor.py:162} INFO - Started process (PID=14897) to work on /home/paolo/Documents/Github/case-study-1-october2020-data-sweepers/DataExtraction/ENV/lib/python3.8/site-packages/airflow/example_dags/example_kubernetes_executor.py
[2021-08-28 23:47:56,987] {processor.py:613} INFO - Processing file /home/paolo/Documents/Github/case-study-1-october2020-data-sweepers/DataExtraction/ENV/lib/python3.8/site-packages/airflow/example_dags/example_kubernetes_executor.py for tasks to queue
[2021-08-28 23:47:56,988] {logging_mixin.py:109} INFO - [2021-08-28 23:47:56,988] {dagbag.py:496} INFO - Filling up the DagBag from /home/paolo/Documents/Github/case-study-1-october2020-data-sweepers/DataExtraction/ENV/lib/python3.8/site-packages/airflow/example_dags/example_kubernetes_executor.py
[2021-08-28 23:47:57,015] {processor.py:623} INFO - DAG(s) dict_keys(['example_kubernetes_executor']) retrieved from /home/paolo/Documents/Github/case-study-1-october2020-data-sweepers/DataExtraction/ENV/lib/python3.8/site-packages/airflow/example_dags/example_kubernetes_executor.py
[2021-08-28 23:47:57,045] {logging_mixin.py:109} INFO - [2021-08-28 23:47:57,045] {dag.py:1833} INFO - Sync 1 DAGs
[2021-08-28 23:47:57,075] {logging_mixin.py:109} INFO - [2021-08-28 23:47:57,075] {dag.py:2306} INFO - Setting next_dagrun for example_kubernetes_executor to None
[2021-08-28 23:47:57,120] {processor.py:170} INFO - Processing /home/paolo/Documents/Github/case-study-1-october2020-data-sweepers/DataExtraction/ENV/lib/python3.8/site-packages/airflow/example_dags/example_kubernetes_executor.py took 0.143 seconds
[2021-08-28 23:48:39,011] {processor.py:162} INFO - Started process (PID=14966) to work on /home/paolo/Documents/Github/case-study-1-october2020-data-sweepers/DataExtraction/ENV/lib/python3.8/site-packages/airflow/example_dags/example_kubernetes_executor.py
[2021-08-28 23:48:39,013] {processor.py:613} INFO - Processing file /home/paolo/Documents/Github/case-study-1-october2020-data-sweepers/DataExtraction/ENV/lib/python3.8/site-packages/airflow/example_dags/example_kubernetes_executor.py for tasks to queue
[2021-08-28 23:48:39,014] {logging_mixin.py:109} INFO - [2021-08-28 23:48:39,013] {dagbag.py:496} INFO - Filling up the DagBag from /home/paolo/Documents/Github/case-study-1-october2020-data-sweepers/DataExtraction/ENV/lib/python3.8/site-packages/airflow/example_dags/example_kubernetes_executor.py
[2021-08-28 23:48:39,037] {processor.py:623} INFO - DAG(s) dict_keys(['example_kubernetes_executor']) retrieved from /home/paolo/Documents/Github/case-study-1-october2020-data-sweepers/DataExtraction/ENV/lib/python3.8/site-packages/airflow/example_dags/example_kubernetes_executor.py
[2021-08-28 23:48:39,067] {logging_mixin.py:109} INFO - [2021-08-28 23:48:39,066] {dag.py:1833} INFO - Sync 1 DAGs
[2021-08-28 23:48:39,094] {logging_mixin.py:109} INFO - [2021-08-28 23:48:39,094] {dag.py:2306} INFO - Setting next_dagrun for example_kubernetes_executor to None
[2021-08-28 23:48:39,124] {processor.py:170} INFO - Processing /home/paolo/Documents/Github/case-study-1-october2020-data-sweepers/DataExtraction/ENV/lib/python3.8/site-packages/airflow/example_dags/example_kubernetes_executor.py took 0.121 seconds
[2021-08-28 23:49:17,142] {processor.py:162} INFO - Started process (PID=15079) to work on /home/paolo/Documents/Github/case-study-1-october2020-data-sweepers/DataExtraction/ENV/lib/python3.8/site-packages/airflow/example_dags/example_kubernetes_executor.py
[2021-08-28 23:49:17,148] {processor.py:613} INFO - Processing file /home/paolo/Documents/Github/case-study-1-october2020-data-sweepers/DataExtraction/ENV/lib/python3.8/site-packages/airflow/example_dags/example_kubernetes_executor.py for tasks to queue
[2021-08-28 23:49:17,153] {logging_mixin.py:109} INFO - [2021-08-28 23:49:17,153] {dagbag.py:496} INFO - Filling up the DagBag from /home/paolo/Documents/Github/case-study-1-october2020-data-sweepers/DataExtraction/ENV/lib/python3.8/site-packages/airflow/example_dags/example_kubernetes_executor.py
[2021-08-28 23:49:17,264] {processor.py:623} INFO - DAG(s) dict_keys(['example_kubernetes_executor']) retrieved from /home/paolo/Documents/Github/case-study-1-october2020-data-sweepers/DataExtraction/ENV/lib/python3.8/site-packages/airflow/example_dags/example_kubernetes_executor.py
[2021-08-28 23:49:17,376] {logging_mixin.py:109} INFO - [2021-08-28 23:49:17,376] {dag.py:1833} INFO - Sync 1 DAGs
[2021-08-28 23:49:17,427] {logging_mixin.py:109} INFO - [2021-08-28 23:49:17,427] {dag.py:2306} INFO - Setting next_dagrun for example_kubernetes_executor to None
[2021-08-28 23:49:17,468] {processor.py:170} INFO - Processing /home/paolo/Documents/Github/case-study-1-october2020-data-sweepers/DataExtraction/ENV/lib/python3.8/site-packages/airflow/example_dags/example_kubernetes_executor.py took 0.340 seconds
[2021-08-28 23:49:55,817] {processor.py:162} INFO - Started process (PID=15158) to work on /home/paolo/Documents/Github/case-study-1-october2020-data-sweepers/DataExtraction/ENV/lib/python3.8/site-packages/airflow/example_dags/example_kubernetes_executor.py
[2021-08-28 23:49:55,818] {processor.py:613} INFO - Processing file /home/paolo/Documents/Github/case-study-1-october2020-data-sweepers/DataExtraction/ENV/lib/python3.8/site-packages/airflow/example_dags/example_kubernetes_executor.py for tasks to queue
[2021-08-28 23:49:55,819] {logging_mixin.py:109} INFO - [2021-08-28 23:49:55,819] {dagbag.py:496} INFO - Filling up the DagBag from /home/paolo/Documents/Github/case-study-1-october2020-data-sweepers/DataExtraction/ENV/lib/python3.8/site-packages/airflow/example_dags/example_kubernetes_executor.py
[2021-08-28 23:49:55,837] {processor.py:623} INFO - DAG(s) dict_keys(['example_kubernetes_executor']) retrieved from /home/paolo/Documents/Github/case-study-1-october2020-data-sweepers/DataExtraction/ENV/lib/python3.8/site-packages/airflow/example_dags/example_kubernetes_executor.py
[2021-08-28 23:49:55,852] {logging_mixin.py:109} INFO - [2021-08-28 23:49:55,852] {dag.py:1833} INFO - Sync 1 DAGs
[2021-08-28 23:49:55,870] {logging_mixin.py:109} INFO - [2021-08-28 23:49:55,870] {dag.py:2306} INFO - Setting next_dagrun for example_kubernetes_executor to None
[2021-08-28 23:49:55,890] {processor.py:170} INFO - Processing /home/paolo/Documents/Github/case-study-1-october2020-data-sweepers/DataExtraction/ENV/lib/python3.8/site-packages/airflow/example_dags/example_kubernetes_executor.py took 0.077 seconds
[2021-08-28 23:50:29,676] {processor.py:162} INFO - Started process (PID=15236) to work on /home/paolo/Documents/Github/case-study-1-october2020-data-sweepers/DataExtraction/ENV/lib/python3.8/site-packages/airflow/example_dags/example_kubernetes_executor.py
[2021-08-28 23:50:29,677] {processor.py:613} INFO - Processing file /home/paolo/Documents/Github/case-study-1-october2020-data-sweepers/DataExtraction/ENV/lib/python3.8/site-packages/airflow/example_dags/example_kubernetes_executor.py for tasks to queue
[2021-08-28 23:50:29,677] {logging_mixin.py:109} INFO - [2021-08-28 23:50:29,677] {dagbag.py:496} INFO - Filling up the DagBag from /home/paolo/Documents/Github/case-study-1-october2020-data-sweepers/DataExtraction/ENV/lib/python3.8/site-packages/airflow/example_dags/example_kubernetes_executor.py
[2021-08-28 23:50:29,694] {processor.py:623} INFO - DAG(s) dict_keys(['example_kubernetes_executor']) retrieved from /home/paolo/Documents/Github/case-study-1-october2020-data-sweepers/DataExtraction/ENV/lib/python3.8/site-packages/airflow/example_dags/example_kubernetes_executor.py
[2021-08-28 23:50:29,710] {logging_mixin.py:109} INFO - [2021-08-28 23:50:29,709] {dag.py:1833} INFO - Sync 1 DAGs
[2021-08-28 23:50:29,727] {logging_mixin.py:109} INFO - [2021-08-28 23:50:29,727] {dag.py:2306} INFO - Setting next_dagrun for example_kubernetes_executor to None
[2021-08-28 23:50:29,751] {processor.py:170} INFO - Processing /home/paolo/Documents/Github/case-study-1-october2020-data-sweepers/DataExtraction/ENV/lib/python3.8/site-packages/airflow/example_dags/example_kubernetes_executor.py took 0.078 seconds
[2021-08-28 23:51:03,009] {processor.py:162} INFO - Started process (PID=15298) to work on /home/paolo/Documents/Github/case-study-1-october2020-data-sweepers/DataExtraction/ENV/lib/python3.8/site-packages/airflow/example_dags/example_kubernetes_executor.py
[2021-08-28 23:51:03,010] {processor.py:613} INFO - Processing file /home/paolo/Documents/Github/case-study-1-october2020-data-sweepers/DataExtraction/ENV/lib/python3.8/site-packages/airflow/example_dags/example_kubernetes_executor.py for tasks to queue
[2021-08-28 23:51:03,011] {logging_mixin.py:109} INFO - [2021-08-28 23:51:03,011] {dagbag.py:496} INFO - Filling up the DagBag from /home/paolo/Documents/Github/case-study-1-october2020-data-sweepers/DataExtraction/ENV/lib/python3.8/site-packages/airflow/example_dags/example_kubernetes_executor.py
[2021-08-28 23:51:03,035] {processor.py:623} INFO - DAG(s) dict_keys(['example_kubernetes_executor']) retrieved from /home/paolo/Documents/Github/case-study-1-october2020-data-sweepers/DataExtraction/ENV/lib/python3.8/site-packages/airflow/example_dags/example_kubernetes_executor.py
[2021-08-28 23:51:03,055] {logging_mixin.py:109} INFO - [2021-08-28 23:51:03,055] {dag.py:1833} INFO - Sync 1 DAGs
[2021-08-28 23:51:03,069] {logging_mixin.py:109} INFO - [2021-08-28 23:51:03,069] {dag.py:2306} INFO - Setting next_dagrun for example_kubernetes_executor to None
[2021-08-28 23:51:03,097] {processor.py:170} INFO - Processing /home/paolo/Documents/Github/case-study-1-october2020-data-sweepers/DataExtraction/ENV/lib/python3.8/site-packages/airflow/example_dags/example_kubernetes_executor.py took 0.092 seconds
[2021-08-28 23:51:37,936] {processor.py:162} INFO - Started process (PID=15385) to work on /home/paolo/Documents/Github/case-study-1-october2020-data-sweepers/DataExtraction/ENV/lib/python3.8/site-packages/airflow/example_dags/example_kubernetes_executor.py
[2021-08-28 23:51:37,937] {processor.py:613} INFO - Processing file /home/paolo/Documents/Github/case-study-1-october2020-data-sweepers/DataExtraction/ENV/lib/python3.8/site-packages/airflow/example_dags/example_kubernetes_executor.py for tasks to queue
[2021-08-28 23:51:37,938] {logging_mixin.py:109} INFO - [2021-08-28 23:51:37,938] {dagbag.py:496} INFO - Filling up the DagBag from /home/paolo/Documents/Github/case-study-1-october2020-data-sweepers/DataExtraction/ENV/lib/python3.8/site-packages/airflow/example_dags/example_kubernetes_executor.py
[2021-08-28 23:51:37,950] {processor.py:623} INFO - DAG(s) dict_keys(['example_kubernetes_executor']) retrieved from /home/paolo/Documents/Github/case-study-1-october2020-data-sweepers/DataExtraction/ENV/lib/python3.8/site-packages/airflow/example_dags/example_kubernetes_executor.py
[2021-08-28 23:51:37,962] {logging_mixin.py:109} INFO - [2021-08-28 23:51:37,962] {dag.py:1833} INFO - Sync 1 DAGs
[2021-08-28 23:51:37,972] {logging_mixin.py:109} INFO - [2021-08-28 23:51:37,972] {dag.py:2306} INFO - Setting next_dagrun for example_kubernetes_executor to None
[2021-08-28 23:51:37,991] {processor.py:170} INFO - Processing /home/paolo/Documents/Github/case-study-1-october2020-data-sweepers/DataExtraction/ENV/lib/python3.8/site-packages/airflow/example_dags/example_kubernetes_executor.py took 0.057 seconds
[2021-08-28 23:52:11,213] {processor.py:162} INFO - Started process (PID=15473) to work on /home/paolo/Documents/Github/case-study-1-october2020-data-sweepers/DataExtraction/ENV/lib/python3.8/site-packages/airflow/example_dags/example_kubernetes_executor.py
[2021-08-28 23:52:11,215] {processor.py:613} INFO - Processing file /home/paolo/Documents/Github/case-study-1-october2020-data-sweepers/DataExtraction/ENV/lib/python3.8/site-packages/airflow/example_dags/example_kubernetes_executor.py for tasks to queue
[2021-08-28 23:52:11,215] {logging_mixin.py:109} INFO - [2021-08-28 23:52:11,215] {dagbag.py:496} INFO - Filling up the DagBag from /home/paolo/Documents/Github/case-study-1-october2020-data-sweepers/DataExtraction/ENV/lib/python3.8/site-packages/airflow/example_dags/example_kubernetes_executor.py
[2021-08-28 23:52:11,227] {processor.py:623} INFO - DAG(s) dict_keys(['example_kubernetes_executor']) retrieved from /home/paolo/Documents/Github/case-study-1-october2020-data-sweepers/DataExtraction/ENV/lib/python3.8/site-packages/airflow/example_dags/example_kubernetes_executor.py
[2021-08-28 23:52:11,239] {logging_mixin.py:109} INFO - [2021-08-28 23:52:11,239] {dag.py:1833} INFO - Sync 1 DAGs
[2021-08-28 23:52:11,249] {logging_mixin.py:109} INFO - [2021-08-28 23:52:11,249] {dag.py:2306} INFO - Setting next_dagrun for example_kubernetes_executor to None
[2021-08-28 23:52:11,267] {processor.py:170} INFO - Processing /home/paolo/Documents/Github/case-study-1-october2020-data-sweepers/DataExtraction/ENV/lib/python3.8/site-packages/airflow/example_dags/example_kubernetes_executor.py took 0.056 seconds
[2021-08-28 23:52:45,547] {processor.py:162} INFO - Started process (PID=15585) to work on /home/paolo/Documents/Github/case-study-1-october2020-data-sweepers/DataExtraction/ENV/lib/python3.8/site-packages/airflow/example_dags/example_kubernetes_executor.py
[2021-08-28 23:52:45,548] {processor.py:613} INFO - Processing file /home/paolo/Documents/Github/case-study-1-october2020-data-sweepers/DataExtraction/ENV/lib/python3.8/site-packages/airflow/example_dags/example_kubernetes_executor.py for tasks to queue
[2021-08-28 23:52:45,549] {logging_mixin.py:109} INFO - [2021-08-28 23:52:45,549] {dagbag.py:496} INFO - Filling up the DagBag from /home/paolo/Documents/Github/case-study-1-october2020-data-sweepers/DataExtraction/ENV/lib/python3.8/site-packages/airflow/example_dags/example_kubernetes_executor.py
[2021-08-28 23:52:45,562] {processor.py:623} INFO - DAG(s) dict_keys(['example_kubernetes_executor']) retrieved from /home/paolo/Documents/Github/case-study-1-october2020-data-sweepers/DataExtraction/ENV/lib/python3.8/site-packages/airflow/example_dags/example_kubernetes_executor.py
[2021-08-28 23:52:45,575] {logging_mixin.py:109} INFO - [2021-08-28 23:52:45,575] {dag.py:1833} INFO - Sync 1 DAGs
[2021-08-28 23:52:45,585] {logging_mixin.py:109} INFO - [2021-08-28 23:52:45,585] {dag.py:2306} INFO - Setting next_dagrun for example_kubernetes_executor to None
[2021-08-28 23:52:45,602] {processor.py:170} INFO - Processing /home/paolo/Documents/Github/case-study-1-october2020-data-sweepers/DataExtraction/ENV/lib/python3.8/site-packages/airflow/example_dags/example_kubernetes_executor.py took 0.058 seconds
[2021-08-28 23:53:17,730] {processor.py:162} INFO - Started process (PID=15658) to work on /home/paolo/Documents/Github/case-study-1-october2020-data-sweepers/DataExtraction/ENV/lib/python3.8/site-packages/airflow/example_dags/example_kubernetes_executor.py
[2021-08-28 23:53:17,733] {processor.py:613} INFO - Processing file /home/paolo/Documents/Github/case-study-1-october2020-data-sweepers/DataExtraction/ENV/lib/python3.8/site-packages/airflow/example_dags/example_kubernetes_executor.py for tasks to queue
[2021-08-28 23:53:17,736] {logging_mixin.py:109} INFO - [2021-08-28 23:53:17,735] {dagbag.py:496} INFO - Filling up the DagBag from /home/paolo/Documents/Github/case-study-1-october2020-data-sweepers/DataExtraction/ENV/lib/python3.8/site-packages/airflow/example_dags/example_kubernetes_executor.py
[2021-08-28 23:53:17,776] {processor.py:623} INFO - DAG(s) dict_keys(['example_kubernetes_executor']) retrieved from /home/paolo/Documents/Github/case-study-1-october2020-data-sweepers/DataExtraction/ENV/lib/python3.8/site-packages/airflow/example_dags/example_kubernetes_executor.py
[2021-08-28 23:53:17,796] {logging_mixin.py:109} INFO - [2021-08-28 23:53:17,796] {dag.py:1833} INFO - Sync 1 DAGs
[2021-08-28 23:53:17,809] {logging_mixin.py:109} INFO - [2021-08-28 23:53:17,809] {dag.py:2306} INFO - Setting next_dagrun for example_kubernetes_executor to None
[2021-08-28 23:53:17,821] {processor.py:170} INFO - Processing /home/paolo/Documents/Github/case-study-1-october2020-data-sweepers/DataExtraction/ENV/lib/python3.8/site-packages/airflow/example_dags/example_kubernetes_executor.py took 0.099 seconds
[2021-08-28 23:53:48,104] {processor.py:162} INFO - Started process (PID=15841) to work on /home/paolo/Documents/Github/case-study-1-october2020-data-sweepers/DataExtraction/ENV/lib/python3.8/site-packages/airflow/example_dags/example_kubernetes_executor.py
[2021-08-28 23:53:48,106] {processor.py:613} INFO - Processing file /home/paolo/Documents/Github/case-study-1-october2020-data-sweepers/DataExtraction/ENV/lib/python3.8/site-packages/airflow/example_dags/example_kubernetes_executor.py for tasks to queue
[2021-08-28 23:53:48,107] {logging_mixin.py:109} INFO - [2021-08-28 23:53:48,107] {dagbag.py:496} INFO - Filling up the DagBag from /home/paolo/Documents/Github/case-study-1-october2020-data-sweepers/DataExtraction/ENV/lib/python3.8/site-packages/airflow/example_dags/example_kubernetes_executor.py
[2021-08-28 23:53:48,122] {processor.py:623} INFO - DAG(s) dict_keys(['example_kubernetes_executor']) retrieved from /home/paolo/Documents/Github/case-study-1-october2020-data-sweepers/DataExtraction/ENV/lib/python3.8/site-packages/airflow/example_dags/example_kubernetes_executor.py
[2021-08-28 23:53:48,142] {logging_mixin.py:109} INFO - [2021-08-28 23:53:48,142] {dag.py:1833} INFO - Sync 1 DAGs
[2021-08-28 23:53:48,158] {logging_mixin.py:109} INFO - [2021-08-28 23:53:48,158] {dag.py:2306} INFO - Setting next_dagrun for example_kubernetes_executor to None
[2021-08-28 23:53:48,176] {processor.py:170} INFO - Processing /home/paolo/Documents/Github/case-study-1-october2020-data-sweepers/DataExtraction/ENV/lib/python3.8/site-packages/airflow/example_dags/example_kubernetes_executor.py took 0.075 seconds
[2021-08-28 23:56:02,252] {processor.py:162} INFO - Started process (PID=16302) to work on /home/paolo/Documents/Github/case-study-1-october2020-data-sweepers/DataExtraction/ENV/lib/python3.8/site-packages/airflow/example_dags/example_kubernetes_executor.py
[2021-08-28 23:56:02,253] {processor.py:613} INFO - Processing file /home/paolo/Documents/Github/case-study-1-october2020-data-sweepers/DataExtraction/ENV/lib/python3.8/site-packages/airflow/example_dags/example_kubernetes_executor.py for tasks to queue
[2021-08-28 23:56:02,254] {logging_mixin.py:109} INFO - [2021-08-28 23:56:02,254] {dagbag.py:496} INFO - Filling up the DagBag from /home/paolo/Documents/Github/case-study-1-october2020-data-sweepers/DataExtraction/ENV/lib/python3.8/site-packages/airflow/example_dags/example_kubernetes_executor.py
[2021-08-28 23:56:02,283] {processor.py:623} INFO - DAG(s) dict_keys(['example_kubernetes_executor']) retrieved from /home/paolo/Documents/Github/case-study-1-october2020-data-sweepers/DataExtraction/ENV/lib/python3.8/site-packages/airflow/example_dags/example_kubernetes_executor.py
[2021-08-28 23:56:02,330] {logging_mixin.py:109} INFO - [2021-08-28 23:56:02,330] {dag.py:1833} INFO - Sync 1 DAGs
[2021-08-28 23:56:02,366] {logging_mixin.py:109} INFO - [2021-08-28 23:56:02,366] {dag.py:2306} INFO - Setting next_dagrun for example_kubernetes_executor to None
[2021-08-28 23:56:02,393] {processor.py:170} INFO - Processing /home/paolo/Documents/Github/case-study-1-october2020-data-sweepers/DataExtraction/ENV/lib/python3.8/site-packages/airflow/example_dags/example_kubernetes_executor.py took 0.155 seconds
[2021-08-28 23:56:42,668] {processor.py:162} INFO - Started process (PID=16590) to work on /home/paolo/Documents/Github/case-study-1-october2020-data-sweepers/DataExtraction/ENV/lib/python3.8/site-packages/airflow/example_dags/example_kubernetes_executor.py
[2021-08-28 23:56:42,671] {processor.py:613} INFO - Processing file /home/paolo/Documents/Github/case-study-1-october2020-data-sweepers/DataExtraction/ENV/lib/python3.8/site-packages/airflow/example_dags/example_kubernetes_executor.py for tasks to queue
[2021-08-28 23:56:42,673] {logging_mixin.py:109} INFO - [2021-08-28 23:56:42,673] {dagbag.py:496} INFO - Filling up the DagBag from /home/paolo/Documents/Github/case-study-1-october2020-data-sweepers/DataExtraction/ENV/lib/python3.8/site-packages/airflow/example_dags/example_kubernetes_executor.py
[2021-08-28 23:56:42,714] {processor.py:623} INFO - DAG(s) dict_keys(['example_kubernetes_executor']) retrieved from /home/paolo/Documents/Github/case-study-1-october2020-data-sweepers/DataExtraction/ENV/lib/python3.8/site-packages/airflow/example_dags/example_kubernetes_executor.py
[2021-08-28 23:56:42,737] {logging_mixin.py:109} INFO - [2021-08-28 23:56:42,737] {dag.py:1833} INFO - Sync 1 DAGs
[2021-08-28 23:56:42,754] {logging_mixin.py:109} INFO - [2021-08-28 23:56:42,754] {dag.py:2306} INFO - Setting next_dagrun for example_kubernetes_executor to None
[2021-08-28 23:56:42,777] {processor.py:170} INFO - Processing /home/paolo/Documents/Github/case-study-1-october2020-data-sweepers/DataExtraction/ENV/lib/python3.8/site-packages/airflow/example_dags/example_kubernetes_executor.py took 0.118 seconds
[2021-08-28 23:57:21,688] {processor.py:162} INFO - Started process (PID=16917) to work on /home/paolo/Documents/Github/case-study-1-october2020-data-sweepers/DataExtraction/ENV/lib/python3.8/site-packages/airflow/example_dags/example_kubernetes_executor.py
[2021-08-28 23:57:21,690] {processor.py:613} INFO - Processing file /home/paolo/Documents/Github/case-study-1-october2020-data-sweepers/DataExtraction/ENV/lib/python3.8/site-packages/airflow/example_dags/example_kubernetes_executor.py for tasks to queue
[2021-08-28 23:57:21,692] {logging_mixin.py:109} INFO - [2021-08-28 23:57:21,692] {dagbag.py:496} INFO - Filling up the DagBag from /home/paolo/Documents/Github/case-study-1-october2020-data-sweepers/DataExtraction/ENV/lib/python3.8/site-packages/airflow/example_dags/example_kubernetes_executor.py
[2021-08-28 23:57:21,715] {processor.py:623} INFO - DAG(s) dict_keys(['example_kubernetes_executor']) retrieved from /home/paolo/Documents/Github/case-study-1-october2020-data-sweepers/DataExtraction/ENV/lib/python3.8/site-packages/airflow/example_dags/example_kubernetes_executor.py
[2021-08-28 23:57:21,737] {logging_mixin.py:109} INFO - [2021-08-28 23:57:21,737] {dag.py:1833} INFO - Sync 1 DAGs
[2021-08-28 23:57:21,764] {logging_mixin.py:109} INFO - [2021-08-28 23:57:21,763] {dag.py:2306} INFO - Setting next_dagrun for example_kubernetes_executor to None
[2021-08-28 23:57:21,802] {processor.py:170} INFO - Processing /home/paolo/Documents/Github/case-study-1-october2020-data-sweepers/DataExtraction/ENV/lib/python3.8/site-packages/airflow/example_dags/example_kubernetes_executor.py took 0.118 seconds
[2021-08-28 23:58:01,468] {processor.py:162} INFO - Started process (PID=17261) to work on /home/paolo/Documents/Github/case-study-1-october2020-data-sweepers/DataExtraction/ENV/lib/python3.8/site-packages/airflow/example_dags/example_kubernetes_executor.py
[2021-08-28 23:58:01,469] {processor.py:613} INFO - Processing file /home/paolo/Documents/Github/case-study-1-october2020-data-sweepers/DataExtraction/ENV/lib/python3.8/site-packages/airflow/example_dags/example_kubernetes_executor.py for tasks to queue
[2021-08-28 23:58:01,470] {logging_mixin.py:109} INFO - [2021-08-28 23:58:01,470] {dagbag.py:496} INFO - Filling up the DagBag from /home/paolo/Documents/Github/case-study-1-october2020-data-sweepers/DataExtraction/ENV/lib/python3.8/site-packages/airflow/example_dags/example_kubernetes_executor.py
[2021-08-28 23:58:01,485] {processor.py:623} INFO - DAG(s) dict_keys(['example_kubernetes_executor']) retrieved from /home/paolo/Documents/Github/case-study-1-october2020-data-sweepers/DataExtraction/ENV/lib/python3.8/site-packages/airflow/example_dags/example_kubernetes_executor.py
[2021-08-28 23:58:01,498] {logging_mixin.py:109} INFO - [2021-08-28 23:58:01,498] {dag.py:1833} INFO - Sync 1 DAGs
[2021-08-28 23:58:01,510] {logging_mixin.py:109} INFO - [2021-08-28 23:58:01,510] {dag.py:2306} INFO - Setting next_dagrun for example_kubernetes_executor to None
[2021-08-28 23:58:01,529] {processor.py:170} INFO - Processing /home/paolo/Documents/Github/case-study-1-october2020-data-sweepers/DataExtraction/ENV/lib/python3.8/site-packages/airflow/example_dags/example_kubernetes_executor.py took 0.063 seconds
[2021-08-28 23:58:38,516] {processor.py:162} INFO - Started process (PID=17529) to work on /home/paolo/Documents/Github/case-study-1-october2020-data-sweepers/DataExtraction/ENV/lib/python3.8/site-packages/airflow/example_dags/example_kubernetes_executor.py
[2021-08-28 23:58:38,522] {processor.py:613} INFO - Processing file /home/paolo/Documents/Github/case-study-1-october2020-data-sweepers/DataExtraction/ENV/lib/python3.8/site-packages/airflow/example_dags/example_kubernetes_executor.py for tasks to queue
[2021-08-28 23:58:38,523] {logging_mixin.py:109} INFO - [2021-08-28 23:58:38,522] {dagbag.py:496} INFO - Filling up the DagBag from /home/paolo/Documents/Github/case-study-1-october2020-data-sweepers/DataExtraction/ENV/lib/python3.8/site-packages/airflow/example_dags/example_kubernetes_executor.py
[2021-08-28 23:58:38,540] {processor.py:623} INFO - DAG(s) dict_keys(['example_kubernetes_executor']) retrieved from /home/paolo/Documents/Github/case-study-1-october2020-data-sweepers/DataExtraction/ENV/lib/python3.8/site-packages/airflow/example_dags/example_kubernetes_executor.py
[2021-08-28 23:58:38,565] {logging_mixin.py:109} INFO - [2021-08-28 23:58:38,564] {dag.py:1833} INFO - Sync 1 DAGs
[2021-08-28 23:58:38,586] {logging_mixin.py:109} INFO - [2021-08-28 23:58:38,586] {dag.py:2306} INFO - Setting next_dagrun for example_kubernetes_executor to None
[2021-08-28 23:58:38,607] {processor.py:170} INFO - Processing /home/paolo/Documents/Github/case-study-1-october2020-data-sweepers/DataExtraction/ENV/lib/python3.8/site-packages/airflow/example_dags/example_kubernetes_executor.py took 0.095 seconds
