[2021-08-28 23:37:33,172] {processor.py:162} INFO - Started process (PID=13116) to work on /home/paolo/Documents/Github/case-study-1-october2020-data-sweepers/DataExtraction/ENV/lib/python3.8/site-packages/airflow/example_dags/example_nested_branch_dag.py
[2021-08-28 23:37:33,174] {processor.py:613} INFO - Processing file /home/paolo/Documents/Github/case-study-1-october2020-data-sweepers/DataExtraction/ENV/lib/python3.8/site-packages/airflow/example_dags/example_nested_branch_dag.py for tasks to queue
[2021-08-28 23:37:33,174] {logging_mixin.py:109} INFO - [2021-08-28 23:37:33,174] {dagbag.py:496} INFO - Filling up the DagBag from /home/paolo/Documents/Github/case-study-1-october2020-data-sweepers/DataExtraction/ENV/lib/python3.8/site-packages/airflow/example_dags/example_nested_branch_dag.py
[2021-08-28 23:37:33,209] {processor.py:623} INFO - DAG(s) dict_keys(['example_nested_branch_dag']) retrieved from /home/paolo/Documents/Github/case-study-1-october2020-data-sweepers/DataExtraction/ENV/lib/python3.8/site-packages/airflow/example_dags/example_nested_branch_dag.py
[2021-08-28 23:37:33,229] {logging_mixin.py:109} INFO - [2021-08-28 23:37:33,228] {dag.py:1833} INFO - Sync 1 DAGs
[2021-08-28 23:37:33,249] {logging_mixin.py:109} INFO - [2021-08-28 23:37:33,249] {dag.py:2306} INFO - Setting next_dagrun for example_nested_branch_dag to 2021-08-26 00:00:00+00:00
[2021-08-28 23:37:33,269] {processor.py:170} INFO - Processing /home/paolo/Documents/Github/case-study-1-october2020-data-sweepers/DataExtraction/ENV/lib/python3.8/site-packages/airflow/example_dags/example_nested_branch_dag.py took 0.100 seconds
[2021-08-28 23:38:12,390] {processor.py:162} INFO - Started process (PID=13269) to work on /home/paolo/Documents/Github/case-study-1-october2020-data-sweepers/DataExtraction/ENV/lib/python3.8/site-packages/airflow/example_dags/example_nested_branch_dag.py
[2021-08-28 23:38:12,402] {processor.py:613} INFO - Processing file /home/paolo/Documents/Github/case-study-1-october2020-data-sweepers/DataExtraction/ENV/lib/python3.8/site-packages/airflow/example_dags/example_nested_branch_dag.py for tasks to queue
[2021-08-28 23:38:12,403] {logging_mixin.py:109} INFO - [2021-08-28 23:38:12,403] {dagbag.py:496} INFO - Filling up the DagBag from /home/paolo/Documents/Github/case-study-1-october2020-data-sweepers/DataExtraction/ENV/lib/python3.8/site-packages/airflow/example_dags/example_nested_branch_dag.py
[2021-08-28 23:38:12,442] {processor.py:623} INFO - DAG(s) dict_keys(['example_nested_branch_dag']) retrieved from /home/paolo/Documents/Github/case-study-1-october2020-data-sweepers/DataExtraction/ENV/lib/python3.8/site-packages/airflow/example_dags/example_nested_branch_dag.py
[2021-08-28 23:38:12,482] {logging_mixin.py:109} INFO - [2021-08-28 23:38:12,482] {dag.py:1833} INFO - Sync 1 DAGs
[2021-08-28 23:38:12,517] {logging_mixin.py:109} INFO - [2021-08-28 23:38:12,516] {dag.py:2306} INFO - Setting next_dagrun for example_nested_branch_dag to 2021-08-26 00:00:00+00:00
[2021-08-28 23:38:12,548] {processor.py:170} INFO - Processing /home/paolo/Documents/Github/case-study-1-october2020-data-sweepers/DataExtraction/ENV/lib/python3.8/site-packages/airflow/example_dags/example_nested_branch_dag.py took 0.165 seconds
[2021-08-28 23:38:51,668] {processor.py:162} INFO - Started process (PID=13348) to work on /home/paolo/Documents/Github/case-study-1-october2020-data-sweepers/DataExtraction/ENV/lib/python3.8/site-packages/airflow/example_dags/example_nested_branch_dag.py
[2021-08-28 23:38:51,671] {processor.py:613} INFO - Processing file /home/paolo/Documents/Github/case-study-1-october2020-data-sweepers/DataExtraction/ENV/lib/python3.8/site-packages/airflow/example_dags/example_nested_branch_dag.py for tasks to queue
[2021-08-28 23:38:51,673] {logging_mixin.py:109} INFO - [2021-08-28 23:38:51,671] {dagbag.py:496} INFO - Filling up the DagBag from /home/paolo/Documents/Github/case-study-1-october2020-data-sweepers/DataExtraction/ENV/lib/python3.8/site-packages/airflow/example_dags/example_nested_branch_dag.py
[2021-08-28 23:38:51,691] {processor.py:623} INFO - DAG(s) dict_keys(['example_nested_branch_dag']) retrieved from /home/paolo/Documents/Github/case-study-1-october2020-data-sweepers/DataExtraction/ENV/lib/python3.8/site-packages/airflow/example_dags/example_nested_branch_dag.py
[2021-08-28 23:38:51,708] {logging_mixin.py:109} INFO - [2021-08-28 23:38:51,707] {dag.py:1833} INFO - Sync 1 DAGs
[2021-08-28 23:38:51,724] {logging_mixin.py:109} INFO - [2021-08-28 23:38:51,724] {dag.py:2306} INFO - Setting next_dagrun for example_nested_branch_dag to 2021-08-26 00:00:00+00:00
[2021-08-28 23:38:51,747] {processor.py:170} INFO - Processing /home/paolo/Documents/Github/case-study-1-october2020-data-sweepers/DataExtraction/ENV/lib/python3.8/site-packages/airflow/example_dags/example_nested_branch_dag.py took 0.082 seconds
[2021-08-28 23:39:27,130] {processor.py:162} INFO - Started process (PID=13498) to work on /home/paolo/Documents/Github/case-study-1-october2020-data-sweepers/DataExtraction/ENV/lib/python3.8/site-packages/airflow/example_dags/example_nested_branch_dag.py
[2021-08-28 23:39:27,131] {processor.py:613} INFO - Processing file /home/paolo/Documents/Github/case-study-1-october2020-data-sweepers/DataExtraction/ENV/lib/python3.8/site-packages/airflow/example_dags/example_nested_branch_dag.py for tasks to queue
[2021-08-28 23:39:27,131] {logging_mixin.py:109} INFO - [2021-08-28 23:39:27,131] {dagbag.py:496} INFO - Filling up the DagBag from /home/paolo/Documents/Github/case-study-1-october2020-data-sweepers/DataExtraction/ENV/lib/python3.8/site-packages/airflow/example_dags/example_nested_branch_dag.py
[2021-08-28 23:39:27,145] {processor.py:623} INFO - DAG(s) dict_keys(['example_nested_branch_dag']) retrieved from /home/paolo/Documents/Github/case-study-1-october2020-data-sweepers/DataExtraction/ENV/lib/python3.8/site-packages/airflow/example_dags/example_nested_branch_dag.py
[2021-08-28 23:39:27,157] {logging_mixin.py:109} INFO - [2021-08-28 23:39:27,157] {dag.py:1833} INFO - Sync 1 DAGs
[2021-08-28 23:39:27,169] {logging_mixin.py:109} INFO - [2021-08-28 23:39:27,169] {dag.py:2306} INFO - Setting next_dagrun for example_nested_branch_dag to 2021-08-26 00:00:00+00:00
[2021-08-28 23:39:27,182] {processor.py:170} INFO - Processing /home/paolo/Documents/Github/case-study-1-october2020-data-sweepers/DataExtraction/ENV/lib/python3.8/site-packages/airflow/example_dags/example_nested_branch_dag.py took 0.054 seconds
[2021-08-28 23:40:02,099] {processor.py:162} INFO - Started process (PID=13675) to work on /home/paolo/Documents/Github/case-study-1-october2020-data-sweepers/DataExtraction/ENV/lib/python3.8/site-packages/airflow/example_dags/example_nested_branch_dag.py
[2021-08-28 23:40:02,103] {processor.py:613} INFO - Processing file /home/paolo/Documents/Github/case-study-1-october2020-data-sweepers/DataExtraction/ENV/lib/python3.8/site-packages/airflow/example_dags/example_nested_branch_dag.py for tasks to queue
[2021-08-28 23:40:02,105] {logging_mixin.py:109} INFO - [2021-08-28 23:40:02,105] {dagbag.py:496} INFO - Filling up the DagBag from /home/paolo/Documents/Github/case-study-1-october2020-data-sweepers/DataExtraction/ENV/lib/python3.8/site-packages/airflow/example_dags/example_nested_branch_dag.py
[2021-08-28 23:40:02,128] {processor.py:623} INFO - DAG(s) dict_keys(['example_nested_branch_dag']) retrieved from /home/paolo/Documents/Github/case-study-1-october2020-data-sweepers/DataExtraction/ENV/lib/python3.8/site-packages/airflow/example_dags/example_nested_branch_dag.py
[2021-08-28 23:40:02,162] {logging_mixin.py:109} INFO - [2021-08-28 23:40:02,162] {dag.py:1833} INFO - Sync 1 DAGs
[2021-08-28 23:40:02,191] {logging_mixin.py:109} INFO - [2021-08-28 23:40:02,191] {dag.py:2306} INFO - Setting next_dagrun for example_nested_branch_dag to 2021-08-26 00:00:00+00:00
[2021-08-28 23:40:02,228] {processor.py:170} INFO - Processing /home/paolo/Documents/Github/case-study-1-october2020-data-sweepers/DataExtraction/ENV/lib/python3.8/site-packages/airflow/example_dags/example_nested_branch_dag.py took 0.132 seconds
[2021-08-28 23:40:41,087] {processor.py:162} INFO - Started process (PID=13906) to work on /home/paolo/Documents/Github/case-study-1-october2020-data-sweepers/DataExtraction/ENV/lib/python3.8/site-packages/airflow/example_dags/example_nested_branch_dag.py
[2021-08-28 23:40:41,088] {processor.py:613} INFO - Processing file /home/paolo/Documents/Github/case-study-1-october2020-data-sweepers/DataExtraction/ENV/lib/python3.8/site-packages/airflow/example_dags/example_nested_branch_dag.py for tasks to queue
[2021-08-28 23:40:41,089] {logging_mixin.py:109} INFO - [2021-08-28 23:40:41,089] {dagbag.py:496} INFO - Filling up the DagBag from /home/paolo/Documents/Github/case-study-1-october2020-data-sweepers/DataExtraction/ENV/lib/python3.8/site-packages/airflow/example_dags/example_nested_branch_dag.py
[2021-08-28 23:40:41,105] {processor.py:623} INFO - DAG(s) dict_keys(['example_nested_branch_dag']) retrieved from /home/paolo/Documents/Github/case-study-1-october2020-data-sweepers/DataExtraction/ENV/lib/python3.8/site-packages/airflow/example_dags/example_nested_branch_dag.py
[2021-08-28 23:40:41,118] {logging_mixin.py:109} INFO - [2021-08-28 23:40:41,118] {dag.py:1833} INFO - Sync 1 DAGs
[2021-08-28 23:40:41,131] {logging_mixin.py:109} INFO - [2021-08-28 23:40:41,131] {dag.py:2306} INFO - Setting next_dagrun for example_nested_branch_dag to 2021-08-26 00:00:00+00:00
[2021-08-28 23:40:41,149] {processor.py:170} INFO - Processing /home/paolo/Documents/Github/case-study-1-october2020-data-sweepers/DataExtraction/ENV/lib/python3.8/site-packages/airflow/example_dags/example_nested_branch_dag.py took 0.064 seconds
[2021-08-28 23:41:20,491] {processor.py:162} INFO - Started process (PID=14048) to work on /home/paolo/Documents/Github/case-study-1-october2020-data-sweepers/DataExtraction/ENV/lib/python3.8/site-packages/airflow/example_dags/example_nested_branch_dag.py
[2021-08-28 23:41:20,492] {processor.py:613} INFO - Processing file /home/paolo/Documents/Github/case-study-1-october2020-data-sweepers/DataExtraction/ENV/lib/python3.8/site-packages/airflow/example_dags/example_nested_branch_dag.py for tasks to queue
[2021-08-28 23:41:20,494] {logging_mixin.py:109} INFO - [2021-08-28 23:41:20,494] {dagbag.py:496} INFO - Filling up the DagBag from /home/paolo/Documents/Github/case-study-1-october2020-data-sweepers/DataExtraction/ENV/lib/python3.8/site-packages/airflow/example_dags/example_nested_branch_dag.py
[2021-08-28 23:41:20,514] {processor.py:623} INFO - DAG(s) dict_keys(['example_nested_branch_dag']) retrieved from /home/paolo/Documents/Github/case-study-1-october2020-data-sweepers/DataExtraction/ENV/lib/python3.8/site-packages/airflow/example_dags/example_nested_branch_dag.py
[2021-08-28 23:41:20,535] {logging_mixin.py:109} INFO - [2021-08-28 23:41:20,535] {dag.py:1833} INFO - Sync 1 DAGs
[2021-08-28 23:41:20,566] {logging_mixin.py:109} INFO - [2021-08-28 23:41:20,566] {dag.py:2306} INFO - Setting next_dagrun for example_nested_branch_dag to 2021-08-26 00:00:00+00:00
[2021-08-28 23:41:20,619] {processor.py:170} INFO - Processing /home/paolo/Documents/Github/case-study-1-october2020-data-sweepers/DataExtraction/ENV/lib/python3.8/site-packages/airflow/example_dags/example_nested_branch_dag.py took 0.135 seconds
[2021-08-28 23:42:00,003] {processor.py:162} INFO - Started process (PID=14150) to work on /home/paolo/Documents/Github/case-study-1-october2020-data-sweepers/DataExtraction/ENV/lib/python3.8/site-packages/airflow/example_dags/example_nested_branch_dag.py
[2021-08-28 23:42:00,006] {processor.py:613} INFO - Processing file /home/paolo/Documents/Github/case-study-1-october2020-data-sweepers/DataExtraction/ENV/lib/python3.8/site-packages/airflow/example_dags/example_nested_branch_dag.py for tasks to queue
[2021-08-28 23:42:00,007] {logging_mixin.py:109} INFO - [2021-08-28 23:42:00,007] {dagbag.py:496} INFO - Filling up the DagBag from /home/paolo/Documents/Github/case-study-1-october2020-data-sweepers/DataExtraction/ENV/lib/python3.8/site-packages/airflow/example_dags/example_nested_branch_dag.py
[2021-08-28 23:42:00,018] {processor.py:623} INFO - DAG(s) dict_keys(['example_nested_branch_dag']) retrieved from /home/paolo/Documents/Github/case-study-1-october2020-data-sweepers/DataExtraction/ENV/lib/python3.8/site-packages/airflow/example_dags/example_nested_branch_dag.py
[2021-08-28 23:42:00,031] {logging_mixin.py:109} INFO - [2021-08-28 23:42:00,031] {dag.py:1833} INFO - Sync 1 DAGs
[2021-08-28 23:42:00,042] {logging_mixin.py:109} INFO - [2021-08-28 23:42:00,042] {dag.py:2306} INFO - Setting next_dagrun for example_nested_branch_dag to 2021-08-26 00:00:00+00:00
[2021-08-28 23:42:00,059] {processor.py:170} INFO - Processing /home/paolo/Documents/Github/case-study-1-october2020-data-sweepers/DataExtraction/ENV/lib/python3.8/site-packages/airflow/example_dags/example_nested_branch_dag.py took 0.059 seconds
[2021-08-28 23:42:32,565] {processor.py:162} INFO - Started process (PID=14252) to work on /home/paolo/Documents/Github/case-study-1-october2020-data-sweepers/DataExtraction/ENV/lib/python3.8/site-packages/airflow/example_dags/example_nested_branch_dag.py
[2021-08-28 23:42:32,565] {processor.py:613} INFO - Processing file /home/paolo/Documents/Github/case-study-1-october2020-data-sweepers/DataExtraction/ENV/lib/python3.8/site-packages/airflow/example_dags/example_nested_branch_dag.py for tasks to queue
[2021-08-28 23:42:32,566] {logging_mixin.py:109} INFO - [2021-08-28 23:42:32,566] {dagbag.py:496} INFO - Filling up the DagBag from /home/paolo/Documents/Github/case-study-1-october2020-data-sweepers/DataExtraction/ENV/lib/python3.8/site-packages/airflow/example_dags/example_nested_branch_dag.py
[2021-08-28 23:42:32,576] {processor.py:623} INFO - DAG(s) dict_keys(['example_nested_branch_dag']) retrieved from /home/paolo/Documents/Github/case-study-1-october2020-data-sweepers/DataExtraction/ENV/lib/python3.8/site-packages/airflow/example_dags/example_nested_branch_dag.py
[2021-08-28 23:42:32,587] {logging_mixin.py:109} INFO - [2021-08-28 23:42:32,587] {dag.py:1833} INFO - Sync 1 DAGs
[2021-08-28 23:42:32,599] {logging_mixin.py:109} INFO - [2021-08-28 23:42:32,599] {dag.py:2306} INFO - Setting next_dagrun for example_nested_branch_dag to 2021-08-26 00:00:00+00:00
[2021-08-28 23:42:32,616] {processor.py:170} INFO - Processing /home/paolo/Documents/Github/case-study-1-october2020-data-sweepers/DataExtraction/ENV/lib/python3.8/site-packages/airflow/example_dags/example_nested_branch_dag.py took 0.054 seconds
[2021-08-28 23:43:04,935] {processor.py:162} INFO - Started process (PID=14316) to work on /home/paolo/Documents/Github/case-study-1-october2020-data-sweepers/DataExtraction/ENV/lib/python3.8/site-packages/airflow/example_dags/example_nested_branch_dag.py
[2021-08-28 23:43:04,936] {processor.py:613} INFO - Processing file /home/paolo/Documents/Github/case-study-1-october2020-data-sweepers/DataExtraction/ENV/lib/python3.8/site-packages/airflow/example_dags/example_nested_branch_dag.py for tasks to queue
[2021-08-28 23:43:04,936] {logging_mixin.py:109} INFO - [2021-08-28 23:43:04,936] {dagbag.py:496} INFO - Filling up the DagBag from /home/paolo/Documents/Github/case-study-1-october2020-data-sweepers/DataExtraction/ENV/lib/python3.8/site-packages/airflow/example_dags/example_nested_branch_dag.py
[2021-08-28 23:43:04,948] {processor.py:623} INFO - DAG(s) dict_keys(['example_nested_branch_dag']) retrieved from /home/paolo/Documents/Github/case-study-1-october2020-data-sweepers/DataExtraction/ENV/lib/python3.8/site-packages/airflow/example_dags/example_nested_branch_dag.py
[2021-08-28 23:43:04,960] {logging_mixin.py:109} INFO - [2021-08-28 23:43:04,960] {dag.py:1833} INFO - Sync 1 DAGs
[2021-08-28 23:43:04,971] {logging_mixin.py:109} INFO - [2021-08-28 23:43:04,971] {dag.py:2306} INFO - Setting next_dagrun for example_nested_branch_dag to 2021-08-26 00:00:00+00:00
[2021-08-28 23:43:04,986] {processor.py:170} INFO - Processing /home/paolo/Documents/Github/case-study-1-october2020-data-sweepers/DataExtraction/ENV/lib/python3.8/site-packages/airflow/example_dags/example_nested_branch_dag.py took 0.053 seconds
[2021-08-28 23:43:36,238] {processor.py:162} INFO - Started process (PID=14397) to work on /home/paolo/Documents/Github/case-study-1-october2020-data-sweepers/DataExtraction/ENV/lib/python3.8/site-packages/airflow/example_dags/example_nested_branch_dag.py
[2021-08-28 23:43:36,239] {processor.py:613} INFO - Processing file /home/paolo/Documents/Github/case-study-1-october2020-data-sweepers/DataExtraction/ENV/lib/python3.8/site-packages/airflow/example_dags/example_nested_branch_dag.py for tasks to queue
[2021-08-28 23:43:36,240] {logging_mixin.py:109} INFO - [2021-08-28 23:43:36,239] {dagbag.py:496} INFO - Filling up the DagBag from /home/paolo/Documents/Github/case-study-1-october2020-data-sweepers/DataExtraction/ENV/lib/python3.8/site-packages/airflow/example_dags/example_nested_branch_dag.py
[2021-08-28 23:43:36,253] {processor.py:623} INFO - DAG(s) dict_keys(['example_nested_branch_dag']) retrieved from /home/paolo/Documents/Github/case-study-1-october2020-data-sweepers/DataExtraction/ENV/lib/python3.8/site-packages/airflow/example_dags/example_nested_branch_dag.py
[2021-08-28 23:43:36,268] {logging_mixin.py:109} INFO - [2021-08-28 23:43:36,268] {dag.py:1833} INFO - Sync 1 DAGs
[2021-08-28 23:43:36,282] {logging_mixin.py:109} INFO - [2021-08-28 23:43:36,282] {dag.py:2306} INFO - Setting next_dagrun for example_nested_branch_dag to 2021-08-26 00:00:00+00:00
[2021-08-28 23:43:36,301] {processor.py:170} INFO - Processing /home/paolo/Documents/Github/case-study-1-october2020-data-sweepers/DataExtraction/ENV/lib/python3.8/site-packages/airflow/example_dags/example_nested_branch_dag.py took 0.066 seconds
[2021-08-28 23:44:07,696] {processor.py:162} INFO - Started process (PID=14458) to work on /home/paolo/Documents/Github/case-study-1-october2020-data-sweepers/DataExtraction/ENV/lib/python3.8/site-packages/airflow/example_dags/example_nested_branch_dag.py
[2021-08-28 23:44:07,700] {processor.py:613} INFO - Processing file /home/paolo/Documents/Github/case-study-1-october2020-data-sweepers/DataExtraction/ENV/lib/python3.8/site-packages/airflow/example_dags/example_nested_branch_dag.py for tasks to queue
[2021-08-28 23:44:07,703] {logging_mixin.py:109} INFO - [2021-08-28 23:44:07,702] {dagbag.py:496} INFO - Filling up the DagBag from /home/paolo/Documents/Github/case-study-1-october2020-data-sweepers/DataExtraction/ENV/lib/python3.8/site-packages/airflow/example_dags/example_nested_branch_dag.py
[2021-08-28 23:44:07,746] {processor.py:623} INFO - DAG(s) dict_keys(['example_nested_branch_dag']) retrieved from /home/paolo/Documents/Github/case-study-1-october2020-data-sweepers/DataExtraction/ENV/lib/python3.8/site-packages/airflow/example_dags/example_nested_branch_dag.py
[2021-08-28 23:44:07,768] {logging_mixin.py:109} INFO - [2021-08-28 23:44:07,767] {dag.py:1833} INFO - Sync 1 DAGs
[2021-08-28 23:44:07,785] {logging_mixin.py:109} INFO - [2021-08-28 23:44:07,785] {dag.py:2306} INFO - Setting next_dagrun for example_nested_branch_dag to 2021-08-26 00:00:00+00:00
[2021-08-28 23:44:07,801] {processor.py:170} INFO - Processing /home/paolo/Documents/Github/case-study-1-october2020-data-sweepers/DataExtraction/ENV/lib/python3.8/site-packages/airflow/example_dags/example_nested_branch_dag.py took 0.114 seconds
[2021-08-28 23:44:47,050] {processor.py:162} INFO - Started process (PID=14550) to work on /home/paolo/Documents/Github/case-study-1-october2020-data-sweepers/DataExtraction/ENV/lib/python3.8/site-packages/airflow/example_dags/example_nested_branch_dag.py
[2021-08-28 23:44:47,051] {processor.py:613} INFO - Processing file /home/paolo/Documents/Github/case-study-1-october2020-data-sweepers/DataExtraction/ENV/lib/python3.8/site-packages/airflow/example_dags/example_nested_branch_dag.py for tasks to queue
[2021-08-28 23:44:47,052] {logging_mixin.py:109} INFO - [2021-08-28 23:44:47,052] {dagbag.py:496} INFO - Filling up the DagBag from /home/paolo/Documents/Github/case-study-1-october2020-data-sweepers/DataExtraction/ENV/lib/python3.8/site-packages/airflow/example_dags/example_nested_branch_dag.py
[2021-08-28 23:44:47,079] {processor.py:623} INFO - DAG(s) dict_keys(['example_nested_branch_dag']) retrieved from /home/paolo/Documents/Github/case-study-1-october2020-data-sweepers/DataExtraction/ENV/lib/python3.8/site-packages/airflow/example_dags/example_nested_branch_dag.py
[2021-08-28 23:44:47,114] {logging_mixin.py:109} INFO - [2021-08-28 23:44:47,113] {dag.py:1833} INFO - Sync 1 DAGs
[2021-08-28 23:44:47,150] {logging_mixin.py:109} INFO - [2021-08-28 23:44:47,150] {dag.py:2306} INFO - Setting next_dagrun for example_nested_branch_dag to 2021-08-26 00:00:00+00:00
[2021-08-28 23:44:47,184] {processor.py:170} INFO - Processing /home/paolo/Documents/Github/case-study-1-october2020-data-sweepers/DataExtraction/ENV/lib/python3.8/site-packages/airflow/example_dags/example_nested_branch_dag.py took 0.139 seconds
[2021-08-28 23:45:26,302] {processor.py:162} INFO - Started process (PID=14614) to work on /home/paolo/Documents/Github/case-study-1-october2020-data-sweepers/DataExtraction/ENV/lib/python3.8/site-packages/airflow/example_dags/example_nested_branch_dag.py
[2021-08-28 23:45:26,307] {processor.py:613} INFO - Processing file /home/paolo/Documents/Github/case-study-1-october2020-data-sweepers/DataExtraction/ENV/lib/python3.8/site-packages/airflow/example_dags/example_nested_branch_dag.py for tasks to queue
[2021-08-28 23:45:26,308] {logging_mixin.py:109} INFO - [2021-08-28 23:45:26,308] {dagbag.py:496} INFO - Filling up the DagBag from /home/paolo/Documents/Github/case-study-1-october2020-data-sweepers/DataExtraction/ENV/lib/python3.8/site-packages/airflow/example_dags/example_nested_branch_dag.py
[2021-08-28 23:45:26,343] {processor.py:623} INFO - DAG(s) dict_keys(['example_nested_branch_dag']) retrieved from /home/paolo/Documents/Github/case-study-1-october2020-data-sweepers/DataExtraction/ENV/lib/python3.8/site-packages/airflow/example_dags/example_nested_branch_dag.py
[2021-08-28 23:45:26,375] {logging_mixin.py:109} INFO - [2021-08-28 23:45:26,375] {dag.py:1833} INFO - Sync 1 DAGs
[2021-08-28 23:45:26,402] {logging_mixin.py:109} INFO - [2021-08-28 23:45:26,402] {dag.py:2306} INFO - Setting next_dagrun for example_nested_branch_dag to 2021-08-26 00:00:00+00:00
[2021-08-28 23:45:26,454] {processor.py:170} INFO - Processing /home/paolo/Documents/Github/case-study-1-october2020-data-sweepers/DataExtraction/ENV/lib/python3.8/site-packages/airflow/example_dags/example_nested_branch_dag.py took 0.156 seconds
[2021-08-28 23:46:07,505] {processor.py:162} INFO - Started process (PID=14677) to work on /home/paolo/Documents/Github/case-study-1-october2020-data-sweepers/DataExtraction/ENV/lib/python3.8/site-packages/airflow/example_dags/example_nested_branch_dag.py
[2021-08-28 23:46:07,510] {processor.py:613} INFO - Processing file /home/paolo/Documents/Github/case-study-1-october2020-data-sweepers/DataExtraction/ENV/lib/python3.8/site-packages/airflow/example_dags/example_nested_branch_dag.py for tasks to queue
[2021-08-28 23:46:07,511] {logging_mixin.py:109} INFO - [2021-08-28 23:46:07,511] {dagbag.py:496} INFO - Filling up the DagBag from /home/paolo/Documents/Github/case-study-1-october2020-data-sweepers/DataExtraction/ENV/lib/python3.8/site-packages/airflow/example_dags/example_nested_branch_dag.py
[2021-08-28 23:46:07,537] {processor.py:623} INFO - DAG(s) dict_keys(['example_nested_branch_dag']) retrieved from /home/paolo/Documents/Github/case-study-1-october2020-data-sweepers/DataExtraction/ENV/lib/python3.8/site-packages/airflow/example_dags/example_nested_branch_dag.py
[2021-08-28 23:46:07,570] {logging_mixin.py:109} INFO - [2021-08-28 23:46:07,570] {dag.py:1833} INFO - Sync 1 DAGs
[2021-08-28 23:46:07,610] {logging_mixin.py:109} INFO - [2021-08-28 23:46:07,610] {dag.py:2306} INFO - Setting next_dagrun for example_nested_branch_dag to 2021-08-26 00:00:00+00:00
[2021-08-28 23:46:07,661] {processor.py:170} INFO - Processing /home/paolo/Documents/Github/case-study-1-october2020-data-sweepers/DataExtraction/ENV/lib/python3.8/site-packages/airflow/example_dags/example_nested_branch_dag.py took 0.163 seconds
[2021-08-28 23:46:46,190] {processor.py:162} INFO - Started process (PID=14756) to work on /home/paolo/Documents/Github/case-study-1-october2020-data-sweepers/DataExtraction/ENV/lib/python3.8/site-packages/airflow/example_dags/example_nested_branch_dag.py
[2021-08-28 23:46:46,191] {processor.py:613} INFO - Processing file /home/paolo/Documents/Github/case-study-1-october2020-data-sweepers/DataExtraction/ENV/lib/python3.8/site-packages/airflow/example_dags/example_nested_branch_dag.py for tasks to queue
[2021-08-28 23:46:46,193] {logging_mixin.py:109} INFO - [2021-08-28 23:46:46,192] {dagbag.py:496} INFO - Filling up the DagBag from /home/paolo/Documents/Github/case-study-1-october2020-data-sweepers/DataExtraction/ENV/lib/python3.8/site-packages/airflow/example_dags/example_nested_branch_dag.py
[2021-08-28 23:46:46,223] {processor.py:623} INFO - DAG(s) dict_keys(['example_nested_branch_dag']) retrieved from /home/paolo/Documents/Github/case-study-1-october2020-data-sweepers/DataExtraction/ENV/lib/python3.8/site-packages/airflow/example_dags/example_nested_branch_dag.py
[2021-08-28 23:46:46,253] {logging_mixin.py:109} INFO - [2021-08-28 23:46:46,253] {dag.py:1833} INFO - Sync 1 DAGs
[2021-08-28 23:46:46,288] {logging_mixin.py:109} INFO - [2021-08-28 23:46:46,287] {dag.py:2306} INFO - Setting next_dagrun for example_nested_branch_dag to 2021-08-26 00:00:00+00:00
[2021-08-28 23:46:46,315] {processor.py:170} INFO - Processing /home/paolo/Documents/Github/case-study-1-october2020-data-sweepers/DataExtraction/ENV/lib/python3.8/site-packages/airflow/example_dags/example_nested_branch_dag.py took 0.129 seconds
[2021-08-28 23:47:24,121] {processor.py:162} INFO - Started process (PID=14843) to work on /home/paolo/Documents/Github/case-study-1-october2020-data-sweepers/DataExtraction/ENV/lib/python3.8/site-packages/airflow/example_dags/example_nested_branch_dag.py
[2021-08-28 23:47:24,125] {processor.py:613} INFO - Processing file /home/paolo/Documents/Github/case-study-1-october2020-data-sweepers/DataExtraction/ENV/lib/python3.8/site-packages/airflow/example_dags/example_nested_branch_dag.py for tasks to queue
[2021-08-28 23:47:24,126] {logging_mixin.py:109} INFO - [2021-08-28 23:47:24,126] {dagbag.py:496} INFO - Filling up the DagBag from /home/paolo/Documents/Github/case-study-1-october2020-data-sweepers/DataExtraction/ENV/lib/python3.8/site-packages/airflow/example_dags/example_nested_branch_dag.py
[2021-08-28 23:47:24,155] {processor.py:623} INFO - DAG(s) dict_keys(['example_nested_branch_dag']) retrieved from /home/paolo/Documents/Github/case-study-1-october2020-data-sweepers/DataExtraction/ENV/lib/python3.8/site-packages/airflow/example_dags/example_nested_branch_dag.py
[2021-08-28 23:47:24,187] {logging_mixin.py:109} INFO - [2021-08-28 23:47:24,186] {dag.py:1833} INFO - Sync 1 DAGs
[2021-08-28 23:47:24,235] {logging_mixin.py:109} INFO - [2021-08-28 23:47:24,235] {dag.py:2306} INFO - Setting next_dagrun for example_nested_branch_dag to 2021-08-26 00:00:00+00:00
[2021-08-28 23:47:24,277] {processor.py:170} INFO - Processing /home/paolo/Documents/Github/case-study-1-october2020-data-sweepers/DataExtraction/ENV/lib/python3.8/site-packages/airflow/example_dags/example_nested_branch_dag.py took 0.158 seconds
[2021-08-28 23:48:02,681] {processor.py:162} INFO - Started process (PID=14905) to work on /home/paolo/Documents/Github/case-study-1-october2020-data-sweepers/DataExtraction/ENV/lib/python3.8/site-packages/airflow/example_dags/example_nested_branch_dag.py
[2021-08-28 23:48:02,682] {processor.py:613} INFO - Processing file /home/paolo/Documents/Github/case-study-1-october2020-data-sweepers/DataExtraction/ENV/lib/python3.8/site-packages/airflow/example_dags/example_nested_branch_dag.py for tasks to queue
[2021-08-28 23:48:02,683] {logging_mixin.py:109} INFO - [2021-08-28 23:48:02,683] {dagbag.py:496} INFO - Filling up the DagBag from /home/paolo/Documents/Github/case-study-1-october2020-data-sweepers/DataExtraction/ENV/lib/python3.8/site-packages/airflow/example_dags/example_nested_branch_dag.py
[2021-08-28 23:48:02,719] {processor.py:623} INFO - DAG(s) dict_keys(['example_nested_branch_dag']) retrieved from /home/paolo/Documents/Github/case-study-1-october2020-data-sweepers/DataExtraction/ENV/lib/python3.8/site-packages/airflow/example_dags/example_nested_branch_dag.py
[2021-08-28 23:48:02,761] {logging_mixin.py:109} INFO - [2021-08-28 23:48:02,761] {dag.py:1833} INFO - Sync 1 DAGs
[2021-08-28 23:48:02,790] {logging_mixin.py:109} INFO - [2021-08-28 23:48:02,790] {dag.py:2306} INFO - Setting next_dagrun for example_nested_branch_dag to 2021-08-26 00:00:00+00:00
[2021-08-28 23:48:02,818] {processor.py:170} INFO - Processing /home/paolo/Documents/Github/case-study-1-october2020-data-sweepers/DataExtraction/ENV/lib/python3.8/site-packages/airflow/example_dags/example_nested_branch_dag.py took 0.141 seconds
[2021-08-28 23:48:43,818] {processor.py:162} INFO - Started process (PID=14973) to work on /home/paolo/Documents/Github/case-study-1-october2020-data-sweepers/DataExtraction/ENV/lib/python3.8/site-packages/airflow/example_dags/example_nested_branch_dag.py
[2021-08-28 23:48:43,819] {processor.py:613} INFO - Processing file /home/paolo/Documents/Github/case-study-1-october2020-data-sweepers/DataExtraction/ENV/lib/python3.8/site-packages/airflow/example_dags/example_nested_branch_dag.py for tasks to queue
[2021-08-28 23:48:43,820] {logging_mixin.py:109} INFO - [2021-08-28 23:48:43,820] {dagbag.py:496} INFO - Filling up the DagBag from /home/paolo/Documents/Github/case-study-1-october2020-data-sweepers/DataExtraction/ENV/lib/python3.8/site-packages/airflow/example_dags/example_nested_branch_dag.py
[2021-08-28 23:48:43,847] {processor.py:623} INFO - DAG(s) dict_keys(['example_nested_branch_dag']) retrieved from /home/paolo/Documents/Github/case-study-1-october2020-data-sweepers/DataExtraction/ENV/lib/python3.8/site-packages/airflow/example_dags/example_nested_branch_dag.py
[2021-08-28 23:48:43,867] {logging_mixin.py:109} INFO - [2021-08-28 23:48:43,867] {dag.py:1833} INFO - Sync 1 DAGs
[2021-08-28 23:48:43,894] {logging_mixin.py:109} INFO - [2021-08-28 23:48:43,893] {dag.py:2306} INFO - Setting next_dagrun for example_nested_branch_dag to 2021-08-26 00:00:00+00:00
[2021-08-28 23:48:43,915] {processor.py:170} INFO - Processing /home/paolo/Documents/Github/case-study-1-october2020-data-sweepers/DataExtraction/ENV/lib/python3.8/site-packages/airflow/example_dags/example_nested_branch_dag.py took 0.100 seconds
[2021-08-28 23:49:21,402] {processor.py:162} INFO - Started process (PID=15085) to work on /home/paolo/Documents/Github/case-study-1-october2020-data-sweepers/DataExtraction/ENV/lib/python3.8/site-packages/airflow/example_dags/example_nested_branch_dag.py
[2021-08-28 23:49:21,403] {processor.py:613} INFO - Processing file /home/paolo/Documents/Github/case-study-1-october2020-data-sweepers/DataExtraction/ENV/lib/python3.8/site-packages/airflow/example_dags/example_nested_branch_dag.py for tasks to queue
[2021-08-28 23:49:21,404] {logging_mixin.py:109} INFO - [2021-08-28 23:49:21,404] {dagbag.py:496} INFO - Filling up the DagBag from /home/paolo/Documents/Github/case-study-1-october2020-data-sweepers/DataExtraction/ENV/lib/python3.8/site-packages/airflow/example_dags/example_nested_branch_dag.py
[2021-08-28 23:49:21,427] {processor.py:623} INFO - DAG(s) dict_keys(['example_nested_branch_dag']) retrieved from /home/paolo/Documents/Github/case-study-1-october2020-data-sweepers/DataExtraction/ENV/lib/python3.8/site-packages/airflow/example_dags/example_nested_branch_dag.py
[2021-08-28 23:49:21,443] {logging_mixin.py:109} INFO - [2021-08-28 23:49:21,443] {dag.py:1833} INFO - Sync 1 DAGs
[2021-08-28 23:49:21,466] {logging_mixin.py:109} INFO - [2021-08-28 23:49:21,466] {dag.py:2306} INFO - Setting next_dagrun for example_nested_branch_dag to 2021-08-26 00:00:00+00:00
[2021-08-28 23:49:21,486] {processor.py:170} INFO - Processing /home/paolo/Documents/Github/case-study-1-october2020-data-sweepers/DataExtraction/ENV/lib/python3.8/site-packages/airflow/example_dags/example_nested_branch_dag.py took 0.088 seconds
[2021-08-28 23:49:58,108] {processor.py:162} INFO - Started process (PID=15162) to work on /home/paolo/Documents/Github/case-study-1-october2020-data-sweepers/DataExtraction/ENV/lib/python3.8/site-packages/airflow/example_dags/example_nested_branch_dag.py
[2021-08-28 23:49:58,109] {processor.py:613} INFO - Processing file /home/paolo/Documents/Github/case-study-1-october2020-data-sweepers/DataExtraction/ENV/lib/python3.8/site-packages/airflow/example_dags/example_nested_branch_dag.py for tasks to queue
[2021-08-28 23:49:58,110] {logging_mixin.py:109} INFO - [2021-08-28 23:49:58,110] {dagbag.py:496} INFO - Filling up the DagBag from /home/paolo/Documents/Github/case-study-1-october2020-data-sweepers/DataExtraction/ENV/lib/python3.8/site-packages/airflow/example_dags/example_nested_branch_dag.py
[2021-08-28 23:49:58,132] {processor.py:623} INFO - DAG(s) dict_keys(['example_nested_branch_dag']) retrieved from /home/paolo/Documents/Github/case-study-1-october2020-data-sweepers/DataExtraction/ENV/lib/python3.8/site-packages/airflow/example_dags/example_nested_branch_dag.py
[2021-08-28 23:49:58,145] {logging_mixin.py:109} INFO - [2021-08-28 23:49:58,144] {dag.py:1833} INFO - Sync 1 DAGs
[2021-08-28 23:49:58,170] {logging_mixin.py:109} INFO - [2021-08-28 23:49:58,170] {dag.py:2306} INFO - Setting next_dagrun for example_nested_branch_dag to 2021-08-26 00:00:00+00:00
[2021-08-28 23:49:58,189] {processor.py:170} INFO - Processing /home/paolo/Documents/Github/case-study-1-october2020-data-sweepers/DataExtraction/ENV/lib/python3.8/site-packages/airflow/example_dags/example_nested_branch_dag.py took 0.084 seconds
[2021-08-28 23:50:31,310] {processor.py:162} INFO - Started process (PID=15240) to work on /home/paolo/Documents/Github/case-study-1-october2020-data-sweepers/DataExtraction/ENV/lib/python3.8/site-packages/airflow/example_dags/example_nested_branch_dag.py
[2021-08-28 23:50:31,312] {processor.py:613} INFO - Processing file /home/paolo/Documents/Github/case-study-1-october2020-data-sweepers/DataExtraction/ENV/lib/python3.8/site-packages/airflow/example_dags/example_nested_branch_dag.py for tasks to queue
[2021-08-28 23:50:31,312] {logging_mixin.py:109} INFO - [2021-08-28 23:50:31,312] {dagbag.py:496} INFO - Filling up the DagBag from /home/paolo/Documents/Github/case-study-1-october2020-data-sweepers/DataExtraction/ENV/lib/python3.8/site-packages/airflow/example_dags/example_nested_branch_dag.py
[2021-08-28 23:50:31,333] {processor.py:623} INFO - DAG(s) dict_keys(['example_nested_branch_dag']) retrieved from /home/paolo/Documents/Github/case-study-1-october2020-data-sweepers/DataExtraction/ENV/lib/python3.8/site-packages/airflow/example_dags/example_nested_branch_dag.py
[2021-08-28 23:50:31,350] {logging_mixin.py:109} INFO - [2021-08-28 23:50:31,349] {dag.py:1833} INFO - Sync 1 DAGs
[2021-08-28 23:50:31,376] {logging_mixin.py:109} INFO - [2021-08-28 23:50:31,376] {dag.py:2306} INFO - Setting next_dagrun for example_nested_branch_dag to 2021-08-26 00:00:00+00:00
[2021-08-28 23:50:31,401] {processor.py:170} INFO - Processing /home/paolo/Documents/Github/case-study-1-october2020-data-sweepers/DataExtraction/ENV/lib/python3.8/site-packages/airflow/example_dags/example_nested_branch_dag.py took 0.094 seconds
[2021-08-28 23:51:06,464] {processor.py:162} INFO - Started process (PID=15304) to work on /home/paolo/Documents/Github/case-study-1-october2020-data-sweepers/DataExtraction/ENV/lib/python3.8/site-packages/airflow/example_dags/example_nested_branch_dag.py
[2021-08-28 23:51:06,465] {processor.py:613} INFO - Processing file /home/paolo/Documents/Github/case-study-1-october2020-data-sweepers/DataExtraction/ENV/lib/python3.8/site-packages/airflow/example_dags/example_nested_branch_dag.py for tasks to queue
[2021-08-28 23:51:06,466] {logging_mixin.py:109} INFO - [2021-08-28 23:51:06,466] {dagbag.py:496} INFO - Filling up the DagBag from /home/paolo/Documents/Github/case-study-1-october2020-data-sweepers/DataExtraction/ENV/lib/python3.8/site-packages/airflow/example_dags/example_nested_branch_dag.py
[2021-08-28 23:51:06,493] {processor.py:623} INFO - DAG(s) dict_keys(['example_nested_branch_dag']) retrieved from /home/paolo/Documents/Github/case-study-1-october2020-data-sweepers/DataExtraction/ENV/lib/python3.8/site-packages/airflow/example_dags/example_nested_branch_dag.py
[2021-08-28 23:51:06,509] {logging_mixin.py:109} INFO - [2021-08-28 23:51:06,509] {dag.py:1833} INFO - Sync 1 DAGs
[2021-08-28 23:51:06,530] {logging_mixin.py:109} INFO - [2021-08-28 23:51:06,530] {dag.py:2306} INFO - Setting next_dagrun for example_nested_branch_dag to 2021-08-26 00:00:00+00:00
[2021-08-28 23:51:06,551] {processor.py:170} INFO - Processing /home/paolo/Documents/Github/case-study-1-october2020-data-sweepers/DataExtraction/ENV/lib/python3.8/site-packages/airflow/example_dags/example_nested_branch_dag.py took 0.089 seconds
[2021-08-28 23:51:41,995] {processor.py:162} INFO - Started process (PID=15405) to work on /home/paolo/Documents/Github/case-study-1-october2020-data-sweepers/DataExtraction/ENV/lib/python3.8/site-packages/airflow/example_dags/example_nested_branch_dag.py
[2021-08-28 23:51:41,997] {processor.py:613} INFO - Processing file /home/paolo/Documents/Github/case-study-1-october2020-data-sweepers/DataExtraction/ENV/lib/python3.8/site-packages/airflow/example_dags/example_nested_branch_dag.py for tasks to queue
[2021-08-28 23:51:41,998] {logging_mixin.py:109} INFO - [2021-08-28 23:51:41,998] {dagbag.py:496} INFO - Filling up the DagBag from /home/paolo/Documents/Github/case-study-1-october2020-data-sweepers/DataExtraction/ENV/lib/python3.8/site-packages/airflow/example_dags/example_nested_branch_dag.py
[2021-08-28 23:51:42,014] {processor.py:623} INFO - DAG(s) dict_keys(['example_nested_branch_dag']) retrieved from /home/paolo/Documents/Github/case-study-1-october2020-data-sweepers/DataExtraction/ENV/lib/python3.8/site-packages/airflow/example_dags/example_nested_branch_dag.py
[2021-08-28 23:51:42,031] {logging_mixin.py:109} INFO - [2021-08-28 23:51:42,031] {dag.py:1833} INFO - Sync 1 DAGs
[2021-08-28 23:51:42,042] {logging_mixin.py:109} INFO - [2021-08-28 23:51:42,042] {dag.py:2306} INFO - Setting next_dagrun for example_nested_branch_dag to 2021-08-26 00:00:00+00:00
[2021-08-28 23:51:42,053] {processor.py:170} INFO - Processing /home/paolo/Documents/Github/case-study-1-october2020-data-sweepers/DataExtraction/ENV/lib/python3.8/site-packages/airflow/example_dags/example_nested_branch_dag.py took 0.065 seconds
[2021-08-28 23:52:15,348] {processor.py:162} INFO - Started process (PID=15505) to work on /home/paolo/Documents/Github/case-study-1-october2020-data-sweepers/DataExtraction/ENV/lib/python3.8/site-packages/airflow/example_dags/example_nested_branch_dag.py
[2021-08-28 23:52:15,349] {processor.py:613} INFO - Processing file /home/paolo/Documents/Github/case-study-1-october2020-data-sweepers/DataExtraction/ENV/lib/python3.8/site-packages/airflow/example_dags/example_nested_branch_dag.py for tasks to queue
[2021-08-28 23:52:15,349] {logging_mixin.py:109} INFO - [2021-08-28 23:52:15,349] {dagbag.py:496} INFO - Filling up the DagBag from /home/paolo/Documents/Github/case-study-1-october2020-data-sweepers/DataExtraction/ENV/lib/python3.8/site-packages/airflow/example_dags/example_nested_branch_dag.py
[2021-08-28 23:52:15,365] {processor.py:623} INFO - DAG(s) dict_keys(['example_nested_branch_dag']) retrieved from /home/paolo/Documents/Github/case-study-1-october2020-data-sweepers/DataExtraction/ENV/lib/python3.8/site-packages/airflow/example_dags/example_nested_branch_dag.py
[2021-08-28 23:52:15,380] {logging_mixin.py:109} INFO - [2021-08-28 23:52:15,380] {dag.py:1833} INFO - Sync 1 DAGs
[2021-08-28 23:52:15,394] {logging_mixin.py:109} INFO - [2021-08-28 23:52:15,394] {dag.py:2306} INFO - Setting next_dagrun for example_nested_branch_dag to 2021-08-26 00:00:00+00:00
[2021-08-28 23:52:15,413] {processor.py:170} INFO - Processing /home/paolo/Documents/Github/case-study-1-october2020-data-sweepers/DataExtraction/ENV/lib/python3.8/site-packages/airflow/example_dags/example_nested_branch_dag.py took 0.068 seconds
[2021-08-28 23:52:48,275] {processor.py:162} INFO - Started process (PID=15595) to work on /home/paolo/Documents/Github/case-study-1-october2020-data-sweepers/DataExtraction/ENV/lib/python3.8/site-packages/airflow/example_dags/example_nested_branch_dag.py
[2021-08-28 23:52:48,277] {processor.py:613} INFO - Processing file /home/paolo/Documents/Github/case-study-1-october2020-data-sweepers/DataExtraction/ENV/lib/python3.8/site-packages/airflow/example_dags/example_nested_branch_dag.py for tasks to queue
[2021-08-28 23:52:48,277] {logging_mixin.py:109} INFO - [2021-08-28 23:52:48,277] {dagbag.py:496} INFO - Filling up the DagBag from /home/paolo/Documents/Github/case-study-1-october2020-data-sweepers/DataExtraction/ENV/lib/python3.8/site-packages/airflow/example_dags/example_nested_branch_dag.py
[2021-08-28 23:52:48,295] {processor.py:623} INFO - DAG(s) dict_keys(['example_nested_branch_dag']) retrieved from /home/paolo/Documents/Github/case-study-1-october2020-data-sweepers/DataExtraction/ENV/lib/python3.8/site-packages/airflow/example_dags/example_nested_branch_dag.py
[2021-08-28 23:52:48,307] {logging_mixin.py:109} INFO - [2021-08-28 23:52:48,307] {dag.py:1833} INFO - Sync 1 DAGs
[2021-08-28 23:52:48,320] {logging_mixin.py:109} INFO - [2021-08-28 23:52:48,320] {dag.py:2306} INFO - Setting next_dagrun for example_nested_branch_dag to 2021-08-26 00:00:00+00:00
[2021-08-28 23:52:48,337] {processor.py:170} INFO - Processing /home/paolo/Documents/Github/case-study-1-october2020-data-sweepers/DataExtraction/ENV/lib/python3.8/site-packages/airflow/example_dags/example_nested_branch_dag.py took 0.068 seconds
[2021-08-28 23:53:20,302] {processor.py:162} INFO - Started process (PID=15664) to work on /home/paolo/Documents/Github/case-study-1-october2020-data-sweepers/DataExtraction/ENV/lib/python3.8/site-packages/airflow/example_dags/example_nested_branch_dag.py
[2021-08-28 23:53:20,304] {processor.py:613} INFO - Processing file /home/paolo/Documents/Github/case-study-1-october2020-data-sweepers/DataExtraction/ENV/lib/python3.8/site-packages/airflow/example_dags/example_nested_branch_dag.py for tasks to queue
[2021-08-28 23:53:20,306] {logging_mixin.py:109} INFO - [2021-08-28 23:53:20,306] {dagbag.py:496} INFO - Filling up the DagBag from /home/paolo/Documents/Github/case-study-1-october2020-data-sweepers/DataExtraction/ENV/lib/python3.8/site-packages/airflow/example_dags/example_nested_branch_dag.py
[2021-08-28 23:53:20,327] {processor.py:623} INFO - DAG(s) dict_keys(['example_nested_branch_dag']) retrieved from /home/paolo/Documents/Github/case-study-1-october2020-data-sweepers/DataExtraction/ENV/lib/python3.8/site-packages/airflow/example_dags/example_nested_branch_dag.py
[2021-08-28 23:53:20,339] {logging_mixin.py:109} INFO - [2021-08-28 23:53:20,339] {dag.py:1833} INFO - Sync 1 DAGs
[2021-08-28 23:53:20,349] {logging_mixin.py:109} INFO - [2021-08-28 23:53:20,349] {dag.py:2306} INFO - Setting next_dagrun for example_nested_branch_dag to 2021-08-26 00:00:00+00:00
[2021-08-28 23:53:20,364] {processor.py:170} INFO - Processing /home/paolo/Documents/Github/case-study-1-october2020-data-sweepers/DataExtraction/ENV/lib/python3.8/site-packages/airflow/example_dags/example_nested_branch_dag.py took 0.069 seconds
[2021-08-28 23:53:52,705] {processor.py:162} INFO - Started process (PID=15851) to work on /home/paolo/Documents/Github/case-study-1-october2020-data-sweepers/DataExtraction/ENV/lib/python3.8/site-packages/airflow/example_dags/example_nested_branch_dag.py
[2021-08-28 23:53:52,709] {processor.py:613} INFO - Processing file /home/paolo/Documents/Github/case-study-1-october2020-data-sweepers/DataExtraction/ENV/lib/python3.8/site-packages/airflow/example_dags/example_nested_branch_dag.py for tasks to queue
[2021-08-28 23:53:52,712] {logging_mixin.py:109} INFO - [2021-08-28 23:53:52,709] {dagbag.py:496} INFO - Filling up the DagBag from /home/paolo/Documents/Github/case-study-1-october2020-data-sweepers/DataExtraction/ENV/lib/python3.8/site-packages/airflow/example_dags/example_nested_branch_dag.py
[2021-08-28 23:53:52,739] {processor.py:623} INFO - DAG(s) dict_keys(['example_nested_branch_dag']) retrieved from /home/paolo/Documents/Github/case-study-1-october2020-data-sweepers/DataExtraction/ENV/lib/python3.8/site-packages/airflow/example_dags/example_nested_branch_dag.py
[2021-08-28 23:53:52,781] {logging_mixin.py:109} INFO - [2021-08-28 23:53:52,781] {dag.py:1833} INFO - Sync 1 DAGs
[2021-08-28 23:53:52,807] {logging_mixin.py:109} INFO - [2021-08-28 23:53:52,806] {dag.py:2306} INFO - Setting next_dagrun for example_nested_branch_dag to 2021-08-26 00:00:00+00:00
[2021-08-28 23:53:52,838] {processor.py:170} INFO - Processing /home/paolo/Documents/Github/case-study-1-october2020-data-sweepers/DataExtraction/ENV/lib/python3.8/site-packages/airflow/example_dags/example_nested_branch_dag.py took 0.135 seconds
[2021-08-28 23:56:04,824] {processor.py:162} INFO - Started process (PID=16306) to work on /home/paolo/Documents/Github/case-study-1-october2020-data-sweepers/DataExtraction/ENV/lib/python3.8/site-packages/airflow/example_dags/example_nested_branch_dag.py
[2021-08-28 23:56:04,826] {processor.py:613} INFO - Processing file /home/paolo/Documents/Github/case-study-1-october2020-data-sweepers/DataExtraction/ENV/lib/python3.8/site-packages/airflow/example_dags/example_nested_branch_dag.py for tasks to queue
[2021-08-28 23:56:04,828] {logging_mixin.py:109} INFO - [2021-08-28 23:56:04,828] {dagbag.py:496} INFO - Filling up the DagBag from /home/paolo/Documents/Github/case-study-1-october2020-data-sweepers/DataExtraction/ENV/lib/python3.8/site-packages/airflow/example_dags/example_nested_branch_dag.py
[2021-08-28 23:56:04,848] {processor.py:623} INFO - DAG(s) dict_keys(['example_nested_branch_dag']) retrieved from /home/paolo/Documents/Github/case-study-1-october2020-data-sweepers/DataExtraction/ENV/lib/python3.8/site-packages/airflow/example_dags/example_nested_branch_dag.py
[2021-08-28 23:56:04,867] {logging_mixin.py:109} INFO - [2021-08-28 23:56:04,867] {dag.py:1833} INFO - Sync 1 DAGs
[2021-08-28 23:56:04,917] {logging_mixin.py:109} INFO - [2021-08-28 23:56:04,917] {dag.py:2306} INFO - Setting next_dagrun for example_nested_branch_dag to 2021-08-26 00:00:00+00:00
[2021-08-28 23:56:04,946] {processor.py:170} INFO - Processing /home/paolo/Documents/Github/case-study-1-october2020-data-sweepers/DataExtraction/ENV/lib/python3.8/site-packages/airflow/example_dags/example_nested_branch_dag.py took 0.125 seconds
[2021-08-28 23:56:45,001] {processor.py:162} INFO - Started process (PID=16601) to work on /home/paolo/Documents/Github/case-study-1-october2020-data-sweepers/DataExtraction/ENV/lib/python3.8/site-packages/airflow/example_dags/example_nested_branch_dag.py
[2021-08-28 23:56:45,004] {processor.py:613} INFO - Processing file /home/paolo/Documents/Github/case-study-1-october2020-data-sweepers/DataExtraction/ENV/lib/python3.8/site-packages/airflow/example_dags/example_nested_branch_dag.py for tasks to queue
[2021-08-28 23:56:45,005] {logging_mixin.py:109} INFO - [2021-08-28 23:56:45,004] {dagbag.py:496} INFO - Filling up the DagBag from /home/paolo/Documents/Github/case-study-1-october2020-data-sweepers/DataExtraction/ENV/lib/python3.8/site-packages/airflow/example_dags/example_nested_branch_dag.py
[2021-08-28 23:56:45,040] {processor.py:623} INFO - DAG(s) dict_keys(['example_nested_branch_dag']) retrieved from /home/paolo/Documents/Github/case-study-1-october2020-data-sweepers/DataExtraction/ENV/lib/python3.8/site-packages/airflow/example_dags/example_nested_branch_dag.py
[2021-08-28 23:56:45,066] {logging_mixin.py:109} INFO - [2021-08-28 23:56:45,066] {dag.py:1833} INFO - Sync 1 DAGs
[2021-08-28 23:56:45,113] {logging_mixin.py:109} INFO - [2021-08-28 23:56:45,113] {dag.py:2306} INFO - Setting next_dagrun for example_nested_branch_dag to 2021-08-26 00:00:00+00:00
[2021-08-28 23:56:45,172] {processor.py:170} INFO - Processing /home/paolo/Documents/Github/case-study-1-october2020-data-sweepers/DataExtraction/ENV/lib/python3.8/site-packages/airflow/example_dags/example_nested_branch_dag.py took 0.175 seconds
[2021-08-28 23:57:24,183] {processor.py:162} INFO - Started process (PID=16924) to work on /home/paolo/Documents/Github/case-study-1-october2020-data-sweepers/DataExtraction/ENV/lib/python3.8/site-packages/airflow/example_dags/example_nested_branch_dag.py
[2021-08-28 23:57:24,184] {processor.py:613} INFO - Processing file /home/paolo/Documents/Github/case-study-1-october2020-data-sweepers/DataExtraction/ENV/lib/python3.8/site-packages/airflow/example_dags/example_nested_branch_dag.py for tasks to queue
[2021-08-28 23:57:24,185] {logging_mixin.py:109} INFO - [2021-08-28 23:57:24,184] {dagbag.py:496} INFO - Filling up the DagBag from /home/paolo/Documents/Github/case-study-1-october2020-data-sweepers/DataExtraction/ENV/lib/python3.8/site-packages/airflow/example_dags/example_nested_branch_dag.py
[2021-08-28 23:57:24,198] {processor.py:623} INFO - DAG(s) dict_keys(['example_nested_branch_dag']) retrieved from /home/paolo/Documents/Github/case-study-1-october2020-data-sweepers/DataExtraction/ENV/lib/python3.8/site-packages/airflow/example_dags/example_nested_branch_dag.py
[2021-08-28 23:57:24,210] {logging_mixin.py:109} INFO - [2021-08-28 23:57:24,210] {dag.py:1833} INFO - Sync 1 DAGs
[2021-08-28 23:57:24,222] {logging_mixin.py:109} INFO - [2021-08-28 23:57:24,222] {dag.py:2306} INFO - Setting next_dagrun for example_nested_branch_dag to 2021-08-26 00:00:00+00:00
[2021-08-28 23:57:24,238] {processor.py:170} INFO - Processing /home/paolo/Documents/Github/case-study-1-october2020-data-sweepers/DataExtraction/ENV/lib/python3.8/site-packages/airflow/example_dags/example_nested_branch_dag.py took 0.058 seconds
[2021-08-28 23:58:03,218] {processor.py:162} INFO - Started process (PID=17265) to work on /home/paolo/Documents/Github/case-study-1-october2020-data-sweepers/DataExtraction/ENV/lib/python3.8/site-packages/airflow/example_dags/example_nested_branch_dag.py
[2021-08-28 23:58:03,225] {processor.py:613} INFO - Processing file /home/paolo/Documents/Github/case-study-1-october2020-data-sweepers/DataExtraction/ENV/lib/python3.8/site-packages/airflow/example_dags/example_nested_branch_dag.py for tasks to queue
[2021-08-28 23:58:03,231] {logging_mixin.py:109} INFO - [2021-08-28 23:58:03,231] {dagbag.py:496} INFO - Filling up the DagBag from /home/paolo/Documents/Github/case-study-1-october2020-data-sweepers/DataExtraction/ENV/lib/python3.8/site-packages/airflow/example_dags/example_nested_branch_dag.py
[2021-08-28 23:58:03,259] {processor.py:623} INFO - DAG(s) dict_keys(['example_nested_branch_dag']) retrieved from /home/paolo/Documents/Github/case-study-1-october2020-data-sweepers/DataExtraction/ENV/lib/python3.8/site-packages/airflow/example_dags/example_nested_branch_dag.py
[2021-08-28 23:58:03,306] {logging_mixin.py:109} INFO - [2021-08-28 23:58:03,305] {dag.py:1833} INFO - Sync 1 DAGs
[2021-08-28 23:58:03,330] {logging_mixin.py:109} INFO - [2021-08-28 23:58:03,330] {dag.py:2306} INFO - Setting next_dagrun for example_nested_branch_dag to 2021-08-26 00:00:00+00:00
[2021-08-28 23:58:03,368] {processor.py:170} INFO - Processing /home/paolo/Documents/Github/case-study-1-october2020-data-sweepers/DataExtraction/ENV/lib/python3.8/site-packages/airflow/example_dags/example_nested_branch_dag.py took 0.153 seconds
[2021-08-28 23:58:40,899] {processor.py:162} INFO - Started process (PID=17538) to work on /home/paolo/Documents/Github/case-study-1-october2020-data-sweepers/DataExtraction/ENV/lib/python3.8/site-packages/airflow/example_dags/example_nested_branch_dag.py
[2021-08-28 23:58:40,900] {processor.py:613} INFO - Processing file /home/paolo/Documents/Github/case-study-1-october2020-data-sweepers/DataExtraction/ENV/lib/python3.8/site-packages/airflow/example_dags/example_nested_branch_dag.py for tasks to queue
[2021-08-28 23:58:40,901] {logging_mixin.py:109} INFO - [2021-08-28 23:58:40,901] {dagbag.py:496} INFO - Filling up the DagBag from /home/paolo/Documents/Github/case-study-1-october2020-data-sweepers/DataExtraction/ENV/lib/python3.8/site-packages/airflow/example_dags/example_nested_branch_dag.py
[2021-08-28 23:58:40,921] {processor.py:623} INFO - DAG(s) dict_keys(['example_nested_branch_dag']) retrieved from /home/paolo/Documents/Github/case-study-1-october2020-data-sweepers/DataExtraction/ENV/lib/python3.8/site-packages/airflow/example_dags/example_nested_branch_dag.py
[2021-08-28 23:58:40,938] {logging_mixin.py:109} INFO - [2021-08-28 23:58:40,938] {dag.py:1833} INFO - Sync 1 DAGs
[2021-08-28 23:58:40,954] {logging_mixin.py:109} INFO - [2021-08-28 23:58:40,954] {dag.py:2306} INFO - Setting next_dagrun for example_nested_branch_dag to 2021-08-26 00:00:00+00:00
[2021-08-28 23:58:40,981] {processor.py:170} INFO - Processing /home/paolo/Documents/Github/case-study-1-october2020-data-sweepers/DataExtraction/ENV/lib/python3.8/site-packages/airflow/example_dags/example_nested_branch_dag.py took 0.086 seconds
