[2021-08-28 23:37:22,221] {processor.py:162} INFO - Started process (PID=13065) to work on /home/paolo/Documents/Github/case-study-1-october2020-data-sweepers/DataExtraction/ENV/lib/python3.8/site-packages/airflow/example_dags/example_kubernetes_executor_config.py
[2021-08-28 23:37:22,222] {processor.py:613} INFO - Processing file /home/paolo/Documents/Github/case-study-1-october2020-data-sweepers/DataExtraction/ENV/lib/python3.8/site-packages/airflow/example_dags/example_kubernetes_executor_config.py for tasks to queue
[2021-08-28 23:37:22,223] {logging_mixin.py:109} INFO - [2021-08-28 23:37:22,223] {dagbag.py:496} INFO - Filling up the DagBag from /home/paolo/Documents/Github/case-study-1-october2020-data-sweepers/DataExtraction/ENV/lib/python3.8/site-packages/airflow/example_dags/example_kubernetes_executor_config.py
[2021-08-28 23:37:22,231] {logging_mixin.py:109} INFO - [2021-08-28 23:37:22,231] {example_kubernetes_executor_config.py:175} WARNING - Could not import DAGs in example_kubernetes_executor_config.py: No module named 'kubernetes'
[2021-08-28 23:37:22,231] {logging_mixin.py:109} INFO - [2021-08-28 23:37:22,231] {example_kubernetes_executor_config.py:176} WARNING - Install kubernetes dependencies with: pip install apache-airflow['cncf.kubernetes']
[2021-08-28 23:37:22,232] {processor.py:625} WARNING - No viable dags retrieved from /home/paolo/Documents/Github/case-study-1-october2020-data-sweepers/DataExtraction/ENV/lib/python3.8/site-packages/airflow/example_dags/example_kubernetes_executor_config.py
[2021-08-28 23:37:22,240] {processor.py:170} INFO - Processing /home/paolo/Documents/Github/case-study-1-october2020-data-sweepers/DataExtraction/ENV/lib/python3.8/site-packages/airflow/example_dags/example_kubernetes_executor_config.py took 0.022 seconds
[2021-08-28 23:37:58,113] {processor.py:162} INFO - Started process (PID=13227) to work on /home/paolo/Documents/Github/case-study-1-october2020-data-sweepers/DataExtraction/ENV/lib/python3.8/site-packages/airflow/example_dags/example_kubernetes_executor_config.py
[2021-08-28 23:37:58,114] {processor.py:613} INFO - Processing file /home/paolo/Documents/Github/case-study-1-october2020-data-sweepers/DataExtraction/ENV/lib/python3.8/site-packages/airflow/example_dags/example_kubernetes_executor_config.py for tasks to queue
[2021-08-28 23:37:58,115] {logging_mixin.py:109} INFO - [2021-08-28 23:37:58,115] {dagbag.py:496} INFO - Filling up the DagBag from /home/paolo/Documents/Github/case-study-1-october2020-data-sweepers/DataExtraction/ENV/lib/python3.8/site-packages/airflow/example_dags/example_kubernetes_executor_config.py
[2021-08-28 23:37:58,133] {logging_mixin.py:109} INFO - [2021-08-28 23:37:58,133] {example_kubernetes_executor_config.py:175} WARNING - Could not import DAGs in example_kubernetes_executor_config.py: No module named 'kubernetes'
[2021-08-28 23:37:58,134] {logging_mixin.py:109} INFO - [2021-08-28 23:37:58,134] {example_kubernetes_executor_config.py:176} WARNING - Install kubernetes dependencies with: pip install apache-airflow['cncf.kubernetes']
[2021-08-28 23:37:58,136] {processor.py:625} WARNING - No viable dags retrieved from /home/paolo/Documents/Github/case-study-1-october2020-data-sweepers/DataExtraction/ENV/lib/python3.8/site-packages/airflow/example_dags/example_kubernetes_executor_config.py
[2021-08-28 23:37:58,152] {processor.py:170} INFO - Processing /home/paolo/Documents/Github/case-study-1-october2020-data-sweepers/DataExtraction/ENV/lib/python3.8/site-packages/airflow/example_dags/example_kubernetes_executor_config.py took 0.050 seconds
[2021-08-28 23:38:40,448] {processor.py:162} INFO - Started process (PID=13321) to work on /home/paolo/Documents/Github/case-study-1-october2020-data-sweepers/DataExtraction/ENV/lib/python3.8/site-packages/airflow/example_dags/example_kubernetes_executor_config.py
[2021-08-28 23:38:40,450] {processor.py:613} INFO - Processing file /home/paolo/Documents/Github/case-study-1-october2020-data-sweepers/DataExtraction/ENV/lib/python3.8/site-packages/airflow/example_dags/example_kubernetes_executor_config.py for tasks to queue
[2021-08-28 23:38:40,451] {logging_mixin.py:109} INFO - [2021-08-28 23:38:40,451] {dagbag.py:496} INFO - Filling up the DagBag from /home/paolo/Documents/Github/case-study-1-october2020-data-sweepers/DataExtraction/ENV/lib/python3.8/site-packages/airflow/example_dags/example_kubernetes_executor_config.py
[2021-08-28 23:38:40,459] {logging_mixin.py:109} INFO - [2021-08-28 23:38:40,459] {example_kubernetes_executor_config.py:175} WARNING - Could not import DAGs in example_kubernetes_executor_config.py: No module named 'kubernetes'
[2021-08-28 23:38:40,459] {logging_mixin.py:109} INFO - [2021-08-28 23:38:40,459] {example_kubernetes_executor_config.py:176} WARNING - Install kubernetes dependencies with: pip install apache-airflow['cncf.kubernetes']
[2021-08-28 23:38:40,460] {processor.py:625} WARNING - No viable dags retrieved from /home/paolo/Documents/Github/case-study-1-october2020-data-sweepers/DataExtraction/ENV/lib/python3.8/site-packages/airflow/example_dags/example_kubernetes_executor_config.py
[2021-08-28 23:38:40,469] {processor.py:170} INFO - Processing /home/paolo/Documents/Github/case-study-1-october2020-data-sweepers/DataExtraction/ENV/lib/python3.8/site-packages/airflow/example_dags/example_kubernetes_executor_config.py took 0.024 seconds
[2021-08-28 23:39:14,367] {processor.py:162} INFO - Started process (PID=13412) to work on /home/paolo/Documents/Github/case-study-1-october2020-data-sweepers/DataExtraction/ENV/lib/python3.8/site-packages/airflow/example_dags/example_kubernetes_executor_config.py
[2021-08-28 23:39:14,368] {processor.py:613} INFO - Processing file /home/paolo/Documents/Github/case-study-1-october2020-data-sweepers/DataExtraction/ENV/lib/python3.8/site-packages/airflow/example_dags/example_kubernetes_executor_config.py for tasks to queue
[2021-08-28 23:39:14,369] {logging_mixin.py:109} INFO - [2021-08-28 23:39:14,368] {dagbag.py:496} INFO - Filling up the DagBag from /home/paolo/Documents/Github/case-study-1-october2020-data-sweepers/DataExtraction/ENV/lib/python3.8/site-packages/airflow/example_dags/example_kubernetes_executor_config.py
[2021-08-28 23:39:14,380] {logging_mixin.py:109} INFO - [2021-08-28 23:39:14,380] {example_kubernetes_executor_config.py:175} WARNING - Could not import DAGs in example_kubernetes_executor_config.py: No module named 'kubernetes'
[2021-08-28 23:39:14,380] {logging_mixin.py:109} INFO - [2021-08-28 23:39:14,380] {example_kubernetes_executor_config.py:176} WARNING - Install kubernetes dependencies with: pip install apache-airflow['cncf.kubernetes']
[2021-08-28 23:39:14,381] {processor.py:625} WARNING - No viable dags retrieved from /home/paolo/Documents/Github/case-study-1-october2020-data-sweepers/DataExtraction/ENV/lib/python3.8/site-packages/airflow/example_dags/example_kubernetes_executor_config.py
[2021-08-28 23:39:14,393] {processor.py:170} INFO - Processing /home/paolo/Documents/Github/case-study-1-october2020-data-sweepers/DataExtraction/ENV/lib/python3.8/site-packages/airflow/example_dags/example_kubernetes_executor_config.py took 0.030 seconds
[2021-08-28 23:39:51,274] {processor.py:162} INFO - Started process (PID=13608) to work on /home/paolo/Documents/Github/case-study-1-october2020-data-sweepers/DataExtraction/ENV/lib/python3.8/site-packages/airflow/example_dags/example_kubernetes_executor_config.py
[2021-08-28 23:39:51,276] {processor.py:613} INFO - Processing file /home/paolo/Documents/Github/case-study-1-october2020-data-sweepers/DataExtraction/ENV/lib/python3.8/site-packages/airflow/example_dags/example_kubernetes_executor_config.py for tasks to queue
[2021-08-28 23:39:51,277] {logging_mixin.py:109} INFO - [2021-08-28 23:39:51,277] {dagbag.py:496} INFO - Filling up the DagBag from /home/paolo/Documents/Github/case-study-1-october2020-data-sweepers/DataExtraction/ENV/lib/python3.8/site-packages/airflow/example_dags/example_kubernetes_executor_config.py
[2021-08-28 23:39:51,286] {logging_mixin.py:109} INFO - [2021-08-28 23:39:51,286] {example_kubernetes_executor_config.py:175} WARNING - Could not import DAGs in example_kubernetes_executor_config.py: No module named 'kubernetes'
[2021-08-28 23:39:51,290] {logging_mixin.py:109} INFO - [2021-08-28 23:39:51,290] {example_kubernetes_executor_config.py:176} WARNING - Install kubernetes dependencies with: pip install apache-airflow['cncf.kubernetes']
[2021-08-28 23:39:51,291] {processor.py:625} WARNING - No viable dags retrieved from /home/paolo/Documents/Github/case-study-1-october2020-data-sweepers/DataExtraction/ENV/lib/python3.8/site-packages/airflow/example_dags/example_kubernetes_executor_config.py
[2021-08-28 23:39:51,299] {processor.py:170} INFO - Processing /home/paolo/Documents/Github/case-study-1-october2020-data-sweepers/DataExtraction/ENV/lib/python3.8/site-packages/airflow/example_dags/example_kubernetes_executor_config.py took 0.033 seconds
[2021-08-28 23:40:29,526] {processor.py:162} INFO - Started process (PID=13824) to work on /home/paolo/Documents/Github/case-study-1-october2020-data-sweepers/DataExtraction/ENV/lib/python3.8/site-packages/airflow/example_dags/example_kubernetes_executor_config.py
[2021-08-28 23:40:29,527] {processor.py:613} INFO - Processing file /home/paolo/Documents/Github/case-study-1-october2020-data-sweepers/DataExtraction/ENV/lib/python3.8/site-packages/airflow/example_dags/example_kubernetes_executor_config.py for tasks to queue
[2021-08-28 23:40:29,528] {logging_mixin.py:109} INFO - [2021-08-28 23:40:29,528] {dagbag.py:496} INFO - Filling up the DagBag from /home/paolo/Documents/Github/case-study-1-october2020-data-sweepers/DataExtraction/ENV/lib/python3.8/site-packages/airflow/example_dags/example_kubernetes_executor_config.py
[2021-08-28 23:40:29,534] {logging_mixin.py:109} INFO - [2021-08-28 23:40:29,534] {example_kubernetes_executor_config.py:175} WARNING - Could not import DAGs in example_kubernetes_executor_config.py: No module named 'kubernetes'
[2021-08-28 23:40:29,534] {logging_mixin.py:109} INFO - [2021-08-28 23:40:29,534] {example_kubernetes_executor_config.py:176} WARNING - Install kubernetes dependencies with: pip install apache-airflow['cncf.kubernetes']
[2021-08-28 23:40:29,535] {processor.py:625} WARNING - No viable dags retrieved from /home/paolo/Documents/Github/case-study-1-october2020-data-sweepers/DataExtraction/ENV/lib/python3.8/site-packages/airflow/example_dags/example_kubernetes_executor_config.py
[2021-08-28 23:40:29,542] {processor.py:170} INFO - Processing /home/paolo/Documents/Github/case-study-1-october2020-data-sweepers/DataExtraction/ENV/lib/python3.8/site-packages/airflow/example_dags/example_kubernetes_executor_config.py took 0.019 seconds
[2021-08-28 23:41:07,317] {processor.py:162} INFO - Started process (PID=14002) to work on /home/paolo/Documents/Github/case-study-1-october2020-data-sweepers/DataExtraction/ENV/lib/python3.8/site-packages/airflow/example_dags/example_kubernetes_executor_config.py
[2021-08-28 23:41:07,318] {processor.py:613} INFO - Processing file /home/paolo/Documents/Github/case-study-1-october2020-data-sweepers/DataExtraction/ENV/lib/python3.8/site-packages/airflow/example_dags/example_kubernetes_executor_config.py for tasks to queue
[2021-08-28 23:41:07,319] {logging_mixin.py:109} INFO - [2021-08-28 23:41:07,319] {dagbag.py:496} INFO - Filling up the DagBag from /home/paolo/Documents/Github/case-study-1-october2020-data-sweepers/DataExtraction/ENV/lib/python3.8/site-packages/airflow/example_dags/example_kubernetes_executor_config.py
[2021-08-28 23:41:07,325] {logging_mixin.py:109} INFO - [2021-08-28 23:41:07,325] {example_kubernetes_executor_config.py:175} WARNING - Could not import DAGs in example_kubernetes_executor_config.py: No module named 'kubernetes'
[2021-08-28 23:41:07,326] {logging_mixin.py:109} INFO - [2021-08-28 23:41:07,325] {example_kubernetes_executor_config.py:176} WARNING - Install kubernetes dependencies with: pip install apache-airflow['cncf.kubernetes']
[2021-08-28 23:41:07,327] {processor.py:625} WARNING - No viable dags retrieved from /home/paolo/Documents/Github/case-study-1-october2020-data-sweepers/DataExtraction/ENV/lib/python3.8/site-packages/airflow/example_dags/example_kubernetes_executor_config.py
[2021-08-28 23:41:07,337] {processor.py:170} INFO - Processing /home/paolo/Documents/Github/case-study-1-october2020-data-sweepers/DataExtraction/ENV/lib/python3.8/site-packages/airflow/example_dags/example_kubernetes_executor_config.py took 0.023 seconds
[2021-08-28 23:41:44,047] {processor.py:162} INFO - Started process (PID=14116) to work on /home/paolo/Documents/Github/case-study-1-october2020-data-sweepers/DataExtraction/ENV/lib/python3.8/site-packages/airflow/example_dags/example_kubernetes_executor_config.py
[2021-08-28 23:41:44,050] {processor.py:613} INFO - Processing file /home/paolo/Documents/Github/case-study-1-october2020-data-sweepers/DataExtraction/ENV/lib/python3.8/site-packages/airflow/example_dags/example_kubernetes_executor_config.py for tasks to queue
[2021-08-28 23:41:44,052] {logging_mixin.py:109} INFO - [2021-08-28 23:41:44,052] {dagbag.py:496} INFO - Filling up the DagBag from /home/paolo/Documents/Github/case-study-1-october2020-data-sweepers/DataExtraction/ENV/lib/python3.8/site-packages/airflow/example_dags/example_kubernetes_executor_config.py
[2021-08-28 23:41:44,064] {logging_mixin.py:109} INFO - [2021-08-28 23:41:44,064] {example_kubernetes_executor_config.py:175} WARNING - Could not import DAGs in example_kubernetes_executor_config.py: No module named 'kubernetes'
[2021-08-28 23:41:44,064] {logging_mixin.py:109} INFO - [2021-08-28 23:41:44,064] {example_kubernetes_executor_config.py:176} WARNING - Install kubernetes dependencies with: pip install apache-airflow['cncf.kubernetes']
[2021-08-28 23:41:44,065] {processor.py:625} WARNING - No viable dags retrieved from /home/paolo/Documents/Github/case-study-1-october2020-data-sweepers/DataExtraction/ENV/lib/python3.8/site-packages/airflow/example_dags/example_kubernetes_executor_config.py
[2021-08-28 23:41:44,075] {processor.py:170} INFO - Processing /home/paolo/Documents/Github/case-study-1-october2020-data-sweepers/DataExtraction/ENV/lib/python3.8/site-packages/airflow/example_dags/example_kubernetes_executor_config.py took 0.034 seconds
[2021-08-28 23:42:16,769] {processor.py:162} INFO - Started process (PID=14217) to work on /home/paolo/Documents/Github/case-study-1-october2020-data-sweepers/DataExtraction/ENV/lib/python3.8/site-packages/airflow/example_dags/example_kubernetes_executor_config.py
[2021-08-28 23:42:16,770] {processor.py:613} INFO - Processing file /home/paolo/Documents/Github/case-study-1-october2020-data-sweepers/DataExtraction/ENV/lib/python3.8/site-packages/airflow/example_dags/example_kubernetes_executor_config.py for tasks to queue
[2021-08-28 23:42:16,770] {logging_mixin.py:109} INFO - [2021-08-28 23:42:16,770] {dagbag.py:496} INFO - Filling up the DagBag from /home/paolo/Documents/Github/case-study-1-october2020-data-sweepers/DataExtraction/ENV/lib/python3.8/site-packages/airflow/example_dags/example_kubernetes_executor_config.py
[2021-08-28 23:42:16,775] {logging_mixin.py:109} INFO - [2021-08-28 23:42:16,775] {example_kubernetes_executor_config.py:175} WARNING - Could not import DAGs in example_kubernetes_executor_config.py: No module named 'kubernetes'
[2021-08-28 23:42:16,775] {logging_mixin.py:109} INFO - [2021-08-28 23:42:16,775] {example_kubernetes_executor_config.py:176} WARNING - Install kubernetes dependencies with: pip install apache-airflow['cncf.kubernetes']
[2021-08-28 23:42:16,776] {processor.py:625} WARNING - No viable dags retrieved from /home/paolo/Documents/Github/case-study-1-october2020-data-sweepers/DataExtraction/ENV/lib/python3.8/site-packages/airflow/example_dags/example_kubernetes_executor_config.py
[2021-08-28 23:42:16,783] {processor.py:170} INFO - Processing /home/paolo/Documents/Github/case-study-1-october2020-data-sweepers/DataExtraction/ENV/lib/python3.8/site-packages/airflow/example_dags/example_kubernetes_executor_config.py took 0.016 seconds
[2021-08-28 23:42:48,949] {processor.py:162} INFO - Started process (PID=14287) to work on /home/paolo/Documents/Github/case-study-1-october2020-data-sweepers/DataExtraction/ENV/lib/python3.8/site-packages/airflow/example_dags/example_kubernetes_executor_config.py
[2021-08-28 23:42:48,950] {processor.py:613} INFO - Processing file /home/paolo/Documents/Github/case-study-1-october2020-data-sweepers/DataExtraction/ENV/lib/python3.8/site-packages/airflow/example_dags/example_kubernetes_executor_config.py for tasks to queue
[2021-08-28 23:42:48,951] {logging_mixin.py:109} INFO - [2021-08-28 23:42:48,951] {dagbag.py:496} INFO - Filling up the DagBag from /home/paolo/Documents/Github/case-study-1-october2020-data-sweepers/DataExtraction/ENV/lib/python3.8/site-packages/airflow/example_dags/example_kubernetes_executor_config.py
[2021-08-28 23:42:48,961] {logging_mixin.py:109} INFO - [2021-08-28 23:42:48,960] {example_kubernetes_executor_config.py:175} WARNING - Could not import DAGs in example_kubernetes_executor_config.py: No module named 'kubernetes'
[2021-08-28 23:42:48,961] {logging_mixin.py:109} INFO - [2021-08-28 23:42:48,961] {example_kubernetes_executor_config.py:176} WARNING - Install kubernetes dependencies with: pip install apache-airflow['cncf.kubernetes']
[2021-08-28 23:42:48,961] {processor.py:625} WARNING - No viable dags retrieved from /home/paolo/Documents/Github/case-study-1-october2020-data-sweepers/DataExtraction/ENV/lib/python3.8/site-packages/airflow/example_dags/example_kubernetes_executor_config.py
[2021-08-28 23:42:48,970] {processor.py:170} INFO - Processing /home/paolo/Documents/Github/case-study-1-october2020-data-sweepers/DataExtraction/ENV/lib/python3.8/site-packages/airflow/example_dags/example_kubernetes_executor_config.py took 0.024 seconds
[2021-08-28 23:43:21,938] {processor.py:162} INFO - Started process (PID=14366) to work on /home/paolo/Documents/Github/case-study-1-october2020-data-sweepers/DataExtraction/ENV/lib/python3.8/site-packages/airflow/example_dags/example_kubernetes_executor_config.py
[2021-08-28 23:43:21,940] {processor.py:613} INFO - Processing file /home/paolo/Documents/Github/case-study-1-october2020-data-sweepers/DataExtraction/ENV/lib/python3.8/site-packages/airflow/example_dags/example_kubernetes_executor_config.py for tasks to queue
[2021-08-28 23:43:21,941] {logging_mixin.py:109} INFO - [2021-08-28 23:43:21,941] {dagbag.py:496} INFO - Filling up the DagBag from /home/paolo/Documents/Github/case-study-1-october2020-data-sweepers/DataExtraction/ENV/lib/python3.8/site-packages/airflow/example_dags/example_kubernetes_executor_config.py
[2021-08-28 23:43:21,950] {logging_mixin.py:109} INFO - [2021-08-28 23:43:21,950] {example_kubernetes_executor_config.py:175} WARNING - Could not import DAGs in example_kubernetes_executor_config.py: No module named 'kubernetes'
[2021-08-28 23:43:21,950] {logging_mixin.py:109} INFO - [2021-08-28 23:43:21,950] {example_kubernetes_executor_config.py:176} WARNING - Install kubernetes dependencies with: pip install apache-airflow['cncf.kubernetes']
[2021-08-28 23:43:21,950] {processor.py:625} WARNING - No viable dags retrieved from /home/paolo/Documents/Github/case-study-1-october2020-data-sweepers/DataExtraction/ENV/lib/python3.8/site-packages/airflow/example_dags/example_kubernetes_executor_config.py
[2021-08-28 23:43:21,958] {processor.py:170} INFO - Processing /home/paolo/Documents/Github/case-study-1-october2020-data-sweepers/DataExtraction/ENV/lib/python3.8/site-packages/airflow/example_dags/example_kubernetes_executor_config.py took 0.025 seconds
[2021-08-28 23:43:53,282] {processor.py:162} INFO - Started process (PID=14432) to work on /home/paolo/Documents/Github/case-study-1-october2020-data-sweepers/DataExtraction/ENV/lib/python3.8/site-packages/airflow/example_dags/example_kubernetes_executor_config.py
[2021-08-28 23:43:53,285] {processor.py:613} INFO - Processing file /home/paolo/Documents/Github/case-study-1-october2020-data-sweepers/DataExtraction/ENV/lib/python3.8/site-packages/airflow/example_dags/example_kubernetes_executor_config.py for tasks to queue
[2021-08-28 23:43:53,288] {logging_mixin.py:109} INFO - [2021-08-28 23:43:53,288] {dagbag.py:496} INFO - Filling up the DagBag from /home/paolo/Documents/Github/case-study-1-october2020-data-sweepers/DataExtraction/ENV/lib/python3.8/site-packages/airflow/example_dags/example_kubernetes_executor_config.py
[2021-08-28 23:43:53,297] {logging_mixin.py:109} INFO - [2021-08-28 23:43:53,297] {example_kubernetes_executor_config.py:175} WARNING - Could not import DAGs in example_kubernetes_executor_config.py: No module named 'kubernetes'
[2021-08-28 23:43:53,298] {logging_mixin.py:109} INFO - [2021-08-28 23:43:53,297] {example_kubernetes_executor_config.py:176} WARNING - Install kubernetes dependencies with: pip install apache-airflow['cncf.kubernetes']
[2021-08-28 23:43:53,298] {processor.py:625} WARNING - No viable dags retrieved from /home/paolo/Documents/Github/case-study-1-october2020-data-sweepers/DataExtraction/ENV/lib/python3.8/site-packages/airflow/example_dags/example_kubernetes_executor_config.py
[2021-08-28 23:43:53,306] {processor.py:170} INFO - Processing /home/paolo/Documents/Github/case-study-1-october2020-data-sweepers/DataExtraction/ENV/lib/python3.8/site-packages/airflow/example_dags/example_kubernetes_executor_config.py took 0.030 seconds
[2021-08-28 23:44:25,046] {processor.py:162} INFO - Started process (PID=14510) to work on /home/paolo/Documents/Github/case-study-1-october2020-data-sweepers/DataExtraction/ENV/lib/python3.8/site-packages/airflow/example_dags/example_kubernetes_executor_config.py
[2021-08-28 23:44:25,047] {processor.py:613} INFO - Processing file /home/paolo/Documents/Github/case-study-1-october2020-data-sweepers/DataExtraction/ENV/lib/python3.8/site-packages/airflow/example_dags/example_kubernetes_executor_config.py for tasks to queue
[2021-08-28 23:44:25,048] {logging_mixin.py:109} INFO - [2021-08-28 23:44:25,048] {dagbag.py:496} INFO - Filling up the DagBag from /home/paolo/Documents/Github/case-study-1-october2020-data-sweepers/DataExtraction/ENV/lib/python3.8/site-packages/airflow/example_dags/example_kubernetes_executor_config.py
[2021-08-28 23:44:25,060] {logging_mixin.py:109} INFO - [2021-08-28 23:44:25,060] {example_kubernetes_executor_config.py:175} WARNING - Could not import DAGs in example_kubernetes_executor_config.py: No module named 'kubernetes'
[2021-08-28 23:44:25,061] {logging_mixin.py:109} INFO - [2021-08-28 23:44:25,061] {example_kubernetes_executor_config.py:176} WARNING - Install kubernetes dependencies with: pip install apache-airflow['cncf.kubernetes']
[2021-08-28 23:44:25,061] {processor.py:625} WARNING - No viable dags retrieved from /home/paolo/Documents/Github/case-study-1-october2020-data-sweepers/DataExtraction/ENV/lib/python3.8/site-packages/airflow/example_dags/example_kubernetes_executor_config.py
[2021-08-28 23:44:25,083] {processor.py:170} INFO - Processing /home/paolo/Documents/Github/case-study-1-october2020-data-sweepers/DataExtraction/ENV/lib/python3.8/site-packages/airflow/example_dags/example_kubernetes_executor_config.py took 0.041 seconds
[2021-08-28 23:45:03,185] {processor.py:162} INFO - Started process (PID=14574) to work on /home/paolo/Documents/Github/case-study-1-october2020-data-sweepers/DataExtraction/ENV/lib/python3.8/site-packages/airflow/example_dags/example_kubernetes_executor_config.py
[2021-08-28 23:45:03,189] {processor.py:613} INFO - Processing file /home/paolo/Documents/Github/case-study-1-october2020-data-sweepers/DataExtraction/ENV/lib/python3.8/site-packages/airflow/example_dags/example_kubernetes_executor_config.py for tasks to queue
[2021-08-28 23:45:03,190] {logging_mixin.py:109} INFO - [2021-08-28 23:45:03,190] {dagbag.py:496} INFO - Filling up the DagBag from /home/paolo/Documents/Github/case-study-1-october2020-data-sweepers/DataExtraction/ENV/lib/python3.8/site-packages/airflow/example_dags/example_kubernetes_executor_config.py
[2021-08-28 23:45:03,202] {logging_mixin.py:109} INFO - [2021-08-28 23:45:03,202] {example_kubernetes_executor_config.py:175} WARNING - Could not import DAGs in example_kubernetes_executor_config.py: No module named 'kubernetes'
[2021-08-28 23:45:03,203] {logging_mixin.py:109} INFO - [2021-08-28 23:45:03,202] {example_kubernetes_executor_config.py:176} WARNING - Install kubernetes dependencies with: pip install apache-airflow['cncf.kubernetes']
[2021-08-28 23:45:03,203] {processor.py:625} WARNING - No viable dags retrieved from /home/paolo/Documents/Github/case-study-1-october2020-data-sweepers/DataExtraction/ENV/lib/python3.8/site-packages/airflow/example_dags/example_kubernetes_executor_config.py
[2021-08-28 23:45:03,230] {processor.py:170} INFO - Processing /home/paolo/Documents/Github/case-study-1-october2020-data-sweepers/DataExtraction/ENV/lib/python3.8/site-packages/airflow/example_dags/example_kubernetes_executor_config.py took 0.049 seconds
[2021-08-28 23:45:39,070] {processor.py:162} INFO - Started process (PID=14635) to work on /home/paolo/Documents/Github/case-study-1-october2020-data-sweepers/DataExtraction/ENV/lib/python3.8/site-packages/airflow/example_dags/example_kubernetes_executor_config.py
[2021-08-28 23:45:39,074] {processor.py:613} INFO - Processing file /home/paolo/Documents/Github/case-study-1-october2020-data-sweepers/DataExtraction/ENV/lib/python3.8/site-packages/airflow/example_dags/example_kubernetes_executor_config.py for tasks to queue
[2021-08-28 23:45:39,075] {logging_mixin.py:109} INFO - [2021-08-28 23:45:39,074] {dagbag.py:496} INFO - Filling up the DagBag from /home/paolo/Documents/Github/case-study-1-october2020-data-sweepers/DataExtraction/ENV/lib/python3.8/site-packages/airflow/example_dags/example_kubernetes_executor_config.py
[2021-08-28 23:45:39,087] {logging_mixin.py:109} INFO - [2021-08-28 23:45:39,087] {example_kubernetes_executor_config.py:175} WARNING - Could not import DAGs in example_kubernetes_executor_config.py: No module named 'kubernetes'
[2021-08-28 23:45:39,087] {logging_mixin.py:109} INFO - [2021-08-28 23:45:39,087] {example_kubernetes_executor_config.py:176} WARNING - Install kubernetes dependencies with: pip install apache-airflow['cncf.kubernetes']
[2021-08-28 23:45:39,089] {processor.py:625} WARNING - No viable dags retrieved from /home/paolo/Documents/Github/case-study-1-october2020-data-sweepers/DataExtraction/ENV/lib/python3.8/site-packages/airflow/example_dags/example_kubernetes_executor_config.py
[2021-08-28 23:45:39,106] {processor.py:170} INFO - Processing /home/paolo/Documents/Github/case-study-1-october2020-data-sweepers/DataExtraction/ENV/lib/python3.8/site-packages/airflow/example_dags/example_kubernetes_executor_config.py took 0.042 seconds
[2021-08-28 23:46:21,787] {processor.py:162} INFO - Started process (PID=14700) to work on /home/paolo/Documents/Github/case-study-1-october2020-data-sweepers/DataExtraction/ENV/lib/python3.8/site-packages/airflow/example_dags/example_kubernetes_executor_config.py
[2021-08-28 23:46:21,788] {processor.py:613} INFO - Processing file /home/paolo/Documents/Github/case-study-1-october2020-data-sweepers/DataExtraction/ENV/lib/python3.8/site-packages/airflow/example_dags/example_kubernetes_executor_config.py for tasks to queue
[2021-08-28 23:46:21,791] {logging_mixin.py:109} INFO - [2021-08-28 23:46:21,790] {dagbag.py:496} INFO - Filling up the DagBag from /home/paolo/Documents/Github/case-study-1-october2020-data-sweepers/DataExtraction/ENV/lib/python3.8/site-packages/airflow/example_dags/example_kubernetes_executor_config.py
[2021-08-28 23:46:21,801] {logging_mixin.py:109} INFO - [2021-08-28 23:46:21,801] {example_kubernetes_executor_config.py:175} WARNING - Could not import DAGs in example_kubernetes_executor_config.py: No module named 'kubernetes'
[2021-08-28 23:46:21,802] {logging_mixin.py:109} INFO - [2021-08-28 23:46:21,802] {example_kubernetes_executor_config.py:176} WARNING - Install kubernetes dependencies with: pip install apache-airflow['cncf.kubernetes']
[2021-08-28 23:46:21,802] {processor.py:625} WARNING - No viable dags retrieved from /home/paolo/Documents/Github/case-study-1-october2020-data-sweepers/DataExtraction/ENV/lib/python3.8/site-packages/airflow/example_dags/example_kubernetes_executor_config.py
[2021-08-28 23:46:21,815] {processor.py:170} INFO - Processing /home/paolo/Documents/Github/case-study-1-october2020-data-sweepers/DataExtraction/ENV/lib/python3.8/site-packages/airflow/example_dags/example_kubernetes_executor_config.py took 0.032 seconds
[2021-08-28 23:46:59,482] {processor.py:162} INFO - Started process (PID=14780) to work on /home/paolo/Documents/Github/case-study-1-october2020-data-sweepers/DataExtraction/ENV/lib/python3.8/site-packages/airflow/example_dags/example_kubernetes_executor_config.py
[2021-08-28 23:46:59,485] {processor.py:613} INFO - Processing file /home/paolo/Documents/Github/case-study-1-october2020-data-sweepers/DataExtraction/ENV/lib/python3.8/site-packages/airflow/example_dags/example_kubernetes_executor_config.py for tasks to queue
[2021-08-28 23:46:59,486] {logging_mixin.py:109} INFO - [2021-08-28 23:46:59,486] {dagbag.py:496} INFO - Filling up the DagBag from /home/paolo/Documents/Github/case-study-1-october2020-data-sweepers/DataExtraction/ENV/lib/python3.8/site-packages/airflow/example_dags/example_kubernetes_executor_config.py
[2021-08-28 23:46:59,500] {logging_mixin.py:109} INFO - [2021-08-28 23:46:59,500] {example_kubernetes_executor_config.py:175} WARNING - Could not import DAGs in example_kubernetes_executor_config.py: No module named 'kubernetes'
[2021-08-28 23:46:59,504] {logging_mixin.py:109} INFO - [2021-08-28 23:46:59,504] {example_kubernetes_executor_config.py:176} WARNING - Install kubernetes dependencies with: pip install apache-airflow['cncf.kubernetes']
[2021-08-28 23:46:59,505] {processor.py:625} WARNING - No viable dags retrieved from /home/paolo/Documents/Github/case-study-1-october2020-data-sweepers/DataExtraction/ENV/lib/python3.8/site-packages/airflow/example_dags/example_kubernetes_executor_config.py
[2021-08-28 23:46:59,524] {processor.py:170} INFO - Processing /home/paolo/Documents/Github/case-study-1-october2020-data-sweepers/DataExtraction/ENV/lib/python3.8/site-packages/airflow/example_dags/example_kubernetes_executor_config.py took 0.050 seconds
[2021-08-28 23:47:37,081] {processor.py:162} INFO - Started process (PID=14863) to work on /home/paolo/Documents/Github/case-study-1-october2020-data-sweepers/DataExtraction/ENV/lib/python3.8/site-packages/airflow/example_dags/example_kubernetes_executor_config.py
[2021-08-28 23:47:37,082] {processor.py:613} INFO - Processing file /home/paolo/Documents/Github/case-study-1-october2020-data-sweepers/DataExtraction/ENV/lib/python3.8/site-packages/airflow/example_dags/example_kubernetes_executor_config.py for tasks to queue
[2021-08-28 23:47:37,083] {logging_mixin.py:109} INFO - [2021-08-28 23:47:37,083] {dagbag.py:496} INFO - Filling up the DagBag from /home/paolo/Documents/Github/case-study-1-october2020-data-sweepers/DataExtraction/ENV/lib/python3.8/site-packages/airflow/example_dags/example_kubernetes_executor_config.py
[2021-08-28 23:47:37,099] {logging_mixin.py:109} INFO - [2021-08-28 23:47:37,099] {example_kubernetes_executor_config.py:175} WARNING - Could not import DAGs in example_kubernetes_executor_config.py: No module named 'kubernetes'
[2021-08-28 23:47:37,099] {logging_mixin.py:109} INFO - [2021-08-28 23:47:37,099] {example_kubernetes_executor_config.py:176} WARNING - Install kubernetes dependencies with: pip install apache-airflow['cncf.kubernetes']
[2021-08-28 23:47:37,099] {processor.py:625} WARNING - No viable dags retrieved from /home/paolo/Documents/Github/case-study-1-october2020-data-sweepers/DataExtraction/ENV/lib/python3.8/site-packages/airflow/example_dags/example_kubernetes_executor_config.py
[2021-08-28 23:47:37,111] {processor.py:170} INFO - Processing /home/paolo/Documents/Github/case-study-1-october2020-data-sweepers/DataExtraction/ENV/lib/python3.8/site-packages/airflow/example_dags/example_kubernetes_executor_config.py took 0.033 seconds
[2021-08-28 23:48:17,959] {processor.py:162} INFO - Started process (PID=14932) to work on /home/paolo/Documents/Github/case-study-1-october2020-data-sweepers/DataExtraction/ENV/lib/python3.8/site-packages/airflow/example_dags/example_kubernetes_executor_config.py
[2021-08-28 23:48:17,962] {processor.py:613} INFO - Processing file /home/paolo/Documents/Github/case-study-1-october2020-data-sweepers/DataExtraction/ENV/lib/python3.8/site-packages/airflow/example_dags/example_kubernetes_executor_config.py for tasks to queue
[2021-08-28 23:48:17,963] {logging_mixin.py:109} INFO - [2021-08-28 23:48:17,962] {dagbag.py:496} INFO - Filling up the DagBag from /home/paolo/Documents/Github/case-study-1-october2020-data-sweepers/DataExtraction/ENV/lib/python3.8/site-packages/airflow/example_dags/example_kubernetes_executor_config.py
[2021-08-28 23:48:17,981] {logging_mixin.py:109} INFO - [2021-08-28 23:48:17,980] {example_kubernetes_executor_config.py:175} WARNING - Could not import DAGs in example_kubernetes_executor_config.py: No module named 'kubernetes'
[2021-08-28 23:48:17,981] {logging_mixin.py:109} INFO - [2021-08-28 23:48:17,981] {example_kubernetes_executor_config.py:176} WARNING - Install kubernetes dependencies with: pip install apache-airflow['cncf.kubernetes']
[2021-08-28 23:48:17,981] {processor.py:625} WARNING - No viable dags retrieved from /home/paolo/Documents/Github/case-study-1-october2020-data-sweepers/DataExtraction/ENV/lib/python3.8/site-packages/airflow/example_dags/example_kubernetes_executor_config.py
[2021-08-28 23:48:18,004] {processor.py:170} INFO - Processing /home/paolo/Documents/Github/case-study-1-october2020-data-sweepers/DataExtraction/ENV/lib/python3.8/site-packages/airflow/example_dags/example_kubernetes_executor_config.py took 0.048 seconds
[2021-08-28 23:48:58,842] {processor.py:162} INFO - Started process (PID=15038) to work on /home/paolo/Documents/Github/case-study-1-october2020-data-sweepers/DataExtraction/ENV/lib/python3.8/site-packages/airflow/example_dags/example_kubernetes_executor_config.py
[2021-08-28 23:48:58,858] {processor.py:613} INFO - Processing file /home/paolo/Documents/Github/case-study-1-october2020-data-sweepers/DataExtraction/ENV/lib/python3.8/site-packages/airflow/example_dags/example_kubernetes_executor_config.py for tasks to queue
[2021-08-28 23:48:58,862] {logging_mixin.py:109} INFO - [2021-08-28 23:48:58,862] {dagbag.py:496} INFO - Filling up the DagBag from /home/paolo/Documents/Github/case-study-1-october2020-data-sweepers/DataExtraction/ENV/lib/python3.8/site-packages/airflow/example_dags/example_kubernetes_executor_config.py
[2021-08-28 23:48:58,904] {logging_mixin.py:109} INFO - [2021-08-28 23:48:58,904] {example_kubernetes_executor_config.py:175} WARNING - Could not import DAGs in example_kubernetes_executor_config.py: No module named 'kubernetes'
[2021-08-28 23:48:58,904] {logging_mixin.py:109} INFO - [2021-08-28 23:48:58,904] {example_kubernetes_executor_config.py:176} WARNING - Install kubernetes dependencies with: pip install apache-airflow['cncf.kubernetes']
[2021-08-28 23:48:58,904] {processor.py:625} WARNING - No viable dags retrieved from /home/paolo/Documents/Github/case-study-1-october2020-data-sweepers/DataExtraction/ENV/lib/python3.8/site-packages/airflow/example_dags/example_kubernetes_executor_config.py
[2021-08-28 23:48:58,942] {processor.py:170} INFO - Processing /home/paolo/Documents/Github/case-study-1-october2020-data-sweepers/DataExtraction/ENV/lib/python3.8/site-packages/airflow/example_dags/example_kubernetes_executor_config.py took 0.137 seconds
[2021-08-28 23:49:37,705] {processor.py:162} INFO - Started process (PID=15119) to work on /home/paolo/Documents/Github/case-study-1-october2020-data-sweepers/DataExtraction/ENV/lib/python3.8/site-packages/airflow/example_dags/example_kubernetes_executor_config.py
[2021-08-28 23:49:37,709] {processor.py:613} INFO - Processing file /home/paolo/Documents/Github/case-study-1-october2020-data-sweepers/DataExtraction/ENV/lib/python3.8/site-packages/airflow/example_dags/example_kubernetes_executor_config.py for tasks to queue
[2021-08-28 23:49:37,710] {logging_mixin.py:109} INFO - [2021-08-28 23:49:37,710] {dagbag.py:496} INFO - Filling up the DagBag from /home/paolo/Documents/Github/case-study-1-october2020-data-sweepers/DataExtraction/ENV/lib/python3.8/site-packages/airflow/example_dags/example_kubernetes_executor_config.py
[2021-08-28 23:49:37,718] {logging_mixin.py:109} INFO - [2021-08-28 23:49:37,718] {example_kubernetes_executor_config.py:175} WARNING - Could not import DAGs in example_kubernetes_executor_config.py: No module named 'kubernetes'
[2021-08-28 23:49:37,719] {logging_mixin.py:109} INFO - [2021-08-28 23:49:37,719] {example_kubernetes_executor_config.py:176} WARNING - Install kubernetes dependencies with: pip install apache-airflow['cncf.kubernetes']
[2021-08-28 23:49:37,720] {processor.py:625} WARNING - No viable dags retrieved from /home/paolo/Documents/Github/case-study-1-october2020-data-sweepers/DataExtraction/ENV/lib/python3.8/site-packages/airflow/example_dags/example_kubernetes_executor_config.py
[2021-08-28 23:49:37,728] {processor.py:170} INFO - Processing /home/paolo/Documents/Github/case-study-1-october2020-data-sweepers/DataExtraction/ENV/lib/python3.8/site-packages/airflow/example_dags/example_kubernetes_executor_config.py took 0.025 seconds
[2021-08-28 23:50:13,216] {processor.py:162} INFO - Started process (PID=15201) to work on /home/paolo/Documents/Github/case-study-1-october2020-data-sweepers/DataExtraction/ENV/lib/python3.8/site-packages/airflow/example_dags/example_kubernetes_executor_config.py
[2021-08-28 23:50:13,217] {processor.py:613} INFO - Processing file /home/paolo/Documents/Github/case-study-1-october2020-data-sweepers/DataExtraction/ENV/lib/python3.8/site-packages/airflow/example_dags/example_kubernetes_executor_config.py for tasks to queue
[2021-08-28 23:50:13,218] {logging_mixin.py:109} INFO - [2021-08-28 23:50:13,218] {dagbag.py:496} INFO - Filling up the DagBag from /home/paolo/Documents/Github/case-study-1-october2020-data-sweepers/DataExtraction/ENV/lib/python3.8/site-packages/airflow/example_dags/example_kubernetes_executor_config.py
[2021-08-28 23:50:13,224] {logging_mixin.py:109} INFO - [2021-08-28 23:50:13,223] {example_kubernetes_executor_config.py:175} WARNING - Could not import DAGs in example_kubernetes_executor_config.py: No module named 'kubernetes'
[2021-08-28 23:50:13,224] {logging_mixin.py:109} INFO - [2021-08-28 23:50:13,224] {example_kubernetes_executor_config.py:176} WARNING - Install kubernetes dependencies with: pip install apache-airflow['cncf.kubernetes']
[2021-08-28 23:50:13,224] {processor.py:625} WARNING - No viable dags retrieved from /home/paolo/Documents/Github/case-study-1-october2020-data-sweepers/DataExtraction/ENV/lib/python3.8/site-packages/airflow/example_dags/example_kubernetes_executor_config.py
[2021-08-28 23:50:13,237] {processor.py:170} INFO - Processing /home/paolo/Documents/Github/case-study-1-october2020-data-sweepers/DataExtraction/ENV/lib/python3.8/site-packages/airflow/example_dags/example_kubernetes_executor_config.py took 0.026 seconds
[2021-08-28 23:50:46,684] {processor.py:162} INFO - Started process (PID=15269) to work on /home/paolo/Documents/Github/case-study-1-october2020-data-sweepers/DataExtraction/ENV/lib/python3.8/site-packages/airflow/example_dags/example_kubernetes_executor_config.py
[2021-08-28 23:50:46,685] {processor.py:613} INFO - Processing file /home/paolo/Documents/Github/case-study-1-october2020-data-sweepers/DataExtraction/ENV/lib/python3.8/site-packages/airflow/example_dags/example_kubernetes_executor_config.py for tasks to queue
[2021-08-28 23:50:46,686] {logging_mixin.py:109} INFO - [2021-08-28 23:50:46,686] {dagbag.py:496} INFO - Filling up the DagBag from /home/paolo/Documents/Github/case-study-1-october2020-data-sweepers/DataExtraction/ENV/lib/python3.8/site-packages/airflow/example_dags/example_kubernetes_executor_config.py
[2021-08-28 23:50:46,700] {logging_mixin.py:109} INFO - [2021-08-28 23:50:46,699] {example_kubernetes_executor_config.py:175} WARNING - Could not import DAGs in example_kubernetes_executor_config.py: No module named 'kubernetes'
[2021-08-28 23:50:46,700] {logging_mixin.py:109} INFO - [2021-08-28 23:50:46,700] {example_kubernetes_executor_config.py:176} WARNING - Install kubernetes dependencies with: pip install apache-airflow['cncf.kubernetes']
[2021-08-28 23:50:46,700] {processor.py:625} WARNING - No viable dags retrieved from /home/paolo/Documents/Github/case-study-1-october2020-data-sweepers/DataExtraction/ENV/lib/python3.8/site-packages/airflow/example_dags/example_kubernetes_executor_config.py
[2021-08-28 23:50:46,710] {processor.py:170} INFO - Processing /home/paolo/Documents/Github/case-study-1-october2020-data-sweepers/DataExtraction/ENV/lib/python3.8/site-packages/airflow/example_dags/example_kubernetes_executor_config.py took 0.029 seconds
[2021-08-28 23:51:19,909] {processor.py:162} INFO - Started process (PID=15328) to work on /home/paolo/Documents/Github/case-study-1-october2020-data-sweepers/DataExtraction/ENV/lib/python3.8/site-packages/airflow/example_dags/example_kubernetes_executor_config.py
[2021-08-28 23:51:19,911] {processor.py:613} INFO - Processing file /home/paolo/Documents/Github/case-study-1-october2020-data-sweepers/DataExtraction/ENV/lib/python3.8/site-packages/airflow/example_dags/example_kubernetes_executor_config.py for tasks to queue
[2021-08-28 23:51:19,912] {logging_mixin.py:109} INFO - [2021-08-28 23:51:19,912] {dagbag.py:496} INFO - Filling up the DagBag from /home/paolo/Documents/Github/case-study-1-october2020-data-sweepers/DataExtraction/ENV/lib/python3.8/site-packages/airflow/example_dags/example_kubernetes_executor_config.py
[2021-08-28 23:51:19,933] {logging_mixin.py:109} INFO - [2021-08-28 23:51:19,932] {example_kubernetes_executor_config.py:175} WARNING - Could not import DAGs in example_kubernetes_executor_config.py: No module named 'kubernetes'
[2021-08-28 23:51:19,933] {logging_mixin.py:109} INFO - [2021-08-28 23:51:19,933] {example_kubernetes_executor_config.py:176} WARNING - Install kubernetes dependencies with: pip install apache-airflow['cncf.kubernetes']
[2021-08-28 23:51:19,933] {processor.py:625} WARNING - No viable dags retrieved from /home/paolo/Documents/Github/case-study-1-october2020-data-sweepers/DataExtraction/ENV/lib/python3.8/site-packages/airflow/example_dags/example_kubernetes_executor_config.py
[2021-08-28 23:51:19,947] {processor.py:170} INFO - Processing /home/paolo/Documents/Github/case-study-1-october2020-data-sweepers/DataExtraction/ENV/lib/python3.8/site-packages/airflow/example_dags/example_kubernetes_executor_config.py took 0.042 seconds
[2021-08-28 23:51:53,883] {processor.py:162} INFO - Started process (PID=15429) to work on /home/paolo/Documents/Github/case-study-1-october2020-data-sweepers/DataExtraction/ENV/lib/python3.8/site-packages/airflow/example_dags/example_kubernetes_executor_config.py
[2021-08-28 23:51:53,885] {processor.py:613} INFO - Processing file /home/paolo/Documents/Github/case-study-1-october2020-data-sweepers/DataExtraction/ENV/lib/python3.8/site-packages/airflow/example_dags/example_kubernetes_executor_config.py for tasks to queue
[2021-08-28 23:51:53,887] {logging_mixin.py:109} INFO - [2021-08-28 23:51:53,887] {dagbag.py:496} INFO - Filling up the DagBag from /home/paolo/Documents/Github/case-study-1-october2020-data-sweepers/DataExtraction/ENV/lib/python3.8/site-packages/airflow/example_dags/example_kubernetes_executor_config.py
[2021-08-28 23:51:53,899] {logging_mixin.py:109} INFO - [2021-08-28 23:51:53,899] {example_kubernetes_executor_config.py:175} WARNING - Could not import DAGs in example_kubernetes_executor_config.py: No module named 'kubernetes'
[2021-08-28 23:51:53,899] {logging_mixin.py:109} INFO - [2021-08-28 23:51:53,899] {example_kubernetes_executor_config.py:176} WARNING - Install kubernetes dependencies with: pip install apache-airflow['cncf.kubernetes']
[2021-08-28 23:51:53,899] {processor.py:625} WARNING - No viable dags retrieved from /home/paolo/Documents/Github/case-study-1-october2020-data-sweepers/DataExtraction/ENV/lib/python3.8/site-packages/airflow/example_dags/example_kubernetes_executor_config.py
[2021-08-28 23:51:53,907] {processor.py:170} INFO - Processing /home/paolo/Documents/Github/case-study-1-october2020-data-sweepers/DataExtraction/ENV/lib/python3.8/site-packages/airflow/example_dags/example_kubernetes_executor_config.py took 0.032 seconds
[2021-08-28 23:52:28,830] {processor.py:162} INFO - Started process (PID=15553) to work on /home/paolo/Documents/Github/case-study-1-october2020-data-sweepers/DataExtraction/ENV/lib/python3.8/site-packages/airflow/example_dags/example_kubernetes_executor_config.py
[2021-08-28 23:52:28,832] {processor.py:613} INFO - Processing file /home/paolo/Documents/Github/case-study-1-october2020-data-sweepers/DataExtraction/ENV/lib/python3.8/site-packages/airflow/example_dags/example_kubernetes_executor_config.py for tasks to queue
[2021-08-28 23:52:28,833] {logging_mixin.py:109} INFO - [2021-08-28 23:52:28,832] {dagbag.py:496} INFO - Filling up the DagBag from /home/paolo/Documents/Github/case-study-1-october2020-data-sweepers/DataExtraction/ENV/lib/python3.8/site-packages/airflow/example_dags/example_kubernetes_executor_config.py
[2021-08-28 23:52:28,842] {logging_mixin.py:109} INFO - [2021-08-28 23:52:28,842] {example_kubernetes_executor_config.py:175} WARNING - Could not import DAGs in example_kubernetes_executor_config.py: No module named 'kubernetes'
[2021-08-28 23:52:28,842] {logging_mixin.py:109} INFO - [2021-08-28 23:52:28,842] {example_kubernetes_executor_config.py:176} WARNING - Install kubernetes dependencies with: pip install apache-airflow['cncf.kubernetes']
[2021-08-28 23:52:28,843] {processor.py:625} WARNING - No viable dags retrieved from /home/paolo/Documents/Github/case-study-1-october2020-data-sweepers/DataExtraction/ENV/lib/python3.8/site-packages/airflow/example_dags/example_kubernetes_executor_config.py
[2021-08-28 23:52:28,851] {processor.py:170} INFO - Processing /home/paolo/Documents/Github/case-study-1-october2020-data-sweepers/DataExtraction/ENV/lib/python3.8/site-packages/airflow/example_dags/example_kubernetes_executor_config.py took 0.022 seconds
[2021-08-28 23:53:01,983] {processor.py:162} INFO - Started process (PID=15620) to work on /home/paolo/Documents/Github/case-study-1-october2020-data-sweepers/DataExtraction/ENV/lib/python3.8/site-packages/airflow/example_dags/example_kubernetes_executor_config.py
[2021-08-28 23:53:01,986] {processor.py:613} INFO - Processing file /home/paolo/Documents/Github/case-study-1-october2020-data-sweepers/DataExtraction/ENV/lib/python3.8/site-packages/airflow/example_dags/example_kubernetes_executor_config.py for tasks to queue
[2021-08-28 23:53:01,987] {logging_mixin.py:109} INFO - [2021-08-28 23:53:01,987] {dagbag.py:496} INFO - Filling up the DagBag from /home/paolo/Documents/Github/case-study-1-october2020-data-sweepers/DataExtraction/ENV/lib/python3.8/site-packages/airflow/example_dags/example_kubernetes_executor_config.py
[2021-08-28 23:53:01,997] {logging_mixin.py:109} INFO - [2021-08-28 23:53:01,997] {example_kubernetes_executor_config.py:175} WARNING - Could not import DAGs in example_kubernetes_executor_config.py: No module named 'kubernetes'
[2021-08-28 23:53:01,997] {logging_mixin.py:109} INFO - [2021-08-28 23:53:01,997] {example_kubernetes_executor_config.py:176} WARNING - Install kubernetes dependencies with: pip install apache-airflow['cncf.kubernetes']
[2021-08-28 23:53:01,998] {processor.py:625} WARNING - No viable dags retrieved from /home/paolo/Documents/Github/case-study-1-october2020-data-sweepers/DataExtraction/ENV/lib/python3.8/site-packages/airflow/example_dags/example_kubernetes_executor_config.py
[2021-08-28 23:53:02,006] {processor.py:170} INFO - Processing /home/paolo/Documents/Github/case-study-1-october2020-data-sweepers/DataExtraction/ENV/lib/python3.8/site-packages/airflow/example_dags/example_kubernetes_executor_config.py took 0.031 seconds
[2021-08-28 23:53:32,964] {processor.py:162} INFO - Started process (PID=15694) to work on /home/paolo/Documents/Github/case-study-1-october2020-data-sweepers/DataExtraction/ENV/lib/python3.8/site-packages/airflow/example_dags/example_kubernetes_executor_config.py
[2021-08-28 23:53:32,966] {processor.py:613} INFO - Processing file /home/paolo/Documents/Github/case-study-1-october2020-data-sweepers/DataExtraction/ENV/lib/python3.8/site-packages/airflow/example_dags/example_kubernetes_executor_config.py for tasks to queue
[2021-08-28 23:53:32,966] {logging_mixin.py:109} INFO - [2021-08-28 23:53:32,966] {dagbag.py:496} INFO - Filling up the DagBag from /home/paolo/Documents/Github/case-study-1-october2020-data-sweepers/DataExtraction/ENV/lib/python3.8/site-packages/airflow/example_dags/example_kubernetes_executor_config.py
[2021-08-28 23:53:32,974] {logging_mixin.py:109} INFO - [2021-08-28 23:53:32,974] {example_kubernetes_executor_config.py:175} WARNING - Could not import DAGs in example_kubernetes_executor_config.py: No module named 'kubernetes'
[2021-08-28 23:53:32,974] {logging_mixin.py:109} INFO - [2021-08-28 23:53:32,974] {example_kubernetes_executor_config.py:176} WARNING - Install kubernetes dependencies with: pip install apache-airflow['cncf.kubernetes']
[2021-08-28 23:53:32,974] {processor.py:625} WARNING - No viable dags retrieved from /home/paolo/Documents/Github/case-study-1-october2020-data-sweepers/DataExtraction/ENV/lib/python3.8/site-packages/airflow/example_dags/example_kubernetes_executor_config.py
[2021-08-28 23:53:32,982] {processor.py:170} INFO - Processing /home/paolo/Documents/Github/case-study-1-october2020-data-sweepers/DataExtraction/ENV/lib/python3.8/site-packages/airflow/example_dags/example_kubernetes_executor_config.py took 0.020 seconds
[2021-08-28 23:55:53,064] {processor.py:162} INFO - Started process (PID=16227) to work on /home/paolo/Documents/Github/case-study-1-october2020-data-sweepers/DataExtraction/ENV/lib/python3.8/site-packages/airflow/example_dags/example_kubernetes_executor_config.py
[2021-08-28 23:55:53,065] {processor.py:613} INFO - Processing file /home/paolo/Documents/Github/case-study-1-october2020-data-sweepers/DataExtraction/ENV/lib/python3.8/site-packages/airflow/example_dags/example_kubernetes_executor_config.py for tasks to queue
[2021-08-28 23:55:53,066] {logging_mixin.py:109} INFO - [2021-08-28 23:55:53,066] {dagbag.py:496} INFO - Filling up the DagBag from /home/paolo/Documents/Github/case-study-1-october2020-data-sweepers/DataExtraction/ENV/lib/python3.8/site-packages/airflow/example_dags/example_kubernetes_executor_config.py
[2021-08-28 23:55:53,073] {logging_mixin.py:109} INFO - [2021-08-28 23:55:53,073] {example_kubernetes_executor_config.py:175} WARNING - Could not import DAGs in example_kubernetes_executor_config.py: No module named 'kubernetes'
[2021-08-28 23:55:53,073] {logging_mixin.py:109} INFO - [2021-08-28 23:55:53,073] {example_kubernetes_executor_config.py:176} WARNING - Install kubernetes dependencies with: pip install apache-airflow['cncf.kubernetes']
[2021-08-28 23:55:53,073] {processor.py:625} WARNING - No viable dags retrieved from /home/paolo/Documents/Github/case-study-1-october2020-data-sweepers/DataExtraction/ENV/lib/python3.8/site-packages/airflow/example_dags/example_kubernetes_executor_config.py
[2021-08-28 23:55:53,082] {processor.py:170} INFO - Processing /home/paolo/Documents/Github/case-study-1-october2020-data-sweepers/DataExtraction/ENV/lib/python3.8/site-packages/airflow/example_dags/example_kubernetes_executor_config.py took 0.021 seconds
[2021-08-28 23:56:33,329] {processor.py:162} INFO - Started process (PID=16543) to work on /home/paolo/Documents/Github/case-study-1-october2020-data-sweepers/DataExtraction/ENV/lib/python3.8/site-packages/airflow/example_dags/example_kubernetes_executor_config.py
[2021-08-28 23:56:33,331] {processor.py:613} INFO - Processing file /home/paolo/Documents/Github/case-study-1-october2020-data-sweepers/DataExtraction/ENV/lib/python3.8/site-packages/airflow/example_dags/example_kubernetes_executor_config.py for tasks to queue
[2021-08-28 23:56:33,332] {logging_mixin.py:109} INFO - [2021-08-28 23:56:33,332] {dagbag.py:496} INFO - Filling up the DagBag from /home/paolo/Documents/Github/case-study-1-october2020-data-sweepers/DataExtraction/ENV/lib/python3.8/site-packages/airflow/example_dags/example_kubernetes_executor_config.py
[2021-08-28 23:56:33,344] {logging_mixin.py:109} INFO - [2021-08-28 23:56:33,344] {example_kubernetes_executor_config.py:175} WARNING - Could not import DAGs in example_kubernetes_executor_config.py: No module named 'kubernetes'
[2021-08-28 23:56:33,344] {logging_mixin.py:109} INFO - [2021-08-28 23:56:33,344] {example_kubernetes_executor_config.py:176} WARNING - Install kubernetes dependencies with: pip install apache-airflow['cncf.kubernetes']
[2021-08-28 23:56:33,344] {processor.py:625} WARNING - No viable dags retrieved from /home/paolo/Documents/Github/case-study-1-october2020-data-sweepers/DataExtraction/ENV/lib/python3.8/site-packages/airflow/example_dags/example_kubernetes_executor_config.py
[2021-08-28 23:56:33,354] {processor.py:170} INFO - Processing /home/paolo/Documents/Github/case-study-1-october2020-data-sweepers/DataExtraction/ENV/lib/python3.8/site-packages/airflow/example_dags/example_kubernetes_executor_config.py took 0.031 seconds
[2021-08-28 23:57:12,458] {processor.py:162} INFO - Started process (PID=16836) to work on /home/paolo/Documents/Github/case-study-1-october2020-data-sweepers/DataExtraction/ENV/lib/python3.8/site-packages/airflow/example_dags/example_kubernetes_executor_config.py
[2021-08-28 23:57:12,459] {processor.py:613} INFO - Processing file /home/paolo/Documents/Github/case-study-1-october2020-data-sweepers/DataExtraction/ENV/lib/python3.8/site-packages/airflow/example_dags/example_kubernetes_executor_config.py for tasks to queue
[2021-08-28 23:57:12,460] {logging_mixin.py:109} INFO - [2021-08-28 23:57:12,459] {dagbag.py:496} INFO - Filling up the DagBag from /home/paolo/Documents/Github/case-study-1-october2020-data-sweepers/DataExtraction/ENV/lib/python3.8/site-packages/airflow/example_dags/example_kubernetes_executor_config.py
[2021-08-28 23:57:12,467] {logging_mixin.py:109} INFO - [2021-08-28 23:57:12,467] {example_kubernetes_executor_config.py:175} WARNING - Could not import DAGs in example_kubernetes_executor_config.py: No module named 'kubernetes'
[2021-08-28 23:57:12,467] {logging_mixin.py:109} INFO - [2021-08-28 23:57:12,467] {example_kubernetes_executor_config.py:176} WARNING - Install kubernetes dependencies with: pip install apache-airflow['cncf.kubernetes']
[2021-08-28 23:57:12,467] {processor.py:625} WARNING - No viable dags retrieved from /home/paolo/Documents/Github/case-study-1-october2020-data-sweepers/DataExtraction/ENV/lib/python3.8/site-packages/airflow/example_dags/example_kubernetes_executor_config.py
[2021-08-28 23:57:12,474] {processor.py:170} INFO - Processing /home/paolo/Documents/Github/case-study-1-october2020-data-sweepers/DataExtraction/ENV/lib/python3.8/site-packages/airflow/example_dags/example_kubernetes_executor_config.py took 0.019 seconds
[2021-08-28 23:57:49,913] {processor.py:162} INFO - Started process (PID=17136) to work on /home/paolo/Documents/Github/case-study-1-october2020-data-sweepers/DataExtraction/ENV/lib/python3.8/site-packages/airflow/example_dags/example_kubernetes_executor_config.py
[2021-08-28 23:57:49,914] {processor.py:613} INFO - Processing file /home/paolo/Documents/Github/case-study-1-october2020-data-sweepers/DataExtraction/ENV/lib/python3.8/site-packages/airflow/example_dags/example_kubernetes_executor_config.py for tasks to queue
[2021-08-28 23:57:49,914] {logging_mixin.py:109} INFO - [2021-08-28 23:57:49,914] {dagbag.py:496} INFO - Filling up the DagBag from /home/paolo/Documents/Github/case-study-1-october2020-data-sweepers/DataExtraction/ENV/lib/python3.8/site-packages/airflow/example_dags/example_kubernetes_executor_config.py
[2021-08-28 23:57:49,924] {logging_mixin.py:109} INFO - [2021-08-28 23:57:49,924] {example_kubernetes_executor_config.py:175} WARNING - Could not import DAGs in example_kubernetes_executor_config.py: No module named 'kubernetes'
[2021-08-28 23:57:49,924] {logging_mixin.py:109} INFO - [2021-08-28 23:57:49,924] {example_kubernetes_executor_config.py:176} WARNING - Install kubernetes dependencies with: pip install apache-airflow['cncf.kubernetes']
[2021-08-28 23:57:49,924] {processor.py:625} WARNING - No viable dags retrieved from /home/paolo/Documents/Github/case-study-1-october2020-data-sweepers/DataExtraction/ENV/lib/python3.8/site-packages/airflow/example_dags/example_kubernetes_executor_config.py
[2021-08-28 23:57:49,934] {processor.py:170} INFO - Processing /home/paolo/Documents/Github/case-study-1-october2020-data-sweepers/DataExtraction/ENV/lib/python3.8/site-packages/airflow/example_dags/example_kubernetes_executor_config.py took 0.026 seconds
[2021-08-28 23:58:29,313] {processor.py:162} INFO - Started process (PID=17487) to work on /home/paolo/Documents/Github/case-study-1-october2020-data-sweepers/DataExtraction/ENV/lib/python3.8/site-packages/airflow/example_dags/example_kubernetes_executor_config.py
[2021-08-28 23:58:29,314] {processor.py:613} INFO - Processing file /home/paolo/Documents/Github/case-study-1-october2020-data-sweepers/DataExtraction/ENV/lib/python3.8/site-packages/airflow/example_dags/example_kubernetes_executor_config.py for tasks to queue
[2021-08-28 23:58:29,315] {logging_mixin.py:109} INFO - [2021-08-28 23:58:29,315] {dagbag.py:496} INFO - Filling up the DagBag from /home/paolo/Documents/Github/case-study-1-october2020-data-sweepers/DataExtraction/ENV/lib/python3.8/site-packages/airflow/example_dags/example_kubernetes_executor_config.py
[2021-08-28 23:58:29,320] {logging_mixin.py:109} INFO - [2021-08-28 23:58:29,320] {example_kubernetes_executor_config.py:175} WARNING - Could not import DAGs in example_kubernetes_executor_config.py: No module named 'kubernetes'
[2021-08-28 23:58:29,320] {logging_mixin.py:109} INFO - [2021-08-28 23:58:29,320] {example_kubernetes_executor_config.py:176} WARNING - Install kubernetes dependencies with: pip install apache-airflow['cncf.kubernetes']
[2021-08-28 23:58:29,321] {processor.py:625} WARNING - No viable dags retrieved from /home/paolo/Documents/Github/case-study-1-october2020-data-sweepers/DataExtraction/ENV/lib/python3.8/site-packages/airflow/example_dags/example_kubernetes_executor_config.py
[2021-08-28 23:58:29,328] {processor.py:170} INFO - Processing /home/paolo/Documents/Github/case-study-1-october2020-data-sweepers/DataExtraction/ENV/lib/python3.8/site-packages/airflow/example_dags/example_kubernetes_executor_config.py took 0.017 seconds
