[2021-08-28 23:37:16,834] {processor.py:162} INFO - Started process (PID=13053) to work on /home/paolo/Documents/Github/case-study-1-october2020-data-sweepers/DataExtraction/ENV/lib/python3.8/site-packages/airflow/example_dags/example_xcomargs.py
[2021-08-28 23:37:16,835] {processor.py:613} INFO - Processing file /home/paolo/Documents/Github/case-study-1-october2020-data-sweepers/DataExtraction/ENV/lib/python3.8/site-packages/airflow/example_dags/example_xcomargs.py for tasks to queue
[2021-08-28 23:37:16,836] {logging_mixin.py:109} INFO - [2021-08-28 23:37:16,836] {dagbag.py:496} INFO - Filling up the DagBag from /home/paolo/Documents/Github/case-study-1-october2020-data-sweepers/DataExtraction/ENV/lib/python3.8/site-packages/airflow/example_dags/example_xcomargs.py
[2021-08-28 23:37:16,855] {processor.py:623} INFO - DAG(s) dict_keys(['example_xcom_args', 'example_xcom_args_with_operators']) retrieved from /home/paolo/Documents/Github/case-study-1-october2020-data-sweepers/DataExtraction/ENV/lib/python3.8/site-packages/airflow/example_dags/example_xcomargs.py
[2021-08-28 23:37:17,169] {logging_mixin.py:109} INFO - [2021-08-28 23:37:17,169] {dag.py:1833} INFO - Sync 2 DAGs
[2021-08-28 23:37:17,178] {logging_mixin.py:109} INFO - [2021-08-28 23:37:17,178] {dag.py:2306} INFO - Setting next_dagrun for example_xcom_args to None
[2021-08-28 23:37:17,179] {logging_mixin.py:109} INFO - [2021-08-28 23:37:17,179] {dag.py:2306} INFO - Setting next_dagrun for example_xcom_args_with_operators to None
[2021-08-28 23:37:17,192] {processor.py:170} INFO - Processing /home/paolo/Documents/Github/case-study-1-october2020-data-sweepers/DataExtraction/ENV/lib/python3.8/site-packages/airflow/example_dags/example_xcomargs.py took 0.361 seconds
[2021-08-28 23:37:52,744] {processor.py:162} INFO - Started process (PID=13214) to work on /home/paolo/Documents/Github/case-study-1-october2020-data-sweepers/DataExtraction/ENV/lib/python3.8/site-packages/airflow/example_dags/example_xcomargs.py
[2021-08-28 23:37:52,746] {processor.py:613} INFO - Processing file /home/paolo/Documents/Github/case-study-1-october2020-data-sweepers/DataExtraction/ENV/lib/python3.8/site-packages/airflow/example_dags/example_xcomargs.py for tasks to queue
[2021-08-28 23:37:52,747] {logging_mixin.py:109} INFO - [2021-08-28 23:37:52,747] {dagbag.py:496} INFO - Filling up the DagBag from /home/paolo/Documents/Github/case-study-1-october2020-data-sweepers/DataExtraction/ENV/lib/python3.8/site-packages/airflow/example_dags/example_xcomargs.py
[2021-08-28 23:37:52,786] {processor.py:623} INFO - DAG(s) dict_keys(['example_xcom_args', 'example_xcom_args_with_operators']) retrieved from /home/paolo/Documents/Github/case-study-1-october2020-data-sweepers/DataExtraction/ENV/lib/python3.8/site-packages/airflow/example_dags/example_xcomargs.py
[2021-08-28 23:37:53,582] {logging_mixin.py:109} INFO - [2021-08-28 23:37:53,581] {dag.py:1833} INFO - Sync 2 DAGs
[2021-08-28 23:37:53,601] {logging_mixin.py:109} INFO - [2021-08-28 23:37:53,601] {dag.py:2306} INFO - Setting next_dagrun for example_xcom_args to None
[2021-08-28 23:37:53,603] {logging_mixin.py:109} INFO - [2021-08-28 23:37:53,602] {dag.py:2306} INFO - Setting next_dagrun for example_xcom_args_with_operators to None
[2021-08-28 23:37:53,635] {processor.py:170} INFO - Processing /home/paolo/Documents/Github/case-study-1-october2020-data-sweepers/DataExtraction/ENV/lib/python3.8/site-packages/airflow/example_dags/example_xcomargs.py took 0.903 seconds
[2021-08-28 23:38:33,474] {processor.py:162} INFO - Started process (PID=13307) to work on /home/paolo/Documents/Github/case-study-1-october2020-data-sweepers/DataExtraction/ENV/lib/python3.8/site-packages/airflow/example_dags/example_xcomargs.py
[2021-08-28 23:38:33,483] {processor.py:613} INFO - Processing file /home/paolo/Documents/Github/case-study-1-october2020-data-sweepers/DataExtraction/ENV/lib/python3.8/site-packages/airflow/example_dags/example_xcomargs.py for tasks to queue
[2021-08-28 23:38:33,491] {logging_mixin.py:109} INFO - [2021-08-28 23:38:33,490] {dagbag.py:496} INFO - Filling up the DagBag from /home/paolo/Documents/Github/case-study-1-october2020-data-sweepers/DataExtraction/ENV/lib/python3.8/site-packages/airflow/example_dags/example_xcomargs.py
[2021-08-28 23:38:33,575] {processor.py:623} INFO - DAG(s) dict_keys(['example_xcom_args', 'example_xcom_args_with_operators']) retrieved from /home/paolo/Documents/Github/case-study-1-october2020-data-sweepers/DataExtraction/ENV/lib/python3.8/site-packages/airflow/example_dags/example_xcomargs.py
[2021-08-28 23:38:34,413] {logging_mixin.py:109} INFO - [2021-08-28 23:38:34,413] {dag.py:1833} INFO - Sync 2 DAGs
[2021-08-28 23:38:34,438] {logging_mixin.py:109} INFO - [2021-08-28 23:38:34,437] {dag.py:2306} INFO - Setting next_dagrun for example_xcom_args to None
[2021-08-28 23:38:34,446] {logging_mixin.py:109} INFO - [2021-08-28 23:38:34,446] {dag.py:2306} INFO - Setting next_dagrun for example_xcom_args_with_operators to None
[2021-08-28 23:38:34,491] {processor.py:170} INFO - Processing /home/paolo/Documents/Github/case-study-1-october2020-data-sweepers/DataExtraction/ENV/lib/python3.8/site-packages/airflow/example_dags/example_xcomargs.py took 1.036 seconds
[2021-08-28 23:39:06,493] {processor.py:162} INFO - Started process (PID=13398) to work on /home/paolo/Documents/Github/case-study-1-october2020-data-sweepers/DataExtraction/ENV/lib/python3.8/site-packages/airflow/example_dags/example_xcomargs.py
[2021-08-28 23:39:06,495] {processor.py:613} INFO - Processing file /home/paolo/Documents/Github/case-study-1-october2020-data-sweepers/DataExtraction/ENV/lib/python3.8/site-packages/airflow/example_dags/example_xcomargs.py for tasks to queue
[2021-08-28 23:39:06,496] {logging_mixin.py:109} INFO - [2021-08-28 23:39:06,496] {dagbag.py:496} INFO - Filling up the DagBag from /home/paolo/Documents/Github/case-study-1-october2020-data-sweepers/DataExtraction/ENV/lib/python3.8/site-packages/airflow/example_dags/example_xcomargs.py
[2021-08-28 23:39:06,535] {processor.py:623} INFO - DAG(s) dict_keys(['example_xcom_args', 'example_xcom_args_with_operators']) retrieved from /home/paolo/Documents/Github/case-study-1-october2020-data-sweepers/DataExtraction/ENV/lib/python3.8/site-packages/airflow/example_dags/example_xcomargs.py
[2021-08-28 23:39:07,123] {logging_mixin.py:109} INFO - [2021-08-28 23:39:07,122] {dag.py:1833} INFO - Sync 2 DAGs
[2021-08-28 23:39:07,135] {logging_mixin.py:109} INFO - [2021-08-28 23:39:07,134] {dag.py:2306} INFO - Setting next_dagrun for example_xcom_args to None
[2021-08-28 23:39:07,136] {logging_mixin.py:109} INFO - [2021-08-28 23:39:07,135] {dag.py:2306} INFO - Setting next_dagrun for example_xcom_args_with_operators to None
[2021-08-28 23:39:07,160] {processor.py:170} INFO - Processing /home/paolo/Documents/Github/case-study-1-october2020-data-sweepers/DataExtraction/ENV/lib/python3.8/site-packages/airflow/example_dags/example_xcomargs.py took 0.676 seconds
[2021-08-28 23:39:43,502] {processor.py:162} INFO - Started process (PID=13585) to work on /home/paolo/Documents/Github/case-study-1-october2020-data-sweepers/DataExtraction/ENV/lib/python3.8/site-packages/airflow/example_dags/example_xcomargs.py
[2021-08-28 23:39:43,507] {processor.py:613} INFO - Processing file /home/paolo/Documents/Github/case-study-1-october2020-data-sweepers/DataExtraction/ENV/lib/python3.8/site-packages/airflow/example_dags/example_xcomargs.py for tasks to queue
[2021-08-28 23:39:43,509] {logging_mixin.py:109} INFO - [2021-08-28 23:39:43,508] {dagbag.py:496} INFO - Filling up the DagBag from /home/paolo/Documents/Github/case-study-1-october2020-data-sweepers/DataExtraction/ENV/lib/python3.8/site-packages/airflow/example_dags/example_xcomargs.py
[2021-08-28 23:39:43,571] {processor.py:623} INFO - DAG(s) dict_keys(['example_xcom_args', 'example_xcom_args_with_operators']) retrieved from /home/paolo/Documents/Github/case-study-1-october2020-data-sweepers/DataExtraction/ENV/lib/python3.8/site-packages/airflow/example_dags/example_xcomargs.py
[2021-08-28 23:39:44,197] {logging_mixin.py:109} INFO - [2021-08-28 23:39:44,197] {dag.py:1833} INFO - Sync 2 DAGs
[2021-08-28 23:39:44,215] {logging_mixin.py:109} INFO - [2021-08-28 23:39:44,215] {dag.py:2306} INFO - Setting next_dagrun for example_xcom_args to None
[2021-08-28 23:39:44,216] {logging_mixin.py:109} INFO - [2021-08-28 23:39:44,216] {dag.py:2306} INFO - Setting next_dagrun for example_xcom_args_with_operators to None
[2021-08-28 23:39:44,245] {processor.py:170} INFO - Processing /home/paolo/Documents/Github/case-study-1-october2020-data-sweepers/DataExtraction/ENV/lib/python3.8/site-packages/airflow/example_dags/example_xcomargs.py took 0.746 seconds
[2021-08-28 23:40:19,099] {processor.py:162} INFO - Started process (PID=13786) to work on /home/paolo/Documents/Github/case-study-1-october2020-data-sweepers/DataExtraction/ENV/lib/python3.8/site-packages/airflow/example_dags/example_xcomargs.py
[2021-08-28 23:40:19,101] {processor.py:613} INFO - Processing file /home/paolo/Documents/Github/case-study-1-october2020-data-sweepers/DataExtraction/ENV/lib/python3.8/site-packages/airflow/example_dags/example_xcomargs.py for tasks to queue
[2021-08-28 23:40:19,101] {logging_mixin.py:109} INFO - [2021-08-28 23:40:19,101] {dagbag.py:496} INFO - Filling up the DagBag from /home/paolo/Documents/Github/case-study-1-october2020-data-sweepers/DataExtraction/ENV/lib/python3.8/site-packages/airflow/example_dags/example_xcomargs.py
[2021-08-28 23:40:19,128] {processor.py:623} INFO - DAG(s) dict_keys(['example_xcom_args', 'example_xcom_args_with_operators']) retrieved from /home/paolo/Documents/Github/case-study-1-october2020-data-sweepers/DataExtraction/ENV/lib/python3.8/site-packages/airflow/example_dags/example_xcomargs.py
[2021-08-28 23:40:19,598] {logging_mixin.py:109} INFO - [2021-08-28 23:40:19,598] {dag.py:1833} INFO - Sync 2 DAGs
[2021-08-28 23:40:19,612] {logging_mixin.py:109} INFO - [2021-08-28 23:40:19,612] {dag.py:2306} INFO - Setting next_dagrun for example_xcom_args to None
[2021-08-28 23:40:19,613] {logging_mixin.py:109} INFO - [2021-08-28 23:40:19,613] {dag.py:2306} INFO - Setting next_dagrun for example_xcom_args_with_operators to None
[2021-08-28 23:40:19,630] {processor.py:170} INFO - Processing /home/paolo/Documents/Github/case-study-1-october2020-data-sweepers/DataExtraction/ENV/lib/python3.8/site-packages/airflow/example_dags/example_xcomargs.py took 0.534 seconds
[2021-08-28 23:40:55,580] {processor.py:162} INFO - Started process (PID=13974) to work on /home/paolo/Documents/Github/case-study-1-october2020-data-sweepers/DataExtraction/ENV/lib/python3.8/site-packages/airflow/example_dags/example_xcomargs.py
[2021-08-28 23:40:55,582] {processor.py:613} INFO - Processing file /home/paolo/Documents/Github/case-study-1-october2020-data-sweepers/DataExtraction/ENV/lib/python3.8/site-packages/airflow/example_dags/example_xcomargs.py for tasks to queue
[2021-08-28 23:40:55,583] {logging_mixin.py:109} INFO - [2021-08-28 23:40:55,582] {dagbag.py:496} INFO - Filling up the DagBag from /home/paolo/Documents/Github/case-study-1-october2020-data-sweepers/DataExtraction/ENV/lib/python3.8/site-packages/airflow/example_dags/example_xcomargs.py
[2021-08-28 23:40:55,609] {processor.py:623} INFO - DAG(s) dict_keys(['example_xcom_args', 'example_xcom_args_with_operators']) retrieved from /home/paolo/Documents/Github/case-study-1-october2020-data-sweepers/DataExtraction/ENV/lib/python3.8/site-packages/airflow/example_dags/example_xcomargs.py
[2021-08-28 23:40:56,000] {logging_mixin.py:109} INFO - [2021-08-28 23:40:56,000] {dag.py:1833} INFO - Sync 2 DAGs
[2021-08-28 23:40:56,010] {logging_mixin.py:109} INFO - [2021-08-28 23:40:56,010] {dag.py:2306} INFO - Setting next_dagrun for example_xcom_args to None
[2021-08-28 23:40:56,011] {logging_mixin.py:109} INFO - [2021-08-28 23:40:56,011] {dag.py:2306} INFO - Setting next_dagrun for example_xcom_args_with_operators to None
[2021-08-28 23:40:56,033] {processor.py:170} INFO - Processing /home/paolo/Documents/Github/case-study-1-october2020-data-sweepers/DataExtraction/ENV/lib/python3.8/site-packages/airflow/example_dags/example_xcomargs.py took 0.458 seconds
[2021-08-28 23:41:32,613] {processor.py:162} INFO - Started process (PID=14097) to work on /home/paolo/Documents/Github/case-study-1-october2020-data-sweepers/DataExtraction/ENV/lib/python3.8/site-packages/airflow/example_dags/example_xcomargs.py
[2021-08-28 23:41:32,621] {processor.py:613} INFO - Processing file /home/paolo/Documents/Github/case-study-1-october2020-data-sweepers/DataExtraction/ENV/lib/python3.8/site-packages/airflow/example_dags/example_xcomargs.py for tasks to queue
[2021-08-28 23:41:32,624] {logging_mixin.py:109} INFO - [2021-08-28 23:41:32,624] {dagbag.py:496} INFO - Filling up the DagBag from /home/paolo/Documents/Github/case-study-1-october2020-data-sweepers/DataExtraction/ENV/lib/python3.8/site-packages/airflow/example_dags/example_xcomargs.py
[2021-08-28 23:41:32,742] {processor.py:623} INFO - DAG(s) dict_keys(['example_xcom_args', 'example_xcom_args_with_operators']) retrieved from /home/paolo/Documents/Github/case-study-1-october2020-data-sweepers/DataExtraction/ENV/lib/python3.8/site-packages/airflow/example_dags/example_xcomargs.py
[2021-08-28 23:41:33,775] {logging_mixin.py:109} INFO - [2021-08-28 23:41:33,775] {dag.py:1833} INFO - Sync 2 DAGs
[2021-08-28 23:41:33,802] {logging_mixin.py:109} INFO - [2021-08-28 23:41:33,802] {dag.py:2306} INFO - Setting next_dagrun for example_xcom_args to None
[2021-08-28 23:41:33,806] {logging_mixin.py:109} INFO - [2021-08-28 23:41:33,806] {dag.py:2306} INFO - Setting next_dagrun for example_xcom_args_with_operators to None
[2021-08-28 23:41:33,840] {processor.py:170} INFO - Processing /home/paolo/Documents/Github/case-study-1-october2020-data-sweepers/DataExtraction/ENV/lib/python3.8/site-packages/airflow/example_dags/example_xcomargs.py took 1.257 seconds
[2021-08-28 23:42:06,409] {processor.py:162} INFO - Started process (PID=14162) to work on /home/paolo/Documents/Github/case-study-1-october2020-data-sweepers/DataExtraction/ENV/lib/python3.8/site-packages/airflow/example_dags/example_xcomargs.py
[2021-08-28 23:42:06,411] {processor.py:613} INFO - Processing file /home/paolo/Documents/Github/case-study-1-october2020-data-sweepers/DataExtraction/ENV/lib/python3.8/site-packages/airflow/example_dags/example_xcomargs.py for tasks to queue
[2021-08-28 23:42:06,412] {logging_mixin.py:109} INFO - [2021-08-28 23:42:06,412] {dagbag.py:496} INFO - Filling up the DagBag from /home/paolo/Documents/Github/case-study-1-october2020-data-sweepers/DataExtraction/ENV/lib/python3.8/site-packages/airflow/example_dags/example_xcomargs.py
[2021-08-28 23:42:06,434] {processor.py:623} INFO - DAG(s) dict_keys(['example_xcom_args', 'example_xcom_args_with_operators']) retrieved from /home/paolo/Documents/Github/case-study-1-october2020-data-sweepers/DataExtraction/ENV/lib/python3.8/site-packages/airflow/example_dags/example_xcomargs.py
[2021-08-28 23:42:06,675] {logging_mixin.py:109} INFO - [2021-08-28 23:42:06,675] {dag.py:1833} INFO - Sync 2 DAGs
[2021-08-28 23:42:06,683] {logging_mixin.py:109} INFO - [2021-08-28 23:42:06,683] {dag.py:2306} INFO - Setting next_dagrun for example_xcom_args to None
[2021-08-28 23:42:06,684] {logging_mixin.py:109} INFO - [2021-08-28 23:42:06,684] {dag.py:2306} INFO - Setting next_dagrun for example_xcom_args_with_operators to None
[2021-08-28 23:42:06,702] {processor.py:170} INFO - Processing /home/paolo/Documents/Github/case-study-1-october2020-data-sweepers/DataExtraction/ENV/lib/python3.8/site-packages/airflow/example_dags/example_xcomargs.py took 0.296 seconds
[2021-08-28 23:42:38,132] {processor.py:162} INFO - Started process (PID=14264) to work on /home/paolo/Documents/Github/case-study-1-october2020-data-sweepers/DataExtraction/ENV/lib/python3.8/site-packages/airflow/example_dags/example_xcomargs.py
[2021-08-28 23:42:38,133] {processor.py:613} INFO - Processing file /home/paolo/Documents/Github/case-study-1-october2020-data-sweepers/DataExtraction/ENV/lib/python3.8/site-packages/airflow/example_dags/example_xcomargs.py for tasks to queue
[2021-08-28 23:42:38,134] {logging_mixin.py:109} INFO - [2021-08-28 23:42:38,134] {dagbag.py:496} INFO - Filling up the DagBag from /home/paolo/Documents/Github/case-study-1-october2020-data-sweepers/DataExtraction/ENV/lib/python3.8/site-packages/airflow/example_dags/example_xcomargs.py
[2021-08-28 23:42:38,149] {processor.py:623} INFO - DAG(s) dict_keys(['example_xcom_args', 'example_xcom_args_with_operators']) retrieved from /home/paolo/Documents/Github/case-study-1-october2020-data-sweepers/DataExtraction/ENV/lib/python3.8/site-packages/airflow/example_dags/example_xcomargs.py
[2021-08-28 23:42:38,390] {logging_mixin.py:109} INFO - [2021-08-28 23:42:38,390] {dag.py:1833} INFO - Sync 2 DAGs
[2021-08-28 23:42:38,399] {logging_mixin.py:109} INFO - [2021-08-28 23:42:38,399] {dag.py:2306} INFO - Setting next_dagrun for example_xcom_args to None
[2021-08-28 23:42:38,400] {logging_mixin.py:109} INFO - [2021-08-28 23:42:38,399] {dag.py:2306} INFO - Setting next_dagrun for example_xcom_args_with_operators to None
[2021-08-28 23:42:38,416] {processor.py:170} INFO - Processing /home/paolo/Documents/Github/case-study-1-october2020-data-sweepers/DataExtraction/ENV/lib/python3.8/site-packages/airflow/example_dags/example_xcomargs.py took 0.286 seconds
[2021-08-28 23:43:09,067] {processor.py:162} INFO - Started process (PID=14339) to work on /home/paolo/Documents/Github/case-study-1-october2020-data-sweepers/DataExtraction/ENV/lib/python3.8/site-packages/airflow/example_dags/example_xcomargs.py
[2021-08-28 23:43:09,070] {processor.py:613} INFO - Processing file /home/paolo/Documents/Github/case-study-1-october2020-data-sweepers/DataExtraction/ENV/lib/python3.8/site-packages/airflow/example_dags/example_xcomargs.py for tasks to queue
[2021-08-28 23:43:09,071] {logging_mixin.py:109} INFO - [2021-08-28 23:43:09,071] {dagbag.py:496} INFO - Filling up the DagBag from /home/paolo/Documents/Github/case-study-1-october2020-data-sweepers/DataExtraction/ENV/lib/python3.8/site-packages/airflow/example_dags/example_xcomargs.py
[2021-08-28 23:43:09,096] {processor.py:623} INFO - DAG(s) dict_keys(['example_xcom_args', 'example_xcom_args_with_operators']) retrieved from /home/paolo/Documents/Github/case-study-1-october2020-data-sweepers/DataExtraction/ENV/lib/python3.8/site-packages/airflow/example_dags/example_xcomargs.py
[2021-08-28 23:43:09,339] {logging_mixin.py:109} INFO - [2021-08-28 23:43:09,339] {dag.py:1833} INFO - Sync 2 DAGs
[2021-08-28 23:43:09,348] {logging_mixin.py:109} INFO - [2021-08-28 23:43:09,348] {dag.py:2306} INFO - Setting next_dagrun for example_xcom_args to None
[2021-08-28 23:43:09,349] {logging_mixin.py:109} INFO - [2021-08-28 23:43:09,348] {dag.py:2306} INFO - Setting next_dagrun for example_xcom_args_with_operators to None
[2021-08-28 23:43:09,365] {processor.py:170} INFO - Processing /home/paolo/Documents/Github/case-study-1-october2020-data-sweepers/DataExtraction/ENV/lib/python3.8/site-packages/airflow/example_dags/example_xcomargs.py took 0.304 seconds
[2021-08-28 23:43:41,403] {processor.py:162} INFO - Started process (PID=14406) to work on /home/paolo/Documents/Github/case-study-1-october2020-data-sweepers/DataExtraction/ENV/lib/python3.8/site-packages/airflow/example_dags/example_xcomargs.py
[2021-08-28 23:43:41,404] {processor.py:613} INFO - Processing file /home/paolo/Documents/Github/case-study-1-october2020-data-sweepers/DataExtraction/ENV/lib/python3.8/site-packages/airflow/example_dags/example_xcomargs.py for tasks to queue
[2021-08-28 23:43:41,405] {logging_mixin.py:109} INFO - [2021-08-28 23:43:41,405] {dagbag.py:496} INFO - Filling up the DagBag from /home/paolo/Documents/Github/case-study-1-october2020-data-sweepers/DataExtraction/ENV/lib/python3.8/site-packages/airflow/example_dags/example_xcomargs.py
[2021-08-28 23:43:41,426] {processor.py:623} INFO - DAG(s) dict_keys(['example_xcom_args', 'example_xcom_args_with_operators']) retrieved from /home/paolo/Documents/Github/case-study-1-october2020-data-sweepers/DataExtraction/ENV/lib/python3.8/site-packages/airflow/example_dags/example_xcomargs.py
[2021-08-28 23:43:41,736] {logging_mixin.py:109} INFO - [2021-08-28 23:43:41,736] {dag.py:1833} INFO - Sync 2 DAGs
[2021-08-28 23:43:41,748] {logging_mixin.py:109} INFO - [2021-08-28 23:43:41,748] {dag.py:2306} INFO - Setting next_dagrun for example_xcom_args to None
[2021-08-28 23:43:41,749] {logging_mixin.py:109} INFO - [2021-08-28 23:43:41,749] {dag.py:2306} INFO - Setting next_dagrun for example_xcom_args_with_operators to None
[2021-08-28 23:43:41,769] {processor.py:170} INFO - Processing /home/paolo/Documents/Github/case-study-1-october2020-data-sweepers/DataExtraction/ENV/lib/python3.8/site-packages/airflow/example_dags/example_xcomargs.py took 0.369 seconds
[2021-08-28 23:44:12,953] {processor.py:162} INFO - Started process (PID=14469) to work on /home/paolo/Documents/Github/case-study-1-october2020-data-sweepers/DataExtraction/ENV/lib/python3.8/site-packages/airflow/example_dags/example_xcomargs.py
[2021-08-28 23:44:12,954] {processor.py:613} INFO - Processing file /home/paolo/Documents/Github/case-study-1-october2020-data-sweepers/DataExtraction/ENV/lib/python3.8/site-packages/airflow/example_dags/example_xcomargs.py for tasks to queue
[2021-08-28 23:44:12,955] {logging_mixin.py:109} INFO - [2021-08-28 23:44:12,955] {dagbag.py:496} INFO - Filling up the DagBag from /home/paolo/Documents/Github/case-study-1-october2020-data-sweepers/DataExtraction/ENV/lib/python3.8/site-packages/airflow/example_dags/example_xcomargs.py
[2021-08-28 23:44:12,975] {processor.py:623} INFO - DAG(s) dict_keys(['example_xcom_args', 'example_xcom_args_with_operators']) retrieved from /home/paolo/Documents/Github/case-study-1-october2020-data-sweepers/DataExtraction/ENV/lib/python3.8/site-packages/airflow/example_dags/example_xcomargs.py
[2021-08-28 23:44:13,288] {logging_mixin.py:109} INFO - [2021-08-28 23:44:13,288] {dag.py:1833} INFO - Sync 2 DAGs
[2021-08-28 23:44:13,298] {logging_mixin.py:109} INFO - [2021-08-28 23:44:13,298] {dag.py:2306} INFO - Setting next_dagrun for example_xcom_args to None
[2021-08-28 23:44:13,299] {logging_mixin.py:109} INFO - [2021-08-28 23:44:13,299] {dag.py:2306} INFO - Setting next_dagrun for example_xcom_args_with_operators to None
[2021-08-28 23:44:13,317] {processor.py:170} INFO - Processing /home/paolo/Documents/Github/case-study-1-october2020-data-sweepers/DataExtraction/ENV/lib/python3.8/site-packages/airflow/example_dags/example_xcomargs.py took 0.366 seconds
[2021-08-28 23:44:45,044] {processor.py:162} INFO - Started process (PID=14542) to work on /home/paolo/Documents/Github/case-study-1-october2020-data-sweepers/DataExtraction/ENV/lib/python3.8/site-packages/airflow/example_dags/example_xcomargs.py
[2021-08-28 23:44:45,045] {processor.py:613} INFO - Processing file /home/paolo/Documents/Github/case-study-1-october2020-data-sweepers/DataExtraction/ENV/lib/python3.8/site-packages/airflow/example_dags/example_xcomargs.py for tasks to queue
[2021-08-28 23:44:45,046] {logging_mixin.py:109} INFO - [2021-08-28 23:44:45,046] {dagbag.py:496} INFO - Filling up the DagBag from /home/paolo/Documents/Github/case-study-1-october2020-data-sweepers/DataExtraction/ENV/lib/python3.8/site-packages/airflow/example_dags/example_xcomargs.py
[2021-08-28 23:44:45,105] {processor.py:623} INFO - DAG(s) dict_keys(['example_xcom_args', 'example_xcom_args_with_operators']) retrieved from /home/paolo/Documents/Github/case-study-1-october2020-data-sweepers/DataExtraction/ENV/lib/python3.8/site-packages/airflow/example_dags/example_xcomargs.py
[2021-08-28 23:44:45,780] {logging_mixin.py:109} INFO - [2021-08-28 23:44:45,779] {dag.py:1833} INFO - Sync 2 DAGs
[2021-08-28 23:44:45,803] {logging_mixin.py:109} INFO - [2021-08-28 23:44:45,803] {dag.py:2306} INFO - Setting next_dagrun for example_xcom_args to None
[2021-08-28 23:44:45,805] {logging_mixin.py:109} INFO - [2021-08-28 23:44:45,804] {dag.py:2306} INFO - Setting next_dagrun for example_xcom_args_with_operators to None
[2021-08-28 23:44:45,841] {processor.py:170} INFO - Processing /home/paolo/Documents/Github/case-study-1-october2020-data-sweepers/DataExtraction/ENV/lib/python3.8/site-packages/airflow/example_dags/example_xcomargs.py took 0.803 seconds
[2021-08-28 23:45:24,439] {processor.py:162} INFO - Started process (PID=14612) to work on /home/paolo/Documents/Github/case-study-1-october2020-data-sweepers/DataExtraction/ENV/lib/python3.8/site-packages/airflow/example_dags/example_xcomargs.py
[2021-08-28 23:45:24,444] {processor.py:613} INFO - Processing file /home/paolo/Documents/Github/case-study-1-october2020-data-sweepers/DataExtraction/ENV/lib/python3.8/site-packages/airflow/example_dags/example_xcomargs.py for tasks to queue
[2021-08-28 23:45:24,445] {logging_mixin.py:109} INFO - [2021-08-28 23:45:24,445] {dagbag.py:496} INFO - Filling up the DagBag from /home/paolo/Documents/Github/case-study-1-october2020-data-sweepers/DataExtraction/ENV/lib/python3.8/site-packages/airflow/example_dags/example_xcomargs.py
[2021-08-28 23:45:24,480] {processor.py:623} INFO - DAG(s) dict_keys(['example_xcom_args', 'example_xcom_args_with_operators']) retrieved from /home/paolo/Documents/Github/case-study-1-october2020-data-sweepers/DataExtraction/ENV/lib/python3.8/site-packages/airflow/example_dags/example_xcomargs.py
[2021-08-28 23:45:25,151] {logging_mixin.py:109} INFO - [2021-08-28 23:45:25,151] {dag.py:1833} INFO - Sync 2 DAGs
[2021-08-28 23:45:25,180] {logging_mixin.py:109} INFO - [2021-08-28 23:45:25,180] {dag.py:2306} INFO - Setting next_dagrun for example_xcom_args to None
[2021-08-28 23:45:25,181] {logging_mixin.py:109} INFO - [2021-08-28 23:45:25,181] {dag.py:2306} INFO - Setting next_dagrun for example_xcom_args_with_operators to None
[2021-08-28 23:45:25,219] {processor.py:170} INFO - Processing /home/paolo/Documents/Github/case-study-1-october2020-data-sweepers/DataExtraction/ENV/lib/python3.8/site-packages/airflow/example_dags/example_xcomargs.py took 0.788 seconds
[2021-08-28 23:46:05,617] {processor.py:162} INFO - Started process (PID=14675) to work on /home/paolo/Documents/Github/case-study-1-october2020-data-sweepers/DataExtraction/ENV/lib/python3.8/site-packages/airflow/example_dags/example_xcomargs.py
[2021-08-28 23:46:05,618] {processor.py:613} INFO - Processing file /home/paolo/Documents/Github/case-study-1-october2020-data-sweepers/DataExtraction/ENV/lib/python3.8/site-packages/airflow/example_dags/example_xcomargs.py for tasks to queue
[2021-08-28 23:46:05,619] {logging_mixin.py:109} INFO - [2021-08-28 23:46:05,619] {dagbag.py:496} INFO - Filling up the DagBag from /home/paolo/Documents/Github/case-study-1-october2020-data-sweepers/DataExtraction/ENV/lib/python3.8/site-packages/airflow/example_dags/example_xcomargs.py
[2021-08-28 23:46:05,659] {processor.py:623} INFO - DAG(s) dict_keys(['example_xcom_args', 'example_xcom_args_with_operators']) retrieved from /home/paolo/Documents/Github/case-study-1-october2020-data-sweepers/DataExtraction/ENV/lib/python3.8/site-packages/airflow/example_dags/example_xcomargs.py
[2021-08-28 23:46:06,304] {logging_mixin.py:109} INFO - [2021-08-28 23:46:06,303] {dag.py:1833} INFO - Sync 2 DAGs
[2021-08-28 23:46:06,320] {logging_mixin.py:109} INFO - [2021-08-28 23:46:06,319] {dag.py:2306} INFO - Setting next_dagrun for example_xcom_args to None
[2021-08-28 23:46:06,324] {logging_mixin.py:109} INFO - [2021-08-28 23:46:06,324] {dag.py:2306} INFO - Setting next_dagrun for example_xcom_args_with_operators to None
[2021-08-28 23:46:06,353] {processor.py:170} INFO - Processing /home/paolo/Documents/Github/case-study-1-october2020-data-sweepers/DataExtraction/ENV/lib/python3.8/site-packages/airflow/example_dags/example_xcomargs.py took 0.743 seconds
[2021-08-28 23:46:44,346] {processor.py:162} INFO - Started process (PID=14753) to work on /home/paolo/Documents/Github/case-study-1-october2020-data-sweepers/DataExtraction/ENV/lib/python3.8/site-packages/airflow/example_dags/example_xcomargs.py
[2021-08-28 23:46:44,348] {processor.py:613} INFO - Processing file /home/paolo/Documents/Github/case-study-1-october2020-data-sweepers/DataExtraction/ENV/lib/python3.8/site-packages/airflow/example_dags/example_xcomargs.py for tasks to queue
[2021-08-28 23:46:44,349] {logging_mixin.py:109} INFO - [2021-08-28 23:46:44,349] {dagbag.py:496} INFO - Filling up the DagBag from /home/paolo/Documents/Github/case-study-1-october2020-data-sweepers/DataExtraction/ENV/lib/python3.8/site-packages/airflow/example_dags/example_xcomargs.py
[2021-08-28 23:46:44,391] {processor.py:623} INFO - DAG(s) dict_keys(['example_xcom_args', 'example_xcom_args_with_operators']) retrieved from /home/paolo/Documents/Github/case-study-1-october2020-data-sweepers/DataExtraction/ENV/lib/python3.8/site-packages/airflow/example_dags/example_xcomargs.py
[2021-08-28 23:46:44,991] {logging_mixin.py:109} INFO - [2021-08-28 23:46:44,991] {dag.py:1833} INFO - Sync 2 DAGs
[2021-08-28 23:46:45,011] {logging_mixin.py:109} INFO - [2021-08-28 23:46:45,011] {dag.py:2306} INFO - Setting next_dagrun for example_xcom_args to None
[2021-08-28 23:46:45,012] {logging_mixin.py:109} INFO - [2021-08-28 23:46:45,012] {dag.py:2306} INFO - Setting next_dagrun for example_xcom_args_with_operators to None
[2021-08-28 23:46:45,044] {processor.py:170} INFO - Processing /home/paolo/Documents/Github/case-study-1-october2020-data-sweepers/DataExtraction/ENV/lib/python3.8/site-packages/airflow/example_dags/example_xcomargs.py took 0.707 seconds
[2021-08-28 23:47:22,246] {processor.py:162} INFO - Started process (PID=14839) to work on /home/paolo/Documents/Github/case-study-1-october2020-data-sweepers/DataExtraction/ENV/lib/python3.8/site-packages/airflow/example_dags/example_xcomargs.py
[2021-08-28 23:47:22,248] {processor.py:613} INFO - Processing file /home/paolo/Documents/Github/case-study-1-october2020-data-sweepers/DataExtraction/ENV/lib/python3.8/site-packages/airflow/example_dags/example_xcomargs.py for tasks to queue
[2021-08-28 23:47:22,249] {logging_mixin.py:109} INFO - [2021-08-28 23:47:22,249] {dagbag.py:496} INFO - Filling up the DagBag from /home/paolo/Documents/Github/case-study-1-october2020-data-sweepers/DataExtraction/ENV/lib/python3.8/site-packages/airflow/example_dags/example_xcomargs.py
[2021-08-28 23:47:22,283] {processor.py:623} INFO - DAG(s) dict_keys(['example_xcom_args', 'example_xcom_args_with_operators']) retrieved from /home/paolo/Documents/Github/case-study-1-october2020-data-sweepers/DataExtraction/ENV/lib/python3.8/site-packages/airflow/example_dags/example_xcomargs.py
[2021-08-28 23:47:22,901] {logging_mixin.py:109} INFO - [2021-08-28 23:47:22,900] {dag.py:1833} INFO - Sync 2 DAGs
[2021-08-28 23:47:22,919] {logging_mixin.py:109} INFO - [2021-08-28 23:47:22,919] {dag.py:2306} INFO - Setting next_dagrun for example_xcom_args to None
[2021-08-28 23:47:22,922] {logging_mixin.py:109} INFO - [2021-08-28 23:47:22,922] {dag.py:2306} INFO - Setting next_dagrun for example_xcom_args_with_operators to None
[2021-08-28 23:47:22,967] {processor.py:170} INFO - Processing /home/paolo/Documents/Github/case-study-1-october2020-data-sweepers/DataExtraction/ENV/lib/python3.8/site-packages/airflow/example_dags/example_xcomargs.py took 0.724 seconds
[2021-08-28 23:48:00,809] {processor.py:162} INFO - Started process (PID=14903) to work on /home/paolo/Documents/Github/case-study-1-october2020-data-sweepers/DataExtraction/ENV/lib/python3.8/site-packages/airflow/example_dags/example_xcomargs.py
[2021-08-28 23:48:00,814] {processor.py:613} INFO - Processing file /home/paolo/Documents/Github/case-study-1-october2020-data-sweepers/DataExtraction/ENV/lib/python3.8/site-packages/airflow/example_dags/example_xcomargs.py for tasks to queue
[2021-08-28 23:48:00,816] {logging_mixin.py:109} INFO - [2021-08-28 23:48:00,815] {dagbag.py:496} INFO - Filling up the DagBag from /home/paolo/Documents/Github/case-study-1-october2020-data-sweepers/DataExtraction/ENV/lib/python3.8/site-packages/airflow/example_dags/example_xcomargs.py
[2021-08-28 23:48:00,866] {processor.py:623} INFO - DAG(s) dict_keys(['example_xcom_args', 'example_xcom_args_with_operators']) retrieved from /home/paolo/Documents/Github/case-study-1-october2020-data-sweepers/DataExtraction/ENV/lib/python3.8/site-packages/airflow/example_dags/example_xcomargs.py
[2021-08-28 23:48:01,498] {logging_mixin.py:109} INFO - [2021-08-28 23:48:01,497] {dag.py:1833} INFO - Sync 2 DAGs
[2021-08-28 23:48:01,513] {logging_mixin.py:109} INFO - [2021-08-28 23:48:01,513] {dag.py:2306} INFO - Setting next_dagrun for example_xcom_args to None
[2021-08-28 23:48:01,517] {logging_mixin.py:109} INFO - [2021-08-28 23:48:01,516] {dag.py:2306} INFO - Setting next_dagrun for example_xcom_args_with_operators to None
[2021-08-28 23:48:01,545] {processor.py:170} INFO - Processing /home/paolo/Documents/Github/case-study-1-october2020-data-sweepers/DataExtraction/ENV/lib/python3.8/site-packages/airflow/example_dags/example_xcomargs.py took 0.741 seconds
[2021-08-28 23:48:32,433] {processor.py:162} INFO - Started process (PID=14956) to work on /home/paolo/Documents/Github/case-study-1-october2020-data-sweepers/DataExtraction/ENV/lib/python3.8/site-packages/airflow/example_dags/example_xcomargs.py
[2021-08-28 23:48:32,441] {processor.py:613} INFO - Processing file /home/paolo/Documents/Github/case-study-1-october2020-data-sweepers/DataExtraction/ENV/lib/python3.8/site-packages/airflow/example_dags/example_xcomargs.py for tasks to queue
[2021-08-28 23:48:32,445] {logging_mixin.py:109} INFO - [2021-08-28 23:48:32,445] {dagbag.py:496} INFO - Filling up the DagBag from /home/paolo/Documents/Github/case-study-1-october2020-data-sweepers/DataExtraction/ENV/lib/python3.8/site-packages/airflow/example_dags/example_xcomargs.py
[2021-08-28 23:48:32,525] {processor.py:623} INFO - DAG(s) dict_keys(['example_xcom_args', 'example_xcom_args_with_operators']) retrieved from /home/paolo/Documents/Github/case-study-1-october2020-data-sweepers/DataExtraction/ENV/lib/python3.8/site-packages/airflow/example_dags/example_xcomargs.py
[2021-08-28 23:48:33,121] {logging_mixin.py:109} INFO - [2021-08-28 23:48:33,121] {dag.py:1833} INFO - Sync 2 DAGs
[2021-08-28 23:48:33,136] {logging_mixin.py:109} INFO - [2021-08-28 23:48:33,136] {dag.py:2306} INFO - Setting next_dagrun for example_xcom_args to None
[2021-08-28 23:48:33,139] {logging_mixin.py:109} INFO - [2021-08-28 23:48:33,139] {dag.py:2306} INFO - Setting next_dagrun for example_xcom_args_with_operators to None
[2021-08-28 23:48:33,165] {processor.py:170} INFO - Processing /home/paolo/Documents/Github/case-study-1-october2020-data-sweepers/DataExtraction/ENV/lib/python3.8/site-packages/airflow/example_dags/example_xcomargs.py took 0.744 seconds
[2021-08-28 23:49:11,117] {processor.py:162} INFO - Started process (PID=15070) to work on /home/paolo/Documents/Github/case-study-1-october2020-data-sweepers/DataExtraction/ENV/lib/python3.8/site-packages/airflow/example_dags/example_xcomargs.py
[2021-08-28 23:49:11,119] {processor.py:613} INFO - Processing file /home/paolo/Documents/Github/case-study-1-october2020-data-sweepers/DataExtraction/ENV/lib/python3.8/site-packages/airflow/example_dags/example_xcomargs.py for tasks to queue
[2021-08-28 23:49:11,119] {logging_mixin.py:109} INFO - [2021-08-28 23:49:11,119] {dagbag.py:496} INFO - Filling up the DagBag from /home/paolo/Documents/Github/case-study-1-october2020-data-sweepers/DataExtraction/ENV/lib/python3.8/site-packages/airflow/example_dags/example_xcomargs.py
[2021-08-28 23:49:11,157] {processor.py:623} INFO - DAG(s) dict_keys(['example_xcom_args', 'example_xcom_args_with_operators']) retrieved from /home/paolo/Documents/Github/case-study-1-october2020-data-sweepers/DataExtraction/ENV/lib/python3.8/site-packages/airflow/example_dags/example_xcomargs.py
[2021-08-28 23:49:11,747] {logging_mixin.py:109} INFO - [2021-08-28 23:49:11,747] {dag.py:1833} INFO - Sync 2 DAGs
[2021-08-28 23:49:11,760] {logging_mixin.py:109} INFO - [2021-08-28 23:49:11,759] {dag.py:2306} INFO - Setting next_dagrun for example_xcom_args to None
[2021-08-28 23:49:11,761] {logging_mixin.py:109} INFO - [2021-08-28 23:49:11,761] {dag.py:2306} INFO - Setting next_dagrun for example_xcom_args_with_operators to None
[2021-08-28 23:49:11,778] {processor.py:170} INFO - Processing /home/paolo/Documents/Github/case-study-1-october2020-data-sweepers/DataExtraction/ENV/lib/python3.8/site-packages/airflow/example_dags/example_xcomargs.py took 0.664 seconds
[2021-08-28 23:49:44,024] {processor.py:162} INFO - Started process (PID=15128) to work on /home/paolo/Documents/Github/case-study-1-october2020-data-sweepers/DataExtraction/ENV/lib/python3.8/site-packages/airflow/example_dags/example_xcomargs.py
[2021-08-28 23:49:44,026] {processor.py:613} INFO - Processing file /home/paolo/Documents/Github/case-study-1-october2020-data-sweepers/DataExtraction/ENV/lib/python3.8/site-packages/airflow/example_dags/example_xcomargs.py for tasks to queue
[2021-08-28 23:49:44,027] {logging_mixin.py:109} INFO - [2021-08-28 23:49:44,027] {dagbag.py:496} INFO - Filling up the DagBag from /home/paolo/Documents/Github/case-study-1-october2020-data-sweepers/DataExtraction/ENV/lib/python3.8/site-packages/airflow/example_dags/example_xcomargs.py
[2021-08-28 23:49:44,054] {processor.py:623} INFO - DAG(s) dict_keys(['example_xcom_args', 'example_xcom_args_with_operators']) retrieved from /home/paolo/Documents/Github/case-study-1-october2020-data-sweepers/DataExtraction/ENV/lib/python3.8/site-packages/airflow/example_dags/example_xcomargs.py
[2021-08-28 23:49:44,389] {logging_mixin.py:109} INFO - [2021-08-28 23:49:44,389] {dag.py:1833} INFO - Sync 2 DAGs
[2021-08-28 23:49:44,397] {logging_mixin.py:109} INFO - [2021-08-28 23:49:44,397] {dag.py:2306} INFO - Setting next_dagrun for example_xcom_args to None
[2021-08-28 23:49:44,398] {logging_mixin.py:109} INFO - [2021-08-28 23:49:44,398] {dag.py:2306} INFO - Setting next_dagrun for example_xcom_args_with_operators to None
[2021-08-28 23:49:44,418] {processor.py:170} INFO - Processing /home/paolo/Documents/Github/case-study-1-october2020-data-sweepers/DataExtraction/ENV/lib/python3.8/site-packages/airflow/example_dags/example_xcomargs.py took 0.396 seconds
[2021-08-28 23:50:16,862] {processor.py:162} INFO - Started process (PID=15208) to work on /home/paolo/Documents/Github/case-study-1-october2020-data-sweepers/DataExtraction/ENV/lib/python3.8/site-packages/airflow/example_dags/example_xcomargs.py
[2021-08-28 23:50:16,864] {processor.py:613} INFO - Processing file /home/paolo/Documents/Github/case-study-1-october2020-data-sweepers/DataExtraction/ENV/lib/python3.8/site-packages/airflow/example_dags/example_xcomargs.py for tasks to queue
[2021-08-28 23:50:16,864] {logging_mixin.py:109} INFO - [2021-08-28 23:50:16,864] {dagbag.py:496} INFO - Filling up the DagBag from /home/paolo/Documents/Github/case-study-1-october2020-data-sweepers/DataExtraction/ENV/lib/python3.8/site-packages/airflow/example_dags/example_xcomargs.py
[2021-08-28 23:50:16,892] {processor.py:623} INFO - DAG(s) dict_keys(['example_xcom_args', 'example_xcom_args_with_operators']) retrieved from /home/paolo/Documents/Github/case-study-1-october2020-data-sweepers/DataExtraction/ENV/lib/python3.8/site-packages/airflow/example_dags/example_xcomargs.py
[2021-08-28 23:50:17,208] {logging_mixin.py:109} INFO - [2021-08-28 23:50:17,208] {dag.py:1833} INFO - Sync 2 DAGs
[2021-08-28 23:50:17,219] {logging_mixin.py:109} INFO - [2021-08-28 23:50:17,219] {dag.py:2306} INFO - Setting next_dagrun for example_xcom_args to None
[2021-08-28 23:50:17,220] {logging_mixin.py:109} INFO - [2021-08-28 23:50:17,220] {dag.py:2306} INFO - Setting next_dagrun for example_xcom_args_with_operators to None
[2021-08-28 23:50:17,239] {processor.py:170} INFO - Processing /home/paolo/Documents/Github/case-study-1-october2020-data-sweepers/DataExtraction/ENV/lib/python3.8/site-packages/airflow/example_dags/example_xcomargs.py took 0.380 seconds
[2021-08-28 23:50:50,934] {processor.py:162} INFO - Started process (PID=15276) to work on /home/paolo/Documents/Github/case-study-1-october2020-data-sweepers/DataExtraction/ENV/lib/python3.8/site-packages/airflow/example_dags/example_xcomargs.py
[2021-08-28 23:50:50,936] {processor.py:613} INFO - Processing file /home/paolo/Documents/Github/case-study-1-october2020-data-sweepers/DataExtraction/ENV/lib/python3.8/site-packages/airflow/example_dags/example_xcomargs.py for tasks to queue
[2021-08-28 23:50:50,937] {logging_mixin.py:109} INFO - [2021-08-28 23:50:50,937] {dagbag.py:496} INFO - Filling up the DagBag from /home/paolo/Documents/Github/case-study-1-october2020-data-sweepers/DataExtraction/ENV/lib/python3.8/site-packages/airflow/example_dags/example_xcomargs.py
[2021-08-28 23:50:50,960] {processor.py:623} INFO - DAG(s) dict_keys(['example_xcom_args', 'example_xcom_args_with_operators']) retrieved from /home/paolo/Documents/Github/case-study-1-october2020-data-sweepers/DataExtraction/ENV/lib/python3.8/site-packages/airflow/example_dags/example_xcomargs.py
[2021-08-28 23:50:51,286] {logging_mixin.py:109} INFO - [2021-08-28 23:50:51,286] {dag.py:1833} INFO - Sync 2 DAGs
[2021-08-28 23:50:51,298] {logging_mixin.py:109} INFO - [2021-08-28 23:50:51,298] {dag.py:2306} INFO - Setting next_dagrun for example_xcom_args to None
[2021-08-28 23:50:51,299] {logging_mixin.py:109} INFO - [2021-08-28 23:50:51,299] {dag.py:2306} INFO - Setting next_dagrun for example_xcom_args_with_operators to None
[2021-08-28 23:50:51,319] {processor.py:170} INFO - Processing /home/paolo/Documents/Github/case-study-1-october2020-data-sweepers/DataExtraction/ENV/lib/python3.8/site-packages/airflow/example_dags/example_xcomargs.py took 0.387 seconds
[2021-08-28 23:51:23,917] {processor.py:162} INFO - Started process (PID=15341) to work on /home/paolo/Documents/Github/case-study-1-october2020-data-sweepers/DataExtraction/ENV/lib/python3.8/site-packages/airflow/example_dags/example_xcomargs.py
[2021-08-28 23:51:23,918] {processor.py:613} INFO - Processing file /home/paolo/Documents/Github/case-study-1-october2020-data-sweepers/DataExtraction/ENV/lib/python3.8/site-packages/airflow/example_dags/example_xcomargs.py for tasks to queue
[2021-08-28 23:51:23,918] {logging_mixin.py:109} INFO - [2021-08-28 23:51:23,918] {dagbag.py:496} INFO - Filling up the DagBag from /home/paolo/Documents/Github/case-study-1-october2020-data-sweepers/DataExtraction/ENV/lib/python3.8/site-packages/airflow/example_dags/example_xcomargs.py
[2021-08-28 23:51:23,958] {processor.py:623} INFO - DAG(s) dict_keys(['example_xcom_args', 'example_xcom_args_with_operators']) retrieved from /home/paolo/Documents/Github/case-study-1-october2020-data-sweepers/DataExtraction/ENV/lib/python3.8/site-packages/airflow/example_dags/example_xcomargs.py
[2021-08-28 23:51:24,268] {logging_mixin.py:109} INFO - [2021-08-28 23:51:24,268] {dag.py:1833} INFO - Sync 2 DAGs
[2021-08-28 23:51:24,275] {logging_mixin.py:109} INFO - [2021-08-28 23:51:24,275] {dag.py:2306} INFO - Setting next_dagrun for example_xcom_args to None
[2021-08-28 23:51:24,276] {logging_mixin.py:109} INFO - [2021-08-28 23:51:24,276] {dag.py:2306} INFO - Setting next_dagrun for example_xcom_args_with_operators to None
[2021-08-28 23:51:24,293] {processor.py:170} INFO - Processing /home/paolo/Documents/Github/case-study-1-october2020-data-sweepers/DataExtraction/ENV/lib/python3.8/site-packages/airflow/example_dags/example_xcomargs.py took 0.380 seconds
[2021-08-28 23:51:55,552] {processor.py:162} INFO - Started process (PID=15431) to work on /home/paolo/Documents/Github/case-study-1-october2020-data-sweepers/DataExtraction/ENV/lib/python3.8/site-packages/airflow/example_dags/example_xcomargs.py
[2021-08-28 23:51:55,553] {processor.py:613} INFO - Processing file /home/paolo/Documents/Github/case-study-1-october2020-data-sweepers/DataExtraction/ENV/lib/python3.8/site-packages/airflow/example_dags/example_xcomargs.py for tasks to queue
[2021-08-28 23:51:55,554] {logging_mixin.py:109} INFO - [2021-08-28 23:51:55,554] {dagbag.py:496} INFO - Filling up the DagBag from /home/paolo/Documents/Github/case-study-1-october2020-data-sweepers/DataExtraction/ENV/lib/python3.8/site-packages/airflow/example_dags/example_xcomargs.py
[2021-08-28 23:51:55,569] {processor.py:623} INFO - DAG(s) dict_keys(['example_xcom_args', 'example_xcom_args_with_operators']) retrieved from /home/paolo/Documents/Github/case-study-1-october2020-data-sweepers/DataExtraction/ENV/lib/python3.8/site-packages/airflow/example_dags/example_xcomargs.py
[2021-08-28 23:51:55,847] {logging_mixin.py:109} INFO - [2021-08-28 23:51:55,847] {dag.py:1833} INFO - Sync 2 DAGs
[2021-08-28 23:51:55,855] {logging_mixin.py:109} INFO - [2021-08-28 23:51:55,855] {dag.py:2306} INFO - Setting next_dagrun for example_xcom_args to None
[2021-08-28 23:51:55,856] {logging_mixin.py:109} INFO - [2021-08-28 23:51:55,856] {dag.py:2306} INFO - Setting next_dagrun for example_xcom_args_with_operators to None
[2021-08-28 23:51:55,873] {processor.py:170} INFO - Processing /home/paolo/Documents/Github/case-study-1-october2020-data-sweepers/DataExtraction/ENV/lib/python3.8/site-packages/airflow/example_dags/example_xcomargs.py took 0.323 seconds
[2021-08-28 23:52:27,378] {processor.py:162} INFO - Started process (PID=15550) to work on /home/paolo/Documents/Github/case-study-1-october2020-data-sweepers/DataExtraction/ENV/lib/python3.8/site-packages/airflow/example_dags/example_xcomargs.py
[2021-08-28 23:52:27,380] {processor.py:613} INFO - Processing file /home/paolo/Documents/Github/case-study-1-october2020-data-sweepers/DataExtraction/ENV/lib/python3.8/site-packages/airflow/example_dags/example_xcomargs.py for tasks to queue
[2021-08-28 23:52:27,380] {logging_mixin.py:109} INFO - [2021-08-28 23:52:27,380] {dagbag.py:496} INFO - Filling up the DagBag from /home/paolo/Documents/Github/case-study-1-october2020-data-sweepers/DataExtraction/ENV/lib/python3.8/site-packages/airflow/example_dags/example_xcomargs.py
[2021-08-28 23:52:27,396] {processor.py:623} INFO - DAG(s) dict_keys(['example_xcom_args', 'example_xcom_args_with_operators']) retrieved from /home/paolo/Documents/Github/case-study-1-october2020-data-sweepers/DataExtraction/ENV/lib/python3.8/site-packages/airflow/example_dags/example_xcomargs.py
[2021-08-28 23:52:27,672] {logging_mixin.py:109} INFO - [2021-08-28 23:52:27,672] {dag.py:1833} INFO - Sync 2 DAGs
[2021-08-28 23:52:27,681] {logging_mixin.py:109} INFO - [2021-08-28 23:52:27,681] {dag.py:2306} INFO - Setting next_dagrun for example_xcom_args to None
[2021-08-28 23:52:27,682] {logging_mixin.py:109} INFO - [2021-08-28 23:52:27,682] {dag.py:2306} INFO - Setting next_dagrun for example_xcom_args_with_operators to None
[2021-08-28 23:52:27,699] {processor.py:170} INFO - Processing /home/paolo/Documents/Github/case-study-1-october2020-data-sweepers/DataExtraction/ENV/lib/python3.8/site-packages/airflow/example_dags/example_xcomargs.py took 0.324 seconds
[2021-08-28 23:52:58,525] {processor.py:162} INFO - Started process (PID=15614) to work on /home/paolo/Documents/Github/case-study-1-october2020-data-sweepers/DataExtraction/ENV/lib/python3.8/site-packages/airflow/example_dags/example_xcomargs.py
[2021-08-28 23:52:58,526] {processor.py:613} INFO - Processing file /home/paolo/Documents/Github/case-study-1-october2020-data-sweepers/DataExtraction/ENV/lib/python3.8/site-packages/airflow/example_dags/example_xcomargs.py for tasks to queue
[2021-08-28 23:52:58,527] {logging_mixin.py:109} INFO - [2021-08-28 23:52:58,527] {dagbag.py:496} INFO - Filling up the DagBag from /home/paolo/Documents/Github/case-study-1-october2020-data-sweepers/DataExtraction/ENV/lib/python3.8/site-packages/airflow/example_dags/example_xcomargs.py
[2021-08-28 23:52:58,549] {processor.py:623} INFO - DAG(s) dict_keys(['example_xcom_args', 'example_xcom_args_with_operators']) retrieved from /home/paolo/Documents/Github/case-study-1-october2020-data-sweepers/DataExtraction/ENV/lib/python3.8/site-packages/airflow/example_dags/example_xcomargs.py
[2021-08-28 23:52:58,569] {logging_mixin.py:109} INFO - [2021-08-28 23:52:58,569] {dag.py:1833} INFO - Sync 2 DAGs
[2021-08-28 23:52:58,583] {logging_mixin.py:109} INFO - [2021-08-28 23:52:58,583] {dag.py:2306} INFO - Setting next_dagrun for example_xcom_args to None
[2021-08-28 23:52:58,584] {logging_mixin.py:109} INFO - [2021-08-28 23:52:58,584] {dag.py:2306} INFO - Setting next_dagrun for example_xcom_args_with_operators to None
[2021-08-28 23:52:58,601] {processor.py:170} INFO - Processing /home/paolo/Documents/Github/case-study-1-october2020-data-sweepers/DataExtraction/ENV/lib/python3.8/site-packages/airflow/example_dags/example_xcomargs.py took 0.080 seconds
[2021-08-28 23:53:29,177] {processor.py:162} INFO - Started process (PID=15687) to work on /home/paolo/Documents/Github/case-study-1-october2020-data-sweepers/DataExtraction/ENV/lib/python3.8/site-packages/airflow/example_dags/example_xcomargs.py
[2021-08-28 23:53:29,178] {processor.py:613} INFO - Processing file /home/paolo/Documents/Github/case-study-1-october2020-data-sweepers/DataExtraction/ENV/lib/python3.8/site-packages/airflow/example_dags/example_xcomargs.py for tasks to queue
[2021-08-28 23:53:29,179] {logging_mixin.py:109} INFO - [2021-08-28 23:53:29,179] {dagbag.py:496} INFO - Filling up the DagBag from /home/paolo/Documents/Github/case-study-1-october2020-data-sweepers/DataExtraction/ENV/lib/python3.8/site-packages/airflow/example_dags/example_xcomargs.py
[2021-08-28 23:53:29,195] {processor.py:623} INFO - DAG(s) dict_keys(['example_xcom_args', 'example_xcom_args_with_operators']) retrieved from /home/paolo/Documents/Github/case-study-1-october2020-data-sweepers/DataExtraction/ENV/lib/python3.8/site-packages/airflow/example_dags/example_xcomargs.py
[2021-08-28 23:53:29,448] {logging_mixin.py:109} INFO - [2021-08-28 23:53:29,448] {dag.py:1833} INFO - Sync 2 DAGs
[2021-08-28 23:53:29,455] {logging_mixin.py:109} INFO - [2021-08-28 23:53:29,455] {dag.py:2306} INFO - Setting next_dagrun for example_xcom_args to None
[2021-08-28 23:53:29,456] {logging_mixin.py:109} INFO - [2021-08-28 23:53:29,456] {dag.py:2306} INFO - Setting next_dagrun for example_xcom_args_with_operators to None
[2021-08-28 23:53:29,473] {processor.py:170} INFO - Processing /home/paolo/Documents/Github/case-study-1-october2020-data-sweepers/DataExtraction/ENV/lib/python3.8/site-packages/airflow/example_dags/example_xcomargs.py took 0.299 seconds
[2021-08-28 23:55:47,909] {processor.py:162} INFO - Started process (PID=16177) to work on /home/paolo/Documents/Github/case-study-1-october2020-data-sweepers/DataExtraction/ENV/lib/python3.8/site-packages/airflow/example_dags/example_xcomargs.py
[2021-08-28 23:55:47,910] {processor.py:613} INFO - Processing file /home/paolo/Documents/Github/case-study-1-october2020-data-sweepers/DataExtraction/ENV/lib/python3.8/site-packages/airflow/example_dags/example_xcomargs.py for tasks to queue
[2021-08-28 23:55:47,911] {logging_mixin.py:109} INFO - [2021-08-28 23:55:47,911] {dagbag.py:496} INFO - Filling up the DagBag from /home/paolo/Documents/Github/case-study-1-october2020-data-sweepers/DataExtraction/ENV/lib/python3.8/site-packages/airflow/example_dags/example_xcomargs.py
[2021-08-28 23:55:47,928] {processor.py:623} INFO - DAG(s) dict_keys(['example_xcom_args', 'example_xcom_args_with_operators']) retrieved from /home/paolo/Documents/Github/case-study-1-october2020-data-sweepers/DataExtraction/ENV/lib/python3.8/site-packages/airflow/example_dags/example_xcomargs.py
[2021-08-28 23:55:48,229] {logging_mixin.py:109} INFO - [2021-08-28 23:55:48,229] {dag.py:1833} INFO - Sync 2 DAGs
[2021-08-28 23:55:48,239] {logging_mixin.py:109} INFO - [2021-08-28 23:55:48,239] {dag.py:2306} INFO - Setting next_dagrun for example_xcom_args to None
[2021-08-28 23:55:48,240] {logging_mixin.py:109} INFO - [2021-08-28 23:55:48,240] {dag.py:2306} INFO - Setting next_dagrun for example_xcom_args_with_operators to None
[2021-08-28 23:55:48,258] {processor.py:170} INFO - Processing /home/paolo/Documents/Github/case-study-1-october2020-data-sweepers/DataExtraction/ENV/lib/python3.8/site-packages/airflow/example_dags/example_xcomargs.py took 0.351 seconds
[2021-08-28 23:56:27,208] {processor.py:162} INFO - Started process (PID=16500) to work on /home/paolo/Documents/Github/case-study-1-october2020-data-sweepers/DataExtraction/ENV/lib/python3.8/site-packages/airflow/example_dags/example_xcomargs.py
[2021-08-28 23:56:27,209] {processor.py:613} INFO - Processing file /home/paolo/Documents/Github/case-study-1-october2020-data-sweepers/DataExtraction/ENV/lib/python3.8/site-packages/airflow/example_dags/example_xcomargs.py for tasks to queue
[2021-08-28 23:56:27,210] {logging_mixin.py:109} INFO - [2021-08-28 23:56:27,210] {dagbag.py:496} INFO - Filling up the DagBag from /home/paolo/Documents/Github/case-study-1-october2020-data-sweepers/DataExtraction/ENV/lib/python3.8/site-packages/airflow/example_dags/example_xcomargs.py
[2021-08-28 23:56:27,232] {processor.py:623} INFO - DAG(s) dict_keys(['example_xcom_args', 'example_xcom_args_with_operators']) retrieved from /home/paolo/Documents/Github/case-study-1-october2020-data-sweepers/DataExtraction/ENV/lib/python3.8/site-packages/airflow/example_dags/example_xcomargs.py
[2021-08-28 23:56:27,506] {logging_mixin.py:109} INFO - [2021-08-28 23:56:27,506] {dag.py:1833} INFO - Sync 2 DAGs
[2021-08-28 23:56:27,514] {logging_mixin.py:109} INFO - [2021-08-28 23:56:27,514] {dag.py:2306} INFO - Setting next_dagrun for example_xcom_args to None
[2021-08-28 23:56:27,515] {logging_mixin.py:109} INFO - [2021-08-28 23:56:27,514] {dag.py:2306} INFO - Setting next_dagrun for example_xcom_args_with_operators to None
[2021-08-28 23:56:27,532] {processor.py:170} INFO - Processing /home/paolo/Documents/Github/case-study-1-october2020-data-sweepers/DataExtraction/ENV/lib/python3.8/site-packages/airflow/example_dags/example_xcomargs.py took 0.327 seconds
[2021-08-28 23:57:06,167] {processor.py:162} INFO - Started process (PID=16779) to work on /home/paolo/Documents/Github/case-study-1-october2020-data-sweepers/DataExtraction/ENV/lib/python3.8/site-packages/airflow/example_dags/example_xcomargs.py
[2021-08-28 23:57:06,168] {processor.py:613} INFO - Processing file /home/paolo/Documents/Github/case-study-1-october2020-data-sweepers/DataExtraction/ENV/lib/python3.8/site-packages/airflow/example_dags/example_xcomargs.py for tasks to queue
[2021-08-28 23:57:06,169] {logging_mixin.py:109} INFO - [2021-08-28 23:57:06,169] {dagbag.py:496} INFO - Filling up the DagBag from /home/paolo/Documents/Github/case-study-1-october2020-data-sweepers/DataExtraction/ENV/lib/python3.8/site-packages/airflow/example_dags/example_xcomargs.py
[2021-08-28 23:57:06,189] {processor.py:623} INFO - DAG(s) dict_keys(['example_xcom_args', 'example_xcom_args_with_operators']) retrieved from /home/paolo/Documents/Github/case-study-1-october2020-data-sweepers/DataExtraction/ENV/lib/python3.8/site-packages/airflow/example_dags/example_xcomargs.py
[2021-08-28 23:57:06,445] {logging_mixin.py:109} INFO - [2021-08-28 23:57:06,445] {dag.py:1833} INFO - Sync 2 DAGs
[2021-08-28 23:57:06,452] {logging_mixin.py:109} INFO - [2021-08-28 23:57:06,452] {dag.py:2306} INFO - Setting next_dagrun for example_xcom_args to None
[2021-08-28 23:57:06,453] {logging_mixin.py:109} INFO - [2021-08-28 23:57:06,452] {dag.py:2306} INFO - Setting next_dagrun for example_xcom_args_with_operators to None
[2021-08-28 23:57:06,472] {processor.py:170} INFO - Processing /home/paolo/Documents/Github/case-study-1-october2020-data-sweepers/DataExtraction/ENV/lib/python3.8/site-packages/airflow/example_dags/example_xcomargs.py took 0.307 seconds
[2021-08-28 23:57:44,846] {processor.py:162} INFO - Started process (PID=17094) to work on /home/paolo/Documents/Github/case-study-1-october2020-data-sweepers/DataExtraction/ENV/lib/python3.8/site-packages/airflow/example_dags/example_xcomargs.py
[2021-08-28 23:57:44,847] {processor.py:613} INFO - Processing file /home/paolo/Documents/Github/case-study-1-october2020-data-sweepers/DataExtraction/ENV/lib/python3.8/site-packages/airflow/example_dags/example_xcomargs.py for tasks to queue
[2021-08-28 23:57:44,848] {logging_mixin.py:109} INFO - [2021-08-28 23:57:44,848] {dagbag.py:496} INFO - Filling up the DagBag from /home/paolo/Documents/Github/case-study-1-october2020-data-sweepers/DataExtraction/ENV/lib/python3.8/site-packages/airflow/example_dags/example_xcomargs.py
[2021-08-28 23:57:44,863] {processor.py:623} INFO - DAG(s) dict_keys(['example_xcom_args', 'example_xcom_args_with_operators']) retrieved from /home/paolo/Documents/Github/case-study-1-october2020-data-sweepers/DataExtraction/ENV/lib/python3.8/site-packages/airflow/example_dags/example_xcomargs.py
[2021-08-28 23:57:45,103] {logging_mixin.py:109} INFO - [2021-08-28 23:57:45,102] {dag.py:1833} INFO - Sync 2 DAGs
[2021-08-28 23:57:45,110] {logging_mixin.py:109} INFO - [2021-08-28 23:57:45,110] {dag.py:2306} INFO - Setting next_dagrun for example_xcom_args to None
[2021-08-28 23:57:45,110] {logging_mixin.py:109} INFO - [2021-08-28 23:57:45,110] {dag.py:2306} INFO - Setting next_dagrun for example_xcom_args_with_operators to None
[2021-08-28 23:57:45,127] {processor.py:170} INFO - Processing /home/paolo/Documents/Github/case-study-1-october2020-data-sweepers/DataExtraction/ENV/lib/python3.8/site-packages/airflow/example_dags/example_xcomargs.py took 0.283 seconds
[2021-08-28 23:58:20,016] {processor.py:162} INFO - Started process (PID=17397) to work on /home/paolo/Documents/Github/case-study-1-october2020-data-sweepers/DataExtraction/ENV/lib/python3.8/site-packages/airflow/example_dags/example_xcomargs.py
[2021-08-28 23:58:20,017] {processor.py:613} INFO - Processing file /home/paolo/Documents/Github/case-study-1-october2020-data-sweepers/DataExtraction/ENV/lib/python3.8/site-packages/airflow/example_dags/example_xcomargs.py for tasks to queue
[2021-08-28 23:58:20,018] {logging_mixin.py:109} INFO - [2021-08-28 23:58:20,018] {dagbag.py:496} INFO - Filling up the DagBag from /home/paolo/Documents/Github/case-study-1-october2020-data-sweepers/DataExtraction/ENV/lib/python3.8/site-packages/airflow/example_dags/example_xcomargs.py
[2021-08-28 23:58:20,042] {processor.py:623} INFO - DAG(s) dict_keys(['example_xcom_args', 'example_xcom_args_with_operators']) retrieved from /home/paolo/Documents/Github/case-study-1-october2020-data-sweepers/DataExtraction/ENV/lib/python3.8/site-packages/airflow/example_dags/example_xcomargs.py
[2021-08-28 23:58:20,344] {logging_mixin.py:109} INFO - [2021-08-28 23:58:20,344] {dag.py:1833} INFO - Sync 2 DAGs
[2021-08-28 23:58:20,357] {logging_mixin.py:109} INFO - [2021-08-28 23:58:20,357] {dag.py:2306} INFO - Setting next_dagrun for example_xcom_args to None
[2021-08-28 23:58:20,358] {logging_mixin.py:109} INFO - [2021-08-28 23:58:20,358] {dag.py:2306} INFO - Setting next_dagrun for example_xcom_args_with_operators to None
[2021-08-28 23:58:20,381] {processor.py:170} INFO - Processing /home/paolo/Documents/Github/case-study-1-october2020-data-sweepers/DataExtraction/ENV/lib/python3.8/site-packages/airflow/example_dags/example_xcomargs.py took 0.368 seconds
