[2021-08-28 23:37:39,251] {processor.py:162} INFO - Started process (PID=13171) to work on /home/paolo/Documents/Github/case-study-1-october2020-data-sweepers/DataExtraction/ENV/lib/python3.8/site-packages/airflow/example_dags/example_task_group.py
[2021-08-28 23:37:39,253] {processor.py:613} INFO - Processing file /home/paolo/Documents/Github/case-study-1-october2020-data-sweepers/DataExtraction/ENV/lib/python3.8/site-packages/airflow/example_dags/example_task_group.py for tasks to queue
[2021-08-28 23:37:39,254] {logging_mixin.py:109} INFO - [2021-08-28 23:37:39,253] {dagbag.py:496} INFO - Filling up the DagBag from /home/paolo/Documents/Github/case-study-1-october2020-data-sweepers/DataExtraction/ENV/lib/python3.8/site-packages/airflow/example_dags/example_task_group.py
[2021-08-28 23:37:39,340] {processor.py:623} INFO - DAG(s) dict_keys(['example_task_group']) retrieved from /home/paolo/Documents/Github/case-study-1-october2020-data-sweepers/DataExtraction/ENV/lib/python3.8/site-packages/airflow/example_dags/example_task_group.py
[2021-08-28 23:37:39,370] {logging_mixin.py:109} INFO - [2021-08-28 23:37:39,370] {dag.py:1833} INFO - Sync 1 DAGs
[2021-08-28 23:37:39,396] {logging_mixin.py:109} INFO - [2021-08-28 23:37:39,395] {dag.py:2306} INFO - Setting next_dagrun for example_task_group to 2021-08-26 00:00:00+00:00
[2021-08-28 23:37:39,436] {processor.py:170} INFO - Processing /home/paolo/Documents/Github/case-study-1-october2020-data-sweepers/DataExtraction/ENV/lib/python3.8/site-packages/airflow/example_dags/example_task_group.py took 0.213 seconds
[2021-08-28 23:38:18,935] {processor.py:162} INFO - Started process (PID=13281) to work on /home/paolo/Documents/Github/case-study-1-october2020-data-sweepers/DataExtraction/ENV/lib/python3.8/site-packages/airflow/example_dags/example_task_group.py
[2021-08-28 23:38:18,939] {processor.py:613} INFO - Processing file /home/paolo/Documents/Github/case-study-1-october2020-data-sweepers/DataExtraction/ENV/lib/python3.8/site-packages/airflow/example_dags/example_task_group.py for tasks to queue
[2021-08-28 23:38:18,946] {logging_mixin.py:109} INFO - [2021-08-28 23:38:18,945] {dagbag.py:496} INFO - Filling up the DagBag from /home/paolo/Documents/Github/case-study-1-october2020-data-sweepers/DataExtraction/ENV/lib/python3.8/site-packages/airflow/example_dags/example_task_group.py
[2021-08-28 23:38:19,012] {processor.py:623} INFO - DAG(s) dict_keys(['example_task_group']) retrieved from /home/paolo/Documents/Github/case-study-1-october2020-data-sweepers/DataExtraction/ENV/lib/python3.8/site-packages/airflow/example_dags/example_task_group.py
[2021-08-28 23:38:19,047] {logging_mixin.py:109} INFO - [2021-08-28 23:38:19,046] {dag.py:1833} INFO - Sync 1 DAGs
[2021-08-28 23:38:19,085] {logging_mixin.py:109} INFO - [2021-08-28 23:38:19,085] {dag.py:2306} INFO - Setting next_dagrun for example_task_group to 2021-08-26 00:00:00+00:00
[2021-08-28 23:38:19,114] {processor.py:170} INFO - Processing /home/paolo/Documents/Github/case-study-1-october2020-data-sweepers/DataExtraction/ENV/lib/python3.8/site-packages/airflow/example_dags/example_task_group.py took 0.184 seconds
[2021-08-28 23:38:58,445] {processor.py:162} INFO - Started process (PID=13372) to work on /home/paolo/Documents/Github/case-study-1-october2020-data-sweepers/DataExtraction/ENV/lib/python3.8/site-packages/airflow/example_dags/example_task_group.py
[2021-08-28 23:38:58,447] {processor.py:613} INFO - Processing file /home/paolo/Documents/Github/case-study-1-october2020-data-sweepers/DataExtraction/ENV/lib/python3.8/site-packages/airflow/example_dags/example_task_group.py for tasks to queue
[2021-08-28 23:38:58,448] {logging_mixin.py:109} INFO - [2021-08-28 23:38:58,448] {dagbag.py:496} INFO - Filling up the DagBag from /home/paolo/Documents/Github/case-study-1-october2020-data-sweepers/DataExtraction/ENV/lib/python3.8/site-packages/airflow/example_dags/example_task_group.py
[2021-08-28 23:38:58,462] {processor.py:623} INFO - DAG(s) dict_keys(['example_task_group']) retrieved from /home/paolo/Documents/Github/case-study-1-october2020-data-sweepers/DataExtraction/ENV/lib/python3.8/site-packages/airflow/example_dags/example_task_group.py
[2021-08-28 23:38:58,475] {logging_mixin.py:109} INFO - [2021-08-28 23:38:58,475] {dag.py:1833} INFO - Sync 1 DAGs
[2021-08-28 23:38:58,487] {logging_mixin.py:109} INFO - [2021-08-28 23:38:58,486] {dag.py:2306} INFO - Setting next_dagrun for example_task_group to 2021-08-26 00:00:00+00:00
[2021-08-28 23:38:58,506] {processor.py:170} INFO - Processing /home/paolo/Documents/Github/case-study-1-october2020-data-sweepers/DataExtraction/ENV/lib/python3.8/site-packages/airflow/example_dags/example_task_group.py took 0.063 seconds
[2021-08-28 23:39:33,130] {processor.py:162} INFO - Started process (PID=13523) to work on /home/paolo/Documents/Github/case-study-1-october2020-data-sweepers/DataExtraction/ENV/lib/python3.8/site-packages/airflow/example_dags/example_task_group.py
[2021-08-28 23:39:33,131] {processor.py:613} INFO - Processing file /home/paolo/Documents/Github/case-study-1-october2020-data-sweepers/DataExtraction/ENV/lib/python3.8/site-packages/airflow/example_dags/example_task_group.py for tasks to queue
[2021-08-28 23:39:33,132] {logging_mixin.py:109} INFO - [2021-08-28 23:39:33,132] {dagbag.py:496} INFO - Filling up the DagBag from /home/paolo/Documents/Github/case-study-1-october2020-data-sweepers/DataExtraction/ENV/lib/python3.8/site-packages/airflow/example_dags/example_task_group.py
[2021-08-28 23:39:33,166] {processor.py:623} INFO - DAG(s) dict_keys(['example_task_group']) retrieved from /home/paolo/Documents/Github/case-study-1-october2020-data-sweepers/DataExtraction/ENV/lib/python3.8/site-packages/airflow/example_dags/example_task_group.py
[2021-08-28 23:39:33,247] {logging_mixin.py:109} INFO - [2021-08-28 23:39:33,246] {dag.py:1833} INFO - Sync 1 DAGs
[2021-08-28 23:39:33,270] {logging_mixin.py:109} INFO - [2021-08-28 23:39:33,270] {dag.py:2306} INFO - Setting next_dagrun for example_task_group to 2021-08-26 00:00:00+00:00
[2021-08-28 23:39:33,298] {processor.py:170} INFO - Processing /home/paolo/Documents/Github/case-study-1-october2020-data-sweepers/DataExtraction/ENV/lib/python3.8/site-packages/airflow/example_dags/example_task_group.py took 0.171 seconds
[2021-08-28 23:40:10,598] {processor.py:162} INFO - Started process (PID=13771) to work on /home/paolo/Documents/Github/case-study-1-october2020-data-sweepers/DataExtraction/ENV/lib/python3.8/site-packages/airflow/example_dags/example_task_group.py
[2021-08-28 23:40:10,599] {processor.py:613} INFO - Processing file /home/paolo/Documents/Github/case-study-1-october2020-data-sweepers/DataExtraction/ENV/lib/python3.8/site-packages/airflow/example_dags/example_task_group.py for tasks to queue
[2021-08-28 23:40:10,600] {logging_mixin.py:109} INFO - [2021-08-28 23:40:10,600] {dagbag.py:496} INFO - Filling up the DagBag from /home/paolo/Documents/Github/case-study-1-october2020-data-sweepers/DataExtraction/ENV/lib/python3.8/site-packages/airflow/example_dags/example_task_group.py
[2021-08-28 23:40:10,626] {processor.py:623} INFO - DAG(s) dict_keys(['example_task_group']) retrieved from /home/paolo/Documents/Github/case-study-1-october2020-data-sweepers/DataExtraction/ENV/lib/python3.8/site-packages/airflow/example_dags/example_task_group.py
[2021-08-28 23:40:10,644] {logging_mixin.py:109} INFO - [2021-08-28 23:40:10,644] {dag.py:1833} INFO - Sync 1 DAGs
[2021-08-28 23:40:10,661] {logging_mixin.py:109} INFO - [2021-08-28 23:40:10,661] {dag.py:2306} INFO - Setting next_dagrun for example_task_group to 2021-08-26 00:00:00+00:00
[2021-08-28 23:40:10,679] {processor.py:170} INFO - Processing /home/paolo/Documents/Github/case-study-1-october2020-data-sweepers/DataExtraction/ENV/lib/python3.8/site-packages/airflow/example_dags/example_task_group.py took 0.084 seconds
[2021-08-28 23:40:51,704] {processor.py:162} INFO - Started process (PID=13968) to work on /home/paolo/Documents/Github/case-study-1-october2020-data-sweepers/DataExtraction/ENV/lib/python3.8/site-packages/airflow/example_dags/example_task_group.py
[2021-08-28 23:40:51,706] {processor.py:613} INFO - Processing file /home/paolo/Documents/Github/case-study-1-october2020-data-sweepers/DataExtraction/ENV/lib/python3.8/site-packages/airflow/example_dags/example_task_group.py for tasks to queue
[2021-08-28 23:40:51,707] {logging_mixin.py:109} INFO - [2021-08-28 23:40:51,707] {dagbag.py:496} INFO - Filling up the DagBag from /home/paolo/Documents/Github/case-study-1-october2020-data-sweepers/DataExtraction/ENV/lib/python3.8/site-packages/airflow/example_dags/example_task_group.py
[2021-08-28 23:40:51,733] {processor.py:623} INFO - DAG(s) dict_keys(['example_task_group']) retrieved from /home/paolo/Documents/Github/case-study-1-october2020-data-sweepers/DataExtraction/ENV/lib/python3.8/site-packages/airflow/example_dags/example_task_group.py
[2021-08-28 23:40:51,766] {logging_mixin.py:109} INFO - [2021-08-28 23:40:51,765] {dag.py:1833} INFO - Sync 1 DAGs
[2021-08-28 23:40:51,787] {logging_mixin.py:109} INFO - [2021-08-28 23:40:51,787] {dag.py:2306} INFO - Setting next_dagrun for example_task_group to 2021-08-26 00:00:00+00:00
[2021-08-28 23:40:51,833] {processor.py:170} INFO - Processing /home/paolo/Documents/Github/case-study-1-october2020-data-sweepers/DataExtraction/ENV/lib/python3.8/site-packages/airflow/example_dags/example_task_group.py took 0.133 seconds
[2021-08-28 23:41:30,898] {processor.py:162} INFO - Started process (PID=14094) to work on /home/paolo/Documents/Github/case-study-1-october2020-data-sweepers/DataExtraction/ENV/lib/python3.8/site-packages/airflow/example_dags/example_task_group.py
[2021-08-28 23:41:30,900] {processor.py:613} INFO - Processing file /home/paolo/Documents/Github/case-study-1-october2020-data-sweepers/DataExtraction/ENV/lib/python3.8/site-packages/airflow/example_dags/example_task_group.py for tasks to queue
[2021-08-28 23:41:30,901] {logging_mixin.py:109} INFO - [2021-08-28 23:41:30,901] {dagbag.py:496} INFO - Filling up the DagBag from /home/paolo/Documents/Github/case-study-1-october2020-data-sweepers/DataExtraction/ENV/lib/python3.8/site-packages/airflow/example_dags/example_task_group.py
[2021-08-28 23:41:31,011] {processor.py:623} INFO - DAG(s) dict_keys(['example_task_group']) retrieved from /home/paolo/Documents/Github/case-study-1-october2020-data-sweepers/DataExtraction/ENV/lib/python3.8/site-packages/airflow/example_dags/example_task_group.py
[2021-08-28 23:41:31,126] {logging_mixin.py:109} INFO - [2021-08-28 23:41:31,126] {dag.py:1833} INFO - Sync 1 DAGs
[2021-08-28 23:41:31,166] {logging_mixin.py:109} INFO - [2021-08-28 23:41:31,166] {dag.py:2306} INFO - Setting next_dagrun for example_task_group to 2021-08-26 00:00:00+00:00
[2021-08-28 23:41:31,200] {processor.py:170} INFO - Processing /home/paolo/Documents/Github/case-study-1-october2020-data-sweepers/DataExtraction/ENV/lib/python3.8/site-packages/airflow/example_dags/example_task_group.py took 0.309 seconds
[2021-08-28 23:42:05,267] {processor.py:162} INFO - Started process (PID=14160) to work on /home/paolo/Documents/Github/case-study-1-october2020-data-sweepers/DataExtraction/ENV/lib/python3.8/site-packages/airflow/example_dags/example_task_group.py
[2021-08-28 23:42:05,269] {processor.py:613} INFO - Processing file /home/paolo/Documents/Github/case-study-1-october2020-data-sweepers/DataExtraction/ENV/lib/python3.8/site-packages/airflow/example_dags/example_task_group.py for tasks to queue
[2021-08-28 23:42:05,269] {logging_mixin.py:109} INFO - [2021-08-28 23:42:05,269] {dagbag.py:496} INFO - Filling up the DagBag from /home/paolo/Documents/Github/case-study-1-october2020-data-sweepers/DataExtraction/ENV/lib/python3.8/site-packages/airflow/example_dags/example_task_group.py
[2021-08-28 23:42:05,280] {processor.py:623} INFO - DAG(s) dict_keys(['example_task_group']) retrieved from /home/paolo/Documents/Github/case-study-1-october2020-data-sweepers/DataExtraction/ENV/lib/python3.8/site-packages/airflow/example_dags/example_task_group.py
[2021-08-28 23:42:05,292] {logging_mixin.py:109} INFO - [2021-08-28 23:42:05,292] {dag.py:1833} INFO - Sync 1 DAGs
[2021-08-28 23:42:05,301] {logging_mixin.py:109} INFO - [2021-08-28 23:42:05,301] {dag.py:2306} INFO - Setting next_dagrun for example_task_group to 2021-08-26 00:00:00+00:00
[2021-08-28 23:42:05,318] {processor.py:170} INFO - Processing /home/paolo/Documents/Github/case-study-1-october2020-data-sweepers/DataExtraction/ENV/lib/python3.8/site-packages/airflow/example_dags/example_task_group.py took 0.053 seconds
[2021-08-28 23:42:36,994] {processor.py:162} INFO - Started process (PID=14262) to work on /home/paolo/Documents/Github/case-study-1-october2020-data-sweepers/DataExtraction/ENV/lib/python3.8/site-packages/airflow/example_dags/example_task_group.py
[2021-08-28 23:42:36,995] {processor.py:613} INFO - Processing file /home/paolo/Documents/Github/case-study-1-october2020-data-sweepers/DataExtraction/ENV/lib/python3.8/site-packages/airflow/example_dags/example_task_group.py for tasks to queue
[2021-08-28 23:42:36,996] {logging_mixin.py:109} INFO - [2021-08-28 23:42:36,996] {dagbag.py:496} INFO - Filling up the DagBag from /home/paolo/Documents/Github/case-study-1-october2020-data-sweepers/DataExtraction/ENV/lib/python3.8/site-packages/airflow/example_dags/example_task_group.py
[2021-08-28 23:42:37,008] {processor.py:623} INFO - DAG(s) dict_keys(['example_task_group']) retrieved from /home/paolo/Documents/Github/case-study-1-october2020-data-sweepers/DataExtraction/ENV/lib/python3.8/site-packages/airflow/example_dags/example_task_group.py
[2021-08-28 23:42:37,019] {logging_mixin.py:109} INFO - [2021-08-28 23:42:37,018] {dag.py:1833} INFO - Sync 1 DAGs
[2021-08-28 23:42:37,027] {logging_mixin.py:109} INFO - [2021-08-28 23:42:37,027] {dag.py:2306} INFO - Setting next_dagrun for example_task_group to 2021-08-26 00:00:00+00:00
[2021-08-28 23:42:37,044] {processor.py:170} INFO - Processing /home/paolo/Documents/Github/case-study-1-october2020-data-sweepers/DataExtraction/ENV/lib/python3.8/site-packages/airflow/example_dags/example_task_group.py took 0.052 seconds
[2021-08-28 23:43:11,627] {processor.py:162} INFO - Started process (PID=14343) to work on /home/paolo/Documents/Github/case-study-1-october2020-data-sweepers/DataExtraction/ENV/lib/python3.8/site-packages/airflow/example_dags/example_task_group.py
[2021-08-28 23:43:11,629] {processor.py:613} INFO - Processing file /home/paolo/Documents/Github/case-study-1-october2020-data-sweepers/DataExtraction/ENV/lib/python3.8/site-packages/airflow/example_dags/example_task_group.py for tasks to queue
[2021-08-28 23:43:11,629] {logging_mixin.py:109} INFO - [2021-08-28 23:43:11,629] {dagbag.py:496} INFO - Filling up the DagBag from /home/paolo/Documents/Github/case-study-1-october2020-data-sweepers/DataExtraction/ENV/lib/python3.8/site-packages/airflow/example_dags/example_task_group.py
[2021-08-28 23:43:11,647] {processor.py:623} INFO - DAG(s) dict_keys(['example_task_group']) retrieved from /home/paolo/Documents/Github/case-study-1-october2020-data-sweepers/DataExtraction/ENV/lib/python3.8/site-packages/airflow/example_dags/example_task_group.py
[2021-08-28 23:43:11,664] {logging_mixin.py:109} INFO - [2021-08-28 23:43:11,664] {dag.py:1833} INFO - Sync 1 DAGs
[2021-08-28 23:43:11,676] {logging_mixin.py:109} INFO - [2021-08-28 23:43:11,675] {dag.py:2306} INFO - Setting next_dagrun for example_task_group to 2021-08-26 00:00:00+00:00
[2021-08-28 23:43:11,696] {processor.py:170} INFO - Processing /home/paolo/Documents/Github/case-study-1-october2020-data-sweepers/DataExtraction/ENV/lib/python3.8/site-packages/airflow/example_dags/example_task_group.py took 0.072 seconds
[2021-08-28 23:43:46,312] {processor.py:162} INFO - Started process (PID=14419) to work on /home/paolo/Documents/Github/case-study-1-october2020-data-sweepers/DataExtraction/ENV/lib/python3.8/site-packages/airflow/example_dags/example_task_group.py
[2021-08-28 23:43:46,316] {processor.py:613} INFO - Processing file /home/paolo/Documents/Github/case-study-1-october2020-data-sweepers/DataExtraction/ENV/lib/python3.8/site-packages/airflow/example_dags/example_task_group.py for tasks to queue
[2021-08-28 23:43:46,319] {logging_mixin.py:109} INFO - [2021-08-28 23:43:46,319] {dagbag.py:496} INFO - Filling up the DagBag from /home/paolo/Documents/Github/case-study-1-october2020-data-sweepers/DataExtraction/ENV/lib/python3.8/site-packages/airflow/example_dags/example_task_group.py
[2021-08-28 23:43:46,337] {processor.py:623} INFO - DAG(s) dict_keys(['example_task_group']) retrieved from /home/paolo/Documents/Github/case-study-1-october2020-data-sweepers/DataExtraction/ENV/lib/python3.8/site-packages/airflow/example_dags/example_task_group.py
[2021-08-28 23:43:46,348] {logging_mixin.py:109} INFO - [2021-08-28 23:43:46,348] {dag.py:1833} INFO - Sync 1 DAGs
[2021-08-28 23:43:46,357] {logging_mixin.py:109} INFO - [2021-08-28 23:43:46,357] {dag.py:2306} INFO - Setting next_dagrun for example_task_group to 2021-08-26 00:00:00+00:00
[2021-08-28 23:43:46,372] {processor.py:170} INFO - Processing /home/paolo/Documents/Github/case-study-1-october2020-data-sweepers/DataExtraction/ENV/lib/python3.8/site-packages/airflow/example_dags/example_task_group.py took 0.067 seconds
[2021-08-28 23:44:18,013] {processor.py:162} INFO - Started process (PID=14478) to work on /home/paolo/Documents/Github/case-study-1-october2020-data-sweepers/DataExtraction/ENV/lib/python3.8/site-packages/airflow/example_dags/example_task_group.py
[2021-08-28 23:44:18,015] {processor.py:613} INFO - Processing file /home/paolo/Documents/Github/case-study-1-october2020-data-sweepers/DataExtraction/ENV/lib/python3.8/site-packages/airflow/example_dags/example_task_group.py for tasks to queue
[2021-08-28 23:44:18,016] {logging_mixin.py:109} INFO - [2021-08-28 23:44:18,016] {dagbag.py:496} INFO - Filling up the DagBag from /home/paolo/Documents/Github/case-study-1-october2020-data-sweepers/DataExtraction/ENV/lib/python3.8/site-packages/airflow/example_dags/example_task_group.py
[2021-08-28 23:44:18,036] {processor.py:623} INFO - DAG(s) dict_keys(['example_task_group']) retrieved from /home/paolo/Documents/Github/case-study-1-october2020-data-sweepers/DataExtraction/ENV/lib/python3.8/site-packages/airflow/example_dags/example_task_group.py
[2021-08-28 23:44:18,052] {logging_mixin.py:109} INFO - [2021-08-28 23:44:18,052] {dag.py:1833} INFO - Sync 1 DAGs
[2021-08-28 23:44:18,063] {logging_mixin.py:109} INFO - [2021-08-28 23:44:18,063] {dag.py:2306} INFO - Setting next_dagrun for example_task_group to 2021-08-26 00:00:00+00:00
[2021-08-28 23:44:18,081] {processor.py:170} INFO - Processing /home/paolo/Documents/Github/case-study-1-october2020-data-sweepers/DataExtraction/ENV/lib/python3.8/site-packages/airflow/example_dags/example_task_group.py took 0.073 seconds
[2021-08-28 23:45:00,567] {processor.py:162} INFO - Started process (PID=14570) to work on /home/paolo/Documents/Github/case-study-1-october2020-data-sweepers/DataExtraction/ENV/lib/python3.8/site-packages/airflow/example_dags/example_task_group.py
[2021-08-28 23:45:00,574] {processor.py:613} INFO - Processing file /home/paolo/Documents/Github/case-study-1-october2020-data-sweepers/DataExtraction/ENV/lib/python3.8/site-packages/airflow/example_dags/example_task_group.py for tasks to queue
[2021-08-28 23:45:00,575] {logging_mixin.py:109} INFO - [2021-08-28 23:45:00,575] {dagbag.py:496} INFO - Filling up the DagBag from /home/paolo/Documents/Github/case-study-1-october2020-data-sweepers/DataExtraction/ENV/lib/python3.8/site-packages/airflow/example_dags/example_task_group.py
[2021-08-28 23:45:00,603] {processor.py:623} INFO - DAG(s) dict_keys(['example_task_group']) retrieved from /home/paolo/Documents/Github/case-study-1-october2020-data-sweepers/DataExtraction/ENV/lib/python3.8/site-packages/airflow/example_dags/example_task_group.py
[2021-08-28 23:45:00,631] {logging_mixin.py:109} INFO - [2021-08-28 23:45:00,631] {dag.py:1833} INFO - Sync 1 DAGs
[2021-08-28 23:45:00,649] {logging_mixin.py:109} INFO - [2021-08-28 23:45:00,648] {dag.py:2306} INFO - Setting next_dagrun for example_task_group to 2021-08-26 00:00:00+00:00
[2021-08-28 23:45:00,697] {processor.py:170} INFO - Processing /home/paolo/Documents/Github/case-study-1-october2020-data-sweepers/DataExtraction/ENV/lib/python3.8/site-packages/airflow/example_dags/example_task_group.py took 0.134 seconds
[2021-08-28 23:45:41,595] {processor.py:162} INFO - Started process (PID=14639) to work on /home/paolo/Documents/Github/case-study-1-october2020-data-sweepers/DataExtraction/ENV/lib/python3.8/site-packages/airflow/example_dags/example_task_group.py
[2021-08-28 23:45:41,597] {processor.py:613} INFO - Processing file /home/paolo/Documents/Github/case-study-1-october2020-data-sweepers/DataExtraction/ENV/lib/python3.8/site-packages/airflow/example_dags/example_task_group.py for tasks to queue
[2021-08-28 23:45:41,598] {logging_mixin.py:109} INFO - [2021-08-28 23:45:41,598] {dagbag.py:496} INFO - Filling up the DagBag from /home/paolo/Documents/Github/case-study-1-october2020-data-sweepers/DataExtraction/ENV/lib/python3.8/site-packages/airflow/example_dags/example_task_group.py
[2021-08-28 23:45:41,628] {processor.py:623} INFO - DAG(s) dict_keys(['example_task_group']) retrieved from /home/paolo/Documents/Github/case-study-1-october2020-data-sweepers/DataExtraction/ENV/lib/python3.8/site-packages/airflow/example_dags/example_task_group.py
[2021-08-28 23:45:41,659] {logging_mixin.py:109} INFO - [2021-08-28 23:45:41,659] {dag.py:1833} INFO - Sync 1 DAGs
[2021-08-28 23:45:41,682] {logging_mixin.py:109} INFO - [2021-08-28 23:45:41,682] {dag.py:2306} INFO - Setting next_dagrun for example_task_group to 2021-08-26 00:00:00+00:00
[2021-08-28 23:45:41,725] {processor.py:170} INFO - Processing /home/paolo/Documents/Github/case-study-1-october2020-data-sweepers/DataExtraction/ENV/lib/python3.8/site-packages/airflow/example_dags/example_task_group.py took 0.139 seconds
[2021-08-28 23:46:23,271] {processor.py:162} INFO - Started process (PID=14706) to work on /home/paolo/Documents/Github/case-study-1-october2020-data-sweepers/DataExtraction/ENV/lib/python3.8/site-packages/airflow/example_dags/example_task_group.py
[2021-08-28 23:46:23,276] {processor.py:613} INFO - Processing file /home/paolo/Documents/Github/case-study-1-october2020-data-sweepers/DataExtraction/ENV/lib/python3.8/site-packages/airflow/example_dags/example_task_group.py for tasks to queue
[2021-08-28 23:46:23,282] {logging_mixin.py:109} INFO - [2021-08-28 23:46:23,282] {dagbag.py:496} INFO - Filling up the DagBag from /home/paolo/Documents/Github/case-study-1-october2020-data-sweepers/DataExtraction/ENV/lib/python3.8/site-packages/airflow/example_dags/example_task_group.py
[2021-08-28 23:46:23,308] {processor.py:623} INFO - DAG(s) dict_keys(['example_task_group']) retrieved from /home/paolo/Documents/Github/case-study-1-october2020-data-sweepers/DataExtraction/ENV/lib/python3.8/site-packages/airflow/example_dags/example_task_group.py
[2021-08-28 23:46:23,334] {logging_mixin.py:109} INFO - [2021-08-28 23:46:23,334] {dag.py:1833} INFO - Sync 1 DAGs
[2021-08-28 23:46:23,352] {logging_mixin.py:109} INFO - [2021-08-28 23:46:23,352] {dag.py:2306} INFO - Setting next_dagrun for example_task_group to 2021-08-26 00:00:00+00:00
[2021-08-28 23:46:23,375] {processor.py:170} INFO - Processing /home/paolo/Documents/Github/case-study-1-october2020-data-sweepers/DataExtraction/ENV/lib/python3.8/site-packages/airflow/example_dags/example_task_group.py took 0.110 seconds
[2021-08-28 23:47:01,951] {processor.py:162} INFO - Started process (PID=14784) to work on /home/paolo/Documents/Github/case-study-1-october2020-data-sweepers/DataExtraction/ENV/lib/python3.8/site-packages/airflow/example_dags/example_task_group.py
[2021-08-28 23:47:01,954] {processor.py:613} INFO - Processing file /home/paolo/Documents/Github/case-study-1-october2020-data-sweepers/DataExtraction/ENV/lib/python3.8/site-packages/airflow/example_dags/example_task_group.py for tasks to queue
[2021-08-28 23:47:01,955] {logging_mixin.py:109} INFO - [2021-08-28 23:47:01,955] {dagbag.py:496} INFO - Filling up the DagBag from /home/paolo/Documents/Github/case-study-1-october2020-data-sweepers/DataExtraction/ENV/lib/python3.8/site-packages/airflow/example_dags/example_task_group.py
[2021-08-28 23:47:01,982] {processor.py:623} INFO - DAG(s) dict_keys(['example_task_group']) retrieved from /home/paolo/Documents/Github/case-study-1-october2020-data-sweepers/DataExtraction/ENV/lib/python3.8/site-packages/airflow/example_dags/example_task_group.py
[2021-08-28 23:47:02,007] {logging_mixin.py:109} INFO - [2021-08-28 23:47:02,007] {dag.py:1833} INFO - Sync 1 DAGs
[2021-08-28 23:47:02,028] {logging_mixin.py:109} INFO - [2021-08-28 23:47:02,027] {dag.py:2306} INFO - Setting next_dagrun for example_task_group to 2021-08-26 00:00:00+00:00
[2021-08-28 23:47:02,054] {processor.py:170} INFO - Processing /home/paolo/Documents/Github/case-study-1-october2020-data-sweepers/DataExtraction/ENV/lib/python3.8/site-packages/airflow/example_dags/example_task_group.py took 0.107 seconds
[2021-08-28 23:47:46,731] {processor.py:162} INFO - Started process (PID=14878) to work on /home/paolo/Documents/Github/case-study-1-october2020-data-sweepers/DataExtraction/ENV/lib/python3.8/site-packages/airflow/example_dags/example_task_group.py
[2021-08-28 23:47:46,736] {processor.py:613} INFO - Processing file /home/paolo/Documents/Github/case-study-1-october2020-data-sweepers/DataExtraction/ENV/lib/python3.8/site-packages/airflow/example_dags/example_task_group.py for tasks to queue
[2021-08-28 23:47:46,737] {logging_mixin.py:109} INFO - [2021-08-28 23:47:46,737] {dagbag.py:496} INFO - Filling up the DagBag from /home/paolo/Documents/Github/case-study-1-october2020-data-sweepers/DataExtraction/ENV/lib/python3.8/site-packages/airflow/example_dags/example_task_group.py
[2021-08-28 23:47:46,761] {processor.py:623} INFO - DAG(s) dict_keys(['example_task_group']) retrieved from /home/paolo/Documents/Github/case-study-1-october2020-data-sweepers/DataExtraction/ENV/lib/python3.8/site-packages/airflow/example_dags/example_task_group.py
[2021-08-28 23:47:46,806] {logging_mixin.py:109} INFO - [2021-08-28 23:47:46,805] {dag.py:1833} INFO - Sync 1 DAGs
[2021-08-28 23:47:46,826] {logging_mixin.py:109} INFO - [2021-08-28 23:47:46,826] {dag.py:2306} INFO - Setting next_dagrun for example_task_group to 2021-08-26 00:00:00+00:00
[2021-08-28 23:47:46,857] {processor.py:170} INFO - Processing /home/paolo/Documents/Github/case-study-1-october2020-data-sweepers/DataExtraction/ENV/lib/python3.8/site-packages/airflow/example_dags/example_task_group.py took 0.130 seconds
[2021-08-28 23:48:28,546] {processor.py:162} INFO - Started process (PID=14950) to work on /home/paolo/Documents/Github/case-study-1-october2020-data-sweepers/DataExtraction/ENV/lib/python3.8/site-packages/airflow/example_dags/example_task_group.py
[2021-08-28 23:48:28,548] {processor.py:613} INFO - Processing file /home/paolo/Documents/Github/case-study-1-october2020-data-sweepers/DataExtraction/ENV/lib/python3.8/site-packages/airflow/example_dags/example_task_group.py for tasks to queue
[2021-08-28 23:48:28,549] {logging_mixin.py:109} INFO - [2021-08-28 23:48:28,549] {dagbag.py:496} INFO - Filling up the DagBag from /home/paolo/Documents/Github/case-study-1-october2020-data-sweepers/DataExtraction/ENV/lib/python3.8/site-packages/airflow/example_dags/example_task_group.py
[2021-08-28 23:48:28,578] {processor.py:623} INFO - DAG(s) dict_keys(['example_task_group']) retrieved from /home/paolo/Documents/Github/case-study-1-october2020-data-sweepers/DataExtraction/ENV/lib/python3.8/site-packages/airflow/example_dags/example_task_group.py
[2021-08-28 23:48:28,626] {logging_mixin.py:109} INFO - [2021-08-28 23:48:28,625] {dag.py:1833} INFO - Sync 1 DAGs
[2021-08-28 23:48:28,664] {logging_mixin.py:109} INFO - [2021-08-28 23:48:28,664] {dag.py:2306} INFO - Setting next_dagrun for example_task_group to 2021-08-26 00:00:00+00:00
[2021-08-28 23:48:28,686] {processor.py:170} INFO - Processing /home/paolo/Documents/Github/case-study-1-october2020-data-sweepers/DataExtraction/ENV/lib/python3.8/site-packages/airflow/example_dags/example_task_group.py took 0.148 seconds
[2021-08-28 23:49:07,541] {processor.py:162} INFO - Started process (PID=15064) to work on /home/paolo/Documents/Github/case-study-1-october2020-data-sweepers/DataExtraction/ENV/lib/python3.8/site-packages/airflow/example_dags/example_task_group.py
[2021-08-28 23:49:07,545] {processor.py:613} INFO - Processing file /home/paolo/Documents/Github/case-study-1-october2020-data-sweepers/DataExtraction/ENV/lib/python3.8/site-packages/airflow/example_dags/example_task_group.py for tasks to queue
[2021-08-28 23:49:07,546] {logging_mixin.py:109} INFO - [2021-08-28 23:49:07,546] {dagbag.py:496} INFO - Filling up the DagBag from /home/paolo/Documents/Github/case-study-1-october2020-data-sweepers/DataExtraction/ENV/lib/python3.8/site-packages/airflow/example_dags/example_task_group.py
[2021-08-28 23:49:07,572] {processor.py:623} INFO - DAG(s) dict_keys(['example_task_group']) retrieved from /home/paolo/Documents/Github/case-study-1-october2020-data-sweepers/DataExtraction/ENV/lib/python3.8/site-packages/airflow/example_dags/example_task_group.py
[2021-08-28 23:49:07,593] {logging_mixin.py:109} INFO - [2021-08-28 23:49:07,593] {dag.py:1833} INFO - Sync 1 DAGs
[2021-08-28 23:49:07,614] {logging_mixin.py:109} INFO - [2021-08-28 23:49:07,614] {dag.py:2306} INFO - Setting next_dagrun for example_task_group to 2021-08-26 00:00:00+00:00
[2021-08-28 23:49:07,649] {processor.py:170} INFO - Processing /home/paolo/Documents/Github/case-study-1-october2020-data-sweepers/DataExtraction/ENV/lib/python3.8/site-packages/airflow/example_dags/example_task_group.py took 0.112 seconds
[2021-08-28 23:49:47,156] {processor.py:162} INFO - Started process (PID=15139) to work on /home/paolo/Documents/Github/case-study-1-october2020-data-sweepers/DataExtraction/ENV/lib/python3.8/site-packages/airflow/example_dags/example_task_group.py
[2021-08-28 23:49:47,161] {processor.py:613} INFO - Processing file /home/paolo/Documents/Github/case-study-1-october2020-data-sweepers/DataExtraction/ENV/lib/python3.8/site-packages/airflow/example_dags/example_task_group.py for tasks to queue
[2021-08-28 23:49:47,163] {logging_mixin.py:109} INFO - [2021-08-28 23:49:47,163] {dagbag.py:496} INFO - Filling up the DagBag from /home/paolo/Documents/Github/case-study-1-october2020-data-sweepers/DataExtraction/ENV/lib/python3.8/site-packages/airflow/example_dags/example_task_group.py
[2021-08-28 23:49:47,185] {processor.py:623} INFO - DAG(s) dict_keys(['example_task_group']) retrieved from /home/paolo/Documents/Github/case-study-1-october2020-data-sweepers/DataExtraction/ENV/lib/python3.8/site-packages/airflow/example_dags/example_task_group.py
[2021-08-28 23:49:47,207] {logging_mixin.py:109} INFO - [2021-08-28 23:49:47,207] {dag.py:1833} INFO - Sync 1 DAGs
[2021-08-28 23:49:47,222] {logging_mixin.py:109} INFO - [2021-08-28 23:49:47,222] {dag.py:2306} INFO - Setting next_dagrun for example_task_group to 2021-08-26 00:00:00+00:00
[2021-08-28 23:49:47,245] {processor.py:170} INFO - Processing /home/paolo/Documents/Github/case-study-1-october2020-data-sweepers/DataExtraction/ENV/lib/python3.8/site-packages/airflow/example_dags/example_task_group.py took 0.092 seconds
[2021-08-28 23:50:23,683] {processor.py:162} INFO - Started process (PID=15225) to work on /home/paolo/Documents/Github/case-study-1-october2020-data-sweepers/DataExtraction/ENV/lib/python3.8/site-packages/airflow/example_dags/example_task_group.py
[2021-08-28 23:50:23,684] {processor.py:613} INFO - Processing file /home/paolo/Documents/Github/case-study-1-october2020-data-sweepers/DataExtraction/ENV/lib/python3.8/site-packages/airflow/example_dags/example_task_group.py for tasks to queue
[2021-08-28 23:50:23,685] {logging_mixin.py:109} INFO - [2021-08-28 23:50:23,685] {dagbag.py:496} INFO - Filling up the DagBag from /home/paolo/Documents/Github/case-study-1-october2020-data-sweepers/DataExtraction/ENV/lib/python3.8/site-packages/airflow/example_dags/example_task_group.py
[2021-08-28 23:50:23,700] {processor.py:623} INFO - DAG(s) dict_keys(['example_task_group']) retrieved from /home/paolo/Documents/Github/case-study-1-october2020-data-sweepers/DataExtraction/ENV/lib/python3.8/site-packages/airflow/example_dags/example_task_group.py
[2021-08-28 23:50:23,722] {logging_mixin.py:109} INFO - [2021-08-28 23:50:23,722] {dag.py:1833} INFO - Sync 1 DAGs
[2021-08-28 23:50:23,742] {logging_mixin.py:109} INFO - [2021-08-28 23:50:23,742] {dag.py:2306} INFO - Setting next_dagrun for example_task_group to 2021-08-26 00:00:00+00:00
[2021-08-28 23:50:23,767] {processor.py:170} INFO - Processing /home/paolo/Documents/Github/case-study-1-october2020-data-sweepers/DataExtraction/ENV/lib/python3.8/site-packages/airflow/example_dags/example_task_group.py took 0.087 seconds
[2021-08-28 23:50:56,625] {processor.py:162} INFO - Started process (PID=15286) to work on /home/paolo/Documents/Github/case-study-1-october2020-data-sweepers/DataExtraction/ENV/lib/python3.8/site-packages/airflow/example_dags/example_task_group.py
[2021-08-28 23:50:56,628] {processor.py:613} INFO - Processing file /home/paolo/Documents/Github/case-study-1-october2020-data-sweepers/DataExtraction/ENV/lib/python3.8/site-packages/airflow/example_dags/example_task_group.py for tasks to queue
[2021-08-28 23:50:56,629] {logging_mixin.py:109} INFO - [2021-08-28 23:50:56,629] {dagbag.py:496} INFO - Filling up the DagBag from /home/paolo/Documents/Github/case-study-1-october2020-data-sweepers/DataExtraction/ENV/lib/python3.8/site-packages/airflow/example_dags/example_task_group.py
[2021-08-28 23:50:56,654] {processor.py:623} INFO - DAG(s) dict_keys(['example_task_group']) retrieved from /home/paolo/Documents/Github/case-study-1-october2020-data-sweepers/DataExtraction/ENV/lib/python3.8/site-packages/airflow/example_dags/example_task_group.py
[2021-08-28 23:50:56,678] {logging_mixin.py:109} INFO - [2021-08-28 23:50:56,677] {dag.py:1833} INFO - Sync 1 DAGs
[2021-08-28 23:50:56,701] {logging_mixin.py:109} INFO - [2021-08-28 23:50:56,701] {dag.py:2306} INFO - Setting next_dagrun for example_task_group to 2021-08-26 00:00:00+00:00
[2021-08-28 23:50:56,737] {processor.py:170} INFO - Processing /home/paolo/Documents/Github/case-study-1-october2020-data-sweepers/DataExtraction/ENV/lib/python3.8/site-packages/airflow/example_dags/example_task_group.py took 0.118 seconds
[2021-08-28 23:51:31,112] {processor.py:162} INFO - Started process (PID=15360) to work on /home/paolo/Documents/Github/case-study-1-october2020-data-sweepers/DataExtraction/ENV/lib/python3.8/site-packages/airflow/example_dags/example_task_group.py
[2021-08-28 23:51:31,113] {processor.py:613} INFO - Processing file /home/paolo/Documents/Github/case-study-1-october2020-data-sweepers/DataExtraction/ENV/lib/python3.8/site-packages/airflow/example_dags/example_task_group.py for tasks to queue
[2021-08-28 23:51:31,114] {logging_mixin.py:109} INFO - [2021-08-28 23:51:31,114] {dagbag.py:496} INFO - Filling up the DagBag from /home/paolo/Documents/Github/case-study-1-october2020-data-sweepers/DataExtraction/ENV/lib/python3.8/site-packages/airflow/example_dags/example_task_group.py
[2021-08-28 23:51:31,127] {processor.py:623} INFO - DAG(s) dict_keys(['example_task_group']) retrieved from /home/paolo/Documents/Github/case-study-1-october2020-data-sweepers/DataExtraction/ENV/lib/python3.8/site-packages/airflow/example_dags/example_task_group.py
[2021-08-28 23:51:31,139] {logging_mixin.py:109} INFO - [2021-08-28 23:51:31,139] {dag.py:1833} INFO - Sync 1 DAGs
[2021-08-28 23:51:31,149] {logging_mixin.py:109} INFO - [2021-08-28 23:51:31,149] {dag.py:2306} INFO - Setting next_dagrun for example_task_group to 2021-08-26 00:00:00+00:00
[2021-08-28 23:51:31,174] {processor.py:170} INFO - Processing /home/paolo/Documents/Github/case-study-1-october2020-data-sweepers/DataExtraction/ENV/lib/python3.8/site-packages/airflow/example_dags/example_task_group.py took 0.065 seconds
[2021-08-28 23:52:06,078] {processor.py:162} INFO - Started process (PID=15461) to work on /home/paolo/Documents/Github/case-study-1-october2020-data-sweepers/DataExtraction/ENV/lib/python3.8/site-packages/airflow/example_dags/example_task_group.py
[2021-08-28 23:52:06,083] {processor.py:613} INFO - Processing file /home/paolo/Documents/Github/case-study-1-october2020-data-sweepers/DataExtraction/ENV/lib/python3.8/site-packages/airflow/example_dags/example_task_group.py for tasks to queue
[2021-08-28 23:52:06,084] {logging_mixin.py:109} INFO - [2021-08-28 23:52:06,083] {dagbag.py:496} INFO - Filling up the DagBag from /home/paolo/Documents/Github/case-study-1-october2020-data-sweepers/DataExtraction/ENV/lib/python3.8/site-packages/airflow/example_dags/example_task_group.py
[2021-08-28 23:52:06,096] {processor.py:623} INFO - DAG(s) dict_keys(['example_task_group']) retrieved from /home/paolo/Documents/Github/case-study-1-october2020-data-sweepers/DataExtraction/ENV/lib/python3.8/site-packages/airflow/example_dags/example_task_group.py
[2021-08-28 23:52:06,107] {logging_mixin.py:109} INFO - [2021-08-28 23:52:06,107] {dag.py:1833} INFO - Sync 1 DAGs
[2021-08-28 23:52:06,119] {logging_mixin.py:109} INFO - [2021-08-28 23:52:06,118] {dag.py:2306} INFO - Setting next_dagrun for example_task_group to 2021-08-26 00:00:00+00:00
[2021-08-28 23:52:06,135] {processor.py:170} INFO - Processing /home/paolo/Documents/Github/case-study-1-october2020-data-sweepers/DataExtraction/ENV/lib/python3.8/site-packages/airflow/example_dags/example_task_group.py took 0.060 seconds
[2021-08-28 23:52:38,001] {processor.py:162} INFO - Started process (PID=15569) to work on /home/paolo/Documents/Github/case-study-1-october2020-data-sweepers/DataExtraction/ENV/lib/python3.8/site-packages/airflow/example_dags/example_task_group.py
[2021-08-28 23:52:38,003] {processor.py:613} INFO - Processing file /home/paolo/Documents/Github/case-study-1-october2020-data-sweepers/DataExtraction/ENV/lib/python3.8/site-packages/airflow/example_dags/example_task_group.py for tasks to queue
[2021-08-28 23:52:38,004] {logging_mixin.py:109} INFO - [2021-08-28 23:52:38,004] {dagbag.py:496} INFO - Filling up the DagBag from /home/paolo/Documents/Github/case-study-1-october2020-data-sweepers/DataExtraction/ENV/lib/python3.8/site-packages/airflow/example_dags/example_task_group.py
[2021-08-28 23:52:38,032] {processor.py:623} INFO - DAG(s) dict_keys(['example_task_group']) retrieved from /home/paolo/Documents/Github/case-study-1-october2020-data-sweepers/DataExtraction/ENV/lib/python3.8/site-packages/airflow/example_dags/example_task_group.py
[2021-08-28 23:52:38,061] {logging_mixin.py:109} INFO - [2021-08-28 23:52:38,061] {dag.py:1833} INFO - Sync 1 DAGs
[2021-08-28 23:52:38,086] {logging_mixin.py:109} INFO - [2021-08-28 23:52:38,086] {dag.py:2306} INFO - Setting next_dagrun for example_task_group to 2021-08-26 00:00:00+00:00
[2021-08-28 23:52:38,115] {processor.py:170} INFO - Processing /home/paolo/Documents/Github/case-study-1-october2020-data-sweepers/DataExtraction/ENV/lib/python3.8/site-packages/airflow/example_dags/example_task_group.py took 0.119 seconds
[2021-08-28 23:53:11,108] {processor.py:162} INFO - Started process (PID=15642) to work on /home/paolo/Documents/Github/case-study-1-october2020-data-sweepers/DataExtraction/ENV/lib/python3.8/site-packages/airflow/example_dags/example_task_group.py
[2021-08-28 23:53:11,110] {processor.py:613} INFO - Processing file /home/paolo/Documents/Github/case-study-1-october2020-data-sweepers/DataExtraction/ENV/lib/python3.8/site-packages/airflow/example_dags/example_task_group.py for tasks to queue
[2021-08-28 23:53:11,112] {logging_mixin.py:109} INFO - [2021-08-28 23:53:11,111] {dagbag.py:496} INFO - Filling up the DagBag from /home/paolo/Documents/Github/case-study-1-october2020-data-sweepers/DataExtraction/ENV/lib/python3.8/site-packages/airflow/example_dags/example_task_group.py
[2021-08-28 23:53:11,132] {processor.py:623} INFO - DAG(s) dict_keys(['example_task_group']) retrieved from /home/paolo/Documents/Github/case-study-1-october2020-data-sweepers/DataExtraction/ENV/lib/python3.8/site-packages/airflow/example_dags/example_task_group.py
[2021-08-28 23:53:11,144] {logging_mixin.py:109} INFO - [2021-08-28 23:53:11,144] {dag.py:1833} INFO - Sync 1 DAGs
[2021-08-28 23:53:11,153] {logging_mixin.py:109} INFO - [2021-08-28 23:53:11,153] {dag.py:2306} INFO - Setting next_dagrun for example_task_group to 2021-08-26 00:00:00+00:00
[2021-08-28 23:53:11,169] {processor.py:170} INFO - Processing /home/paolo/Documents/Github/case-study-1-october2020-data-sweepers/DataExtraction/ENV/lib/python3.8/site-packages/airflow/example_dags/example_task_group.py took 0.066 seconds
[2021-08-28 23:53:42,456] {processor.py:162} INFO - Started process (PID=15754) to work on /home/paolo/Documents/Github/case-study-1-october2020-data-sweepers/DataExtraction/ENV/lib/python3.8/site-packages/airflow/example_dags/example_task_group.py
[2021-08-28 23:53:42,457] {processor.py:613} INFO - Processing file /home/paolo/Documents/Github/case-study-1-october2020-data-sweepers/DataExtraction/ENV/lib/python3.8/site-packages/airflow/example_dags/example_task_group.py for tasks to queue
[2021-08-28 23:53:42,457] {logging_mixin.py:109} INFO - [2021-08-28 23:53:42,457] {dagbag.py:496} INFO - Filling up the DagBag from /home/paolo/Documents/Github/case-study-1-october2020-data-sweepers/DataExtraction/ENV/lib/python3.8/site-packages/airflow/example_dags/example_task_group.py
[2021-08-28 23:53:42,467] {processor.py:623} INFO - DAG(s) dict_keys(['example_task_group']) retrieved from /home/paolo/Documents/Github/case-study-1-october2020-data-sweepers/DataExtraction/ENV/lib/python3.8/site-packages/airflow/example_dags/example_task_group.py
[2021-08-28 23:53:42,479] {logging_mixin.py:109} INFO - [2021-08-28 23:53:42,479] {dag.py:1833} INFO - Sync 1 DAGs
[2021-08-28 23:53:42,489] {logging_mixin.py:109} INFO - [2021-08-28 23:53:42,489] {dag.py:2306} INFO - Setting next_dagrun for example_task_group to 2021-08-26 00:00:00+00:00
[2021-08-28 23:53:42,504] {processor.py:170} INFO - Processing /home/paolo/Documents/Github/case-study-1-october2020-data-sweepers/DataExtraction/ENV/lib/python3.8/site-packages/airflow/example_dags/example_task_group.py took 0.050 seconds
[2021-08-28 23:56:11,933] {processor.py:162} INFO - Started process (PID=16370) to work on /home/paolo/Documents/Github/case-study-1-october2020-data-sweepers/DataExtraction/ENV/lib/python3.8/site-packages/airflow/example_dags/example_task_group.py
[2021-08-28 23:56:11,936] {processor.py:613} INFO - Processing file /home/paolo/Documents/Github/case-study-1-october2020-data-sweepers/DataExtraction/ENV/lib/python3.8/site-packages/airflow/example_dags/example_task_group.py for tasks to queue
[2021-08-28 23:56:11,937] {logging_mixin.py:109} INFO - [2021-08-28 23:56:11,936] {dagbag.py:496} INFO - Filling up the DagBag from /home/paolo/Documents/Github/case-study-1-october2020-data-sweepers/DataExtraction/ENV/lib/python3.8/site-packages/airflow/example_dags/example_task_group.py
[2021-08-28 23:56:11,965] {processor.py:623} INFO - DAG(s) dict_keys(['example_task_group']) retrieved from /home/paolo/Documents/Github/case-study-1-october2020-data-sweepers/DataExtraction/ENV/lib/python3.8/site-packages/airflow/example_dags/example_task_group.py
[2021-08-28 23:56:11,991] {logging_mixin.py:109} INFO - [2021-08-28 23:56:11,991] {dag.py:1833} INFO - Sync 1 DAGs
[2021-08-28 23:56:12,013] {logging_mixin.py:109} INFO - [2021-08-28 23:56:12,013] {dag.py:2306} INFO - Setting next_dagrun for example_task_group to 2021-08-26 00:00:00+00:00
[2021-08-28 23:56:12,037] {processor.py:170} INFO - Processing /home/paolo/Documents/Github/case-study-1-october2020-data-sweepers/DataExtraction/ENV/lib/python3.8/site-packages/airflow/example_dags/example_task_group.py took 0.117 seconds
[2021-08-28 23:56:53,038] {processor.py:162} INFO - Started process (PID=16676) to work on /home/paolo/Documents/Github/case-study-1-october2020-data-sweepers/DataExtraction/ENV/lib/python3.8/site-packages/airflow/example_dags/example_task_group.py
[2021-08-28 23:56:53,040] {processor.py:613} INFO - Processing file /home/paolo/Documents/Github/case-study-1-october2020-data-sweepers/DataExtraction/ENV/lib/python3.8/site-packages/airflow/example_dags/example_task_group.py for tasks to queue
[2021-08-28 23:56:53,041] {logging_mixin.py:109} INFO - [2021-08-28 23:56:53,041] {dagbag.py:496} INFO - Filling up the DagBag from /home/paolo/Documents/Github/case-study-1-october2020-data-sweepers/DataExtraction/ENV/lib/python3.8/site-packages/airflow/example_dags/example_task_group.py
[2021-08-28 23:56:53,081] {processor.py:623} INFO - DAG(s) dict_keys(['example_task_group']) retrieved from /home/paolo/Documents/Github/case-study-1-october2020-data-sweepers/DataExtraction/ENV/lib/python3.8/site-packages/airflow/example_dags/example_task_group.py
[2021-08-28 23:56:53,103] {logging_mixin.py:109} INFO - [2021-08-28 23:56:53,103] {dag.py:1833} INFO - Sync 1 DAGs
[2021-08-28 23:56:53,120] {logging_mixin.py:109} INFO - [2021-08-28 23:56:53,120] {dag.py:2306} INFO - Setting next_dagrun for example_task_group to 2021-08-26 00:00:00+00:00
[2021-08-28 23:56:53,144] {processor.py:170} INFO - Processing /home/paolo/Documents/Github/case-study-1-october2020-data-sweepers/DataExtraction/ENV/lib/python3.8/site-packages/airflow/example_dags/example_task_group.py took 0.116 seconds
[2021-08-28 23:57:29,826] {processor.py:162} INFO - Started process (PID=16970) to work on /home/paolo/Documents/Github/case-study-1-october2020-data-sweepers/DataExtraction/ENV/lib/python3.8/site-packages/airflow/example_dags/example_task_group.py
[2021-08-28 23:57:29,827] {processor.py:613} INFO - Processing file /home/paolo/Documents/Github/case-study-1-october2020-data-sweepers/DataExtraction/ENV/lib/python3.8/site-packages/airflow/example_dags/example_task_group.py for tasks to queue
[2021-08-28 23:57:29,828] {logging_mixin.py:109} INFO - [2021-08-28 23:57:29,828] {dagbag.py:496} INFO - Filling up the DagBag from /home/paolo/Documents/Github/case-study-1-october2020-data-sweepers/DataExtraction/ENV/lib/python3.8/site-packages/airflow/example_dags/example_task_group.py
[2021-08-28 23:57:29,850] {processor.py:623} INFO - DAG(s) dict_keys(['example_task_group']) retrieved from /home/paolo/Documents/Github/case-study-1-october2020-data-sweepers/DataExtraction/ENV/lib/python3.8/site-packages/airflow/example_dags/example_task_group.py
[2021-08-28 23:57:29,872] {logging_mixin.py:109} INFO - [2021-08-28 23:57:29,872] {dag.py:1833} INFO - Sync 1 DAGs
[2021-08-28 23:57:29,889] {logging_mixin.py:109} INFO - [2021-08-28 23:57:29,889] {dag.py:2306} INFO - Setting next_dagrun for example_task_group to 2021-08-26 00:00:00+00:00
[2021-08-28 23:57:29,909] {processor.py:170} INFO - Processing /home/paolo/Documents/Github/case-study-1-october2020-data-sweepers/DataExtraction/ENV/lib/python3.8/site-packages/airflow/example_dags/example_task_group.py took 0.086 seconds
[2021-08-28 23:58:09,398] {processor.py:162} INFO - Started process (PID=17313) to work on /home/paolo/Documents/Github/case-study-1-october2020-data-sweepers/DataExtraction/ENV/lib/python3.8/site-packages/airflow/example_dags/example_task_group.py
[2021-08-28 23:58:09,398] {processor.py:613} INFO - Processing file /home/paolo/Documents/Github/case-study-1-october2020-data-sweepers/DataExtraction/ENV/lib/python3.8/site-packages/airflow/example_dags/example_task_group.py for tasks to queue
[2021-08-28 23:58:09,399] {logging_mixin.py:109} INFO - [2021-08-28 23:58:09,399] {dagbag.py:496} INFO - Filling up the DagBag from /home/paolo/Documents/Github/case-study-1-october2020-data-sweepers/DataExtraction/ENV/lib/python3.8/site-packages/airflow/example_dags/example_task_group.py
[2021-08-28 23:58:09,411] {processor.py:623} INFO - DAG(s) dict_keys(['example_task_group']) retrieved from /home/paolo/Documents/Github/case-study-1-october2020-data-sweepers/DataExtraction/ENV/lib/python3.8/site-packages/airflow/example_dags/example_task_group.py
[2021-08-28 23:58:09,425] {logging_mixin.py:109} INFO - [2021-08-28 23:58:09,425] {dag.py:1833} INFO - Sync 1 DAGs
[2021-08-28 23:58:09,435] {logging_mixin.py:109} INFO - [2021-08-28 23:58:09,435] {dag.py:2306} INFO - Setting next_dagrun for example_task_group to 2021-08-26 00:00:00+00:00
[2021-08-28 23:58:09,451] {processor.py:170} INFO - Processing /home/paolo/Documents/Github/case-study-1-october2020-data-sweepers/DataExtraction/ENV/lib/python3.8/site-packages/airflow/example_dags/example_task_group.py took 0.056 seconds
