[2021-08-28 23:37:38,617] {processor.py:162} INFO - Started process (PID=13154) to work on /home/paolo/Documents/Github/case-study-1-october2020-data-sweepers/DataExtraction/ENV/lib/python3.8/site-packages/airflow/example_dags/example_trigger_target_dag.py
[2021-08-28 23:37:38,625] {processor.py:613} INFO - Processing file /home/paolo/Documents/Github/case-study-1-october2020-data-sweepers/DataExtraction/ENV/lib/python3.8/site-packages/airflow/example_dags/example_trigger_target_dag.py for tasks to queue
[2021-08-28 23:37:38,629] {logging_mixin.py:109} INFO - [2021-08-28 23:37:38,629] {dagbag.py:496} INFO - Filling up the DagBag from /home/paolo/Documents/Github/case-study-1-october2020-data-sweepers/DataExtraction/ENV/lib/python3.8/site-packages/airflow/example_dags/example_trigger_target_dag.py
[2021-08-28 23:37:38,690] {processor.py:623} INFO - DAG(s) dict_keys(['example_trigger_target_dag']) retrieved from /home/paolo/Documents/Github/case-study-1-october2020-data-sweepers/DataExtraction/ENV/lib/python3.8/site-packages/airflow/example_dags/example_trigger_target_dag.py
[2021-08-28 23:37:38,718] {logging_mixin.py:109} INFO - [2021-08-28 23:37:38,717] {dag.py:1833} INFO - Sync 1 DAGs
[2021-08-28 23:37:38,744] {logging_mixin.py:109} INFO - [2021-08-28 23:37:38,744] {dag.py:2306} INFO - Setting next_dagrun for example_trigger_target_dag to None
[2021-08-28 23:37:38,767] {processor.py:170} INFO - Processing /home/paolo/Documents/Github/case-study-1-october2020-data-sweepers/DataExtraction/ENV/lib/python3.8/site-packages/airflow/example_dags/example_trigger_target_dag.py took 0.164 seconds
[2021-08-28 23:38:17,565] {processor.py:162} INFO - Started process (PID=13277) to work on /home/paolo/Documents/Github/case-study-1-october2020-data-sweepers/DataExtraction/ENV/lib/python3.8/site-packages/airflow/example_dags/example_trigger_target_dag.py
[2021-08-28 23:38:17,567] {processor.py:613} INFO - Processing file /home/paolo/Documents/Github/case-study-1-october2020-data-sweepers/DataExtraction/ENV/lib/python3.8/site-packages/airflow/example_dags/example_trigger_target_dag.py for tasks to queue
[2021-08-28 23:38:17,568] {logging_mixin.py:109} INFO - [2021-08-28 23:38:17,568] {dagbag.py:496} INFO - Filling up the DagBag from /home/paolo/Documents/Github/case-study-1-october2020-data-sweepers/DataExtraction/ENV/lib/python3.8/site-packages/airflow/example_dags/example_trigger_target_dag.py
[2021-08-28 23:38:17,612] {processor.py:623} INFO - DAG(s) dict_keys(['example_trigger_target_dag']) retrieved from /home/paolo/Documents/Github/case-study-1-october2020-data-sweepers/DataExtraction/ENV/lib/python3.8/site-packages/airflow/example_dags/example_trigger_target_dag.py
[2021-08-28 23:38:17,664] {logging_mixin.py:109} INFO - [2021-08-28 23:38:17,664] {dag.py:1833} INFO - Sync 1 DAGs
[2021-08-28 23:38:17,712] {logging_mixin.py:109} INFO - [2021-08-28 23:38:17,712] {dag.py:2306} INFO - Setting next_dagrun for example_trigger_target_dag to None
[2021-08-28 23:38:17,757] {processor.py:170} INFO - Processing /home/paolo/Documents/Github/case-study-1-october2020-data-sweepers/DataExtraction/ENV/lib/python3.8/site-packages/airflow/example_dags/example_trigger_target_dag.py took 0.204 seconds
[2021-08-28 23:38:57,301] {processor.py:162} INFO - Started process (PID=13370) to work on /home/paolo/Documents/Github/case-study-1-october2020-data-sweepers/DataExtraction/ENV/lib/python3.8/site-packages/airflow/example_dags/example_trigger_target_dag.py
[2021-08-28 23:38:57,306] {processor.py:613} INFO - Processing file /home/paolo/Documents/Github/case-study-1-october2020-data-sweepers/DataExtraction/ENV/lib/python3.8/site-packages/airflow/example_dags/example_trigger_target_dag.py for tasks to queue
[2021-08-28 23:38:57,308] {logging_mixin.py:109} INFO - [2021-08-28 23:38:57,307] {dagbag.py:496} INFO - Filling up the DagBag from /home/paolo/Documents/Github/case-study-1-october2020-data-sweepers/DataExtraction/ENV/lib/python3.8/site-packages/airflow/example_dags/example_trigger_target_dag.py
[2021-08-28 23:38:57,325] {processor.py:623} INFO - DAG(s) dict_keys(['example_trigger_target_dag']) retrieved from /home/paolo/Documents/Github/case-study-1-october2020-data-sweepers/DataExtraction/ENV/lib/python3.8/site-packages/airflow/example_dags/example_trigger_target_dag.py
[2021-08-28 23:38:57,339] {logging_mixin.py:109} INFO - [2021-08-28 23:38:57,339] {dag.py:1833} INFO - Sync 1 DAGs
[2021-08-28 23:38:57,352] {logging_mixin.py:109} INFO - [2021-08-28 23:38:57,352] {dag.py:2306} INFO - Setting next_dagrun for example_trigger_target_dag to None
[2021-08-28 23:38:57,371] {processor.py:170} INFO - Processing /home/paolo/Documents/Github/case-study-1-october2020-data-sweepers/DataExtraction/ENV/lib/python3.8/site-packages/airflow/example_dags/example_trigger_target_dag.py took 0.075 seconds
[2021-08-28 23:39:31,634] {processor.py:162} INFO - Started process (PID=13506) to work on /home/paolo/Documents/Github/case-study-1-october2020-data-sweepers/DataExtraction/ENV/lib/python3.8/site-packages/airflow/example_dags/example_trigger_target_dag.py
[2021-08-28 23:39:31,635] {processor.py:613} INFO - Processing file /home/paolo/Documents/Github/case-study-1-october2020-data-sweepers/DataExtraction/ENV/lib/python3.8/site-packages/airflow/example_dags/example_trigger_target_dag.py for tasks to queue
[2021-08-28 23:39:31,636] {logging_mixin.py:109} INFO - [2021-08-28 23:39:31,636] {dagbag.py:496} INFO - Filling up the DagBag from /home/paolo/Documents/Github/case-study-1-october2020-data-sweepers/DataExtraction/ENV/lib/python3.8/site-packages/airflow/example_dags/example_trigger_target_dag.py
[2021-08-28 23:39:31,690] {processor.py:623} INFO - DAG(s) dict_keys(['example_trigger_target_dag']) retrieved from /home/paolo/Documents/Github/case-study-1-october2020-data-sweepers/DataExtraction/ENV/lib/python3.8/site-packages/airflow/example_dags/example_trigger_target_dag.py
[2021-08-28 23:39:31,751] {logging_mixin.py:109} INFO - [2021-08-28 23:39:31,751] {dag.py:1833} INFO - Sync 1 DAGs
[2021-08-28 23:39:31,795] {logging_mixin.py:109} INFO - [2021-08-28 23:39:31,795] {dag.py:2306} INFO - Setting next_dagrun for example_trigger_target_dag to None
[2021-08-28 23:39:31,831] {processor.py:170} INFO - Processing /home/paolo/Documents/Github/case-study-1-october2020-data-sweepers/DataExtraction/ENV/lib/python3.8/site-packages/airflow/example_dags/example_trigger_target_dag.py took 0.200 seconds
[2021-08-28 23:40:07,393] {processor.py:162} INFO - Started process (PID=13738) to work on /home/paolo/Documents/Github/case-study-1-october2020-data-sweepers/DataExtraction/ENV/lib/python3.8/site-packages/airflow/example_dags/example_trigger_target_dag.py
[2021-08-28 23:40:07,394] {processor.py:613} INFO - Processing file /home/paolo/Documents/Github/case-study-1-october2020-data-sweepers/DataExtraction/ENV/lib/python3.8/site-packages/airflow/example_dags/example_trigger_target_dag.py for tasks to queue
[2021-08-28 23:40:07,395] {logging_mixin.py:109} INFO - [2021-08-28 23:40:07,395] {dagbag.py:496} INFO - Filling up the DagBag from /home/paolo/Documents/Github/case-study-1-october2020-data-sweepers/DataExtraction/ENV/lib/python3.8/site-packages/airflow/example_dags/example_trigger_target_dag.py
[2021-08-28 23:40:07,417] {processor.py:623} INFO - DAG(s) dict_keys(['example_trigger_target_dag']) retrieved from /home/paolo/Documents/Github/case-study-1-october2020-data-sweepers/DataExtraction/ENV/lib/python3.8/site-packages/airflow/example_dags/example_trigger_target_dag.py
[2021-08-28 23:40:07,444] {logging_mixin.py:109} INFO - [2021-08-28 23:40:07,444] {dag.py:1833} INFO - Sync 1 DAGs
[2021-08-28 23:40:07,458] {logging_mixin.py:109} INFO - [2021-08-28 23:40:07,458] {dag.py:2306} INFO - Setting next_dagrun for example_trigger_target_dag to None
[2021-08-28 23:40:07,480] {processor.py:170} INFO - Processing /home/paolo/Documents/Github/case-study-1-october2020-data-sweepers/DataExtraction/ENV/lib/python3.8/site-packages/airflow/example_dags/example_trigger_target_dag.py took 0.090 seconds
[2021-08-28 23:40:50,433] {processor.py:162} INFO - Started process (PID=13966) to work on /home/paolo/Documents/Github/case-study-1-october2020-data-sweepers/DataExtraction/ENV/lib/python3.8/site-packages/airflow/example_dags/example_trigger_target_dag.py
[2021-08-28 23:40:50,436] {processor.py:613} INFO - Processing file /home/paolo/Documents/Github/case-study-1-october2020-data-sweepers/DataExtraction/ENV/lib/python3.8/site-packages/airflow/example_dags/example_trigger_target_dag.py for tasks to queue
[2021-08-28 23:40:50,437] {logging_mixin.py:109} INFO - [2021-08-28 23:40:50,437] {dagbag.py:496} INFO - Filling up the DagBag from /home/paolo/Documents/Github/case-study-1-october2020-data-sweepers/DataExtraction/ENV/lib/python3.8/site-packages/airflow/example_dags/example_trigger_target_dag.py
[2021-08-28 23:40:50,461] {processor.py:623} INFO - DAG(s) dict_keys(['example_trigger_target_dag']) retrieved from /home/paolo/Documents/Github/case-study-1-october2020-data-sweepers/DataExtraction/ENV/lib/python3.8/site-packages/airflow/example_dags/example_trigger_target_dag.py
[2021-08-28 23:40:50,481] {logging_mixin.py:109} INFO - [2021-08-28 23:40:50,481] {dag.py:1833} INFO - Sync 1 DAGs
[2021-08-28 23:40:50,499] {logging_mixin.py:109} INFO - [2021-08-28 23:40:50,499] {dag.py:2306} INFO - Setting next_dagrun for example_trigger_target_dag to None
[2021-08-28 23:40:50,525] {processor.py:170} INFO - Processing /home/paolo/Documents/Github/case-study-1-october2020-data-sweepers/DataExtraction/ENV/lib/python3.8/site-packages/airflow/example_dags/example_trigger_target_dag.py took 0.095 seconds
[2021-08-28 23:41:29,955] {processor.py:162} INFO - Started process (PID=14092) to work on /home/paolo/Documents/Github/case-study-1-october2020-data-sweepers/DataExtraction/ENV/lib/python3.8/site-packages/airflow/example_dags/example_trigger_target_dag.py
[2021-08-28 23:41:29,965] {processor.py:613} INFO - Processing file /home/paolo/Documents/Github/case-study-1-october2020-data-sweepers/DataExtraction/ENV/lib/python3.8/site-packages/airflow/example_dags/example_trigger_target_dag.py for tasks to queue
[2021-08-28 23:41:29,975] {logging_mixin.py:109} INFO - [2021-08-28 23:41:29,975] {dagbag.py:496} INFO - Filling up the DagBag from /home/paolo/Documents/Github/case-study-1-october2020-data-sweepers/DataExtraction/ENV/lib/python3.8/site-packages/airflow/example_dags/example_trigger_target_dag.py
[2021-08-28 23:41:30,017] {processor.py:623} INFO - DAG(s) dict_keys(['example_trigger_target_dag']) retrieved from /home/paolo/Documents/Github/case-study-1-october2020-data-sweepers/DataExtraction/ENV/lib/python3.8/site-packages/airflow/example_dags/example_trigger_target_dag.py
[2021-08-28 23:41:30,050] {logging_mixin.py:109} INFO - [2021-08-28 23:41:30,050] {dag.py:1833} INFO - Sync 1 DAGs
[2021-08-28 23:41:30,071] {logging_mixin.py:109} INFO - [2021-08-28 23:41:30,071] {dag.py:2306} INFO - Setting next_dagrun for example_trigger_target_dag to None
[2021-08-28 23:41:30,102] {processor.py:170} INFO - Processing /home/paolo/Documents/Github/case-study-1-october2020-data-sweepers/DataExtraction/ENV/lib/python3.8/site-packages/airflow/example_dags/example_trigger_target_dag.py took 0.171 seconds
[2021-08-28 23:42:04,126] {processor.py:162} INFO - Started process (PID=14158) to work on /home/paolo/Documents/Github/case-study-1-october2020-data-sweepers/DataExtraction/ENV/lib/python3.8/site-packages/airflow/example_dags/example_trigger_target_dag.py
[2021-08-28 23:42:04,127] {processor.py:613} INFO - Processing file /home/paolo/Documents/Github/case-study-1-october2020-data-sweepers/DataExtraction/ENV/lib/python3.8/site-packages/airflow/example_dags/example_trigger_target_dag.py for tasks to queue
[2021-08-28 23:42:04,128] {logging_mixin.py:109} INFO - [2021-08-28 23:42:04,128] {dagbag.py:496} INFO - Filling up the DagBag from /home/paolo/Documents/Github/case-study-1-october2020-data-sweepers/DataExtraction/ENV/lib/python3.8/site-packages/airflow/example_dags/example_trigger_target_dag.py
[2021-08-28 23:42:04,139] {processor.py:623} INFO - DAG(s) dict_keys(['example_trigger_target_dag']) retrieved from /home/paolo/Documents/Github/case-study-1-october2020-data-sweepers/DataExtraction/ENV/lib/python3.8/site-packages/airflow/example_dags/example_trigger_target_dag.py
[2021-08-28 23:42:04,150] {logging_mixin.py:109} INFO - [2021-08-28 23:42:04,150] {dag.py:1833} INFO - Sync 1 DAGs
[2021-08-28 23:42:04,160] {logging_mixin.py:109} INFO - [2021-08-28 23:42:04,160] {dag.py:2306} INFO - Setting next_dagrun for example_trigger_target_dag to None
[2021-08-28 23:42:04,175] {processor.py:170} INFO - Processing /home/paolo/Documents/Github/case-study-1-october2020-data-sweepers/DataExtraction/ENV/lib/python3.8/site-packages/airflow/example_dags/example_trigger_target_dag.py took 0.052 seconds
[2021-08-28 23:42:35,874] {processor.py:162} INFO - Started process (PID=14260) to work on /home/paolo/Documents/Github/case-study-1-october2020-data-sweepers/DataExtraction/ENV/lib/python3.8/site-packages/airflow/example_dags/example_trigger_target_dag.py
[2021-08-28 23:42:35,876] {processor.py:613} INFO - Processing file /home/paolo/Documents/Github/case-study-1-october2020-data-sweepers/DataExtraction/ENV/lib/python3.8/site-packages/airflow/example_dags/example_trigger_target_dag.py for tasks to queue
[2021-08-28 23:42:35,878] {logging_mixin.py:109} INFO - [2021-08-28 23:42:35,878] {dagbag.py:496} INFO - Filling up the DagBag from /home/paolo/Documents/Github/case-study-1-october2020-data-sweepers/DataExtraction/ENV/lib/python3.8/site-packages/airflow/example_dags/example_trigger_target_dag.py
[2021-08-28 23:42:35,899] {processor.py:623} INFO - DAG(s) dict_keys(['example_trigger_target_dag']) retrieved from /home/paolo/Documents/Github/case-study-1-october2020-data-sweepers/DataExtraction/ENV/lib/python3.8/site-packages/airflow/example_dags/example_trigger_target_dag.py
[2021-08-28 23:42:35,910] {logging_mixin.py:109} INFO - [2021-08-28 23:42:35,910] {dag.py:1833} INFO - Sync 1 DAGs
[2021-08-28 23:42:35,919] {logging_mixin.py:109} INFO - [2021-08-28 23:42:35,919] {dag.py:2306} INFO - Setting next_dagrun for example_trigger_target_dag to None
[2021-08-28 23:42:35,935] {processor.py:170} INFO - Processing /home/paolo/Documents/Github/case-study-1-october2020-data-sweepers/DataExtraction/ENV/lib/python3.8/site-packages/airflow/example_dags/example_trigger_target_dag.py took 0.067 seconds
[2021-08-28 23:43:10,493] {processor.py:162} INFO - Started process (PID=14341) to work on /home/paolo/Documents/Github/case-study-1-october2020-data-sweepers/DataExtraction/ENV/lib/python3.8/site-packages/airflow/example_dags/example_trigger_target_dag.py
[2021-08-28 23:43:10,495] {processor.py:613} INFO - Processing file /home/paolo/Documents/Github/case-study-1-october2020-data-sweepers/DataExtraction/ENV/lib/python3.8/site-packages/airflow/example_dags/example_trigger_target_dag.py for tasks to queue
[2021-08-28 23:43:10,497] {logging_mixin.py:109} INFO - [2021-08-28 23:43:10,497] {dagbag.py:496} INFO - Filling up the DagBag from /home/paolo/Documents/Github/case-study-1-october2020-data-sweepers/DataExtraction/ENV/lib/python3.8/site-packages/airflow/example_dags/example_trigger_target_dag.py
[2021-08-28 23:43:10,514] {processor.py:623} INFO - DAG(s) dict_keys(['example_trigger_target_dag']) retrieved from /home/paolo/Documents/Github/case-study-1-october2020-data-sweepers/DataExtraction/ENV/lib/python3.8/site-packages/airflow/example_dags/example_trigger_target_dag.py
[2021-08-28 23:43:10,526] {logging_mixin.py:109} INFO - [2021-08-28 23:43:10,526] {dag.py:1833} INFO - Sync 1 DAGs
[2021-08-28 23:43:10,536] {logging_mixin.py:109} INFO - [2021-08-28 23:43:10,536] {dag.py:2306} INFO - Setting next_dagrun for example_trigger_target_dag to None
[2021-08-28 23:43:10,552] {processor.py:170} INFO - Processing /home/paolo/Documents/Github/case-study-1-october2020-data-sweepers/DataExtraction/ENV/lib/python3.8/site-packages/airflow/example_dags/example_trigger_target_dag.py took 0.066 seconds
[2021-08-28 23:43:42,854] {processor.py:162} INFO - Started process (PID=14409) to work on /home/paolo/Documents/Github/case-study-1-october2020-data-sweepers/DataExtraction/ENV/lib/python3.8/site-packages/airflow/example_dags/example_trigger_target_dag.py
[2021-08-28 23:43:42,856] {processor.py:613} INFO - Processing file /home/paolo/Documents/Github/case-study-1-october2020-data-sweepers/DataExtraction/ENV/lib/python3.8/site-packages/airflow/example_dags/example_trigger_target_dag.py for tasks to queue
[2021-08-28 23:43:42,856] {logging_mixin.py:109} INFO - [2021-08-28 23:43:42,856] {dagbag.py:496} INFO - Filling up the DagBag from /home/paolo/Documents/Github/case-study-1-october2020-data-sweepers/DataExtraction/ENV/lib/python3.8/site-packages/airflow/example_dags/example_trigger_target_dag.py
[2021-08-28 23:43:42,869] {processor.py:623} INFO - DAG(s) dict_keys(['example_trigger_target_dag']) retrieved from /home/paolo/Documents/Github/case-study-1-october2020-data-sweepers/DataExtraction/ENV/lib/python3.8/site-packages/airflow/example_dags/example_trigger_target_dag.py
[2021-08-28 23:43:42,880] {logging_mixin.py:109} INFO - [2021-08-28 23:43:42,880] {dag.py:1833} INFO - Sync 1 DAGs
[2021-08-28 23:43:42,889] {logging_mixin.py:109} INFO - [2021-08-28 23:43:42,889] {dag.py:2306} INFO - Setting next_dagrun for example_trigger_target_dag to None
[2021-08-28 23:43:42,905] {processor.py:170} INFO - Processing /home/paolo/Documents/Github/case-study-1-october2020-data-sweepers/DataExtraction/ENV/lib/python3.8/site-packages/airflow/example_dags/example_trigger_target_dag.py took 0.053 seconds
[2021-08-28 23:44:15,733] {processor.py:162} INFO - Started process (PID=14474) to work on /home/paolo/Documents/Github/case-study-1-october2020-data-sweepers/DataExtraction/ENV/lib/python3.8/site-packages/airflow/example_dags/example_trigger_target_dag.py
[2021-08-28 23:44:15,734] {processor.py:613} INFO - Processing file /home/paolo/Documents/Github/case-study-1-october2020-data-sweepers/DataExtraction/ENV/lib/python3.8/site-packages/airflow/example_dags/example_trigger_target_dag.py for tasks to queue
[2021-08-28 23:44:15,735] {logging_mixin.py:109} INFO - [2021-08-28 23:44:15,735] {dagbag.py:496} INFO - Filling up the DagBag from /home/paolo/Documents/Github/case-study-1-october2020-data-sweepers/DataExtraction/ENV/lib/python3.8/site-packages/airflow/example_dags/example_trigger_target_dag.py
[2021-08-28 23:44:15,756] {processor.py:623} INFO - DAG(s) dict_keys(['example_trigger_target_dag']) retrieved from /home/paolo/Documents/Github/case-study-1-october2020-data-sweepers/DataExtraction/ENV/lib/python3.8/site-packages/airflow/example_dags/example_trigger_target_dag.py
[2021-08-28 23:44:15,775] {logging_mixin.py:109} INFO - [2021-08-28 23:44:15,775] {dag.py:1833} INFO - Sync 1 DAGs
[2021-08-28 23:44:15,796] {logging_mixin.py:109} INFO - [2021-08-28 23:44:15,795] {dag.py:2306} INFO - Setting next_dagrun for example_trigger_target_dag to None
[2021-08-28 23:44:15,816] {processor.py:170} INFO - Processing /home/paolo/Documents/Github/case-study-1-october2020-data-sweepers/DataExtraction/ENV/lib/python3.8/site-packages/airflow/example_dags/example_trigger_target_dag.py took 0.087 seconds
[2021-08-28 23:44:59,289] {processor.py:162} INFO - Started process (PID=14568) to work on /home/paolo/Documents/Github/case-study-1-october2020-data-sweepers/DataExtraction/ENV/lib/python3.8/site-packages/airflow/example_dags/example_trigger_target_dag.py
[2021-08-28 23:44:59,290] {processor.py:613} INFO - Processing file /home/paolo/Documents/Github/case-study-1-october2020-data-sweepers/DataExtraction/ENV/lib/python3.8/site-packages/airflow/example_dags/example_trigger_target_dag.py for tasks to queue
[2021-08-28 23:44:59,292] {logging_mixin.py:109} INFO - [2021-08-28 23:44:59,292] {dagbag.py:496} INFO - Filling up the DagBag from /home/paolo/Documents/Github/case-study-1-october2020-data-sweepers/DataExtraction/ENV/lib/python3.8/site-packages/airflow/example_dags/example_trigger_target_dag.py
[2021-08-28 23:44:59,333] {processor.py:623} INFO - DAG(s) dict_keys(['example_trigger_target_dag']) retrieved from /home/paolo/Documents/Github/case-study-1-october2020-data-sweepers/DataExtraction/ENV/lib/python3.8/site-packages/airflow/example_dags/example_trigger_target_dag.py
[2021-08-28 23:44:59,376] {logging_mixin.py:109} INFO - [2021-08-28 23:44:59,376] {dag.py:1833} INFO - Sync 1 DAGs
[2021-08-28 23:44:59,399] {logging_mixin.py:109} INFO - [2021-08-28 23:44:59,399] {dag.py:2306} INFO - Setting next_dagrun for example_trigger_target_dag to None
[2021-08-28 23:44:59,442] {processor.py:170} INFO - Processing /home/paolo/Documents/Github/case-study-1-october2020-data-sweepers/DataExtraction/ENV/lib/python3.8/site-packages/airflow/example_dags/example_trigger_target_dag.py took 0.159 seconds
[2021-08-28 23:45:40,301] {processor.py:162} INFO - Started process (PID=14637) to work on /home/paolo/Documents/Github/case-study-1-october2020-data-sweepers/DataExtraction/ENV/lib/python3.8/site-packages/airflow/example_dags/example_trigger_target_dag.py
[2021-08-28 23:45:40,307] {processor.py:613} INFO - Processing file /home/paolo/Documents/Github/case-study-1-october2020-data-sweepers/DataExtraction/ENV/lib/python3.8/site-packages/airflow/example_dags/example_trigger_target_dag.py for tasks to queue
[2021-08-28 23:45:40,309] {logging_mixin.py:109} INFO - [2021-08-28 23:45:40,309] {dagbag.py:496} INFO - Filling up the DagBag from /home/paolo/Documents/Github/case-study-1-october2020-data-sweepers/DataExtraction/ENV/lib/python3.8/site-packages/airflow/example_dags/example_trigger_target_dag.py
[2021-08-28 23:45:40,350] {processor.py:623} INFO - DAG(s) dict_keys(['example_trigger_target_dag']) retrieved from /home/paolo/Documents/Github/case-study-1-october2020-data-sweepers/DataExtraction/ENV/lib/python3.8/site-packages/airflow/example_dags/example_trigger_target_dag.py
[2021-08-28 23:45:40,385] {logging_mixin.py:109} INFO - [2021-08-28 23:45:40,385] {dag.py:1833} INFO - Sync 1 DAGs
[2021-08-28 23:45:40,409] {logging_mixin.py:109} INFO - [2021-08-28 23:45:40,408] {dag.py:2306} INFO - Setting next_dagrun for example_trigger_target_dag to None
[2021-08-28 23:45:40,446] {processor.py:170} INFO - Processing /home/paolo/Documents/Github/case-study-1-october2020-data-sweepers/DataExtraction/ENV/lib/python3.8/site-packages/airflow/example_dags/example_trigger_target_dag.py took 0.148 seconds
[2021-08-28 23:46:22,083] {processor.py:162} INFO - Started process (PID=14701) to work on /home/paolo/Documents/Github/case-study-1-october2020-data-sweepers/DataExtraction/ENV/lib/python3.8/site-packages/airflow/example_dags/example_trigger_target_dag.py
[2021-08-28 23:46:22,084] {processor.py:613} INFO - Processing file /home/paolo/Documents/Github/case-study-1-october2020-data-sweepers/DataExtraction/ENV/lib/python3.8/site-packages/airflow/example_dags/example_trigger_target_dag.py for tasks to queue
[2021-08-28 23:46:22,085] {logging_mixin.py:109} INFO - [2021-08-28 23:46:22,084] {dagbag.py:496} INFO - Filling up the DagBag from /home/paolo/Documents/Github/case-study-1-october2020-data-sweepers/DataExtraction/ENV/lib/python3.8/site-packages/airflow/example_dags/example_trigger_target_dag.py
[2021-08-28 23:46:22,112] {processor.py:623} INFO - DAG(s) dict_keys(['example_trigger_target_dag']) retrieved from /home/paolo/Documents/Github/case-study-1-october2020-data-sweepers/DataExtraction/ENV/lib/python3.8/site-packages/airflow/example_dags/example_trigger_target_dag.py
[2021-08-28 23:46:22,128] {logging_mixin.py:109} INFO - [2021-08-28 23:46:22,128] {dag.py:1833} INFO - Sync 1 DAGs
[2021-08-28 23:46:22,150] {logging_mixin.py:109} INFO - [2021-08-28 23:46:22,150] {dag.py:2306} INFO - Setting next_dagrun for example_trigger_target_dag to None
[2021-08-28 23:46:22,170] {processor.py:170} INFO - Processing /home/paolo/Documents/Github/case-study-1-october2020-data-sweepers/DataExtraction/ENV/lib/python3.8/site-packages/airflow/example_dags/example_trigger_target_dag.py took 0.090 seconds
[2021-08-28 23:47:00,679] {processor.py:162} INFO - Started process (PID=14782) to work on /home/paolo/Documents/Github/case-study-1-october2020-data-sweepers/DataExtraction/ENV/lib/python3.8/site-packages/airflow/example_dags/example_trigger_target_dag.py
[2021-08-28 23:47:00,685] {processor.py:613} INFO - Processing file /home/paolo/Documents/Github/case-study-1-october2020-data-sweepers/DataExtraction/ENV/lib/python3.8/site-packages/airflow/example_dags/example_trigger_target_dag.py for tasks to queue
[2021-08-28 23:47:00,686] {logging_mixin.py:109} INFO - [2021-08-28 23:47:00,686] {dagbag.py:496} INFO - Filling up the DagBag from /home/paolo/Documents/Github/case-study-1-october2020-data-sweepers/DataExtraction/ENV/lib/python3.8/site-packages/airflow/example_dags/example_trigger_target_dag.py
[2021-08-28 23:47:00,719] {processor.py:623} INFO - DAG(s) dict_keys(['example_trigger_target_dag']) retrieved from /home/paolo/Documents/Github/case-study-1-october2020-data-sweepers/DataExtraction/ENV/lib/python3.8/site-packages/airflow/example_dags/example_trigger_target_dag.py
[2021-08-28 23:47:00,748] {logging_mixin.py:109} INFO - [2021-08-28 23:47:00,747] {dag.py:1833} INFO - Sync 1 DAGs
[2021-08-28 23:47:00,777] {logging_mixin.py:109} INFO - [2021-08-28 23:47:00,777] {dag.py:2306} INFO - Setting next_dagrun for example_trigger_target_dag to None
[2021-08-28 23:47:00,807] {processor.py:170} INFO - Processing /home/paolo/Documents/Github/case-study-1-october2020-data-sweepers/DataExtraction/ENV/lib/python3.8/site-packages/airflow/example_dags/example_trigger_target_dag.py took 0.130 seconds
[2021-08-28 23:47:38,258] {processor.py:162} INFO - Started process (PID=14865) to work on /home/paolo/Documents/Github/case-study-1-october2020-data-sweepers/DataExtraction/ENV/lib/python3.8/site-packages/airflow/example_dags/example_trigger_target_dag.py
[2021-08-28 23:47:38,260] {processor.py:613} INFO - Processing file /home/paolo/Documents/Github/case-study-1-october2020-data-sweepers/DataExtraction/ENV/lib/python3.8/site-packages/airflow/example_dags/example_trigger_target_dag.py for tasks to queue
[2021-08-28 23:47:38,265] {logging_mixin.py:109} INFO - [2021-08-28 23:47:38,264] {dagbag.py:496} INFO - Filling up the DagBag from /home/paolo/Documents/Github/case-study-1-october2020-data-sweepers/DataExtraction/ENV/lib/python3.8/site-packages/airflow/example_dags/example_trigger_target_dag.py
[2021-08-28 23:47:38,288] {processor.py:623} INFO - DAG(s) dict_keys(['example_trigger_target_dag']) retrieved from /home/paolo/Documents/Github/case-study-1-october2020-data-sweepers/DataExtraction/ENV/lib/python3.8/site-packages/airflow/example_dags/example_trigger_target_dag.py
[2021-08-28 23:47:38,314] {logging_mixin.py:109} INFO - [2021-08-28 23:47:38,314] {dag.py:1833} INFO - Sync 1 DAGs
[2021-08-28 23:47:38,339] {logging_mixin.py:109} INFO - [2021-08-28 23:47:38,338] {dag.py:2306} INFO - Setting next_dagrun for example_trigger_target_dag to None
[2021-08-28 23:47:38,391] {processor.py:170} INFO - Processing /home/paolo/Documents/Github/case-study-1-october2020-data-sweepers/DataExtraction/ENV/lib/python3.8/site-packages/airflow/example_dags/example_trigger_target_dag.py took 0.135 seconds
[2021-08-28 23:48:19,124] {processor.py:162} INFO - Started process (PID=14933) to work on /home/paolo/Documents/Github/case-study-1-october2020-data-sweepers/DataExtraction/ENV/lib/python3.8/site-packages/airflow/example_dags/example_trigger_target_dag.py
[2021-08-28 23:48:19,126] {processor.py:613} INFO - Processing file /home/paolo/Documents/Github/case-study-1-october2020-data-sweepers/DataExtraction/ENV/lib/python3.8/site-packages/airflow/example_dags/example_trigger_target_dag.py for tasks to queue
[2021-08-28 23:48:19,127] {logging_mixin.py:109} INFO - [2021-08-28 23:48:19,127] {dagbag.py:496} INFO - Filling up the DagBag from /home/paolo/Documents/Github/case-study-1-october2020-data-sweepers/DataExtraction/ENV/lib/python3.8/site-packages/airflow/example_dags/example_trigger_target_dag.py
[2021-08-28 23:48:19,153] {processor.py:623} INFO - DAG(s) dict_keys(['example_trigger_target_dag']) retrieved from /home/paolo/Documents/Github/case-study-1-october2020-data-sweepers/DataExtraction/ENV/lib/python3.8/site-packages/airflow/example_dags/example_trigger_target_dag.py
[2021-08-28 23:48:19,176] {logging_mixin.py:109} INFO - [2021-08-28 23:48:19,176] {dag.py:1833} INFO - Sync 1 DAGs
[2021-08-28 23:48:19,194] {logging_mixin.py:109} INFO - [2021-08-28 23:48:19,194] {dag.py:2306} INFO - Setting next_dagrun for example_trigger_target_dag to None
[2021-08-28 23:48:19,225] {processor.py:170} INFO - Processing /home/paolo/Documents/Github/case-study-1-october2020-data-sweepers/DataExtraction/ENV/lib/python3.8/site-packages/airflow/example_dags/example_trigger_target_dag.py took 0.106 seconds
[2021-08-28 23:48:59,104] {processor.py:162} INFO - Started process (PID=15039) to work on /home/paolo/Documents/Github/case-study-1-october2020-data-sweepers/DataExtraction/ENV/lib/python3.8/site-packages/airflow/example_dags/example_trigger_target_dag.py
[2021-08-28 23:48:59,106] {processor.py:613} INFO - Processing file /home/paolo/Documents/Github/case-study-1-october2020-data-sweepers/DataExtraction/ENV/lib/python3.8/site-packages/airflow/example_dags/example_trigger_target_dag.py for tasks to queue
[2021-08-28 23:48:59,107] {logging_mixin.py:109} INFO - [2021-08-28 23:48:59,107] {dagbag.py:496} INFO - Filling up the DagBag from /home/paolo/Documents/Github/case-study-1-october2020-data-sweepers/DataExtraction/ENV/lib/python3.8/site-packages/airflow/example_dags/example_trigger_target_dag.py
[2021-08-28 23:48:59,175] {processor.py:623} INFO - DAG(s) dict_keys(['example_trigger_target_dag']) retrieved from /home/paolo/Documents/Github/case-study-1-october2020-data-sweepers/DataExtraction/ENV/lib/python3.8/site-packages/airflow/example_dags/example_trigger_target_dag.py
[2021-08-28 23:48:59,201] {logging_mixin.py:109} INFO - [2021-08-28 23:48:59,201] {dag.py:1833} INFO - Sync 1 DAGs
[2021-08-28 23:48:59,223] {logging_mixin.py:109} INFO - [2021-08-28 23:48:59,222] {dag.py:2306} INFO - Setting next_dagrun for example_trigger_target_dag to None
[2021-08-28 23:48:59,309] {processor.py:170} INFO - Processing /home/paolo/Documents/Github/case-study-1-october2020-data-sweepers/DataExtraction/ENV/lib/python3.8/site-packages/airflow/example_dags/example_trigger_target_dag.py took 0.209 seconds
[2021-08-28 23:49:41,651] {processor.py:162} INFO - Started process (PID=15124) to work on /home/paolo/Documents/Github/case-study-1-october2020-data-sweepers/DataExtraction/ENV/lib/python3.8/site-packages/airflow/example_dags/example_trigger_target_dag.py
[2021-08-28 23:49:41,653] {processor.py:613} INFO - Processing file /home/paolo/Documents/Github/case-study-1-october2020-data-sweepers/DataExtraction/ENV/lib/python3.8/site-packages/airflow/example_dags/example_trigger_target_dag.py for tasks to queue
[2021-08-28 23:49:41,654] {logging_mixin.py:109} INFO - [2021-08-28 23:49:41,654] {dagbag.py:496} INFO - Filling up the DagBag from /home/paolo/Documents/Github/case-study-1-october2020-data-sweepers/DataExtraction/ENV/lib/python3.8/site-packages/airflow/example_dags/example_trigger_target_dag.py
[2021-08-28 23:49:41,678] {processor.py:623} INFO - DAG(s) dict_keys(['example_trigger_target_dag']) retrieved from /home/paolo/Documents/Github/case-study-1-october2020-data-sweepers/DataExtraction/ENV/lib/python3.8/site-packages/airflow/example_dags/example_trigger_target_dag.py
[2021-08-28 23:49:41,690] {logging_mixin.py:109} INFO - [2021-08-28 23:49:41,690] {dag.py:1833} INFO - Sync 1 DAGs
[2021-08-28 23:49:41,702] {logging_mixin.py:109} INFO - [2021-08-28 23:49:41,702] {dag.py:2306} INFO - Setting next_dagrun for example_trigger_target_dag to None
[2021-08-28 23:49:41,723] {processor.py:170} INFO - Processing /home/paolo/Documents/Github/case-study-1-october2020-data-sweepers/DataExtraction/ENV/lib/python3.8/site-packages/airflow/example_dags/example_trigger_target_dag.py took 0.075 seconds
[2021-08-28 23:50:20,609] {processor.py:162} INFO - Started process (PID=15214) to work on /home/paolo/Documents/Github/case-study-1-october2020-data-sweepers/DataExtraction/ENV/lib/python3.8/site-packages/airflow/example_dags/example_trigger_target_dag.py
[2021-08-28 23:50:20,610] {processor.py:613} INFO - Processing file /home/paolo/Documents/Github/case-study-1-october2020-data-sweepers/DataExtraction/ENV/lib/python3.8/site-packages/airflow/example_dags/example_trigger_target_dag.py for tasks to queue
[2021-08-28 23:50:20,611] {logging_mixin.py:109} INFO - [2021-08-28 23:50:20,611] {dagbag.py:496} INFO - Filling up the DagBag from /home/paolo/Documents/Github/case-study-1-october2020-data-sweepers/DataExtraction/ENV/lib/python3.8/site-packages/airflow/example_dags/example_trigger_target_dag.py
[2021-08-28 23:50:20,630] {processor.py:623} INFO - DAG(s) dict_keys(['example_trigger_target_dag']) retrieved from /home/paolo/Documents/Github/case-study-1-october2020-data-sweepers/DataExtraction/ENV/lib/python3.8/site-packages/airflow/example_dags/example_trigger_target_dag.py
[2021-08-28 23:50:20,651] {logging_mixin.py:109} INFO - [2021-08-28 23:50:20,651] {dag.py:1833} INFO - Sync 1 DAGs
[2021-08-28 23:50:20,666] {logging_mixin.py:109} INFO - [2021-08-28 23:50:20,666] {dag.py:2306} INFO - Setting next_dagrun for example_trigger_target_dag to None
[2021-08-28 23:50:20,713] {processor.py:170} INFO - Processing /home/paolo/Documents/Github/case-study-1-october2020-data-sweepers/DataExtraction/ENV/lib/python3.8/site-packages/airflow/example_dags/example_trigger_target_dag.py took 0.108 seconds
[2021-08-28 23:50:53,721] {processor.py:162} INFO - Started process (PID=15282) to work on /home/paolo/Documents/Github/case-study-1-october2020-data-sweepers/DataExtraction/ENV/lib/python3.8/site-packages/airflow/example_dags/example_trigger_target_dag.py
[2021-08-28 23:50:53,723] {processor.py:613} INFO - Processing file /home/paolo/Documents/Github/case-study-1-october2020-data-sweepers/DataExtraction/ENV/lib/python3.8/site-packages/airflow/example_dags/example_trigger_target_dag.py for tasks to queue
[2021-08-28 23:50:53,724] {logging_mixin.py:109} INFO - [2021-08-28 23:50:53,724] {dagbag.py:496} INFO - Filling up the DagBag from /home/paolo/Documents/Github/case-study-1-october2020-data-sweepers/DataExtraction/ENV/lib/python3.8/site-packages/airflow/example_dags/example_trigger_target_dag.py
[2021-08-28 23:50:53,761] {processor.py:623} INFO - DAG(s) dict_keys(['example_trigger_target_dag']) retrieved from /home/paolo/Documents/Github/case-study-1-october2020-data-sweepers/DataExtraction/ENV/lib/python3.8/site-packages/airflow/example_dags/example_trigger_target_dag.py
[2021-08-28 23:50:53,788] {logging_mixin.py:109} INFO - [2021-08-28 23:50:53,788] {dag.py:1833} INFO - Sync 1 DAGs
[2021-08-28 23:50:53,811] {logging_mixin.py:109} INFO - [2021-08-28 23:50:53,811] {dag.py:2306} INFO - Setting next_dagrun for example_trigger_target_dag to None
[2021-08-28 23:50:53,853] {processor.py:170} INFO - Processing /home/paolo/Documents/Github/case-study-1-october2020-data-sweepers/DataExtraction/ENV/lib/python3.8/site-packages/airflow/example_dags/example_trigger_target_dag.py took 0.136 seconds
[2021-08-28 23:51:30,512] {processor.py:162} INFO - Started process (PID=15358) to work on /home/paolo/Documents/Github/case-study-1-october2020-data-sweepers/DataExtraction/ENV/lib/python3.8/site-packages/airflow/example_dags/example_trigger_target_dag.py
[2021-08-28 23:51:30,513] {processor.py:613} INFO - Processing file /home/paolo/Documents/Github/case-study-1-october2020-data-sweepers/DataExtraction/ENV/lib/python3.8/site-packages/airflow/example_dags/example_trigger_target_dag.py for tasks to queue
[2021-08-28 23:51:30,514] {logging_mixin.py:109} INFO - [2021-08-28 23:51:30,514] {dagbag.py:496} INFO - Filling up the DagBag from /home/paolo/Documents/Github/case-study-1-october2020-data-sweepers/DataExtraction/ENV/lib/python3.8/site-packages/airflow/example_dags/example_trigger_target_dag.py
[2021-08-28 23:51:30,529] {processor.py:623} INFO - DAG(s) dict_keys(['example_trigger_target_dag']) retrieved from /home/paolo/Documents/Github/case-study-1-october2020-data-sweepers/DataExtraction/ENV/lib/python3.8/site-packages/airflow/example_dags/example_trigger_target_dag.py
[2021-08-28 23:51:30,541] {logging_mixin.py:109} INFO - [2021-08-28 23:51:30,541] {dag.py:1833} INFO - Sync 1 DAGs
[2021-08-28 23:51:30,550] {logging_mixin.py:109} INFO - [2021-08-28 23:51:30,550] {dag.py:2306} INFO - Setting next_dagrun for example_trigger_target_dag to None
[2021-08-28 23:51:30,566] {processor.py:170} INFO - Processing /home/paolo/Documents/Github/case-study-1-october2020-data-sweepers/DataExtraction/ENV/lib/python3.8/site-packages/airflow/example_dags/example_trigger_target_dag.py took 0.057 seconds
[2021-08-28 23:52:02,601] {processor.py:162} INFO - Started process (PID=15449) to work on /home/paolo/Documents/Github/case-study-1-october2020-data-sweepers/DataExtraction/ENV/lib/python3.8/site-packages/airflow/example_dags/example_trigger_target_dag.py
[2021-08-28 23:52:02,602] {processor.py:613} INFO - Processing file /home/paolo/Documents/Github/case-study-1-october2020-data-sweepers/DataExtraction/ENV/lib/python3.8/site-packages/airflow/example_dags/example_trigger_target_dag.py for tasks to queue
[2021-08-28 23:52:02,603] {logging_mixin.py:109} INFO - [2021-08-28 23:52:02,603] {dagbag.py:496} INFO - Filling up the DagBag from /home/paolo/Documents/Github/case-study-1-october2020-data-sweepers/DataExtraction/ENV/lib/python3.8/site-packages/airflow/example_dags/example_trigger_target_dag.py
[2021-08-28 23:52:02,618] {processor.py:623} INFO - DAG(s) dict_keys(['example_trigger_target_dag']) retrieved from /home/paolo/Documents/Github/case-study-1-october2020-data-sweepers/DataExtraction/ENV/lib/python3.8/site-packages/airflow/example_dags/example_trigger_target_dag.py
[2021-08-28 23:52:02,631] {logging_mixin.py:109} INFO - [2021-08-28 23:52:02,631] {dag.py:1833} INFO - Sync 1 DAGs
[2021-08-28 23:52:02,644] {logging_mixin.py:109} INFO - [2021-08-28 23:52:02,644] {dag.py:2306} INFO - Setting next_dagrun for example_trigger_target_dag to None
[2021-08-28 23:52:02,657] {processor.py:170} INFO - Processing /home/paolo/Documents/Github/case-study-1-october2020-data-sweepers/DataExtraction/ENV/lib/python3.8/site-packages/airflow/example_dags/example_trigger_target_dag.py took 0.060 seconds
[2021-08-28 23:52:37,429] {processor.py:162} INFO - Started process (PID=15568) to work on /home/paolo/Documents/Github/case-study-1-october2020-data-sweepers/DataExtraction/ENV/lib/python3.8/site-packages/airflow/example_dags/example_trigger_target_dag.py
[2021-08-28 23:52:37,430] {processor.py:613} INFO - Processing file /home/paolo/Documents/Github/case-study-1-october2020-data-sweepers/DataExtraction/ENV/lib/python3.8/site-packages/airflow/example_dags/example_trigger_target_dag.py for tasks to queue
[2021-08-28 23:52:37,431] {logging_mixin.py:109} INFO - [2021-08-28 23:52:37,431] {dagbag.py:496} INFO - Filling up the DagBag from /home/paolo/Documents/Github/case-study-1-october2020-data-sweepers/DataExtraction/ENV/lib/python3.8/site-packages/airflow/example_dags/example_trigger_target_dag.py
[2021-08-28 23:52:37,453] {processor.py:623} INFO - DAG(s) dict_keys(['example_trigger_target_dag']) retrieved from /home/paolo/Documents/Github/case-study-1-october2020-data-sweepers/DataExtraction/ENV/lib/python3.8/site-packages/airflow/example_dags/example_trigger_target_dag.py
[2021-08-28 23:52:37,474] {logging_mixin.py:109} INFO - [2021-08-28 23:52:37,474] {dag.py:1833} INFO - Sync 1 DAGs
[2021-08-28 23:52:37,499] {logging_mixin.py:109} INFO - [2021-08-28 23:52:37,499] {dag.py:2306} INFO - Setting next_dagrun for example_trigger_target_dag to None
[2021-08-28 23:52:37,524] {processor.py:170} INFO - Processing /home/paolo/Documents/Github/case-study-1-october2020-data-sweepers/DataExtraction/ENV/lib/python3.8/site-packages/airflow/example_dags/example_trigger_target_dag.py took 0.099 seconds
[2021-08-28 23:53:09,974] {processor.py:162} INFO - Started process (PID=15640) to work on /home/paolo/Documents/Github/case-study-1-october2020-data-sweepers/DataExtraction/ENV/lib/python3.8/site-packages/airflow/example_dags/example_trigger_target_dag.py
[2021-08-28 23:53:09,976] {processor.py:613} INFO - Processing file /home/paolo/Documents/Github/case-study-1-october2020-data-sweepers/DataExtraction/ENV/lib/python3.8/site-packages/airflow/example_dags/example_trigger_target_dag.py for tasks to queue
[2021-08-28 23:53:09,977] {logging_mixin.py:109} INFO - [2021-08-28 23:53:09,977] {dagbag.py:496} INFO - Filling up the DagBag from /home/paolo/Documents/Github/case-study-1-october2020-data-sweepers/DataExtraction/ENV/lib/python3.8/site-packages/airflow/example_dags/example_trigger_target_dag.py
[2021-08-28 23:53:09,995] {processor.py:623} INFO - DAG(s) dict_keys(['example_trigger_target_dag']) retrieved from /home/paolo/Documents/Github/case-study-1-october2020-data-sweepers/DataExtraction/ENV/lib/python3.8/site-packages/airflow/example_dags/example_trigger_target_dag.py
[2021-08-28 23:53:10,007] {logging_mixin.py:109} INFO - [2021-08-28 23:53:10,007] {dag.py:1833} INFO - Sync 1 DAGs
[2021-08-28 23:53:10,015] {logging_mixin.py:109} INFO - [2021-08-28 23:53:10,015] {dag.py:2306} INFO - Setting next_dagrun for example_trigger_target_dag to None
[2021-08-28 23:53:10,031] {processor.py:170} INFO - Processing /home/paolo/Documents/Github/case-study-1-october2020-data-sweepers/DataExtraction/ENV/lib/python3.8/site-packages/airflow/example_dags/example_trigger_target_dag.py took 0.060 seconds
[2021-08-28 23:53:41,231] {processor.py:162} INFO - Started process (PID=15719) to work on /home/paolo/Documents/Github/case-study-1-october2020-data-sweepers/DataExtraction/ENV/lib/python3.8/site-packages/airflow/example_dags/example_trigger_target_dag.py
[2021-08-28 23:53:41,234] {processor.py:613} INFO - Processing file /home/paolo/Documents/Github/case-study-1-october2020-data-sweepers/DataExtraction/ENV/lib/python3.8/site-packages/airflow/example_dags/example_trigger_target_dag.py for tasks to queue
[2021-08-28 23:53:41,235] {logging_mixin.py:109} INFO - [2021-08-28 23:53:41,235] {dagbag.py:496} INFO - Filling up the DagBag from /home/paolo/Documents/Github/case-study-1-october2020-data-sweepers/DataExtraction/ENV/lib/python3.8/site-packages/airflow/example_dags/example_trigger_target_dag.py
[2021-08-28 23:53:41,266] {processor.py:623} INFO - DAG(s) dict_keys(['example_trigger_target_dag']) retrieved from /home/paolo/Documents/Github/case-study-1-october2020-data-sweepers/DataExtraction/ENV/lib/python3.8/site-packages/airflow/example_dags/example_trigger_target_dag.py
[2021-08-28 23:53:41,295] {logging_mixin.py:109} INFO - [2021-08-28 23:53:41,295] {dag.py:1833} INFO - Sync 1 DAGs
[2021-08-28 23:53:41,332] {logging_mixin.py:109} INFO - [2021-08-28 23:53:41,332] {dag.py:2306} INFO - Setting next_dagrun for example_trigger_target_dag to None
[2021-08-28 23:53:41,360] {processor.py:170} INFO - Processing /home/paolo/Documents/Github/case-study-1-october2020-data-sweepers/DataExtraction/ENV/lib/python3.8/site-packages/airflow/example_dags/example_trigger_target_dag.py took 0.138 seconds
[2021-08-28 23:56:10,725] {processor.py:162} INFO - Started process (PID=16356) to work on /home/paolo/Documents/Github/case-study-1-october2020-data-sweepers/DataExtraction/ENV/lib/python3.8/site-packages/airflow/example_dags/example_trigger_target_dag.py
[2021-08-28 23:56:10,737] {processor.py:613} INFO - Processing file /home/paolo/Documents/Github/case-study-1-october2020-data-sweepers/DataExtraction/ENV/lib/python3.8/site-packages/airflow/example_dags/example_trigger_target_dag.py for tasks to queue
[2021-08-28 23:56:10,738] {logging_mixin.py:109} INFO - [2021-08-28 23:56:10,738] {dagbag.py:496} INFO - Filling up the DagBag from /home/paolo/Documents/Github/case-study-1-october2020-data-sweepers/DataExtraction/ENV/lib/python3.8/site-packages/airflow/example_dags/example_trigger_target_dag.py
[2021-08-28 23:56:10,772] {processor.py:623} INFO - DAG(s) dict_keys(['example_trigger_target_dag']) retrieved from /home/paolo/Documents/Github/case-study-1-october2020-data-sweepers/DataExtraction/ENV/lib/python3.8/site-packages/airflow/example_dags/example_trigger_target_dag.py
[2021-08-28 23:56:10,804] {logging_mixin.py:109} INFO - [2021-08-28 23:56:10,804] {dag.py:1833} INFO - Sync 1 DAGs
[2021-08-28 23:56:10,839] {logging_mixin.py:109} INFO - [2021-08-28 23:56:10,838] {dag.py:2306} INFO - Setting next_dagrun for example_trigger_target_dag to None
[2021-08-28 23:56:10,871] {processor.py:170} INFO - Processing /home/paolo/Documents/Github/case-study-1-october2020-data-sweepers/DataExtraction/ENV/lib/python3.8/site-packages/airflow/example_dags/example_trigger_target_dag.py took 0.151 seconds
[2021-08-28 23:56:50,523] {processor.py:162} INFO - Started process (PID=16653) to work on /home/paolo/Documents/Github/case-study-1-october2020-data-sweepers/DataExtraction/ENV/lib/python3.8/site-packages/airflow/example_dags/example_trigger_target_dag.py
[2021-08-28 23:56:50,524] {processor.py:613} INFO - Processing file /home/paolo/Documents/Github/case-study-1-october2020-data-sweepers/DataExtraction/ENV/lib/python3.8/site-packages/airflow/example_dags/example_trigger_target_dag.py for tasks to queue
[2021-08-28 23:56:50,525] {logging_mixin.py:109} INFO - [2021-08-28 23:56:50,525] {dagbag.py:496} INFO - Filling up the DagBag from /home/paolo/Documents/Github/case-study-1-october2020-data-sweepers/DataExtraction/ENV/lib/python3.8/site-packages/airflow/example_dags/example_trigger_target_dag.py
[2021-08-28 23:56:50,597] {processor.py:623} INFO - DAG(s) dict_keys(['example_trigger_target_dag']) retrieved from /home/paolo/Documents/Github/case-study-1-october2020-data-sweepers/DataExtraction/ENV/lib/python3.8/site-packages/airflow/example_dags/example_trigger_target_dag.py
[2021-08-28 23:56:50,629] {logging_mixin.py:109} INFO - [2021-08-28 23:56:50,628] {dag.py:1833} INFO - Sync 1 DAGs
[2021-08-28 23:56:50,652] {logging_mixin.py:109} INFO - [2021-08-28 23:56:50,652] {dag.py:2306} INFO - Setting next_dagrun for example_trigger_target_dag to None
[2021-08-28 23:56:50,681] {processor.py:170} INFO - Processing /home/paolo/Documents/Github/case-study-1-october2020-data-sweepers/DataExtraction/ENV/lib/python3.8/site-packages/airflow/example_dags/example_trigger_target_dag.py took 0.181 seconds
[2021-08-28 23:57:28,568] {processor.py:162} INFO - Started process (PID=16964) to work on /home/paolo/Documents/Github/case-study-1-october2020-data-sweepers/DataExtraction/ENV/lib/python3.8/site-packages/airflow/example_dags/example_trigger_target_dag.py
[2021-08-28 23:57:28,570] {processor.py:613} INFO - Processing file /home/paolo/Documents/Github/case-study-1-october2020-data-sweepers/DataExtraction/ENV/lib/python3.8/site-packages/airflow/example_dags/example_trigger_target_dag.py for tasks to queue
[2021-08-28 23:57:28,570] {logging_mixin.py:109} INFO - [2021-08-28 23:57:28,570] {dagbag.py:496} INFO - Filling up the DagBag from /home/paolo/Documents/Github/case-study-1-october2020-data-sweepers/DataExtraction/ENV/lib/python3.8/site-packages/airflow/example_dags/example_trigger_target_dag.py
[2021-08-28 23:57:28,595] {processor.py:623} INFO - DAG(s) dict_keys(['example_trigger_target_dag']) retrieved from /home/paolo/Documents/Github/case-study-1-october2020-data-sweepers/DataExtraction/ENV/lib/python3.8/site-packages/airflow/example_dags/example_trigger_target_dag.py
[2021-08-28 23:57:28,617] {logging_mixin.py:109} INFO - [2021-08-28 23:57:28,617] {dag.py:1833} INFO - Sync 1 DAGs
[2021-08-28 23:57:28,649] {logging_mixin.py:109} INFO - [2021-08-28 23:57:28,649] {dag.py:2306} INFO - Setting next_dagrun for example_trigger_target_dag to None
[2021-08-28 23:57:28,688] {processor.py:170} INFO - Processing /home/paolo/Documents/Github/case-study-1-october2020-data-sweepers/DataExtraction/ENV/lib/python3.8/site-packages/airflow/example_dags/example_trigger_target_dag.py took 0.125 seconds
[2021-08-28 23:58:08,260] {processor.py:162} INFO - Started process (PID=17311) to work on /home/paolo/Documents/Github/case-study-1-october2020-data-sweepers/DataExtraction/ENV/lib/python3.8/site-packages/airflow/example_dags/example_trigger_target_dag.py
[2021-08-28 23:58:08,261] {processor.py:613} INFO - Processing file /home/paolo/Documents/Github/case-study-1-october2020-data-sweepers/DataExtraction/ENV/lib/python3.8/site-packages/airflow/example_dags/example_trigger_target_dag.py for tasks to queue
[2021-08-28 23:58:08,262] {logging_mixin.py:109} INFO - [2021-08-28 23:58:08,262] {dagbag.py:496} INFO - Filling up the DagBag from /home/paolo/Documents/Github/case-study-1-october2020-data-sweepers/DataExtraction/ENV/lib/python3.8/site-packages/airflow/example_dags/example_trigger_target_dag.py
[2021-08-28 23:58:08,274] {processor.py:623} INFO - DAG(s) dict_keys(['example_trigger_target_dag']) retrieved from /home/paolo/Documents/Github/case-study-1-october2020-data-sweepers/DataExtraction/ENV/lib/python3.8/site-packages/airflow/example_dags/example_trigger_target_dag.py
[2021-08-28 23:58:08,287] {logging_mixin.py:109} INFO - [2021-08-28 23:58:08,287] {dag.py:1833} INFO - Sync 1 DAGs
[2021-08-28 23:58:08,301] {logging_mixin.py:109} INFO - [2021-08-28 23:58:08,299] {dag.py:2306} INFO - Setting next_dagrun for example_trigger_target_dag to None
[2021-08-28 23:58:08,318] {processor.py:170} INFO - Processing /home/paolo/Documents/Github/case-study-1-october2020-data-sweepers/DataExtraction/ENV/lib/python3.8/site-packages/airflow/example_dags/example_trigger_target_dag.py took 0.061 seconds
