[2021-08-28 23:37:44,116] {processor.py:162} INFO - Started process (PID=13195) to work on /home/paolo/Documents/Github/case-study-1-october2020-data-sweepers/DataExtraction/ENV/lib/python3.8/site-packages/airflow/example_dags/example_branch_python_dop_operator_3.py
[2021-08-28 23:37:44,117] {processor.py:613} INFO - Processing file /home/paolo/Documents/Github/case-study-1-october2020-data-sweepers/DataExtraction/ENV/lib/python3.8/site-packages/airflow/example_dags/example_branch_python_dop_operator_3.py for tasks to queue
[2021-08-28 23:37:44,118] {logging_mixin.py:109} INFO - [2021-08-28 23:37:44,118] {dagbag.py:496} INFO - Filling up the DagBag from /home/paolo/Documents/Github/case-study-1-october2020-data-sweepers/DataExtraction/ENV/lib/python3.8/site-packages/airflow/example_dags/example_branch_python_dop_operator_3.py
[2021-08-28 23:37:44,139] {processor.py:623} INFO - DAG(s) dict_keys(['example_branch_dop_operator_v3']) retrieved from /home/paolo/Documents/Github/case-study-1-october2020-data-sweepers/DataExtraction/ENV/lib/python3.8/site-packages/airflow/example_dags/example_branch_python_dop_operator_3.py
[2021-08-28 23:37:44,163] {logging_mixin.py:109} INFO - [2021-08-28 23:37:44,163] {dag.py:1833} INFO - Sync 1 DAGs
[2021-08-28 23:37:44,193] {logging_mixin.py:109} INFO - [2021-08-28 23:37:44,192] {dag.py:2306} INFO - Setting next_dagrun for example_branch_dop_operator_v3 to 2021-08-26 00:00:00+00:00
[2021-08-28 23:37:44,217] {processor.py:170} INFO - Processing /home/paolo/Documents/Github/case-study-1-october2020-data-sweepers/DataExtraction/ENV/lib/python3.8/site-packages/airflow/example_dags/example_branch_python_dop_operator_3.py took 0.104 seconds
[2021-08-28 23:38:28,624] {processor.py:162} INFO - Started process (PID=13297) to work on /home/paolo/Documents/Github/case-study-1-october2020-data-sweepers/DataExtraction/ENV/lib/python3.8/site-packages/airflow/example_dags/example_branch_python_dop_operator_3.py
[2021-08-28 23:38:28,630] {processor.py:613} INFO - Processing file /home/paolo/Documents/Github/case-study-1-october2020-data-sweepers/DataExtraction/ENV/lib/python3.8/site-packages/airflow/example_dags/example_branch_python_dop_operator_3.py for tasks to queue
[2021-08-28 23:38:28,638] {logging_mixin.py:109} INFO - [2021-08-28 23:38:28,638] {dagbag.py:496} INFO - Filling up the DagBag from /home/paolo/Documents/Github/case-study-1-october2020-data-sweepers/DataExtraction/ENV/lib/python3.8/site-packages/airflow/example_dags/example_branch_python_dop_operator_3.py
[2021-08-28 23:38:28,719] {processor.py:623} INFO - DAG(s) dict_keys(['example_branch_dop_operator_v3']) retrieved from /home/paolo/Documents/Github/case-study-1-october2020-data-sweepers/DataExtraction/ENV/lib/python3.8/site-packages/airflow/example_dags/example_branch_python_dop_operator_3.py
[2021-08-28 23:38:28,762] {logging_mixin.py:109} INFO - [2021-08-28 23:38:28,762] {dag.py:1833} INFO - Sync 1 DAGs
[2021-08-28 23:38:28,804] {logging_mixin.py:109} INFO - [2021-08-28 23:38:28,802] {dag.py:2306} INFO - Setting next_dagrun for example_branch_dop_operator_v3 to 2021-08-26 00:00:00+00:00
[2021-08-28 23:38:28,861] {processor.py:170} INFO - Processing /home/paolo/Documents/Github/case-study-1-october2020-data-sweepers/DataExtraction/ENV/lib/python3.8/site-packages/airflow/example_dags/example_branch_python_dop_operator_3.py took 0.246 seconds
[2021-08-28 23:39:03,828] {processor.py:162} INFO - Started process (PID=13389) to work on /home/paolo/Documents/Github/case-study-1-october2020-data-sweepers/DataExtraction/ENV/lib/python3.8/site-packages/airflow/example_dags/example_branch_python_dop_operator_3.py
[2021-08-28 23:39:03,864] {processor.py:613} INFO - Processing file /home/paolo/Documents/Github/case-study-1-october2020-data-sweepers/DataExtraction/ENV/lib/python3.8/site-packages/airflow/example_dags/example_branch_python_dop_operator_3.py for tasks to queue
[2021-08-28 23:39:03,865] {logging_mixin.py:109} INFO - [2021-08-28 23:39:03,865] {dagbag.py:496} INFO - Filling up the DagBag from /home/paolo/Documents/Github/case-study-1-october2020-data-sweepers/DataExtraction/ENV/lib/python3.8/site-packages/airflow/example_dags/example_branch_python_dop_operator_3.py
[2021-08-28 23:39:03,947] {processor.py:623} INFO - DAG(s) dict_keys(['example_branch_dop_operator_v3']) retrieved from /home/paolo/Documents/Github/case-study-1-october2020-data-sweepers/DataExtraction/ENV/lib/python3.8/site-packages/airflow/example_dags/example_branch_python_dop_operator_3.py
[2021-08-28 23:39:03,980] {logging_mixin.py:109} INFO - [2021-08-28 23:39:03,980] {dag.py:1833} INFO - Sync 1 DAGs
[2021-08-28 23:39:04,026] {logging_mixin.py:109} INFO - [2021-08-28 23:39:04,025] {dag.py:2306} INFO - Setting next_dagrun for example_branch_dop_operator_v3 to 2021-08-26 00:00:00+00:00
[2021-08-28 23:39:04,053] {processor.py:170} INFO - Processing /home/paolo/Documents/Github/case-study-1-october2020-data-sweepers/DataExtraction/ENV/lib/python3.8/site-packages/airflow/example_dags/example_branch_python_dop_operator_3.py took 0.228 seconds
[2021-08-28 23:39:40,923] {processor.py:162} INFO - Started process (PID=13581) to work on /home/paolo/Documents/Github/case-study-1-october2020-data-sweepers/DataExtraction/ENV/lib/python3.8/site-packages/airflow/example_dags/example_branch_python_dop_operator_3.py
[2021-08-28 23:39:40,933] {processor.py:613} INFO - Processing file /home/paolo/Documents/Github/case-study-1-october2020-data-sweepers/DataExtraction/ENV/lib/python3.8/site-packages/airflow/example_dags/example_branch_python_dop_operator_3.py for tasks to queue
[2021-08-28 23:39:40,934] {logging_mixin.py:109} INFO - [2021-08-28 23:39:40,934] {dagbag.py:496} INFO - Filling up the DagBag from /home/paolo/Documents/Github/case-study-1-october2020-data-sweepers/DataExtraction/ENV/lib/python3.8/site-packages/airflow/example_dags/example_branch_python_dop_operator_3.py
[2021-08-28 23:39:40,984] {processor.py:623} INFO - DAG(s) dict_keys(['example_branch_dop_operator_v3']) retrieved from /home/paolo/Documents/Github/case-study-1-october2020-data-sweepers/DataExtraction/ENV/lib/python3.8/site-packages/airflow/example_dags/example_branch_python_dop_operator_3.py
[2021-08-28 23:39:41,023] {logging_mixin.py:109} INFO - [2021-08-28 23:39:41,023] {dag.py:1833} INFO - Sync 1 DAGs
[2021-08-28 23:39:41,062] {logging_mixin.py:109} INFO - [2021-08-28 23:39:41,062] {dag.py:2306} INFO - Setting next_dagrun for example_branch_dop_operator_v3 to 2021-08-26 00:00:00+00:00
[2021-08-28 23:39:41,084] {processor.py:170} INFO - Processing /home/paolo/Documents/Github/case-study-1-october2020-data-sweepers/DataExtraction/ENV/lib/python3.8/site-packages/airflow/example_dags/example_branch_python_dop_operator_3.py took 0.166 seconds
[2021-08-28 23:40:16,461] {processor.py:162} INFO - Started process (PID=13782) to work on /home/paolo/Documents/Github/case-study-1-october2020-data-sweepers/DataExtraction/ENV/lib/python3.8/site-packages/airflow/example_dags/example_branch_python_dop_operator_3.py
[2021-08-28 23:40:16,463] {processor.py:613} INFO - Processing file /home/paolo/Documents/Github/case-study-1-october2020-data-sweepers/DataExtraction/ENV/lib/python3.8/site-packages/airflow/example_dags/example_branch_python_dop_operator_3.py for tasks to queue
[2021-08-28 23:40:16,464] {logging_mixin.py:109} INFO - [2021-08-28 23:40:16,463] {dagbag.py:496} INFO - Filling up the DagBag from /home/paolo/Documents/Github/case-study-1-october2020-data-sweepers/DataExtraction/ENV/lib/python3.8/site-packages/airflow/example_dags/example_branch_python_dop_operator_3.py
[2021-08-28 23:40:16,501] {processor.py:623} INFO - DAG(s) dict_keys(['example_branch_dop_operator_v3']) retrieved from /home/paolo/Documents/Github/case-study-1-october2020-data-sweepers/DataExtraction/ENV/lib/python3.8/site-packages/airflow/example_dags/example_branch_python_dop_operator_3.py
[2021-08-28 23:40:16,542] {logging_mixin.py:109} INFO - [2021-08-28 23:40:16,542] {dag.py:1833} INFO - Sync 1 DAGs
[2021-08-28 23:40:16,651] {logging_mixin.py:109} INFO - [2021-08-28 23:40:16,651] {dag.py:2306} INFO - Setting next_dagrun for example_branch_dop_operator_v3 to 2021-08-26 00:00:00+00:00
[2021-08-28 23:40:16,682] {processor.py:170} INFO - Processing /home/paolo/Documents/Github/case-study-1-october2020-data-sweepers/DataExtraction/ENV/lib/python3.8/site-packages/airflow/example_dags/example_branch_python_dop_operator_3.py took 0.235 seconds
[2021-08-28 23:41:02,036] {processor.py:162} INFO - Started process (PID=13984) to work on /home/paolo/Documents/Github/case-study-1-october2020-data-sweepers/DataExtraction/ENV/lib/python3.8/site-packages/airflow/example_dags/example_branch_python_dop_operator_3.py
[2021-08-28 23:41:02,038] {processor.py:613} INFO - Processing file /home/paolo/Documents/Github/case-study-1-october2020-data-sweepers/DataExtraction/ENV/lib/python3.8/site-packages/airflow/example_dags/example_branch_python_dop_operator_3.py for tasks to queue
[2021-08-28 23:41:02,039] {logging_mixin.py:109} INFO - [2021-08-28 23:41:02,039] {dagbag.py:496} INFO - Filling up the DagBag from /home/paolo/Documents/Github/case-study-1-october2020-data-sweepers/DataExtraction/ENV/lib/python3.8/site-packages/airflow/example_dags/example_branch_python_dop_operator_3.py
[2021-08-28 23:41:02,066] {processor.py:623} INFO - DAG(s) dict_keys(['example_branch_dop_operator_v3']) retrieved from /home/paolo/Documents/Github/case-study-1-october2020-data-sweepers/DataExtraction/ENV/lib/python3.8/site-packages/airflow/example_dags/example_branch_python_dop_operator_3.py
[2021-08-28 23:41:02,152] {logging_mixin.py:109} INFO - [2021-08-28 23:41:02,152] {dag.py:1833} INFO - Sync 1 DAGs
[2021-08-28 23:41:02,193] {logging_mixin.py:109} INFO - [2021-08-28 23:41:02,193] {dag.py:2306} INFO - Setting next_dagrun for example_branch_dop_operator_v3 to 2021-08-26 00:00:00+00:00
[2021-08-28 23:41:02,225] {processor.py:170} INFO - Processing /home/paolo/Documents/Github/case-study-1-october2020-data-sweepers/DataExtraction/ENV/lib/python3.8/site-packages/airflow/example_dags/example_branch_python_dop_operator_3.py took 0.192 seconds
[2021-08-28 23:41:41,153] {processor.py:162} INFO - Started process (PID=14110) to work on /home/paolo/Documents/Github/case-study-1-october2020-data-sweepers/DataExtraction/ENV/lib/python3.8/site-packages/airflow/example_dags/example_branch_python_dop_operator_3.py
[2021-08-28 23:41:41,155] {processor.py:613} INFO - Processing file /home/paolo/Documents/Github/case-study-1-october2020-data-sweepers/DataExtraction/ENV/lib/python3.8/site-packages/airflow/example_dags/example_branch_python_dop_operator_3.py for tasks to queue
[2021-08-28 23:41:41,156] {logging_mixin.py:109} INFO - [2021-08-28 23:41:41,156] {dagbag.py:496} INFO - Filling up the DagBag from /home/paolo/Documents/Github/case-study-1-october2020-data-sweepers/DataExtraction/ENV/lib/python3.8/site-packages/airflow/example_dags/example_branch_python_dop_operator_3.py
[2021-08-28 23:41:41,172] {processor.py:623} INFO - DAG(s) dict_keys(['example_branch_dop_operator_v3']) retrieved from /home/paolo/Documents/Github/case-study-1-october2020-data-sweepers/DataExtraction/ENV/lib/python3.8/site-packages/airflow/example_dags/example_branch_python_dop_operator_3.py
[2021-08-28 23:41:41,188] {logging_mixin.py:109} INFO - [2021-08-28 23:41:41,188] {dag.py:1833} INFO - Sync 1 DAGs
[2021-08-28 23:41:41,217] {logging_mixin.py:109} INFO - [2021-08-28 23:41:41,217] {dag.py:2306} INFO - Setting next_dagrun for example_branch_dop_operator_v3 to 2021-08-26 00:00:00+00:00
[2021-08-28 23:41:41,236] {processor.py:170} INFO - Processing /home/paolo/Documents/Github/case-study-1-october2020-data-sweepers/DataExtraction/ENV/lib/python3.8/site-packages/airflow/example_dags/example_branch_python_dop_operator_3.py took 0.086 seconds
[2021-08-28 23:42:14,490] {processor.py:162} INFO - Started process (PID=14204) to work on /home/paolo/Documents/Github/case-study-1-october2020-data-sweepers/DataExtraction/ENV/lib/python3.8/site-packages/airflow/example_dags/example_branch_python_dop_operator_3.py
[2021-08-28 23:42:14,492] {processor.py:613} INFO - Processing file /home/paolo/Documents/Github/case-study-1-october2020-data-sweepers/DataExtraction/ENV/lib/python3.8/site-packages/airflow/example_dags/example_branch_python_dop_operator_3.py for tasks to queue
[2021-08-28 23:42:14,492] {logging_mixin.py:109} INFO - [2021-08-28 23:42:14,492] {dagbag.py:496} INFO - Filling up the DagBag from /home/paolo/Documents/Github/case-study-1-october2020-data-sweepers/DataExtraction/ENV/lib/python3.8/site-packages/airflow/example_dags/example_branch_python_dop_operator_3.py
[2021-08-28 23:42:14,507] {processor.py:623} INFO - DAG(s) dict_keys(['example_branch_dop_operator_v3']) retrieved from /home/paolo/Documents/Github/case-study-1-october2020-data-sweepers/DataExtraction/ENV/lib/python3.8/site-packages/airflow/example_dags/example_branch_python_dop_operator_3.py
[2021-08-28 23:42:14,519] {logging_mixin.py:109} INFO - [2021-08-28 23:42:14,519] {dag.py:1833} INFO - Sync 1 DAGs
[2021-08-28 23:42:14,537] {logging_mixin.py:109} INFO - [2021-08-28 23:42:14,537] {dag.py:2306} INFO - Setting next_dagrun for example_branch_dop_operator_v3 to 2021-08-26 00:00:00+00:00
[2021-08-28 23:42:14,551] {processor.py:170} INFO - Processing /home/paolo/Documents/Github/case-study-1-october2020-data-sweepers/DataExtraction/ENV/lib/python3.8/site-packages/airflow/example_dags/example_branch_python_dop_operator_3.py took 0.063 seconds
[2021-08-28 23:42:46,680] {processor.py:162} INFO - Started process (PID=14283) to work on /home/paolo/Documents/Github/case-study-1-october2020-data-sweepers/DataExtraction/ENV/lib/python3.8/site-packages/airflow/example_dags/example_branch_python_dop_operator_3.py
[2021-08-28 23:42:46,681] {processor.py:613} INFO - Processing file /home/paolo/Documents/Github/case-study-1-october2020-data-sweepers/DataExtraction/ENV/lib/python3.8/site-packages/airflow/example_dags/example_branch_python_dop_operator_3.py for tasks to queue
[2021-08-28 23:42:46,681] {logging_mixin.py:109} INFO - [2021-08-28 23:42:46,681] {dagbag.py:496} INFO - Filling up the DagBag from /home/paolo/Documents/Github/case-study-1-october2020-data-sweepers/DataExtraction/ENV/lib/python3.8/site-packages/airflow/example_dags/example_branch_python_dop_operator_3.py
[2021-08-28 23:42:46,693] {processor.py:623} INFO - DAG(s) dict_keys(['example_branch_dop_operator_v3']) retrieved from /home/paolo/Documents/Github/case-study-1-october2020-data-sweepers/DataExtraction/ENV/lib/python3.8/site-packages/airflow/example_dags/example_branch_python_dop_operator_3.py
[2021-08-28 23:42:46,704] {logging_mixin.py:109} INFO - [2021-08-28 23:42:46,704] {dag.py:1833} INFO - Sync 1 DAGs
[2021-08-28 23:42:46,719] {logging_mixin.py:109} INFO - [2021-08-28 23:42:46,719] {dag.py:2306} INFO - Setting next_dagrun for example_branch_dop_operator_v3 to 2021-08-26 00:00:00+00:00
[2021-08-28 23:42:46,735] {processor.py:170} INFO - Processing /home/paolo/Documents/Github/case-study-1-october2020-data-sweepers/DataExtraction/ENV/lib/python3.8/site-packages/airflow/example_dags/example_branch_python_dop_operator_3.py took 0.059 seconds
[2021-08-28 23:43:20,777] {processor.py:162} INFO - Started process (PID=14364) to work on /home/paolo/Documents/Github/case-study-1-october2020-data-sweepers/DataExtraction/ENV/lib/python3.8/site-packages/airflow/example_dags/example_branch_python_dop_operator_3.py
[2021-08-28 23:43:20,779] {processor.py:613} INFO - Processing file /home/paolo/Documents/Github/case-study-1-october2020-data-sweepers/DataExtraction/ENV/lib/python3.8/site-packages/airflow/example_dags/example_branch_python_dop_operator_3.py for tasks to queue
[2021-08-28 23:43:20,779] {logging_mixin.py:109} INFO - [2021-08-28 23:43:20,779] {dagbag.py:496} INFO - Filling up the DagBag from /home/paolo/Documents/Github/case-study-1-october2020-data-sweepers/DataExtraction/ENV/lib/python3.8/site-packages/airflow/example_dags/example_branch_python_dop_operator_3.py
[2021-08-28 23:43:20,793] {processor.py:623} INFO - DAG(s) dict_keys(['example_branch_dop_operator_v3']) retrieved from /home/paolo/Documents/Github/case-study-1-october2020-data-sweepers/DataExtraction/ENV/lib/python3.8/site-packages/airflow/example_dags/example_branch_python_dop_operator_3.py
[2021-08-28 23:43:20,807] {logging_mixin.py:109} INFO - [2021-08-28 23:43:20,807] {dag.py:1833} INFO - Sync 1 DAGs
[2021-08-28 23:43:20,825] {logging_mixin.py:109} INFO - [2021-08-28 23:43:20,825] {dag.py:2306} INFO - Setting next_dagrun for example_branch_dop_operator_v3 to 2021-08-26 00:00:00+00:00
[2021-08-28 23:43:20,845] {processor.py:170} INFO - Processing /home/paolo/Documents/Github/case-study-1-october2020-data-sweepers/DataExtraction/ENV/lib/python3.8/site-packages/airflow/example_dags/example_branch_python_dop_operator_3.py took 0.071 seconds
[2021-08-28 23:43:52,027] {processor.py:162} INFO - Started process (PID=14430) to work on /home/paolo/Documents/Github/case-study-1-october2020-data-sweepers/DataExtraction/ENV/lib/python3.8/site-packages/airflow/example_dags/example_branch_python_dop_operator_3.py
[2021-08-28 23:43:52,030] {processor.py:613} INFO - Processing file /home/paolo/Documents/Github/case-study-1-october2020-data-sweepers/DataExtraction/ENV/lib/python3.8/site-packages/airflow/example_dags/example_branch_python_dop_operator_3.py for tasks to queue
[2021-08-28 23:43:52,036] {logging_mixin.py:109} INFO - [2021-08-28 23:43:52,036] {dagbag.py:496} INFO - Filling up the DagBag from /home/paolo/Documents/Github/case-study-1-october2020-data-sweepers/DataExtraction/ENV/lib/python3.8/site-packages/airflow/example_dags/example_branch_python_dop_operator_3.py
[2021-08-28 23:43:52,072] {processor.py:623} INFO - DAG(s) dict_keys(['example_branch_dop_operator_v3']) retrieved from /home/paolo/Documents/Github/case-study-1-october2020-data-sweepers/DataExtraction/ENV/lib/python3.8/site-packages/airflow/example_dags/example_branch_python_dop_operator_3.py
[2021-08-28 23:43:52,109] {logging_mixin.py:109} INFO - [2021-08-28 23:43:52,109] {dag.py:1833} INFO - Sync 1 DAGs
[2021-08-28 23:43:52,154] {logging_mixin.py:109} INFO - [2021-08-28 23:43:52,154] {dag.py:2306} INFO - Setting next_dagrun for example_branch_dop_operator_v3 to 2021-08-26 00:00:00+00:00
[2021-08-28 23:43:52,174] {processor.py:170} INFO - Processing /home/paolo/Documents/Github/case-study-1-october2020-data-sweepers/DataExtraction/ENV/lib/python3.8/site-packages/airflow/example_dags/example_branch_python_dop_operator_3.py took 0.153 seconds
[2021-08-28 23:44:29,000] {processor.py:162} INFO - Started process (PID=14516) to work on /home/paolo/Documents/Github/case-study-1-october2020-data-sweepers/DataExtraction/ENV/lib/python3.8/site-packages/airflow/example_dags/example_branch_python_dop_operator_3.py
[2021-08-28 23:44:29,002] {processor.py:613} INFO - Processing file /home/paolo/Documents/Github/case-study-1-october2020-data-sweepers/DataExtraction/ENV/lib/python3.8/site-packages/airflow/example_dags/example_branch_python_dop_operator_3.py for tasks to queue
[2021-08-28 23:44:29,004] {logging_mixin.py:109} INFO - [2021-08-28 23:44:29,003] {dagbag.py:496} INFO - Filling up the DagBag from /home/paolo/Documents/Github/case-study-1-october2020-data-sweepers/DataExtraction/ENV/lib/python3.8/site-packages/airflow/example_dags/example_branch_python_dop_operator_3.py
[2021-08-28 23:44:29,028] {processor.py:623} INFO - DAG(s) dict_keys(['example_branch_dop_operator_v3']) retrieved from /home/paolo/Documents/Github/case-study-1-october2020-data-sweepers/DataExtraction/ENV/lib/python3.8/site-packages/airflow/example_dags/example_branch_python_dop_operator_3.py
[2021-08-28 23:44:29,061] {logging_mixin.py:109} INFO - [2021-08-28 23:44:29,061] {dag.py:1833} INFO - Sync 1 DAGs
[2021-08-28 23:44:29,144] {logging_mixin.py:109} INFO - [2021-08-28 23:44:29,143] {dag.py:2306} INFO - Setting next_dagrun for example_branch_dop_operator_v3 to 2021-08-26 00:00:00+00:00
[2021-08-28 23:44:29,212] {processor.py:170} INFO - Processing /home/paolo/Documents/Github/case-study-1-october2020-data-sweepers/DataExtraction/ENV/lib/python3.8/site-packages/airflow/example_dags/example_branch_python_dop_operator_3.py took 0.219 seconds
[2021-08-28 23:45:10,972] {processor.py:162} INFO - Started process (PID=14585) to work on /home/paolo/Documents/Github/case-study-1-october2020-data-sweepers/DataExtraction/ENV/lib/python3.8/site-packages/airflow/example_dags/example_branch_python_dop_operator_3.py
[2021-08-28 23:45:10,979] {processor.py:613} INFO - Processing file /home/paolo/Documents/Github/case-study-1-october2020-data-sweepers/DataExtraction/ENV/lib/python3.8/site-packages/airflow/example_dags/example_branch_python_dop_operator_3.py for tasks to queue
[2021-08-28 23:45:10,980] {logging_mixin.py:109} INFO - [2021-08-28 23:45:10,980] {dagbag.py:496} INFO - Filling up the DagBag from /home/paolo/Documents/Github/case-study-1-october2020-data-sweepers/DataExtraction/ENV/lib/python3.8/site-packages/airflow/example_dags/example_branch_python_dop_operator_3.py
[2021-08-28 23:45:11,021] {processor.py:623} INFO - DAG(s) dict_keys(['example_branch_dop_operator_v3']) retrieved from /home/paolo/Documents/Github/case-study-1-october2020-data-sweepers/DataExtraction/ENV/lib/python3.8/site-packages/airflow/example_dags/example_branch_python_dop_operator_3.py
[2021-08-28 23:45:11,048] {logging_mixin.py:109} INFO - [2021-08-28 23:45:11,048] {dag.py:1833} INFO - Sync 1 DAGs
[2021-08-28 23:45:11,097] {logging_mixin.py:109} INFO - [2021-08-28 23:45:11,096] {dag.py:2306} INFO - Setting next_dagrun for example_branch_dop_operator_v3 to 2021-08-26 00:00:00+00:00
[2021-08-28 23:45:11,123] {processor.py:170} INFO - Processing /home/paolo/Documents/Github/case-study-1-october2020-data-sweepers/DataExtraction/ENV/lib/python3.8/site-packages/airflow/example_dags/example_branch_python_dop_operator_3.py took 0.155 seconds
[2021-08-28 23:45:52,650] {processor.py:162} INFO - Started process (PID=14655) to work on /home/paolo/Documents/Github/case-study-1-october2020-data-sweepers/DataExtraction/ENV/lib/python3.8/site-packages/airflow/example_dags/example_branch_python_dop_operator_3.py
[2021-08-28 23:45:52,654] {processor.py:613} INFO - Processing file /home/paolo/Documents/Github/case-study-1-october2020-data-sweepers/DataExtraction/ENV/lib/python3.8/site-packages/airflow/example_dags/example_branch_python_dop_operator_3.py for tasks to queue
[2021-08-28 23:45:52,657] {logging_mixin.py:109} INFO - [2021-08-28 23:45:52,657] {dagbag.py:496} INFO - Filling up the DagBag from /home/paolo/Documents/Github/case-study-1-october2020-data-sweepers/DataExtraction/ENV/lib/python3.8/site-packages/airflow/example_dags/example_branch_python_dop_operator_3.py
[2021-08-28 23:45:52,691] {processor.py:623} INFO - DAG(s) dict_keys(['example_branch_dop_operator_v3']) retrieved from /home/paolo/Documents/Github/case-study-1-october2020-data-sweepers/DataExtraction/ENV/lib/python3.8/site-packages/airflow/example_dags/example_branch_python_dop_operator_3.py
[2021-08-28 23:45:52,719] {logging_mixin.py:109} INFO - [2021-08-28 23:45:52,719] {dag.py:1833} INFO - Sync 1 DAGs
[2021-08-28 23:45:52,766] {logging_mixin.py:109} INFO - [2021-08-28 23:45:52,766] {dag.py:2306} INFO - Setting next_dagrun for example_branch_dop_operator_v3 to 2021-08-26 00:00:00+00:00
[2021-08-28 23:45:52,797] {processor.py:170} INFO - Processing /home/paolo/Documents/Github/case-study-1-october2020-data-sweepers/DataExtraction/ENV/lib/python3.8/site-packages/airflow/example_dags/example_branch_python_dop_operator_3.py took 0.151 seconds
[2021-08-28 23:46:33,790] {processor.py:162} INFO - Started process (PID=14722) to work on /home/paolo/Documents/Github/case-study-1-october2020-data-sweepers/DataExtraction/ENV/lib/python3.8/site-packages/airflow/example_dags/example_branch_python_dop_operator_3.py
[2021-08-28 23:46:33,795] {processor.py:613} INFO - Processing file /home/paolo/Documents/Github/case-study-1-october2020-data-sweepers/DataExtraction/ENV/lib/python3.8/site-packages/airflow/example_dags/example_branch_python_dop_operator_3.py for tasks to queue
[2021-08-28 23:46:33,800] {logging_mixin.py:109} INFO - [2021-08-28 23:46:33,800] {dagbag.py:496} INFO - Filling up the DagBag from /home/paolo/Documents/Github/case-study-1-october2020-data-sweepers/DataExtraction/ENV/lib/python3.8/site-packages/airflow/example_dags/example_branch_python_dop_operator_3.py
[2021-08-28 23:46:33,830] {processor.py:623} INFO - DAG(s) dict_keys(['example_branch_dop_operator_v3']) retrieved from /home/paolo/Documents/Github/case-study-1-october2020-data-sweepers/DataExtraction/ENV/lib/python3.8/site-packages/airflow/example_dags/example_branch_python_dop_operator_3.py
[2021-08-28 23:46:33,873] {logging_mixin.py:109} INFO - [2021-08-28 23:46:33,873] {dag.py:1833} INFO - Sync 1 DAGs
[2021-08-28 23:46:33,932] {logging_mixin.py:109} INFO - [2021-08-28 23:46:33,932] {dag.py:2306} INFO - Setting next_dagrun for example_branch_dop_operator_v3 to 2021-08-26 00:00:00+00:00
[2021-08-28 23:46:33,982] {processor.py:170} INFO - Processing /home/paolo/Documents/Github/case-study-1-october2020-data-sweepers/DataExtraction/ENV/lib/python3.8/site-packages/airflow/example_dags/example_branch_python_dop_operator_3.py took 0.199 seconds
[2021-08-28 23:47:20,845] {processor.py:162} INFO - Started process (PID=14834) to work on /home/paolo/Documents/Github/case-study-1-october2020-data-sweepers/DataExtraction/ENV/lib/python3.8/site-packages/airflow/example_dags/example_branch_python_dop_operator_3.py
[2021-08-28 23:47:20,847] {processor.py:613} INFO - Processing file /home/paolo/Documents/Github/case-study-1-october2020-data-sweepers/DataExtraction/ENV/lib/python3.8/site-packages/airflow/example_dags/example_branch_python_dop_operator_3.py for tasks to queue
[2021-08-28 23:47:20,848] {logging_mixin.py:109} INFO - [2021-08-28 23:47:20,848] {dagbag.py:496} INFO - Filling up the DagBag from /home/paolo/Documents/Github/case-study-1-october2020-data-sweepers/DataExtraction/ENV/lib/python3.8/site-packages/airflow/example_dags/example_branch_python_dop_operator_3.py
[2021-08-28 23:47:20,881] {processor.py:623} INFO - DAG(s) dict_keys(['example_branch_dop_operator_v3']) retrieved from /home/paolo/Documents/Github/case-study-1-october2020-data-sweepers/DataExtraction/ENV/lib/python3.8/site-packages/airflow/example_dags/example_branch_python_dop_operator_3.py
[2021-08-28 23:47:20,933] {logging_mixin.py:109} INFO - [2021-08-28 23:47:20,933] {dag.py:1833} INFO - Sync 1 DAGs
[2021-08-28 23:47:21,005] {logging_mixin.py:109} INFO - [2021-08-28 23:47:21,005] {dag.py:2306} INFO - Setting next_dagrun for example_branch_dop_operator_v3 to 2021-08-26 00:00:00+00:00
[2021-08-28 23:47:21,039] {processor.py:170} INFO - Processing /home/paolo/Documents/Github/case-study-1-october2020-data-sweepers/DataExtraction/ENV/lib/python3.8/site-packages/airflow/example_dags/example_branch_python_dop_operator_3.py took 0.202 seconds
[2021-08-28 23:48:08,107] {processor.py:162} INFO - Started process (PID=14915) to work on /home/paolo/Documents/Github/case-study-1-october2020-data-sweepers/DataExtraction/ENV/lib/python3.8/site-packages/airflow/example_dags/example_branch_python_dop_operator_3.py
[2021-08-28 23:48:08,111] {processor.py:613} INFO - Processing file /home/paolo/Documents/Github/case-study-1-october2020-data-sweepers/DataExtraction/ENV/lib/python3.8/site-packages/airflow/example_dags/example_branch_python_dop_operator_3.py for tasks to queue
[2021-08-28 23:48:08,112] {logging_mixin.py:109} INFO - [2021-08-28 23:48:08,112] {dagbag.py:496} INFO - Filling up the DagBag from /home/paolo/Documents/Github/case-study-1-october2020-data-sweepers/DataExtraction/ENV/lib/python3.8/site-packages/airflow/example_dags/example_branch_python_dop_operator_3.py
[2021-08-28 23:48:08,148] {processor.py:623} INFO - DAG(s) dict_keys(['example_branch_dop_operator_v3']) retrieved from /home/paolo/Documents/Github/case-study-1-october2020-data-sweepers/DataExtraction/ENV/lib/python3.8/site-packages/airflow/example_dags/example_branch_python_dop_operator_3.py
[2021-08-28 23:48:08,179] {logging_mixin.py:109} INFO - [2021-08-28 23:48:08,179] {dag.py:1833} INFO - Sync 1 DAGs
[2021-08-28 23:48:08,220] {logging_mixin.py:109} INFO - [2021-08-28 23:48:08,220] {dag.py:2306} INFO - Setting next_dagrun for example_branch_dop_operator_v3 to 2021-08-26 00:00:00+00:00
[2021-08-28 23:48:08,259] {processor.py:170} INFO - Processing /home/paolo/Documents/Github/case-study-1-october2020-data-sweepers/DataExtraction/ENV/lib/python3.8/site-packages/airflow/example_dags/example_branch_python_dop_operator_3.py took 0.161 seconds
[2021-08-28 23:48:49,067] {processor.py:162} INFO - Started process (PID=14981) to work on /home/paolo/Documents/Github/case-study-1-october2020-data-sweepers/DataExtraction/ENV/lib/python3.8/site-packages/airflow/example_dags/example_branch_python_dop_operator_3.py
[2021-08-28 23:48:49,069] {processor.py:613} INFO - Processing file /home/paolo/Documents/Github/case-study-1-october2020-data-sweepers/DataExtraction/ENV/lib/python3.8/site-packages/airflow/example_dags/example_branch_python_dop_operator_3.py for tasks to queue
[2021-08-28 23:48:49,070] {logging_mixin.py:109} INFO - [2021-08-28 23:48:49,070] {dagbag.py:496} INFO - Filling up the DagBag from /home/paolo/Documents/Github/case-study-1-october2020-data-sweepers/DataExtraction/ENV/lib/python3.8/site-packages/airflow/example_dags/example_branch_python_dop_operator_3.py
[2021-08-28 23:48:49,114] {processor.py:623} INFO - DAG(s) dict_keys(['example_branch_dop_operator_v3']) retrieved from /home/paolo/Documents/Github/case-study-1-october2020-data-sweepers/DataExtraction/ENV/lib/python3.8/site-packages/airflow/example_dags/example_branch_python_dop_operator_3.py
[2021-08-28 23:48:49,147] {logging_mixin.py:109} INFO - [2021-08-28 23:48:49,145] {dag.py:1833} INFO - Sync 1 DAGs
[2021-08-28 23:48:49,201] {logging_mixin.py:109} INFO - [2021-08-28 23:48:49,201] {dag.py:2306} INFO - Setting next_dagrun for example_branch_dop_operator_v3 to 2021-08-26 00:00:00+00:00
[2021-08-28 23:48:49,237] {processor.py:170} INFO - Processing /home/paolo/Documents/Github/case-study-1-october2020-data-sweepers/DataExtraction/ENV/lib/python3.8/site-packages/airflow/example_dags/example_branch_python_dop_operator_3.py took 0.185 seconds
[2021-08-28 23:49:27,516] {processor.py:162} INFO - Started process (PID=15098) to work on /home/paolo/Documents/Github/case-study-1-october2020-data-sweepers/DataExtraction/ENV/lib/python3.8/site-packages/airflow/example_dags/example_branch_python_dop_operator_3.py
[2021-08-28 23:49:27,520] {processor.py:613} INFO - Processing file /home/paolo/Documents/Github/case-study-1-october2020-data-sweepers/DataExtraction/ENV/lib/python3.8/site-packages/airflow/example_dags/example_branch_python_dop_operator_3.py for tasks to queue
[2021-08-28 23:49:27,521] {logging_mixin.py:109} INFO - [2021-08-28 23:49:27,521] {dagbag.py:496} INFO - Filling up the DagBag from /home/paolo/Documents/Github/case-study-1-october2020-data-sweepers/DataExtraction/ENV/lib/python3.8/site-packages/airflow/example_dags/example_branch_python_dop_operator_3.py
[2021-08-28 23:49:27,539] {processor.py:623} INFO - DAG(s) dict_keys(['example_branch_dop_operator_v3']) retrieved from /home/paolo/Documents/Github/case-study-1-october2020-data-sweepers/DataExtraction/ENV/lib/python3.8/site-packages/airflow/example_dags/example_branch_python_dop_operator_3.py
[2021-08-28 23:49:27,564] {logging_mixin.py:109} INFO - [2021-08-28 23:49:27,564] {dag.py:1833} INFO - Sync 1 DAGs
[2021-08-28 23:49:27,593] {logging_mixin.py:109} INFO - [2021-08-28 23:49:27,592] {dag.py:2306} INFO - Setting next_dagrun for example_branch_dop_operator_v3 to 2021-08-26 00:00:00+00:00
[2021-08-28 23:49:27,616] {processor.py:170} INFO - Processing /home/paolo/Documents/Github/case-study-1-october2020-data-sweepers/DataExtraction/ENV/lib/python3.8/site-packages/airflow/example_dags/example_branch_python_dop_operator_3.py took 0.103 seconds
[2021-08-28 23:50:04,094] {processor.py:162} INFO - Started process (PID=15178) to work on /home/paolo/Documents/Github/case-study-1-october2020-data-sweepers/DataExtraction/ENV/lib/python3.8/site-packages/airflow/example_dags/example_branch_python_dop_operator_3.py
[2021-08-28 23:50:04,098] {processor.py:613} INFO - Processing file /home/paolo/Documents/Github/case-study-1-october2020-data-sweepers/DataExtraction/ENV/lib/python3.8/site-packages/airflow/example_dags/example_branch_python_dop_operator_3.py for tasks to queue
[2021-08-28 23:50:04,102] {logging_mixin.py:109} INFO - [2021-08-28 23:50:04,100] {dagbag.py:496} INFO - Filling up the DagBag from /home/paolo/Documents/Github/case-study-1-october2020-data-sweepers/DataExtraction/ENV/lib/python3.8/site-packages/airflow/example_dags/example_branch_python_dop_operator_3.py
[2021-08-28 23:50:04,132] {processor.py:623} INFO - DAG(s) dict_keys(['example_branch_dop_operator_v3']) retrieved from /home/paolo/Documents/Github/case-study-1-october2020-data-sweepers/DataExtraction/ENV/lib/python3.8/site-packages/airflow/example_dags/example_branch_python_dop_operator_3.py
[2021-08-28 23:50:04,154] {logging_mixin.py:109} INFO - [2021-08-28 23:50:04,153] {dag.py:1833} INFO - Sync 1 DAGs
[2021-08-28 23:50:04,204] {logging_mixin.py:109} INFO - [2021-08-28 23:50:04,204] {dag.py:2306} INFO - Setting next_dagrun for example_branch_dop_operator_v3 to 2021-08-26 00:00:00+00:00
[2021-08-28 23:50:04,235] {processor.py:170} INFO - Processing /home/paolo/Documents/Github/case-study-1-october2020-data-sweepers/DataExtraction/ENV/lib/python3.8/site-packages/airflow/example_dags/example_branch_python_dop_operator_3.py took 0.150 seconds
[2021-08-28 23:50:37,810] {processor.py:162} INFO - Started process (PID=15250) to work on /home/paolo/Documents/Github/case-study-1-october2020-data-sweepers/DataExtraction/ENV/lib/python3.8/site-packages/airflow/example_dags/example_branch_python_dop_operator_3.py
[2021-08-28 23:50:37,816] {processor.py:613} INFO - Processing file /home/paolo/Documents/Github/case-study-1-october2020-data-sweepers/DataExtraction/ENV/lib/python3.8/site-packages/airflow/example_dags/example_branch_python_dop_operator_3.py for tasks to queue
[2021-08-28 23:50:37,818] {logging_mixin.py:109} INFO - [2021-08-28 23:50:37,817] {dagbag.py:496} INFO - Filling up the DagBag from /home/paolo/Documents/Github/case-study-1-october2020-data-sweepers/DataExtraction/ENV/lib/python3.8/site-packages/airflow/example_dags/example_branch_python_dop_operator_3.py
[2021-08-28 23:50:37,867] {processor.py:623} INFO - DAG(s) dict_keys(['example_branch_dop_operator_v3']) retrieved from /home/paolo/Documents/Github/case-study-1-october2020-data-sweepers/DataExtraction/ENV/lib/python3.8/site-packages/airflow/example_dags/example_branch_python_dop_operator_3.py
[2021-08-28 23:50:37,896] {logging_mixin.py:109} INFO - [2021-08-28 23:50:37,896] {dag.py:1833} INFO - Sync 1 DAGs
[2021-08-28 23:50:37,950] {logging_mixin.py:109} INFO - [2021-08-28 23:50:37,949] {dag.py:2306} INFO - Setting next_dagrun for example_branch_dop_operator_v3 to 2021-08-26 00:00:00+00:00
[2021-08-28 23:50:38,015] {processor.py:170} INFO - Processing /home/paolo/Documents/Github/case-study-1-october2020-data-sweepers/DataExtraction/ENV/lib/python3.8/site-packages/airflow/example_dags/example_branch_python_dop_operator_3.py took 0.211 seconds
[2021-08-28 23:51:13,308] {processor.py:162} INFO - Started process (PID=15316) to work on /home/paolo/Documents/Github/case-study-1-october2020-data-sweepers/DataExtraction/ENV/lib/python3.8/site-packages/airflow/example_dags/example_branch_python_dop_operator_3.py
[2021-08-28 23:51:13,309] {processor.py:613} INFO - Processing file /home/paolo/Documents/Github/case-study-1-october2020-data-sweepers/DataExtraction/ENV/lib/python3.8/site-packages/airflow/example_dags/example_branch_python_dop_operator_3.py for tasks to queue
[2021-08-28 23:51:13,310] {logging_mixin.py:109} INFO - [2021-08-28 23:51:13,310] {dagbag.py:496} INFO - Filling up the DagBag from /home/paolo/Documents/Github/case-study-1-october2020-data-sweepers/DataExtraction/ENV/lib/python3.8/site-packages/airflow/example_dags/example_branch_python_dop_operator_3.py
[2021-08-28 23:51:13,327] {processor.py:623} INFO - DAG(s) dict_keys(['example_branch_dop_operator_v3']) retrieved from /home/paolo/Documents/Github/case-study-1-october2020-data-sweepers/DataExtraction/ENV/lib/python3.8/site-packages/airflow/example_dags/example_branch_python_dop_operator_3.py
[2021-08-28 23:51:13,342] {logging_mixin.py:109} INFO - [2021-08-28 23:51:13,342] {dag.py:1833} INFO - Sync 1 DAGs
[2021-08-28 23:51:13,368] {logging_mixin.py:109} INFO - [2021-08-28 23:51:13,367] {dag.py:2306} INFO - Setting next_dagrun for example_branch_dop_operator_v3 to 2021-08-26 00:00:00+00:00
[2021-08-28 23:51:13,410] {processor.py:170} INFO - Processing /home/paolo/Documents/Github/case-study-1-october2020-data-sweepers/DataExtraction/ENV/lib/python3.8/site-packages/airflow/example_dags/example_branch_python_dop_operator_3.py took 0.106 seconds
[2021-08-28 23:51:47,391] {processor.py:162} INFO - Started process (PID=15415) to work on /home/paolo/Documents/Github/case-study-1-october2020-data-sweepers/DataExtraction/ENV/lib/python3.8/site-packages/airflow/example_dags/example_branch_python_dop_operator_3.py
[2021-08-28 23:51:47,392] {processor.py:613} INFO - Processing file /home/paolo/Documents/Github/case-study-1-october2020-data-sweepers/DataExtraction/ENV/lib/python3.8/site-packages/airflow/example_dags/example_branch_python_dop_operator_3.py for tasks to queue
[2021-08-28 23:51:47,393] {logging_mixin.py:109} INFO - [2021-08-28 23:51:47,393] {dagbag.py:496} INFO - Filling up the DagBag from /home/paolo/Documents/Github/case-study-1-october2020-data-sweepers/DataExtraction/ENV/lib/python3.8/site-packages/airflow/example_dags/example_branch_python_dop_operator_3.py
[2021-08-28 23:51:47,408] {processor.py:623} INFO - DAG(s) dict_keys(['example_branch_dop_operator_v3']) retrieved from /home/paolo/Documents/Github/case-study-1-october2020-data-sweepers/DataExtraction/ENV/lib/python3.8/site-packages/airflow/example_dags/example_branch_python_dop_operator_3.py
[2021-08-28 23:51:47,420] {logging_mixin.py:109} INFO - [2021-08-28 23:51:47,420] {dag.py:1833} INFO - Sync 1 DAGs
[2021-08-28 23:51:47,435] {logging_mixin.py:109} INFO - [2021-08-28 23:51:47,435] {dag.py:2306} INFO - Setting next_dagrun for example_branch_dop_operator_v3 to 2021-08-26 00:00:00+00:00
[2021-08-28 23:51:47,451] {processor.py:170} INFO - Processing /home/paolo/Documents/Github/case-study-1-october2020-data-sweepers/DataExtraction/ENV/lib/python3.8/site-packages/airflow/example_dags/example_branch_python_dop_operator_3.py took 0.063 seconds
[2021-08-28 23:52:22,139] {processor.py:162} INFO - Started process (PID=15539) to work on /home/paolo/Documents/Github/case-study-1-october2020-data-sweepers/DataExtraction/ENV/lib/python3.8/site-packages/airflow/example_dags/example_branch_python_dop_operator_3.py
[2021-08-28 23:52:22,142] {processor.py:613} INFO - Processing file /home/paolo/Documents/Github/case-study-1-october2020-data-sweepers/DataExtraction/ENV/lib/python3.8/site-packages/airflow/example_dags/example_branch_python_dop_operator_3.py for tasks to queue
[2021-08-28 23:52:22,147] {logging_mixin.py:109} INFO - [2021-08-28 23:52:22,147] {dagbag.py:496} INFO - Filling up the DagBag from /home/paolo/Documents/Github/case-study-1-october2020-data-sweepers/DataExtraction/ENV/lib/python3.8/site-packages/airflow/example_dags/example_branch_python_dop_operator_3.py
[2021-08-28 23:52:22,186] {processor.py:623} INFO - DAG(s) dict_keys(['example_branch_dop_operator_v3']) retrieved from /home/paolo/Documents/Github/case-study-1-october2020-data-sweepers/DataExtraction/ENV/lib/python3.8/site-packages/airflow/example_dags/example_branch_python_dop_operator_3.py
[2021-08-28 23:52:22,213] {logging_mixin.py:109} INFO - [2021-08-28 23:52:22,213] {dag.py:1833} INFO - Sync 1 DAGs
[2021-08-28 23:52:22,241] {logging_mixin.py:109} INFO - [2021-08-28 23:52:22,241] {dag.py:2306} INFO - Setting next_dagrun for example_branch_dop_operator_v3 to 2021-08-26 00:00:00+00:00
[2021-08-28 23:52:22,261] {processor.py:170} INFO - Processing /home/paolo/Documents/Github/case-study-1-october2020-data-sweepers/DataExtraction/ENV/lib/python3.8/site-packages/airflow/example_dags/example_branch_python_dop_operator_3.py took 0.125 seconds
[2021-08-28 23:52:57,932] {processor.py:162} INFO - Started process (PID=15612) to work on /home/paolo/Documents/Github/case-study-1-october2020-data-sweepers/DataExtraction/ENV/lib/python3.8/site-packages/airflow/example_dags/example_branch_python_dop_operator_3.py
[2021-08-28 23:52:57,933] {processor.py:613} INFO - Processing file /home/paolo/Documents/Github/case-study-1-october2020-data-sweepers/DataExtraction/ENV/lib/python3.8/site-packages/airflow/example_dags/example_branch_python_dop_operator_3.py for tasks to queue
[2021-08-28 23:52:57,933] {logging_mixin.py:109} INFO - [2021-08-28 23:52:57,933] {dagbag.py:496} INFO - Filling up the DagBag from /home/paolo/Documents/Github/case-study-1-october2020-data-sweepers/DataExtraction/ENV/lib/python3.8/site-packages/airflow/example_dags/example_branch_python_dop_operator_3.py
[2021-08-28 23:52:57,944] {processor.py:623} INFO - DAG(s) dict_keys(['example_branch_dop_operator_v3']) retrieved from /home/paolo/Documents/Github/case-study-1-october2020-data-sweepers/DataExtraction/ENV/lib/python3.8/site-packages/airflow/example_dags/example_branch_python_dop_operator_3.py
[2021-08-28 23:52:57,954] {logging_mixin.py:109} INFO - [2021-08-28 23:52:57,954] {dag.py:1833} INFO - Sync 1 DAGs
[2021-08-28 23:52:57,969] {logging_mixin.py:109} INFO - [2021-08-28 23:52:57,969] {dag.py:2306} INFO - Setting next_dagrun for example_branch_dop_operator_v3 to 2021-08-26 00:00:00+00:00
[2021-08-28 23:52:57,984] {processor.py:170} INFO - Processing /home/paolo/Documents/Github/case-study-1-october2020-data-sweepers/DataExtraction/ENV/lib/python3.8/site-packages/airflow/example_dags/example_branch_python_dop_operator_3.py took 0.054 seconds
[2021-08-28 23:53:29,767] {processor.py:162} INFO - Started process (PID=15688) to work on /home/paolo/Documents/Github/case-study-1-october2020-data-sweepers/DataExtraction/ENV/lib/python3.8/site-packages/airflow/example_dags/example_branch_python_dop_operator_3.py
[2021-08-28 23:53:29,768] {processor.py:613} INFO - Processing file /home/paolo/Documents/Github/case-study-1-october2020-data-sweepers/DataExtraction/ENV/lib/python3.8/site-packages/airflow/example_dags/example_branch_python_dop_operator_3.py for tasks to queue
[2021-08-28 23:53:29,770] {logging_mixin.py:109} INFO - [2021-08-28 23:53:29,769] {dagbag.py:496} INFO - Filling up the DagBag from /home/paolo/Documents/Github/case-study-1-october2020-data-sweepers/DataExtraction/ENV/lib/python3.8/site-packages/airflow/example_dags/example_branch_python_dop_operator_3.py
[2021-08-28 23:53:29,786] {processor.py:623} INFO - DAG(s) dict_keys(['example_branch_dop_operator_v3']) retrieved from /home/paolo/Documents/Github/case-study-1-october2020-data-sweepers/DataExtraction/ENV/lib/python3.8/site-packages/airflow/example_dags/example_branch_python_dop_operator_3.py
[2021-08-28 23:53:29,800] {logging_mixin.py:109} INFO - [2021-08-28 23:53:29,800] {dag.py:1833} INFO - Sync 1 DAGs
[2021-08-28 23:53:29,820] {logging_mixin.py:109} INFO - [2021-08-28 23:53:29,820] {dag.py:2306} INFO - Setting next_dagrun for example_branch_dop_operator_v3 to 2021-08-26 00:00:00+00:00
[2021-08-28 23:53:29,842] {processor.py:170} INFO - Processing /home/paolo/Documents/Github/case-study-1-october2020-data-sweepers/DataExtraction/ENV/lib/python3.8/site-packages/airflow/example_dags/example_branch_python_dop_operator_3.py took 0.079 seconds
[2021-08-28 23:56:16,471] {processor.py:162} INFO - Started process (PID=16410) to work on /home/paolo/Documents/Github/case-study-1-october2020-data-sweepers/DataExtraction/ENV/lib/python3.8/site-packages/airflow/example_dags/example_branch_python_dop_operator_3.py
[2021-08-28 23:56:16,472] {processor.py:613} INFO - Processing file /home/paolo/Documents/Github/case-study-1-october2020-data-sweepers/DataExtraction/ENV/lib/python3.8/site-packages/airflow/example_dags/example_branch_python_dop_operator_3.py for tasks to queue
[2021-08-28 23:56:16,473] {logging_mixin.py:109} INFO - [2021-08-28 23:56:16,473] {dagbag.py:496} INFO - Filling up the DagBag from /home/paolo/Documents/Github/case-study-1-october2020-data-sweepers/DataExtraction/ENV/lib/python3.8/site-packages/airflow/example_dags/example_branch_python_dop_operator_3.py
[2021-08-28 23:56:16,496] {processor.py:623} INFO - DAG(s) dict_keys(['example_branch_dop_operator_v3']) retrieved from /home/paolo/Documents/Github/case-study-1-october2020-data-sweepers/DataExtraction/ENV/lib/python3.8/site-packages/airflow/example_dags/example_branch_python_dop_operator_3.py
[2021-08-28 23:56:16,522] {logging_mixin.py:109} INFO - [2021-08-28 23:56:16,521] {dag.py:1833} INFO - Sync 1 DAGs
[2021-08-28 23:56:16,558] {logging_mixin.py:109} INFO - [2021-08-28 23:56:16,558] {dag.py:2306} INFO - Setting next_dagrun for example_branch_dop_operator_v3 to 2021-08-26 00:00:00+00:00
[2021-08-28 23:56:16,588] {processor.py:170} INFO - Processing /home/paolo/Documents/Github/case-study-1-october2020-data-sweepers/DataExtraction/ENV/lib/python3.8/site-packages/airflow/example_dags/example_branch_python_dop_operator_3.py took 0.121 seconds
[2021-08-28 23:56:57,819] {processor.py:162} INFO - Started process (PID=16717) to work on /home/paolo/Documents/Github/case-study-1-october2020-data-sweepers/DataExtraction/ENV/lib/python3.8/site-packages/airflow/example_dags/example_branch_python_dop_operator_3.py
[2021-08-28 23:56:57,820] {processor.py:613} INFO - Processing file /home/paolo/Documents/Github/case-study-1-october2020-data-sweepers/DataExtraction/ENV/lib/python3.8/site-packages/airflow/example_dags/example_branch_python_dop_operator_3.py for tasks to queue
[2021-08-28 23:56:57,820] {logging_mixin.py:109} INFO - [2021-08-28 23:56:57,820] {dagbag.py:496} INFO - Filling up the DagBag from /home/paolo/Documents/Github/case-study-1-october2020-data-sweepers/DataExtraction/ENV/lib/python3.8/site-packages/airflow/example_dags/example_branch_python_dop_operator_3.py
[2021-08-28 23:56:57,832] {processor.py:623} INFO - DAG(s) dict_keys(['example_branch_dop_operator_v3']) retrieved from /home/paolo/Documents/Github/case-study-1-october2020-data-sweepers/DataExtraction/ENV/lib/python3.8/site-packages/airflow/example_dags/example_branch_python_dop_operator_3.py
[2021-08-28 23:56:57,844] {logging_mixin.py:109} INFO - [2021-08-28 23:56:57,844] {dag.py:1833} INFO - Sync 1 DAGs
[2021-08-28 23:56:57,861] {logging_mixin.py:109} INFO - [2021-08-28 23:56:57,861] {dag.py:2306} INFO - Setting next_dagrun for example_branch_dop_operator_v3 to 2021-08-26 00:00:00+00:00
[2021-08-28 23:56:57,881] {processor.py:170} INFO - Processing /home/paolo/Documents/Github/case-study-1-october2020-data-sweepers/DataExtraction/ENV/lib/python3.8/site-packages/airflow/example_dags/example_branch_python_dop_operator_3.py took 0.064 seconds
[2021-08-28 23:57:34,398] {processor.py:162} INFO - Started process (PID=17010) to work on /home/paolo/Documents/Github/case-study-1-october2020-data-sweepers/DataExtraction/ENV/lib/python3.8/site-packages/airflow/example_dags/example_branch_python_dop_operator_3.py
[2021-08-28 23:57:34,400] {processor.py:613} INFO - Processing file /home/paolo/Documents/Github/case-study-1-october2020-data-sweepers/DataExtraction/ENV/lib/python3.8/site-packages/airflow/example_dags/example_branch_python_dop_operator_3.py for tasks to queue
[2021-08-28 23:57:34,401] {logging_mixin.py:109} INFO - [2021-08-28 23:57:34,400] {dagbag.py:496} INFO - Filling up the DagBag from /home/paolo/Documents/Github/case-study-1-october2020-data-sweepers/DataExtraction/ENV/lib/python3.8/site-packages/airflow/example_dags/example_branch_python_dop_operator_3.py
[2021-08-28 23:57:34,416] {processor.py:623} INFO - DAG(s) dict_keys(['example_branch_dop_operator_v3']) retrieved from /home/paolo/Documents/Github/case-study-1-october2020-data-sweepers/DataExtraction/ENV/lib/python3.8/site-packages/airflow/example_dags/example_branch_python_dop_operator_3.py
[2021-08-28 23:57:34,433] {logging_mixin.py:109} INFO - [2021-08-28 23:57:34,433] {dag.py:1833} INFO - Sync 1 DAGs
[2021-08-28 23:57:34,450] {logging_mixin.py:109} INFO - [2021-08-28 23:57:34,450] {dag.py:2306} INFO - Setting next_dagrun for example_branch_dop_operator_v3 to 2021-08-26 00:00:00+00:00
[2021-08-28 23:57:34,469] {processor.py:170} INFO - Processing /home/paolo/Documents/Github/case-study-1-october2020-data-sweepers/DataExtraction/ENV/lib/python3.8/site-packages/airflow/example_dags/example_branch_python_dop_operator_3.py took 0.073 seconds
[2021-08-28 23:58:17,724] {processor.py:162} INFO - Started process (PID=17389) to work on /home/paolo/Documents/Github/case-study-1-october2020-data-sweepers/DataExtraction/ENV/lib/python3.8/site-packages/airflow/example_dags/example_branch_python_dop_operator_3.py
[2021-08-28 23:58:17,725] {processor.py:613} INFO - Processing file /home/paolo/Documents/Github/case-study-1-october2020-data-sweepers/DataExtraction/ENV/lib/python3.8/site-packages/airflow/example_dags/example_branch_python_dop_operator_3.py for tasks to queue
[2021-08-28 23:58:17,726] {logging_mixin.py:109} INFO - [2021-08-28 23:58:17,726] {dagbag.py:496} INFO - Filling up the DagBag from /home/paolo/Documents/Github/case-study-1-october2020-data-sweepers/DataExtraction/ENV/lib/python3.8/site-packages/airflow/example_dags/example_branch_python_dop_operator_3.py
[2021-08-28 23:58:17,742] {processor.py:623} INFO - DAG(s) dict_keys(['example_branch_dop_operator_v3']) retrieved from /home/paolo/Documents/Github/case-study-1-october2020-data-sweepers/DataExtraction/ENV/lib/python3.8/site-packages/airflow/example_dags/example_branch_python_dop_operator_3.py
[2021-08-28 23:58:17,753] {logging_mixin.py:109} INFO - [2021-08-28 23:58:17,753] {dag.py:1833} INFO - Sync 1 DAGs
[2021-08-28 23:58:17,781] {logging_mixin.py:109} INFO - [2021-08-28 23:58:17,780] {dag.py:2306} INFO - Setting next_dagrun for example_branch_dop_operator_v3 to 2021-08-26 00:00:00+00:00
[2021-08-28 23:58:17,801] {processor.py:170} INFO - Processing /home/paolo/Documents/Github/case-study-1-october2020-data-sweepers/DataExtraction/ENV/lib/python3.8/site-packages/airflow/example_dags/example_branch_python_dop_operator_3.py took 0.080 seconds
