[2021-08-28 23:37:17,566] {processor.py:162} INFO - Started process (PID=13054) to work on /home/paolo/Documents/Github/case-study-1-october2020-data-sweepers/DataExtraction/ENV/lib/python3.8/site-packages/airflow/example_dags/tutorial_etl_dag.py
[2021-08-28 23:37:17,569] {processor.py:613} INFO - Processing file /home/paolo/Documents/Github/case-study-1-october2020-data-sweepers/DataExtraction/ENV/lib/python3.8/site-packages/airflow/example_dags/tutorial_etl_dag.py for tasks to queue
[2021-08-28 23:37:17,572] {logging_mixin.py:109} INFO - [2021-08-28 23:37:17,571] {dagbag.py:496} INFO - Filling up the DagBag from /home/paolo/Documents/Github/case-study-1-october2020-data-sweepers/DataExtraction/ENV/lib/python3.8/site-packages/airflow/example_dags/tutorial_etl_dag.py
[2021-08-28 23:37:17,611] {processor.py:623} INFO - DAG(s) dict_keys(['tutorial_etl_dag']) retrieved from /home/paolo/Documents/Github/case-study-1-october2020-data-sweepers/DataExtraction/ENV/lib/python3.8/site-packages/airflow/example_dags/tutorial_etl_dag.py
[2021-08-28 23:37:17,640] {logging_mixin.py:109} INFO - [2021-08-28 23:37:17,640] {dag.py:1833} INFO - Sync 1 DAGs
[2021-08-28 23:37:17,656] {logging_mixin.py:109} INFO - [2021-08-28 23:37:17,655] {dag.py:2306} INFO - Setting next_dagrun for tutorial_etl_dag to None
[2021-08-28 23:37:17,677] {processor.py:170} INFO - Processing /home/paolo/Documents/Github/case-study-1-october2020-data-sweepers/DataExtraction/ENV/lib/python3.8/site-packages/airflow/example_dags/tutorial_etl_dag.py took 0.120 seconds
[2021-08-28 23:37:54,775] {processor.py:162} INFO - Started process (PID=13216) to work on /home/paolo/Documents/Github/case-study-1-october2020-data-sweepers/DataExtraction/ENV/lib/python3.8/site-packages/airflow/example_dags/tutorial_etl_dag.py
[2021-08-28 23:37:54,777] {processor.py:613} INFO - Processing file /home/paolo/Documents/Github/case-study-1-october2020-data-sweepers/DataExtraction/ENV/lib/python3.8/site-packages/airflow/example_dags/tutorial_etl_dag.py for tasks to queue
[2021-08-28 23:37:54,778] {logging_mixin.py:109} INFO - [2021-08-28 23:37:54,778] {dagbag.py:496} INFO - Filling up the DagBag from /home/paolo/Documents/Github/case-study-1-october2020-data-sweepers/DataExtraction/ENV/lib/python3.8/site-packages/airflow/example_dags/tutorial_etl_dag.py
[2021-08-28 23:37:54,797] {processor.py:623} INFO - DAG(s) dict_keys(['tutorial_etl_dag']) retrieved from /home/paolo/Documents/Github/case-study-1-october2020-data-sweepers/DataExtraction/ENV/lib/python3.8/site-packages/airflow/example_dags/tutorial_etl_dag.py
[2021-08-28 23:37:54,825] {logging_mixin.py:109} INFO - [2021-08-28 23:37:54,825] {dag.py:1833} INFO - Sync 1 DAGs
[2021-08-28 23:37:54,848] {logging_mixin.py:109} INFO - [2021-08-28 23:37:54,848] {dag.py:2306} INFO - Setting next_dagrun for tutorial_etl_dag to None
[2021-08-28 23:37:54,868] {processor.py:170} INFO - Processing /home/paolo/Documents/Github/case-study-1-october2020-data-sweepers/DataExtraction/ENV/lib/python3.8/site-packages/airflow/example_dags/tutorial_etl_dag.py took 0.095 seconds
[2021-08-28 23:38:35,622] {processor.py:162} INFO - Started process (PID=13309) to work on /home/paolo/Documents/Github/case-study-1-october2020-data-sweepers/DataExtraction/ENV/lib/python3.8/site-packages/airflow/example_dags/tutorial_etl_dag.py
[2021-08-28 23:38:35,637] {processor.py:613} INFO - Processing file /home/paolo/Documents/Github/case-study-1-october2020-data-sweepers/DataExtraction/ENV/lib/python3.8/site-packages/airflow/example_dags/tutorial_etl_dag.py for tasks to queue
[2021-08-28 23:38:35,641] {logging_mixin.py:109} INFO - [2021-08-28 23:38:35,641] {dagbag.py:496} INFO - Filling up the DagBag from /home/paolo/Documents/Github/case-study-1-october2020-data-sweepers/DataExtraction/ENV/lib/python3.8/site-packages/airflow/example_dags/tutorial_etl_dag.py
[2021-08-28 23:38:35,675] {processor.py:623} INFO - DAG(s) dict_keys(['tutorial_etl_dag']) retrieved from /home/paolo/Documents/Github/case-study-1-october2020-data-sweepers/DataExtraction/ENV/lib/python3.8/site-packages/airflow/example_dags/tutorial_etl_dag.py
[2021-08-28 23:38:35,710] {logging_mixin.py:109} INFO - [2021-08-28 23:38:35,710] {dag.py:1833} INFO - Sync 1 DAGs
[2021-08-28 23:38:35,746] {logging_mixin.py:109} INFO - [2021-08-28 23:38:35,746] {dag.py:2306} INFO - Setting next_dagrun for tutorial_etl_dag to None
[2021-08-28 23:38:35,782] {processor.py:170} INFO - Processing /home/paolo/Documents/Github/case-study-1-october2020-data-sweepers/DataExtraction/ENV/lib/python3.8/site-packages/airflow/example_dags/tutorial_etl_dag.py took 0.167 seconds
[2021-08-28 23:39:08,247] {processor.py:162} INFO - Started process (PID=13400) to work on /home/paolo/Documents/Github/case-study-1-october2020-data-sweepers/DataExtraction/ENV/lib/python3.8/site-packages/airflow/example_dags/tutorial_etl_dag.py
[2021-08-28 23:39:08,250] {processor.py:613} INFO - Processing file /home/paolo/Documents/Github/case-study-1-october2020-data-sweepers/DataExtraction/ENV/lib/python3.8/site-packages/airflow/example_dags/tutorial_etl_dag.py for tasks to queue
[2021-08-28 23:39:08,250] {logging_mixin.py:109} INFO - [2021-08-28 23:39:08,250] {dagbag.py:496} INFO - Filling up the DagBag from /home/paolo/Documents/Github/case-study-1-october2020-data-sweepers/DataExtraction/ENV/lib/python3.8/site-packages/airflow/example_dags/tutorial_etl_dag.py
[2021-08-28 23:39:08,275] {processor.py:623} INFO - DAG(s) dict_keys(['tutorial_etl_dag']) retrieved from /home/paolo/Documents/Github/case-study-1-october2020-data-sweepers/DataExtraction/ENV/lib/python3.8/site-packages/airflow/example_dags/tutorial_etl_dag.py
[2021-08-28 23:39:08,300] {logging_mixin.py:109} INFO - [2021-08-28 23:39:08,300] {dag.py:1833} INFO - Sync 1 DAGs
[2021-08-28 23:39:08,326] {logging_mixin.py:109} INFO - [2021-08-28 23:39:08,325] {dag.py:2306} INFO - Setting next_dagrun for tutorial_etl_dag to None
[2021-08-28 23:39:08,363] {processor.py:170} INFO - Processing /home/paolo/Documents/Github/case-study-1-october2020-data-sweepers/DataExtraction/ENV/lib/python3.8/site-packages/airflow/example_dags/tutorial_etl_dag.py took 0.124 seconds
[2021-08-28 23:39:44,614] {processor.py:162} INFO - Started process (PID=13586) to work on /home/paolo/Documents/Github/case-study-1-october2020-data-sweepers/DataExtraction/ENV/lib/python3.8/site-packages/airflow/example_dags/tutorial_etl_dag.py
[2021-08-28 23:39:44,617] {processor.py:613} INFO - Processing file /home/paolo/Documents/Github/case-study-1-october2020-data-sweepers/DataExtraction/ENV/lib/python3.8/site-packages/airflow/example_dags/tutorial_etl_dag.py for tasks to queue
[2021-08-28 23:39:44,618] {logging_mixin.py:109} INFO - [2021-08-28 23:39:44,618] {dagbag.py:496} INFO - Filling up the DagBag from /home/paolo/Documents/Github/case-study-1-october2020-data-sweepers/DataExtraction/ENV/lib/python3.8/site-packages/airflow/example_dags/tutorial_etl_dag.py
[2021-08-28 23:39:44,643] {processor.py:623} INFO - DAG(s) dict_keys(['tutorial_etl_dag']) retrieved from /home/paolo/Documents/Github/case-study-1-october2020-data-sweepers/DataExtraction/ENV/lib/python3.8/site-packages/airflow/example_dags/tutorial_etl_dag.py
[2021-08-28 23:39:44,663] {logging_mixin.py:109} INFO - [2021-08-28 23:39:44,663] {dag.py:1833} INFO - Sync 1 DAGs
[2021-08-28 23:39:44,681] {logging_mixin.py:109} INFO - [2021-08-28 23:39:44,681] {dag.py:2306} INFO - Setting next_dagrun for tutorial_etl_dag to None
[2021-08-28 23:39:44,703] {processor.py:170} INFO - Processing /home/paolo/Documents/Github/case-study-1-october2020-data-sweepers/DataExtraction/ENV/lib/python3.8/site-packages/airflow/example_dags/tutorial_etl_dag.py took 0.096 seconds
[2021-08-28 23:40:20,737] {processor.py:162} INFO - Started process (PID=13789) to work on /home/paolo/Documents/Github/case-study-1-october2020-data-sweepers/DataExtraction/ENV/lib/python3.8/site-packages/airflow/example_dags/tutorial_etl_dag.py
[2021-08-28 23:40:20,740] {processor.py:613} INFO - Processing file /home/paolo/Documents/Github/case-study-1-october2020-data-sweepers/DataExtraction/ENV/lib/python3.8/site-packages/airflow/example_dags/tutorial_etl_dag.py for tasks to queue
[2021-08-28 23:40:20,741] {logging_mixin.py:109} INFO - [2021-08-28 23:40:20,741] {dagbag.py:496} INFO - Filling up the DagBag from /home/paolo/Documents/Github/case-study-1-october2020-data-sweepers/DataExtraction/ENV/lib/python3.8/site-packages/airflow/example_dags/tutorial_etl_dag.py
[2021-08-28 23:40:20,754] {processor.py:623} INFO - DAG(s) dict_keys(['tutorial_etl_dag']) retrieved from /home/paolo/Documents/Github/case-study-1-october2020-data-sweepers/DataExtraction/ENV/lib/python3.8/site-packages/airflow/example_dags/tutorial_etl_dag.py
[2021-08-28 23:40:20,773] {logging_mixin.py:109} INFO - [2021-08-28 23:40:20,773] {dag.py:1833} INFO - Sync 1 DAGs
[2021-08-28 23:40:20,795] {logging_mixin.py:109} INFO - [2021-08-28 23:40:20,795] {dag.py:2306} INFO - Setting next_dagrun for tutorial_etl_dag to None
[2021-08-28 23:40:20,813] {processor.py:170} INFO - Processing /home/paolo/Documents/Github/case-study-1-october2020-data-sweepers/DataExtraction/ENV/lib/python3.8/site-packages/airflow/example_dags/tutorial_etl_dag.py took 0.079 seconds
[2021-08-28 23:40:57,126] {processor.py:162} INFO - Started process (PID=13976) to work on /home/paolo/Documents/Github/case-study-1-october2020-data-sweepers/DataExtraction/ENV/lib/python3.8/site-packages/airflow/example_dags/tutorial_etl_dag.py
[2021-08-28 23:40:57,127] {processor.py:613} INFO - Processing file /home/paolo/Documents/Github/case-study-1-october2020-data-sweepers/DataExtraction/ENV/lib/python3.8/site-packages/airflow/example_dags/tutorial_etl_dag.py for tasks to queue
[2021-08-28 23:40:57,131] {logging_mixin.py:109} INFO - [2021-08-28 23:40:57,131] {dagbag.py:496} INFO - Filling up the DagBag from /home/paolo/Documents/Github/case-study-1-october2020-data-sweepers/DataExtraction/ENV/lib/python3.8/site-packages/airflow/example_dags/tutorial_etl_dag.py
[2021-08-28 23:40:57,151] {processor.py:623} INFO - DAG(s) dict_keys(['tutorial_etl_dag']) retrieved from /home/paolo/Documents/Github/case-study-1-october2020-data-sweepers/DataExtraction/ENV/lib/python3.8/site-packages/airflow/example_dags/tutorial_etl_dag.py
[2021-08-28 23:40:57,177] {logging_mixin.py:109} INFO - [2021-08-28 23:40:57,177] {dag.py:1833} INFO - Sync 1 DAGs
[2021-08-28 23:40:57,208] {logging_mixin.py:109} INFO - [2021-08-28 23:40:57,208] {dag.py:2306} INFO - Setting next_dagrun for tutorial_etl_dag to None
[2021-08-28 23:40:57,239] {processor.py:170} INFO - Processing /home/paolo/Documents/Github/case-study-1-october2020-data-sweepers/DataExtraction/ENV/lib/python3.8/site-packages/airflow/example_dags/tutorial_etl_dag.py took 0.119 seconds
[2021-08-28 23:41:35,063] {processor.py:162} INFO - Started process (PID=14098) to work on /home/paolo/Documents/Github/case-study-1-october2020-data-sweepers/DataExtraction/ENV/lib/python3.8/site-packages/airflow/example_dags/tutorial_etl_dag.py
[2021-08-28 23:41:35,067] {processor.py:613} INFO - Processing file /home/paolo/Documents/Github/case-study-1-october2020-data-sweepers/DataExtraction/ENV/lib/python3.8/site-packages/airflow/example_dags/tutorial_etl_dag.py for tasks to queue
[2021-08-28 23:41:35,069] {logging_mixin.py:109} INFO - [2021-08-28 23:41:35,069] {dagbag.py:496} INFO - Filling up the DagBag from /home/paolo/Documents/Github/case-study-1-october2020-data-sweepers/DataExtraction/ENV/lib/python3.8/site-packages/airflow/example_dags/tutorial_etl_dag.py
[2021-08-28 23:41:35,103] {processor.py:623} INFO - DAG(s) dict_keys(['tutorial_etl_dag']) retrieved from /home/paolo/Documents/Github/case-study-1-october2020-data-sweepers/DataExtraction/ENV/lib/python3.8/site-packages/airflow/example_dags/tutorial_etl_dag.py
[2021-08-28 23:41:35,126] {logging_mixin.py:109} INFO - [2021-08-28 23:41:35,126] {dag.py:1833} INFO - Sync 1 DAGs
[2021-08-28 23:41:35,142] {logging_mixin.py:109} INFO - [2021-08-28 23:41:35,142] {dag.py:2306} INFO - Setting next_dagrun for tutorial_etl_dag to None
[2021-08-28 23:41:35,163] {processor.py:170} INFO - Processing /home/paolo/Documents/Github/case-study-1-october2020-data-sweepers/DataExtraction/ENV/lib/python3.8/site-packages/airflow/example_dags/tutorial_etl_dag.py took 0.113 seconds
[2021-08-28 23:42:07,741] {processor.py:162} INFO - Started process (PID=14164) to work on /home/paolo/Documents/Github/case-study-1-october2020-data-sweepers/DataExtraction/ENV/lib/python3.8/site-packages/airflow/example_dags/tutorial_etl_dag.py
[2021-08-28 23:42:07,743] {processor.py:613} INFO - Processing file /home/paolo/Documents/Github/case-study-1-october2020-data-sweepers/DataExtraction/ENV/lib/python3.8/site-packages/airflow/example_dags/tutorial_etl_dag.py for tasks to queue
[2021-08-28 23:42:07,743] {logging_mixin.py:109} INFO - [2021-08-28 23:42:07,743] {dagbag.py:496} INFO - Filling up the DagBag from /home/paolo/Documents/Github/case-study-1-october2020-data-sweepers/DataExtraction/ENV/lib/python3.8/site-packages/airflow/example_dags/tutorial_etl_dag.py
[2021-08-28 23:42:07,752] {processor.py:623} INFO - DAG(s) dict_keys(['tutorial_etl_dag']) retrieved from /home/paolo/Documents/Github/case-study-1-october2020-data-sweepers/DataExtraction/ENV/lib/python3.8/site-packages/airflow/example_dags/tutorial_etl_dag.py
[2021-08-28 23:42:07,762] {logging_mixin.py:109} INFO - [2021-08-28 23:42:07,762] {dag.py:1833} INFO - Sync 1 DAGs
[2021-08-28 23:42:07,771] {logging_mixin.py:109} INFO - [2021-08-28 23:42:07,771] {dag.py:2306} INFO - Setting next_dagrun for tutorial_etl_dag to None
[2021-08-28 23:42:07,788] {processor.py:170} INFO - Processing /home/paolo/Documents/Github/case-study-1-october2020-data-sweepers/DataExtraction/ENV/lib/python3.8/site-packages/airflow/example_dags/tutorial_etl_dag.py took 0.049 seconds
[2021-08-28 23:42:39,219] {processor.py:162} INFO - Started process (PID=14267) to work on /home/paolo/Documents/Github/case-study-1-october2020-data-sweepers/DataExtraction/ENV/lib/python3.8/site-packages/airflow/example_dags/tutorial_etl_dag.py
[2021-08-28 23:42:39,220] {processor.py:613} INFO - Processing file /home/paolo/Documents/Github/case-study-1-october2020-data-sweepers/DataExtraction/ENV/lib/python3.8/site-packages/airflow/example_dags/tutorial_etl_dag.py for tasks to queue
[2021-08-28 23:42:39,221] {logging_mixin.py:109} INFO - [2021-08-28 23:42:39,220] {dagbag.py:496} INFO - Filling up the DagBag from /home/paolo/Documents/Github/case-study-1-october2020-data-sweepers/DataExtraction/ENV/lib/python3.8/site-packages/airflow/example_dags/tutorial_etl_dag.py
[2021-08-28 23:42:39,237] {processor.py:623} INFO - DAG(s) dict_keys(['tutorial_etl_dag']) retrieved from /home/paolo/Documents/Github/case-study-1-october2020-data-sweepers/DataExtraction/ENV/lib/python3.8/site-packages/airflow/example_dags/tutorial_etl_dag.py
[2021-08-28 23:42:39,253] {logging_mixin.py:109} INFO - [2021-08-28 23:42:39,252] {dag.py:1833} INFO - Sync 1 DAGs
[2021-08-28 23:42:39,265] {logging_mixin.py:109} INFO - [2021-08-28 23:42:39,265] {dag.py:2306} INFO - Setting next_dagrun for tutorial_etl_dag to None
[2021-08-28 23:42:39,283] {processor.py:170} INFO - Processing /home/paolo/Documents/Github/case-study-1-october2020-data-sweepers/DataExtraction/ENV/lib/python3.8/site-packages/airflow/example_dags/tutorial_etl_dag.py took 0.067 seconds
[2021-08-28 23:43:12,766] {processor.py:162} INFO - Started process (PID=14345) to work on /home/paolo/Documents/Github/case-study-1-october2020-data-sweepers/DataExtraction/ENV/lib/python3.8/site-packages/airflow/example_dags/tutorial_etl_dag.py
[2021-08-28 23:43:12,768] {processor.py:613} INFO - Processing file /home/paolo/Documents/Github/case-study-1-october2020-data-sweepers/DataExtraction/ENV/lib/python3.8/site-packages/airflow/example_dags/tutorial_etl_dag.py for tasks to queue
[2021-08-28 23:43:12,768] {logging_mixin.py:109} INFO - [2021-08-28 23:43:12,768] {dagbag.py:496} INFO - Filling up the DagBag from /home/paolo/Documents/Github/case-study-1-october2020-data-sweepers/DataExtraction/ENV/lib/python3.8/site-packages/airflow/example_dags/tutorial_etl_dag.py
[2021-08-28 23:43:12,780] {processor.py:623} INFO - DAG(s) dict_keys(['tutorial_etl_dag']) retrieved from /home/paolo/Documents/Github/case-study-1-october2020-data-sweepers/DataExtraction/ENV/lib/python3.8/site-packages/airflow/example_dags/tutorial_etl_dag.py
[2021-08-28 23:43:12,792] {logging_mixin.py:109} INFO - [2021-08-28 23:43:12,792] {dag.py:1833} INFO - Sync 1 DAGs
[2021-08-28 23:43:12,805] {logging_mixin.py:109} INFO - [2021-08-28 23:43:12,805] {dag.py:2306} INFO - Setting next_dagrun for tutorial_etl_dag to None
[2021-08-28 23:43:12,822] {processor.py:170} INFO - Processing /home/paolo/Documents/Github/case-study-1-october2020-data-sweepers/DataExtraction/ENV/lib/python3.8/site-packages/airflow/example_dags/tutorial_etl_dag.py took 0.058 seconds
[2021-08-28 23:43:44,022] {processor.py:162} INFO - Started process (PID=14415) to work on /home/paolo/Documents/Github/case-study-1-october2020-data-sweepers/DataExtraction/ENV/lib/python3.8/site-packages/airflow/example_dags/tutorial_etl_dag.py
[2021-08-28 23:43:44,025] {processor.py:613} INFO - Processing file /home/paolo/Documents/Github/case-study-1-october2020-data-sweepers/DataExtraction/ENV/lib/python3.8/site-packages/airflow/example_dags/tutorial_etl_dag.py for tasks to queue
[2021-08-28 23:43:44,029] {logging_mixin.py:109} INFO - [2021-08-28 23:43:44,029] {dagbag.py:496} INFO - Filling up the DagBag from /home/paolo/Documents/Github/case-study-1-october2020-data-sweepers/DataExtraction/ENV/lib/python3.8/site-packages/airflow/example_dags/tutorial_etl_dag.py
[2021-08-28 23:43:44,046] {processor.py:623} INFO - DAG(s) dict_keys(['tutorial_etl_dag']) retrieved from /home/paolo/Documents/Github/case-study-1-october2020-data-sweepers/DataExtraction/ENV/lib/python3.8/site-packages/airflow/example_dags/tutorial_etl_dag.py
[2021-08-28 23:43:44,058] {logging_mixin.py:109} INFO - [2021-08-28 23:43:44,058] {dag.py:1833} INFO - Sync 1 DAGs
[2021-08-28 23:43:44,069] {logging_mixin.py:109} INFO - [2021-08-28 23:43:44,069] {dag.py:2306} INFO - Setting next_dagrun for tutorial_etl_dag to None
[2021-08-28 23:43:44,085] {processor.py:170} INFO - Processing /home/paolo/Documents/Github/case-study-1-october2020-data-sweepers/DataExtraction/ENV/lib/python3.8/site-packages/airflow/example_dags/tutorial_etl_dag.py took 0.070 seconds
[2021-08-28 23:44:14,436] {processor.py:162} INFO - Started process (PID=14472) to work on /home/paolo/Documents/Github/case-study-1-october2020-data-sweepers/DataExtraction/ENV/lib/python3.8/site-packages/airflow/example_dags/tutorial_etl_dag.py
[2021-08-28 23:44:14,440] {processor.py:613} INFO - Processing file /home/paolo/Documents/Github/case-study-1-october2020-data-sweepers/DataExtraction/ENV/lib/python3.8/site-packages/airflow/example_dags/tutorial_etl_dag.py for tasks to queue
[2021-08-28 23:44:14,441] {logging_mixin.py:109} INFO - [2021-08-28 23:44:14,441] {dagbag.py:496} INFO - Filling up the DagBag from /home/paolo/Documents/Github/case-study-1-october2020-data-sweepers/DataExtraction/ENV/lib/python3.8/site-packages/airflow/example_dags/tutorial_etl_dag.py
[2021-08-28 23:44:14,486] {processor.py:623} INFO - DAG(s) dict_keys(['tutorial_etl_dag']) retrieved from /home/paolo/Documents/Github/case-study-1-october2020-data-sweepers/DataExtraction/ENV/lib/python3.8/site-packages/airflow/example_dags/tutorial_etl_dag.py
[2021-08-28 23:44:14,519] {logging_mixin.py:109} INFO - [2021-08-28 23:44:14,519] {dag.py:1833} INFO - Sync 1 DAGs
[2021-08-28 23:44:14,574] {logging_mixin.py:109} INFO - [2021-08-28 23:44:14,574] {dag.py:2306} INFO - Setting next_dagrun for tutorial_etl_dag to None
[2021-08-28 23:44:14,623] {processor.py:170} INFO - Processing /home/paolo/Documents/Github/case-study-1-october2020-data-sweepers/DataExtraction/ENV/lib/python3.8/site-packages/airflow/example_dags/tutorial_etl_dag.py took 0.191 seconds
[2021-08-28 23:44:54,380] {processor.py:162} INFO - Started process (PID=14560) to work on /home/paolo/Documents/Github/case-study-1-october2020-data-sweepers/DataExtraction/ENV/lib/python3.8/site-packages/airflow/example_dags/tutorial_etl_dag.py
[2021-08-28 23:44:54,385] {processor.py:613} INFO - Processing file /home/paolo/Documents/Github/case-study-1-october2020-data-sweepers/DataExtraction/ENV/lib/python3.8/site-packages/airflow/example_dags/tutorial_etl_dag.py for tasks to queue
[2021-08-28 23:44:54,387] {logging_mixin.py:109} INFO - [2021-08-28 23:44:54,387] {dagbag.py:496} INFO - Filling up the DagBag from /home/paolo/Documents/Github/case-study-1-october2020-data-sweepers/DataExtraction/ENV/lib/python3.8/site-packages/airflow/example_dags/tutorial_etl_dag.py
[2021-08-28 23:44:54,450] {processor.py:623} INFO - DAG(s) dict_keys(['tutorial_etl_dag']) retrieved from /home/paolo/Documents/Github/case-study-1-october2020-data-sweepers/DataExtraction/ENV/lib/python3.8/site-packages/airflow/example_dags/tutorial_etl_dag.py
[2021-08-28 23:44:54,484] {logging_mixin.py:109} INFO - [2021-08-28 23:44:54,484] {dag.py:1833} INFO - Sync 1 DAGs
[2021-08-28 23:44:54,513] {logging_mixin.py:109} INFO - [2021-08-28 23:44:54,513] {dag.py:2306} INFO - Setting next_dagrun for tutorial_etl_dag to None
[2021-08-28 23:44:54,553] {processor.py:170} INFO - Processing /home/paolo/Documents/Github/case-study-1-october2020-data-sweepers/DataExtraction/ENV/lib/python3.8/site-packages/airflow/example_dags/tutorial_etl_dag.py took 0.178 seconds
[2021-08-28 23:45:35,114] {processor.py:162} INFO - Started process (PID=14628) to work on /home/paolo/Documents/Github/case-study-1-october2020-data-sweepers/DataExtraction/ENV/lib/python3.8/site-packages/airflow/example_dags/tutorial_etl_dag.py
[2021-08-28 23:45:35,119] {processor.py:613} INFO - Processing file /home/paolo/Documents/Github/case-study-1-october2020-data-sweepers/DataExtraction/ENV/lib/python3.8/site-packages/airflow/example_dags/tutorial_etl_dag.py for tasks to queue
[2021-08-28 23:45:35,146] {logging_mixin.py:109} INFO - [2021-08-28 23:45:35,146] {dagbag.py:496} INFO - Filling up the DagBag from /home/paolo/Documents/Github/case-study-1-october2020-data-sweepers/DataExtraction/ENV/lib/python3.8/site-packages/airflow/example_dags/tutorial_etl_dag.py
[2021-08-28 23:45:35,178] {processor.py:623} INFO - DAG(s) dict_keys(['tutorial_etl_dag']) retrieved from /home/paolo/Documents/Github/case-study-1-october2020-data-sweepers/DataExtraction/ENV/lib/python3.8/site-packages/airflow/example_dags/tutorial_etl_dag.py
[2021-08-28 23:45:35,244] {logging_mixin.py:109} INFO - [2021-08-28 23:45:35,244] {dag.py:1833} INFO - Sync 1 DAGs
[2021-08-28 23:45:35,273] {logging_mixin.py:109} INFO - [2021-08-28 23:45:35,272] {dag.py:2306} INFO - Setting next_dagrun for tutorial_etl_dag to None
[2021-08-28 23:45:35,325] {processor.py:170} INFO - Processing /home/paolo/Documents/Github/case-study-1-october2020-data-sweepers/DataExtraction/ENV/lib/python3.8/site-packages/airflow/example_dags/tutorial_etl_dag.py took 0.216 seconds
[2021-08-28 23:46:16,792] {processor.py:162} INFO - Started process (PID=14691) to work on /home/paolo/Documents/Github/case-study-1-october2020-data-sweepers/DataExtraction/ENV/lib/python3.8/site-packages/airflow/example_dags/tutorial_etl_dag.py
[2021-08-28 23:46:16,794] {processor.py:613} INFO - Processing file /home/paolo/Documents/Github/case-study-1-october2020-data-sweepers/DataExtraction/ENV/lib/python3.8/site-packages/airflow/example_dags/tutorial_etl_dag.py for tasks to queue
[2021-08-28 23:46:16,795] {logging_mixin.py:109} INFO - [2021-08-28 23:46:16,794] {dagbag.py:496} INFO - Filling up the DagBag from /home/paolo/Documents/Github/case-study-1-october2020-data-sweepers/DataExtraction/ENV/lib/python3.8/site-packages/airflow/example_dags/tutorial_etl_dag.py
[2021-08-28 23:46:16,819] {processor.py:623} INFO - DAG(s) dict_keys(['tutorial_etl_dag']) retrieved from /home/paolo/Documents/Github/case-study-1-october2020-data-sweepers/DataExtraction/ENV/lib/python3.8/site-packages/airflow/example_dags/tutorial_etl_dag.py
[2021-08-28 23:46:16,855] {logging_mixin.py:109} INFO - [2021-08-28 23:46:16,853] {dag.py:1833} INFO - Sync 1 DAGs
[2021-08-28 23:46:16,883] {logging_mixin.py:109} INFO - [2021-08-28 23:46:16,882] {dag.py:2306} INFO - Setting next_dagrun for tutorial_etl_dag to None
[2021-08-28 23:46:16,932] {processor.py:170} INFO - Processing /home/paolo/Documents/Github/case-study-1-october2020-data-sweepers/DataExtraction/ENV/lib/python3.8/site-packages/airflow/example_dags/tutorial_etl_dag.py took 0.149 seconds
[2021-08-28 23:46:55,478] {processor.py:162} INFO - Started process (PID=14771) to work on /home/paolo/Documents/Github/case-study-1-october2020-data-sweepers/DataExtraction/ENV/lib/python3.8/site-packages/airflow/example_dags/tutorial_etl_dag.py
[2021-08-28 23:46:55,480] {processor.py:613} INFO - Processing file /home/paolo/Documents/Github/case-study-1-october2020-data-sweepers/DataExtraction/ENV/lib/python3.8/site-packages/airflow/example_dags/tutorial_etl_dag.py for tasks to queue
[2021-08-28 23:46:55,481] {logging_mixin.py:109} INFO - [2021-08-28 23:46:55,480] {dagbag.py:496} INFO - Filling up the DagBag from /home/paolo/Documents/Github/case-study-1-october2020-data-sweepers/DataExtraction/ENV/lib/python3.8/site-packages/airflow/example_dags/tutorial_etl_dag.py
[2021-08-28 23:46:55,504] {processor.py:623} INFO - DAG(s) dict_keys(['tutorial_etl_dag']) retrieved from /home/paolo/Documents/Github/case-study-1-october2020-data-sweepers/DataExtraction/ENV/lib/python3.8/site-packages/airflow/example_dags/tutorial_etl_dag.py
[2021-08-28 23:46:55,532] {logging_mixin.py:109} INFO - [2021-08-28 23:46:55,532] {dag.py:1833} INFO - Sync 1 DAGs
[2021-08-28 23:46:55,556] {logging_mixin.py:109} INFO - [2021-08-28 23:46:55,556] {dag.py:2306} INFO - Setting next_dagrun for tutorial_etl_dag to None
[2021-08-28 23:46:55,596] {processor.py:170} INFO - Processing /home/paolo/Documents/Github/case-study-1-october2020-data-sweepers/DataExtraction/ENV/lib/python3.8/site-packages/airflow/example_dags/tutorial_etl_dag.py took 0.124 seconds
[2021-08-28 23:47:33,085] {processor.py:162} INFO - Started process (PID=14857) to work on /home/paolo/Documents/Github/case-study-1-october2020-data-sweepers/DataExtraction/ENV/lib/python3.8/site-packages/airflow/example_dags/tutorial_etl_dag.py
[2021-08-28 23:47:33,091] {processor.py:613} INFO - Processing file /home/paolo/Documents/Github/case-study-1-october2020-data-sweepers/DataExtraction/ENV/lib/python3.8/site-packages/airflow/example_dags/tutorial_etl_dag.py for tasks to queue
[2021-08-28 23:47:33,097] {logging_mixin.py:109} INFO - [2021-08-28 23:47:33,096] {dagbag.py:496} INFO - Filling up the DagBag from /home/paolo/Documents/Github/case-study-1-october2020-data-sweepers/DataExtraction/ENV/lib/python3.8/site-packages/airflow/example_dags/tutorial_etl_dag.py
[2021-08-28 23:47:33,129] {processor.py:623} INFO - DAG(s) dict_keys(['tutorial_etl_dag']) retrieved from /home/paolo/Documents/Github/case-study-1-october2020-data-sweepers/DataExtraction/ENV/lib/python3.8/site-packages/airflow/example_dags/tutorial_etl_dag.py
[2021-08-28 23:47:33,161] {logging_mixin.py:109} INFO - [2021-08-28 23:47:33,161] {dag.py:1833} INFO - Sync 1 DAGs
[2021-08-28 23:47:33,200] {logging_mixin.py:109} INFO - [2021-08-28 23:47:33,200] {dag.py:2306} INFO - Setting next_dagrun for tutorial_etl_dag to None
[2021-08-28 23:47:33,233] {processor.py:170} INFO - Processing /home/paolo/Documents/Github/case-study-1-october2020-data-sweepers/DataExtraction/ENV/lib/python3.8/site-packages/airflow/example_dags/tutorial_etl_dag.py took 0.153 seconds
[2021-08-28 23:48:13,389] {processor.py:162} INFO - Started process (PID=14923) to work on /home/paolo/Documents/Github/case-study-1-october2020-data-sweepers/DataExtraction/ENV/lib/python3.8/site-packages/airflow/example_dags/tutorial_etl_dag.py
[2021-08-28 23:48:13,393] {processor.py:613} INFO - Processing file /home/paolo/Documents/Github/case-study-1-october2020-data-sweepers/DataExtraction/ENV/lib/python3.8/site-packages/airflow/example_dags/tutorial_etl_dag.py for tasks to queue
[2021-08-28 23:48:13,394] {logging_mixin.py:109} INFO - [2021-08-28 23:48:13,394] {dagbag.py:496} INFO - Filling up the DagBag from /home/paolo/Documents/Github/case-study-1-october2020-data-sweepers/DataExtraction/ENV/lib/python3.8/site-packages/airflow/example_dags/tutorial_etl_dag.py
[2021-08-28 23:48:13,415] {processor.py:623} INFO - DAG(s) dict_keys(['tutorial_etl_dag']) retrieved from /home/paolo/Documents/Github/case-study-1-october2020-data-sweepers/DataExtraction/ENV/lib/python3.8/site-packages/airflow/example_dags/tutorial_etl_dag.py
[2021-08-28 23:48:13,437] {logging_mixin.py:109} INFO - [2021-08-28 23:48:13,437] {dag.py:1833} INFO - Sync 1 DAGs
[2021-08-28 23:48:13,467] {logging_mixin.py:109} INFO - [2021-08-28 23:48:13,464] {dag.py:2306} INFO - Setting next_dagrun for tutorial_etl_dag to None
[2021-08-28 23:48:13,506] {processor.py:170} INFO - Processing /home/paolo/Documents/Github/case-study-1-october2020-data-sweepers/DataExtraction/ENV/lib/python3.8/site-packages/airflow/example_dags/tutorial_etl_dag.py took 0.122 seconds
[2021-08-28 23:48:53,801] {processor.py:162} INFO - Started process (PID=14998) to work on /home/paolo/Documents/Github/case-study-1-october2020-data-sweepers/DataExtraction/ENV/lib/python3.8/site-packages/airflow/example_dags/tutorial_etl_dag.py
[2021-08-28 23:48:53,816] {processor.py:613} INFO - Processing file /home/paolo/Documents/Github/case-study-1-october2020-data-sweepers/DataExtraction/ENV/lib/python3.8/site-packages/airflow/example_dags/tutorial_etl_dag.py for tasks to queue
[2021-08-28 23:48:53,817] {logging_mixin.py:109} INFO - [2021-08-28 23:48:53,817] {dagbag.py:496} INFO - Filling up the DagBag from /home/paolo/Documents/Github/case-study-1-october2020-data-sweepers/DataExtraction/ENV/lib/python3.8/site-packages/airflow/example_dags/tutorial_etl_dag.py
[2021-08-28 23:48:53,849] {processor.py:623} INFO - DAG(s) dict_keys(['tutorial_etl_dag']) retrieved from /home/paolo/Documents/Github/case-study-1-october2020-data-sweepers/DataExtraction/ENV/lib/python3.8/site-packages/airflow/example_dags/tutorial_etl_dag.py
[2021-08-28 23:48:53,886] {logging_mixin.py:109} INFO - [2021-08-28 23:48:53,885] {dag.py:1833} INFO - Sync 1 DAGs
[2021-08-28 23:48:53,917] {logging_mixin.py:109} INFO - [2021-08-28 23:48:53,917] {dag.py:2306} INFO - Setting next_dagrun for tutorial_etl_dag to None
[2021-08-28 23:48:53,978] {processor.py:170} INFO - Processing /home/paolo/Documents/Github/case-study-1-october2020-data-sweepers/DataExtraction/ENV/lib/python3.8/site-packages/airflow/example_dags/tutorial_etl_dag.py took 0.207 seconds
[2021-08-28 23:49:29,625] {processor.py:162} INFO - Started process (PID=15106) to work on /home/paolo/Documents/Github/case-study-1-october2020-data-sweepers/DataExtraction/ENV/lib/python3.8/site-packages/airflow/example_dags/tutorial_etl_dag.py
[2021-08-28 23:49:29,627] {processor.py:613} INFO - Processing file /home/paolo/Documents/Github/case-study-1-october2020-data-sweepers/DataExtraction/ENV/lib/python3.8/site-packages/airflow/example_dags/tutorial_etl_dag.py for tasks to queue
[2021-08-28 23:49:29,628] {logging_mixin.py:109} INFO - [2021-08-28 23:49:29,628] {dagbag.py:496} INFO - Filling up the DagBag from /home/paolo/Documents/Github/case-study-1-october2020-data-sweepers/DataExtraction/ENV/lib/python3.8/site-packages/airflow/example_dags/tutorial_etl_dag.py
[2021-08-28 23:49:29,644] {processor.py:623} INFO - DAG(s) dict_keys(['tutorial_etl_dag']) retrieved from /home/paolo/Documents/Github/case-study-1-october2020-data-sweepers/DataExtraction/ENV/lib/python3.8/site-packages/airflow/example_dags/tutorial_etl_dag.py
[2021-08-28 23:49:29,664] {logging_mixin.py:109} INFO - [2021-08-28 23:49:29,664] {dag.py:1833} INFO - Sync 1 DAGs
[2021-08-28 23:49:29,678] {logging_mixin.py:109} INFO - [2021-08-28 23:49:29,678] {dag.py:2306} INFO - Setting next_dagrun for tutorial_etl_dag to None
[2021-08-28 23:49:29,704] {processor.py:170} INFO - Processing /home/paolo/Documents/Github/case-study-1-october2020-data-sweepers/DataExtraction/ENV/lib/python3.8/site-packages/airflow/example_dags/tutorial_etl_dag.py took 0.088 seconds
[2021-08-28 23:50:06,401] {processor.py:162} INFO - Started process (PID=15184) to work on /home/paolo/Documents/Github/case-study-1-october2020-data-sweepers/DataExtraction/ENV/lib/python3.8/site-packages/airflow/example_dags/tutorial_etl_dag.py
[2021-08-28 23:50:06,402] {processor.py:613} INFO - Processing file /home/paolo/Documents/Github/case-study-1-october2020-data-sweepers/DataExtraction/ENV/lib/python3.8/site-packages/airflow/example_dags/tutorial_etl_dag.py for tasks to queue
[2021-08-28 23:50:06,404] {logging_mixin.py:109} INFO - [2021-08-28 23:50:06,404] {dagbag.py:496} INFO - Filling up the DagBag from /home/paolo/Documents/Github/case-study-1-october2020-data-sweepers/DataExtraction/ENV/lib/python3.8/site-packages/airflow/example_dags/tutorial_etl_dag.py
[2021-08-28 23:50:06,427] {processor.py:623} INFO - DAG(s) dict_keys(['tutorial_etl_dag']) retrieved from /home/paolo/Documents/Github/case-study-1-october2020-data-sweepers/DataExtraction/ENV/lib/python3.8/site-packages/airflow/example_dags/tutorial_etl_dag.py
[2021-08-28 23:50:06,450] {logging_mixin.py:109} INFO - [2021-08-28 23:50:06,450] {dag.py:1833} INFO - Sync 1 DAGs
[2021-08-28 23:50:06,468] {logging_mixin.py:109} INFO - [2021-08-28 23:50:06,468] {dag.py:2306} INFO - Setting next_dagrun for tutorial_etl_dag to None
[2021-08-28 23:50:06,501] {processor.py:170} INFO - Processing /home/paolo/Documents/Github/case-study-1-october2020-data-sweepers/DataExtraction/ENV/lib/python3.8/site-packages/airflow/example_dags/tutorial_etl_dag.py took 0.104 seconds
[2021-08-28 23:50:40,314] {processor.py:162} INFO - Started process (PID=15256) to work on /home/paolo/Documents/Github/case-study-1-october2020-data-sweepers/DataExtraction/ENV/lib/python3.8/site-packages/airflow/example_dags/tutorial_etl_dag.py
[2021-08-28 23:50:40,315] {processor.py:613} INFO - Processing file /home/paolo/Documents/Github/case-study-1-october2020-data-sweepers/DataExtraction/ENV/lib/python3.8/site-packages/airflow/example_dags/tutorial_etl_dag.py for tasks to queue
[2021-08-28 23:50:40,316] {logging_mixin.py:109} INFO - [2021-08-28 23:50:40,316] {dagbag.py:496} INFO - Filling up the DagBag from /home/paolo/Documents/Github/case-study-1-october2020-data-sweepers/DataExtraction/ENV/lib/python3.8/site-packages/airflow/example_dags/tutorial_etl_dag.py
[2021-08-28 23:50:40,332] {processor.py:623} INFO - DAG(s) dict_keys(['tutorial_etl_dag']) retrieved from /home/paolo/Documents/Github/case-study-1-october2020-data-sweepers/DataExtraction/ENV/lib/python3.8/site-packages/airflow/example_dags/tutorial_etl_dag.py
[2021-08-28 23:50:40,349] {logging_mixin.py:109} INFO - [2021-08-28 23:50:40,348] {dag.py:1833} INFO - Sync 1 DAGs
[2021-08-28 23:50:40,370] {logging_mixin.py:109} INFO - [2021-08-28 23:50:40,370] {dag.py:2306} INFO - Setting next_dagrun for tutorial_etl_dag to None
[2021-08-28 23:50:40,396] {processor.py:170} INFO - Processing /home/paolo/Documents/Github/case-study-1-october2020-data-sweepers/DataExtraction/ENV/lib/python3.8/site-packages/airflow/example_dags/tutorial_etl_dag.py took 0.085 seconds
[2021-08-28 23:51:15,965] {processor.py:162} INFO - Started process (PID=15320) to work on /home/paolo/Documents/Github/case-study-1-october2020-data-sweepers/DataExtraction/ENV/lib/python3.8/site-packages/airflow/example_dags/tutorial_etl_dag.py
[2021-08-28 23:51:15,970] {processor.py:613} INFO - Processing file /home/paolo/Documents/Github/case-study-1-october2020-data-sweepers/DataExtraction/ENV/lib/python3.8/site-packages/airflow/example_dags/tutorial_etl_dag.py for tasks to queue
[2021-08-28 23:51:15,971] {logging_mixin.py:109} INFO - [2021-08-28 23:51:15,970] {dagbag.py:496} INFO - Filling up the DagBag from /home/paolo/Documents/Github/case-study-1-october2020-data-sweepers/DataExtraction/ENV/lib/python3.8/site-packages/airflow/example_dags/tutorial_etl_dag.py
[2021-08-28 23:51:15,986] {processor.py:623} INFO - DAG(s) dict_keys(['tutorial_etl_dag']) retrieved from /home/paolo/Documents/Github/case-study-1-october2020-data-sweepers/DataExtraction/ENV/lib/python3.8/site-packages/airflow/example_dags/tutorial_etl_dag.py
[2021-08-28 23:51:16,005] {logging_mixin.py:109} INFO - [2021-08-28 23:51:16,005] {dag.py:1833} INFO - Sync 1 DAGs
[2021-08-28 23:51:16,022] {logging_mixin.py:109} INFO - [2021-08-28 23:51:16,022] {dag.py:2306} INFO - Setting next_dagrun for tutorial_etl_dag to None
[2021-08-28 23:51:16,049] {processor.py:170} INFO - Processing /home/paolo/Documents/Github/case-study-1-october2020-data-sweepers/DataExtraction/ENV/lib/python3.8/site-packages/airflow/example_dags/tutorial_etl_dag.py took 0.088 seconds
[2021-08-28 23:51:49,881] {processor.py:162} INFO - Started process (PID=15422) to work on /home/paolo/Documents/Github/case-study-1-october2020-data-sweepers/DataExtraction/ENV/lib/python3.8/site-packages/airflow/example_dags/tutorial_etl_dag.py
[2021-08-28 23:51:49,882] {processor.py:613} INFO - Processing file /home/paolo/Documents/Github/case-study-1-october2020-data-sweepers/DataExtraction/ENV/lib/python3.8/site-packages/airflow/example_dags/tutorial_etl_dag.py for tasks to queue
[2021-08-28 23:51:49,883] {logging_mixin.py:109} INFO - [2021-08-28 23:51:49,883] {dagbag.py:496} INFO - Filling up the DagBag from /home/paolo/Documents/Github/case-study-1-october2020-data-sweepers/DataExtraction/ENV/lib/python3.8/site-packages/airflow/example_dags/tutorial_etl_dag.py
[2021-08-28 23:51:49,895] {processor.py:623} INFO - DAG(s) dict_keys(['tutorial_etl_dag']) retrieved from /home/paolo/Documents/Github/case-study-1-october2020-data-sweepers/DataExtraction/ENV/lib/python3.8/site-packages/airflow/example_dags/tutorial_etl_dag.py
[2021-08-28 23:51:49,909] {logging_mixin.py:109} INFO - [2021-08-28 23:51:49,909] {dag.py:1833} INFO - Sync 1 DAGs
[2021-08-28 23:51:49,919] {logging_mixin.py:109} INFO - [2021-08-28 23:51:49,919] {dag.py:2306} INFO - Setting next_dagrun for tutorial_etl_dag to None
[2021-08-28 23:51:49,937] {processor.py:170} INFO - Processing /home/paolo/Documents/Github/case-study-1-october2020-data-sweepers/DataExtraction/ENV/lib/python3.8/site-packages/airflow/example_dags/tutorial_etl_dag.py took 0.059 seconds
[2021-08-28 23:52:23,370] {processor.py:162} INFO - Started process (PID=15543) to work on /home/paolo/Documents/Github/case-study-1-october2020-data-sweepers/DataExtraction/ENV/lib/python3.8/site-packages/airflow/example_dags/tutorial_etl_dag.py
[2021-08-28 23:52:23,371] {processor.py:613} INFO - Processing file /home/paolo/Documents/Github/case-study-1-october2020-data-sweepers/DataExtraction/ENV/lib/python3.8/site-packages/airflow/example_dags/tutorial_etl_dag.py for tasks to queue
[2021-08-28 23:52:23,372] {logging_mixin.py:109} INFO - [2021-08-28 23:52:23,372] {dagbag.py:496} INFO - Filling up the DagBag from /home/paolo/Documents/Github/case-study-1-october2020-data-sweepers/DataExtraction/ENV/lib/python3.8/site-packages/airflow/example_dags/tutorial_etl_dag.py
[2021-08-28 23:52:23,382] {processor.py:623} INFO - DAG(s) dict_keys(['tutorial_etl_dag']) retrieved from /home/paolo/Documents/Github/case-study-1-october2020-data-sweepers/DataExtraction/ENV/lib/python3.8/site-packages/airflow/example_dags/tutorial_etl_dag.py
[2021-08-28 23:52:23,395] {logging_mixin.py:109} INFO - [2021-08-28 23:52:23,394] {dag.py:1833} INFO - Sync 1 DAGs
[2021-08-28 23:52:23,407] {logging_mixin.py:109} INFO - [2021-08-28 23:52:23,407] {dag.py:2306} INFO - Setting next_dagrun for tutorial_etl_dag to None
[2021-08-28 23:52:23,425] {processor.py:170} INFO - Processing /home/paolo/Documents/Github/case-study-1-october2020-data-sweepers/DataExtraction/ENV/lib/python3.8/site-packages/airflow/example_dags/tutorial_etl_dag.py took 0.058 seconds
[2021-08-28 23:52:55,663] {processor.py:162} INFO - Started process (PID=15608) to work on /home/paolo/Documents/Github/case-study-1-october2020-data-sweepers/DataExtraction/ENV/lib/python3.8/site-packages/airflow/example_dags/tutorial_etl_dag.py
[2021-08-28 23:52:55,665] {processor.py:613} INFO - Processing file /home/paolo/Documents/Github/case-study-1-october2020-data-sweepers/DataExtraction/ENV/lib/python3.8/site-packages/airflow/example_dags/tutorial_etl_dag.py for tasks to queue
[2021-08-28 23:52:55,666] {logging_mixin.py:109} INFO - [2021-08-28 23:52:55,665] {dagbag.py:496} INFO - Filling up the DagBag from /home/paolo/Documents/Github/case-study-1-october2020-data-sweepers/DataExtraction/ENV/lib/python3.8/site-packages/airflow/example_dags/tutorial_etl_dag.py
[2021-08-28 23:52:55,684] {processor.py:623} INFO - DAG(s) dict_keys(['tutorial_etl_dag']) retrieved from /home/paolo/Documents/Github/case-study-1-october2020-data-sweepers/DataExtraction/ENV/lib/python3.8/site-packages/airflow/example_dags/tutorial_etl_dag.py
[2021-08-28 23:52:55,697] {logging_mixin.py:109} INFO - [2021-08-28 23:52:55,697] {dag.py:1833} INFO - Sync 1 DAGs
[2021-08-28 23:52:55,706] {logging_mixin.py:109} INFO - [2021-08-28 23:52:55,706] {dag.py:2306} INFO - Setting next_dagrun for tutorial_etl_dag to None
[2021-08-28 23:52:55,720] {processor.py:170} INFO - Processing /home/paolo/Documents/Github/case-study-1-october2020-data-sweepers/DataExtraction/ENV/lib/python3.8/site-packages/airflow/example_dags/tutorial_etl_dag.py took 0.062 seconds
[2021-08-28 23:53:26,905] {processor.py:162} INFO - Started process (PID=15681) to work on /home/paolo/Documents/Github/case-study-1-october2020-data-sweepers/DataExtraction/ENV/lib/python3.8/site-packages/airflow/example_dags/tutorial_etl_dag.py
[2021-08-28 23:53:26,906] {processor.py:613} INFO - Processing file /home/paolo/Documents/Github/case-study-1-october2020-data-sweepers/DataExtraction/ENV/lib/python3.8/site-packages/airflow/example_dags/tutorial_etl_dag.py for tasks to queue
[2021-08-28 23:53:26,906] {logging_mixin.py:109} INFO - [2021-08-28 23:53:26,906] {dagbag.py:496} INFO - Filling up the DagBag from /home/paolo/Documents/Github/case-study-1-october2020-data-sweepers/DataExtraction/ENV/lib/python3.8/site-packages/airflow/example_dags/tutorial_etl_dag.py
[2021-08-28 23:53:26,916] {processor.py:623} INFO - DAG(s) dict_keys(['tutorial_etl_dag']) retrieved from /home/paolo/Documents/Github/case-study-1-october2020-data-sweepers/DataExtraction/ENV/lib/python3.8/site-packages/airflow/example_dags/tutorial_etl_dag.py
[2021-08-28 23:53:26,931] {logging_mixin.py:109} INFO - [2021-08-28 23:53:26,931] {dag.py:1833} INFO - Sync 1 DAGs
[2021-08-28 23:53:26,942] {logging_mixin.py:109} INFO - [2021-08-28 23:53:26,942] {dag.py:2306} INFO - Setting next_dagrun for tutorial_etl_dag to None
[2021-08-28 23:53:26,953] {processor.py:170} INFO - Processing /home/paolo/Documents/Github/case-study-1-october2020-data-sweepers/DataExtraction/ENV/lib/python3.8/site-packages/airflow/example_dags/tutorial_etl_dag.py took 0.051 seconds
[2021-08-28 23:55:49,339] {processor.py:162} INFO - Started process (PID=16190) to work on /home/paolo/Documents/Github/case-study-1-october2020-data-sweepers/DataExtraction/ENV/lib/python3.8/site-packages/airflow/example_dags/tutorial_etl_dag.py
[2021-08-28 23:55:49,341] {processor.py:613} INFO - Processing file /home/paolo/Documents/Github/case-study-1-october2020-data-sweepers/DataExtraction/ENV/lib/python3.8/site-packages/airflow/example_dags/tutorial_etl_dag.py for tasks to queue
[2021-08-28 23:55:49,341] {logging_mixin.py:109} INFO - [2021-08-28 23:55:49,341] {dagbag.py:496} INFO - Filling up the DagBag from /home/paolo/Documents/Github/case-study-1-october2020-data-sweepers/DataExtraction/ENV/lib/python3.8/site-packages/airflow/example_dags/tutorial_etl_dag.py
[2021-08-28 23:55:49,352] {processor.py:623} INFO - DAG(s) dict_keys(['tutorial_etl_dag']) retrieved from /home/paolo/Documents/Github/case-study-1-october2020-data-sweepers/DataExtraction/ENV/lib/python3.8/site-packages/airflow/example_dags/tutorial_etl_dag.py
[2021-08-28 23:55:49,364] {logging_mixin.py:109} INFO - [2021-08-28 23:55:49,364] {dag.py:1833} INFO - Sync 1 DAGs
[2021-08-28 23:55:49,375] {logging_mixin.py:109} INFO - [2021-08-28 23:55:49,375] {dag.py:2306} INFO - Setting next_dagrun for tutorial_etl_dag to None
[2021-08-28 23:55:49,392] {processor.py:170} INFO - Processing /home/paolo/Documents/Github/case-study-1-october2020-data-sweepers/DataExtraction/ENV/lib/python3.8/site-packages/airflow/example_dags/tutorial_etl_dag.py took 0.055 seconds
[2021-08-28 23:56:28,144] {processor.py:162} INFO - Started process (PID=16503) to work on /home/paolo/Documents/Github/case-study-1-october2020-data-sweepers/DataExtraction/ENV/lib/python3.8/site-packages/airflow/example_dags/tutorial_etl_dag.py
[2021-08-28 23:56:28,145] {processor.py:613} INFO - Processing file /home/paolo/Documents/Github/case-study-1-october2020-data-sweepers/DataExtraction/ENV/lib/python3.8/site-packages/airflow/example_dags/tutorial_etl_dag.py for tasks to queue
[2021-08-28 23:56:28,145] {logging_mixin.py:109} INFO - [2021-08-28 23:56:28,145] {dagbag.py:496} INFO - Filling up the DagBag from /home/paolo/Documents/Github/case-study-1-october2020-data-sweepers/DataExtraction/ENV/lib/python3.8/site-packages/airflow/example_dags/tutorial_etl_dag.py
[2021-08-28 23:56:28,156] {processor.py:623} INFO - DAG(s) dict_keys(['tutorial_etl_dag']) retrieved from /home/paolo/Documents/Github/case-study-1-october2020-data-sweepers/DataExtraction/ENV/lib/python3.8/site-packages/airflow/example_dags/tutorial_etl_dag.py
[2021-08-28 23:56:28,168] {logging_mixin.py:109} INFO - [2021-08-28 23:56:28,168] {dag.py:1833} INFO - Sync 1 DAGs
[2021-08-28 23:56:28,181] {logging_mixin.py:109} INFO - [2021-08-28 23:56:28,180] {dag.py:2306} INFO - Setting next_dagrun for tutorial_etl_dag to None
[2021-08-28 23:56:28,199] {processor.py:170} INFO - Processing /home/paolo/Documents/Github/case-study-1-october2020-data-sweepers/DataExtraction/ENV/lib/python3.8/site-packages/airflow/example_dags/tutorial_etl_dag.py took 0.058 seconds
[2021-08-28 23:57:07,620] {processor.py:162} INFO - Started process (PID=16797) to work on /home/paolo/Documents/Github/case-study-1-october2020-data-sweepers/DataExtraction/ENV/lib/python3.8/site-packages/airflow/example_dags/tutorial_etl_dag.py
[2021-08-28 23:57:07,621] {processor.py:613} INFO - Processing file /home/paolo/Documents/Github/case-study-1-october2020-data-sweepers/DataExtraction/ENV/lib/python3.8/site-packages/airflow/example_dags/tutorial_etl_dag.py for tasks to queue
[2021-08-28 23:57:07,621] {logging_mixin.py:109} INFO - [2021-08-28 23:57:07,621] {dagbag.py:496} INFO - Filling up the DagBag from /home/paolo/Documents/Github/case-study-1-october2020-data-sweepers/DataExtraction/ENV/lib/python3.8/site-packages/airflow/example_dags/tutorial_etl_dag.py
[2021-08-28 23:57:07,633] {processor.py:623} INFO - DAG(s) dict_keys(['tutorial_etl_dag']) retrieved from /home/paolo/Documents/Github/case-study-1-october2020-data-sweepers/DataExtraction/ENV/lib/python3.8/site-packages/airflow/example_dags/tutorial_etl_dag.py
[2021-08-28 23:57:07,648] {logging_mixin.py:109} INFO - [2021-08-28 23:57:07,648] {dag.py:1833} INFO - Sync 1 DAGs
[2021-08-28 23:57:07,662] {logging_mixin.py:109} INFO - [2021-08-28 23:57:07,662] {dag.py:2306} INFO - Setting next_dagrun for tutorial_etl_dag to None
[2021-08-28 23:57:07,679] {processor.py:170} INFO - Processing /home/paolo/Documents/Github/case-study-1-october2020-data-sweepers/DataExtraction/ENV/lib/python3.8/site-packages/airflow/example_dags/tutorial_etl_dag.py took 0.061 seconds
[2021-08-28 23:57:46,205] {processor.py:162} INFO - Started process (PID=17112) to work on /home/paolo/Documents/Github/case-study-1-october2020-data-sweepers/DataExtraction/ENV/lib/python3.8/site-packages/airflow/example_dags/tutorial_etl_dag.py
[2021-08-28 23:57:46,206] {processor.py:613} INFO - Processing file /home/paolo/Documents/Github/case-study-1-october2020-data-sweepers/DataExtraction/ENV/lib/python3.8/site-packages/airflow/example_dags/tutorial_etl_dag.py for tasks to queue
[2021-08-28 23:57:46,208] {logging_mixin.py:109} INFO - [2021-08-28 23:57:46,208] {dagbag.py:496} INFO - Filling up the DagBag from /home/paolo/Documents/Github/case-study-1-october2020-data-sweepers/DataExtraction/ENV/lib/python3.8/site-packages/airflow/example_dags/tutorial_etl_dag.py
[2021-08-28 23:57:46,223] {processor.py:623} INFO - DAG(s) dict_keys(['tutorial_etl_dag']) retrieved from /home/paolo/Documents/Github/case-study-1-october2020-data-sweepers/DataExtraction/ENV/lib/python3.8/site-packages/airflow/example_dags/tutorial_etl_dag.py
[2021-08-28 23:57:46,238] {logging_mixin.py:109} INFO - [2021-08-28 23:57:46,238] {dag.py:1833} INFO - Sync 1 DAGs
[2021-08-28 23:57:46,250] {logging_mixin.py:109} INFO - [2021-08-28 23:57:46,250] {dag.py:2306} INFO - Setting next_dagrun for tutorial_etl_dag to None
[2021-08-28 23:57:46,273] {processor.py:170} INFO - Processing /home/paolo/Documents/Github/case-study-1-october2020-data-sweepers/DataExtraction/ENV/lib/python3.8/site-packages/airflow/example_dags/tutorial_etl_dag.py took 0.072 seconds
[2021-08-28 23:58:21,469] {processor.py:162} INFO - Started process (PID=17431) to work on /home/paolo/Documents/Github/case-study-1-october2020-data-sweepers/DataExtraction/ENV/lib/python3.8/site-packages/airflow/example_dags/tutorial_etl_dag.py
[2021-08-28 23:58:21,470] {processor.py:613} INFO - Processing file /home/paolo/Documents/Github/case-study-1-october2020-data-sweepers/DataExtraction/ENV/lib/python3.8/site-packages/airflow/example_dags/tutorial_etl_dag.py for tasks to queue
[2021-08-28 23:58:21,470] {logging_mixin.py:109} INFO - [2021-08-28 23:58:21,470] {dagbag.py:496} INFO - Filling up the DagBag from /home/paolo/Documents/Github/case-study-1-october2020-data-sweepers/DataExtraction/ENV/lib/python3.8/site-packages/airflow/example_dags/tutorial_etl_dag.py
[2021-08-28 23:58:21,480] {processor.py:623} INFO - DAG(s) dict_keys(['tutorial_etl_dag']) retrieved from /home/paolo/Documents/Github/case-study-1-october2020-data-sweepers/DataExtraction/ENV/lib/python3.8/site-packages/airflow/example_dags/tutorial_etl_dag.py
[2021-08-28 23:58:21,493] {logging_mixin.py:109} INFO - [2021-08-28 23:58:21,493] {dag.py:1833} INFO - Sync 1 DAGs
[2021-08-28 23:58:21,503] {logging_mixin.py:109} INFO - [2021-08-28 23:58:21,503] {dag.py:2306} INFO - Setting next_dagrun for tutorial_etl_dag to None
[2021-08-28 23:58:21,519] {processor.py:170} INFO - Processing /home/paolo/Documents/Github/case-study-1-october2020-data-sweepers/DataExtraction/ENV/lib/python3.8/site-packages/airflow/example_dags/tutorial_etl_dag.py took 0.052 seconds
