[2021-08-29 00:00:14,394] {taskinstance.py:903} INFO - Dependencies all met for <TaskInstance: workflow.print_date 2021-08-26T00:00:00+00:00 [queued]>
[2021-08-29 00:00:14,407] {taskinstance.py:903} INFO - Dependencies all met for <TaskInstance: workflow.print_date 2021-08-26T00:00:00+00:00 [queued]>
[2021-08-29 00:00:14,407] {taskinstance.py:1094} INFO - 
--------------------------------------------------------------------------------
[2021-08-29 00:00:14,407] {taskinstance.py:1095} INFO - Starting attempt 1 of 6
[2021-08-29 00:00:14,408] {taskinstance.py:1096} INFO - 
--------------------------------------------------------------------------------
[2021-08-29 00:00:14,421] {taskinstance.py:1114} INFO - Executing <Task(BashOperator): print_date> on 2021-08-26T00:00:00+00:00
[2021-08-29 00:00:14,424] {standard_task_runner.py:52} INFO - Started process 18343 to run task
[2021-08-29 00:00:14,430] {standard_task_runner.py:76} INFO - Running: ['airflow', 'tasks', 'run', 'workflow', 'print_date', '2021-08-26T00:00:00+00:00', '--job-id', '4', '--pool', 'default_pool', '--raw', '--subdir', '/home/paolo/Documents/Github/case-study-1-october2020-data-sweepers/DataProcessing/dags/workflow.py', '--cfg-path', '/tmp/tmpw6v_j1n5', '--error-file', '/tmp/tmp5x_n8_09']
[2021-08-29 00:00:14,431] {standard_task_runner.py:77} INFO - Job 4: Subtask print_date
[2021-08-29 00:00:14,469] {logging_mixin.py:109} INFO - Running <TaskInstance: workflow.print_date 2021-08-26T00:00:00+00:00 [running]> on host palolo
[2021-08-29 00:00:14,521] {taskinstance.py:1251} INFO - Exporting the following env vars:
AIRFLOW_CTX_DAG_EMAIL=airflow@example.com
AIRFLOW_CTX_DAG_OWNER=airflow
AIRFLOW_CTX_DAG_ID=workflow
AIRFLOW_CTX_TASK_ID=print_date
AIRFLOW_CTX_EXECUTION_DATE=2021-08-26T00:00:00+00:00
AIRFLOW_CTX_DAG_RUN_ID=scheduled__2021-08-26T00:00:00+00:00
[2021-08-29 00:00:14,522] {subprocess.py:52} INFO - Tmp dir root location: 
 /tmp
[2021-08-29 00:00:14,522] {subprocess.py:63} INFO - Running command: ['bash', '-c', 'date']
[2021-08-29 00:00:14,531] {subprocess.py:74} INFO - Output:
[2021-08-29 00:00:14,536] {subprocess.py:78} INFO - So 29. Aug 00:00:14 CEST 2021
[2021-08-29 00:00:14,536] {subprocess.py:82} INFO - Command exited with return code 0
[2021-08-29 00:00:14,559] {taskinstance.py:1211} INFO - Marking task as SUCCESS. dag_id=workflow, task_id=print_date, execution_date=20210826T000000, start_date=20210828T220014, end_date=20210828T220014
[2021-08-29 00:00:14,603] {local_task_job.py:151} INFO - Task exited with return code 0
[2021-08-29 00:00:14,646] {local_task_job.py:261} INFO - 2 downstream tasks scheduled from follow-on schedule check
