[2021-08-29 00:00:28,437] {taskinstance.py:903} INFO - Dependencies all met for <TaskInstance: workflow.templated 2021-08-26T00:00:00+00:00 [queued]>
[2021-08-29 00:00:28,444] {taskinstance.py:903} INFO - Dependencies all met for <TaskInstance: workflow.templated 2021-08-26T00:00:00+00:00 [queued]>
[2021-08-29 00:00:28,445] {taskinstance.py:1094} INFO - 
--------------------------------------------------------------------------------
[2021-08-29 00:00:28,445] {taskinstance.py:1095} INFO - Starting attempt 1 of 6
[2021-08-29 00:00:28,445] {taskinstance.py:1096} INFO - 
--------------------------------------------------------------------------------
[2021-08-29 00:00:28,456] {taskinstance.py:1114} INFO - Executing <Task(BashOperator): templated> on 2021-08-26T00:00:00+00:00
[2021-08-29 00:00:28,459] {standard_task_runner.py:52} INFO - Started process 18626 to run task
[2021-08-29 00:00:28,464] {standard_task_runner.py:76} INFO - Running: ['airflow', 'tasks', 'run', 'workflow', 'templated', '2021-08-26T00:00:00+00:00', '--job-id', '8', '--pool', 'default_pool', '--raw', '--subdir', '/home/paolo/Documents/Github/case-study-1-october2020-data-sweepers/DataProcessing/dags/workflow.py', '--cfg-path', '/tmp/tmpujh9nq1u', '--error-file', '/tmp/tmph423_a0k']
[2021-08-29 00:00:28,465] {standard_task_runner.py:77} INFO - Job 8: Subtask templated
[2021-08-29 00:00:28,493] {logging_mixin.py:109} INFO - Running <TaskInstance: workflow.templated 2021-08-26T00:00:00+00:00 [running]> on host palolo
[2021-08-29 00:00:28,538] {taskinstance.py:1251} INFO - Exporting the following env vars:
AIRFLOW_CTX_DAG_EMAIL=airflow@example.com
AIRFLOW_CTX_DAG_OWNER=airflow
AIRFLOW_CTX_DAG_ID=workflow
AIRFLOW_CTX_TASK_ID=templated
AIRFLOW_CTX_EXECUTION_DATE=2021-08-26T00:00:00+00:00
AIRFLOW_CTX_DAG_RUN_ID=scheduled__2021-08-26T00:00:00+00:00
[2021-08-29 00:00:28,539] {subprocess.py:52} INFO - Tmp dir root location: 
 /tmp
[2021-08-29 00:00:28,539] {subprocess.py:63} INFO - Running command: ['bash', '-c', '\n\n    echo "2021-08-26"\n    echo "2021-09-02"\n    echo "Parameter I passed in"\n\n    echo "2021-08-26"\n    echo "2021-09-02"\n    echo "Parameter I passed in"\n\n    echo "2021-08-26"\n    echo "2021-09-02"\n    echo "Parameter I passed in"\n\n    echo "2021-08-26"\n    echo "2021-09-02"\n    echo "Parameter I passed in"\n\n    echo "2021-08-26"\n    echo "2021-09-02"\n    echo "Parameter I passed in"\n']
[2021-08-29 00:00:28,547] {subprocess.py:74} INFO - Output:
[2021-08-29 00:00:28,548] {subprocess.py:78} INFO - 2021-08-26
[2021-08-29 00:00:28,548] {subprocess.py:78} INFO - 2021-09-02
[2021-08-29 00:00:28,548] {subprocess.py:78} INFO - Parameter I passed in
[2021-08-29 00:00:28,548] {subprocess.py:78} INFO - 2021-08-26
[2021-08-29 00:00:28,548] {subprocess.py:78} INFO - 2021-09-02
[2021-08-29 00:00:28,548] {subprocess.py:78} INFO - Parameter I passed in
[2021-08-29 00:00:28,548] {subprocess.py:78} INFO - 2021-08-26
[2021-08-29 00:00:28,548] {subprocess.py:78} INFO - 2021-09-02
[2021-08-29 00:00:28,548] {subprocess.py:78} INFO - Parameter I passed in
[2021-08-29 00:00:28,548] {subprocess.py:78} INFO - 2021-08-26
[2021-08-29 00:00:28,548] {subprocess.py:78} INFO - 2021-09-02
[2021-08-29 00:00:28,548] {subprocess.py:78} INFO - Parameter I passed in
[2021-08-29 00:00:28,549] {subprocess.py:78} INFO - 2021-08-26
[2021-08-29 00:00:28,549] {subprocess.py:78} INFO - 2021-09-02
[2021-08-29 00:00:28,549] {subprocess.py:78} INFO - Parameter I passed in
[2021-08-29 00:00:28,549] {subprocess.py:82} INFO - Command exited with return code 0
[2021-08-29 00:00:28,569] {taskinstance.py:1211} INFO - Marking task as SUCCESS. dag_id=workflow, task_id=templated, execution_date=20210826T000000, start_date=20210828T220028, end_date=20210828T220028
[2021-08-29 00:00:28,595] {local_task_job.py:151} INFO - Task exited with return code 0
[2021-08-29 00:00:28,607] {local_task_job.py:261} INFO - 0 downstream tasks scheduled from follow-on schedule check
